<?xml version="1.0" encoding="UTF-8"?>
<testsuite name="com.uco.TrafficAgent.domain.dto.DtoUserSummaryTest" tests="1" skipped="0" failures="0" errors="0" timestamp="2023-04-30T21:04:38" hostname="DESKTOP-LLM13DE" time="0.002">
  <properties/>
  <testcase name="validateCreationSuccessful()" classname="com.uco.TrafficAgent.domain.dto.DtoUserSummaryTest" time="0.002"/>
  <system-out><![CDATA[]]></system-out>
  <system-err><![CDATA[]]></system-err>
</testsuite>
