<?xml version="1.0" encoding="UTF-8"?>
<testsuite name="com.uco.TrafficAgent.domain.service.contact.ServiceFindListContactByProximityTest" tests="2" skipped="0" failures="0" errors="0" timestamp="2023-05-21T15:11:24" hostname="DESKTOP-7IOCUQU" time="15.281">
  <properties/>
  <testcase name="noFindContact()" classname="com.uco.TrafficAgent.domain.service.contact.ServiceFindListContactByProximityTest" time="15.274"/>
  <testcase name="findContactSuccessful()" classname="com.uco.TrafficAgent.domain.service.contact.ServiceFindListContactByProximityTest" time="0.006"/>
  <system-out><![CDATA[]]></system-out>
  <system-err><![CDATA[]]></system-err>
</testsuite>
