<?xml version="1.0" encoding="UTF-8"?>
<testsuite name="com.uco.TrafficAgent.domain.service.user.ServiceDeleteUserTest" tests="2" skipped="0" failures="0" errors="0" timestamp="2023-04-30T20:17:50" hostname="DESKTOP-LLM13DE" time="0.067">
  <properties/>
  <testcase name="deleteUserSuccessful()" classname="com.uco.TrafficAgent.domain.service.user.ServiceDeleteUserTest" time="0.064"/>
  <testcase name="deleteUserNoSuccessful()" classname="com.uco.TrafficAgent.domain.service.user.ServiceDeleteUserTest" time="0.002"/>
  <system-out><![CDATA[]]></system-out>
  <system-err><![CDATA[]]></system-err>
</testsuite>
