<?xml version="1.0" encoding="UTF-8"?>
<testsuite name="com.uco.TrafficAgent.infrastructure.controller.contact.comand.ComandContactTest" tests="2" skipped="0" failures="0" errors="0" timestamp="2023-06-02T15:41:56" hostname="SANTIAGOP-CARDE" time="2.105">
  <properties/>
  <testcase name="noCreateContactBecauseItWasAlreadyCreatedWhitSameNumberPhone()" classname="com.uco.TrafficAgent.infrastructure.controller.contact.comand.ComandContactTest" time="0.75"/>
  <testcase name="createContactSuccessful()" classname="com.uco.TrafficAgent.infrastructure.controller.contact.comand.ComandContactTest" time="0.078"/>
  <system-out><![CDATA[10:41:50.135 [Test worker] DEBUG org.springframework.test.context.BootstrapUtils - Instantiating CacheAwareContextLoaderDelegate from class [org.springframework.test.context.cache.DefaultCacheAwareContextLoaderDelegate]
10:41:50.145 [Test worker] DEBUG org.springframework.test.context.BootstrapUtils - Instantiating BootstrapContext using constructor [public org.springframework.test.context.support.DefaultBootstrapContext(java.lang.Class,org.springframework.test.context.CacheAwareContextLoaderDelegate)]
10:41:50.189 [Test worker] DEBUG org.springframework.test.context.BootstrapUtils - Instantiating TestContextBootstrapper for test class [com.uco.TrafficAgent.infrastructure.controller.contact.comand.ComandContactTest] from class [org.springframework.boot.test.context.SpringBootTestContextBootstrapper]
10:41:50.206 [Test worker] DEBUG org.springframework.test.context.support.AbstractContextLoader - Did not detect default resource location for test class [com.uco.TrafficAgent.infrastructure.controller.contact.comand.ComandContactTest]: class path resource [com/uco/TrafficAgent/infrastructure/controller/contact/comand/ComandContactTest-context.xml] does not exist
10:41:50.207 [Test worker] DEBUG org.springframework.test.context.support.AbstractContextLoader - Did not detect default resource location for test class [com.uco.TrafficAgent.infrastructure.controller.contact.comand.ComandContactTest]: class path resource [com/uco/TrafficAgent/infrastructure/controller/contact/comand/ComandContactTestContext.groovy] does not exist
10:41:50.207 [Test worker] INFO org.springframework.test.context.support.AbstractContextLoader - Could not detect default resource locations for test class [com.uco.TrafficAgent.infrastructure.controller.contact.comand.ComandContactTest]: no resource found for suffixes {-context.xml, Context.groovy}.
10:41:50.360 [Test worker] DEBUG org.springframework.boot.test.context.SpringBootTestContextBootstrapper - @TestExecutionListeners is not present for class [com.uco.TrafficAgent.infrastructure.controller.contact.comand.ComandContactTest]: using defaults.
10:41:50.360 [Test worker] INFO org.springframework.boot.test.context.SpringBootTestContextBootstrapper - Loaded default TestExecutionListener class names from location [META-INF/spring.factories]: [org.springframework.boot.test.autoconfigure.restdocs.RestDocsTestExecutionListener, org.springframework.boot.test.autoconfigure.web.client.MockRestServiceServerResetTestExecutionListener, org.springframework.boot.test.autoconfigure.web.servlet.MockMvcPrintOnlyOnFailureTestExecutionListener, org.springframework.boot.test.autoconfigure.web.servlet.WebDriverTestExecutionListener, org.springframework.boot.test.autoconfigure.webservices.client.MockWebServiceServerTestExecutionListener, org.springframework.boot.test.mock.mockito.MockitoTestExecutionListener, org.springframework.boot.test.mock.mockito.ResetMocksTestExecutionListener, org.springframework.test.context.web.ServletTestExecutionListener, org.springframework.test.context.support.DirtiesContextBeforeModesTestExecutionListener, org.springframework.test.context.event.ApplicationEventsTestExecutionListener, org.springframework.test.context.support.DependencyInjectionTestExecutionListener, org.springframework.test.context.support.DirtiesContextTestExecutionListener, org.springframework.test.context.transaction.TransactionalTestExecutionListener, org.springframework.test.context.jdbc.SqlScriptsTestExecutionListener, org.springframework.test.context.event.EventPublishingTestExecutionListener]
10:41:50.377 [Test worker] INFO org.springframework.boot.test.context.SpringBootTestContextBootstrapper - Using TestExecutionListeners: [org.springframework.test.context.web.ServletTestExecutionListener@70929d54, org.springframework.test.context.support.DirtiesContextBeforeModesTestExecutionListener@4be5fbd4, org.springframework.test.context.event.ApplicationEventsTestExecutionListener@2087808e, org.springframework.boot.test.mock.mockito.MockitoTestExecutionListener@50561206, org.springframework.boot.test.autoconfigure.SpringBootDependencyInjectionTestExecutionListener@34ca4d65, org.springframework.test.context.support.DirtiesContextTestExecutionListener@50952b73, org.springframework.test.context.transaction.TransactionalTestExecutionListener@4c0a521f, org.springframework.test.context.jdbc.SqlScriptsTestExecutionListener@2cacbfba, org.springframework.test.context.event.EventPublishingTestExecutionListener@4a6b7e2f, org.springframework.boot.test.autoconfigure.restdocs.RestDocsTestExecutionListener@335c0aa2, org.springframework.boot.test.autoconfigure.web.client.MockRestServiceServerResetTestExecutionListener@2dd82c7c, org.springframework.boot.test.autoconfigure.web.servlet.MockMvcPrintOnlyOnFailureTestExecutionListener@64c00712, org.springframework.boot.test.autoconfigure.web.servlet.WebDriverTestExecutionListener@754b87a3, org.springframework.boot.test.autoconfigure.webservices.client.MockWebServiceServerTestExecutionListener@26118ab2, org.springframework.boot.test.mock.mockito.ResetMocksTestExecutionListener@4ac6e9c0]
10:41:50.379 [Test worker] DEBUG org.springframework.test.context.support.AbstractDirtiesContextTestExecutionListener - Before test class: context [DefaultTestContext@453e2138 testClass = ComandContactTest, testInstance = [null], testMethod = [null], testException = [null], mergedContextConfiguration = [WebMergedContextConfiguration@39bb0693 testClass = ComandContactTest, locations = '{}', classes = '{class com.uco.TrafficAgent.infrastructure.ApplicationMock}', contextInitializerClasses = '[]', activeProfiles = '{test}', propertySourceLocations = '{}', propertySourceProperties = '{org.springframework.boot.test.context.SpringBootTestContextBootstrapper=true}', contextCustomizers = set[org.springframework.boot.test.autoconfigure.actuate.metrics.MetricsExportContextCustomizerFactory$DisableMetricExportContextCustomizer@7e92b9ad, org.springframework.boot.test.autoconfigure.properties.PropertyMappingContextCustomizer@4b3fa0b3, org.springframework.boot.test.autoconfigure.web.servlet.WebDriverContextCustomizerFactory$Customizer@69c3e6cd, [ImportsContextCustomizer@77e42d31 key = [org.springframework.boot.test.autoconfigure.web.servlet.MockMvcAutoConfiguration, org.springframework.boot.test.autoconfigure.web.servlet.MockMvcWebClientAutoConfiguration, org.springframework.boot.test.autoconfigure.web.servlet.MockMvcWebDriverAutoConfiguration, org.springframework.boot.autoconfigure.security.oauth2.client.servlet.OAuth2ClientAutoConfiguration, org.springframework.boot.autoconfigure.security.oauth2.resource.servlet.OAuth2ResourceServerAutoConfiguration, org.springframework.boot.autoconfigure.security.servlet.SecurityAutoConfiguration, org.springframework.boot.autoconfigure.security.servlet.SecurityFilterAutoConfiguration, org.springframework.boot.autoconfigure.security.servlet.UserDetailsServiceAutoConfiguration, org.springframework.boot.test.autoconfigure.web.servlet.MockMvcSecurityConfiguration, org.springframework.boot.test.autoconfigure.web.reactive.WebTestClientAutoConfiguration]], org.springframework.boot.test.context.filter.ExcludeFilterContextCustomizer@2141954c, org.springframework.boot.test.json.DuplicateJsonObjectContextCustomizerFactory$DuplicateJsonObjectContextCustomizer@43189db5, org.springframework.boot.test.mock.mockito.MockitoContextCustomizer@0, org.springframework.boot.test.web.client.TestRestTemplateContextCustomizer@3aecfb43, org.springframework.boot.test.context.SpringBootTestArgs@1, org.springframework.boot.test.context.SpringBootTestWebEnvironment@9fecdf1], resourceBasePath = 'src/main/webapp', contextLoader = 'org.springframework.boot.test.context.SpringBootContextLoader', parent = [null]], attributes = map['org.springframework.test.context.web.ServletTestExecutionListener.activateListener' -> true]], class annotated with @DirtiesContext [true] with mode [AFTER_EACH_TEST_METHOD].

  .   ____          _            __ _ _
 /\\ / ___'_ __ _ _(_)_ __  __ _ \ \ \ \
( ( )\___ | '_ | '_| | '_ \/ _` | \ \ \ \
 \\/  ___)| |_)| | | | | || (_| |  ) ) ) )
  '  |____| .__|_| |_|_| |_\__, | / / / /
 =========|_|==============|___/=/_/_/_/
 :: Spring Boot ::                (v2.6.3)

2023-06-02 10:41:50.709  INFO 19400 --- [    Test worker] c.u.T.i.c.c.comand.ComandContactTest     : Starting ComandContactTest using Java 18.0.2 on SANTIAGOP-CARDENAS with PID 19400 (started by santiago.cardenas in C:\Users\santiago.cardenas\Desktop\TrafficAgent\TrafficAgent)
2023-06-02 10:41:50.709  INFO 19400 --- [    Test worker] c.u.T.i.c.c.comand.ComandContactTest     : The following profiles are active: test
2023-06-02 10:41:51.283  INFO 19400 --- [    Test worker] .s.d.r.c.RepositoryConfigurationDelegate : Bootstrapping Spring Data JPA repositories in DEFAULT mode.
2023-06-02 10:41:51.379  INFO 19400 --- [    Test worker] .s.d.r.c.RepositoryConfigurationDelegate : Finished Spring Data repository scanning in 87 ms. Found 5 JPA repository interfaces.
2023-06-02 10:41:52.485  INFO 19400 --- [    Test worker] o.hibernate.jpa.internal.util.LogHelper  : HHH000204: Processing PersistenceUnitInfo [name: default]
2023-06-02 10:41:52.548  INFO 19400 --- [    Test worker] org.hibernate.Version                    : HHH000412: Hibernate ORM core version 5.6.4.Final
2023-06-02 10:41:52.607  INFO 19400 --- [    Test worker] o.hibernate.annotations.common.Version   : HCANN000001: Hibernate Commons Annotations {5.1.2.Final}
2023-06-02 10:41:52.735  INFO 19400 --- [    Test worker] com.zaxxer.hikari.HikariDataSource       : HikariPool-1 - Starting...
2023-06-02 10:41:53.075  INFO 19400 --- [    Test worker] com.zaxxer.hikari.HikariDataSource       : HikariPool-1 - Start completed.
2023-06-02 10:41:53.106  INFO 19400 --- [    Test worker] org.hibernate.dialect.Dialect            : HHH000400: Using dialect: org.hibernate.dialect.H2Dialect
2023-06-02 10:41:53.980  INFO 19400 --- [    Test worker] o.h.e.t.j.p.i.JtaPlatformInitiator       : HHH000490: Using JtaPlatform implementation: [org.hibernate.engine.transaction.jta.platform.internal.NoJtaPlatform]
2023-06-02 10:41:54.000  INFO 19400 --- [    Test worker] j.LocalContainerEntityManagerFactoryBean : Initialized JPA EntityManagerFactory for persistence unit 'default'
2023-06-02 10:41:55.387  WARN 19400 --- [    Test worker] JpaBaseConfiguration$JpaWebConfiguration : spring.jpa.open-in-view is enabled by default. Therefore, database queries may be performed during view rendering. Explicitly configure spring.jpa.open-in-view to disable this warning
2023-06-02 10:41:56.054  INFO 19400 --- [    Test worker] o.s.b.t.m.w.SpringBootMockServletContext : Initializing Spring TestDispatcherServlet ''
2023-06-02 10:41:56.055  INFO 19400 --- [    Test worker] o.s.t.web.servlet.TestDispatcherServlet  : Initializing Servlet ''
2023-06-02 10:41:56.056  INFO 19400 --- [    Test worker] o.s.t.web.servlet.TestDispatcherServlet  : Completed initialization in 1 ms
2023-06-02 10:41:56.087  INFO 19400 --- [    Test worker] c.u.T.i.c.c.comand.ComandContactTest     : Started ComandContactTest in 5.67 seconds (JVM running for 11.177)
2023-06-02 10:41:56.737  INFO 19400 --- [    Test worker] c.u.T.i.aspect.LogExecutionAspect        : DtoResponse com.uco.TrafficAgent.infrastructure.repository.login.controller.ComandControllerLogin.login(DtoLogin) executed in 74ms
2023-06-02 10:41:56.860  INFO 19400 --- [    Test worker] j.LocalContainerEntityManagerFactoryBean : Closing JPA EntityManagerFactory for persistence unit 'default'
2023-06-02 10:41:56.862  INFO 19400 --- [    Test worker] com.zaxxer.hikari.HikariDataSource       : HikariPool-1 - Shutdown initiated...
2023-06-02 10:41:56.864  INFO 19400 --- [    Test worker] com.zaxxer.hikari.HikariDataSource       : HikariPool-1 - Shutdown completed.

  .   ____          _            __ _ _
 /\\ / ___'_ __ _ _(_)_ __  __ _ \ \ \ \
( ( )\___ | '_ | '_| | '_ \/ _` | \ \ \ \
 \\/  ___)| |_)| | | | | || (_| |  ) ) ) )
  '  |____| .__|_| |_|_| |_\__, | / / / /
 =========|_|==============|___/=/_/_/_/
 :: Spring Boot ::                (v2.6.3)

2023-06-02 10:41:56.890  INFO 19400 --- [    Test worker] c.u.T.i.c.c.comand.ComandContactTest     : Starting ComandContactTest using Java 18.0.2 on SANTIAGOP-CARDENAS with PID 19400 (started by santiago.cardenas in C:\Users\santiago.cardenas\Desktop\TrafficAgent\TrafficAgent)
2023-06-02 10:41:56.890  INFO 19400 --- [    Test worker] c.u.T.i.c.c.comand.ComandContactTest     : The following profiles are active: test
2023-06-02 10:41:57.113  INFO 19400 --- [    Test worker] .s.d.r.c.RepositoryConfigurationDelegate : Bootstrapping Spring Data JPA repositories in DEFAULT mode.
2023-06-02 10:41:57.160  INFO 19400 --- [    Test worker] .s.d.r.c.RepositoryConfigurationDelegate : Finished Spring Data repository scanning in 47 ms. Found 5 JPA repository interfaces.
2023-06-02 10:41:57.327  INFO 19400 --- [    Test worker] o.hibernate.jpa.internal.util.LogHelper  : HHH000204: Processing PersistenceUnitInfo [name: default]
2023-06-02 10:41:57.335  INFO 19400 --- [    Test worker] com.zaxxer.hikari.HikariDataSource       : HikariPool-2 - Starting...
2023-06-02 10:41:57.336  INFO 19400 --- [    Test worker] com.zaxxer.hikari.HikariDataSource       : HikariPool-2 - Start completed.
2023-06-02 10:41:57.337  INFO 19400 --- [    Test worker] org.hibernate.dialect.Dialect            : HHH000400: Using dialect: org.hibernate.dialect.H2Dialect
2023-06-02 10:41:57.439  INFO 19400 --- [    Test worker] o.h.e.t.j.p.i.JtaPlatformInitiator       : HHH000490: Using JtaPlatform implementation: [org.hibernate.engine.transaction.jta.platform.internal.NoJtaPlatform]
2023-06-02 10:41:57.439  INFO 19400 --- [    Test worker] j.LocalContainerEntityManagerFactoryBean : Initialized JPA EntityManagerFactory for persistence unit 'default'
2023-06-02 10:41:57.882  WARN 19400 --- [    Test worker] JpaBaseConfiguration$JpaWebConfiguration : spring.jpa.open-in-view is enabled by default. Therefore, database queries may be performed during view rendering. Explicitly configure spring.jpa.open-in-view to disable this warning
2023-06-02 10:41:58.129  INFO 19400 --- [    Test worker] o.s.b.t.m.w.SpringBootMockServletContext : Initializing Spring TestDispatcherServlet ''
2023-06-02 10:41:58.130  INFO 19400 --- [    Test worker] o.s.t.web.servlet.TestDispatcherServlet  : Initializing Servlet ''
2023-06-02 10:41:58.130  INFO 19400 --- [    Test worker] o.s.t.web.servlet.TestDispatcherServlet  : Completed initialization in 0 ms
2023-06-02 10:41:58.137  INFO 19400 --- [    Test worker] c.u.T.i.c.c.comand.ComandContactTest     : Started ComandContactTest in 1.271 seconds (JVM running for 13.228)
2023-06-02 10:41:58.175  INFO 19400 --- [    Test worker] c.u.T.i.aspect.LogExecutionAspect        : DtoResponse com.uco.TrafficAgent.infrastructure.repository.login.controller.ComandControllerLogin.login(DtoLogin) executed in 5ms
2023-06-02 10:41:58.218  INFO 19400 --- [    Test worker] j.LocalContainerEntityManagerFactoryBean : Closing JPA EntityManagerFactory for persistence unit 'default'
2023-06-02 10:41:58.219  INFO 19400 --- [    Test worker] com.zaxxer.hikari.HikariDataSource       : HikariPool-2 - Shutdown initiated...
2023-06-02 10:41:58.220  INFO 19400 --- [    Test worker] com.zaxxer.hikari.HikariDataSource       : HikariPool-2 - Shutdown completed.
]]></system-out>
  <system-err><![CDATA[]]></system-err>
</testsuite>
