<?xml version="1.0" encoding="UTF-8"?>
<testsuite name="com.uco.TrafficAgent.domain.service.report.ServiceSaveReportTest" tests="1" skipped="0" failures="0" errors="0" timestamp="2023-05-24T02:07:45" hostname="DESKTOP-7IOCUQU" time="0.003">
  <properties/>
  <testcase name="createUserSuccessful()" classname="com.uco.TrafficAgent.domain.service.report.ServiceSaveReportTest" time="0.003"/>
  <system-out><![CDATA[]]></system-out>
  <system-err><![CDATA[]]></system-err>
</testsuite>
