<?xml version="1.0" encoding="UTF-8"?>
<testsuite name="com.uco.TrafficAgent.infrastructure.controller.user.consult.ConsultUserTests" tests="1" skipped="0" failures="0" errors="0" timestamp="2023-05-24T02:09:34" hostname="DESKTOP-7IOCUQU" time="0.099">
  <properties/>
  <testcase name="consultAllUsers()" classname="com.uco.TrafficAgent.infrastructure.controller.user.consult.ConsultUserTests" time="0.099"/>
  <system-out><![CDATA[2023-05-23 21:09:32.508  INFO 21908 --- [    Test worker] o.s.t.c.support.AbstractContextLoader    : Could not detect default resource locations for test class [com.uco.TrafficAgent.infrastructure.controller.user.consult.ConsultUserTests]: no resource found for suffixes {-context.xml, Context.groovy}.
2023-05-23 21:09:32.512  INFO 21908 --- [    Test worker] .b.t.c.SpringBootTestContextBootstrapper : Loaded default TestExecutionListener class names from location [META-INF/spring.factories]: [org.springframework.boot.test.autoconfigure.restdocs.RestDocsTestExecutionListener, org.springframework.boot.test.autoconfigure.web.client.MockRestServiceServerResetTestExecutionListener, org.springframework.boot.test.autoconfigure.web.servlet.MockMvcPrintOnlyOnFailureTestExecutionListener, org.springframework.boot.test.autoconfigure.web.servlet.WebDriverTestExecutionListener, org.springframework.boot.test.autoconfigure.webservices.client.MockWebServiceServerTestExecutionListener, org.springframework.boot.test.mock.mockito.MockitoTestExecutionListener, org.springframework.boot.test.mock.mockito.ResetMocksTestExecutionListener, org.springframework.test.context.web.ServletTestExecutionListener, org.springframework.test.context.support.DirtiesContextBeforeModesTestExecutionListener, org.springframework.test.context.event.ApplicationEventsTestExecutionListener, org.springframework.test.context.support.DependencyInjectionTestExecutionListener, org.springframework.test.context.support.DirtiesContextTestExecutionListener, org.springframework.test.context.transaction.TransactionalTestExecutionListener, org.springframework.test.context.jdbc.SqlScriptsTestExecutionListener, org.springframework.test.context.event.EventPublishingTestExecutionListener]
2023-05-23 21:09:32.512  INFO 21908 --- [    Test worker] .b.t.c.SpringBootTestContextBootstrapper : Using TestExecutionListeners: [org.springframework.test.context.web.ServletTestExecutionListener@2414efee, org.springframework.test.context.support.DirtiesContextBeforeModesTestExecutionListener@7072e628, org.springframework.test.context.event.ApplicationEventsTestExecutionListener@7e06f80, org.springframework.boot.test.mock.mockito.MockitoTestExecutionListener@543662ff, org.springframework.boot.test.autoconfigure.SpringBootDependencyInjectionTestExecutionListener@575e9c08, org.springframework.test.context.support.DirtiesContextTestExecutionListener@30fa736d, org.springframework.test.context.transaction.TransactionalTestExecutionListener@34e2969d, org.springframework.test.context.jdbc.SqlScriptsTestExecutionListener@53242b64, org.springframework.test.context.event.EventPublishingTestExecutionListener@703953d4, org.springframework.boot.test.autoconfigure.restdocs.RestDocsTestExecutionListener@133b27a5, org.springframework.boot.test.autoconfigure.web.client.MockRestServiceServerResetTestExecutionListener@334d0d21, org.springframework.boot.test.autoconfigure.web.servlet.MockMvcPrintOnlyOnFailureTestExecutionListener@41c07f27, org.springframework.boot.test.autoconfigure.web.servlet.WebDriverTestExecutionListener@7bdd3338, org.springframework.boot.test.autoconfigure.webservices.client.MockWebServiceServerTestExecutionListener@311135e9, org.springframework.boot.test.mock.mockito.ResetMocksTestExecutionListener@6a6e02ef]

  .   ____          _            __ _ _
 /\\ / ___'_ __ _ _(_)_ __  __ _ \ \ \ \
( ( )\___ | '_ | '_| | '_ \/ _` | \ \ \ \
 \\/  ___)| |_)| | | | | || (_| |  ) ) ) )
  '  |____| .__|_| |_|_| |_\__, | / / / /
 =========|_|==============|___/=/_/_/_/
 :: Spring Boot ::                (v2.6.3)

2023-05-23 21:09:32.546  INFO 21908 --- [    Test worker] c.u.T.i.c.user.consult.ConsultUserTests  : Starting ConsultUserTests using Java 17 on DESKTOP-7IOCUQU with PID 21908 (started by Usuario in C:\Users\Usuario\Desktop\TrafficAgent)
2023-05-23 21:09:32.546  INFO 21908 --- [    Test worker] c.u.T.i.c.user.consult.ConsultUserTests  : The following profiles are active: test
2023-05-23 21:09:32.934  INFO 21908 --- [    Test worker] .s.d.r.c.RepositoryConfigurationDelegate : Bootstrapping Spring Data JPA repositories in DEFAULT mode.
2023-05-23 21:09:33.047  INFO 21908 --- [    Test worker] .s.d.r.c.RepositoryConfigurationDelegate : Finished Spring Data repository scanning in 112 ms. Found 5 JPA repository interfaces.
2023-05-23 21:09:33.348  INFO 21908 --- [    Test worker] o.hibernate.jpa.internal.util.LogHelper  : HHH000204: Processing PersistenceUnitInfo [name: default]
2023-05-23 21:09:33.366  INFO 21908 --- [    Test worker] com.zaxxer.hikari.HikariDataSource       : HikariPool-20 - Starting...
2023-05-23 21:09:33.368  INFO 21908 --- [    Test worker] com.zaxxer.hikari.HikariDataSource       : HikariPool-20 - Start completed.
2023-05-23 21:09:33.369  INFO 21908 --- [    Test worker] org.hibernate.dialect.Dialect            : HHH000400: Using dialect: org.hibernate.dialect.H2Dialect
2023-05-23 21:09:33.513  INFO 21908 --- [    Test worker] o.h.e.t.j.p.i.JtaPlatformInitiator       : HHH000490: Using JtaPlatform implementation: [org.hibernate.engine.transaction.jta.platform.internal.NoJtaPlatform]
2023-05-23 21:09:33.513  INFO 21908 --- [    Test worker] j.LocalContainerEntityManagerFactoryBean : Initialized JPA EntityManagerFactory for persistence unit 'default'
2023-05-23 21:09:34.294  WARN 21908 --- [    Test worker] JpaBaseConfiguration$JpaWebConfiguration : spring.jpa.open-in-view is enabled by default. Therefore, database queries may be performed during view rendering. Explicitly configure spring.jpa.open-in-view to disable this warning
2023-05-23 21:09:34.810  INFO 21908 --- [    Test worker] o.s.b.t.m.w.SpringBootMockServletContext : Initializing Spring TestDispatcherServlet ''
2023-05-23 21:09:34.811  INFO 21908 --- [    Test worker] o.s.t.web.servlet.TestDispatcherServlet  : Initializing Servlet ''
2023-05-23 21:09:34.814  INFO 21908 --- [    Test worker] o.s.t.web.servlet.TestDispatcherServlet  : Completed initialization in 3 ms
2023-05-23 21:09:34.828  INFO 21908 --- [    Test worker] c.u.T.i.c.user.consult.ConsultUserTests  : Started ConsultUserTests in 2.313 seconds (JVM running for 153.383)
2023-05-23 21:09:34.860  INFO 21908 --- [    Test worker] c.u.T.i.aspect.LogExecutionAspect        : DtoResponse com.uco.TrafficAgent.infrastructure.repository.login.controller.ComandControllerLogin.login(DtoLogin) executed in 9ms
2023-05-23 21:09:34.922  INFO 21908 --- [    Test worker] j.LocalContainerEntityManagerFactoryBean : Closing JPA EntityManagerFactory for persistence unit 'default'
2023-05-23 21:09:34.923  INFO 21908 --- [    Test worker] com.zaxxer.hikari.HikariDataSource       : HikariPool-20 - Shutdown initiated...
2023-05-23 21:09:34.933  INFO 21908 --- [    Test worker] com.zaxxer.hikari.HikariDataSource       : HikariPool-20 - Shutdown completed.
]]></system-out>
  <system-err><![CDATA[]]></system-err>
</testsuite>
