<?xml version="1.0" encoding="UTF-8"?>
<testsuite name="com.uco.TrafficAgent.domain.service.user.ServiceDeleteUserTest" tests="2" skipped="0" failures="0" errors="0" timestamp="2023-06-02T20:51:32" hostname="DESKTOP-7IOCUQU" time="0.049">
  <properties/>
  <testcase name="deleteUserSuccessful()" classname="com.uco.TrafficAgent.domain.service.user.ServiceDeleteUserTest" time="0.044"/>
  <testcase name="deleteUserNoSuccessful()" classname="com.uco.TrafficAgent.domain.service.user.ServiceDeleteUserTest" time="0.003"/>
  <system-out><![CDATA[]]></system-out>
  <system-err><![CDATA[]]></system-err>
</testsuite>
