<?xml version="1.0" encoding="UTF-8"?>
<testsuite name="com.uco.TrafficAgent.domain.service.user.ServiceDeleteUserTest" tests="2" skipped="0" failures="0" errors="0" timestamp="2023-05-24T02:07:45" hostname="DESKTOP-7IOCUQU" time="0.107">
  <properties/>
  <testcase name="deleteUserSuccessful()" classname="com.uco.TrafficAgent.domain.service.user.ServiceDeleteUserTest" time="0.102"/>
  <testcase name="deleteUserNoSuccessful()" classname="com.uco.TrafficAgent.domain.service.user.ServiceDeleteUserTest" time="0.004"/>
  <system-out><![CDATA[]]></system-out>
  <system-err><![CDATA[]]></system-err>
</testsuite>
