<?xml version="1.0" encoding="UTF-8"?>
<testsuite name="com.uco.TrafficAgent.domain.service.contact.ServiceSaveContactTest" tests="2" skipped="0" failures="0" errors="0" timestamp="2023-04-30T21:04:39" hostname="DESKTOP-LLM13DE" time="0.013">
  <properties/>
  <testcase name="createContactSuccessful()" classname="com.uco.TrafficAgent.domain.service.contact.ServiceSaveContactTest" time="0.011"/>
  <testcase name="noCreateContact()" classname="com.uco.TrafficAgent.domain.service.contact.ServiceSaveContactTest" time="0.001"/>
  <system-out><![CDATA[]]></system-out>
  <system-err><![CDATA[]]></system-err>
</testsuite>
