<?xml version="1.0" encoding="UTF-8"?>
<testsuite name="com.uco.TrafficAgent.infrastructure.controller.user.comand.ComandUserTest" tests="10" skipped="0" failures="0" errors="0" timestamp="2023-05-24T02:09:04" hostname="DESKTOP-7IOCUQU" time="27.933">
  <properties/>
  <testcase name="noUpdateUserPasswordSizeIncorrect()" classname="com.uco.TrafficAgent.infrastructure.controller.user.comand.ComandUserTest" time="0.057"/>
  <testcase name="updateUserSuccessful()" classname="com.uco.TrafficAgent.infrastructure.controller.user.comand.ComandUserTest" time="0.135"/>
  <testcase name="noCreateUserBecauseItWasAlreadyCreated()" classname="com.uco.TrafficAgent.infrastructure.controller.user.comand.ComandUserTest" time="0.064"/>
  <testcase name="createUserSuccessful()" classname="com.uco.TrafficAgent.infrastructure.controller.user.comand.ComandUserTest" time="0.065"/>
  <testcase name="deleteUserSuccessful()" classname="com.uco.TrafficAgent.infrastructure.controller.user.comand.ComandUserTest" time="0.092"/>
  <testcase name="noCreateUserPasswordIncorrect()" classname="com.uco.TrafficAgent.infrastructure.controller.user.comand.ComandUserTest" time="0.025"/>
  <testcase name="noDeleteUserBecauseNoExists()" classname="com.uco.TrafficAgent.infrastructure.controller.user.comand.ComandUserTest" time="0.053"/>
  <testcase name="noUpdateUserBecauseNoExists()" classname="com.uco.TrafficAgent.infrastructure.controller.user.comand.ComandUserTest" time="0.089"/>
  <testcase name="noCreateUserPasswordSizeIncorrect()" classname="com.uco.TrafficAgent.infrastructure.controller.user.comand.ComandUserTest" time="0.028"/>
  <testcase name="noUpdateUserPasswordPasswordIncorrect()" classname="com.uco.TrafficAgent.infrastructure.controller.user.comand.ComandUserTest" time="0.079"/>
  <system-out><![CDATA[2023-05-23 21:09:01.384  INFO 21908 --- [    Test worker] o.s.t.c.support.AbstractContextLoader    : Could not detect default resource locations for test class [com.uco.TrafficAgent.infrastructure.controller.user.comand.ComandUserTest]: no resource found for suffixes {-context.xml, Context.groovy}.
2023-05-23 21:09:01.392  INFO 21908 --- [    Test worker] .b.t.c.SpringBootTestContextBootstrapper : Loaded default TestExecutionListener class names from location [META-INF/spring.factories]: [org.springframework.boot.test.autoconfigure.restdocs.RestDocsTestExecutionListener, org.springframework.boot.test.autoconfigure.web.client.MockRestServiceServerResetTestExecutionListener, org.springframework.boot.test.autoconfigure.web.servlet.MockMvcPrintOnlyOnFailureTestExecutionListener, org.springframework.boot.test.autoconfigure.web.servlet.WebDriverTestExecutionListener, org.springframework.boot.test.autoconfigure.webservices.client.MockWebServiceServerTestExecutionListener, org.springframework.boot.test.mock.mockito.MockitoTestExecutionListener, org.springframework.boot.test.mock.mockito.ResetMocksTestExecutionListener, org.springframework.test.context.web.ServletTestExecutionListener, org.springframework.test.context.support.DirtiesContextBeforeModesTestExecutionListener, org.springframework.test.context.event.ApplicationEventsTestExecutionListener, org.springframework.test.context.support.DependencyInjectionTestExecutionListener, org.springframework.test.context.support.DirtiesContextTestExecutionListener, org.springframework.test.context.transaction.TransactionalTestExecutionListener, org.springframework.test.context.jdbc.SqlScriptsTestExecutionListener, org.springframework.test.context.event.EventPublishingTestExecutionListener]
2023-05-23 21:09:01.393  INFO 21908 --- [    Test worker] .b.t.c.SpringBootTestContextBootstrapper : Using TestExecutionListeners: [org.springframework.test.context.web.ServletTestExecutionListener@311539ea, org.springframework.test.context.support.DirtiesContextBeforeModesTestExecutionListener@87106da, org.springframework.test.context.event.ApplicationEventsTestExecutionListener@1f687df9, org.springframework.boot.test.mock.mockito.MockitoTestExecutionListener@30e84fea, org.springframework.boot.test.autoconfigure.SpringBootDependencyInjectionTestExecutionListener@28aaea74, org.springframework.test.context.support.DirtiesContextTestExecutionListener@286d7e6d, org.springframework.test.context.transaction.TransactionalTestExecutionListener@74b6592c, org.springframework.test.context.jdbc.SqlScriptsTestExecutionListener@6d3cf4f, org.springframework.test.context.event.EventPublishingTestExecutionListener@79557cab, org.springframework.boot.test.autoconfigure.restdocs.RestDocsTestExecutionListener@3a08fbfa, org.springframework.boot.test.autoconfigure.web.client.MockRestServiceServerResetTestExecutionListener@7c31aaae, org.springframework.boot.test.autoconfigure.web.servlet.MockMvcPrintOnlyOnFailureTestExecutionListener@6400abd0, org.springframework.boot.test.autoconfigure.web.servlet.WebDriverTestExecutionListener@366233df, org.springframework.boot.test.autoconfigure.webservices.client.MockWebServiceServerTestExecutionListener@4b48d9c2, org.springframework.boot.test.mock.mockito.ResetMocksTestExecutionListener@3a5d6edf]

  .   ____          _            __ _ _
 /\\ / ___'_ __ _ _(_)_ __  __ _ \ \ \ \
( ( )\___ | '_ | '_| | '_ \/ _` | \ \ \ \
 \\/  ___)| |_)| | | | | || (_| |  ) ) ) )
  '  |____| .__|_| |_|_| |_\__, | / / / /
 =========|_|==============|___/=/_/_/_/
 :: Spring Boot ::                (v2.6.3)

2023-05-23 21:09:01.495  INFO 21908 --- [    Test worker] c.u.T.i.c.user.comand.ComandUserTest     : Starting ComandUserTest using Java 17 on DESKTOP-7IOCUQU with PID 21908 (started by Usuario in C:\Users\Usuario\Desktop\TrafficAgent)
2023-05-23 21:09:01.495  INFO 21908 --- [    Test worker] c.u.T.i.c.user.comand.ComandUserTest     : The following profiles are active: test
2023-05-23 21:09:02.286  INFO 21908 --- [    Test worker] .s.d.r.c.RepositoryConfigurationDelegate : Bootstrapping Spring Data JPA repositories in DEFAULT mode.
2023-05-23 21:09:02.468  INFO 21908 --- [    Test worker] .s.d.r.c.RepositoryConfigurationDelegate : Finished Spring Data repository scanning in 180 ms. Found 5 JPA repository interfaces.
2023-05-23 21:09:03.035  INFO 21908 --- [    Test worker] o.hibernate.jpa.internal.util.LogHelper  : HHH000204: Processing PersistenceUnitInfo [name: default]
2023-05-23 21:09:03.048  INFO 21908 --- [    Test worker] com.zaxxer.hikari.HikariDataSource       : HikariPool-10 - Starting...
2023-05-23 21:09:03.050  INFO 21908 --- [    Test worker] com.zaxxer.hikari.HikariDataSource       : HikariPool-10 - Start completed.
2023-05-23 21:09:03.050  INFO 21908 --- [    Test worker] org.hibernate.dialect.Dialect            : HHH000400: Using dialect: org.hibernate.dialect.H2Dialect
2023-05-23 21:09:03.227  INFO 21908 --- [    Test worker] o.h.e.t.j.p.i.JtaPlatformInitiator       : HHH000490: Using JtaPlatform implementation: [org.hibernate.engine.transaction.jta.platform.internal.NoJtaPlatform]
2023-05-23 21:09:03.228  INFO 21908 --- [    Test worker] j.LocalContainerEntityManagerFactoryBean : Initialized JPA EntityManagerFactory for persistence unit 'default'
2023-05-23 21:09:04.150  WARN 21908 --- [    Test worker] JpaBaseConfiguration$JpaWebConfiguration : spring.jpa.open-in-view is enabled by default. Therefore, database queries may be performed during view rendering. Explicitly configure spring.jpa.open-in-view to disable this warning
2023-05-23 21:09:04.558  INFO 21908 --- [    Test worker] o.s.b.t.m.w.SpringBootMockServletContext : Initializing Spring TestDispatcherServlet ''
2023-05-23 21:09:04.558  INFO 21908 --- [    Test worker] o.s.t.web.servlet.TestDispatcherServlet  : Initializing Servlet ''
2023-05-23 21:09:04.559  INFO 21908 --- [    Test worker] o.s.t.web.servlet.TestDispatcherServlet  : Completed initialization in 1 ms
2023-05-23 21:09:04.566  INFO 21908 --- [    Test worker] c.u.T.i.c.user.comand.ComandUserTest     : Started ComandUserTest in 3.169 seconds (JVM running for 123.121)
2023-05-23 21:09:04.589  INFO 21908 --- [    Test worker] c.u.T.i.aspect.LogExecutionAspect        : DtoResponse com.uco.TrafficAgent.infrastructure.repository.login.controller.ComandControllerLogin.login(DtoLogin) executed in 9ms
2023-05-23 21:09:04.623  INFO 21908 --- [    Test worker] j.LocalContainerEntityManagerFactoryBean : Closing JPA EntityManagerFactory for persistence unit 'default'
2023-05-23 21:09:04.624  INFO 21908 --- [    Test worker] com.zaxxer.hikari.HikariDataSource       : HikariPool-10 - Shutdown initiated...
2023-05-23 21:09:04.628  INFO 21908 --- [    Test worker] com.zaxxer.hikari.HikariDataSource       : HikariPool-10 - Shutdown completed.

  .   ____          _            __ _ _
 /\\ / ___'_ __ _ _(_)_ __  __ _ \ \ \ \
( ( )\___ | '_ | '_| | '_ \/ _` | \ \ \ \
 \\/  ___)| |_)| | | | | || (_| |  ) ) ) )
  '  |____| .__|_| |_|_| |_\__, | / / / /
 =========|_|==============|___/=/_/_/_/
 :: Spring Boot ::                (v2.6.3)

2023-05-23 21:09:04.679  INFO 21908 --- [    Test worker] c.u.T.i.c.user.comand.ComandUserTest     : Starting ComandUserTest using Java 17 on DESKTOP-7IOCUQU with PID 21908 (started by Usuario in C:\Users\Usuario\Desktop\TrafficAgent)
2023-05-23 21:09:04.680  INFO 21908 --- [    Test worker] c.u.T.i.c.user.comand.ComandUserTest     : The following profiles are active: test
2023-05-23 21:09:05.435  INFO 21908 --- [    Test worker] .s.d.r.c.RepositoryConfigurationDelegate : Bootstrapping Spring Data JPA repositories in DEFAULT mode.
2023-05-23 21:09:05.576  INFO 21908 --- [    Test worker] .s.d.r.c.RepositoryConfigurationDelegate : Finished Spring Data repository scanning in 140 ms. Found 5 JPA repository interfaces.
2023-05-23 21:09:06.094  INFO 21908 --- [    Test worker] o.hibernate.jpa.internal.util.LogHelper  : HHH000204: Processing PersistenceUnitInfo [name: default]
2023-05-23 21:09:06.106  INFO 21908 --- [    Test worker] com.zaxxer.hikari.HikariDataSource       : HikariPool-11 - Starting...
2023-05-23 21:09:06.107  INFO 21908 --- [    Test worker] com.zaxxer.hikari.HikariDataSource       : HikariPool-11 - Start completed.
2023-05-23 21:09:06.108  INFO 21908 --- [    Test worker] org.hibernate.dialect.Dialect            : HHH000400: Using dialect: org.hibernate.dialect.H2Dialect
2023-05-23 21:09:06.290  INFO 21908 --- [    Test worker] o.h.e.t.j.p.i.JtaPlatformInitiator       : HHH000490: Using JtaPlatform implementation: [org.hibernate.engine.transaction.jta.platform.internal.NoJtaPlatform]
2023-05-23 21:09:06.291  INFO 21908 --- [    Test worker] j.LocalContainerEntityManagerFactoryBean : Initialized JPA EntityManagerFactory for persistence unit 'default'
2023-05-23 21:09:07.158  WARN 21908 --- [    Test worker] JpaBaseConfiguration$JpaWebConfiguration : spring.jpa.open-in-view is enabled by default. Therefore, database queries may be performed during view rendering. Explicitly configure spring.jpa.open-in-view to disable this warning
2023-05-23 21:09:07.635  INFO 21908 --- [    Test worker] o.s.b.t.m.w.SpringBootMockServletContext : Initializing Spring TestDispatcherServlet ''
2023-05-23 21:09:07.635  INFO 21908 --- [    Test worker] o.s.t.web.servlet.TestDispatcherServlet  : Initializing Servlet ''
2023-05-23 21:09:07.636  INFO 21908 --- [    Test worker] o.s.t.web.servlet.TestDispatcherServlet  : Completed initialization in 1 ms
2023-05-23 21:09:07.650  INFO 21908 --- [    Test worker] c.u.T.i.c.user.comand.ComandUserTest     : Started ComandUserTest in 3.019 seconds (JVM running for 126.205)
2023-05-23 21:09:07.738  INFO 21908 --- [    Test worker] c.u.T.i.aspect.LogExecutionAspect        : DtoResponse com.uco.TrafficAgent.infrastructure.repository.login.controller.ComandControllerLogin.login(DtoLogin) executed in 9ms
2023-05-23 21:09:07.798  INFO 21908 --- [    Test worker] j.LocalContainerEntityManagerFactoryBean : Closing JPA EntityManagerFactory for persistence unit 'default'
2023-05-23 21:09:07.798  INFO 21908 --- [    Test worker] com.zaxxer.hikari.HikariDataSource       : HikariPool-11 - Shutdown initiated...
2023-05-23 21:09:07.800  INFO 21908 --- [    Test worker] com.zaxxer.hikari.HikariDataSource       : HikariPool-11 - Shutdown completed.

  .   ____          _            __ _ _
 /\\ / ___'_ __ _ _(_)_ __  __ _ \ \ \ \
( ( )\___ | '_ | '_| | '_ \/ _` | \ \ \ \
 \\/  ___)| |_)| | | | | || (_| |  ) ) ) )
  '  |____| .__|_| |_|_| |_\__, | / / / /
 =========|_|==============|___/=/_/_/_/
 :: Spring Boot ::                (v2.6.3)

2023-05-23 21:09:07.842  INFO 21908 --- [    Test worker] c.u.T.i.c.user.comand.ComandUserTest     : Starting ComandUserTest using Java 17 on DESKTOP-7IOCUQU with PID 21908 (started by Usuario in C:\Users\Usuario\Desktop\TrafficAgent)
2023-05-23 21:09:07.842  INFO 21908 --- [    Test worker] c.u.T.i.c.user.comand.ComandUserTest     : The following profiles are active: test
2023-05-23 21:09:08.383  INFO 21908 --- [    Test worker] .s.d.r.c.RepositoryConfigurationDelegate : Bootstrapping Spring Data JPA repositories in DEFAULT mode.
2023-05-23 21:09:08.511  INFO 21908 --- [    Test worker] .s.d.r.c.RepositoryConfigurationDelegate : Finished Spring Data repository scanning in 127 ms. Found 5 JPA repository interfaces.
2023-05-23 21:09:08.825  INFO 21908 --- [    Test worker] o.hibernate.jpa.internal.util.LogHelper  : HHH000204: Processing PersistenceUnitInfo [name: default]
2023-05-23 21:09:08.836  INFO 21908 --- [    Test worker] com.zaxxer.hikari.HikariDataSource       : HikariPool-12 - Starting...
2023-05-23 21:09:08.837  INFO 21908 --- [    Test worker] com.zaxxer.hikari.HikariDataSource       : HikariPool-12 - Start completed.
2023-05-23 21:09:08.838  INFO 21908 --- [    Test worker] org.hibernate.dialect.Dialect            : HHH000400: Using dialect: org.hibernate.dialect.H2Dialect
2023-05-23 21:09:09.037  INFO 21908 --- [    Test worker] o.h.e.t.j.p.i.JtaPlatformInitiator       : HHH000490: Using JtaPlatform implementation: [org.hibernate.engine.transaction.jta.platform.internal.NoJtaPlatform]
2023-05-23 21:09:09.037  INFO 21908 --- [    Test worker] j.LocalContainerEntityManagerFactoryBean : Initialized JPA EntityManagerFactory for persistence unit 'default'
2023-05-23 21:09:09.819  WARN 21908 --- [    Test worker] JpaBaseConfiguration$JpaWebConfiguration : spring.jpa.open-in-view is enabled by default. Therefore, database queries may be performed during view rendering. Explicitly configure spring.jpa.open-in-view to disable this warning
2023-05-23 21:09:10.462  INFO 21908 --- [    Test worker] o.s.b.t.m.w.SpringBootMockServletContext : Initializing Spring TestDispatcherServlet ''
2023-05-23 21:09:10.462  INFO 21908 --- [    Test worker] o.s.t.web.servlet.TestDispatcherServlet  : Initializing Servlet ''
2023-05-23 21:09:10.465  INFO 21908 --- [    Test worker] o.s.t.web.servlet.TestDispatcherServlet  : Completed initialization in 3 ms
2023-05-23 21:09:10.480  INFO 21908 --- [    Test worker] c.u.T.i.c.user.comand.ComandUserTest     : Started ComandUserTest in 2.677 seconds (JVM running for 129.035)
2023-05-23 21:09:10.543  INFO 21908 --- [    Test worker] j.LocalContainerEntityManagerFactoryBean : Closing JPA EntityManagerFactory for persistence unit 'default'
2023-05-23 21:09:10.545  INFO 21908 --- [    Test worker] com.zaxxer.hikari.HikariDataSource       : HikariPool-12 - Shutdown initiated...
2023-05-23 21:09:10.549  INFO 21908 --- [    Test worker] com.zaxxer.hikari.HikariDataSource       : HikariPool-12 - Shutdown completed.

  .   ____          _            __ _ _
 /\\ / ___'_ __ _ _(_)_ __  __ _ \ \ \ \
( ( )\___ | '_ | '_| | '_ \/ _` | \ \ \ \
 \\/  ___)| |_)| | | | | || (_| |  ) ) ) )
  '  |____| .__|_| |_|_| |_\__, | / / / /
 =========|_|==============|___/=/_/_/_/
 :: Spring Boot ::                (v2.6.3)

2023-05-23 21:09:10.624  INFO 21908 --- [    Test worker] c.u.T.i.c.user.comand.ComandUserTest     : Starting ComandUserTest using Java 17 on DESKTOP-7IOCUQU with PID 21908 (started by Usuario in C:\Users\Usuario\Desktop\TrafficAgent)
2023-05-23 21:09:10.625  INFO 21908 --- [    Test worker] c.u.T.i.c.user.comand.ComandUserTest     : The following profiles are active: test
2023-05-23 21:09:11.311  INFO 21908 --- [    Test worker] .s.d.r.c.RepositoryConfigurationDelegate : Bootstrapping Spring Data JPA repositories in DEFAULT mode.
2023-05-23 21:09:11.476  INFO 21908 --- [    Test worker] .s.d.r.c.RepositoryConfigurationDelegate : Finished Spring Data repository scanning in 164 ms. Found 5 JPA repository interfaces.
2023-05-23 21:09:12.049  INFO 21908 --- [    Test worker] o.hibernate.jpa.internal.util.LogHelper  : HHH000204: Processing PersistenceUnitInfo [name: default]
2023-05-23 21:09:12.065  INFO 21908 --- [    Test worker] com.zaxxer.hikari.HikariDataSource       : HikariPool-13 - Starting...
2023-05-23 21:09:12.077  INFO 21908 --- [    Test worker] com.zaxxer.hikari.HikariDataSource       : HikariPool-13 - Start completed.
2023-05-23 21:09:12.078  INFO 21908 --- [    Test worker] org.hibernate.dialect.Dialect            : HHH000400: Using dialect: org.hibernate.dialect.H2Dialect
2023-05-23 21:09:12.256  INFO 21908 --- [    Test worker] o.h.e.t.j.p.i.JtaPlatformInitiator       : HHH000490: Using JtaPlatform implementation: [org.hibernate.engine.transaction.jta.platform.internal.NoJtaPlatform]
2023-05-23 21:09:12.256  INFO 21908 --- [    Test worker] j.LocalContainerEntityManagerFactoryBean : Initialized JPA EntityManagerFactory for persistence unit 'default'
2023-05-23 21:09:13.039  WARN 21908 --- [    Test worker] JpaBaseConfiguration$JpaWebConfiguration : spring.jpa.open-in-view is enabled by default. Therefore, database queries may be performed during view rendering. Explicitly configure spring.jpa.open-in-view to disable this warning
2023-05-23 21:09:13.470  INFO 21908 --- [    Test worker] o.s.b.t.m.w.SpringBootMockServletContext : Initializing Spring TestDispatcherServlet ''
2023-05-23 21:09:13.470  INFO 21908 --- [    Test worker] o.s.t.web.servlet.TestDispatcherServlet  : Initializing Servlet ''
2023-05-23 21:09:13.473  INFO 21908 --- [    Test worker] o.s.t.web.servlet.TestDispatcherServlet  : Completed initialization in 3 ms
2023-05-23 21:09:13.490  INFO 21908 --- [    Test worker] c.u.T.i.c.user.comand.ComandUserTest     : Started ComandUserTest in 2.937 seconds (JVM running for 132.044)
2023-05-23 21:09:13.558  INFO 21908 --- [    Test worker] j.LocalContainerEntityManagerFactoryBean : Closing JPA EntityManagerFactory for persistence unit 'default'
2023-05-23 21:09:13.559  INFO 21908 --- [    Test worker] com.zaxxer.hikari.HikariDataSource       : HikariPool-13 - Shutdown initiated...
2023-05-23 21:09:13.561  INFO 21908 --- [    Test worker] com.zaxxer.hikari.HikariDataSource       : HikariPool-13 - Shutdown completed.

  .   ____          _            __ _ _
 /\\ / ___'_ __ _ _(_)_ __  __ _ \ \ \ \
( ( )\___ | '_ | '_| | '_ \/ _` | \ \ \ \
 \\/  ___)| |_)| | | | | || (_| |  ) ) ) )
  '  |____| .__|_| |_|_| |_\__, | / / / /
 =========|_|==============|___/=/_/_/_/
 :: Spring Boot ::                (v2.6.3)

2023-05-23 21:09:13.607  INFO 21908 --- [    Test worker] c.u.T.i.c.user.comand.ComandUserTest     : Starting ComandUserTest using Java 17 on DESKTOP-7IOCUQU with PID 21908 (started by Usuario in C:\Users\Usuario\Desktop\TrafficAgent)
2023-05-23 21:09:13.608  INFO 21908 --- [    Test worker] c.u.T.i.c.user.comand.ComandUserTest     : The following profiles are active: test
2023-05-23 21:09:14.051  INFO 21908 --- [    Test worker] .s.d.r.c.RepositoryConfigurationDelegate : Bootstrapping Spring Data JPA repositories in DEFAULT mode.
2023-05-23 21:09:14.167  INFO 21908 --- [    Test worker] .s.d.r.c.RepositoryConfigurationDelegate : Finished Spring Data repository scanning in 115 ms. Found 5 JPA repository interfaces.
2023-05-23 21:09:14.410  INFO 21908 --- [    Test worker] o.hibernate.jpa.internal.util.LogHelper  : HHH000204: Processing PersistenceUnitInfo [name: default]
2023-05-23 21:09:14.420  INFO 21908 --- [    Test worker] com.zaxxer.hikari.HikariDataSource       : HikariPool-14 - Starting...
2023-05-23 21:09:14.422  INFO 21908 --- [    Test worker] com.zaxxer.hikari.HikariDataSource       : HikariPool-14 - Start completed.
2023-05-23 21:09:14.423  INFO 21908 --- [    Test worker] org.hibernate.dialect.Dialect            : HHH000400: Using dialect: org.hibernate.dialect.H2Dialect
2023-05-23 21:09:14.627  INFO 21908 --- [    Test worker] o.h.e.t.j.p.i.JtaPlatformInitiator       : HHH000490: Using JtaPlatform implementation: [org.hibernate.engine.transaction.jta.platform.internal.NoJtaPlatform]
2023-05-23 21:09:14.627  INFO 21908 --- [    Test worker] j.LocalContainerEntityManagerFactoryBean : Initialized JPA EntityManagerFactory for persistence unit 'default'
2023-05-23 21:09:15.223  WARN 21908 --- [    Test worker] JpaBaseConfiguration$JpaWebConfiguration : spring.jpa.open-in-view is enabled by default. Therefore, database queries may be performed during view rendering. Explicitly configure spring.jpa.open-in-view to disable this warning
2023-05-23 21:09:15.808  INFO 21908 --- [    Test worker] o.s.b.t.m.w.SpringBootMockServletContext : Initializing Spring TestDispatcherServlet ''
2023-05-23 21:09:15.808  INFO 21908 --- [    Test worker] o.s.t.web.servlet.TestDispatcherServlet  : Initializing Servlet ''
2023-05-23 21:09:15.809  INFO 21908 --- [    Test worker] o.s.t.web.servlet.TestDispatcherServlet  : Completed initialization in 1 ms
2023-05-23 21:09:15.816  INFO 21908 --- [    Test worker] c.u.T.i.c.user.comand.ComandUserTest     : Started ComandUserTest in 2.252 seconds (JVM running for 134.371)
2023-05-23 21:09:15.840  INFO 21908 --- [    Test worker] c.u.T.i.aspect.LogExecutionAspect        : DtoResponse com.uco.TrafficAgent.infrastructure.repository.login.controller.ComandControllerLogin.login(DtoLogin) executed in 11ms
2023-05-23 21:09:15.910  INFO 21908 --- [    Test worker] j.LocalContainerEntityManagerFactoryBean : Closing JPA EntityManagerFactory for persistence unit 'default'
2023-05-23 21:09:15.910  INFO 21908 --- [    Test worker] com.zaxxer.hikari.HikariDataSource       : HikariPool-14 - Shutdown initiated...
2023-05-23 21:09:15.912  INFO 21908 --- [    Test worker] com.zaxxer.hikari.HikariDataSource       : HikariPool-14 - Shutdown completed.

  .   ____          _            __ _ _
 /\\ / ___'_ __ _ _(_)_ __  __ _ \ \ \ \
( ( )\___ | '_ | '_| | '_ \/ _` | \ \ \ \
 \\/  ___)| |_)| | | | | || (_| |  ) ) ) )
  '  |____| .__|_| |_|_| |_\__, | / / / /
 =========|_|==============|___/=/_/_/_/
 :: Spring Boot ::                (v2.6.3)

2023-05-23 21:09:15.958  INFO 21908 --- [    Test worker] c.u.T.i.c.user.comand.ComandUserTest     : Starting ComandUserTest using Java 17 on DESKTOP-7IOCUQU with PID 21908 (started by Usuario in C:\Users\Usuario\Desktop\TrafficAgent)
2023-05-23 21:09:15.958  INFO 21908 --- [    Test worker] c.u.T.i.c.user.comand.ComandUserTest     : The following profiles are active: test
2023-05-23 21:09:16.439  INFO 21908 --- [    Test worker] .s.d.r.c.RepositoryConfigurationDelegate : Bootstrapping Spring Data JPA repositories in DEFAULT mode.
2023-05-23 21:09:16.578  INFO 21908 --- [    Test worker] .s.d.r.c.RepositoryConfigurationDelegate : Finished Spring Data repository scanning in 138 ms. Found 5 JPA repository interfaces.
2023-05-23 21:09:16.975  INFO 21908 --- [    Test worker] o.hibernate.jpa.internal.util.LogHelper  : HHH000204: Processing PersistenceUnitInfo [name: default]
2023-05-23 21:09:16.987  INFO 21908 --- [    Test worker] com.zaxxer.hikari.HikariDataSource       : HikariPool-15 - Starting...
2023-05-23 21:09:16.989  INFO 21908 --- [    Test worker] com.zaxxer.hikari.HikariDataSource       : HikariPool-15 - Start completed.
2023-05-23 21:09:16.989  INFO 21908 --- [    Test worker] org.hibernate.dialect.Dialect            : HHH000400: Using dialect: org.hibernate.dialect.H2Dialect
2023-05-23 21:09:17.160  INFO 21908 --- [    Test worker] o.h.e.t.j.p.i.JtaPlatformInitiator       : HHH000490: Using JtaPlatform implementation: [org.hibernate.engine.transaction.jta.platform.internal.NoJtaPlatform]
2023-05-23 21:09:17.160  INFO 21908 --- [    Test worker] j.LocalContainerEntityManagerFactoryBean : Initialized JPA EntityManagerFactory for persistence unit 'default'
2023-05-23 21:09:17.850  WARN 21908 --- [    Test worker] JpaBaseConfiguration$JpaWebConfiguration : spring.jpa.open-in-view is enabled by default. Therefore, database queries may be performed during view rendering. Explicitly configure spring.jpa.open-in-view to disable this warning
2023-05-23 21:09:18.270  INFO 21908 --- [    Test worker] o.s.b.t.m.w.SpringBootMockServletContext : Initializing Spring TestDispatcherServlet ''
2023-05-23 21:09:18.270  INFO 21908 --- [    Test worker] o.s.t.web.servlet.TestDispatcherServlet  : Initializing Servlet ''
2023-05-23 21:09:18.271  INFO 21908 --- [    Test worker] o.s.t.web.servlet.TestDispatcherServlet  : Completed initialization in 1 ms
2023-05-23 21:09:18.282  INFO 21908 --- [    Test worker] c.u.T.i.c.user.comand.ComandUserTest     : Started ComandUserTest in 2.366 seconds (JVM running for 136.837)
2023-05-23 21:09:18.311  INFO 21908 --- [    Test worker] j.LocalContainerEntityManagerFactoryBean : Closing JPA EntityManagerFactory for persistence unit 'default'
2023-05-23 21:09:18.311  INFO 21908 --- [    Test worker] com.zaxxer.hikari.HikariDataSource       : HikariPool-15 - Shutdown initiated...
2023-05-23 21:09:18.313  INFO 21908 --- [    Test worker] com.zaxxer.hikari.HikariDataSource       : HikariPool-15 - Shutdown completed.

  .   ____          _            __ _ _
 /\\ / ___'_ __ _ _(_)_ __  __ _ \ \ \ \
( ( )\___ | '_ | '_| | '_ \/ _` | \ \ \ \
 \\/  ___)| |_)| | | | | || (_| |  ) ) ) )
  '  |____| .__|_| |_|_| |_\__, | / / / /
 =========|_|==============|___/=/_/_/_/
 :: Spring Boot ::                (v2.6.3)

2023-05-23 21:09:18.366  INFO 21908 --- [    Test worker] c.u.T.i.c.user.comand.ComandUserTest     : Starting ComandUserTest using Java 17 on DESKTOP-7IOCUQU with PID 21908 (started by Usuario in C:\Users\Usuario\Desktop\TrafficAgent)
2023-05-23 21:09:18.366  INFO 21908 --- [    Test worker] c.u.T.i.c.user.comand.ComandUserTest     : The following profiles are active: test
2023-05-23 21:09:18.868  INFO 21908 --- [    Test worker] .s.d.r.c.RepositoryConfigurationDelegate : Bootstrapping Spring Data JPA repositories in DEFAULT mode.
2023-05-23 21:09:19.029  INFO 21908 --- [    Test worker] .s.d.r.c.RepositoryConfigurationDelegate : Finished Spring Data repository scanning in 161 ms. Found 5 JPA repository interfaces.
2023-05-23 21:09:19.403  INFO 21908 --- [    Test worker] o.hibernate.jpa.internal.util.LogHelper  : HHH000204: Processing PersistenceUnitInfo [name: default]
2023-05-23 21:09:19.421  INFO 21908 --- [    Test worker] com.zaxxer.hikari.HikariDataSource       : HikariPool-16 - Starting...
2023-05-23 21:09:19.423  INFO 21908 --- [    Test worker] com.zaxxer.hikari.HikariDataSource       : HikariPool-16 - Start completed.
2023-05-23 21:09:19.423  INFO 21908 --- [    Test worker] org.hibernate.dialect.Dialect            : HHH000400: Using dialect: org.hibernate.dialect.H2Dialect
2023-05-23 21:09:19.573  INFO 21908 --- [    Test worker] o.h.e.t.j.p.i.JtaPlatformInitiator       : HHH000490: Using JtaPlatform implementation: [org.hibernate.engine.transaction.jta.platform.internal.NoJtaPlatform]
2023-05-23 21:09:19.573  INFO 21908 --- [    Test worker] j.LocalContainerEntityManagerFactoryBean : Initialized JPA EntityManagerFactory for persistence unit 'default'
2023-05-23 21:09:20.285  WARN 21908 --- [    Test worker] JpaBaseConfiguration$JpaWebConfiguration : spring.jpa.open-in-view is enabled by default. Therefore, database queries may be performed during view rendering. Explicitly configure spring.jpa.open-in-view to disable this warning
2023-05-23 21:09:20.755  INFO 21908 --- [    Test worker] o.s.b.t.m.w.SpringBootMockServletContext : Initializing Spring TestDispatcherServlet ''
2023-05-23 21:09:20.755  INFO 21908 --- [    Test worker] o.s.t.web.servlet.TestDispatcherServlet  : Initializing Servlet ''
2023-05-23 21:09:20.756  INFO 21908 --- [    Test worker] o.s.t.web.servlet.TestDispatcherServlet  : Completed initialization in 1 ms
2023-05-23 21:09:20.764  INFO 21908 --- [    Test worker] c.u.T.i.c.user.comand.ComandUserTest     : Started ComandUserTest in 2.445 seconds (JVM running for 139.319)
2023-05-23 21:09:20.790  INFO 21908 --- [    Test worker] c.u.T.i.aspect.LogExecutionAspect        : DtoResponse com.uco.TrafficAgent.infrastructure.repository.login.controller.ComandControllerLogin.login(DtoLogin) executed in 13ms
2023-05-23 21:09:20.819  INFO 21908 --- [    Test worker] j.LocalContainerEntityManagerFactoryBean : Closing JPA EntityManagerFactory for persistence unit 'default'
2023-05-23 21:09:20.820  INFO 21908 --- [    Test worker] com.zaxxer.hikari.HikariDataSource       : HikariPool-16 - Shutdown initiated...
2023-05-23 21:09:20.822  INFO 21908 --- [    Test worker] com.zaxxer.hikari.HikariDataSource       : HikariPool-16 - Shutdown completed.

  .   ____          _            __ _ _
 /\\ / ___'_ __ _ _(_)_ __  __ _ \ \ \ \
( ( )\___ | '_ | '_| | '_ \/ _` | \ \ \ \
 \\/  ___)| |_)| | | | | || (_| |  ) ) ) )
  '  |____| .__|_| |_|_| |_\__, | / / / /
 =========|_|==============|___/=/_/_/_/
 :: Spring Boot ::                (v2.6.3)

2023-05-23 21:09:20.885  INFO 21908 --- [    Test worker] c.u.T.i.c.user.comand.ComandUserTest     : Starting ComandUserTest using Java 17 on DESKTOP-7IOCUQU with PID 21908 (started by Usuario in C:\Users\Usuario\Desktop\TrafficAgent)
2023-05-23 21:09:20.885  INFO 21908 --- [    Test worker] c.u.T.i.c.user.comand.ComandUserTest     : The following profiles are active: test
2023-05-23 21:09:21.377  INFO 21908 --- [    Test worker] .s.d.r.c.RepositoryConfigurationDelegate : Bootstrapping Spring Data JPA repositories in DEFAULT mode.
2023-05-23 21:09:21.487  INFO 21908 --- [    Test worker] .s.d.r.c.RepositoryConfigurationDelegate : Finished Spring Data repository scanning in 109 ms. Found 5 JPA repository interfaces.
2023-05-23 21:09:21.792  INFO 21908 --- [    Test worker] o.hibernate.jpa.internal.util.LogHelper  : HHH000204: Processing PersistenceUnitInfo [name: default]
2023-05-23 21:09:21.809  INFO 21908 --- [    Test worker] com.zaxxer.hikari.HikariDataSource       : HikariPool-17 - Starting...
2023-05-23 21:09:21.811  INFO 21908 --- [    Test worker] com.zaxxer.hikari.HikariDataSource       : HikariPool-17 - Start completed.
2023-05-23 21:09:21.812  INFO 21908 --- [    Test worker] org.hibernate.dialect.Dialect            : HHH000400: Using dialect: org.hibernate.dialect.H2Dialect
2023-05-23 21:09:22.031  INFO 21908 --- [    Test worker] o.h.e.t.j.p.i.JtaPlatformInitiator       : HHH000490: Using JtaPlatform implementation: [org.hibernate.engine.transaction.jta.platform.internal.NoJtaPlatform]
2023-05-23 21:09:22.031  INFO 21908 --- [    Test worker] j.LocalContainerEntityManagerFactoryBean : Initialized JPA EntityManagerFactory for persistence unit 'default'
2023-05-23 21:09:22.687  WARN 21908 --- [    Test worker] JpaBaseConfiguration$JpaWebConfiguration : spring.jpa.open-in-view is enabled by default. Therefore, database queries may be performed during view rendering. Explicitly configure spring.jpa.open-in-view to disable this warning
2023-05-23 21:09:23.215  INFO 21908 --- [    Test worker] o.s.b.t.m.w.SpringBootMockServletContext : Initializing Spring TestDispatcherServlet ''
2023-05-23 21:09:23.215  INFO 21908 --- [    Test worker] o.s.t.web.servlet.TestDispatcherServlet  : Initializing Servlet ''
2023-05-23 21:09:23.216  INFO 21908 --- [    Test worker] o.s.t.web.servlet.TestDispatcherServlet  : Completed initialization in 1 ms
2023-05-23 21:09:23.233  INFO 21908 --- [    Test worker] c.u.T.i.c.user.comand.ComandUserTest     : Started ComandUserTest in 2.406 seconds (JVM running for 141.786)
2023-05-23 21:09:23.263  INFO 21908 --- [    Test worker] c.u.T.i.aspect.LogExecutionAspect        : DtoResponse com.uco.TrafficAgent.infrastructure.repository.login.controller.ComandControllerLogin.login(DtoLogin) executed in 10ms
2023-05-23 21:09:23.328  INFO 21908 --- [    Test worker] j.LocalContainerEntityManagerFactoryBean : Closing JPA EntityManagerFactory for persistence unit 'default'
2023-05-23 21:09:23.329  INFO 21908 --- [    Test worker] com.zaxxer.hikari.HikariDataSource       : HikariPool-17 - Shutdown initiated...
2023-05-23 21:09:23.331  INFO 21908 --- [    Test worker] com.zaxxer.hikari.HikariDataSource       : HikariPool-17 - Shutdown completed.

  .   ____          _            __ _ _
 /\\ / ___'_ __ _ _(_)_ __  __ _ \ \ \ \
( ( )\___ | '_ | '_| | '_ \/ _` | \ \ \ \
 \\/  ___)| |_)| | | | | || (_| |  ) ) ) )
  '  |____| .__|_| |_|_| |_\__, | / / / /
 =========|_|==============|___/=/_/_/_/
 :: Spring Boot ::                (v2.6.3)

2023-05-23 21:09:23.450  INFO 21908 --- [    Test worker] c.u.T.i.c.user.comand.ComandUserTest     : Starting ComandUserTest using Java 17 on DESKTOP-7IOCUQU with PID 21908 (started by Usuario in C:\Users\Usuario\Desktop\TrafficAgent)
2023-05-23 21:09:23.450  INFO 21908 --- [    Test worker] c.u.T.i.c.user.comand.ComandUserTest     : The following profiles are active: test
2023-05-23 21:09:25.998  INFO 21908 --- [    Test worker] .s.d.r.c.RepositoryConfigurationDelegate : Bootstrapping Spring Data JPA repositories in DEFAULT mode.
2023-05-23 21:09:26.962  INFO 21908 --- [    Test worker] .s.d.r.c.RepositoryConfigurationDelegate : Finished Spring Data repository scanning in 963 ms. Found 5 JPA repository interfaces.
2023-05-23 21:09:28.197  INFO 21908 --- [    Test worker] o.hibernate.jpa.internal.util.LogHelper  : HHH000204: Processing PersistenceUnitInfo [name: default]
2023-05-23 21:09:28.223  INFO 21908 --- [    Test worker] com.zaxxer.hikari.HikariDataSource       : HikariPool-18 - Starting...
2023-05-23 21:09:28.225  INFO 21908 --- [    Test worker] com.zaxxer.hikari.HikariDataSource       : HikariPool-18 - Start completed.
2023-05-23 21:09:28.226  INFO 21908 --- [    Test worker] org.hibernate.dialect.Dialect            : HHH000400: Using dialect: org.hibernate.dialect.H2Dialect
2023-05-23 21:09:28.678  INFO 21908 --- [    Test worker] o.h.e.t.j.p.i.JtaPlatformInitiator       : HHH000490: Using JtaPlatform implementation: [org.hibernate.engine.transaction.jta.platform.internal.NoJtaPlatform]
2023-05-23 21:09:28.679  INFO 21908 --- [    Test worker] j.LocalContainerEntityManagerFactoryBean : Initialized JPA EntityManagerFactory for persistence unit 'default'
2023-05-23 21:09:29.477  WARN 21908 --- [    Test worker] JpaBaseConfiguration$JpaWebConfiguration : spring.jpa.open-in-view is enabled by default. Therefore, database queries may be performed during view rendering. Explicitly configure spring.jpa.open-in-view to disable this warning
2023-05-23 21:09:30.080  INFO 21908 --- [    Test worker] o.s.b.t.m.w.SpringBootMockServletContext : Initializing Spring TestDispatcherServlet ''
2023-05-23 21:09:30.080  INFO 21908 --- [    Test worker] o.s.t.web.servlet.TestDispatcherServlet  : Initializing Servlet ''
2023-05-23 21:09:30.082  INFO 21908 --- [    Test worker] o.s.t.web.servlet.TestDispatcherServlet  : Completed initialization in 2 ms
2023-05-23 21:09:30.092  INFO 21908 --- [    Test worker] c.u.T.i.c.user.comand.ComandUserTest     : Started ComandUserTest in 6.757 seconds (JVM running for 148.647)
2023-05-23 21:09:30.122  INFO 21908 --- [    Test worker] j.LocalContainerEntityManagerFactoryBean : Closing JPA EntityManagerFactory for persistence unit 'default'
2023-05-23 21:09:30.122  INFO 21908 --- [    Test worker] com.zaxxer.hikari.HikariDataSource       : HikariPool-18 - Shutdown initiated...
2023-05-23 21:09:30.125  INFO 21908 --- [    Test worker] com.zaxxer.hikari.HikariDataSource       : HikariPool-18 - Shutdown completed.

  .   ____          _            __ _ _
 /\\ / ___'_ __ _ _(_)_ __  __ _ \ \ \ \
( ( )\___ | '_ | '_| | '_ \/ _` | \ \ \ \
 \\/  ___)| |_)| | | | | || (_| |  ) ) ) )
  '  |____| .__|_| |_|_| |_\__, | / / / /
 =========|_|==============|___/=/_/_/_/
 :: Spring Boot ::                (v2.6.3)

2023-05-23 21:09:30.165  INFO 21908 --- [    Test worker] c.u.T.i.c.user.comand.ComandUserTest     : Starting ComandUserTest using Java 17 on DESKTOP-7IOCUQU with PID 21908 (started by Usuario in C:\Users\Usuario\Desktop\TrafficAgent)
2023-05-23 21:09:30.165  INFO 21908 --- [    Test worker] c.u.T.i.c.user.comand.ComandUserTest     : The following profiles are active: test
2023-05-23 21:09:30.602  INFO 21908 --- [    Test worker] .s.d.r.c.RepositoryConfigurationDelegate : Bootstrapping Spring Data JPA repositories in DEFAULT mode.
2023-05-23 21:09:30.735  INFO 21908 --- [    Test worker] .s.d.r.c.RepositoryConfigurationDelegate : Finished Spring Data repository scanning in 132 ms. Found 5 JPA repository interfaces.
2023-05-23 21:09:30.983  INFO 21908 --- [    Test worker] o.hibernate.jpa.internal.util.LogHelper  : HHH000204: Processing PersistenceUnitInfo [name: default]
2023-05-23 21:09:30.994  INFO 21908 --- [    Test worker] com.zaxxer.hikari.HikariDataSource       : HikariPool-19 - Starting...
2023-05-23 21:09:30.995  INFO 21908 --- [    Test worker] com.zaxxer.hikari.HikariDataSource       : HikariPool-19 - Start completed.
2023-05-23 21:09:30.995  INFO 21908 --- [    Test worker] org.hibernate.dialect.Dialect            : HHH000400: Using dialect: org.hibernate.dialect.H2Dialect
2023-05-23 21:09:31.127  INFO 21908 --- [    Test worker] o.h.e.t.j.p.i.JtaPlatformInitiator       : HHH000490: Using JtaPlatform implementation: [org.hibernate.engine.transaction.jta.platform.internal.NoJtaPlatform]
2023-05-23 21:09:31.127  INFO 21908 --- [    Test worker] j.LocalContainerEntityManagerFactoryBean : Initialized JPA EntityManagerFactory for persistence unit 'default'
2023-05-23 21:09:31.810  WARN 21908 --- [    Test worker] JpaBaseConfiguration$JpaWebConfiguration : spring.jpa.open-in-view is enabled by default. Therefore, database queries may be performed during view rendering. Explicitly configure spring.jpa.open-in-view to disable this warning
2023-05-23 21:09:32.406  INFO 21908 --- [    Test worker] o.s.b.t.m.w.SpringBootMockServletContext : Initializing Spring TestDispatcherServlet ''
2023-05-23 21:09:32.406  INFO 21908 --- [    Test worker] o.s.t.web.servlet.TestDispatcherServlet  : Initializing Servlet ''
2023-05-23 21:09:32.408  INFO 21908 --- [    Test worker] o.s.t.web.servlet.TestDispatcherServlet  : Completed initialization in 1 ms
2023-05-23 21:09:32.419  INFO 21908 --- [    Test worker] c.u.T.i.c.user.comand.ComandUserTest     : Started ComandUserTest in 2.289 seconds (JVM running for 150.974)
2023-05-23 21:09:32.450  INFO 21908 --- [    Test worker] c.u.T.i.aspect.LogExecutionAspect        : DtoResponse com.uco.TrafficAgent.infrastructure.repository.login.controller.ComandControllerLogin.login(DtoLogin) executed in 12ms
2023-05-23 21:09:32.502  INFO 21908 --- [    Test worker] j.LocalContainerEntityManagerFactoryBean : Closing JPA EntityManagerFactory for persistence unit 'default'
2023-05-23 21:09:32.503  INFO 21908 --- [    Test worker] com.zaxxer.hikari.HikariDataSource       : HikariPool-19 - Shutdown initiated...
2023-05-23 21:09:32.504  INFO 21908 --- [    Test worker] com.zaxxer.hikari.HikariDataSource       : HikariPool-19 - Shutdown completed.
]]></system-out>
  <system-err><![CDATA[]]></system-err>
</testsuite>
