<?xml version="1.0" encoding="UTF-8"?>
<testsuite name="com.uco.TrafficAgent.domain.service.contact.ServiceSaveContactTest" tests="2" skipped="0" failures="0" errors="0" timestamp="2023-06-02T15:41:50" hostname="SANTIAGOP-CARDE" time="0.008">
  <properties/>
  <testcase name="createContactSuccessful()" classname="com.uco.TrafficAgent.domain.service.contact.ServiceSaveContactTest" time="0.007"/>
  <testcase name="noCreateContact()" classname="com.uco.TrafficAgent.domain.service.contact.ServiceSaveContactTest" time="0.001"/>
  <system-out><![CDATA[]]></system-out>
  <system-err><![CDATA[]]></system-err>
</testsuite>
