<?xml version="1.0" encoding="UTF-8"?>
<testsuite name="com.uco.TrafficAgent.infrastructure.controller.contact.comand.ComandContactTest" tests="2" skipped="0" failures="0" errors="0" timestamp="2023-05-21T15:12:11" hostname="DESKTOP-7IOCUQU" time="9.199">
  <properties/>
  <testcase name="noCreateContactBecauseItWasAlreadyCreatedWhitSameNumberPhone()" classname="com.uco.TrafficAgent.infrastructure.controller.contact.comand.ComandContactTest" time="2.476"/>
  <testcase name="createContactSuccessful()" classname="com.uco.TrafficAgent.infrastructure.controller.contact.comand.ComandContactTest" time="0.321"/>
  <system-out><![CDATA[10:11:40.893 [Test worker] DEBUG org.springframework.test.context.BootstrapUtils - Instantiating CacheAwareContextLoaderDelegate from class [org.springframework.test.context.cache.DefaultCacheAwareContextLoaderDelegate]
10:11:41.032 [Test worker] DEBUG org.springframework.test.context.BootstrapUtils - Instantiating BootstrapContext using constructor [public org.springframework.test.context.support.DefaultBootstrapContext(java.lang.Class,org.springframework.test.context.CacheAwareContextLoaderDelegate)]
10:11:41.281 [Test worker] DEBUG org.springframework.test.context.BootstrapUtils - Instantiating TestContextBootstrapper for test class [com.uco.TrafficAgent.infrastructure.controller.contact.comand.ComandContactTest] from class [org.springframework.boot.test.context.SpringBootTestContextBootstrapper]
10:11:41.560 [Test worker] DEBUG org.springframework.test.context.support.AbstractContextLoader - Did not detect default resource location for test class [com.uco.TrafficAgent.infrastructure.controller.contact.comand.ComandContactTest]: class path resource [com/uco/TrafficAgent/infrastructure/controller/contact/comand/ComandContactTest-context.xml] does not exist
10:11:41.561 [Test worker] DEBUG org.springframework.test.context.support.AbstractContextLoader - Did not detect default resource location for test class [com.uco.TrafficAgent.infrastructure.controller.contact.comand.ComandContactTest]: class path resource [com/uco/TrafficAgent/infrastructure/controller/contact/comand/ComandContactTestContext.groovy] does not exist
10:11:41.561 [Test worker] INFO org.springframework.test.context.support.AbstractContextLoader - Could not detect default resource locations for test class [com.uco.TrafficAgent.infrastructure.controller.contact.comand.ComandContactTest]: no resource found for suffixes {-context.xml, Context.groovy}.
10:11:43.243 [Test worker] DEBUG org.springframework.boot.test.context.SpringBootTestContextBootstrapper - @TestExecutionListeners is not present for class [com.uco.TrafficAgent.infrastructure.controller.contact.comand.ComandContactTest]: using defaults.
10:11:43.244 [Test worker] INFO org.springframework.boot.test.context.SpringBootTestContextBootstrapper - Loaded default TestExecutionListener class names from location [META-INF/spring.factories]: [org.springframework.boot.test.autoconfigure.restdocs.RestDocsTestExecutionListener, org.springframework.boot.test.autoconfigure.web.client.MockRestServiceServerResetTestExecutionListener, org.springframework.boot.test.autoconfigure.web.servlet.MockMvcPrintOnlyOnFailureTestExecutionListener, org.springframework.boot.test.autoconfigure.web.servlet.WebDriverTestExecutionListener, org.springframework.boot.test.autoconfigure.webservices.client.MockWebServiceServerTestExecutionListener, org.springframework.boot.test.mock.mockito.MockitoTestExecutionListener, org.springframework.boot.test.mock.mockito.ResetMocksTestExecutionListener, org.springframework.test.context.web.ServletTestExecutionListener, org.springframework.test.context.support.DirtiesContextBeforeModesTestExecutionListener, org.springframework.test.context.event.ApplicationEventsTestExecutionListener, org.springframework.test.context.support.DependencyInjectionTestExecutionListener, org.springframework.test.context.support.DirtiesContextTestExecutionListener, org.springframework.test.context.transaction.TransactionalTestExecutionListener, org.springframework.test.context.jdbc.SqlScriptsTestExecutionListener, org.springframework.test.context.event.EventPublishingTestExecutionListener]
10:11:43.648 [Test worker] INFO org.springframework.boot.test.context.SpringBootTestContextBootstrapper - Using TestExecutionListeners: [org.springframework.test.context.web.ServletTestExecutionListener@55a02bb6, org.springframework.test.context.support.DirtiesContextBeforeModesTestExecutionListener@5cdbcf6b, org.springframework.test.context.event.ApplicationEventsTestExecutionListener@1c785367, org.springframework.boot.test.mock.mockito.MockitoTestExecutionListener@543660e7, org.springframework.boot.test.autoconfigure.SpringBootDependencyInjectionTestExecutionListener@9f1c4c, org.springframework.test.context.support.DirtiesContextTestExecutionListener@2bd3ba3, org.springframework.test.context.transaction.TransactionalTestExecutionListener@5c00b3f8, org.springframework.test.context.jdbc.SqlScriptsTestExecutionListener@3b56d1c7, org.springframework.test.context.event.EventPublishingTestExecutionListener@4353d79d, org.springframework.boot.test.autoconfigure.restdocs.RestDocsTestExecutionListener@28d89c77, org.springframework.boot.test.autoconfigure.web.client.MockRestServiceServerResetTestExecutionListener@711e65e7, org.springframework.boot.test.autoconfigure.web.servlet.MockMvcPrintOnlyOnFailureTestExecutionListener@7c4b4aea, org.springframework.boot.test.autoconfigure.web.servlet.WebDriverTestExecutionListener@217995c1, org.springframework.boot.test.autoconfigure.webservices.client.MockWebServiceServerTestExecutionListener@4d2e9ebd, org.springframework.boot.test.mock.mockito.ResetMocksTestExecutionListener@4f1deba2]
10:11:43.675 [Test worker] DEBUG org.springframework.test.context.support.AbstractDirtiesContextTestExecutionListener - Before test class: context [DefaultTestContext@172a2bef testClass = ComandContactTest, testInstance = [null], testMethod = [null], testException = [null], mergedContextConfiguration = [WebMergedContextConfiguration@54520a73 testClass = ComandContactTest, locations = '{}', classes = '{class com.uco.TrafficAgent.infrastructure.ApplicationMock}', contextInitializerClasses = '[]', activeProfiles = '{test}', propertySourceLocations = '{}', propertySourceProperties = '{org.springframework.boot.test.context.SpringBootTestContextBootstrapper=true}', contextCustomizers = set[org.springframework.boot.test.autoconfigure.actuate.metrics.MetricsExportContextCustomizerFactory$DisableMetricExportContextCustomizer@5fa353b7, org.springframework.boot.test.autoconfigure.properties.PropertyMappingContextCustomizer@4b3fa0b3, org.springframework.boot.test.autoconfigure.web.servlet.WebDriverContextCustomizerFactory$Customizer@75c2666e, [ImportsContextCustomizer@5025832c key = [org.springframework.boot.test.autoconfigure.web.servlet.MockMvcAutoConfiguration, org.springframework.boot.test.autoconfigure.web.servlet.MockMvcWebClientAutoConfiguration, org.springframework.boot.test.autoconfigure.web.servlet.MockMvcWebDriverAutoConfiguration, org.springframework.boot.autoconfigure.security.oauth2.client.servlet.OAuth2ClientAutoConfiguration, org.springframework.boot.autoconfigure.security.oauth2.resource.servlet.OAuth2ResourceServerAutoConfiguration, org.springframework.boot.autoconfigure.security.servlet.SecurityAutoConfiguration, org.springframework.boot.autoconfigure.security.servlet.SecurityFilterAutoConfiguration, org.springframework.boot.autoconfigure.security.servlet.UserDetailsServiceAutoConfiguration, org.springframework.boot.test.autoconfigure.web.servlet.MockMvcSecurityConfiguration, org.springframework.boot.test.autoconfigure.web.reactive.WebTestClientAutoConfiguration]], org.springframework.boot.test.context.filter.ExcludeFilterContextCustomizer@7df0f91c, org.springframework.boot.test.json.DuplicateJsonObjectContextCustomizerFactory$DuplicateJsonObjectContextCustomizer@414ff447, org.springframework.boot.test.mock.mockito.MockitoContextCustomizer@0, org.springframework.boot.test.web.client.TestRestTemplateContextCustomizer@4cf5c74e, org.springframework.boot.test.context.SpringBootTestArgs@1, org.springframework.boot.test.context.SpringBootTestWebEnvironment@53667cbe], resourceBasePath = 'src/main/webapp', contextLoader = 'org.springframework.boot.test.context.SpringBootContextLoader', parent = [null]], attributes = map['org.springframework.test.context.web.ServletTestExecutionListener.activateListener' -> true]], class annotated with @DirtiesContext [true] with mode [AFTER_EACH_TEST_METHOD].

  .   ____          _            __ _ _
 /\\ / ___'_ __ _ _(_)_ __  __ _ \ \ \ \
( ( )\___ | '_ | '_| | '_ \/ _` | \ \ \ \
 \\/  ___)| |_)| | | | | || (_| |  ) ) ) )
  '  |____| .__|_| |_|_| |_\__, | / / / /
 =========|_|==============|___/=/_/_/_/
 :: Spring Boot ::                (v2.6.3)

2023-05-21 10:11:46.852  INFO 14832 --- [    Test worker] c.u.T.i.c.c.comand.ComandContactTest     : Starting ComandContactTest using Java 17 on DESKTOP-7IOCUQU with PID 14832 (started by Usuario in C:\Users\Usuario\Desktop\TrafficAgent)
2023-05-21 10:11:46.854  INFO 14832 --- [    Test worker] c.u.T.i.c.c.comand.ComandContactTest     : The following profiles are active: test
2023-05-21 10:11:51.460  INFO 14832 --- [    Test worker] .s.d.r.c.RepositoryConfigurationDelegate : Bootstrapping Spring Data JPA repositories in DEFAULT mode.
2023-05-21 10:11:51.875  INFO 14832 --- [    Test worker] .s.d.r.c.RepositoryConfigurationDelegate : Finished Spring Data repository scanning in 330 ms. Found 5 JPA repository interfaces.
2023-05-21 10:11:57.594  INFO 14832 --- [    Test worker] o.hibernate.jpa.internal.util.LogHelper  : HHH000204: Processing PersistenceUnitInfo [name: default]
2023-05-21 10:11:58.070  INFO 14832 --- [    Test worker] org.hibernate.Version                    : HHH000412: Hibernate ORM core version 5.6.4.Final
2023-05-21 10:11:58.539  INFO 14832 --- [    Test worker] o.hibernate.annotations.common.Version   : HCANN000001: Hibernate Commons Annotations {5.1.2.Final}
2023-05-21 10:11:59.602  INFO 14832 --- [    Test worker] com.zaxxer.hikari.HikariDataSource       : HikariPool-1 - Starting...
2023-05-21 10:12:00.985  INFO 14832 --- [    Test worker] com.zaxxer.hikari.HikariDataSource       : HikariPool-1 - Start completed.
2023-05-21 10:12:01.204  INFO 14832 --- [    Test worker] org.hibernate.dialect.Dialect            : HHH000400: Using dialect: org.hibernate.dialect.H2Dialect
2023-05-21 10:12:03.950  INFO 14832 --- [    Test worker] o.h.e.t.j.p.i.JtaPlatformInitiator       : HHH000490: Using JtaPlatform implementation: [org.hibernate.engine.transaction.jta.platform.internal.NoJtaPlatform]
2023-05-21 10:12:03.981  INFO 14832 --- [    Test worker] j.LocalContainerEntityManagerFactoryBean : Initialized JPA EntityManagerFactory for persistence unit 'default'
2023-05-21 10:12:08.560  WARN 14832 --- [    Test worker] JpaBaseConfiguration$JpaWebConfiguration : spring.jpa.open-in-view is enabled by default. Therefore, database queries may be performed during view rendering. Explicitly configure spring.jpa.open-in-view to disable this warning
2023-05-21 10:12:11.399  INFO 14832 --- [    Test worker] o.s.b.t.m.w.SpringBootMockServletContext : Initializing Spring TestDispatcherServlet ''
2023-05-21 10:12:11.399  INFO 14832 --- [    Test worker] o.s.t.web.servlet.TestDispatcherServlet  : Initializing Servlet ''
2023-05-21 10:12:11.401  INFO 14832 --- [    Test worker] o.s.t.web.servlet.TestDispatcherServlet  : Completed initialization in 2 ms
2023-05-21 10:12:11.456  INFO 14832 --- [    Test worker] c.u.T.i.c.c.comand.ComandContactTest     : Started ComandContactTest in 27.424 seconds (JVM running for 94.858)
2023-05-21 10:12:13.409  INFO 14832 --- [    Test worker] c.u.T.i.aspect.LogExecutionAspect        : DtoResponse com.uco.TrafficAgent.infrastructure.repository.login.controller.ComandControllerLogin.login(DtoLogin) executed in 223ms
2023-05-21 10:12:13.981  INFO 14832 --- [    Test worker] j.LocalContainerEntityManagerFactoryBean : Closing JPA EntityManagerFactory for persistence unit 'default'
2023-05-21 10:12:13.984  INFO 14832 --- [    Test worker] com.zaxxer.hikari.HikariDataSource       : HikariPool-1 - Shutdown initiated...
2023-05-21 10:12:13.989  INFO 14832 --- [    Test worker] com.zaxxer.hikari.HikariDataSource       : HikariPool-1 - Shutdown completed.

  .   ____          _            __ _ _
 /\\ / ___'_ __ _ _(_)_ __  __ _ \ \ \ \
( ( )\___ | '_ | '_| | '_ \/ _` | \ \ \ \
 \\/  ___)| |_)| | | | | || (_| |  ) ) ) )
  '  |____| .__|_| |_|_| |_\__, | / / / /
 =========|_|==============|___/=/_/_/_/
 :: Spring Boot ::                (v2.6.3)

2023-05-21 10:12:14.129  INFO 14832 --- [    Test worker] c.u.T.i.c.c.comand.ComandContactTest     : Starting ComandContactTest using Java 17 on DESKTOP-7IOCUQU with PID 14832 (started by Usuario in C:\Users\Usuario\Desktop\TrafficAgent)
2023-05-21 10:12:14.129  INFO 14832 --- [    Test worker] c.u.T.i.c.c.comand.ComandContactTest     : The following profiles are active: test
2023-05-21 10:12:15.454  INFO 14832 --- [    Test worker] .s.d.r.c.RepositoryConfigurationDelegate : Bootstrapping Spring Data JPA repositories in DEFAULT mode.
2023-05-21 10:12:15.815  INFO 14832 --- [    Test worker] .s.d.r.c.RepositoryConfigurationDelegate : Finished Spring Data repository scanning in 360 ms. Found 5 JPA repository interfaces.
2023-05-21 10:12:16.625  INFO 14832 --- [    Test worker] o.hibernate.jpa.internal.util.LogHelper  : HHH000204: Processing PersistenceUnitInfo [name: default]
2023-05-21 10:12:16.647  INFO 14832 --- [    Test worker] com.zaxxer.hikari.HikariDataSource       : HikariPool-2 - Starting...
2023-05-21 10:12:16.651  INFO 14832 --- [    Test worker] com.zaxxer.hikari.HikariDataSource       : HikariPool-2 - Start completed.
2023-05-21 10:12:16.651  INFO 14832 --- [    Test worker] org.hibernate.dialect.Dialect            : HHH000400: Using dialect: org.hibernate.dialect.H2Dialect
2023-05-21 10:12:17.076  INFO 14832 --- [    Test worker] o.h.e.t.j.p.i.JtaPlatformInitiator       : HHH000490: Using JtaPlatform implementation: [org.hibernate.engine.transaction.jta.platform.internal.NoJtaPlatform]
2023-05-21 10:12:17.076  INFO 14832 --- [    Test worker] j.LocalContainerEntityManagerFactoryBean : Initialized JPA EntityManagerFactory for persistence unit 'default'
2023-05-21 10:12:19.103  WARN 14832 --- [    Test worker] JpaBaseConfiguration$JpaWebConfiguration : spring.jpa.open-in-view is enabled by default. Therefore, database queries may be performed during view rendering. Explicitly configure spring.jpa.open-in-view to disable this warning
2023-05-21 10:12:20.331  INFO 14832 --- [    Test worker] o.s.b.t.m.w.SpringBootMockServletContext : Initializing Spring TestDispatcherServlet ''
2023-05-21 10:12:20.331  INFO 14832 --- [    Test worker] o.s.t.web.servlet.TestDispatcherServlet  : Initializing Servlet ''
2023-05-21 10:12:20.333  INFO 14832 --- [    Test worker] o.s.t.web.servlet.TestDispatcherServlet  : Completed initialization in 2 ms
2023-05-21 10:12:20.378  INFO 14832 --- [    Test worker] c.u.T.i.c.c.comand.ComandContactTest     : Started ComandContactTest in 6.378 seconds (JVM running for 103.78)
2023-05-21 10:12:20.547  INFO 14832 --- [    Test worker] c.u.T.i.aspect.LogExecutionAspect        : DtoResponse com.uco.TrafficAgent.infrastructure.repository.login.controller.ComandControllerLogin.login(DtoLogin) executed in 45ms
2023-05-21 10:12:20.706  INFO 14832 --- [    Test worker] j.LocalContainerEntityManagerFactoryBean : Closing JPA EntityManagerFactory for persistence unit 'default'
2023-05-21 10:12:20.708  INFO 14832 --- [    Test worker] com.zaxxer.hikari.HikariDataSource       : HikariPool-2 - Shutdown initiated...
2023-05-21 10:12:20.714  INFO 14832 --- [    Test worker] com.zaxxer.hikari.HikariDataSource       : HikariPool-2 - Shutdown completed.
]]></system-out>
  <system-err><![CDATA[]]></system-err>
</testsuite>
