<?xml version="1.0" encoding="UTF-8"?>
<testsuite name="com.uco.TrafficAgent.architecture.ArchitectureCleanTest" tests="4" skipped="0" failures="0" errors="0" timestamp="2023-06-02T20:51:25" hostname="DESKTOP-7IOCUQU" time="4.841">
  <properties/>
  <testcase name="layersChecks()" classname="com.uco.TrafficAgent.architecture.ArchitectureCleanTest" time="0.675"/>
  <testcase name="contractShouldBeOnlyInterface()" classname="com.uco.TrafficAgent.architecture.ArchitectureCleanTest" time="0.006"/>
  <testcase name="controllersWithAnnotation()" classname="com.uco.TrafficAgent.architecture.ArchitectureCleanTest" time="0.046"/>
  <testcase name="domainDependsOnlyJava()" classname="com.uco.TrafficAgent.architecture.ArchitectureCleanTest" time="0.025"/>
  <system-out><![CDATA[15:51:20.353 [Test worker] INFO com.tngtech.archunit.core.PluginLoader - Detected Java version 17.0.7
15:51:20.500 [Test worker] DEBUG com.tngtech.archunit.core.PluginLoader - Current Java version is compatible to JAVA_9 => Loading Plugin com.tngtech.archunit.core.importer.ModuleImportPlugin
15:51:20.998 [Test worker] DEBUG com.tngtech.archunit.core.importer.UrlSource$From - Found URLs on sun.boot.class.path: []
15:51:21.047 [Test worker] DEBUG com.tngtech.archunit.core.importer.UrlSource$From - Found URLs on java.class.path: [jar:file:/C:/Users/Usuario/.gradle/caches/7.6.1/workerMain/gradle-worker.jar!/, file:/C:/Users/Usuario/Desktop/TrafficAgent/build/classes/java/test/, file:/C:/Users/Usuario/Desktop/TrafficAgent/build/resources/test/, file:/C:/Users/Usuario/Desktop/TrafficAgent/build/classes/java/main/, file:/C:/Users/Usuario/Desktop/TrafficAgent/build/resources/main/, jar:file:/C:/Users/Usuario/.gradle/caches/modules-2/files-2.1/org.springframework.boot/spring-boot-starter-web/2.6.3/ceb6e909c144daf9e792069f5f0efd105c8712a/spring-boot-starter-web-2.6.3.jar!/, jar:file:/C:/Users/Usuario/.gradle/caches/modules-2/files-2.1/org.springframework.boot/spring-boot-starter-undertow/2.6.3/988095d74254727e400818c46de206242a427de5/spring-boot-starter-undertow-2.6.3.jar!/, jar:file:/C:/Users/Usuario/.gradle/caches/modules-2/files-2.1/org.springframework.boot/spring-boot-starter-data-jpa/2.6.3/74c60a724e4f81c7527b848ee24e91ba6facfe24/spring-boot-starter-data-jpa-2.6.3.jar!/, jar:file:/C:/Users/Usuario/.gradle/caches/modules-2/files-2.1/org.postgresql/postgresql/42.3.1/9ca7df660e875b91c78e3d1608d4d7469ad3470c/postgresql-42.3.1.jar!/, jar:file:/C:/Users/Usuario/.gradle/caches/modules-2/files-2.1/org.springframework.retry/spring-retry/2.0.0/6a7a653901b58eb741692417f33b5bebedbd01f7/spring-retry-2.0.0.jar!/, jar:file:/C:/Users/Usuario/.gradle/caches/modules-2/files-2.1/io.jsonwebtoken/jjwt/0.9.1/54d2abfc3e63a28824d35bf600d6a5d627da681a/jjwt-0.9.1.jar!/, jar:file:/C:/Users/Usuario/.gradle/caches/modules-2/files-2.1/com.auth0/java-jwt/4.2.1/904306772bb7d43750527f84d7b23589a1f9ab12/java-jwt-4.2.1.jar!/, jar:file:/C:/Users/Usuario/.gradle/caches/modules-2/files-2.1/commons-codec/commons-codec/1.15/49d94806b6e3dc933dacbd8acb0fdbab8ebd1e5d/commons-codec-1.15.jar!/, jar:file:/C:/Users/Usuario/.gradle/caches/modules-2/files-2.1/org.springframework.boot/spring-boot-starter-aop/2.6.3/338cbbfe2667aea23d95672093e05b5f54630c5a/spring-boot-starter-aop-2.6.3.jar!/, jar:file:/C:/Users/Usuario/.gradle/caches/modules-2/files-2.1/com.h2database/h2/2.1.214/d5c2005c9e3279201e12d4776c948578b16bf8b2/h2-2.1.214.jar!/, jar:file:/C:/Users/Usuario/.gradle/caches/modules-2/files-2.1/com.sun.mail/javax.mail/1.6.2/935151eb71beff17a2ffac15dd80184a99a0514f/javax.mail-1.6.2.jar!/, jar:file:/C:/Users/Usuario/.gradle/caches/modules-2/files-2.1/org.springframework.boot/spring-boot-starter-thymeleaf/2.6.3/1468befdafc10744d410848ea5ecb4d44c6c215b/spring-boot-starter-thymeleaf-2.6.3.jar!/, jar:file:/C:/Users/Usuario/.gradle/caches/modules-2/files-2.1/nz.net.ultraq.thymeleaf/thymeleaf-layout-dialect/3.0.0/901115ad80d4928d1d15f7dfa0bad99c1a006cc2/thymeleaf-layout-dialect-3.0.0.jar!/, jar:file:/C:/Users/Usuario/.gradle/caches/modules-2/files-2.1/org.springframework.boot/spring-boot-starter-test/2.6.3/1ac659fc8c6d7285218b7ff79d67b87736f4ddf2/spring-boot-starter-test-2.6.3.jar!/, jar:file:/C:/Users/Usuario/.gradle/caches/modules-2/files-2.1/com.tngtech.archunit/archunit-junit5/1.0.0/d381ade9436d047877181fe50f508318e6a5a8/archunit-junit5-1.0.0.jar!/, jar:file:/C:/Users/Usuario/.gradle/caches/modules-2/files-2.1/org.springframework.boot/spring-boot-starter-json/2.6.3/b43885849bde2ad5d436c5acdd43b21730f9c676/spring-boot-starter-json-2.6.3.jar!/, jar:file:/C:/Users/Usuario/.gradle/caches/modules-2/files-2.1/org.springframework.boot/spring-boot-starter-jdbc/2.6.3/17871ef6920a3decad5f10181b2baf198ea2b787/spring-boot-starter-jdbc-2.6.3.jar!/, jar:file:/C:/Users/Usuario/.gradle/caches/modules-2/files-2.1/org.springframework.boot/spring-boot-starter/2.6.3/1211af6e300c0584e01c7a9a75e585ac0aec6ea6/spring-boot-starter-2.6.3.jar!/, jar:file:/C:/Users/Usuario/.gradle/caches/modules-2/files-2.1/org.springframework/spring-webmvc/5.3.15/28307dda4cb5fbeb6f7d7e7c846f464da0eba955/spring-webmvc-5.3.15.jar!/, jar:file:/C:/Users/Usuario/.gradle/caches/modules-2/files-2.1/org.springframework/spring-web/5.3.15/a228b373eff7fe34e868827ab02c91b8bf7a643e/spring-web-5.3.15.jar!/, jar:file:/C:/Users/Usuario/.gradle/caches/modules-2/files-2.1/io.undertow/undertow-websockets-jsr/2.2.14.Final/fffc3ffff1880fd695c22164d37bd16dc1dc4b7e/undertow-websockets-jsr-2.2.14.Final.jar!/, jar:file:/C:/Users/Usuario/.gradle/caches/modules-2/files-2.1/io.undertow/undertow-servlet/2.2.14.Final/8354ab1476d85dec5ee743a0f40b113cf29a55b8/undertow-servlet-2.2.14.Final.jar!/, jar:file:/C:/Users/Usuario/.gradle/caches/modules-2/files-2.1/io.undertow/undertow-core/2.2.14.Final/deb02123fba830230d1837a1e6b3731607196a41/undertow-core-2.2.14.Final.jar!/, jar:file:/C:/Users/Usuario/.gradle/caches/modules-2/files-2.1/jakarta.servlet/jakarta.servlet-api/4.0.4/b8a1142e04838fe54194049c6e7a18dae8f9b960/jakarta.servlet-api-4.0.4.jar!/, jar:file:/C:/Users/Usuario/.gradle/caches/modules-2/files-2.1/jakarta.websocket/jakarta.websocket-api/1.1.2/69c2fdfb75081cc935bc9d6c5616d12b0b73815f/jakarta.websocket-api-1.1.2.jar!/, jar:file:/C:/Users/Usuario/.gradle/caches/modules-2/files-2.1/org.apache.tomcat.embed/tomcat-embed-el/9.0.56/8e4f28f714693ad4e158e61f41371d4e4c6b4e23/tomcat-embed-el-9.0.56.jar!/, jar:file:/C:/Users/Usuario/.gradle/caches/modules-2/files-2.1/jakarta.transaction/jakarta.transaction-api/1.3.3/c4179d48720a1e87202115fbed6089bdc4195405/jakarta.transaction-api-1.3.3.jar!/, jar:file:/C:/Users/Usuario/.gradle/caches/modules-2/files-2.1/jakarta.persistence/jakarta.persistence-api/2.2.3/8f6ea5daedc614f07a3654a455660145286f024e/jakarta.persistence-api-2.2.3.jar!/, jar:file:/C:/Users/Usuario/.gradle/caches/modules-2/files-2.1/org.hibernate/hibernate-core/5.6.4.Final/a21d3a313d8fa4dbf2d05aa50ef3157a8081e83f/hibernate-core-5.6.4.Final.jar!/, jar:file:/C:/Users/Usuario/.gradle/caches/modules-2/files-2.1/org.springframework.data/spring-data-jpa/2.6.1/70eef23d3c1ba594749867edb9c89832da8f923c/spring-data-jpa-2.6.1.jar!/, jar:file:/C:/Users/Usuario/.gradle/caches/modules-2/files-2.1/org.springframework/spring-aspects/5.3.15/d1e42bac0f61ad50f633c13f8bcab905a66313af/spring-aspects-5.3.15.jar!/, jar:file:/C:/Users/Usuario/.gradle/caches/modules-2/files-2.1/org.checkerframework/checker-qual/3.5.0/2f50520c8abea66fbd8d26e481d3aef5c673b510/checker-qual-3.5.0.jar!/, jar:file:/C:/Users/Usuario/.gradle/caches/modules-2/files-2.1/com.fasterxml.jackson.datatype/jackson-datatype-jsr310/2.13.1/1ece5a87b59701328215e0083448b4d451857cbd/jackson-datatype-jsr310-2.13.1.jar!/, jar:file:/C:/Users/Usuario/.gradle/caches/modules-2/files-2.1/com.fasterxml.jackson.module/jackson-module-parameter-names/2.13.1/cbeec2259213c555ef451a2e05f35ed1dbfbf799/jackson-module-parameter-names-2.13.1.jar!/, jar:file:/C:/Users/Usuario/.gradle/caches/modules-2/files-2.1/com.fasterxml.jackson.core/jackson-annotations/2.13.1/1cbcbe4623113e6af92ccaa89884a345270f1a87/jackson-annotations-2.13.1.jar!/, jar:file:/C:/Users/Usuario/.gradle/caches/modules-2/files-2.1/com.fasterxml.jackson.core/jackson-core/2.13.1/51ae921a2ed1e06ca8876f12f32f265e83c0b2b8/jackson-core-2.13.1.jar!/, jar:file:/C:/Users/Usuario/.gradle/caches/modules-2/files-2.1/com.fasterxml.jackson.datatype/jackson-datatype-jdk8/2.13.1/8ecfa9bcd714269fdf22c33f9fd00d0643bd0e21/jackson-datatype-jdk8-2.13.1.jar!/, jar:file:/C:/Users/Usuario/.gradle/caches/modules-2/files-2.1/com.fasterxml.jackson.core/jackson-databind/2.13.1/698b2d2b15d9a1b7aae025f1d9f576842285e7f6/jackson-databind-2.13.1.jar!/, jar:file:/C:/Users/Usuario/.gradle/caches/modules-2/files-2.1/org.springframework.boot/spring-boot-test-autoconfigure/2.6.3/c903465682a6cd69adbc83feb8e8bfa26c51e6ae/spring-boot-test-autoconfigure-2.6.3.jar!/, jar:file:/C:/Users/Usuario/.gradle/caches/modules-2/files-2.1/org.springframework.boot/spring-boot-test/2.6.3/93b38ba8d4f027a7eda8c28dbe8f77b712de1142/spring-boot-test-2.6.3.jar!/, jar:file:/C:/Users/Usuario/.gradle/caches/modules-2/files-2.1/org.springframework.boot/spring-boot-autoconfigure/2.6.3/8bf96f63e9479b5a1c17d1fa05b149bb5ed050e2/spring-boot-autoconfigure-2.6.3.jar!/, jar:file:/C:/Users/Usuario/.gradle/caches/modules-2/files-2.1/org.springframework.boot/spring-boot/2.6.3/f1127e8a70ba7b9f12581e79ea963b739059bf55/spring-boot-2.6.3.jar!/, jar:file:/C:/Users/Usuario/.gradle/caches/modules-2/files-2.1/org.springframework/spring-context/5.3.15/80a12b7dcb3332fbd65c3649249fd35561ffc561/spring-context-5.3.15.jar!/, jar:file:/C:/Users/Usuario/.gradle/caches/modules-2/files-2.1/org.springframework/spring-aop/5.3.15/195966e1f4260f89696e668856ebfd9a1bc76404/spring-aop-5.3.15.jar!/, jar:file:/C:/Users/Usuario/.gradle/caches/modules-2/files-2.1/org.aspectj/aspectjweaver/1.9.7/158f5c255cd3e4408e795b79f7c3fbae9b53b7ca/aspectjweaver-1.9.7.jar!/, jar:file:/C:/Users/Usuario/.gradle/caches/modules-2/files-2.1/javax.activation/activation/1.1/e6cb541461c2834bdea3eb920f1884d1eb508b50/activation-1.1.jar!/, jar:file:/C:/Users/Usuario/.gradle/caches/modules-2/files-2.1/org.thymeleaf/thymeleaf-spring5/3.0.14.RELEASE/a0588f30a1e7dcadfc5c260ef6c6078ef377384/thymeleaf-spring5-3.0.14.RELEASE.jar!/, jar:file:/C:/Users/Usuario/.gradle/caches/modules-2/files-2.1/org.thymeleaf.extras/thymeleaf-extras-java8time/3.0.4.RELEASE/36e7175ddce36c486fff4578b5af7bb32f54f5df/thymeleaf-extras-java8time-3.0.4.RELEASE.jar!/, jar:file:/C:/Users/Usuario/.gradle/caches/modules-2/files-2.1/nz.net.ultraq.extensions/groovy-extensions/1.1.0/cb0ecf5713794f6a91b266e1c7f0df06c16ffbea/groovy-extensions-1.1.0.jar!/, jar:file:/C:/Users/Usuario/.gradle/caches/modules-2/files-2.1/nz.net.ultraq.thymeleaf/thymeleaf-expression-processor/3.0.0/a9ec91287cdcdaa9f8c4bdcb19e0edeecd5dc23d/thymeleaf-expression-processor-3.0.0.jar!/, jar:file:/C:/Users/Usuario/.gradle/caches/modules-2/files-2.1/org.thymeleaf/thymeleaf/3.0.14.RELEASE/5ec84717bf76bcbcc133f9f19bab754f97b92f8/thymeleaf-3.0.14.RELEASE.jar!/, jar:file:/C:/Users/Usuario/.gradle/caches/modules-2/files-2.1/org.codehaus.groovy/groovy/3.0.9/bd159803bedc434e7af0f714693fb5578a719e95/groovy-3.0.9.jar!/, jar:file:/C:/Users/Usuario/.gradle/caches/modules-2/files-2.1/com.jayway.jsonpath/json-path/2.6.0/67f565b424f7903a12d4f5b9361b11462ecacdac/json-path-2.6.0.jar!/, jar:file:/C:/Users/Usuario/.gradle/caches/modules-2/files-2.1/org.glassfish.jaxb/jaxb-runtime/2.3.5/a169a961a2bb9ac69517ec1005e451becf5cdfab/jaxb-runtime-2.3.5.jar!/, jar:file:/C:/Users/Usuario/.gradle/caches/modules-2/files-2.1/jakarta.xml.bind/jakarta.xml.bind-api/2.3.3/48e3b9cfc10752fba3521d6511f4165bea951801/jakarta.xml.bind-api-2.3.3.jar!/, jar:file:/C:/Users/Usuario/.gradle/caches/modules-2/files-2.1/org.assertj/assertj-core/3.21.0/27a14d6d22c4e3d58f799fb2a5ca8eaf53e6942a/assertj-core-3.21.0.jar!/, jar:file:/C:/Users/Usuario/.gradle/caches/modules-2/files-2.1/org.hamcrest/hamcrest/2.2/1820c0968dba3a11a1b30669bb1f01978a91dedc/hamcrest-2.2.jar!/, jar:file:/C:/Users/Usuario/.gradle/caches/modules-2/files-2.1/org.mockito/mockito-junit-jupiter/4.0.0/b76de25bd6e5d8f7924d0536729c0076e37e9396/mockito-junit-jupiter-4.0.0.jar!/, jar:file:/C:/Users/Usuario/.gradle/caches/modules-2/files-2.1/org.junit.jupiter/junit-jupiter-params/5.8.2/ddeafe92fc263f895bfb73ffeca7fd56e23c2cce/junit-jupiter-params-5.8.2.jar!/, jar:file:/C:/Users/Usuario/.gradle/caches/modules-2/files-2.1/org.junit.jupiter/junit-jupiter-engine/5.8.2/c598b4328d2f397194d11df3b1648d68d7d990e3/junit-jupiter-engine-5.8.2.jar!/, jar:file:/C:/Users/Usuario/.gradle/caches/modules-2/files-2.1/org.junit.jupiter/junit-jupiter-api/5.8.2/4c21029217adf07e4c0d0c5e192b6bf610c94bdc/junit-jupiter-api-5.8.2.jar!/, jar:file:/C:/Users/Usuario/.gradle/caches/modules-2/files-2.1/com.tngtech.archunit/archunit-junit5-engine/1.0.0/c942ce334f410062298100f834a767f765ac7a8e/archunit-junit5-engine-1.0.0.jar!/, jar:file:/C:/Users/Usuario/.gradle/caches/modules-2/files-2.1/com.tngtech.archunit/archunit-junit5-engine-api/1.0.0/f2fcf7191e65bda73cb14b510e380d0c4e55c9c8/archunit-junit5-engine-api-1.0.0.jar!/, jar:file:/C:/Users/Usuario/.gradle/caches/modules-2/files-2.1/org.junit.platform/junit-platform-engine/1.8.2/b737de09f19864bd136805c84df7999a142fec29/junit-platform-engine-1.8.2.jar!/, jar:file:/C:/Users/Usuario/.gradle/caches/modules-2/files-2.1/org.junit.platform/junit-platform-commons/1.8.2/32c8b8617c1342376fd5af2053da6410d8866861/junit-platform-commons-1.8.2.jar!/, jar:file:/C:/Users/Usuario/.gradle/caches/modules-2/files-2.1/org.junit.jupiter/junit-jupiter/5.8.2/5a817b1e63f1217e5c586090c45e681281f097ad/junit-jupiter-5.8.2.jar!/, jar:file:/C:/Users/Usuario/.gradle/caches/modules-2/files-2.1/org.mockito/mockito-core/4.0.0/f5195e0c4a45716bbd2d1d29173adbd148acce3a/mockito-core-4.0.0.jar!/, jar:file:/C:/Users/Usuario/.gradle/caches/modules-2/files-2.1/org.skyscreamer/jsonassert/1.5.0/6c9d5fe2f59da598d9aefc1cfc6528ff3cf32df3/jsonassert-1.5.0.jar!/, jar:file:/C:/Users/Usuario/.gradle/caches/modules-2/files-2.1/org.springframework/spring-test/5.3.15/1efef59ebbf51bc072d08c5854b1d5cbb1c29b65/spring-test-5.3.15.jar!/, jar:file:/C:/Users/Usuario/.gradle/caches/modules-2/files-2.1/org.springframework/spring-orm/5.3.15/edddfcbf3bd2a3cc8b5316329f16dcf88cec33b5/spring-orm-5.3.15.jar!/, jar:file:/C:/Users/Usuario/.gradle/caches/modules-2/files-2.1/org.springframework/spring-jdbc/5.3.15/2c7883bb9a50e37f177cdc3e064e88325f97bd36/spring-jdbc-5.3.15.jar!/, jar:file:/C:/Users/Usuario/.gradle/caches/modules-2/files-2.1/org.springframework.data/spring-data-commons/2.6.1/ba24a3b88e26191b25031cefb8de458deed05551/spring-data-commons-2.6.1.jar!/, jar:file:/C:/Users/Usuario/.gradle/caches/modules-2/files-2.1/org.springframework/spring-tx/5.3.15/27b8c1f0a896dc2f7d1629556b06f55f2a07351d/spring-tx-5.3.15.jar!/, jar:file:/C:/Users/Usuario/.gradle/caches/modules-2/files-2.1/org.springframework/spring-beans/5.3.15/a88e2ccfe8b131bcff2e643b90d52f6d928e7369/spring-beans-5.3.15.jar!/, jar:file:/C:/Users/Usuario/.gradle/caches/modules-2/files-2.1/org.springframework/spring-expression/5.3.15/362f36bbc4c4b46cc2e4f219df22d08945000c2/spring-expression-5.3.15.jar!/, jar:file:/C:/Users/Usuario/.gradle/caches/modules-2/files-2.1/org.springframework/spring-core/5.3.15/e813c2311465672d3089fc7be8dbbadb04e64d6b/spring-core-5.3.15.jar!/, jar:file:/C:/Users/Usuario/.gradle/caches/modules-2/files-2.1/org.xmlunit/xmlunit-core/2.8.4/35be57989ca80eefa03161b211630e319a8f36c6/xmlunit-core-2.8.4.jar!/, jar:file:/C:/Users/Usuario/.gradle/caches/modules-2/files-2.1/com.tngtech.archunit/archunit-junit5-api/1.0.0/f537a0cb4156e374e436009cf7e8e07062929b32/archunit-junit5-api-1.0.0.jar!/, jar:file:/C:/Users/Usuario/.gradle/caches/modules-2/files-2.1/org.springframework.boot/spring-boot-starter-logging/2.6.3/86599127b1e69a6180014cbeed8297ba26e8c6aa/spring-boot-starter-logging-2.6.3.jar!/, jar:file:/C:/Users/Usuario/.gradle/caches/modules-2/files-2.1/jakarta.annotation/jakarta.annotation-api/1.3.5/59eb84ee0d616332ff44aba065f3888cf002cd2d/jakarta.annotation-api-1.3.5.jar!/, jar:file:/C:/Users/Usuario/.gradle/caches/modules-2/files-2.1/org.yaml/snakeyaml/1.29/6d0cdafb2010f1297e574656551d7145240f6e25/snakeyaml-1.29.jar!/, jar:file:/C:/Users/Usuario/.gradle/caches/modules-2/files-2.1/org.hibernate.common/hibernate-commons-annotations/5.1.2.Final/e59ffdbc6ad09eeb33507b39ffcf287679a498c8/hibernate-commons-annotations-5.1.2.Final.jar!/, jar:file:/C:/Users/Usuario/.gradle/caches/modules-2/files-2.1/org.jboss.xnio/xnio-nio/3.8.4.Final/109d7de9a4d995ed9f46e1409520ace346fe2fc4/xnio-nio-3.8.4.Final.jar!/, jar:file:/C:/Users/Usuario/.gradle/caches/modules-2/files-2.1/org.jboss.xnio/xnio-api/3.8.4.Final/8714f2bf19f6e5fa7e36e8516dcb4606ef152e4d/xnio-api-3.8.4.Final.jar!/, jar:file:/C:/Users/Usuario/.gradle/caches/modules-2/files-2.1/org.wildfly.client/wildfly-client-config/1.0.1.Final/2a803b23c40a0de0f03a90d1fd3755747bc05f4b/wildfly-client-config-1.0.1.Final.jar!/, jar:file:/C:/Users/Usuario/.gradle/caches/modules-2/files-2.1/org.jboss.threads/jboss-threads/3.1.0.Final/9b260c0302f637a84a52d3d118214a3c59217615/jboss-threads-3.1.0.Final.jar!/, jar:file:/C:/Users/Usuario/.gradle/caches/modules-2/files-2.1/org.jboss.logging/jboss-logging/3.4.3.Final/c4bd7e12a745c0e7f6cf98c45cdcdf482fd827ea/jboss-logging-3.4.3.Final.jar!/, jar:file:/C:/Users/Usuario/.gradle/caches/modules-2/files-2.1/com.zaxxer/HikariCP/4.0.3/107cbdf0db6780a065f895ae9d8fbf3bb0e1c21f/HikariCP-4.0.3.jar!/, jar:file:/C:/Users/Usuario/.gradle/caches/modules-2/files-2.1/net.bytebuddy/byte-buddy/1.11.22/8b4c7fa5562a09da1c2a9ab0873cb51f5034d83f/byte-buddy-1.11.22.jar!/, jar:file:/C:/Users/Usuario/.gradle/caches/modules-2/files-2.1/antlr/antlr/2.7.7/83cd2cd674a217ade95a4bb83a8a14f351f48bd0/antlr-2.7.7.jar!/, jar:file:/C:/Users/Usuario/.gradle/caches/modules-2/files-2.1/org.jboss/jandex/2.4.2.Final/1e1c385990b258ff1a24c801e84aebbacf70eb39/jandex-2.4.2.Final.jar!/, jar:file:/C:/Users/Usuario/.gradle/caches/modules-2/files-2.1/com.fasterxml/classmate/1.5.1/3fe0bed568c62df5e89f4f174c101eab25345b6c/classmate-1.5.1.jar!/, jar:file:/C:/Users/Usuario/.gradle/caches/modules-2/files-2.1/com.tngtech.archunit/archunit/1.0.0/27ab69819bc5bb588e9881144763b9a3b1ed15a2/archunit-1.0.0.jar!/, jar:file:/C:/Users/Usuario/.gradle/caches/modules-2/files-2.1/ch.qos.logback/logback-classic/1.2.10/f69d97ef3335c6ab82fc21dfb77ac613f90c1221/logback-classic-1.2.10.jar!/, jar:file:/C:/Users/Usuario/.gradle/caches/modules-2/files-2.1/org.apache.logging.log4j/log4j-to-slf4j/2.17.1/3619fd18278a1a895c1dca8c5be002768071a20e/log4j-to-slf4j-2.17.1.jar!/, jar:file:/C:/Users/Usuario/.gradle/caches/modules-2/files-2.1/org.slf4j/jul-to-slf4j/1.7.33/53fd89b530d41b8f6744c754de1c9b02e82f2d7/jul-to-slf4j-1.7.33.jar!/, jar:file:/C:/Users/Usuario/.gradle/caches/modules-2/files-2.1/org.slf4j/slf4j-api/1.7.33/d375aa1b98d34d5ddf73a3f19eaad66e98975b12/slf4j-api-1.7.33.jar!/, jar:file:/C:/Users/Usuario/.gradle/caches/modules-2/files-2.1/ognl/ognl/3.1.26/922d3d922b8aa40146d842114c184c8b403d2f4f/ognl-3.1.26.jar!/, jar:file:/C:/Users/Usuario/.gradle/caches/modules-2/files-2.1/org.attoparser/attoparser/2.0.5.RELEASE/a93ad36df9560de3a5312c1d14f69d938099fa64/attoparser-2.0.5.RELEASE.jar!/, jar:file:/C:/Users/Usuario/.gradle/caches/modules-2/files-2.1/org.unbescape/unbescape/1.1.6.RELEASE/7b90360afb2b860e09e8347112800d12c12b2a13/unbescape-1.1.6.RELEASE.jar!/, jar:file:/C:/Users/Usuario/.gradle/caches/modules-2/files-2.1/net.minidev/json-smart/2.4.7/8d7f4c1530c07c54930935f3da85f48b83b3c109/json-smart-2.4.7.jar!/, jar:file:/C:/Users/Usuario/.gradle/caches/modules-2/files-2.1/jakarta.activation/jakarta.activation-api/1.2.2/99f53adba383cb1bf7c3862844488574b559621f/jakarta.activation-api-1.2.2.jar!/, jar:file:/C:/Users/Usuario/.gradle/caches/modules-2/files-2.1/net.bytebuddy/byte-buddy-agent/1.11.22/2fbcf3210dfc09b42242e3b66a5281cc5b9adb80/byte-buddy-agent-1.11.22.jar!/, jar:file:/C:/Users/Usuario/.gradle/caches/modules-2/files-2.1/org.objenesis/objenesis/3.2/7fadf57620c8b8abdf7519533e5527367cb51f09/objenesis-3.2.jar!/, jar:file:/C:/Users/Usuario/.gradle/caches/modules-2/files-2.1/com.vaadin.external.google/android-json/0.0.20131108.vaadin1/fa26d351fe62a6a17f5cda1287c1c6110dec413f/android-json-0.0.20131108.vaadin1.jar!/, jar:file:/C:/Users/Usuario/.gradle/caches/modules-2/files-2.1/org.springframework/spring-jcl/5.3.15/88da960b4fcbd28621aea8b9911976adc06afce4/spring-jcl-5.3.15.jar!/, jar:file:/C:/Users/Usuario/.gradle/caches/modules-2/files-2.1/org.wildfly.common/wildfly-common/1.5.2.Final/8eba40cfe86bcfcc223551e75201e6e7574c7c36/wildfly-common-1.5.2.Final.jar!/, jar:file:/C:/Users/Usuario/.gradle/caches/modules-2/files-2.1/org.glassfish.jaxb/txw2/2.3.5/ec8930fa62e7b1758b1664d135f50c7abe86a4a3/txw2-2.3.5.jar!/, jar:file:/C:/Users/Usuario/.gradle/caches/modules-2/files-2.1/com.sun.istack/istack-commons-runtime/3.0.12/cbbe1a62b0cc6c85972e99d52aaee350153dc530/istack-commons-runtime-3.0.12.jar!/, jar:file:/C:/Users/Usuario/.gradle/caches/modules-2/files-2.1/com.sun.activation/jakarta.activation/1.2.2/74548703f9851017ce2f556066659438019e7eb5/jakarta.activation-1.2.2.jar!/, jar:file:/C:/Users/Usuario/.gradle/caches/modules-2/files-2.1/org.javassist/javassist/3.20.0-GA/a9cbcdfb7e9f86fbc74d3afae65f2248bfbf82a0/javassist-3.20.0-GA.jar!/, jar:file:/C:/Users/Usuario/.gradle/caches/modules-2/files-2.1/net.minidev/accessors-smart/2.4.7/3970cfc505e6657ca60f3aa57c849f6043000d7a/accessors-smart-2.4.7.jar!/, jar:file:/C:/Users/Usuario/.gradle/caches/modules-2/files-2.1/org.opentest4j/opentest4j/1.2.0/28c11eb91f9b6d8e200631d46e20a7f407f2a046/opentest4j-1.2.0.jar!/, jar:file:/C:/Users/Usuario/.gradle/caches/modules-2/files-2.1/ch.qos.logback/logback-core/1.2.10/5328406bfcae7bcdcc86810fcb2920d2c297170d/logback-core-1.2.10.jar!/, jar:file:/C:/Users/Usuario/.gradle/caches/modules-2/files-2.1/org.apache.logging.log4j/log4j-api/2.17.1/d771af8e336e372fb5399c99edabe0919aeaf5b2/log4j-api-2.17.1.jar!/, jar:file:/C:/Users/Usuario/.gradle/caches/modules-2/files-2.1/org.ow2.asm/asm/9.1/a99500cf6eea30535eeac6be73899d048f8d12a8/asm-9.1.jar!/]
15:51:22.502 [Test worker] DEBUG com.tngtech.archunit.ArchConfiguration - No configuration found in classpath at archunit.properties => Using default configuration
15:51:22.662 [Test worker] DEBUG com.tngtech.archunit.core.importer.JavaClassProcessor - Processing class 'com/uco/TrafficAgent/infrastructure/repository/report/controller/ComandControllerReport'
15:51:22.872 [Test worker] DEBUG com.tngtech.archunit.core.importer.JavaClassProcessor - Processing class 'com/uco/TrafficAgent/domain/validator/ValidatorAttributes'
15:51:22.896 [Test worker] DEBUG com.tngtech.archunit.core.importer.JavaClassProcessor - Processing class 'com/uco/TrafficAgent/infrastructure/repository/contact/controller/ConsultControllerContact'
15:51:22.900 [Test worker] DEBUG com.tngtech.archunit.core.importer.JavaClassProcessor - Processing class 'com/uco/TrafficAgent/application/service/DtoResponse'
15:51:22.907 [Test worker] DEBUG com.tngtech.archunit.core.importer.JavaClassProcessor - Processing class 'com/uco/TrafficAgent/infrastructure/aspect/LogExecutionAspect'
15:51:22.912 [Test worker] DEBUG com.tngtech.archunit.core.importer.JavaClassProcessor - Processing class 'com/uco/TrafficAgent/infrastructure/repository/contact/adapter/entity/EntityContactEmergency'
15:51:22.919 [Test worker] DEBUG com.tngtech.archunit.core.importer.JavaClassProcessor - Processing class 'com/uco/TrafficAgent/infrastructure/aspect/Secured'
15:51:22.927 [Test worker] DEBUG com.tngtech.archunit.core.importer.JavaClassProcessor - Processing class 'com/uco/TrafficAgent/infrastructure/repository/user/controller/ConsultControllerUser'
15:51:22.930 [Test worker] DEBUG com.tngtech.archunit.core.importer.JavaClassProcessor - Processing class 'com/uco/TrafficAgent/application/service/report/comand/dto/DtoSaveReport'
15:51:22.934 [Test worker] DEBUG com.tngtech.archunit.core.importer.JavaClassProcessor - Processing class 'com/uco/TrafficAgent/application/service/report/consult/ServiceApplicationListAllReportByDate'
15:51:22.936 [Test worker] DEBUG com.tngtech.archunit.core.importer.JavaClassProcessor - Processing class 'com/uco/TrafficAgent/application/service/user/comand/dto/DtoSaveUser'
15:51:22.942 [Test worker] DEBUG com.tngtech.archunit.core.importer.JavaClassProcessor - Processing class 'com/uco/TrafficAgent/application/service/user/comand/ServiceApplicationUpdateUser'
15:51:22.947 [Test worker] DEBUG com.tngtech.archunit.core.importer.JavaClassProcessor - Processing class 'com/uco/TrafficAgent/domain/service/report/ServiceSaveReport'
15:51:22.949 [Test worker] DEBUG com.tngtech.archunit.core.importer.JavaClassProcessor - Processing class 'com/uco/TrafficAgent/infrastructure/service/token/ServiceValidateToken'
15:51:22.951 [Test worker] DEBUG com.tngtech.archunit.core.importer.JavaClassProcessor - Processing class 'com/uco/TrafficAgent/application/mapper/contact/impl/MapperApplicationContactImpl'
15:51:22.956 [Test worker] DEBUG com.tngtech.archunit.core.importer.JavaClassProcessor - Processing class 'com/uco/TrafficAgent/infrastructure/configuration/model/BeanServiceContact'
15:51:22.960 [Test worker] DEBUG com.tngtech.archunit.core.importer.JavaClassProcessor - Processing class 'com/uco/TrafficAgent/domain/port/contact/RepositoryContact'
15:51:22.963 [Test worker] DEBUG com.tngtech.archunit.core.importer.JavaClassProcessor - Processing class 'com/uco/TrafficAgent/domain/port/type/RepositoryTypeId'
15:51:22.965 [Test worker] DEBUG com.tngtech.archunit.core.importer.JavaClassProcessor - Processing class 'com/uco/TrafficAgent/application/service/login/dto/DtoLogin'
15:51:22.968 [Test worker] DEBUG com.tngtech.archunit.core.importer.JavaClassProcessor - Processing class 'com/uco/TrafficAgent/domain/port/report/RepositoryReport'
15:51:22.971 [Test worker] DEBUG com.tngtech.archunit.core.importer.JavaClassProcessor - Processing class 'com/uco/TrafficAgent/infrastructure/repository/type/adapter/repository/jpa/RepositoryTypeIdJpa'
15:51:22.974 [Test worker] DEBUG com.tngtech.archunit.core.importer.JavaClassProcessor - Processing class 'com/uco/TrafficAgent/infrastructure/repository/contact/adapter/repository/jpa/RepositoryContactEmergencyJpa'
15:51:22.977 [Test worker] DEBUG com.tngtech.archunit.core.importer.JavaClassProcessor - Processing class 'com/uco/TrafficAgent/application/mapper/MapperApplicationObject'
15:51:22.978 [Test worker] DEBUG com.tngtech.archunit.core.importer.JavaClassProcessor - Processing class 'com/uco/TrafficAgent/domain/service/token/ServiceGetCurrentUser'
15:51:22.980 [Test worker] DEBUG com.tngtech.archunit.core.importer.JavaClassProcessor - Processing class 'com/uco/TrafficAgent/infrastructure/aspect/SecuredAspect'
15:51:22.984 [Test worker] DEBUG com.tngtech.archunit.core.importer.JavaClassProcessor - Processing class 'com/uco/TrafficAgent/domain/service/user/ServiceSaveUser'
15:51:22.986 [Test worker] DEBUG com.tngtech.archunit.core.importer.JavaClassProcessor - Processing class 'com/uco/TrafficAgent/infrastructure/repository/user/adapter/entity/EntityUser'
15:51:22.991 [Test worker] DEBUG com.tngtech.archunit.core.importer.JavaClassProcessor - Processing class 'com/uco/TrafficAgent/infrastructure/aspect/exception/ExceptionUserUnauthorized'
15:51:22.994 [Test worker] DEBUG com.tngtech.archunit.core.importer.JavaClassProcessor - Processing class 'com/uco/TrafficAgent/infrastructure/repository/login/controller/ComandControllerLogin'
15:51:22.996 [Test worker] DEBUG com.tngtech.archunit.core.importer.JavaClassProcessor - Processing class 'com/uco/TrafficAgent/infrastructure/repository/user/adapter/repository/jpa/RepositoryUserJpa'
15:51:22.999 [Test worker] DEBUG com.tngtech.archunit.core.importer.JavaClassProcessor - Processing class 'com/uco/TrafficAgent/infrastructure/configuration/general/ConfigurationRestTemplate'
15:51:23.002 [Test worker] DEBUG com.tngtech.archunit.core.importer.JavaClassProcessor - Processing class 'com/uco/TrafficAgent/domain/service/user/ServiceListAllUser'
15:51:23.007 [Test worker] DEBUG com.tngtech.archunit.core.importer.JavaClassProcessor - Processing class 'com/uco/TrafficAgent/domain/service/contact/ServiceSaveContact'
15:51:23.011 [Test worker] DEBUG com.tngtech.archunit.core.importer.JavaClassProcessor - Processing class 'com/uco/TrafficAgent/domain/dto/DtoCurrentUser'
15:51:23.014 [Test worker] DEBUG com.tngtech.archunit.core.importer.JavaClassProcessor - Processing class 'com/uco/TrafficAgent/application/service/contact/comand/dto/DtoSaveContact'
15:51:23.019 [Test worker] DEBUG com.tngtech.archunit.core.importer.JavaClassProcessor - Processing class 'com/uco/TrafficAgent/domain/service/token/ServiceEncryptText'
15:51:23.020 [Test worker] DEBUG com.tngtech.archunit.core.importer.JavaClassProcessor - Processing class 'com/uco/TrafficAgent/application/encrypted/ServiceEncryptedPassword'
15:51:23.022 [Test worker] DEBUG com.tngtech.archunit.core.importer.JavaClassProcessor - Processing class 'com/uco/TrafficAgent/application/service/report/consult/ServiceApplicationListAllReportByUser'
15:51:23.029 [Test worker] DEBUG com.tngtech.archunit.core.importer.JavaClassProcessor - Processing class 'com/uco/TrafficAgent/infrastructure/repository/report/adapter/repository/jpa/RepositoryReportJpa'
15:51:23.032 [Test worker] DEBUG com.tngtech.archunit.core.importer.JavaClassProcessor - Processing class 'com/uco/TrafficAgent/application/service/user/comand/dto/DtoUpdateUser'
15:51:23.036 [Test worker] DEBUG com.tngtech.archunit.core.importer.JavaClassProcessor - Processing class 'com/uco/TrafficAgent/domain/model/Contact'
15:51:23.038 [Test worker] DEBUG com.tngtech.archunit.core.importer.JavaClassProcessor - Processing class 'com/uco/TrafficAgent/TrafficAgentApplication'
15:51:23.040 [Test worker] DEBUG com.tngtech.archunit.core.importer.JavaClassProcessor - Processing class 'com/uco/TrafficAgent/application/service/contact/consult/ServiceApplicationListAllByProximityContact'
15:51:23.042 [Test worker] DEBUG com.tngtech.archunit.core.importer.JavaClassProcessor - Processing class 'com/uco/TrafficAgent/domain/model/RolUser'
15:51:23.044 [Test worker] DEBUG com.tngtech.archunit.core.importer.JavaClassProcessor - Processing class 'com/uco/TrafficAgent/infrastructure/repository/contact/controller/ComandControllerContact'
15:51:23.045 [Test worker] DEBUG com.tngtech.archunit.core.importer.JavaClassProcessor - Processing class 'com/uco/TrafficAgent/infrastructure/repository/type/adapter/entity/EntityTypeId'
15:51:23.047 [Test worker] DEBUG com.tngtech.archunit.core.importer.JavaClassProcessor - Processing class 'com/uco/TrafficAgent/infrastructure/configuration/general/ConfigurationRetry'
15:51:23.049 [Test worker] DEBUG com.tngtech.archunit.core.importer.JavaClassProcessor - Processing class 'com/uco/TrafficAgent/infrastructure/repository/contact/adapter/repository/RepositoryContactDB'
15:51:23.055 [Test worker] DEBUG com.tngtech.archunit.core.importer.JavaClassProcessor - Processing class 'com/uco/TrafficAgent/domain/service/report/ServiceListAllReportByUser'
15:51:23.057 [Test worker] DEBUG com.tngtech.archunit.core.importer.JavaClassProcessor - Processing class 'com/uco/TrafficAgent/domain/dto/DtoContactSummary'
15:51:23.060 [Test worker] DEBUG com.tngtech.archunit.core.importer.JavaClassProcessor - Processing class 'com/uco/TrafficAgent/application/service/user/comand/dto/DtoRolUser'
15:51:23.062 [Test worker] DEBUG com.tngtech.archunit.core.importer.JavaClassProcessor - Processing class 'com/uco/TrafficAgent/application/service/user/comand/ServiceApplicationDeleteUser'
15:51:23.064 [Test worker] DEBUG com.tngtech.archunit.core.importer.JavaClassProcessor - Processing class 'com/uco/TrafficAgent/infrastructure/aspect/service/AuthorizationService'
15:51:23.068 [Test worker] DEBUG com.tngtech.archunit.core.importer.JavaClassProcessor - Processing class 'com/uco/TrafficAgent/domain/model/TypeIdentification'
15:51:23.070 [Test worker] DEBUG com.tngtech.archunit.core.importer.JavaClassProcessor - Processing class 'com/uco/TrafficAgent/domain/service/report/ServiceListAllReportByDate'
15:51:23.073 [Test worker] DEBUG com.tngtech.archunit.core.importer.JavaClassProcessor - Processing class 'com/uco/TrafficAgent/domain/model/Report'
15:51:23.076 [Test worker] DEBUG com.tngtech.archunit.core.importer.JavaClassProcessor - Processing class 'com/uco/TrafficAgent/domain/service/contact/ServiceListsAllByProximityContact'
15:51:23.079 [Test worker] DEBUG com.tngtech.archunit.core.importer.JavaClassProcessor - Processing class 'com/uco/TrafficAgent/infrastructure/repository/type/adapter/repository/RepositoryTypeIdDB'
15:51:23.082 [Test worker] DEBUG com.tngtech.archunit.core.importer.JavaClassProcessor - Processing class 'com/uco/TrafficAgent/application/encrypted/impl/ServiceEncryptedPasswordImpl'
15:51:23.084 [Test worker] DEBUG com.tngtech.archunit.core.importer.JavaClassProcessor - Processing class 'com/uco/TrafficAgent/domain/service/token/ServiceGenerateToken'
15:51:23.086 [Test worker] DEBUG com.tngtech.archunit.core.importer.JavaClassProcessor - Processing class 'com/uco/TrafficAgent/infrastructure/mapper/MapperInfrastructureObject'
15:51:23.088 [Test worker] DEBUG com.tngtech.archunit.core.importer.JavaClassProcessor - Processing class 'com/uco/TrafficAgent/infrastructure/service/token/ServiceGenerateTokenJWT'
15:51:23.092 [Test worker] DEBUG com.tngtech.archunit.core.importer.JavaClassProcessor - Processing class 'com/uco/TrafficAgent/application/mapper/user/impl/MapperApplicationUserImpl'
15:51:23.095 [Test worker] DEBUG com.tngtech.archunit.core.importer.JavaClassProcessor - Processing class 'com/uco/TrafficAgent/infrastructure/configuration/model/BeanServiceUser'
15:51:23.100 [Test worker] DEBUG com.tngtech.archunit.core.importer.JavaClassProcessor - Processing class 'com/uco/TrafficAgent/infrastructure/error/ErrorHandler'
15:51:23.105 [Test worker] DEBUG com.tngtech.archunit.core.importer.JavaClassProcessor - Processing class 'com/uco/TrafficAgent/infrastructure/repository/rol/adapter/entity/EntityRol'
15:51:23.108 [Test worker] DEBUG com.tngtech.archunit.core.importer.JavaClassProcessor - Processing class 'com/uco/TrafficAgent/domain/port/user/RepositoryUser'
15:51:23.110 [Test worker] DEBUG com.tngtech.archunit.core.importer.JavaClassProcessor - Processing class 'com/uco/TrafficAgent/infrastructure/configuration/email/JavaMailConfig'
15:51:23.113 [Test worker] DEBUG com.tngtech.archunit.core.importer.JavaClassProcessor - Processing class 'com/uco/TrafficAgent/application/service/login/ServiceApplicationLogin'
15:51:23.116 [Test worker] DEBUG com.tngtech.archunit.core.importer.JavaClassProcessor - Processing class 'com/uco/TrafficAgent/infrastructure/repository/report/adapter/entity/EntityReport'
15:51:23.120 [Test worker] DEBUG com.tngtech.archunit.core.importer.JavaClassProcessor - Processing class 'com/uco/TrafficAgent/infrastructure/configuration/model/BeanServiceReport'
15:51:23.123 [Test worker] DEBUG com.tngtech.archunit.core.importer.JavaClassProcessor - Processing class 'com/uco/TrafficAgent/infrastructure/configuration/email/JavaMailConfig$1'
15:51:23.126 [Test worker] DEBUG com.tngtech.archunit.core.importer.JavaClassProcessor - Processing class 'com/uco/TrafficAgent/infrastructure/repository/user/adapter/repository/RepositoryUserDB'
15:51:23.131 [Test worker] DEBUG com.tngtech.archunit.core.importer.JavaClassProcessor - Processing class 'com/uco/TrafficAgent/domain/validator/ValidatorObjects'
15:51:23.133 [Test worker] DEBUG com.tngtech.archunit.core.importer.JavaClassProcessor - Processing class 'com/uco/TrafficAgent/domain/service/user/ServiceDeleteUser'
15:51:23.136 [Test worker] DEBUG com.tngtech.archunit.core.importer.JavaClassProcessor - Processing class 'com/uco/TrafficAgent/domain/service/user/ServiceUpdateUser'
15:51:23.138 [Test worker] DEBUG com.tngtech.archunit.core.importer.JavaClassProcessor - Processing class 'com/uco/TrafficAgent/infrastructure/filter/FilterAuth'
15:51:23.142 [Test worker] DEBUG com.tngtech.archunit.core.importer.JavaClassProcessor - Processing class 'com/uco/TrafficAgent/application/service/user/comand/ServiceApplicationSaveUser'
15:51:23.144 [Test worker] DEBUG com.tngtech.archunit.core.importer.JavaClassProcessor - Processing class 'com/uco/TrafficAgent/infrastructure/repository/contact/adapter/repository/jpa/RepositoryContactJpa'
15:51:23.146 [Test worker] DEBUG com.tngtech.archunit.core.importer.JavaClassProcessor - Processing class 'com/uco/TrafficAgent/infrastructure/repository/report/adapter/repository/RepositoryReportDB'
15:51:23.151 [Test worker] DEBUG com.tngtech.archunit.core.importer.JavaClassProcessor - Processing class 'com/uco/TrafficAgent/infrastructure/aspect/LogExecutionTime'
15:51:23.152 [Test worker] DEBUG com.tngtech.archunit.core.importer.JavaClassProcessor - Processing class 'com/uco/TrafficAgent/infrastructure/mapper/user/impl/MapperUserImpl'
15:51:23.155 [Test worker] DEBUG com.tngtech.archunit.core.importer.JavaClassProcessor - Processing class 'com/uco/TrafficAgent/infrastructure/service/token/ServiceGetCurrentUserJwt'
15:51:23.157 [Test worker] DEBUG com.tngtech.archunit.core.importer.JavaClassProcessor - Processing class 'com/uco/TrafficAgent/infrastructure/error/Error'
15:51:23.159 [Test worker] DEBUG com.tngtech.archunit.core.importer.JavaClassProcessor - Processing class 'com/uco/TrafficAgent/infrastructure/service/token/ServiceValidateTokenJWT'
15:51:23.162 [Test worker] DEBUG com.tngtech.archunit.core.importer.JavaClassProcessor - Processing class 'com/uco/TrafficAgent/domain/model/User'
15:51:23.165 [Test worker] DEBUG com.tngtech.archunit.core.importer.JavaClassProcessor - Processing class 'com/uco/TrafficAgent/application/mapper/report/impl/MapperApplicationReportImpl'
15:51:23.167 [Test worker] DEBUG com.tngtech.archunit.core.importer.JavaClassProcessor - Processing class 'com/uco/TrafficAgent/domain/dto/DtoUserSummary'
15:51:23.169 [Test worker] DEBUG com.tngtech.archunit.core.importer.JavaClassProcessor - Processing class 'com/uco/TrafficAgent/infrastructure/repository/user/controller/ComandControllerUser'
15:51:23.187 [Test worker] DEBUG com.tngtech.archunit.core.importer.JavaClassProcessor - Processing class 'com/uco/TrafficAgent/application/service/report/comand/ServiceApplicationSaveReport'
15:51:23.198 [Test worker] DEBUG com.tngtech.archunit.core.importer.JavaClassProcessor - Processing class 'com/uco/TrafficAgent/infrastructure/configuration/general/ConfigurationSecurity'
15:51:23.201 [Test worker] DEBUG com.tngtech.archunit.core.importer.JavaClassProcessor - Processing class 'com/uco/TrafficAgent/infrastructure/repository/report/controller/ConsultControllerReport'
15:51:23.204 [Test worker] DEBUG com.tngtech.archunit.core.importer.JavaClassProcessor - Processing class 'com/uco/TrafficAgent/infrastructure/repository/contact/adapter/entity/EntityContact'
15:51:23.213 [Test worker] DEBUG com.tngtech.archunit.core.importer.JavaClassProcessor - Processing class 'com/uco/TrafficAgent/application/service/user/consult/ServiceApplicationListAllUser'
15:51:23.215 [Test worker] DEBUG com.tngtech.archunit.core.importer.JavaClassProcessor - Processing class 'com/uco/TrafficAgent/domain/dto/DtoReportSummary'
15:51:23.217 [Test worker] DEBUG com.tngtech.archunit.core.importer.JavaClassProcessor - Processing class 'com/uco/TrafficAgent/application/service/contact/comand/ServiceApplicationSaveContact'
15:51:23.338 [Test worker] DEBUG com.tngtech.archunit.core.importer.DependencyResolutionProcess - Automatically resolving transitive class dependencies with the following configuration:
import.dependencyResolutionProcess.maxIterationsForMemberTypes = 1
import.dependencyResolutionProcess.maxIterationsForAccessesToTypes = 1
import.dependencyResolutionProcess.maxIterationsForSupertypes = -1
import.dependencyResolutionProcess.maxIterationsForEnclosingTypes = -1
import.dependencyResolutionProcess.maxIterationsForAnnotationTypes = -1
import.dependencyResolutionProcess.maxIterationsForGenericSignatureTypes = -1
15:51:23.340 [Test worker] DEBUG com.tngtech.archunit.core.importer.JavaClassProcessor - Processing class 'org/springframework/data/repository/query/Param'
15:51:23.343 [Test worker] DEBUG com.tngtech.archunit.core.importer.JavaClassProcessor - Processing class 'io/jsonwebtoken/impl/TextCodec'
15:51:23.347 [Test worker] DEBUG com.tngtech.archunit.core.importer.JavaClassProcessor - Processing class 'java/time/ZonedDateTime'
15:51:23.366 [Test worker] DEBUG com.tngtech.archunit.core.importer.JavaClassProcessor - Processing class 'org/springframework/beans/factory/annotation/Autowired'
15:51:23.368 [Test worker] DEBUG com.tngtech.archunit.core.importer.JavaClassProcessor - Processing class 'javax/crypto/spec/SecretKeySpec'
15:51:23.372 [Test worker] DEBUG com.tngtech.archunit.core.importer.JavaClassProcessor - Processing class 'java/lang/Record'
15:51:23.374 [Test worker] DEBUG com.tngtech.archunit.core.importer.JavaClassProcessor - Processing class 'java/lang/Integer'
15:51:23.381 [Test worker] DEBUG com.tngtech.archunit.core.importer.JavaClassProcessor - Processing class 'java/lang/Long'
15:51:23.390 [Test worker] DEBUG com.tngtech.archunit.core.importer.JavaClassProcessor - Processing class 'java/time/Duration'
15:51:23.398 [Test worker] DEBUG com.tngtech.archunit.core.importer.JavaClassProcessor - Processing class 'org/springframework/web/bind/annotation/PostMapping'
15:51:23.401 [Test worker] DEBUG com.tngtech.archunit.core.importer.JavaClassProcessor - Processing class 'javax/persistence/ManyToOne'
15:51:23.404 [Test worker] DEBUG com.tngtech.archunit.core.importer.JavaClassProcessor - Processing class 'java/lang/String'
15:51:23.418 [Test worker] DEBUG com.tngtech.archunit.core.importer.JavaClassProcessor - Processing class 'org/aspectj/lang/annotation/Around'
15:51:23.419 [Test worker] DEBUG com.tngtech.archunit.core.importer.JavaClassProcessor - Processing class 'java/time/ZoneId'
15:51:23.423 [Test worker] DEBUG com.tngtech.archunit.core.importer.JavaClassProcessor - Processing class 'java/util/stream/Stream'
15:51:23.431 [Test worker] DEBUG com.tngtech.archunit.core.importer.JavaClassProcessor - Processing class 'org/springframework/data/jpa/repository/Query'
15:51:23.433 [Test worker] DEBUG com.tngtech.archunit.core.importer.JavaClassProcessor - Processing class 'com/auth0/jwt/interfaces/DecodedJWT'
15:51:23.434 [Test worker] DEBUG com.tngtech.archunit.core.importer.JavaClassProcessor - Processing class 'java/time/LocalDateTime'
15:51:23.439 [Test worker] DEBUG com.tngtech.archunit.core.importer.JavaClassProcessor - Processing class 'org/springframework/web/filter/OncePerRequestFilter'
15:51:23.442 [Test worker] DEBUG com.tngtech.archunit.core.importer.JavaClassProcessor - Processing class 'org/springframework/retry/annotation/EnableRetry'
15:51:23.444 [Test worker] DEBUG com.tngtech.archunit.core.importer.JavaClassProcessor - Processing class 'org/springframework/web/bind/annotation/RequestBody'
15:51:23.446 [Test worker] DEBUG com.tngtech.archunit.core.importer.JavaClassProcessor - Processing class 'javax/persistence/Table'
15:51:23.448 [Test worker] DEBUG com.tngtech.archunit.core.importer.JavaClassProcessor - Processing class 'java/lang/annotation/Target'
15:51:23.449 [Test worker] DEBUG com.tngtech.archunit.core.importer.JavaClassProcessor - Processing class 'java/io/IOException'
15:51:23.451 [Test worker] DEBUG com.tngtech.archunit.core.importer.JavaClassProcessor - Processing class 'javax/mail/PasswordAuthentication'
15:51:23.453 [Test worker] DEBUG com.tngtech.archunit.core.importer.JavaClassProcessor - Processing class 'org/springframework/http/HttpStatus'
15:51:23.458 [Test worker] DEBUG com.tngtech.archunit.core.importer.JavaClassProcessor - Processing class 'javax/persistence/FetchType'
15:51:23.460 [Test worker] DEBUG com.tngtech.archunit.core.importer.JavaClassProcessor - Processing class 'javax/mail/Session'
15:51:23.468 [Test worker] DEBUG com.tngtech.archunit.core.importer.JavaClassProcessor - Processing class 'org/springframework/web/bind/annotation/PathVariable'
15:51:23.470 [Test worker] DEBUG com.tngtech.archunit.core.importer.JavaClassProcessor - Processing class 'javax/servlet/FilterChain'
15:51:23.472 [Test worker] DEBUG com.tngtech.archunit.core.importer.JavaClassProcessor - Processing class 'javax/servlet/ServletException'
15:51:23.473 [Test worker] DEBUG com.tngtech.archunit.core.importer.JavaClassProcessor - Processing class 'java/util/Date'
15:51:23.480 [Test worker] DEBUG com.tngtech.archunit.core.importer.JavaClassProcessor - Processing class 'org/springframework/boot/SpringApplication'
15:51:23.491 [Test worker] DEBUG com.tngtech.archunit.core.importer.JavaClassProcessor - Processing class 'org/springframework/web/bind/annotation/PutMapping'
15:51:23.493 [Test worker] DEBUG com.tngtech.archunit.core.importer.JavaClassProcessor - Processing class 'org/aspectj/lang/annotation/Aspect'
15:51:23.494 [Test worker] DEBUG com.tngtech.archunit.core.importer.JavaClassProcessor - Processing class 'java/lang/reflect/Method'
15:51:23.500 [Test worker] DEBUG com.tngtech.archunit.core.importer.JavaClassProcessor - Processing class 'org/springframework/web/bind/annotation/DeleteMapping'
15:51:23.503 [Test worker] DEBUG com.tngtech.archunit.core.importer.JavaClassProcessor - Processing class 'org/springframework/web/client/RestTemplate'
15:51:23.514 [Test worker] DEBUG com.tngtech.archunit.core.importer.JavaClassProcessor - Processing class 'java/util/concurrent/ConcurrentHashMap'
15:51:23.529 [Test worker] DEBUG com.tngtech.archunit.core.importer.JavaClassProcessor - Processing class 'java/util/UUID'
15:51:23.532 [Test worker] DEBUG com.tngtech.archunit.core.importer.JavaClassProcessor - Processing class 'java/util/stream/Collectors'
15:51:23.545 [Test worker] DEBUG com.tngtech.archunit.core.importer.JavaClassProcessor - Processing class 'io/jsonwebtoken/Jwts'
15:51:23.548 [Test worker] DEBUG com.tngtech.archunit.core.importer.JavaClassProcessor - Processing class 'org/springframework/core/env/Environment'
15:51:23.549 [Test worker] DEBUG com.tngtech.archunit.core.importer.JavaClassProcessor - Processing class 'java/lang/annotation/Annotation'
15:51:23.550 [Test worker] DEBUG com.tngtech.archunit.core.importer.JavaClassProcessor - Processing class 'org/springframework/data/jpa/repository/JpaRepository'
15:51:23.553 [Test worker] DEBUG com.tngtech.archunit.core.importer.JavaClassProcessor - Processing class 'javax/mail/Authenticator'
15:51:23.555 [Test worker] DEBUG com.tngtech.archunit.core.importer.JavaClassProcessor - Processing class 'org/springframework/web/bind/annotation/ResponseStatus'
15:51:23.562 [Test worker] DEBUG com.tngtech.archunit.core.importer.JavaClassProcessor - Processing class 'org/aspectj/lang/JoinPoint'
15:51:23.564 [Test worker] DEBUG com.tngtech.archunit.core.importer.JavaClassProcessor - Processing class 'javax/persistence/Id'
15:51:23.566 [Test worker] DEBUG com.tngtech.archunit.core.importer.JavaClassProcessor - Processing class 'org/slf4j/Logger'
15:51:23.570 [Test worker] DEBUG com.tngtech.archunit.core.importer.JavaClassProcessor - Processing class 'javax/persistence/JoinColumn'
15:51:23.573 [Test worker] DEBUG com.tngtech.archunit.core.importer.JavaClassProcessor - Processing class 'org/springframework/web/context/request/ServletRequestAttributes'
15:51:23.576 [Test worker] DEBUG com.tngtech.archunit.core.importer.JavaClassProcessor - Processing class 'org/aspectj/lang/annotation/Before'
15:51:23.577 [Test worker] DEBUG com.tngtech.archunit.core.importer.JavaClassProcessor - Processing class 'java/lang/Object'
15:51:23.582 [Test worker] DEBUG com.tngtech.archunit.core.importer.JavaClassProcessor - Processing class 'org/aspectj/lang/reflect/MethodSignature'
15:51:23.592 [Test worker] DEBUG com.tngtech.archunit.core.importer.JavaClassProcessor - Processing class 'java/lang/Class'
15:51:23.619 [Test worker] DEBUG com.tngtech.archunit.core.importer.JavaClassProcessor - Processing class 'org/springframework/http/ResponseEntity'
15:51:23.626 [Test worker] DEBUG com.tngtech.archunit.core.importer.JavaClassProcessor - Processing class 'org/springframework/context/annotation/Bean'
15:51:23.628 [Test worker] DEBUG com.tngtech.archunit.core.importer.JavaClassProcessor - Processing class 'java/util/Comparator'
15:51:23.632 [Test worker] DEBUG com.tngtech.archunit.core.importer.JavaClassProcessor - Processing class 'org/apache/commons/codec/digest/DigestUtils'
15:51:23.635 [Test worker] DEBUG com.tngtech.archunit.core.importer.JavaClassProcessor - Processing class 'java/lang/annotation/RetentionPolicy'
15:51:23.637 [Test worker] DEBUG com.tngtech.archunit.core.importer.JavaClassProcessor - Processing class 'org/springframework/web/bind/annotation/RequestParam'
15:51:23.639 [Test worker] DEBUG com.tngtech.archunit.core.importer.JavaClassProcessor - Processing class 'java/util/Arrays'
15:51:23.662 [Test worker] DEBUG com.tngtech.archunit.core.importer.JavaClassProcessor - Processing class 'java/lang/System'
15:51:23.690 [Test worker] DEBUG com.tngtech.archunit.core.importer.JavaClassProcessor - Processing class 'org/springframework/web/context/request/RequestContextHolder'
15:51:23.693 [Test worker] DEBUG com.tngtech.archunit.core.importer.JavaClassProcessor - Processing class 'io/jsonwebtoken/JwtBuilder'
15:51:23.695 [Test worker] DEBUG com.tngtech.archunit.core.importer.JavaClassProcessor - Processing class 'io/jsonwebtoken/SignatureAlgorithm'
15:51:23.697 [Test worker] DEBUG com.tngtech.archunit.core.importer.JavaClassProcessor - Processing class 'org/springframework/stereotype/Repository'
15:51:23.699 [Test worker] DEBUG com.tngtech.archunit.core.importer.JavaClassProcessor - Processing class 'com/auth0/jwt/interfaces/Claim'
15:51:23.701 [Test worker] DEBUG com.tngtech.archunit.core.importer.JavaClassProcessor - Processing class 'javax/persistence/Entity'
15:51:23.704 [Test worker] DEBUG com.tngtech.archunit.core.importer.JavaClassProcessor - Processing class 'javax/persistence/CascadeType'
15:51:23.707 [Test worker] DEBUG com.tngtech.archunit.core.importer.JavaClassProcessor - Processing class 'javax/mail/Transport'
15:51:23.711 [Test worker] DEBUG com.tngtech.archunit.core.importer.JavaClassProcessor - Processing class 'org/springframework/web/bind/annotation/RestController'
15:51:23.713 [Test worker] DEBUG com.tngtech.archunit.core.importer.JavaClassProcessor - Processing class 'java/lang/Exception'
15:51:23.715 [Test worker] DEBUG com.tngtech.archunit.core.importer.JavaClassProcessor - Processing class 'javax/persistence/GeneratedValue'
15:51:23.717 [Test worker] DEBUG com.tngtech.archunit.core.importer.JavaClassProcessor - Processing class 'java/lang/Throwable'
15:51:23.721 [Test worker] DEBUG com.tngtech.archunit.core.importer.JavaClassProcessor - Processing class 'com/auth0/jwt/JWT'
15:51:23.723 [Test worker] DEBUG com.tngtech.archunit.core.importer.JavaClassProcessor - Processing class 'java/util/ArrayList'
15:51:23.729 [Test worker] DEBUG com.tngtech.archunit.core.importer.JavaClassProcessor - Processing class 'org/springframework/beans/factory/annotation/Value'
15:51:23.731 [Test worker] DEBUG com.tngtech.archunit.core.importer.JavaClassProcessor - Processing class 'javax/mail/internet/InternetAddress'
15:51:23.736 [Test worker] DEBUG com.tngtech.archunit.core.importer.JavaClassProcessor - Processing class 'javax/servlet/http/HttpServletRequest'
15:51:23.739 [Test worker] DEBUG com.tngtech.archunit.core.importer.JavaClassProcessor - Processing class 'org/springframework/web/bind/annotation/ExceptionHandler'
15:51:23.741 [Test worker] DEBUG com.tngtech.archunit.core.importer.JavaClassProcessor - Processing class 'org/springframework/web/bind/annotation/ControllerAdvice'
15:51:23.744 [Test worker] DEBUG com.tngtech.archunit.core.importer.JavaClassProcessor - Processing class 'org/springframework/boot/autoconfigure/SpringBootApplication'
15:51:23.747 [Test worker] DEBUG com.tngtech.archunit.core.importer.JavaClassProcessor - Processing class 'java/util/Properties'
15:51:23.752 [Test worker] DEBUG com.tngtech.archunit.core.importer.JavaClassProcessor - Processing class 'javax/persistence/OneToMany'
15:51:23.753 [Test worker] DEBUG com.tngtech.archunit.core.importer.JavaClassProcessor - Processing class 'java/lang/RuntimeException'
15:51:23.756 [Test worker] DEBUG com.tngtech.archunit.core.importer.JavaClassProcessor - Processing class 'javax/mail/internet/MimeMessage'
15:51:23.762 [Test worker] DEBUG com.tngtech.archunit.core.importer.JavaClassProcessor - Processing class 'org/springframework/boot/web/client/RestTemplateBuilder'
15:51:23.766 [Test worker] DEBUG com.tngtech.archunit.core.importer.JavaClassProcessor - Processing class 'java/lang/IllegalStateException'
15:51:23.769 [Test worker] DEBUG com.tngtech.archunit.core.importer.JavaClassProcessor - Processing class 'io/jsonwebtoken/impl/crypto/DefaultJwtSignatureValidator'
15:51:23.771 [Test worker] DEBUG com.tngtech.archunit.core.importer.JavaClassProcessor - Processing class 'org/thymeleaf/spring5/SpringTemplateEngine'
15:51:23.773 [Test worker] DEBUG com.tngtech.archunit.core.importer.JavaClassProcessor - Processing class 'org/springframework/boot/web/servlet/FilterRegistrationBean'
15:51:23.776 [Test worker] DEBUG com.tngtech.archunit.core.importer.JavaClassProcessor - Processing class 'org/slf4j/LoggerFactory'
15:51:23.779 [Test worker] DEBUG com.tngtech.archunit.core.importer.JavaClassProcessor - Processing class 'javax/mail/MessagingException'
15:51:23.782 [Test worker] DEBUG com.tngtech.archunit.core.importer.JavaClassProcessor - Processing class 'org/springframework/context/annotation/Configuration'
15:51:23.784 [Test worker] DEBUG com.tngtech.archunit.core.importer.JavaClassProcessor - Processing class 'javax/persistence/GenerationType'
15:51:23.786 [Test worker] DEBUG com.tngtech.archunit.core.importer.JavaClassProcessor - Processing class 'javax/persistence/Column'
15:51:23.788 [Test worker] DEBUG com.tngtech.archunit.core.importer.JavaClassProcessor - Processing class 'java/util/List'
15:51:23.791 [Test worker] DEBUG com.tngtech.archunit.core.importer.JavaClassProcessor - Processing class 'java/util/Optional'
15:51:23.793 [Test worker] DEBUG com.tngtech.archunit.core.importer.JavaClassProcessor - Processing class 'org/thymeleaf/context/Context'
15:51:23.795 [Test worker] DEBUG com.tngtech.archunit.core.importer.JavaClassProcessor - Processing class 'org/springframework/web/bind/annotation/RequestMapping'
15:51:23.796 [Test worker] DEBUG com.tngtech.archunit.core.importer.JavaClassProcessor - Processing class 'java/lang/annotation/Retention'
15:51:23.798 [Test worker] DEBUG com.tngtech.archunit.core.importer.JavaClassProcessor - Processing class 'org/springframework/web/bind/annotation/GetMapping'
15:51:23.799 [Test worker] DEBUG com.tngtech.archunit.core.importer.JavaClassProcessor - Processing class 'java/util/Iterator'
15:51:23.800 [Test worker] DEBUG com.tngtech.archunit.core.importer.JavaClassProcessor - Processing class 'javax/servlet/http/HttpServletResponse'
15:51:23.802 [Test worker] DEBUG com.tngtech.archunit.core.importer.JavaClassProcessor - Processing class 'java/lang/IllegalArgumentException'
15:51:23.803 [Test worker] DEBUG com.tngtech.archunit.core.importer.JavaClassProcessor - Processing class 'java/lang/annotation/ElementType'
15:51:23.805 [Test worker] DEBUG com.tngtech.archunit.core.importer.JavaClassProcessor - Processing class 'org/springframework/stereotype/Component'
15:51:23.807 [Test worker] DEBUG com.tngtech.archunit.core.importer.JavaClassProcessor - Processing class 'javax/mail/Message$RecipientType'
15:51:23.809 [Test worker] DEBUG com.tngtech.archunit.core.importer.JavaClassProcessor - Processing class 'org/aspectj/lang/ProceedingJoinPoint'
15:51:23.810 [Test worker] DEBUG com.tngtech.archunit.core.importer.JavaClassProcessor - Processing class 'java/lang/annotation/Inherited'
15:51:23.811 [Test worker] DEBUG com.tngtech.archunit.core.importer.JavaClassProcessor - Processing class 'java/util/DoubleSummaryStatistics'
15:51:23.812 [Test worker] DEBUG com.tngtech.archunit.core.importer.JavaClassProcessor - Processing class 'java/util/function/DoubleConsumer'
15:51:23.813 [Test worker] DEBUG com.tngtech.archunit.core.importer.JavaClassProcessor - Processing class 'java/security/spec/KeySpec'
15:51:23.815 [Test worker] DEBUG com.tngtech.archunit.core.importer.JavaClassProcessor - Processing class 'javax/persistence/ConstraintMode'
15:51:23.818 [Test worker] DEBUG com.tngtech.archunit.core.importer.JavaClassProcessor - Processing class 'org/springframework/core/env/PropertyResolver'
15:51:23.820 [Test worker] DEBUG com.tngtech.archunit.core.importer.JavaClassProcessor - Processing class 'org/springframework/web/filter/GenericFilterBean'
15:51:23.822 [Test worker] DEBUG com.tngtech.archunit.core.importer.JavaClassProcessor - Processing class 'java/util/Map'
15:51:23.826 [Test worker] DEBUG com.tngtech.archunit.core.importer.JavaClassProcessor - Processing class 'java/lang/reflect/Executable'
15:51:23.829 [Test worker] DEBUG com.tngtech.archunit.core.importer.JavaClassProcessor - Processing class 'javax/servlet/Filter'
15:51:23.830 [Test worker] DEBUG com.tngtech.archunit.core.importer.JavaClassProcessor - Processing class 'java/lang/CharSequence'
15:51:23.832 [Test worker] DEBUG com.tngtech.archunit.core.importer.JavaClassProcessor - Processing class 'org/springframework/data/repository/PagingAndSortingRepository'
15:51:23.834 [Test worker] DEBUG com.tngtech.archunit.core.importer.JavaClassProcessor - Processing class 'java/time/chrono/ChronoLocalDateTime'
15:51:23.836 [Test worker] DEBUG com.tngtech.archunit.core.importer.JavaClassProcessor - Processing class 'java/util/Set'
15:51:23.838 [Test worker] DEBUG com.tngtech.archunit.core.importer.JavaClassProcessor - Processing class 'java/io/Serializable'
15:51:23.839 [Test worker] DEBUG com.tngtech.archunit.core.importer.JavaClassProcessor - Processing class 'org/springframework/http/client/ClientHttpRequestInterceptor'
15:51:23.841 [Test worker] DEBUG com.tngtech.archunit.core.importer.JavaClassProcessor - Processing class 'javax/mail/internet/MimePart'
15:51:23.844 [Test worker] DEBUG com.tngtech.archunit.core.importer.JavaClassProcessor - Processing class 'org/springframework/beans/factory/support/BeanNameGenerator'
15:51:23.845 [Test worker] DEBUG com.tngtech.archunit.core.importer.JavaClassProcessor - Processing class 'javax/mail/Header'
15:51:23.846 [Test worker] DEBUG com.tngtech.archunit.core.importer.JavaClassProcessor - Processing class 'jdk/internal/ValueBased'
15:51:23.848 [Test worker] DEBUG com.tngtech.archunit.core.importer.JavaClassProcessor - Processing class 'javax/crypto/SecretKey'
15:51:23.849 [Test worker] DEBUG com.tngtech.archunit.core.importer.JavaClassProcessor - Processing class 'org/springframework/http/client/support/InterceptingHttpAccessor'
15:51:23.850 [Test worker] DEBUG com.tngtech.archunit.core.importer.JavaClassProcessor - Processing class 'java/lang/reflect/AnnotatedElement'
15:51:23.852 [Test worker] DEBUG com.tngtech.archunit.core.importer.JavaClassProcessor - Processing class 'java/lang/Double'
15:51:23.855 [Test worker] DEBUG com.tngtech.archunit.core.importer.JavaClassProcessor - Processing class 'org/springframework/http/client/ClientHttpRequestFactory'
15:51:23.857 [Test worker] DEBUG com.tngtech.archunit.core.importer.JavaClassProcessor - Processing class 'org/springframework/boot/web/client/RestTemplateCustomizer'
15:51:23.858 [Test worker] DEBUG com.tngtech.archunit.core.importer.JavaClassProcessor - Processing class 'java/lang/invoke/TypeDescriptor$OfField'
15:51:23.860 [Test worker] DEBUG com.tngtech.archunit.core.importer.JavaClassProcessor - Processing class 'org/springframework/boot/context/TypeExcludeFilter'
15:51:23.862 [Test worker] DEBUG com.tngtech.archunit.core.importer.JavaClassProcessor - Processing class 'org/springframework/boot/web/servlet/AbstractFilterRegistrationBean'
15:51:23.867 [Test worker] DEBUG com.tngtech.archunit.core.importer.JavaClassProcessor - Processing class 'org/springframework/data/repository/NoRepositoryBean'
15:51:23.869 [Test worker] DEBUG com.tngtech.archunit.core.importer.JavaClassProcessor - Processing class 'org/springframework/boot/BootstrapRegistryInitializer'
15:51:23.871 [Test worker] DEBUG com.tngtech.archunit.core.importer.JavaClassProcessor - Processing class 'java/util/RandomAccess'
15:51:23.874 [Test worker] DEBUG com.tngtech.archunit.core.importer.JavaClassProcessor - Processing class 'javax/mail/Provider'
15:51:23.879 [Test worker] DEBUG com.tngtech.archunit.core.importer.JavaClassProcessor - Processing class 'javax/mail/Service'
15:51:23.885 [Test worker] DEBUG com.tngtech.archunit.core.importer.JavaClassProcessor - Processing class 'java/time/temporal/TemporalAmount'
15:51:23.887 [Test worker] DEBUG com.tngtech.archunit.core.importer.JavaClassProcessor - Processing class 'org/springframework/lang/Nullable'
15:51:23.889 [Test worker] DEBUG com.tngtech.archunit.core.importer.JavaClassProcessor - Processing class 'org/springframework/stereotype/Indexed'
15:51:23.890 [Test worker] DEBUG com.tngtech.archunit.core.importer.JavaClassProcessor - Processing class 'java/lang/Number'
15:51:23.891 [Test worker] DEBUG com.tngtech.archunit.core.importer.JavaClassProcessor - Processing class 'java/lang/SafeVarargs'
15:51:23.892 [Test worker] DEBUG com.tngtech.archunit.core.importer.JavaClassProcessor - Processing class 'java/util/Map$Entry'
15:51:23.894 [Test worker] DEBUG com.tngtech.archunit.core.importer.JavaClassProcessor - Processing class 'jdk/internal/vm/annotation/IntrinsicCandidate'
15:51:23.895 [Test worker] DEBUG com.tngtech.archunit.core.importer.JavaClassProcessor - Processing class 'java/util/stream/LongStream'
15:51:23.898 [Test worker] DEBUG com.tngtech.archunit.core.importer.JavaClassProcessor - Processing class 'org/springframework/boot/autoconfigure/EnableAutoConfiguration'
15:51:23.909 [Test worker] DEBUG com.tngtech.archunit.core.importer.JavaClassProcessor - Processing class 'java/lang/Deprecated'
15:51:23.911 [Test worker] DEBUG com.tngtech.archunit.core.importer.JavaClassProcessor - Processing class 'org/springframework/http/HttpMethod'
15:51:23.913 [Test worker] DEBUG com.tngtech.archunit.core.importer.JavaClassProcessor - Processing class 'org/springframework/context/annotation/Import'
15:51:23.915 [Test worker] DEBUG com.tngtech.archunit.core.importer.JavaClassProcessor - Processing class 'javax/persistence/JoinColumns'
15:51:23.917 [Test worker] DEBUG com.tngtech.archunit.core.importer.JavaClassProcessor - Processing class 'org/springframework/web/client/RestOperations'
15:51:23.920 [Test worker] DEBUG com.tngtech.archunit.core.importer.JavaClassProcessor - Processing class 'java/lang/reflect/Field'
15:51:23.925 [Test worker] DEBUG com.tngtech.archunit.core.importer.JavaClassProcessor - Processing class 'com/auth0/jwt/interfaces/Header'
15:51:23.925 [Test worker] DEBUG com.tngtech.archunit.core.importer.JavaClassProcessor - Processing class 'java/util/stream/Collector$Characteristics'
15:51:23.927 [Test worker] DEBUG com.tngtech.archunit.core.importer.JavaClassProcessor - Processing class 'org/springframework/context/annotation/ComponentScan'
15:51:23.929 [Test worker] DEBUG com.tngtech.archunit.core.importer.JavaClassProcessor - Processing class 'org/thymeleaf/context/AbstractContext'
15:51:23.930 [Test worker] DEBUG com.tngtech.archunit.core.importer.JavaClassProcessor - Processing class 'java/lang/constant/Constable'
15:51:23.931 [Test worker] DEBUG com.tngtech.archunit.core.importer.JavaClassProcessor - Processing class 'java/time/chrono/ChronoZonedDateTime'
15:51:23.934 [Test worker] DEBUG com.tngtech.archunit.core.importer.JavaClassProcessor - Processing class 'org/springframework/boot/SpringBootConfiguration'
15:51:23.935 [Test worker] DEBUG com.tngtech.archunit.core.importer.JavaClassProcessor - Processing class 'java/lang/Comparable'
15:51:23.936 [Test worker] DEBUG com.tngtech.archunit.core.importer.JavaClassProcessor - Processing class 'java/time/temporal/TemporalAdjuster'
15:51:23.937 [Test worker] DEBUG com.tngtech.archunit.core.importer.JavaClassProcessor - Processing class 'javax/mail/Message'
15:51:23.940 [Test worker] DEBUG com.tngtech.archunit.core.importer.JavaClassProcessor - Processing class 'javax/mail/URLName'
15:51:23.942 [Test worker] DEBUG com.tngtech.archunit.core.importer.JavaClassProcessor - Processing class 'java/net/URL'
15:51:23.962 [Test worker] DEBUG com.tngtech.archunit.core.importer.JavaClassProcessor - Processing class 'java/util/function/IntConsumer'
15:51:23.963 [Test worker] DEBUG com.tngtech.archunit.core.importer.JavaClassProcessor - Processing class 'java/util/AbstractList'
15:51:23.965 [Test worker] DEBUG com.tngtech.archunit.core.importer.JavaClassProcessor - Processing class 'org/springframework/data/annotation/QueryAnnotation'
15:51:23.967 [Test worker] DEBUG com.tngtech.archunit.core.importer.JavaClassProcessor - Processing class 'org/springframework/context/annotation/ComponentScan$Filter'
15:51:23.968 [Test worker] DEBUG com.tngtech.archunit.core.importer.JavaClassProcessor - Processing class 'java/lang/Enum'
15:51:23.970 [Test worker] DEBUG com.tngtech.archunit.core.importer.JavaClassProcessor - Processing class 'io/jsonwebtoken/impl/crypto/JwtSignatureValidator'
15:51:23.971 [Test worker] DEBUG com.tngtech.archunit.core.importer.JavaClassProcessor - Processing class 'org/springframework/web/context/request/RequestAttributes'
15:51:23.972 [Test worker] DEBUG com.tngtech.archunit.core.importer.JavaClassProcessor - Processing class 'java/lang/annotation/Documented'
15:51:23.974 [Test worker] DEBUG com.tngtech.archunit.core.importer.JavaClassProcessor - Processing class 'org/springframework/boot/web/client/RestTemplateRequestCustomizer'
15:51:23.975 [Test worker] DEBUG com.tngtech.archunit.core.importer.JavaClassProcessor - Processing class 'java/lang/Cloneable'
15:51:23.976 [Test worker] DEBUG com.tngtech.archunit.core.importer.JavaClassProcessor - Processing class 'jdk/internal/vm/annotation/ForceInline'
15:51:23.978 [Test worker] DEBUG com.tngtech.archunit.core.importer.JavaClassProcessor - Processing class 'org/springframework/http/HttpHeaders'
15:51:23.985 [Test worker] DEBUG com.tngtech.archunit.core.importer.JavaClassProcessor - Processing class 'javax/persistence/ForeignKey'
15:51:23.986 [Test worker] DEBUG com.tngtech.archunit.core.importer.JavaClassProcessor - Processing class 'java/util/Collection'
15:51:23.988 [Test worker] DEBUG com.tngtech.archunit.core.importer.JavaClassProcessor - Processing class 'org/springframework/web/bind/annotation/RequestMethod'
15:51:23.989 [Test worker] DEBUG com.tngtech.archunit.core.importer.JavaClassProcessor - Processing class 'org/springframework/context/ApplicationListener'
15:51:23.991 [Test worker] DEBUG com.tngtech.archunit.core.importer.JavaClassProcessor - Processing class 'org/springframework/beans/factory/annotation/Autowire'
15:51:23.992 [Test worker] DEBUG com.tngtech.archunit.core.importer.JavaClassProcessor - Processing class 'java/util/stream/DoubleStream'
15:51:23.996 [Test worker] DEBUG com.tngtech.archunit.core.importer.JavaClassProcessor - Processing class 'org/springframework/http/HttpEntity'
15:51:23.997 [Test worker] DEBUG com.tngtech.archunit.core.importer.JavaClassProcessor - Processing class 'java/lang/Class$ReflectionData'
15:51:23.999 [Test worker] DEBUG com.tngtech.archunit.core.importer.JavaClassProcessor - Processing class 'java/lang/reflect/Type'
15:51:24.000 [Test worker] DEBUG com.tngtech.archunit.core.importer.JavaClassProcessor - Processing class 'javax/servlet/ServletResponse'
15:51:24.002 [Test worker] DEBUG com.tngtech.archunit.core.importer.JavaClassProcessor - Processing class 'jdk/internal/reflect/CallerSensitive'
15:51:24.003 [Test worker] DEBUG com.tngtech.archunit.core.importer.JavaClassProcessor - Processing class 'org/springframework/http/converter/HttpMessageConverter'
15:51:24.004 [Test worker] DEBUG com.tngtech.archunit.core.importer.JavaClassProcessor - Processing class 'java/time/LocalDate'
15:51:24.009 [Test worker] DEBUG com.tngtech.archunit.core.importer.JavaClassProcessor - Processing class 'org/springframework/boot/SpringBootExceptionReporter'
15:51:24.010 [Test worker] DEBUG com.tngtech.archunit.core.importer.JavaClassProcessor - Processing class 'java/time/temporal/Temporal'
15:51:24.010 [Test worker] DEBUG com.tngtech.archunit.core.importer.JavaClassProcessor - Processing class 'java/util/stream/IntStream'
15:51:24.013 [Test worker] DEBUG com.tngtech.archunit.core.importer.JavaClassProcessor - Processing class 'javax/mail/Address'
15:51:24.014 [Test worker] DEBUG com.tngtech.archunit.core.importer.JavaClassProcessor - Processing class 'org/springframework/context/annotation/EnableAspectJAutoProxy'
15:51:24.015 [Test worker] DEBUG com.tngtech.archunit.core.importer.JavaClassProcessor - Processing class 'java/time/temporal/TemporalUnit'
15:51:24.016 [Test worker] DEBUG com.tngtech.archunit.core.importer.JavaClassProcessor - Processing class 'org/springframework/boot/autoconfigure/AutoConfigurationExcludeFilter'
15:51:24.018 [Test worker] DEBUG com.tngtech.archunit.core.importer.JavaClassProcessor - Processing class 'org/springframework/web/context/request/AbstractRequestAttributes'
15:51:24.019 [Test worker] DEBUG com.tngtech.archunit.core.importer.JavaClassProcessor - Processing class 'org/springframework/stereotype/Controller'
15:51:24.020 [Test worker] DEBUG com.tngtech.archunit.core.importer.JavaClassProcessor - Processing class 'org/springframework/retry/annotation/RetryConfiguration'
15:51:24.022 [Test worker] DEBUG com.tngtech.archunit.core.importer.JavaClassProcessor - Processing class 'java/util/concurrent/ConcurrentMap'
15:51:24.023 [Test worker] DEBUG com.tngtech.archunit.core.importer.JavaClassProcessor - Processing class 'java/lang/FunctionalInterface'
15:51:24.024 [Test worker] DEBUG com.tngtech.archunit.core.importer.JavaClassProcessor - Processing class 'javax/servlet/http/HttpUpgradeHandler'
15:51:24.025 [Test worker] DEBUG com.tngtech.archunit.core.importer.JavaClassProcessor - Processing class 'java/lang/constant/ConstantDesc'
15:51:24.026 [Test worker] DEBUG com.tngtech.archunit.core.importer.JavaClassProcessor - Processing class 'java/lang/annotation/Repeatable'
15:51:24.026 [Test worker] DEBUG com.tngtech.archunit.core.importer.JavaClassProcessor - Processing class 'java/lang/Boolean'
15:51:24.028 [Test worker] DEBUG com.tngtech.archunit.core.importer.JavaClassProcessor - Processing class 'org/aspectj/lang/reflect/CodeSignature'
15:51:24.029 [Test worker] DEBUG com.tngtech.archunit.core.importer.JavaClassProcessor - Processing class 'org/springframework/context/annotation/FilterType'
15:51:24.031 [Test worker] DEBUG com.tngtech.archunit.core.importer.JavaClassProcessor - Processing class 'java/util/LongSummaryStatistics'
15:51:24.032 [Test worker] DEBUG com.tngtech.archunit.core.importer.JavaClassProcessor - Processing class 'java/util/Hashtable'
15:51:24.036 [Test worker] DEBUG com.tngtech.archunit.core.importer.JavaClassProcessor - Processing class 'java/lang/reflect/GenericDeclaration'
15:51:24.037 [Test worker] DEBUG com.tngtech.archunit.core.importer.JavaClassProcessor - Processing class 'org/springframework/core/annotation/AliasFor'
15:51:24.039 [Test worker] DEBUG com.tngtech.archunit.core.importer.JavaClassProcessor - Processing class 'javax/servlet/ServletRequest'
15:51:24.040 [Test worker] DEBUG com.tngtech.archunit.core.importer.JavaClassProcessor - Processing class 'jdk/internal/vm/annotation/Stable'
15:51:24.041 [Test worker] DEBUG com.tngtech.archunit.core.importer.JavaClassProcessor - Processing class 'org/springframework/context/MessageSourceAware'
15:51:24.043 [Test worker] DEBUG com.tngtech.archunit.core.importer.JavaClassProcessor - Processing class 'org/springframework/core/env/StandardEnvironment'
15:51:24.045 [Test worker] DEBUG com.tngtech.archunit.core.importer.JavaClassProcessor - Processing class 'org/springframework/web/bind/annotation/ResponseBody'
15:51:24.046 [Test worker] DEBUG com.tngtech.archunit.core.importer.JavaClassProcessor - Processing class 'java/util/function/LongConsumer'
15:51:24.046 [Test worker] DEBUG com.tngtech.archunit.core.importer.JavaClassProcessor - Processing class 'java/util/function/Consumer'
15:51:24.048 [Test worker] DEBUG com.tngtech.archunit.core.importer.JavaClassProcessor - Processing class 'org/thymeleaf/spring5/ISpringTemplateEngine'
15:51:24.049 [Test worker] DEBUG com.tngtech.archunit.core.importer.JavaClassProcessor - Processing class 'org/springframework/data/repository/query/QueryByExampleExecutor'
15:51:24.052 [Test worker] DEBUG com.tngtech.archunit.core.importer.JavaClassProcessor - Processing class 'io/jsonwebtoken/ClaimsMutator'
15:51:24.053 [Test worker] DEBUG com.tngtech.archunit.core.importer.JavaClassProcessor - Processing class 'java/util/AbstractMap'
15:51:24.056 [Test worker] DEBUG com.tngtech.archunit.core.importer.JavaClassProcessor - Processing class 'org/thymeleaf/TemplateEngine'
15:51:24.060 [Test worker] DEBUG com.tngtech.archunit.core.importer.JavaClassProcessor - Processing class 'javax/servlet/http/Part'
15:51:24.061 [Test worker] DEBUG com.tngtech.archunit.core.importer.JavaClassProcessor - Processing class 'java/lang/constant/ClassDesc'
15:51:24.062 [Test worker] DEBUG com.tngtech.archunit.core.importer.JavaClassProcessor - Processing class 'java/util/stream/BaseStream'
15:51:24.062 [Test worker] DEBUG com.tngtech.archunit.core.importer.JavaClassProcessor - Processing class 'java/util/IntSummaryStatistics'
15:51:24.064 [Test worker] DEBUG com.tngtech.archunit.core.importer.JavaClassProcessor - Processing class 'com/auth0/jwt/interfaces/Payload'
15:51:24.066 [Test worker] DEBUG com.tngtech.archunit.core.importer.JavaClassProcessor - Processing class 'org/springframework/context/ApplicationContextInitializer'
15:51:24.067 [Test worker] DEBUG com.tngtech.archunit.core.importer.JavaClassProcessor - Processing class 'javax/mail/event/TransportListener'
15:51:24.068 [Test worker] DEBUG com.tngtech.archunit.core.importer.JavaClassProcessor - Processing class 'org/springframework/web/bind/annotation/Mapping'
15:51:24.070 [Test worker] DEBUG com.tngtech.archunit.core.importer.JavaClassProcessor - Processing class 'org/thymeleaf/context/IContext'
15:51:24.071 [Test worker] DEBUG com.tngtech.archunit.core.importer.JavaClassProcessor - Processing class 'org/springframework/data/repository/query/FluentQuery$FetchableFluentQuery'
15:51:24.073 [Test worker] DEBUG com.tngtech.archunit.core.importer.JavaClassProcessor - Processing class 'java/lang/Enum$EnumDesc'
15:51:24.074 [Test worker] DEBUG com.tngtech.archunit.core.importer.JavaClassProcessor - Processing class 'java/util/stream/Collector'
15:51:24.075 [Test worker] DEBUG com.tngtech.archunit.core.importer.JavaClassProcessor - Processing class 'java/lang/invoke/TypeDescriptor'
15:51:24.076 [Test worker] DEBUG com.tngtech.archunit.core.importer.JavaClassProcessor - Processing class 'org/springframework/context/PayloadApplicationEvent'
15:51:24.084 [Test worker] DEBUG com.tngtech.archunit.core.importer.JavaClassProcessor - Processing class 'org/springframework/boot/autoconfigure/AutoConfigurationImportSelector'
15:51:24.090 [Test worker] DEBUG com.tngtech.archunit.core.importer.JavaClassProcessor - Processing class 'org/springframework/aop/IntroductionAdvisor'
15:51:24.092 [Test worker] DEBUG com.tngtech.archunit.core.importer.JavaClassProcessor - Processing class 'java/lang/reflect/Member'
15:51:24.093 [Test worker] DEBUG com.tngtech.archunit.core.importer.JavaClassProcessor - Processing class 'org/thymeleaf/linkbuilder/ILinkBuilder'
15:51:24.095 [Test worker] DEBUG com.tngtech.archunit.core.importer.JavaClassProcessor - Processing class 'java/util/EventListener'
15:51:24.098 [Test worker] DEBUG com.tngtech.archunit.core.importer.JavaClassProcessor - Processing class 'org/springframework/context/annotation/Role'
15:51:24.108 [Test worker] DEBUG com.tngtech.archunit.core.importer.JavaClassProcessor - Processing class 'org/springframework/beans/factory/DisposableBean'
15:51:24.108 [Test worker] DEBUG com.tngtech.archunit.core.importer.JavaClassProcessor - Processing class 'java/util/Dictionary'
15:51:24.110 [Test worker] DEBUG com.tngtech.archunit.core.importer.JavaClassProcessor - Processing class 'org/springframework/boot/autoconfigure/AutoConfigurationPackage'
15:51:24.112 [Test worker] DEBUG com.tngtech.archunit.core.importer.JavaClassProcessor - Processing class 'org/thymeleaf/messageresolver/IMessageResolver'
15:51:24.115 [Test worker] DEBUG com.tngtech.archunit.core.importer.JavaClassProcessor - Processing class 'javax/mail/Part'
15:51:24.116 [Test worker] DEBUG com.tngtech.archunit.core.importer.JavaClassProcessor - Processing class 'java/time/temporal/TemporalAccessor'
15:51:24.117 [Test worker] DEBUG com.tngtech.archunit.core.importer.JavaClassProcessor - Processing class 'org/springframework/http/client/ClientHttpRequest'
15:51:24.120 [Test worker] DEBUG com.tngtech.archunit.core.importer.JavaClassProcessor - Processing class 'org/springframework/beans/factory/BeanFactoryAware'
15:51:24.122 [Test worker] DEBUG com.tngtech.archunit.core.importer.JavaClassProcessor - Processing class 'org/springframework/core/env/EnvironmentCapable'
15:51:24.123 [Test worker] DEBUG com.tngtech.archunit.core.importer.JavaClassProcessor - Processing class 'javax/mail/event/ConnectionListener'
15:51:24.125 [Test worker] DEBUG com.tngtech.archunit.core.importer.JavaClassProcessor - Processing class 'org/springframework/boot/web/servlet/DynamicRegistrationBean'
15:51:24.128 [Test worker] DEBUG com.tngtech.archunit.core.importer.JavaClassProcessor - Processing class 'org/thymeleaf/dialect/IDialect'
15:51:24.130 [Test worker] DEBUG com.tngtech.archunit.core.importer.JavaClassProcessor - Processing class 'java/net/spi/URLStreamHandlerProvider'
15:51:24.131 [Test worker] DEBUG com.tngtech.archunit.core.importer.JavaClassProcessor - Processing class 'org/springframework/util/MultiValueMap'
15:51:24.133 [Test worker] DEBUG com.tngtech.archunit.core.importer.JavaClassProcessor - Processing class 'org/springframework/context/ApplicationEvent'
15:51:24.135 [Test worker] DEBUG com.tngtech.archunit.core.importer.JavaClassProcessor - Processing class 'javax/servlet/FilterRegistration$Dynamic'
15:51:24.136 [Test worker] DEBUG com.tngtech.archunit.core.importer.JavaClassProcessor - Processing class 'org/springframework/web/context/ServletContextAware'
15:51:24.138 [Test worker] DEBUG com.tngtech.archunit.core.importer.JavaClassProcessor - Processing class 'org/thymeleaf/ITemplateEngine'
15:51:24.139 [Test worker] DEBUG com.tngtech.archunit.core.importer.JavaClassProcessor - Processing class 'org/springframework/core/type/filter/TypeFilter'
15:51:24.140 [Test worker] DEBUG com.tngtech.archunit.core.importer.JavaClassProcessor - Processing class 'java/lang/AutoCloseable'
15:51:24.140 [Test worker] DEBUG com.tngtech.archunit.core.importer.JavaClassProcessor - Processing class 'java/lang/Runnable'
15:51:24.141 [Test worker] DEBUG com.tngtech.archunit.core.importer.JavaClassProcessor - Processing class 'java/util/AbstractCollection'
15:51:24.143 [Test worker] DEBUG com.tngtech.archunit.core.importer.JavaClassProcessor - Processing class 'java/util/Locale'
15:51:24.149 [Test worker] DEBUG com.tngtech.archunit.core.importer.JavaClassProcessor - Processing class 'org/springframework/context/ConfigurableApplicationContext'
15:51:24.150 [Test worker] DEBUG com.tngtech.archunit.core.importer.JavaClassProcessor - Processing class 'javax/security/auth/Destroyable'
15:51:24.152 [Test worker] DEBUG com.tngtech.archunit.core.importer.JavaClassProcessor - Processing class 'org/springframework/http/MediaType'
15:51:24.155 [Test worker] DEBUG com.tngtech.archunit.core.importer.JavaClassProcessor - Processing class 'java/util/Locale$LanguageRange'
15:51:24.158 [Test worker] DEBUG com.tngtech.archunit.core.importer.JavaClassProcessor - Processing class 'org/springframework/aop/support/AbstractPointcutAdvisor'
15:51:24.160 [Test worker] DEBUG com.tngtech.archunit.core.importer.JavaClassProcessor - Processing class 'java/security/Key'
15:51:24.161 [Test worker] DEBUG com.tngtech.archunit.core.importer.JavaClassProcessor - Processing class 'java/lang/constant/DynamicConstantDesc'
15:51:24.163 [Test worker] DEBUG com.tngtech.archunit.core.importer.JavaClassProcessor - Processing class 'java/net/URLStreamHandler'
15:51:24.165 [Test worker] DEBUG com.tngtech.archunit.core.importer.JavaClassProcessor - Processing class 'org/springframework/http/client/support/HttpAccessor'
15:51:24.166 [Test worker] DEBUG com.tngtech.archunit.core.importer.JavaClassProcessor - Processing class 'org/springframework/context/annotation/AnnotationScopeMetadataResolver'
15:51:24.168 [Test worker] DEBUG com.tngtech.archunit.core.importer.JavaClassProcessor - Processing class 'org/springframework/beans/factory/BeanClassLoaderAware'
15:51:24.169 [Test worker] DEBUG com.tngtech.archunit.core.importer.JavaClassProcessor - Processing class 'org/aspectj/lang/reflect/MemberSignature'
15:51:24.170 [Test worker] DEBUG com.tngtech.archunit.core.importer.JavaClassProcessor - Processing class 'org/thymeleaf/DialectConfiguration'
15:51:24.171 [Test worker] DEBUG com.tngtech.archunit.core.importer.JavaClassProcessor - Processing class 'org/springframework/context/annotation/AspectJAutoProxyRegistrar'
15:51:24.173 [Test worker] DEBUG com.tngtech.archunit.core.importer.JavaClassProcessor - Processing class 'org/springframework/beans/factory/Aware'
15:51:24.174 [Test worker] DEBUG com.tngtech.archunit.core.importer.JavaClassProcessor - Processing class 'org/springframework/data/repository/CrudRepository'
15:51:24.177 [Test worker] DEBUG com.tngtech.archunit.core.importer.JavaClassProcessor - Processing class 'org/springframework/beans/factory/InitializingBean'
15:51:24.177 [Test worker] DEBUG com.tngtech.archunit.core.importer.JavaClassProcessor - Processing class 'java/lang/Iterable'
15:51:24.178 [Test worker] DEBUG com.tngtech.archunit.core.importer.JavaClassProcessor - Processing class 'java/nio/charset/Charset'
15:51:24.181 [Test worker] DEBUG com.tngtech.archunit.core.importer.JavaClassProcessor - Processing class 'org/springframework/context/annotation/ComponentScans'
15:51:24.183 [Test worker] DEBUG com.tngtech.archunit.core.importer.JavaClassProcessor - Processing class 'org/springframework/boot/web/servlet/ServletRegistrationBean'
15:51:24.185 [Test worker] DEBUG com.tngtech.archunit.core.importer.JavaClassProcessor - Processing class 'org/springframework/retry/RetryListener'
15:51:24.187 [Test worker] DEBUG com.tngtech.archunit.core.importer.JavaClassProcessor - Processing class 'org/thymeleaf/templateresolver/ITemplateResolver'
15:51:24.188 [Test worker] DEBUG com.tngtech.archunit.core.importer.JavaClassProcessor - Processing class 'org/springframework/beans/factory/BeanNameAware'
15:51:24.189 [Test worker] DEBUG com.tngtech.archunit.core.importer.JavaClassProcessor - Processing class 'java/time/chrono/ChronoLocalDate'
15:51:24.193 [Test worker] DEBUG com.tngtech.archunit.core.importer.JavaClassProcessor - Processing class 'java/lang/reflect/AccessibleObject'
15:51:24.197 [Test worker] DEBUG com.tngtech.archunit.core.importer.JavaClassProcessor - Processing class 'org/springframework/context/annotation/ScopedProxyMode'
15:51:24.200 [Test worker] DEBUG com.tngtech.archunit.core.importer.JavaClassProcessor - Processing class 'org/springframework/http/HttpRange'
15:51:24.205 [Test worker] DEBUG com.tngtech.archunit.core.importer.JavaClassProcessor - Processing class 'org/springframework/beans/factory/SmartInitializingSingleton'
15:51:24.207 [Test worker] DEBUG com.tngtech.archunit.core.importer.JavaClassProcessor - Processing class 'org/springframework/context/EnvironmentAware'
15:51:24.208 [Test worker] DEBUG com.tngtech.archunit.core.importer.JavaClassProcessor - Processing class 'org/springframework/context/annotation/ScopeMetadataResolver'
15:51:24.212 [Test worker] DEBUG com.tngtech.archunit.core.importer.JavaClassProcessor - Processing class 'javax/servlet/DispatcherType'
15:51:24.215 [Test worker] DEBUG com.tngtech.archunit.core.importer.JavaClassProcessor - Processing class 'org/springframework/core/env/AbstractEnvironment'
15:51:24.222 [Test worker] DEBUG com.tngtech.archunit.core.importer.JavaClassProcessor - Processing class 'org/springframework/boot/autoconfigure/AutoConfigurationImportListener'
15:51:24.223 [Test worker] DEBUG com.tngtech.archunit.core.importer.JavaClassProcessor - Processing class 'java/nio/charset/spi/CharsetProvider'
15:51:24.226 [Test worker] DEBUG com.tngtech.archunit.core.importer.JavaClassProcessor - Processing class 'org/springframework/data/repository/query/FluentQuery'
15:51:24.232 [Test worker] DEBUG com.tngtech.archunit.core.importer.JavaClassProcessor - Processing class 'org/springframework/http/HttpRequest'
15:51:24.235 [Test worker] DEBUG com.tngtech.archunit.core.importer.JavaClassProcessor - Processing class 'org/springframework/boot/web/servlet/RegistrationBean'
15:51:24.237 [Test worker] DEBUG com.tngtech.archunit.core.importer.JavaClassProcessor - Processing class 'javax/servlet/Registration$Dynamic'
15:51:24.238 [Test worker] DEBUG com.tngtech.archunit.core.importer.JavaClassProcessor - Processing class 'java/util/EventObject'
15:51:24.239 [Test worker] DEBUG com.tngtech.archunit.core.importer.JavaClassProcessor - Processing class 'org/springframework/util/MimeType'
15:51:24.243 [Test worker] DEBUG com.tngtech.archunit.core.importer.JavaClassProcessor - Processing class 'java/lang/Character'
15:51:24.251 [Test worker] DEBUG com.tngtech.archunit.core.importer.JavaClassProcessor - Processing class 'org/springframework/data/repository/Repository'
15:51:24.253 [Test worker] DEBUG com.tngtech.archunit.core.importer.JavaClassProcessor - Processing class 'org/springframework/boot/autoconfigure/AutoConfigurationPackages$Registrar'
15:51:24.254 [Test worker] DEBUG com.tngtech.archunit.core.importer.JavaClassProcessor - Processing class 'javax/servlet/ServletRegistration$Dynamic'
15:51:24.256 [Test worker] DEBUG com.tngtech.archunit.core.importer.JavaClassProcessor - Processing class 'java/lang/ThreadLocal'
15:51:24.258 [Test worker] DEBUG com.tngtech.archunit.core.importer.JavaClassProcessor - Processing class 'javax/servlet/Servlet'
15:51:24.260 [Test worker] DEBUG com.tngtech.archunit.core.importer.JavaClassProcessor - Processing class 'org/aspectj/lang/Signature'
15:51:24.262 [Test worker] DEBUG com.tngtech.archunit.core.importer.JavaClassProcessor - Processing class 'javax/servlet/FilterRegistration'
15:51:24.264 [Test worker] DEBUG com.tngtech.archunit.core.importer.JavaClassProcessor - Processing class 'java/net/URLStreamHandlerFactory'
15:51:24.265 [Test worker] DEBUG com.tngtech.archunit.core.importer.JavaClassProcessor - Processing class 'sun/util/locale/LocaleExtensions'
15:51:24.268 [Test worker] DEBUG com.tngtech.archunit.core.importer.JavaClassProcessor - Processing class 'org/springframework/core/Ordered'
15:51:24.269 [Test worker] DEBUG com.tngtech.archunit.core.importer.JavaClassProcessor - Processing class 'org/springframework/aop/PointcutAdvisor'
15:51:24.271 [Test worker] DEBUG com.tngtech.archunit.core.importer.JavaClassProcessor - Processing class 'org/springframework/context/annotation/DeferredImportSelector'
15:51:24.272 [Test worker] DEBUG com.tngtech.archunit.core.importer.JavaClassProcessor - Processing class 'org/springframework/core/ResolvableTypeProvider'
15:51:24.275 [Test worker] DEBUG com.tngtech.archunit.core.importer.JavaClassProcessor - Processing class 'org/springframework/core/io/support/ResourceRegion'
15:51:24.277 [Test worker] DEBUG com.tngtech.archunit.core.importer.JavaClassProcessor - Processing class 'org/springframework/aop/IntroductionInfo'
15:51:24.281 [Test worker] DEBUG com.tngtech.archunit.core.importer.JavaClassProcessor - Processing class 'org/springframework/boot/autoconfigure/AutoConfigurationImportFilter'
15:51:24.283 [Test worker] DEBUG com.tngtech.archunit.core.importer.JavaClassProcessor - Processing class 'org/springframework/core/env/ConfigurableEnvironment'
15:51:24.285 [Test worker] DEBUG com.tngtech.archunit.core.importer.JavaClassProcessor - Processing class 'org/springframework/context/annotation/ImportBeanDefinitionRegistrar'
15:51:24.287 [Test worker] DEBUG com.tngtech.archunit.core.importer.JavaClassProcessor - Processing class 'org/springframework/http/client/ClientHttpRequestInitializer'
15:51:24.289 [Test worker] DEBUG com.tngtech.archunit.core.importer.JavaClassProcessor - Processing class 'org/springframework/aop/Advisor'
15:51:24.291 [Test worker] DEBUG com.tngtech.archunit.core.importer.JavaClassProcessor - Processing class 'org/springframework/context/ResourceLoaderAware'
15:51:24.293 [Test worker] DEBUG com.tngtech.archunit.core.importer.JavaClassProcessor - Processing class 'org/springframework/context/ApplicationContext'
15:51:24.320 [Test worker] DEBUG com.tngtech.archunit.core.importer.JavaClassProcessor - Processing class 'org/springframework/context/Lifecycle'
15:51:24.321 [Test worker] DEBUG com.tngtech.archunit.core.importer.JavaClassProcessor - Processing class 'sun/util/locale/BaseLocale'
15:51:24.323 [Test worker] DEBUG com.tngtech.archunit.core.importer.JavaClassProcessor - Processing class 'org/springframework/context/annotation/DeferredImportSelector$Group'
15:51:24.324 [Test worker] DEBUG com.tngtech.archunit.core.importer.JavaClassProcessor - Processing class 'java/io/Closeable'
15:51:24.326 [Test worker] DEBUG com.tngtech.archunit.core.importer.JavaClassProcessor - Processing class 'org/springframework/http/HttpOutputMessage'
15:51:24.329 [Test worker] DEBUG com.tngtech.archunit.core.importer.JavaClassProcessor - Processing class 'sun/util/locale/Extension'
15:51:24.330 [Test worker] DEBUG com.tngtech.archunit.core.importer.JavaClassProcessor - Processing class 'org/springframework/beans/factory/HierarchicalBeanFactory'
15:51:24.332 [Test worker] DEBUG com.tngtech.archunit.core.importer.JavaClassProcessor - Processing class 'javax/servlet/ServletRegistration'
15:51:24.333 [Test worker] DEBUG com.tngtech.archunit.core.importer.JavaClassProcessor - Processing class 'org/springframework/core/env/ConfigurablePropertyResolver'
15:51:24.368 [Test worker] DEBUG com.tngtech.archunit.core.importer.JavaClassProcessor - Processing class 'org/springframework/context/annotation/DeferredImportSelector$Group$Entry'
15:51:24.369 [Test worker] DEBUG com.tngtech.archunit.core.importer.JavaClassProcessor - Processing class 'org/springframework/context/ApplicationEventPublisher'
15:51:24.371 [Test worker] DEBUG com.tngtech.archunit.core.importer.JavaClassProcessor - Processing class 'org/springframework/http/HttpMessage'
15:51:24.372 [Test worker] DEBUG com.tngtech.archunit.core.importer.JavaClassProcessor - Processing class 'org/springframework/context/annotation/ImportSelector'
15:51:24.374 [Test worker] DEBUG com.tngtech.archunit.core.importer.JavaClassProcessor - Processing class 'org/springframework/boot/web/servlet/ServletContextInitializer'
15:51:24.376 [Test worker] DEBUG com.tngtech.archunit.core.importer.JavaClassProcessor - Processing class 'org/springframework/context/MessageSource'
15:51:24.378 [Test worker] DEBUG com.tngtech.archunit.core.importer.JavaClassProcessor - Processing class 'javax/servlet/Registration'
15:51:24.380 [Test worker] DEBUG com.tngtech.archunit.core.importer.JavaClassProcessor - Processing class 'org/springframework/boot/autoconfigure/AutoConfigurationPackages'
15:51:24.382 [Test worker] DEBUG com.tngtech.archunit.core.importer.JavaClassProcessor - Processing class 'org/springframework/boot/context/annotation/DeterminableImports'
15:51:24.384 [Test worker] DEBUG com.tngtech.archunit.core.importer.JavaClassProcessor - Processing class 'sun/util/locale/InternalLocaleBuilder$CaseInsensitiveString'
15:51:24.385 [Test worker] DEBUG com.tngtech.archunit.core.importer.JavaClassProcessor - Processing class 'org/springframework/core/io/support/ResourcePatternResolver'
15:51:24.386 [Test worker] DEBUG com.tngtech.archunit.core.importer.JavaClassProcessor - Processing class 'sun/util/locale/InternalLocaleBuilder$CaseInsensitiveChar'
15:51:24.388 [Test worker] DEBUG com.tngtech.archunit.core.importer.JavaClassProcessor - Processing class 'org/springframework/beans/factory/ListableBeanFactory'
15:51:24.390 [Test worker] DEBUG com.tngtech.archunit.core.importer.JavaClassProcessor - Processing class 'org/springframework/core/io/ResourceLoader'
15:51:24.395 [Test worker] DEBUG com.tngtech.archunit.core.importer.JavaClassProcessor - Processing class 'org/springframework/beans/factory/BeanFactory'
15:51:24.397 [Test worker] DEBUG com.tngtech.archunit.core.importer.JavaClassProcessor - Processing class 'sun/util/locale/InternalLocaleBuilder'
15:51:24.532 [Test worker] DEBUG com.tngtech.archunit.core.importer.JavaClassProcessor - Processing class 'com/auth0/jwt/impl/JWTParser'
15:51:24.568 [Test worker] DEBUG com.tngtech.archunit.core.importer.JavaClassProcessor - Processing class 'com/auth0/jwt/interfaces/Verification'
15:51:24.572 [Test worker] DEBUG com.tngtech.archunit.core.importer.JavaClassProcessor - Processing class 'com/auth0/jwt/algorithms/Algorithm'
15:51:24.588 [Test worker] DEBUG com.tngtech.archunit.core.importer.JavaClassProcessor - Processing class 'com/auth0/jwt/JWTCreator$Builder'
15:51:24.591 [Test worker] DEBUG com.tngtech.archunit.core.importer.JavaClassProcessor - Processing class 'com/auth0/jwt/exceptions/JWTDecodeException'
15:51:24.609 [Test worker] DEBUG com.tngtech.archunit.core.importer.JavaClassProcessor - Processing class 'java/time/Instant'
15:51:24.727 [Test worker] DEBUG com.tngtech.archunit.core.importer.JavaClassProcessor - Processing class 'io/jsonwebtoken/CompressionCodec'
15:51:24.730 [Test worker] DEBUG com.tngtech.archunit.core.importer.JavaClassProcessor - Processing class 'io/jsonwebtoken/Claims'
15:51:24.734 [Test worker] DEBUG com.tngtech.archunit.core.importer.JavaClassProcessor - Processing class 'io/jsonwebtoken/Header'
15:51:24.735 [Test worker] DEBUG com.tngtech.archunit.core.importer.JavaClassProcessor - Processing class 'io/jsonwebtoken/JwtParser'
15:51:24.738 [Test worker] DEBUG com.tngtech.archunit.core.importer.JavaClassProcessor - Processing class 'io/jsonwebtoken/JwsHeader'
15:51:24.741 [Test worker] DEBUG com.tngtech.archunit.core.importer.JavaClassProcessor - Processing class 'io/jsonwebtoken/SignatureException'
15:51:24.744 [Test worker] DEBUG com.tngtech.archunit.core.importer.JavaClassProcessor - Processing class 'io/jsonwebtoken/impl/crypto/SignatureValidator'
15:51:24.747 [Test worker] DEBUG com.tngtech.archunit.core.importer.JavaClassProcessor - Processing class 'io/jsonwebtoken/impl/crypto/SignatureValidatorFactory'
15:51:24.762 [Test worker] DEBUG com.tngtech.archunit.core.importer.JavaClassProcessor - Processing class 'java/lang/ref/SoftReference'
15:51:24.763 [Test worker] DEBUG com.tngtech.archunit.core.importer.JavaClassProcessor - Processing class 'sun/reflect/annotation/AnnotationType'
15:51:24.765 [Test worker] DEBUG com.tngtech.archunit.core.importer.JavaClassProcessor - Processing class 'java/lang/Class$AnnotationData'
15:51:24.767 [Test worker] DEBUG com.tngtech.archunit.core.importer.JavaClassProcessor - Processing class 'sun/reflect/generics/repository/ClassRepository'
15:51:24.768 [Test worker] DEBUG com.tngtech.archunit.core.importer.JavaClassProcessor - Processing class 'java/lang/ClassValue$ClassValueMap'
15:51:24.771 [Test worker] DEBUG com.tngtech.archunit.core.importer.JavaClassProcessor - Processing class 'java/io/ObjectStreamField'
15:51:24.773 [Test worker] DEBUG com.tngtech.archunit.core.importer.JavaClassProcessor - Processing class 'java/lang/Module'
15:51:24.778 [Test worker] DEBUG com.tngtech.archunit.core.importer.JavaClassProcessor - Processing class 'jdk/internal/reflect/ReflectionFactory'
15:51:24.781 [Test worker] DEBUG com.tngtech.archunit.core.importer.JavaClassProcessor - Processing class 'java/lang/ClassLoader'
15:51:24.785 [Test worker] DEBUG com.tngtech.archunit.core.importer.JavaClassProcessor - Processing class 'java/security/ProtectionDomain'
15:51:24.787 [Test worker] DEBUG com.tngtech.archunit.core.importer.JavaClassProcessor - Processing class 'java/lang/reflect/Constructor'
15:51:24.790 [Test worker] DEBUG com.tngtech.archunit.core.importer.JavaClassProcessor - Processing class 'java/lang/reflect/AnnotatedType'
15:51:24.790 [Test worker] DEBUG com.tngtech.archunit.core.importer.JavaClassProcessor - Processing class 'java/lang/ClassNotFoundException'
15:51:24.794 [Test worker] DEBUG com.tngtech.archunit.core.importer.JavaClassProcessor - Processing class 'java/lang/SecurityException'
15:51:24.795 [Test worker] DEBUG com.tngtech.archunit.core.importer.JavaClassProcessor - Processing class 'jdk/internal/reflect/ConstantPool'
15:51:24.797 [Test worker] DEBUG com.tngtech.archunit.core.importer.JavaClassProcessor - Processing class 'java/io/InputStream'
15:51:24.799 [Test worker] DEBUG com.tngtech.archunit.core.importer.JavaClassProcessor - Processing class 'jdk/internal/loader/BuiltinClassLoader'
15:51:24.805 [Test worker] DEBUG com.tngtech.archunit.core.importer.JavaClassProcessor - Processing class 'java/lang/NoSuchMethodException'
15:51:24.807 [Test worker] DEBUG com.tngtech.archunit.core.importer.JavaClassProcessor - Processing class 'java/lang/reflect/TypeVariable'
15:51:24.821 [Test worker] DEBUG com.tngtech.archunit.core.importer.JavaClassProcessor - Processing class 'java/lang/InstantiationException'
15:51:24.822 [Test worker] DEBUG com.tngtech.archunit.core.importer.JavaClassProcessor - Processing class 'java/lang/IllegalAccessException'
15:51:24.826 [Test worker] DEBUG com.tngtech.archunit.core.importer.JavaClassProcessor - Processing class 'java/lang/reflect/RecordComponent'
15:51:24.828 [Test worker] DEBUG com.tngtech.archunit.core.importer.JavaClassProcessor - Processing class 'java/lang/NoSuchFieldException'
15:51:24.829 [Test worker] DEBUG com.tngtech.archunit.core.importer.JavaClassProcessor - Processing class 'java/lang/Package'
15:51:24.832 [Test worker] DEBUG com.tngtech.archunit.core.importer.JavaClassProcessor - Processing class 'java/lang/Class$EnclosingMethodInfo'
15:51:24.837 [Test worker] DEBUG com.tngtech.archunit.core.importer.JavaClassProcessor - Processing class 'java/lang/PublicMethods$MethodList'
15:51:24.839 [Test worker] DEBUG com.tngtech.archunit.core.importer.JavaClassProcessor - Processing class 'java/lang/SecurityManager'
15:51:24.843 [Test worker] DEBUG com.tngtech.archunit.core.importer.JavaClassProcessor - Processing class 'sun/reflect/generics/factory/GenericsFactory'
15:51:24.848 [Test worker] DEBUG com.tngtech.archunit.core.importer.JavaClassProcessor - Processing class 'java/lang/reflect/GenericArrayType'
15:51:24.854 [Test worker] DEBUG com.tngtech.archunit.core.importer.JavaClassProcessor - Processing class 'java/lang/NumberFormatException'
15:51:24.856 [Test worker] DEBUG com.tngtech.archunit.core.importer.JavaClassProcessor - Processing class 'java/lang/invoke/MethodHandles$Lookup'
15:51:24.869 [Test worker] DEBUG com.tngtech.archunit.core.importer.JavaClassProcessor - Processing class 'java/lang/ReflectiveOperationException'
15:51:24.878 [Test worker] DEBUG com.tngtech.archunit.core.importer.JavaClassProcessor - Processing class 'java/io/ObjectInputStream'
15:51:24.882 [Test worker] DEBUG com.tngtech.archunit.core.importer.JavaClassProcessor - Processing class 'java/lang/CloneNotSupportedException'
15:51:24.884 [Test worker] DEBUG com.tngtech.archunit.core.importer.JavaClassProcessor - Processing class 'java/io/ObjectStreamException'
15:51:24.889 [Test worker] DEBUG com.tngtech.archunit.core.importer.JavaClassProcessor - Processing class 'java/util/Spliterator'
15:51:24.891 [Test worker] DEBUG com.tngtech.archunit.core.importer.JavaClassProcessor - Processing class 'java/math/BigInteger'
15:51:24.897 [Test worker] DEBUG com.tngtech.archunit.core.importer.JavaClassProcessor - Processing class 'java/lang/InterruptedException'
15:51:24.900 [Test worker] DEBUG com.tngtech.archunit.core.importer.JavaClassProcessor - Processing class 'sun/nio/cs/ArrayDecoder'
15:51:24.901 [Test worker] DEBUG com.tngtech.archunit.core.importer.JavaClassProcessor - Processing class 'java/nio/charset/MalformedInputException'
15:51:24.902 [Test worker] DEBUG com.tngtech.archunit.core.importer.JavaClassProcessor - Processing class 'java/nio/charset/CharacterCodingException'
15:51:24.903 [Test worker] DEBUG com.tngtech.archunit.core.importer.JavaClassProcessor - Processing class 'java/util/function/Function'
15:51:24.904 [Test worker] DEBUG com.tngtech.archunit.core.importer.JavaClassProcessor - Processing class 'java/nio/charset/CharsetDecoder'
15:51:24.905 [Test worker] DEBUG com.tngtech.archunit.core.importer.JavaClassProcessor - Processing class 'java/lang/AbstractStringBuilder'
15:51:24.907 [Test worker] DEBUG com.tngtech.archunit.core.importer.JavaClassProcessor - Processing class 'java/lang/StringBuffer'
15:51:24.917 [Test worker] DEBUG com.tngtech.archunit.core.importer.JavaClassProcessor - Processing class 'java/nio/charset/UnmappableCharacterException'
15:51:24.922 [Test worker] DEBUG com.tngtech.archunit.core.importer.JavaClassProcessor - Processing class 'java/io/UnsupportedEncodingException'
15:51:24.923 [Test worker] DEBUG com.tngtech.archunit.core.importer.JavaClassProcessor - Processing class 'java/lang/Void'
15:51:24.924 [Test worker] DEBUG com.tngtech.archunit.core.importer.JavaClassProcessor - Processing class 'sun/nio/cs/ArrayEncoder'
15:51:24.926 [Test worker] DEBUG com.tngtech.archunit.core.importer.JavaClassProcessor - Processing class 'java/lang/StringBuilder'
15:51:24.942 [Test worker] DEBUG com.tngtech.archunit.core.importer.JavaClassProcessor - Processing class 'java/io/PrintStream'
15:51:24.944 [Test worker] DEBUG com.tngtech.archunit.core.importer.JavaClassProcessor - Processing class 'java/io/Console'
15:51:24.946 [Test worker] DEBUG com.tngtech.archunit.core.importer.JavaClassProcessor - Processing class 'java/lang/ModuleLayer'
15:51:24.948 [Test worker] DEBUG com.tngtech.archunit.core.importer.JavaClassProcessor - Processing class 'java/nio/channels/Channel'
15:51:24.949 [Test worker] DEBUG com.tngtech.archunit.core.importer.JavaClassProcessor - Processing class 'java/lang/invoke/StringConcatFactory'
15:51:24.951 [Test worker] DEBUG com.tngtech.archunit.core.importer.JavaClassProcessor - Processing class 'java/lang/System$Logger'
15:51:24.951 [Test worker] DEBUG com.tngtech.archunit.core.importer.JavaClassProcessor - Processing class 'java/util/ResourceBundle'
15:51:24.954 [Test worker] DEBUG com.tngtech.archunit.core.importer.JavaClassProcessor - Processing class 'java/io/FileOutputStream'
15:51:24.957 [Test worker] DEBUG com.tngtech.archunit.core.importer.JavaClassProcessor - Processing class 'java/util/concurrent/atomic/AtomicInteger'
15:51:24.959 [Test worker] DEBUG com.tngtech.archunit.core.importer.JavaClassProcessor - Processing class 'jdk/internal/misc/TerminatingThreadLocal'
15:51:24.960 [Test worker] DEBUG com.tngtech.archunit.core.importer.JavaClassProcessor - Processing class 'java/lang/ThreadLocal$ThreadLocalMap'
15:51:24.964 [Test worker] DEBUG com.tngtech.archunit.core.importer.JavaClassProcessor - Processing class 'java/lang/Thread'
15:51:24.969 [Test worker] DEBUG com.tngtech.archunit.core.importer.JavaClassProcessor - Processing class 'java/util/function/Supplier'
15:51:24.974 [Test worker] DEBUG com.tngtech.archunit.core.importer.JavaClassProcessor - Processing class 'java/lang/StackTraceElement'
15:51:24.977 [Test worker] DEBUG com.tngtech.archunit.core.importer.JavaClassProcessor - Processing class 'java/lang/Throwable$PrintStreamOrWriter'
15:51:24.979 [Test worker] DEBUG com.tngtech.archunit.core.importer.JavaClassProcessor - Processing class 'java/io/ObjectOutputStream'
15:51:24.982 [Test worker] DEBUG com.tngtech.archunit.core.importer.JavaClassProcessor - Processing class 'java/io/PrintWriter'
15:51:24.992 [Test worker] DEBUG com.tngtech.archunit.core.importer.JavaClassProcessor - Processing class 'java/lang/constant/DirectMethodHandleDesc'
15:51:24.998 [Test worker] DEBUG com.tngtech.archunit.core.importer.JavaClassProcessor - Processing class 'java/lang/reflect/AccessibleObject$Cache'
15:51:24.999 [Test worker] DEBUG com.tngtech.archunit.core.importer.JavaClassProcessor - Processing class 'java/lang/invoke/MethodHandle'
15:51:25.002 [Test worker] DEBUG com.tngtech.archunit.core.importer.JavaClassProcessor - Processing class 'java/lang/ref/WeakReference'
15:51:25.007 [Test worker] DEBUG com.tngtech.archunit.core.importer.JavaClassProcessor - Processing class 'java/lang/reflect/Parameter'
15:51:25.009 [Test worker] DEBUG com.tngtech.archunit.core.importer.JavaClassProcessor - Processing class 'sun/reflect/generics/repository/ConstructorRepository'
15:51:25.014 [Test worker] DEBUG com.tngtech.archunit.core.importer.JavaClassProcessor - Processing class 'sun/reflect/generics/repository/FieldRepository'
15:51:25.015 [Test worker] DEBUG com.tngtech.archunit.core.importer.JavaClassProcessor - Processing class 'jdk/internal/reflect/FieldAccessor'
15:51:25.022 [Test worker] DEBUG com.tngtech.archunit.core.importer.JavaClassProcessor - Processing class 'jdk/internal/reflect/MethodAccessor'
15:51:25.023 [Test worker] DEBUG com.tngtech.archunit.core.importer.JavaClassProcessor - Processing class 'sun/reflect/generics/repository/MethodRepository'
15:51:25.025 [Test worker] DEBUG com.tngtech.archunit.core.importer.JavaClassProcessor - Processing class 'sun/reflect/annotation/ExceptionProxy'
15:51:25.026 [Test worker] DEBUG com.tngtech.archunit.core.importer.JavaClassProcessor - Processing class 'sun/reflect/annotation/TypeNotPresentExceptionProxy'
15:51:25.027 [Test worker] DEBUG com.tngtech.archunit.core.importer.JavaClassProcessor - Processing class 'java/lang/reflect/InvocationTargetException'
15:51:25.032 [Test worker] DEBUG com.tngtech.archunit.core.importer.JavaClassProcessor - Processing class 'java/net/InetAddress'
15:51:25.034 [Test worker] DEBUG com.tngtech.archunit.core.importer.JavaClassProcessor - Processing class 'java/net/UrlDeserializedState'
15:51:25.035 [Test worker] DEBUG com.tngtech.archunit.core.importer.JavaClassProcessor - Processing class 'java/io/InvalidObjectException'
15:51:25.036 [Test worker] DEBUG com.tngtech.archunit.core.importer.JavaClassProcessor - Processing class 'java/net/URI'
15:51:25.038 [Test worker] DEBUG com.tngtech.archunit.core.importer.JavaClassProcessor - Processing class 'java/net/MalformedURLException'
15:51:25.038 [Test worker] DEBUG com.tngtech.archunit.core.importer.JavaClassProcessor - Processing class 'java/net/URISyntaxException'
15:51:25.039 [Test worker] DEBUG com.tngtech.archunit.core.importer.JavaClassProcessor - Processing class 'java/net/URLConnection'
15:51:25.041 [Test worker] DEBUG com.tngtech.archunit.core.importer.JavaClassProcessor - Processing class 'java/net/Proxy'
15:51:25.042 [Test worker] DEBUG com.tngtech.archunit.core.importer.JavaClassProcessor - Processing class 'sun/net/www/protocol/jar/Handler'
15:51:25.044 [Test worker] DEBUG com.tngtech.archunit.core.importer.JavaClassProcessor - Processing class 'java/nio/ByteBuffer'
15:51:25.045 [Test worker] DEBUG com.tngtech.archunit.core.importer.JavaClassProcessor - Processing class 'java/nio/CharBuffer'
15:51:25.047 [Test worker] DEBUG com.tngtech.archunit.core.importer.JavaClassProcessor - Processing class 'java/util/SortedMap'
15:51:25.048 [Test worker] DEBUG com.tngtech.archunit.core.importer.JavaClassProcessor - Processing class 'java/nio/charset/CharsetEncoder'
15:51:25.050 [Test worker] DEBUG com.tngtech.archunit.core.importer.JavaClassProcessor - Processing class 'java/io/DataOutput'
15:51:25.051 [Test worker] DEBUG com.tngtech.archunit.core.importer.JavaClassProcessor - Processing class 'java/math/BigDecimal'
15:51:25.056 [Test worker] DEBUG com.tngtech.archunit.core.importer.JavaClassProcessor - Processing class 'java/time/temporal/ChronoUnit'
15:51:25.058 [Test worker] DEBUG com.tngtech.archunit.core.importer.JavaClassProcessor - Processing class 'java/io/DataInput'
15:51:25.059 [Test worker] DEBUG com.tngtech.archunit.core.importer.JavaClassProcessor - Processing class 'java/time/temporal/TemporalField'
15:51:25.060 [Test worker] DEBUG com.tngtech.archunit.core.importer.JavaClassProcessor - Processing class 'java/time/chrono/Chronology'
15:51:25.061 [Test worker] DEBUG com.tngtech.archunit.core.importer.JavaClassProcessor - Processing class 'java/time/chrono/IsoEra'
15:51:25.062 [Test worker] DEBUG com.tngtech.archunit.core.importer.JavaClassProcessor - Processing class 'java/time/Period'
15:51:25.064 [Test worker] DEBUG com.tngtech.archunit.core.importer.JavaClassProcessor - Processing class 'java/time/chrono/IsoChronology'
15:51:25.065 [Test worker] DEBUG com.tngtech.archunit.core.importer.JavaClassProcessor - Processing class 'java/time/ZoneOffset'
15:51:25.067 [Test worker] DEBUG com.tngtech.archunit.core.importer.JavaClassProcessor - Processing class 'java/time/LocalTime'
15:51:25.069 [Test worker] DEBUG com.tngtech.archunit.core.importer.JavaClassProcessor - Processing class 'java/time/Month'
15:51:25.070 [Test worker] DEBUG com.tngtech.archunit.core.importer.JavaClassProcessor - Processing class 'java/time/format/DateTimeFormatter'
15:51:25.073 [Test worker] DEBUG com.tngtech.archunit.core.importer.JavaClassProcessor - Processing class 'java/time/OffsetDateTime'
15:51:25.076 [Test worker] DEBUG com.tngtech.archunit.core.importer.JavaClassProcessor - Processing class 'java/time/OffsetTime'
15:51:25.078 [Test worker] DEBUG com.tngtech.archunit.core.importer.JavaClassProcessor - Processing class 'java/time/temporal/TemporalQuery'
15:51:25.079 [Test worker] DEBUG com.tngtech.archunit.core.importer.JavaClassProcessor - Processing class 'java/time/temporal/ValueRange'
15:51:25.080 [Test worker] DEBUG com.tngtech.archunit.core.importer.JavaClassProcessor - Processing class 'java/time/temporal/ChronoField'
15:51:25.081 [Test worker] DEBUG com.tngtech.archunit.core.importer.JavaClassProcessor - Processing class 'java/time/DayOfWeek'
15:51:25.082 [Test worker] DEBUG com.tngtech.archunit.core.importer.JavaClassProcessor - Processing class 'java/time/chrono/ChronoPeriod'
15:51:25.083 [Test worker] DEBUG com.tngtech.archunit.core.importer.JavaClassProcessor - Processing class 'java/time/chrono/Era'
15:51:25.084 [Test worker] DEBUG com.tngtech.archunit.core.importer.JavaClassProcessor - Processing class 'java/time/Clock'
15:51:25.088 [Test worker] DEBUG com.tngtech.archunit.core.importer.JavaClassProcessor - Processing class 'java/time/zone/ZoneRules'
15:51:25.090 [Test worker] DEBUG com.tngtech.archunit.core.importer.JavaClassProcessor - Processing class 'java/time/format/TextStyle'
15:51:25.091 [Test worker] DEBUG com.tngtech.archunit.core.importer.JavaClassProcessor - Processing class 'java/time/ZoneRegion'
15:51:25.094 [Test worker] DEBUG com.tngtech.archunit.core.importer.JavaClassProcessor - Processing class 'java/io/ObjectInput'
15:51:25.095 [Test worker] DEBUG com.tngtech.archunit.core.importer.JavaClassProcessor - Processing class 'java/lang/invoke/SerializedLambda'
15:51:25.101 [Test worker] DEBUG com.tngtech.archunit.core.importer.JavaClassProcessor - Processing class 'java/util/ListIterator'
15:51:25.106 [Test worker] DEBUG com.tngtech.archunit.core.importer.JavaClassProcessor - Processing class 'java/util/function/UnaryOperator'
15:51:25.109 [Test worker] DEBUG com.tngtech.archunit.core.importer.JavaClassProcessor - Processing class 'java/util/function/Predicate'
15:51:25.112 [Test worker] DEBUG com.tngtech.archunit.core.importer.JavaClassProcessor - Processing class 'java/util/function/IntUnaryOperator'
15:51:25.116 [Test worker] DEBUG com.tngtech.archunit.core.importer.JavaClassProcessor - Processing class 'java/util/Spliterator$OfInt'
15:51:25.117 [Test worker] DEBUG com.tngtech.archunit.core.importer.JavaClassProcessor - Processing class 'java/util/function/IntToLongFunction'
15:51:25.119 [Test worker] DEBUG com.tngtech.archunit.core.importer.JavaClassProcessor - Processing class 'java/util/function/BinaryOperator'
15:51:25.121 [Test worker] DEBUG com.tngtech.archunit.core.importer.JavaClassProcessor - Processing class 'java/util/Spliterator$OfDouble'
15:51:25.122 [Test worker] DEBUG com.tngtech.archunit.core.importer.JavaClassProcessor - Processing class 'java/util/function/LongBinaryOperator'
15:51:25.123 [Test worker] DEBUG com.tngtech.archunit.core.importer.JavaClassProcessor - Processing class 'java/util/function/IntBinaryOperator'
15:51:25.123 [Test worker] DEBUG com.tngtech.archunit.core.importer.JavaClassProcessor - Processing class 'java/util/function/DoubleBinaryOperator'
15:51:25.125 [Test worker] DEBUG com.tngtech.archunit.core.importer.JavaClassProcessor - Processing class 'java/util/function/IntToDoubleFunction'
15:51:25.129 [Test worker] DEBUG com.tngtech.archunit.core.importer.JavaClassProcessor - Processing class 'java/util/function/IntFunction'
15:51:25.131 [Test worker] DEBUG com.tngtech.archunit.core.importer.JavaClassProcessor - Processing class 'java/util/Spliterator$OfLong'
15:51:25.134 [Test worker] DEBUG com.tngtech.archunit.core.importer.JavaClassProcessor - Processing class 'java/util/function/ToLongFunction'
15:51:25.135 [Test worker] DEBUG com.tngtech.archunit.core.importer.JavaClassProcessor - Processing class 'java/util/function/ToDoubleFunction'
15:51:25.136 [Test worker] DEBUG com.tngtech.archunit.core.importer.JavaClassProcessor - Processing class 'java/util/function/ToIntFunction'
15:51:25.137 [Test worker] DEBUG com.tngtech.archunit.core.importer.JavaClassProcessor - Processing class 'sun/util/calendar/BaseCalendar$Date'
15:51:25.138 [Test worker] DEBUG com.tngtech.archunit.core.importer.JavaClassProcessor - Processing class 'sun/util/calendar/BaseCalendar'
15:51:25.139 [Test worker] DEBUG com.tngtech.archunit.core.importer.JavaClassProcessor - Processing class 'sun/util/calendar/ZoneInfo'
15:51:25.141 [Test worker] DEBUG com.tngtech.archunit.core.importer.JavaClassProcessor - Processing class 'java/util/Enumeration'
15:51:25.143 [Test worker] DEBUG com.tngtech.archunit.core.importer.JavaClassProcessor - Processing class 'java/util/Hashtable$Entry'
15:51:25.145 [Test worker] DEBUG com.tngtech.archunit.core.importer.JavaClassProcessor - Processing class 'java/io/StreamCorruptedException'
15:51:25.146 [Test worker] DEBUG com.tngtech.archunit.core.importer.JavaClassProcessor - Processing class 'java/util/function/BiFunction'
15:51:25.147 [Test worker] DEBUG com.tngtech.archunit.core.importer.JavaClassProcessor - Processing class 'java/util/function/BiConsumer'
15:51:25.153 [Test worker] DEBUG com.tngtech.archunit.core.importer.JavaClassProcessor - Processing class 'java/util/Locale$FilteringMode'
15:51:25.154 [Test worker] DEBUG com.tngtech.archunit.core.importer.JavaClassProcessor - Processing class 'java/util/MissingResourceException'
15:51:25.156 [Test worker] DEBUG com.tngtech.archunit.core.importer.JavaClassProcessor - Processing class 'java/util/Locale$IsoCountryCode'
15:51:25.157 [Test worker] DEBUG com.tngtech.archunit.core.importer.JavaClassProcessor - Processing class 'java/util/Locale$Category'
15:51:25.158 [Test worker] DEBUG com.tngtech.archunit.core.importer.JavaClassProcessor - Processing class 'sun/util/locale/provider/LocaleResources'
15:51:25.160 [Test worker] DEBUG com.tngtech.archunit.core.importer.JavaClassProcessor - Processing class 'java/util/spi/LocaleNameProvider'
15:51:25.163 [Test worker] DEBUG com.tngtech.archunit.core.importer.JavaClassProcessor - Processing class 'java/util/ImmutableCollections$AbstractImmutableMap'
15:51:25.167 [Test worker] DEBUG com.tngtech.archunit.core.importer.JavaClassProcessor - Processing class 'java/util/KeyValueHolder'
15:51:25.170 [Test worker] DEBUG com.tngtech.archunit.core.importer.JavaClassProcessor - Processing class 'jdk/internal/misc/Unsafe'
15:51:25.178 [Test worker] DEBUG com.tngtech.archunit.core.importer.JavaClassProcessor - Processing class 'java/io/OutputStream'
15:51:25.179 [Test worker] DEBUG com.tngtech.archunit.core.importer.JavaClassProcessor - Processing class 'java/io/Reader'
15:51:25.180 [Test worker] DEBUG com.tngtech.archunit.core.importer.JavaClassProcessor - Processing class 'java/io/BufferedWriter'
15:51:25.182 [Test worker] DEBUG com.tngtech.archunit.core.importer.JavaClassProcessor - Processing class 'java/util/InvalidPropertiesFormatException'
15:51:25.182 [Test worker] DEBUG com.tngtech.archunit.core.importer.JavaClassProcessor - Processing class 'java/io/Writer'
15:51:25.183 [Test worker] DEBUG com.tngtech.archunit.core.importer.JavaClassProcessor - Processing class 'java/util/Properties$LineReader'
15:51:25.185 [Test worker] DEBUG com.tngtech.archunit.core.importer.JavaClassProcessor - Processing class 'java/util/ImmutableCollections$AbstractImmutableSet'
15:51:25.187 [Test worker] DEBUG com.tngtech.archunit.core.importer.JavaClassProcessor - Processing class 'jdk/internal/access/JavaLangAccess'
15:51:25.189 [Test worker] DEBUG com.tngtech.archunit.core.importer.JavaClassProcessor - Processing class 'java/util/concurrent/ConcurrentHashMap$ValuesView'
15:51:25.190 [Test worker] DEBUG com.tngtech.archunit.core.importer.JavaClassProcessor - Processing class 'java/util/concurrent/ConcurrentHashMap$KeySetView'
15:51:25.191 [Test worker] DEBUG com.tngtech.archunit.core.importer.JavaClassProcessor - Processing class 'java/util/concurrent/ConcurrentHashMap$EntrySetView'
15:51:25.192 [Test worker] DEBUG com.tngtech.archunit.core.importer.JavaClassProcessor - Processing class 'java/util/concurrent/ConcurrentHashMap$Node'
15:51:25.195 [Test worker] DEBUG com.tngtech.archunit.core.importer.JavaClassProcessor - Processing class 'java/util/concurrent/ConcurrentHashMap$CounterCell'
15:51:25.196 [Test worker] DEBUG com.tngtech.archunit.core.importer.JavaClassProcessor - Processing class 'java/util/function/ToIntBiFunction'
15:51:25.197 [Test worker] DEBUG com.tngtech.archunit.core.importer.JavaClassProcessor - Processing class 'java/util/function/ToLongBiFunction'
15:51:25.198 [Test worker] DEBUG com.tngtech.archunit.core.importer.JavaClassProcessor - Processing class 'java/lang/reflect/ParameterizedType'
15:51:25.199 [Test worker] DEBUG com.tngtech.archunit.core.importer.JavaClassProcessor - Processing class 'java/util/concurrent/ConcurrentHashMap$TreeBin'
15:51:25.200 [Test worker] DEBUG com.tngtech.archunit.core.importer.JavaClassProcessor - Processing class 'java/util/concurrent/ConcurrentHashMap$ReservationNode'
15:51:25.202 [Test worker] DEBUG com.tngtech.archunit.core.importer.JavaClassProcessor - Processing class 'java/util/concurrent/ConcurrentHashMap$ForwardingNode'
15:51:25.206 [Test worker] DEBUG com.tngtech.archunit.core.importer.JavaClassProcessor - Processing class 'java/util/function/ToDoubleBiFunction'
15:51:25.208 [Test worker] DEBUG com.tngtech.archunit.core.importer.JavaClassProcessor - Processing class 'java/util/concurrent/locks/LockSupport'
15:51:25.209 [Test worker] DEBUG com.tngtech.archunit.core.importer.JavaClassProcessor - Processing class 'java/util/concurrent/ConcurrentHashMap$Segment'
15:51:25.218 [Test worker] DEBUG com.tngtech.archunit.core.importer.JavaClassProcessor - Processing class 'java/util/OptionalDouble'
15:51:25.219 [Test worker] DEBUG com.tngtech.archunit.core.importer.JavaClassProcessor - Processing class 'java/util/function/DoublePredicate'
15:51:25.219 [Test worker] DEBUG com.tngtech.archunit.core.importer.JavaClassProcessor - Processing class 'java/util/function/DoubleUnaryOperator'
15:51:25.220 [Test worker] DEBUG com.tngtech.archunit.core.importer.JavaClassProcessor - Processing class 'java/util/function/ObjDoubleConsumer'
15:51:25.221 [Test worker] DEBUG com.tngtech.archunit.core.importer.JavaClassProcessor - Processing class 'java/util/stream/DoubleStream$DoubleMapMultiConsumer'
15:51:25.222 [Test worker] DEBUG com.tngtech.archunit.core.importer.JavaClassProcessor - Processing class 'java/util/function/DoubleToLongFunction'
15:51:25.222 [Test worker] DEBUG com.tngtech.archunit.core.importer.JavaClassProcessor - Processing class 'java/util/function/DoubleFunction'
15:51:25.223 [Test worker] DEBUG com.tngtech.archunit.core.importer.JavaClassProcessor - Processing class 'java/util/stream/DoubleStream$Builder'
15:51:25.223 [Test worker] DEBUG com.tngtech.archunit.core.importer.JavaClassProcessor - Processing class 'java/util/PrimitiveIterator$OfDouble'
15:51:25.224 [Test worker] DEBUG com.tngtech.archunit.core.importer.JavaClassProcessor - Processing class 'java/util/function/DoubleToIntFunction'
15:51:25.225 [Test worker] DEBUG com.tngtech.archunit.core.importer.JavaClassProcessor - Processing class 'java/util/function/DoubleSupplier'
15:51:25.226 [Test worker] DEBUG com.tngtech.archunit.core.importer.JavaClassProcessor - Processing class 'java/util/function/IntPredicate'
15:51:25.227 [Test worker] DEBUG com.tngtech.archunit.core.importer.JavaClassProcessor - Processing class 'java/util/function/IntSupplier'
15:51:25.227 [Test worker] DEBUG com.tngtech.archunit.core.importer.JavaClassProcessor - Processing class 'java/util/stream/IntStream$IntMapMultiConsumer'
15:51:25.228 [Test worker] DEBUG com.tngtech.archunit.core.importer.JavaClassProcessor - Processing class 'java/util/PrimitiveIterator$OfInt'
15:51:25.229 [Test worker] DEBUG com.tngtech.archunit.core.importer.JavaClassProcessor - Processing class 'java/util/OptionalInt'
15:51:25.230 [Test worker] DEBUG com.tngtech.archunit.core.importer.JavaClassProcessor - Processing class 'java/util/stream/IntStream$Builder'
15:51:25.231 [Test worker] DEBUG com.tngtech.archunit.core.importer.JavaClassProcessor - Processing class 'java/util/function/ObjIntConsumer'
15:51:25.232 [Test worker] DEBUG com.tngtech.archunit.core.importer.JavaClassProcessor - Processing class 'java/util/function/ObjLongConsumer'
15:51:25.232 [Test worker] DEBUG com.tngtech.archunit.core.importer.JavaClassProcessor - Processing class 'java/util/PrimitiveIterator$OfLong'
15:51:25.233 [Test worker] DEBUG com.tngtech.archunit.core.importer.JavaClassProcessor - Processing class 'java/util/function/LongPredicate'
15:51:25.234 [Test worker] DEBUG com.tngtech.archunit.core.importer.JavaClassProcessor - Processing class 'java/util/function/LongUnaryOperator'
15:51:25.235 [Test worker] DEBUG com.tngtech.archunit.core.importer.JavaClassProcessor - Processing class 'java/util/OptionalLong'
15:51:25.236 [Test worker] DEBUG com.tngtech.archunit.core.importer.JavaClassProcessor - Processing class 'java/util/function/LongToDoubleFunction'
15:51:25.236 [Test worker] DEBUG com.tngtech.archunit.core.importer.JavaClassProcessor - Processing class 'java/util/function/LongFunction'
15:51:25.237 [Test worker] DEBUG com.tngtech.archunit.core.importer.JavaClassProcessor - Processing class 'java/util/stream/LongStream$LongMapMultiConsumer'
15:51:25.238 [Test worker] DEBUG com.tngtech.archunit.core.importer.JavaClassProcessor - Processing class 'java/util/function/LongSupplier'
15:51:25.239 [Test worker] DEBUG com.tngtech.archunit.core.importer.JavaClassProcessor - Processing class 'java/util/stream/LongStream$Builder'
15:51:25.239 [Test worker] DEBUG com.tngtech.archunit.core.importer.JavaClassProcessor - Processing class 'java/util/function/LongToIntFunction'
15:51:25.241 [Test worker] DEBUG com.tngtech.archunit.core.importer.JavaClassProcessor - Processing class 'java/util/stream/Stream$Builder'
15:51:25.245 [Test worker] DEBUG com.tngtech.archunit.core.importer.JavaClassProcessor - Processing class 'javax/mail/Folder'
15:51:25.247 [Test worker] DEBUG com.tngtech.archunit.core.importer.JavaClassProcessor - Processing class 'javax/mail/Flags'
15:51:25.249 [Test worker] DEBUG com.tngtech.archunit.core.importer.JavaClassProcessor - Processing class 'javax/mail/Flags$Flag'
15:51:25.251 [Test worker] DEBUG com.tngtech.archunit.core.importer.JavaClassProcessor - Processing class 'javax/mail/search/SearchTerm'
15:51:25.253 [Test worker] DEBUG com.tngtech.archunit.core.importer.JavaClassProcessor - Processing class 'javax/activation/DataHandler'
15:51:25.255 [Test worker] DEBUG com.tngtech.archunit.core.importer.JavaClassProcessor - Processing class 'javax/mail/Multipart'
15:51:25.257 [Test worker] DEBUG com.tngtech.archunit.core.importer.JavaClassProcessor - Processing class 'javax/mail/Provider$Type'
15:51:25.259 [Test worker] DEBUG com.tngtech.archunit.core.importer.JavaClassProcessor - Processing class 'javax/mail/EventQueue'
15:51:25.260 [Test worker] DEBUG com.tngtech.archunit.core.importer.JavaClassProcessor - Processing class 'java/util/Vector'
15:51:25.281 [Test worker] DEBUG com.tngtech.archunit.core.importer.JavaClassProcessor - Processing class 'javax/mail/event/MailEvent'
15:51:25.283 [Test worker] DEBUG com.tngtech.archunit.core.importer.JavaClassProcessor - Processing class 'com/sun/mail/util/MailLogger'
15:51:25.284 [Test worker] DEBUG com.tngtech.archunit.core.importer.JavaClassProcessor - Processing class 'javax/mail/Store'
15:51:25.286 [Test worker] DEBUG com.tngtech.archunit.core.importer.JavaClassProcessor - Processing class 'javax/mail/NoSuchProviderException'
15:51:25.288 [Test worker] DEBUG com.tngtech.archunit.core.importer.JavaClassProcessor - Processing class 'javax/mail/StreamLoader'
15:51:25.291 [Test worker] DEBUG com.tngtech.archunit.core.importer.JavaClassProcessor - Processing class 'java/util/BitSet'
15:51:25.293 [Test worker] DEBUG com.tngtech.archunit.core.importer.JavaClassProcessor - Processing class 'javax/mail/event/ConnectionEvent'
15:51:25.295 [Test worker] DEBUG com.tngtech.archunit.core.importer.JavaClassProcessor - Processing class 'javax/mail/event/TransportEvent'
15:51:25.297 [Test worker] DEBUG com.tngtech.archunit.core.importer.JavaClassProcessor - Processing class 'javax/mail/internet/AddressException'
15:51:25.298 [Test worker] DEBUG com.tngtech.archunit.core.importer.JavaClassProcessor - Processing class 'java/net/UnknownHostException'
15:51:25.299 [Test worker] DEBUG com.tngtech.archunit.core.importer.JavaClassProcessor - Processing class 'javax/mail/internet/MailDateFormat'
15:51:25.302 [Test worker] DEBUG com.tngtech.archunit.core.importer.JavaClassProcessor - Processing class 'javax/mail/internet/InternetHeaders'
15:51:25.305 [Test worker] DEBUG com.tngtech.archunit.core.importer.JavaClassProcessor - Processing class 'javax/mail/internet/MimeMultipart'
15:51:25.306 [Test worker] DEBUG com.tngtech.archunit.core.importer.JavaClassProcessor - Processing class 'java/io/ByteArrayInputStream'
15:51:25.307 [Test worker] DEBUG com.tngtech.archunit.core.importer.JavaClassProcessor - Processing class 'java/io/BufferedInputStream'
15:51:25.308 [Test worker] DEBUG com.tngtech.archunit.core.importer.JavaClassProcessor - Processing class 'javax/mail/internet/SharedInputStream'
15:51:25.345 [Test worker] DEBUG com.tngtech.archunit.core.importer.JavaClassProcessor - Processing class 'javax/persistence/Index'
15:51:25.346 [Test worker] DEBUG com.tngtech.archunit.core.importer.JavaClassProcessor - Processing class 'javax/persistence/UniqueConstraint'
15:51:25.347 [Test worker] DEBUG com.tngtech.archunit.core.importer.JavaClassProcessor - Processing class 'javax/security/auth/DestroyFailedException'
15:51:25.349 [Test worker] DEBUG com.tngtech.archunit.core.importer.JavaClassProcessor - Processing class 'javax/servlet/FilterConfig'
15:51:25.350 [Test worker] DEBUG com.tngtech.archunit.core.importer.JavaClassProcessor - Processing class 'java/util/EnumSet'
15:51:25.353 [Test worker] DEBUG com.tngtech.archunit.core.importer.JavaClassProcessor - Processing class 'javax/servlet/ServletConfig'
15:51:25.354 [Test worker] DEBUG com.tngtech.archunit.core.importer.JavaClassProcessor - Processing class 'javax/servlet/ServletSecurityElement'
15:51:25.356 [Test worker] DEBUG com.tngtech.archunit.core.importer.JavaClassProcessor - Processing class 'javax/servlet/MultipartConfigElement'
15:51:25.357 [Test worker] DEBUG com.tngtech.archunit.core.importer.JavaClassProcessor - Processing class 'javax/servlet/AsyncContext'
15:51:25.358 [Test worker] DEBUG com.tngtech.archunit.core.importer.JavaClassProcessor - Processing class 'javax/servlet/RequestDispatcher'
15:51:25.360 [Test worker] DEBUG com.tngtech.archunit.core.importer.JavaClassProcessor - Processing class 'javax/servlet/ServletInputStream'
15:51:25.361 [Test worker] DEBUG com.tngtech.archunit.core.importer.JavaClassProcessor - Processing class 'javax/servlet/ServletContext'
15:51:25.363 [Test worker] DEBUG com.tngtech.archunit.core.importer.JavaClassProcessor - Processing class 'java/io/BufferedReader'
15:51:25.364 [Test worker] DEBUG com.tngtech.archunit.core.importer.JavaClassProcessor - Processing class 'javax/servlet/ServletOutputStream'
15:51:25.366 [Test worker] DEBUG com.tngtech.archunit.core.importer.JavaClassProcessor - Processing class 'javax/servlet/http/Cookie'
15:51:25.368 [Test worker] DEBUG com.tngtech.archunit.core.importer.JavaClassProcessor - Processing class 'javax/servlet/http/PushBuilder'
15:51:25.369 [Test worker] DEBUG com.tngtech.archunit.core.importer.JavaClassProcessor - Processing class 'javax/servlet/http/HttpServletMapping'
15:51:25.370 [Test worker] DEBUG com.tngtech.archunit.core.importer.JavaClassProcessor - Processing class 'javax/servlet/http/HttpSession'
15:51:25.371 [Test worker] DEBUG com.tngtech.archunit.core.importer.JavaClassProcessor - Processing class 'java/security/Principal'
15:51:25.372 [Test worker] DEBUG com.tngtech.archunit.core.importer.JavaClassProcessor - Processing class 'javax/servlet/http/WebConnection'
15:51:25.373 [Test worker] DEBUG com.tngtech.archunit.core.importer.JavaClassProcessor - Processing class 'java/security/MessageDigest'
15:51:25.375 [Test worker] DEBUG com.tngtech.archunit.core.importer.JavaClassProcessor - Processing class 'java/io/File'
15:51:25.377 [Test worker] DEBUG com.tngtech.archunit.core.importer.JavaClassProcessor - Processing class 'java/io/RandomAccessFile'
15:51:25.379 [Test worker] DEBUG com.tngtech.archunit.core.importer.JavaClassProcessor - Processing class 'java/nio/file/Path'
15:51:25.381 [Test worker] DEBUG com.tngtech.archunit.core.importer.JavaClassProcessor - Processing class 'java/nio/file/OpenOption'
15:51:25.382 [Test worker] DEBUG com.tngtech.archunit.core.importer.JavaClassProcessor - Processing class 'java/nio/channels/FileChannel'
15:51:25.385 [Test worker] DEBUG com.tngtech.archunit.core.importer.JavaClassProcessor - Processing class 'org/aspectj/lang/reflect/SourceLocation'
15:51:25.386 [Test worker] DEBUG com.tngtech.archunit.core.importer.JavaClassProcessor - Processing class 'org/aspectj/lang/JoinPoint$StaticPart'
15:51:25.387 [Test worker] DEBUG com.tngtech.archunit.core.importer.JavaClassProcessor - Processing class 'org/aspectj/runtime/internal/AroundClosure'
15:51:25.389 [Test worker] DEBUG com.tngtech.archunit.core.importer.JavaClassProcessor - Processing class 'org/slf4j/Marker'
15:51:25.393 [Test worker] DEBUG com.tngtech.archunit.core.importer.JavaClassProcessor - Processing class 'org/slf4j/helpers/NOPLoggerFactory'
15:51:25.395 [Test worker] DEBUG com.tngtech.archunit.core.importer.JavaClassProcessor - Processing class 'org/slf4j/helpers/SubstituteLoggerFactory'
15:51:25.397 [Test worker] DEBUG com.tngtech.archunit.core.importer.JavaClassProcessor - Processing class 'org/slf4j/event/SubstituteLoggingEvent'
15:51:25.398 [Test worker] DEBUG com.tngtech.archunit.core.importer.JavaClassProcessor - Processing class 'org/slf4j/ILoggerFactory'
15:51:25.400 [Test worker] DEBUG com.tngtech.archunit.core.importer.JavaClassProcessor - Processing class 'org/aopalliance/aop/Advice'
15:51:25.401 [Test worker] DEBUG com.tngtech.archunit.core.importer.JavaClassProcessor - Processing class 'org/springframework/aop/ClassFilter'
15:51:25.403 [Test worker] DEBUG com.tngtech.archunit.core.importer.JavaClassProcessor - Processing class 'org/springframework/aop/Pointcut'
15:51:25.404 [Test worker] DEBUG com.tngtech.archunit.core.importer.JavaClassProcessor - Processing class 'org/springframework/beans/BeansException'
15:51:25.405 [Test worker] DEBUG com.tngtech.archunit.core.importer.JavaClassProcessor - Processing class 'org/springframework/beans/factory/NoSuchBeanDefinitionException'
15:51:25.407 [Test worker] DEBUG com.tngtech.archunit.core.importer.JavaClassProcessor - Processing class 'org/springframework/core/ResolvableType'
15:51:25.412 [Test worker] DEBUG com.tngtech.archunit.core.importer.JavaClassProcessor - Processing class 'org/springframework/beans/factory/ObjectProvider'
15:51:25.417 [Test worker] DEBUG com.tngtech.archunit.core.importer.JavaClassProcessor - Processing class 'org/springframework/beans/factory/config/BeanDefinition'
15:51:25.418 [Test worker] DEBUG com.tngtech.archunit.core.importer.JavaClassProcessor - Processing class 'org/springframework/beans/factory/support/BeanDefinitionRegistry'
15:51:25.419 [Test worker] DEBUG com.tngtech.archunit.core.importer.JavaClassProcessor - Processing class 'org/springframework/boot/BootstrapRegistry'
15:51:25.421 [Test worker] DEBUG com.tngtech.archunit.core.importer.JavaClassProcessor - Processing class 'org/springframework/boot/ApplicationContextFactory'
15:51:25.423 [Test worker] DEBUG com.tngtech.archunit.core.importer.JavaClassProcessor - Processing class 'org/springframework/core/metrics/ApplicationStartup'
15:51:25.424 [Test worker] DEBUG com.tngtech.archunit.core.importer.JavaClassProcessor - Processing class 'org/springframework/boot/SpringApplicationShutdownHook'
15:51:25.427 [Test worker] DEBUG com.tngtech.archunit.core.importer.JavaClassProcessor - Processing class 'org/springframework/boot/Banner$Mode'
15:51:25.428 [Test worker] DEBUG com.tngtech.archunit.core.importer.JavaClassProcessor - Processing class 'org/apache/commons/logging/Log'
15:51:25.430 [Test worker] DEBUG com.tngtech.archunit.core.importer.JavaClassProcessor - Processing class 'org/springframework/boot/Banner'
15:51:25.431 [Test worker] DEBUG com.tngtech.archunit.core.importer.JavaClassProcessor - Processing class 'org/springframework/boot/WebApplicationType'
15:51:25.432 [Test worker] DEBUG com.tngtech.archunit.core.importer.JavaClassProcessor - Processing class 'org/springframework/boot/ApplicationServletEnvironment'
15:51:25.433 [Test worker] DEBUG com.tngtech.archunit.core.importer.JavaClassProcessor - Processing class 'org/springframework/boot/ApplicationEnvironment'
15:51:25.434 [Test worker] DEBUG com.tngtech.archunit.core.importer.JavaClassProcessor - Processing class 'org/springframework/boot/ApplicationReactiveWebEnvironment'
15:51:25.435 [Test worker] DEBUG com.tngtech.archunit.core.importer.JavaClassProcessor - Processing class 'org/springframework/context/support/AbstractApplicationContext'
15:51:25.438 [Test worker] DEBUG com.tngtech.archunit.core.importer.JavaClassProcessor - Processing class 'org/springframework/boot/ExitCodeGenerator'
15:51:25.439 [Test worker] DEBUG com.tngtech.archunit.core.importer.JavaClassProcessor - Processing class 'org/springframework/boot/SpringApplicationShutdownHandlers'
15:51:25.441 [Test worker] DEBUG com.tngtech.archunit.core.importer.JavaClassProcessor - Processing class 'org/springframework/context/support/GenericApplicationContext'
15:51:25.444 [Test worker] DEBUG com.tngtech.archunit.core.importer.JavaClassProcessor - Processing class 'org/springframework/core/io/DefaultResourceLoader'
15:51:25.445 [Test worker] DEBUG com.tngtech.archunit.core.importer.JavaClassProcessor - Processing class 'org/springframework/boot/SpringApplicationRunListeners'
15:51:25.447 [Test worker] DEBUG com.tngtech.archunit.core.importer.JavaClassProcessor - Processing class 'org/springframework/boot/DefaultBootstrapContext'
15:51:25.448 [Test worker] DEBUG com.tngtech.archunit.core.importer.JavaClassProcessor - Processing class 'org/springframework/boot/ApplicationArguments'
15:51:25.449 [Test worker] DEBUG com.tngtech.archunit.core.importer.JavaClassProcessor - Processing class 'org/springframework/beans/factory/support/AbstractAutowireCapableBeanFactory'
15:51:25.453 [Test worker] DEBUG com.tngtech.archunit.core.importer.JavaClassProcessor - Processing class 'org/springframework/beans/factory/support/DefaultListableBeanFactory'
15:51:25.458 [Test worker] DEBUG com.tngtech.archunit.core.importer.JavaClassProcessor - Processing class 'org/springframework/boot/ExitCodeExceptionMapper'
15:51:25.459 [Test worker] DEBUG com.tngtech.archunit.core.importer.JavaClassProcessor - Processing class 'org/springframework/boot/SpringBootExceptionHandler'
15:51:25.461 [Test worker] DEBUG com.tngtech.archunit.core.importer.JavaClassProcessor - Processing class 'org/springframework/boot/SpringApplicationRunListener'
15:51:25.462 [Test worker] DEBUG com.tngtech.archunit.core.importer.JavaClassProcessor - Processing class 'org/springframework/boot/CommandLineRunner'
15:51:25.463 [Test worker] DEBUG com.tngtech.archunit.core.importer.JavaClassProcessor - Processing class 'org/springframework/boot/ApplicationRunner'
15:51:25.465 [Test worker] DEBUG com.tngtech.archunit.core.importer.JavaClassProcessor - Processing class 'org/springframework/boot/BeanDefinitionLoader'
15:51:25.470 [Test worker] DEBUG com.tngtech.archunit.core.importer.JavaClassProcessor - Processing class 'org/springframework/core/type/classreading/MetadataReader'
15:51:25.471 [Test worker] DEBUG com.tngtech.archunit.core.importer.JavaClassProcessor - Processing class 'org/springframework/core/type/classreading/MetadataReaderFactory'
15:51:25.473 [Test worker] DEBUG com.tngtech.archunit.core.importer.JavaClassProcessor - Processing class 'org/springframework/boot/autoconfigure/AutoConfigurationMetadata'
15:51:25.474 [Test worker] DEBUG com.tngtech.archunit.core.importer.JavaClassProcessor - Processing class 'org/springframework/boot/autoconfigure/AutoConfigurationImportEvent'
15:51:25.476 [Test worker] DEBUG com.tngtech.archunit.core.importer.JavaClassProcessor - Processing class 'org/springframework/beans/factory/config/ConfigurableListableBeanFactory'
15:51:25.478 [Test worker] DEBUG com.tngtech.archunit.core.importer.JavaClassProcessor - Processing class 'org/springframework/boot/autoconfigure/AutoConfigurationImportSelector$ConfigurationClassFilter'
15:51:25.479 [Test worker] DEBUG com.tngtech.archunit.core.importer.JavaClassProcessor - Processing class 'org/springframework/boot/autoconfigure/AutoConfigurationImportSelector$AutoConfigurationEntry'
15:51:25.480 [Test worker] DEBUG com.tngtech.archunit.core.importer.JavaClassProcessor - Processing class 'org/springframework/core/type/AnnotationMetadata'
15:51:25.482 [Test worker] DEBUG com.tngtech.archunit.core.importer.JavaClassProcessor - Processing class 'org/springframework/core/annotation/AnnotationAttributes'
15:51:25.484 [Test worker] DEBUG com.tngtech.archunit.core.importer.JavaClassProcessor - Processing class 'org/springframework/boot/autoconfigure/AutoConfigurationImportSelector$AutoConfigurationGroup'
15:51:25.487 [Test worker] DEBUG com.tngtech.archunit.core.importer.JavaClassProcessor - Processing class 'org/springframework/boot/autoconfigure/AutoConfigurationPackages$BasePackages'
15:51:25.491 [Test worker] DEBUG com.tngtech.archunit.core.importer.JavaClassProcessor - Processing class 'org/springframework/boot/web/client/RestTemplateBuilder$RequestFactoryCustomizer'
15:51:25.494 [Test worker] DEBUG com.tngtech.archunit.core.importer.JavaClassProcessor - Processing class 'org/springframework/boot/web/client/BasicAuthentication'
15:51:25.495 [Test worker] DEBUG com.tngtech.archunit.core.importer.JavaClassProcessor - Processing class 'org/springframework/web/util/UriTemplateHandler'
15:51:25.498 [Test worker] DEBUG com.tngtech.archunit.core.importer.JavaClassProcessor - Processing class 'org/springframework/web/client/ResponseErrorHandler'
15:51:25.508 [Test worker] DEBUG com.tngtech.archunit.core.importer.JavaClassProcessor - Processing class 'org/springframework/beans/factory/config/AutowireCapableBeanFactory'
15:51:25.511 [Test worker] DEBUG com.tngtech.archunit.core.importer.JavaClassProcessor - Processing class 'org/springframework/beans/factory/config/BeanFactoryPostProcessor'
15:51:25.512 [Test worker] DEBUG com.tngtech.archunit.core.importer.JavaClassProcessor - Processing class 'org/springframework/core/io/ProtocolResolver'
15:51:25.515 [Test worker] DEBUG com.tngtech.archunit.core.importer.JavaClassProcessor - Processing class 'org/springframework/context/NoSuchMessageException'
15:51:25.518 [Test worker] DEBUG com.tngtech.archunit.core.importer.JavaClassProcessor - Processing class 'org/springframework/context/MessageSourceResolvable'
15:51:25.520 [Test worker] DEBUG com.tngtech.archunit.core.importer.JavaClassProcessor - Processing class 'org/springframework/context/annotation/ScopeMetadata'
15:51:25.522 [Test worker] DEBUG com.tngtech.archunit.core.importer.JavaClassProcessor - Processing class 'org/springframework/beans/factory/annotation/AnnotatedBeanDefinition'
15:51:25.523 [Test worker] DEBUG com.tngtech.archunit.core.importer.JavaClassProcessor - Processing class 'org/springframework/context/annotation/Scope'
15:51:25.579 [Test worker] DEBUG com.tngtech.archunit.core.importer.JavaClassProcessor - Processing class 'org/springframework/core/env/MutablePropertySources'
15:51:25.584 [Test worker] DEBUG com.tngtech.archunit.core.importer.JavaClassProcessor - Processing class 'org/springframework/core/env/Profiles'
15:51:25.586 [Test worker] DEBUG com.tngtech.archunit.core.importer.JavaClassProcessor - Processing class 'org/springframework/core/env/MissingRequiredPropertiesException'
15:51:25.597 [Test worker] DEBUG com.tngtech.archunit.core.importer.JavaClassProcessor - Processing class 'org/springframework/core/convert/support/ConfigurableConversionService'
15:51:25.600 [Test worker] DEBUG com.tngtech.archunit.core.importer.JavaClassProcessor - Processing class 'org/springframework/core/io/Resource'
15:51:25.604 [Test worker] DEBUG com.tngtech.archunit.core.importer.JavaClassProcessor - Processing class 'org/springframework/data/domain/Sort'
15:51:25.606 [Test worker] DEBUG com.tngtech.archunit.core.importer.JavaClassProcessor - Processing class 'org/springframework/data/domain/Example'
15:51:25.609 [Test worker] DEBUG com.tngtech.archunit.core.importer.JavaClassProcessor - Processing class 'org/springframework/data/domain/Page'
15:51:25.611 [Test worker] DEBUG com.tngtech.archunit.core.importer.JavaClassProcessor - Processing class 'org/springframework/data/domain/Pageable'
15:51:25.614 [Test worker] DEBUG com.tngtech.archunit.core.importer.JavaClassProcessor - Processing class 'java/util/regex/Pattern'
15:51:25.617 [Test worker] DEBUG com.tngtech.archunit.core.importer.JavaClassProcessor - Processing class 'java/text/DecimalFormatSymbols'
15:51:25.620 [Test worker] DEBUG com.tngtech.archunit.core.importer.JavaClassProcessor - Processing class 'org/springframework/http/ReadOnlyHttpHeaders'
15:51:25.622 [Test worker] DEBUG com.tngtech.archunit.core.importer.JavaClassProcessor - Processing class 'org/springframework/http/CacheControl'
15:51:25.623 [Test worker] DEBUG com.tngtech.archunit.core.importer.JavaClassProcessor - Processing class 'java/net/InetSocketAddress'
15:51:25.625 [Test worker] DEBUG com.tngtech.archunit.core.importer.JavaClassProcessor - Processing class 'org/springframework/http/ContentDisposition'
15:51:25.630 [Test worker] DEBUG com.tngtech.archunit.core.importer.JavaClassProcessor - Processing class 'org/springframework/core/io/InputStreamResource'
15:51:25.632 [Test worker] DEBUG com.tngtech.archunit.core.importer.JavaClassProcessor - Processing class 'org/springframework/http/HttpStatus$Series'
15:51:25.635 [Test worker] DEBUG com.tngtech.archunit.core.importer.JavaClassProcessor - Processing class 'org/springframework/http/ResponseEntity$BodyBuilder'
15:51:25.636 [Test worker] DEBUG com.tngtech.archunit.core.importer.JavaClassProcessor - Processing class 'org/springframework/http/ResponseEntity$HeadersBuilder'
15:51:25.637 [Test worker] DEBUG com.tngtech.archunit.core.importer.JavaClassProcessor - Processing class 'org/springframework/http/ResponseEntity$1'
15:51:25.638 [Test worker] DEBUG com.tngtech.archunit.core.importer.JavaClassProcessor - Processing class 'org/springframework/http/client/ClientHttpResponse'
15:51:25.639 [Test worker] DEBUG com.tngtech.archunit.core.importer.JavaClassProcessor - Processing class 'org/springframework/http/client/ClientHttpRequestExecution'
15:51:25.641 [Test worker] DEBUG com.tngtech.archunit.core.importer.JavaClassProcessor - Processing class 'org/springframework/http/converter/HttpMessageNotWritableException'
15:51:25.642 [Test worker] DEBUG com.tngtech.archunit.core.importer.JavaClassProcessor - Processing class 'org/springframework/http/HttpInputMessage'
15:51:25.643 [Test worker] DEBUG com.tngtech.archunit.core.importer.JavaClassProcessor - Processing class 'org/springframework/http/converter/HttpMessageNotReadableException'
15:51:25.644 [Test worker] DEBUG com.tngtech.archunit.core.importer.JavaClassProcessor - Processing class 'org/springframework/retry/RetryContext'
15:51:25.646 [Test worker] DEBUG com.tngtech.archunit.core.importer.JavaClassProcessor - Processing class 'org/springframework/retry/RetryCallback'
15:51:25.647 [Test worker] DEBUG com.tngtech.archunit.core.importer.JavaClassProcessor - Processing class 'org/springframework/retry/backoff/Sleeper'
15:51:25.648 [Test worker] DEBUG com.tngtech.archunit.core.importer.JavaClassProcessor - Processing class 'org/springframework/retry/annotation/AnnotationAwareRetryOperationsInterceptor'
15:51:25.650 [Test worker] DEBUG com.tngtech.archunit.core.importer.JavaClassProcessor - Processing class 'org/springframework/retry/policy/RetryContextCache'
15:51:25.651 [Test worker] DEBUG com.tngtech.archunit.core.importer.JavaClassProcessor - Processing class 'org/springframework/retry/interceptor/MethodArgumentsKeyGenerator'
15:51:25.651 [Test worker] DEBUG com.tngtech.archunit.core.importer.JavaClassProcessor - Processing class 'org/springframework/retry/interceptor/NewMethodArgumentsIdentifier'
15:51:25.652 [Test worker] DEBUG com.tngtech.archunit.core.importer.JavaClassProcessor - Processing class 'org/springframework/retry/interceptor/Retryable'
15:51:25.653 [Test worker] DEBUG com.tngtech.archunit.core.importer.JavaClassProcessor - Processing class 'org/springframework/retry/annotation/Retryable'
15:51:25.661 [Test worker] DEBUG com.tngtech.archunit.core.importer.JavaClassProcessor - Processing class 'org/springframework/web/client/RestClientException'
15:51:25.662 [Test worker] DEBUG com.tngtech.archunit.core.importer.JavaClassProcessor - Processing class 'org/springframework/web/client/RequestCallback'
15:51:25.663 [Test worker] DEBUG com.tngtech.archunit.core.importer.JavaClassProcessor - Processing class 'org/springframework/web/client/ResponseExtractor'
15:51:25.664 [Test worker] DEBUG com.tngtech.archunit.core.importer.JavaClassProcessor - Processing class 'org/springframework/http/RequestEntity'
15:51:25.666 [Test worker] DEBUG com.tngtech.archunit.core.importer.JavaClassProcessor - Processing class 'org/springframework/core/ParameterizedTypeReference'
15:51:25.670 [Test worker] DEBUG com.tngtech.archunit.core.importer.JavaClassProcessor - Processing class 'org/springframework/web/util/DefaultUriBuilderFactory'
15:51:25.671 [Test worker] DEBUG com.tngtech.archunit.core.importer.JavaClassProcessor - Processing class 'org/springframework/web/util/AbstractUriTemplateHandler'
15:51:25.673 [Test worker] DEBUG com.tngtech.archunit.core.importer.JavaClassProcessor - Processing class 'org/springframework/http/RequestEntity$UriTemplateRequestEntity'
15:51:25.680 [Test worker] DEBUG com.tngtech.archunit.core.importer.JavaClassProcessor - Processing class 'org/springframework/beans/BeanWrapper'
15:51:25.682 [Test worker] DEBUG com.tngtech.archunit.core.importer.JavaClassProcessor - Processing class 'org/thymeleaf/IEngineConfiguration'
15:51:25.684 [Test worker] DEBUG com.tngtech.archunit.core.importer.JavaClassProcessor - Processing class 'org/thymeleaf/IThrottledTemplateProcessor'
15:51:25.686 [Test worker] DEBUG com.tngtech.archunit.core.importer.JavaClassProcessor - Processing class 'org/thymeleaf/TemplateSpec'
15:51:25.688 [Test worker] DEBUG com.tngtech.archunit.core.importer.JavaClassProcessor - Processing class 'org/thymeleaf/context/IEngineContextFactory'
15:51:25.689 [Test worker] DEBUG com.tngtech.archunit.core.importer.JavaClassProcessor - Processing class 'org/thymeleaf/cache/ICacheManager'
15:51:25.691 [Test worker] DEBUG com.tngtech.archunit.core.importer.JavaClassProcessor - Processing class 'org/thymeleaf/templateparser/markup/decoupled/IDecoupledTemplateLogicResolver'
15:51:25.694 [Test worker] DEBUG com.tngtech.archunit.core.importer.JavaClassProcessor - Processing class 'org/thymeleaf/context/IExpressionContext'
15:51:25.695 [Test worker] DEBUG com.tngtech.archunit.core.importer.JavaClassProcessor - Processing class 'org/thymeleaf/context/ITemplateContext'
15:51:25.697 [Test worker] DEBUG com.tngtech.archunit.core.importer.JavaClassProcessor - Processing class 'org/thymeleaf/spring5/dialect/SpringStandardDialect'
15:51:25.699 [Test worker] DEBUG com.tngtech.archunit.core.importer.JavaClassProcessor - Processing class 'org/thymeleaf/templateresolver/TemplateResolution'
15:51:25.701 [Test worker] DEBUG com.tngtech.archunit.core.importer.JavaClassProcessor - Processing class 'sun/util/locale/LocaleSyntaxException'
15:51:25.701 [Test worker] DEBUG com.tngtech.archunit.core.importer.JavaClassProcessor - Processing class 'sun/util/locale/LanguageTag'
15:51:25.702 [Test worker] DEBUG com.tngtech.archunit.core.importer.JavaClassProcessor - Processing class 'sun/util/locale/UnicodeLocaleExtension'
15:51:26.589 [Test worker] DEBUG com.tngtech.archunit.core.importer.UrlSource$From - Found URLs on sun.boot.class.path: []
15:51:26.611 [Test worker] DEBUG com.tngtech.archunit.core.importer.UrlSource$From - Found URLs on java.class.path: [jar:file:/C:/Users/Usuario/.gradle/caches/7.6.1/workerMain/gradle-worker.jar!/, file:/C:/Users/Usuario/Desktop/TrafficAgent/build/classes/java/test/, file:/C:/Users/Usuario/Desktop/TrafficAgent/build/resources/test/, file:/C:/Users/Usuario/Desktop/TrafficAgent/build/classes/java/main/, file:/C:/Users/Usuario/Desktop/TrafficAgent/build/resources/main/, jar:file:/C:/Users/Usuario/.gradle/caches/modules-2/files-2.1/org.springframework.boot/spring-boot-starter-web/2.6.3/ceb6e909c144daf9e792069f5f0efd105c8712a/spring-boot-starter-web-2.6.3.jar!/, jar:file:/C:/Users/Usuario/.gradle/caches/modules-2/files-2.1/org.springframework.boot/spring-boot-starter-undertow/2.6.3/988095d74254727e400818c46de206242a427de5/spring-boot-starter-undertow-2.6.3.jar!/, jar:file:/C:/Users/Usuario/.gradle/caches/modules-2/files-2.1/org.springframework.boot/spring-boot-starter-data-jpa/2.6.3/74c60a724e4f81c7527b848ee24e91ba6facfe24/spring-boot-starter-data-jpa-2.6.3.jar!/, jar:file:/C:/Users/Usuario/.gradle/caches/modules-2/files-2.1/org.postgresql/postgresql/42.3.1/9ca7df660e875b91c78e3d1608d4d7469ad3470c/postgresql-42.3.1.jar!/, jar:file:/C:/Users/Usuario/.gradle/caches/modules-2/files-2.1/org.springframework.retry/spring-retry/2.0.0/6a7a653901b58eb741692417f33b5bebedbd01f7/spring-retry-2.0.0.jar!/, jar:file:/C:/Users/Usuario/.gradle/caches/modules-2/files-2.1/io.jsonwebtoken/jjwt/0.9.1/54d2abfc3e63a28824d35bf600d6a5d627da681a/jjwt-0.9.1.jar!/, jar:file:/C:/Users/Usuario/.gradle/caches/modules-2/files-2.1/com.auth0/java-jwt/4.2.1/904306772bb7d43750527f84d7b23589a1f9ab12/java-jwt-4.2.1.jar!/, jar:file:/C:/Users/Usuario/.gradle/caches/modules-2/files-2.1/commons-codec/commons-codec/1.15/49d94806b6e3dc933dacbd8acb0fdbab8ebd1e5d/commons-codec-1.15.jar!/, jar:file:/C:/Users/Usuario/.gradle/caches/modules-2/files-2.1/org.springframework.boot/spring-boot-starter-aop/2.6.3/338cbbfe2667aea23d95672093e05b5f54630c5a/spring-boot-starter-aop-2.6.3.jar!/, jar:file:/C:/Users/Usuario/.gradle/caches/modules-2/files-2.1/com.h2database/h2/2.1.214/d5c2005c9e3279201e12d4776c948578b16bf8b2/h2-2.1.214.jar!/, jar:file:/C:/Users/Usuario/.gradle/caches/modules-2/files-2.1/com.sun.mail/javax.mail/1.6.2/935151eb71beff17a2ffac15dd80184a99a0514f/javax.mail-1.6.2.jar!/, jar:file:/C:/Users/Usuario/.gradle/caches/modules-2/files-2.1/org.springframework.boot/spring-boot-starter-thymeleaf/2.6.3/1468befdafc10744d410848ea5ecb4d44c6c215b/spring-boot-starter-thymeleaf-2.6.3.jar!/, jar:file:/C:/Users/Usuario/.gradle/caches/modules-2/files-2.1/nz.net.ultraq.thymeleaf/thymeleaf-layout-dialect/3.0.0/901115ad80d4928d1d15f7dfa0bad99c1a006cc2/thymeleaf-layout-dialect-3.0.0.jar!/, jar:file:/C:/Users/Usuario/.gradle/caches/modules-2/files-2.1/org.springframework.boot/spring-boot-starter-test/2.6.3/1ac659fc8c6d7285218b7ff79d67b87736f4ddf2/spring-boot-starter-test-2.6.3.jar!/, jar:file:/C:/Users/Usuario/.gradle/caches/modules-2/files-2.1/com.tngtech.archunit/archunit-junit5/1.0.0/d381ade9436d047877181fe50f508318e6a5a8/archunit-junit5-1.0.0.jar!/, jar:file:/C:/Users/Usuario/.gradle/caches/modules-2/files-2.1/org.springframework.boot/spring-boot-starter-json/2.6.3/b43885849bde2ad5d436c5acdd43b21730f9c676/spring-boot-starter-json-2.6.3.jar!/, jar:file:/C:/Users/Usuario/.gradle/caches/modules-2/files-2.1/org.springframework.boot/spring-boot-starter-jdbc/2.6.3/17871ef6920a3decad5f10181b2baf198ea2b787/spring-boot-starter-jdbc-2.6.3.jar!/, jar:file:/C:/Users/Usuario/.gradle/caches/modules-2/files-2.1/org.springframework.boot/spring-boot-starter/2.6.3/1211af6e300c0584e01c7a9a75e585ac0aec6ea6/spring-boot-starter-2.6.3.jar!/, jar:file:/C:/Users/Usuario/.gradle/caches/modules-2/files-2.1/org.springframework/spring-webmvc/5.3.15/28307dda4cb5fbeb6f7d7e7c846f464da0eba955/spring-webmvc-5.3.15.jar!/, jar:file:/C:/Users/Usuario/.gradle/caches/modules-2/files-2.1/org.springframework/spring-web/5.3.15/a228b373eff7fe34e868827ab02c91b8bf7a643e/spring-web-5.3.15.jar!/, jar:file:/C:/Users/Usuario/.gradle/caches/modules-2/files-2.1/io.undertow/undertow-websockets-jsr/2.2.14.Final/fffc3ffff1880fd695c22164d37bd16dc1dc4b7e/undertow-websockets-jsr-2.2.14.Final.jar!/, jar:file:/C:/Users/Usuario/.gradle/caches/modules-2/files-2.1/io.undertow/undertow-servlet/2.2.14.Final/8354ab1476d85dec5ee743a0f40b113cf29a55b8/undertow-servlet-2.2.14.Final.jar!/, jar:file:/C:/Users/Usuario/.gradle/caches/modules-2/files-2.1/io.undertow/undertow-core/2.2.14.Final/deb02123fba830230d1837a1e6b3731607196a41/undertow-core-2.2.14.Final.jar!/, jar:file:/C:/Users/Usuario/.gradle/caches/modules-2/files-2.1/jakarta.servlet/jakarta.servlet-api/4.0.4/b8a1142e04838fe54194049c6e7a18dae8f9b960/jakarta.servlet-api-4.0.4.jar!/, jar:file:/C:/Users/Usuario/.gradle/caches/modules-2/files-2.1/jakarta.websocket/jakarta.websocket-api/1.1.2/69c2fdfb75081cc935bc9d6c5616d12b0b73815f/jakarta.websocket-api-1.1.2.jar!/, jar:file:/C:/Users/Usuario/.gradle/caches/modules-2/files-2.1/org.apache.tomcat.embed/tomcat-embed-el/9.0.56/8e4f28f714693ad4e158e61f41371d4e4c6b4e23/tomcat-embed-el-9.0.56.jar!/, jar:file:/C:/Users/Usuario/.gradle/caches/modules-2/files-2.1/jakarta.transaction/jakarta.transaction-api/1.3.3/c4179d48720a1e87202115fbed6089bdc4195405/jakarta.transaction-api-1.3.3.jar!/, jar:file:/C:/Users/Usuario/.gradle/caches/modules-2/files-2.1/jakarta.persistence/jakarta.persistence-api/2.2.3/8f6ea5daedc614f07a3654a455660145286f024e/jakarta.persistence-api-2.2.3.jar!/, jar:file:/C:/Users/Usuario/.gradle/caches/modules-2/files-2.1/org.hibernate/hibernate-core/5.6.4.Final/a21d3a313d8fa4dbf2d05aa50ef3157a8081e83f/hibernate-core-5.6.4.Final.jar!/, jar:file:/C:/Users/Usuario/.gradle/caches/modules-2/files-2.1/org.springframework.data/spring-data-jpa/2.6.1/70eef23d3c1ba594749867edb9c89832da8f923c/spring-data-jpa-2.6.1.jar!/, jar:file:/C:/Users/Usuario/.gradle/caches/modules-2/files-2.1/org.springframework/spring-aspects/5.3.15/d1e42bac0f61ad50f633c13f8bcab905a66313af/spring-aspects-5.3.15.jar!/, jar:file:/C:/Users/Usuario/.gradle/caches/modules-2/files-2.1/org.checkerframework/checker-qual/3.5.0/2f50520c8abea66fbd8d26e481d3aef5c673b510/checker-qual-3.5.0.jar!/, jar:file:/C:/Users/Usuario/.gradle/caches/modules-2/files-2.1/com.fasterxml.jackson.datatype/jackson-datatype-jsr310/2.13.1/1ece5a87b59701328215e0083448b4d451857cbd/jackson-datatype-jsr310-2.13.1.jar!/, jar:file:/C:/Users/Usuario/.gradle/caches/modules-2/files-2.1/com.fasterxml.jackson.module/jackson-module-parameter-names/2.13.1/cbeec2259213c555ef451a2e05f35ed1dbfbf799/jackson-module-parameter-names-2.13.1.jar!/, jar:file:/C:/Users/Usuario/.gradle/caches/modules-2/files-2.1/com.fasterxml.jackson.core/jackson-annotations/2.13.1/1cbcbe4623113e6af92ccaa89884a345270f1a87/jackson-annotations-2.13.1.jar!/, jar:file:/C:/Users/Usuario/.gradle/caches/modules-2/files-2.1/com.fasterxml.jackson.core/jackson-core/2.13.1/51ae921a2ed1e06ca8876f12f32f265e83c0b2b8/jackson-core-2.13.1.jar!/, jar:file:/C:/Users/Usuario/.gradle/caches/modules-2/files-2.1/com.fasterxml.jackson.datatype/jackson-datatype-jdk8/2.13.1/8ecfa9bcd714269fdf22c33f9fd00d0643bd0e21/jackson-datatype-jdk8-2.13.1.jar!/, jar:file:/C:/Users/Usuario/.gradle/caches/modules-2/files-2.1/com.fasterxml.jackson.core/jackson-databind/2.13.1/698b2d2b15d9a1b7aae025f1d9f576842285e7f6/jackson-databind-2.13.1.jar!/, jar:file:/C:/Users/Usuario/.gradle/caches/modules-2/files-2.1/org.springframework.boot/spring-boot-test-autoconfigure/2.6.3/c903465682a6cd69adbc83feb8e8bfa26c51e6ae/spring-boot-test-autoconfigure-2.6.3.jar!/, jar:file:/C:/Users/Usuario/.gradle/caches/modules-2/files-2.1/org.springframework.boot/spring-boot-test/2.6.3/93b38ba8d4f027a7eda8c28dbe8f77b712de1142/spring-boot-test-2.6.3.jar!/, jar:file:/C:/Users/Usuario/.gradle/caches/modules-2/files-2.1/org.springframework.boot/spring-boot-autoconfigure/2.6.3/8bf96f63e9479b5a1c17d1fa05b149bb5ed050e2/spring-boot-autoconfigure-2.6.3.jar!/, jar:file:/C:/Users/Usuario/.gradle/caches/modules-2/files-2.1/org.springframework.boot/spring-boot/2.6.3/f1127e8a70ba7b9f12581e79ea963b739059bf55/spring-boot-2.6.3.jar!/, jar:file:/C:/Users/Usuario/.gradle/caches/modules-2/files-2.1/org.springframework/spring-context/5.3.15/80a12b7dcb3332fbd65c3649249fd35561ffc561/spring-context-5.3.15.jar!/, jar:file:/C:/Users/Usuario/.gradle/caches/modules-2/files-2.1/org.springframework/spring-aop/5.3.15/195966e1f4260f89696e668856ebfd9a1bc76404/spring-aop-5.3.15.jar!/, jar:file:/C:/Users/Usuario/.gradle/caches/modules-2/files-2.1/org.aspectj/aspectjweaver/1.9.7/158f5c255cd3e4408e795b79f7c3fbae9b53b7ca/aspectjweaver-1.9.7.jar!/, jar:file:/C:/Users/Usuario/.gradle/caches/modules-2/files-2.1/javax.activation/activation/1.1/e6cb541461c2834bdea3eb920f1884d1eb508b50/activation-1.1.jar!/, jar:file:/C:/Users/Usuario/.gradle/caches/modules-2/files-2.1/org.thymeleaf/thymeleaf-spring5/3.0.14.RELEASE/a0588f30a1e7dcadfc5c260ef6c6078ef377384/thymeleaf-spring5-3.0.14.RELEASE.jar!/, jar:file:/C:/Users/Usuario/.gradle/caches/modules-2/files-2.1/org.thymeleaf.extras/thymeleaf-extras-java8time/3.0.4.RELEASE/36e7175ddce36c486fff4578b5af7bb32f54f5df/thymeleaf-extras-java8time-3.0.4.RELEASE.jar!/, jar:file:/C:/Users/Usuario/.gradle/caches/modules-2/files-2.1/nz.net.ultraq.extensions/groovy-extensions/1.1.0/cb0ecf5713794f6a91b266e1c7f0df06c16ffbea/groovy-extensions-1.1.0.jar!/, jar:file:/C:/Users/Usuario/.gradle/caches/modules-2/files-2.1/nz.net.ultraq.thymeleaf/thymeleaf-expression-processor/3.0.0/a9ec91287cdcdaa9f8c4bdcb19e0edeecd5dc23d/thymeleaf-expression-processor-3.0.0.jar!/, jar:file:/C:/Users/Usuario/.gradle/caches/modules-2/files-2.1/org.thymeleaf/thymeleaf/3.0.14.RELEASE/5ec84717bf76bcbcc133f9f19bab754f97b92f8/thymeleaf-3.0.14.RELEASE.jar!/, jar:file:/C:/Users/Usuario/.gradle/caches/modules-2/files-2.1/org.codehaus.groovy/groovy/3.0.9/bd159803bedc434e7af0f714693fb5578a719e95/groovy-3.0.9.jar!/, jar:file:/C:/Users/Usuario/.gradle/caches/modules-2/files-2.1/com.jayway.jsonpath/json-path/2.6.0/67f565b424f7903a12d4f5b9361b11462ecacdac/json-path-2.6.0.jar!/, jar:file:/C:/Users/Usuario/.gradle/caches/modules-2/files-2.1/org.glassfish.jaxb/jaxb-runtime/2.3.5/a169a961a2bb9ac69517ec1005e451becf5cdfab/jaxb-runtime-2.3.5.jar!/, jar:file:/C:/Users/Usuario/.gradle/caches/modules-2/files-2.1/jakarta.xml.bind/jakarta.xml.bind-api/2.3.3/48e3b9cfc10752fba3521d6511f4165bea951801/jakarta.xml.bind-api-2.3.3.jar!/, jar:file:/C:/Users/Usuario/.gradle/caches/modules-2/files-2.1/org.assertj/assertj-core/3.21.0/27a14d6d22c4e3d58f799fb2a5ca8eaf53e6942a/assertj-core-3.21.0.jar!/, jar:file:/C:/Users/Usuario/.gradle/caches/modules-2/files-2.1/org.hamcrest/hamcrest/2.2/1820c0968dba3a11a1b30669bb1f01978a91dedc/hamcrest-2.2.jar!/, jar:file:/C:/Users/Usuario/.gradle/caches/modules-2/files-2.1/org.mockito/mockito-junit-jupiter/4.0.0/b76de25bd6e5d8f7924d0536729c0076e37e9396/mockito-junit-jupiter-4.0.0.jar!/, jar:file:/C:/Users/Usuario/.gradle/caches/modules-2/files-2.1/org.junit.jupiter/junit-jupiter-params/5.8.2/ddeafe92fc263f895bfb73ffeca7fd56e23c2cce/junit-jupiter-params-5.8.2.jar!/, jar:file:/C:/Users/Usuario/.gradle/caches/modules-2/files-2.1/org.junit.jupiter/junit-jupiter-engine/5.8.2/c598b4328d2f397194d11df3b1648d68d7d990e3/junit-jupiter-engine-5.8.2.jar!/, jar:file:/C:/Users/Usuario/.gradle/caches/modules-2/files-2.1/org.junit.jupiter/junit-jupiter-api/5.8.2/4c21029217adf07e4c0d0c5e192b6bf610c94bdc/junit-jupiter-api-5.8.2.jar!/, jar:file:/C:/Users/Usuario/.gradle/caches/modules-2/files-2.1/com.tngtech.archunit/archunit-junit5-engine/1.0.0/c942ce334f410062298100f834a767f765ac7a8e/archunit-junit5-engine-1.0.0.jar!/, jar:file:/C:/Users/Usuario/.gradle/caches/modules-2/files-2.1/com.tngtech.archunit/archunit-junit5-engine-api/1.0.0/f2fcf7191e65bda73cb14b510e380d0c4e55c9c8/archunit-junit5-engine-api-1.0.0.jar!/, jar:file:/C:/Users/Usuario/.gradle/caches/modules-2/files-2.1/org.junit.platform/junit-platform-engine/1.8.2/b737de09f19864bd136805c84df7999a142fec29/junit-platform-engine-1.8.2.jar!/, jar:file:/C:/Users/Usuario/.gradle/caches/modules-2/files-2.1/org.junit.platform/junit-platform-commons/1.8.2/32c8b8617c1342376fd5af2053da6410d8866861/junit-platform-commons-1.8.2.jar!/, jar:file:/C:/Users/Usuario/.gradle/caches/modules-2/files-2.1/org.junit.jupiter/junit-jupiter/5.8.2/5a817b1e63f1217e5c586090c45e681281f097ad/junit-jupiter-5.8.2.jar!/, jar:file:/C:/Users/Usuario/.gradle/caches/modules-2/files-2.1/org.mockito/mockito-core/4.0.0/f5195e0c4a45716bbd2d1d29173adbd148acce3a/mockito-core-4.0.0.jar!/, jar:file:/C:/Users/Usuario/.gradle/caches/modules-2/files-2.1/org.skyscreamer/jsonassert/1.5.0/6c9d5fe2f59da598d9aefc1cfc6528ff3cf32df3/jsonassert-1.5.0.jar!/, jar:file:/C:/Users/Usuario/.gradle/caches/modules-2/files-2.1/org.springframework/spring-test/5.3.15/1efef59ebbf51bc072d08c5854b1d5cbb1c29b65/spring-test-5.3.15.jar!/, jar:file:/C:/Users/Usuario/.gradle/caches/modules-2/files-2.1/org.springframework/spring-orm/5.3.15/edddfcbf3bd2a3cc8b5316329f16dcf88cec33b5/spring-orm-5.3.15.jar!/, jar:file:/C:/Users/Usuario/.gradle/caches/modules-2/files-2.1/org.springframework/spring-jdbc/5.3.15/2c7883bb9a50e37f177cdc3e064e88325f97bd36/spring-jdbc-5.3.15.jar!/, jar:file:/C:/Users/Usuario/.gradle/caches/modules-2/files-2.1/org.springframework.data/spring-data-commons/2.6.1/ba24a3b88e26191b25031cefb8de458deed05551/spring-data-commons-2.6.1.jar!/, jar:file:/C:/Users/Usuario/.gradle/caches/modules-2/files-2.1/org.springframework/spring-tx/5.3.15/27b8c1f0a896dc2f7d1629556b06f55f2a07351d/spring-tx-5.3.15.jar!/, jar:file:/C:/Users/Usuario/.gradle/caches/modules-2/files-2.1/org.springframework/spring-beans/5.3.15/a88e2ccfe8b131bcff2e643b90d52f6d928e7369/spring-beans-5.3.15.jar!/, jar:file:/C:/Users/Usuario/.gradle/caches/modules-2/files-2.1/org.springframework/spring-expression/5.3.15/362f36bbc4c4b46cc2e4f219df22d08945000c2/spring-expression-5.3.15.jar!/, jar:file:/C:/Users/Usuario/.gradle/caches/modules-2/files-2.1/org.springframework/spring-core/5.3.15/e813c2311465672d3089fc7be8dbbadb04e64d6b/spring-core-5.3.15.jar!/, jar:file:/C:/Users/Usuario/.gradle/caches/modules-2/files-2.1/org.xmlunit/xmlunit-core/2.8.4/35be57989ca80eefa03161b211630e319a8f36c6/xmlunit-core-2.8.4.jar!/, jar:file:/C:/Users/Usuario/.gradle/caches/modules-2/files-2.1/com.tngtech.archunit/archunit-junit5-api/1.0.0/f537a0cb4156e374e436009cf7e8e07062929b32/archunit-junit5-api-1.0.0.jar!/, jar:file:/C:/Users/Usuario/.gradle/caches/modules-2/files-2.1/org.springframework.boot/spring-boot-starter-logging/2.6.3/86599127b1e69a6180014cbeed8297ba26e8c6aa/spring-boot-starter-logging-2.6.3.jar!/, jar:file:/C:/Users/Usuario/.gradle/caches/modules-2/files-2.1/jakarta.annotation/jakarta.annotation-api/1.3.5/59eb84ee0d616332ff44aba065f3888cf002cd2d/jakarta.annotation-api-1.3.5.jar!/, jar:file:/C:/Users/Usuario/.gradle/caches/modules-2/files-2.1/org.yaml/snakeyaml/1.29/6d0cdafb2010f1297e574656551d7145240f6e25/snakeyaml-1.29.jar!/, jar:file:/C:/Users/Usuario/.gradle/caches/modules-2/files-2.1/org.hibernate.common/hibernate-commons-annotations/5.1.2.Final/e59ffdbc6ad09eeb33507b39ffcf287679a498c8/hibernate-commons-annotations-5.1.2.Final.jar!/, jar:file:/C:/Users/Usuario/.gradle/caches/modules-2/files-2.1/org.jboss.xnio/xnio-nio/3.8.4.Final/109d7de9a4d995ed9f46e1409520ace346fe2fc4/xnio-nio-3.8.4.Final.jar!/, jar:file:/C:/Users/Usuario/.gradle/caches/modules-2/files-2.1/org.jboss.xnio/xnio-api/3.8.4.Final/8714f2bf19f6e5fa7e36e8516dcb4606ef152e4d/xnio-api-3.8.4.Final.jar!/, jar:file:/C:/Users/Usuario/.gradle/caches/modules-2/files-2.1/org.wildfly.client/wildfly-client-config/1.0.1.Final/2a803b23c40a0de0f03a90d1fd3755747bc05f4b/wildfly-client-config-1.0.1.Final.jar!/, jar:file:/C:/Users/Usuario/.gradle/caches/modules-2/files-2.1/org.jboss.threads/jboss-threads/3.1.0.Final/9b260c0302f637a84a52d3d118214a3c59217615/jboss-threads-3.1.0.Final.jar!/, jar:file:/C:/Users/Usuario/.gradle/caches/modules-2/files-2.1/org.jboss.logging/jboss-logging/3.4.3.Final/c4bd7e12a745c0e7f6cf98c45cdcdf482fd827ea/jboss-logging-3.4.3.Final.jar!/, jar:file:/C:/Users/Usuario/.gradle/caches/modules-2/files-2.1/com.zaxxer/HikariCP/4.0.3/107cbdf0db6780a065f895ae9d8fbf3bb0e1c21f/HikariCP-4.0.3.jar!/, jar:file:/C:/Users/Usuario/.gradle/caches/modules-2/files-2.1/net.bytebuddy/byte-buddy/1.11.22/8b4c7fa5562a09da1c2a9ab0873cb51f5034d83f/byte-buddy-1.11.22.jar!/, jar:file:/C:/Users/Usuario/.gradle/caches/modules-2/files-2.1/antlr/antlr/2.7.7/83cd2cd674a217ade95a4bb83a8a14f351f48bd0/antlr-2.7.7.jar!/, jar:file:/C:/Users/Usuario/.gradle/caches/modules-2/files-2.1/org.jboss/jandex/2.4.2.Final/1e1c385990b258ff1a24c801e84aebbacf70eb39/jandex-2.4.2.Final.jar!/, jar:file:/C:/Users/Usuario/.gradle/caches/modules-2/files-2.1/com.fasterxml/classmate/1.5.1/3fe0bed568c62df5e89f4f174c101eab25345b6c/classmate-1.5.1.jar!/, jar:file:/C:/Users/Usuario/.gradle/caches/modules-2/files-2.1/com.tngtech.archunit/archunit/1.0.0/27ab69819bc5bb588e9881144763b9a3b1ed15a2/archunit-1.0.0.jar!/, jar:file:/C:/Users/Usuario/.gradle/caches/modules-2/files-2.1/ch.qos.logback/logback-classic/1.2.10/f69d97ef3335c6ab82fc21dfb77ac613f90c1221/logback-classic-1.2.10.jar!/, jar:file:/C:/Users/Usuario/.gradle/caches/modules-2/files-2.1/org.apache.logging.log4j/log4j-to-slf4j/2.17.1/3619fd18278a1a895c1dca8c5be002768071a20e/log4j-to-slf4j-2.17.1.jar!/, jar:file:/C:/Users/Usuario/.gradle/caches/modules-2/files-2.1/org.slf4j/jul-to-slf4j/1.7.33/53fd89b530d41b8f6744c754de1c9b02e82f2d7/jul-to-slf4j-1.7.33.jar!/, jar:file:/C:/Users/Usuario/.gradle/caches/modules-2/files-2.1/org.slf4j/slf4j-api/1.7.33/d375aa1b98d34d5ddf73a3f19eaad66e98975b12/slf4j-api-1.7.33.jar!/, jar:file:/C:/Users/Usuario/.gradle/caches/modules-2/files-2.1/ognl/ognl/3.1.26/922d3d922b8aa40146d842114c184c8b403d2f4f/ognl-3.1.26.jar!/, jar:file:/C:/Users/Usuario/.gradle/caches/modules-2/files-2.1/org.attoparser/attoparser/2.0.5.RELEASE/a93ad36df9560de3a5312c1d14f69d938099fa64/attoparser-2.0.5.RELEASE.jar!/, jar:file:/C:/Users/Usuario/.gradle/caches/modules-2/files-2.1/org.unbescape/unbescape/1.1.6.RELEASE/7b90360afb2b860e09e8347112800d12c12b2a13/unbescape-1.1.6.RELEASE.jar!/, jar:file:/C:/Users/Usuario/.gradle/caches/modules-2/files-2.1/net.minidev/json-smart/2.4.7/8d7f4c1530c07c54930935f3da85f48b83b3c109/json-smart-2.4.7.jar!/, jar:file:/C:/Users/Usuario/.gradle/caches/modules-2/files-2.1/jakarta.activation/jakarta.activation-api/1.2.2/99f53adba383cb1bf7c3862844488574b559621f/jakarta.activation-api-1.2.2.jar!/, jar:file:/C:/Users/Usuario/.gradle/caches/modules-2/files-2.1/net.bytebuddy/byte-buddy-agent/1.11.22/2fbcf3210dfc09b42242e3b66a5281cc5b9adb80/byte-buddy-agent-1.11.22.jar!/, jar:file:/C:/Users/Usuario/.gradle/caches/modules-2/files-2.1/org.objenesis/objenesis/3.2/7fadf57620c8b8abdf7519533e5527367cb51f09/objenesis-3.2.jar!/, jar:file:/C:/Users/Usuario/.gradle/caches/modules-2/files-2.1/com.vaadin.external.google/android-json/0.0.20131108.vaadin1/fa26d351fe62a6a17f5cda1287c1c6110dec413f/android-json-0.0.20131108.vaadin1.jar!/, jar:file:/C:/Users/Usuario/.gradle/caches/modules-2/files-2.1/org.springframework/spring-jcl/5.3.15/88da960b4fcbd28621aea8b9911976adc06afce4/spring-jcl-5.3.15.jar!/, jar:file:/C:/Users/Usuario/.gradle/caches/modules-2/files-2.1/org.wildfly.common/wildfly-common/1.5.2.Final/8eba40cfe86bcfcc223551e75201e6e7574c7c36/wildfly-common-1.5.2.Final.jar!/, jar:file:/C:/Users/Usuario/.gradle/caches/modules-2/files-2.1/org.glassfish.jaxb/txw2/2.3.5/ec8930fa62e7b1758b1664d135f50c7abe86a4a3/txw2-2.3.5.jar!/, jar:file:/C:/Users/Usuario/.gradle/caches/modules-2/files-2.1/com.sun.istack/istack-commons-runtime/3.0.12/cbbe1a62b0cc6c85972e99d52aaee350153dc530/istack-commons-runtime-3.0.12.jar!/, jar:file:/C:/Users/Usuario/.gradle/caches/modules-2/files-2.1/com.sun.activation/jakarta.activation/1.2.2/74548703f9851017ce2f556066659438019e7eb5/jakarta.activation-1.2.2.jar!/, jar:file:/C:/Users/Usuario/.gradle/caches/modules-2/files-2.1/org.javassist/javassist/3.20.0-GA/a9cbcdfb7e9f86fbc74d3afae65f2248bfbf82a0/javassist-3.20.0-GA.jar!/, jar:file:/C:/Users/Usuario/.gradle/caches/modules-2/files-2.1/net.minidev/accessors-smart/2.4.7/3970cfc505e6657ca60f3aa57c849f6043000d7a/accessors-smart-2.4.7.jar!/, jar:file:/C:/Users/Usuario/.gradle/caches/modules-2/files-2.1/org.opentest4j/opentest4j/1.2.0/28c11eb91f9b6d8e200631d46e20a7f407f2a046/opentest4j-1.2.0.jar!/, jar:file:/C:/Users/Usuario/.gradle/caches/modules-2/files-2.1/ch.qos.logback/logback-core/1.2.10/5328406bfcae7bcdcc86810fcb2920d2c297170d/logback-core-1.2.10.jar!/, jar:file:/C:/Users/Usuario/.gradle/caches/modules-2/files-2.1/org.apache.logging.log4j/log4j-api/2.17.1/d771af8e336e372fb5399c99edabe0919aeaf5b2/log4j-api-2.17.1.jar!/, jar:file:/C:/Users/Usuario/.gradle/caches/modules-2/files-2.1/org.ow2.asm/asm/9.1/a99500cf6eea30535eeac6be73899d048f8d12a8/asm-9.1.jar!/]
15:51:26.755 [Test worker] DEBUG com.tngtech.archunit.core.importer.JavaClassProcessor - Processing class 'com/uco/TrafficAgent/infrastructure/configuration/model/BeanServiceContact'
15:51:26.757 [Test worker] DEBUG com.tngtech.archunit.core.importer.JavaClassProcessor - Processing class 'com/uco/TrafficAgent/infrastructure/repository/contact/adapter/repository/RepositoryContactDB'
15:51:26.758 [Test worker] DEBUG com.tngtech.archunit.core.importer.JavaClassProcessor - Processing class 'com/uco/TrafficAgent/domain/port/type/RepositoryTypeId'
15:51:26.759 [Test worker] DEBUG com.tngtech.archunit.core.importer.JavaClassProcessor - Processing class 'com/uco/TrafficAgent/infrastructure/aspect/exception/ExceptionUserUnauthorized'
15:51:26.760 [Test worker] DEBUG com.tngtech.archunit.core.importer.JavaClassProcessor - Processing class 'com/uco/TrafficAgent/infrastructure/repository/user/adapter/entity/EntityUser'
15:51:26.761 [Test worker] DEBUG com.tngtech.archunit.core.importer.JavaClassProcessor - Processing class 'com/uco/TrafficAgent/application/service/contact/comand/dto/DtoSaveContact'
15:51:26.762 [Test worker] DEBUG com.tngtech.archunit.core.importer.JavaClassProcessor - Processing class 'com/uco/TrafficAgent/domain/validator/ValidatorAttributes'
15:51:26.764 [Test worker] DEBUG com.tngtech.archunit.core.importer.JavaClassProcessor - Processing class 'com/uco/TrafficAgent/domain/dto/DtoUserSummary'
15:51:26.765 [Test worker] DEBUG com.tngtech.archunit.core.importer.JavaClassProcessor - Processing class 'com/uco/TrafficAgent/infrastructure/repository/user/adapter/repository/jpa/RepositoryUserJpa'
15:51:26.766 [Test worker] DEBUG com.tngtech.archunit.core.importer.JavaClassProcessor - Processing class 'com/uco/TrafficAgent/domain/service/report/ServiceListAllReportByUser'
15:51:26.767 [Test worker] DEBUG com.tngtech.archunit.core.importer.JavaClassProcessor - Processing class 'com/uco/TrafficAgent/application/service/user/comand/dto/DtoSaveUser'
15:51:26.768 [Test worker] DEBUG com.tngtech.archunit.core.importer.JavaClassProcessor - Processing class 'com/uco/TrafficAgent/infrastructure/aspect/SecuredAspect'
15:51:26.769 [Test worker] DEBUG com.tngtech.archunit.core.importer.JavaClassProcessor - Processing class 'com/uco/TrafficAgent/domain/dto/DtoCurrentUser'
15:51:26.770 [Test worker] DEBUG com.tngtech.archunit.core.importer.JavaClassProcessor - Processing class 'com/uco/TrafficAgent/domain/service/contact/ServiceListsAllByProximityContact'
15:51:26.771 [Test worker] DEBUG com.tngtech.archunit.core.importer.JavaClassProcessor - Processing class 'com/uco/TrafficAgent/infrastructure/repository/report/controller/ConsultControllerReport'
15:51:26.772 [Test worker] DEBUG com.tngtech.archunit.core.importer.JavaClassProcessor - Processing class 'com/uco/TrafficAgent/domain/service/user/ServiceSaveUser'
15:51:26.773 [Test worker] DEBUG com.tngtech.archunit.core.importer.JavaClassProcessor - Processing class 'com/uco/TrafficAgent/infrastructure/repository/type/adapter/repository/RepositoryTypeIdDB'
15:51:26.774 [Test worker] DEBUG com.tngtech.archunit.core.importer.JavaClassProcessor - Processing class 'com/uco/TrafficAgent/infrastructure/mapper/MapperInfrastructureObject'
15:51:26.775 [Test worker] DEBUG com.tngtech.archunit.core.importer.JavaClassProcessor - Processing class 'com/uco/TrafficAgent/infrastructure/repository/rol/adapter/entity/EntityRol'
15:51:26.776 [Test worker] DEBUG com.tngtech.archunit.core.importer.JavaClassProcessor - Processing class 'com/uco/TrafficAgent/application/service/user/comand/ServiceApplicationUpdateUser'
15:51:26.777 [Test worker] DEBUG com.tngtech.archunit.core.importer.JavaClassProcessor - Processing class 'com/uco/TrafficAgent/domain/model/TypeIdentification'
15:51:26.778 [Test worker] DEBUG com.tngtech.archunit.core.importer.JavaClassProcessor - Processing class 'com/uco/TrafficAgent/domain/service/report/ServiceListAllReportByDate'
15:51:26.779 [Test worker] DEBUG com.tngtech.archunit.core.importer.JavaClassProcessor - Processing class 'com/uco/TrafficAgent/infrastructure/service/token/ServiceValidateToken'
15:51:26.779 [Test worker] DEBUG com.tngtech.archunit.core.importer.JavaClassProcessor - Processing class 'com/uco/TrafficAgent/application/service/DtoResponse'
15:51:26.780 [Test worker] DEBUG com.tngtech.archunit.core.importer.JavaClassProcessor - Processing class 'com/uco/TrafficAgent/infrastructure/aspect/LogExecutionTime'
15:51:26.781 [Test worker] DEBUG com.tngtech.archunit.core.importer.JavaClassProcessor - Processing class 'com/uco/TrafficAgent/application/service/user/comand/dto/DtoRolUser'
15:51:26.782 [Test worker] DEBUG com.tngtech.archunit.core.importer.JavaClassProcessor - Processing class 'com/uco/TrafficAgent/application/service/user/comand/dto/DtoUpdateUser'
15:51:26.784 [Test worker] DEBUG com.tngtech.archunit.core.importer.JavaClassProcessor - Processing class 'com/uco/TrafficAgent/TrafficAgentApplication'
15:51:26.787 [Test worker] DEBUG com.tngtech.archunit.core.importer.JavaClassProcessor - Processing class 'com/uco/TrafficAgent/domain/model/Contact'
15:51:26.791 [Test worker] DEBUG com.tngtech.archunit.core.importer.JavaClassProcessor - Processing class 'com/uco/TrafficAgent/domain/port/user/RepositoryUser'
15:51:26.796 [Test worker] DEBUG com.tngtech.archunit.core.importer.JavaClassProcessor - Processing class 'com/uco/TrafficAgent/application/encrypted/impl/ServiceEncryptedPasswordImpl'
15:51:26.798 [Test worker] DEBUG com.tngtech.archunit.core.importer.JavaClassProcessor - Processing class 'com/uco/TrafficAgent/domain/service/token/ServiceEncryptText'
15:51:26.799 [Test worker] DEBUG com.tngtech.archunit.core.importer.JavaClassProcessor - Processing class 'com/uco/TrafficAgent/application/service/login/dto/DtoLogin'
15:51:26.801 [Test worker] DEBUG com.tngtech.archunit.core.importer.JavaClassProcessor - Processing class 'com/uco/TrafficAgent/infrastructure/configuration/email/JavaMailConfig$1'
15:51:26.802 [Test worker] DEBUG com.tngtech.archunit.core.importer.JavaClassProcessor - Processing class 'com/uco/TrafficAgent/infrastructure/configuration/general/ConfigurationSecurity'
15:51:26.803 [Test worker] DEBUG com.tngtech.archunit.core.importer.JavaClassProcessor - Processing class 'com/uco/TrafficAgent/infrastructure/repository/report/adapter/repository/RepositoryReportDB'
15:51:26.805 [Test worker] DEBUG com.tngtech.archunit.core.importer.JavaClassProcessor - Processing class 'com/uco/TrafficAgent/domain/service/token/ServiceGenerateToken'
15:51:26.806 [Test worker] DEBUG com.tngtech.archunit.core.importer.JavaClassProcessor - Processing class 'com/uco/TrafficAgent/infrastructure/repository/type/adapter/repository/jpa/RepositoryTypeIdJpa'
15:51:26.807 [Test worker] DEBUG com.tngtech.archunit.core.importer.JavaClassProcessor - Processing class 'com/uco/TrafficAgent/infrastructure/repository/user/controller/ConsultControllerUser'
15:51:26.809 [Test worker] DEBUG com.tngtech.archunit.core.importer.JavaClassProcessor - Processing class 'com/uco/TrafficAgent/domain/model/RolUser'
15:51:26.810 [Test worker] DEBUG com.tngtech.archunit.core.importer.JavaClassProcessor - Processing class 'com/uco/TrafficAgent/infrastructure/service/token/ServiceValidateTokenJWT'
15:51:26.811 [Test worker] DEBUG com.tngtech.archunit.core.importer.JavaClassProcessor - Processing class 'com/uco/TrafficAgent/infrastructure/service/token/ServiceGenerateTokenJWT'
15:51:26.812 [Test worker] DEBUG com.tngtech.archunit.core.importer.JavaClassProcessor - Processing class 'com/uco/TrafficAgent/domain/service/contact/ServiceSaveContact'
15:51:26.813 [Test worker] DEBUG com.tngtech.archunit.core.importer.JavaClassProcessor - Processing class 'com/uco/TrafficAgent/infrastructure/configuration/model/BeanServiceReport'
15:51:26.814 [Test worker] DEBUG com.tngtech.archunit.core.importer.JavaClassProcessor - Processing class 'com/uco/TrafficAgent/infrastructure/repository/contact/adapter/entity/EntityContact'
15:51:26.815 [Test worker] DEBUG com.tngtech.archunit.core.importer.JavaClassProcessor - Processing class 'com/uco/TrafficAgent/application/service/report/consult/ServiceApplicationListAllReportByDate'
15:51:26.816 [Test worker] DEBUG com.tngtech.archunit.core.importer.JavaClassProcessor - Processing class 'com/uco/TrafficAgent/application/mapper/MapperApplicationObject'
15:51:26.817 [Test worker] DEBUG com.tngtech.archunit.core.importer.JavaClassProcessor - Processing class 'com/uco/TrafficAgent/infrastructure/repository/contact/controller/ConsultControllerContact'
15:51:26.818 [Test worker] DEBUG com.tngtech.archunit.core.importer.JavaClassProcessor - Processing class 'com/uco/TrafficAgent/application/service/contact/consult/ServiceApplicationListAllByProximityContact'
15:51:26.819 [Test worker] DEBUG com.tngtech.archunit.core.importer.JavaClassProcessor - Processing class 'com/uco/TrafficAgent/infrastructure/repository/report/controller/ComandControllerReport'
15:51:26.820 [Test worker] DEBUG com.tngtech.archunit.core.importer.JavaClassProcessor - Processing class 'com/uco/TrafficAgent/infrastructure/configuration/general/ConfigurationRestTemplate'
15:51:26.821 [Test worker] DEBUG com.tngtech.archunit.core.importer.JavaClassProcessor - Processing class 'com/uco/TrafficAgent/application/service/report/comand/dto/DtoSaveReport'
15:51:26.823 [Test worker] DEBUG com.tngtech.archunit.core.importer.JavaClassProcessor - Processing class 'com/uco/TrafficAgent/application/service/report/consult/ServiceApplicationListAllReportByUser'
15:51:26.824 [Test worker] DEBUG com.tngtech.archunit.core.importer.JavaClassProcessor - Processing class 'com/uco/TrafficAgent/infrastructure/mapper/user/impl/MapperUserImpl'
15:51:26.825 [Test worker] DEBUG com.tngtech.archunit.core.importer.JavaClassProcessor - Processing class 'com/uco/TrafficAgent/application/mapper/report/impl/MapperApplicationReportImpl'
15:51:26.826 [Test worker] DEBUG com.tngtech.archunit.core.importer.JavaClassProcessor - Processing class 'com/uco/TrafficAgent/infrastructure/aspect/LogExecutionAspect'
15:51:26.827 [Test worker] DEBUG com.tngtech.archunit.core.importer.JavaClassProcessor - Processing class 'com/uco/TrafficAgent/infrastructure/repository/user/controller/ComandControllerUser'
15:51:26.828 [Test worker] DEBUG com.tngtech.archunit.core.importer.JavaClassProcessor - Processing class 'com/uco/TrafficAgent/infrastructure/repository/report/adapter/entity/EntityReport'
15:51:26.830 [Test worker] DEBUG com.tngtech.archunit.core.importer.JavaClassProcessor - Processing class 'com/uco/TrafficAgent/infrastructure/error/Error'
15:51:26.831 [Test worker] DEBUG com.tngtech.archunit.core.importer.JavaClassProcessor - Processing class 'com/uco/TrafficAgent/domain/validator/ValidatorObjects'
15:51:26.832 [Test worker] DEBUG com.tngtech.archunit.core.importer.JavaClassProcessor - Processing class 'com/uco/TrafficAgent/infrastructure/error/ErrorHandler'
15:51:26.833 [Test worker] DEBUG com.tngtech.archunit.core.importer.JavaClassProcessor - Processing class 'com/uco/TrafficAgent/infrastructure/aspect/service/AuthorizationService'
15:51:26.834 [Test worker] DEBUG com.tngtech.archunit.core.importer.JavaClassProcessor - Processing class 'com/uco/TrafficAgent/domain/dto/DtoReportSummary'
15:51:26.835 [Test worker] DEBUG com.tngtech.archunit.core.importer.JavaClassProcessor - Processing class 'com/uco/TrafficAgent/application/mapper/user/impl/MapperApplicationUserImpl'
15:51:26.837 [Test worker] DEBUG com.tngtech.archunit.core.importer.JavaClassProcessor - Processing class 'com/uco/TrafficAgent/application/service/contact/comand/ServiceApplicationSaveContact'
15:51:26.838 [Test worker] DEBUG com.tngtech.archunit.core.importer.JavaClassProcessor - Processing class 'com/uco/TrafficAgent/domain/service/user/ServiceUpdateUser'
15:51:26.838 [Test worker] DEBUG com.tngtech.archunit.core.importer.JavaClassProcessor - Processing class 'com/uco/TrafficAgent/infrastructure/configuration/model/BeanServiceUser'
15:51:26.839 [Test worker] DEBUG com.tngtech.archunit.core.importer.JavaClassProcessor - Processing class 'com/uco/TrafficAgent/infrastructure/filter/FilterAuth'
15:51:26.840 [Test worker] DEBUG com.tngtech.archunit.core.importer.JavaClassProcessor - Processing class 'com/uco/TrafficAgent/application/encrypted/ServiceEncryptedPassword'
15:51:26.841 [Test worker] DEBUG com.tngtech.archunit.core.importer.JavaClassProcessor - Processing class 'com/uco/TrafficAgent/application/service/login/ServiceApplicationLogin'
15:51:26.842 [Test worker] DEBUG com.tngtech.archunit.core.importer.JavaClassProcessor - Processing class 'com/uco/TrafficAgent/infrastructure/repository/contact/adapter/repository/jpa/RepositoryContactJpa'
15:51:26.843 [Test worker] DEBUG com.tngtech.archunit.core.importer.JavaClassProcessor - Processing class 'com/uco/TrafficAgent/infrastructure/service/token/ServiceGetCurrentUserJwt'
15:51:26.844 [Test worker] DEBUG com.tngtech.archunit.core.importer.JavaClassProcessor - Processing class 'com/uco/TrafficAgent/infrastructure/configuration/email/JavaMailConfig'
15:51:26.845 [Test worker] DEBUG com.tngtech.archunit.core.importer.JavaClassProcessor - Processing class 'com/uco/TrafficAgent/infrastructure/repository/user/adapter/repository/RepositoryUserDB'
15:51:26.847 [Test worker] DEBUG com.tngtech.archunit.core.importer.JavaClassProcessor - Processing class 'com/uco/TrafficAgent/infrastructure/repository/report/adapter/repository/jpa/RepositoryReportJpa'
15:51:26.848 [Test worker] DEBUG com.tngtech.archunit.core.importer.JavaClassProcessor - Processing class 'com/uco/TrafficAgent/infrastructure/repository/login/controller/ComandControllerLogin'
15:51:26.849 [Test worker] DEBUG com.tngtech.archunit.core.importer.JavaClassProcessor - Processing class 'com/uco/TrafficAgent/infrastructure/repository/type/adapter/entity/EntityTypeId'
15:51:26.850 [Test worker] DEBUG com.tngtech.archunit.core.importer.JavaClassProcessor - Processing class 'com/uco/TrafficAgent/infrastructure/repository/contact/adapter/entity/EntityContactEmergency'
15:51:26.851 [Test worker] DEBUG com.tngtech.archunit.core.importer.JavaClassProcessor - Processing class 'com/uco/TrafficAgent/domain/service/user/ServiceDeleteUser'
15:51:26.852 [Test worker] DEBUG com.tngtech.archunit.core.importer.JavaClassProcessor - Processing class 'com/uco/TrafficAgent/domain/port/contact/RepositoryContact'
15:51:26.853 [Test worker] DEBUG com.tngtech.archunit.core.importer.JavaClassProcessor - Processing class 'com/uco/TrafficAgent/application/mapper/contact/impl/MapperApplicationContactImpl'
15:51:26.854 [Test worker] DEBUG com.tngtech.archunit.core.importer.JavaClassProcessor - Processing class 'com/uco/TrafficAgent/domain/dto/DtoContactSummary'
15:51:26.855 [Test worker] DEBUG com.tngtech.archunit.core.importer.JavaClassProcessor - Processing class 'com/uco/TrafficAgent/domain/model/Report'
15:51:26.856 [Test worker] DEBUG com.tngtech.archunit.core.importer.JavaClassProcessor - Processing class 'com/uco/TrafficAgent/domain/service/user/ServiceListAllUser'
15:51:26.857 [Test worker] DEBUG com.tngtech.archunit.core.importer.JavaClassProcessor - Processing class 'com/uco/TrafficAgent/infrastructure/configuration/general/ConfigurationRetry'
15:51:26.858 [Test worker] DEBUG com.tngtech.archunit.core.importer.JavaClassProcessor - Processing class 'com/uco/TrafficAgent/application/service/report/comand/ServiceApplicationSaveReport'
15:51:26.859 [Test worker] DEBUG com.tngtech.archunit.core.importer.JavaClassProcessor - Processing class 'com/uco/TrafficAgent/domain/service/token/ServiceGetCurrentUser'
15:51:26.859 [Test worker] DEBUG com.tngtech.archunit.core.importer.JavaClassProcessor - Processing class 'com/uco/TrafficAgent/infrastructure/repository/contact/controller/ComandControllerContact'
15:51:26.860 [Test worker] DEBUG com.tngtech.archunit.core.importer.JavaClassProcessor - Processing class 'com/uco/TrafficAgent/application/service/user/comand/ServiceApplicationSaveUser'
15:51:26.861 [Test worker] DEBUG com.tngtech.archunit.core.importer.JavaClassProcessor - Processing class 'com/uco/TrafficAgent/domain/port/report/RepositoryReport'
15:51:26.862 [Test worker] DEBUG com.tngtech.archunit.core.importer.JavaClassProcessor - Processing class 'com/uco/TrafficAgent/application/service/user/comand/ServiceApplicationDeleteUser'
15:51:26.863 [Test worker] DEBUG com.tngtech.archunit.core.importer.JavaClassProcessor - Processing class 'com/uco/TrafficAgent/application/service/user/consult/ServiceApplicationListAllUser'
15:51:26.865 [Test worker] DEBUG com.tngtech.archunit.core.importer.JavaClassProcessor - Processing class 'com/uco/TrafficAgent/domain/service/report/ServiceSaveReport'
15:51:26.867 [Test worker] DEBUG com.tngtech.archunit.core.importer.JavaClassProcessor - Processing class 'com/uco/TrafficAgent/infrastructure/aspect/Secured'
15:51:26.870 [Test worker] DEBUG com.tngtech.archunit.core.importer.JavaClassProcessor - Processing class 'com/uco/TrafficAgent/infrastructure/repository/contact/adapter/repository/jpa/RepositoryContactEmergencyJpa'
15:51:26.871 [Test worker] DEBUG com.tngtech.archunit.core.importer.JavaClassProcessor - Processing class 'com/uco/TrafficAgent/domain/model/User'
15:51:26.873 [Test worker] DEBUG com.tngtech.archunit.core.importer.DependencyResolutionProcess - Automatically resolving transitive class dependencies with the following configuration:
import.dependencyResolutionProcess.maxIterationsForMemberTypes = 1
import.dependencyResolutionProcess.maxIterationsForAccessesToTypes = 1
import.dependencyResolutionProcess.maxIterationsForSupertypes = -1
import.dependencyResolutionProcess.maxIterationsForEnclosingTypes = -1
import.dependencyResolutionProcess.maxIterationsForAnnotationTypes = -1
import.dependencyResolutionProcess.maxIterationsForGenericSignatureTypes = -1
15:51:26.873 [Test worker] DEBUG com.tngtech.archunit.core.importer.JavaClassProcessor - Processing class 'io/jsonwebtoken/impl/TextCodec'
15:51:26.874 [Test worker] DEBUG com.tngtech.archunit.core.importer.JavaClassProcessor - Processing class 'org/springframework/data/repository/query/Param'
15:51:26.875 [Test worker] DEBUG com.tngtech.archunit.core.importer.JavaClassProcessor - Processing class 'java/time/ZonedDateTime'
15:51:26.878 [Test worker] DEBUG com.tngtech.archunit.core.importer.JavaClassProcessor - Processing class 'javax/crypto/spec/SecretKeySpec'
15:51:26.879 [Test worker] DEBUG com.tngtech.archunit.core.importer.JavaClassProcessor - Processing class 'org/springframework/beans/factory/annotation/Autowired'
15:51:26.880 [Test worker] DEBUG com.tngtech.archunit.core.importer.JavaClassProcessor - Processing class 'java/lang/Record'
15:51:26.880 [Test worker] DEBUG com.tngtech.archunit.core.importer.JavaClassProcessor - Processing class 'java/lang/Integer'
15:51:26.882 [Test worker] DEBUG com.tngtech.archunit.core.importer.JavaClassProcessor - Processing class 'java/lang/Long'
15:51:26.884 [Test worker] DEBUG com.tngtech.archunit.core.importer.JavaClassProcessor - Processing class 'java/time/Duration'
15:51:26.886 [Test worker] DEBUG com.tngtech.archunit.core.importer.JavaClassProcessor - Processing class 'org/springframework/web/bind/annotation/PostMapping'
15:51:26.887 [Test worker] DEBUG com.tngtech.archunit.core.importer.JavaClassProcessor - Processing class 'javax/persistence/ManyToOne'
15:51:26.888 [Test worker] DEBUG com.tngtech.archunit.core.importer.JavaClassProcessor - Processing class 'java/lang/String'
15:51:26.892 [Test worker] DEBUG com.tngtech.archunit.core.importer.JavaClassProcessor - Processing class 'java/time/ZoneId'
15:51:26.893 [Test worker] DEBUG com.tngtech.archunit.core.importer.JavaClassProcessor - Processing class 'org/aspectj/lang/annotation/Around'
15:51:26.894 [Test worker] DEBUG com.tngtech.archunit.core.importer.JavaClassProcessor - Processing class 'java/util/stream/Stream'
15:51:26.896 [Test worker] DEBUG com.tngtech.archunit.core.importer.JavaClassProcessor - Processing class 'org/springframework/data/jpa/repository/Query'
15:51:26.898 [Test worker] DEBUG com.tngtech.archunit.core.importer.JavaClassProcessor - Processing class 'com/auth0/jwt/interfaces/DecodedJWT'
15:51:26.898 [Test worker] DEBUG com.tngtech.archunit.core.importer.JavaClassProcessor - Processing class 'java/time/LocalDateTime'
15:51:26.900 [Test worker] DEBUG com.tngtech.archunit.core.importer.JavaClassProcessor - Processing class 'org/springframework/web/filter/OncePerRequestFilter'
15:51:26.902 [Test worker] DEBUG com.tngtech.archunit.core.importer.JavaClassProcessor - Processing class 'org/springframework/retry/annotation/EnableRetry'
15:51:26.903 [Test worker] DEBUG com.tngtech.archunit.core.importer.JavaClassProcessor - Processing class 'org/springframework/web/bind/annotation/RequestBody'
15:51:26.904 [Test worker] DEBUG com.tngtech.archunit.core.importer.JavaClassProcessor - Processing class 'javax/persistence/Table'
15:51:26.905 [Test worker] DEBUG com.tngtech.archunit.core.importer.JavaClassProcessor - Processing class 'java/lang/annotation/Target'
15:51:26.905 [Test worker] DEBUG com.tngtech.archunit.core.importer.JavaClassProcessor - Processing class 'java/io/IOException'
15:51:26.906 [Test worker] DEBUG com.tngtech.archunit.core.importer.JavaClassProcessor - Processing class 'javax/mail/PasswordAuthentication'
15:51:26.907 [Test worker] DEBUG com.tngtech.archunit.core.importer.JavaClassProcessor - Processing class 'org/springframework/http/HttpStatus'
15:51:26.909 [Test worker] DEBUG com.tngtech.archunit.core.importer.JavaClassProcessor - Processing class 'javax/persistence/FetchType'
15:51:26.910 [Test worker] DEBUG com.tngtech.archunit.core.importer.JavaClassProcessor - Processing class 'javax/mail/Session'
15:51:26.912 [Test worker] DEBUG com.tngtech.archunit.core.importer.JavaClassProcessor - Processing class 'org/springframework/web/bind/annotation/PathVariable'
15:51:26.913 [Test worker] DEBUG com.tngtech.archunit.core.importer.JavaClassProcessor - Processing class 'javax/servlet/FilterChain'
15:51:26.914 [Test worker] DEBUG com.tngtech.archunit.core.importer.JavaClassProcessor - Processing class 'javax/servlet/ServletException'
15:51:26.914 [Test worker] DEBUG com.tngtech.archunit.core.importer.JavaClassProcessor - Processing class 'java/util/Date'
15:51:26.916 [Test worker] DEBUG com.tngtech.archunit.core.importer.JavaClassProcessor - Processing class 'org/springframework/boot/SpringApplication'
15:51:26.919 [Test worker] DEBUG com.tngtech.archunit.core.importer.JavaClassProcessor - Processing class 'org/springframework/web/bind/annotation/PutMapping'
15:51:26.920 [Test worker] DEBUG com.tngtech.archunit.core.importer.JavaClassProcessor - Processing class 'org/aspectj/lang/annotation/Aspect'
15:51:26.920 [Test worker] DEBUG com.tngtech.archunit.core.importer.JavaClassProcessor - Processing class 'java/lang/reflect/Method'
15:51:26.922 [Test worker] DEBUG com.tngtech.archunit.core.importer.JavaClassProcessor - Processing class 'org/springframework/web/bind/annotation/DeleteMapping'
15:51:26.923 [Test worker] DEBUG com.tngtech.archunit.core.importer.JavaClassProcessor - Processing class 'org/springframework/web/client/RestTemplate'
15:51:26.925 [Test worker] DEBUG com.tngtech.archunit.core.importer.JavaClassProcessor - Processing class 'java/util/concurrent/ConcurrentHashMap'
15:51:26.928 [Test worker] DEBUG com.tngtech.archunit.core.importer.JavaClassProcessor - Processing class 'java/util/UUID'
15:51:26.929 [Test worker] DEBUG com.tngtech.archunit.core.importer.JavaClassProcessor - Processing class 'java/util/stream/Collectors'
15:51:26.933 [Test worker] DEBUG com.tngtech.archunit.core.importer.JavaClassProcessor - Processing class 'io/jsonwebtoken/Jwts'
15:51:26.934 [Test worker] DEBUG com.tngtech.archunit.core.importer.JavaClassProcessor - Processing class 'org/springframework/core/env/Environment'
15:51:26.935 [Test worker] DEBUG com.tngtech.archunit.core.importer.JavaClassProcessor - Processing class 'java/lang/annotation/Annotation'
15:51:26.936 [Test worker] DEBUG com.tngtech.archunit.core.importer.JavaClassProcessor - Processing class 'org/springframework/data/jpa/repository/JpaRepository'
15:51:26.937 [Test worker] DEBUG com.tngtech.archunit.core.importer.JavaClassProcessor - Processing class 'javax/mail/Authenticator'
15:51:26.938 [Test worker] DEBUG com.tngtech.archunit.core.importer.JavaClassProcessor - Processing class 'org/aspectj/lang/JoinPoint'
15:51:26.939 [Test worker] DEBUG com.tngtech.archunit.core.importer.JavaClassProcessor - Processing class 'org/springframework/web/bind/annotation/ResponseStatus'
15:51:26.941 [Test worker] DEBUG com.tngtech.archunit.core.importer.JavaClassProcessor - Processing class 'javax/persistence/Id'
15:51:26.942 [Test worker] DEBUG com.tngtech.archunit.core.importer.JavaClassProcessor - Processing class 'org/slf4j/Logger'
15:51:26.943 [Test worker] DEBUG com.tngtech.archunit.core.importer.JavaClassProcessor - Processing class 'javax/persistence/JoinColumn'
15:51:26.944 [Test worker] DEBUG com.tngtech.archunit.core.importer.JavaClassProcessor - Processing class 'org/springframework/web/context/request/ServletRequestAttributes'
15:51:26.945 [Test worker] DEBUG com.tngtech.archunit.core.importer.JavaClassProcessor - Processing class 'org/aspectj/lang/annotation/Before'
15:51:26.946 [Test worker] DEBUG com.tngtech.archunit.core.importer.JavaClassProcessor - Processing class 'java/lang/Object'
15:51:26.947 [Test worker] DEBUG com.tngtech.archunit.core.importer.JavaClassProcessor - Processing class 'org/aspectj/lang/reflect/MethodSignature'
15:51:26.947 [Test worker] DEBUG com.tngtech.archunit.core.importer.JavaClassProcessor - Processing class 'java/lang/Class'
15:51:26.950 [Test worker] DEBUG com.tngtech.archunit.core.importer.JavaClassProcessor - Processing class 'org/springframework/http/ResponseEntity'
15:51:26.952 [Test worker] DEBUG com.tngtech.archunit.core.importer.JavaClassProcessor - Processing class 'org/springframework/context/annotation/Bean'
15:51:26.953 [Test worker] DEBUG com.tngtech.archunit.core.importer.JavaClassProcessor - Processing class 'java/util/Comparator'
15:51:26.954 [Test worker] DEBUG com.tngtech.archunit.core.importer.JavaClassProcessor - Processing class 'org/apache/commons/codec/digest/DigestUtils'
15:51:26.956 [Test worker] DEBUG com.tngtech.archunit.core.importer.JavaClassProcessor - Processing class 'java/lang/annotation/RetentionPolicy'
15:51:26.957 [Test worker] DEBUG com.tngtech.archunit.core.importer.JavaClassProcessor - Processing class 'java/util/Arrays'
15:51:26.960 [Test worker] DEBUG com.tngtech.archunit.core.importer.JavaClassProcessor - Processing class 'org/springframework/web/bind/annotation/RequestParam'
15:51:26.961 [Test worker] DEBUG com.tngtech.archunit.core.importer.JavaClassProcessor - Processing class 'java/lang/System'
15:51:26.963 [Test worker] DEBUG com.tngtech.archunit.core.importer.JavaClassProcessor - Processing class 'org/springframework/web/context/request/RequestContextHolder'
15:51:26.964 [Test worker] DEBUG com.tngtech.archunit.core.importer.JavaClassProcessor - Processing class 'io/jsonwebtoken/JwtBuilder'
15:51:26.965 [Test worker] DEBUG com.tngtech.archunit.core.importer.JavaClassProcessor - Processing class 'io/jsonwebtoken/SignatureAlgorithm'
15:51:26.967 [Test worker] DEBUG com.tngtech.archunit.core.importer.JavaClassProcessor - Processing class 'org/springframework/stereotype/Repository'
15:51:26.967 [Test worker] DEBUG com.tngtech.archunit.core.importer.JavaClassProcessor - Processing class 'com/auth0/jwt/interfaces/Claim'
15:51:26.968 [Test worker] DEBUG com.tngtech.archunit.core.importer.JavaClassProcessor - Processing class 'javax/persistence/Entity'
15:51:26.969 [Test worker] DEBUG com.tngtech.archunit.core.importer.JavaClassProcessor - Processing class 'javax/persistence/CascadeType'
15:51:26.970 [Test worker] DEBUG com.tngtech.archunit.core.importer.JavaClassProcessor - Processing class 'javax/mail/Transport'
15:51:26.971 [Test worker] DEBUG com.tngtech.archunit.core.importer.JavaClassProcessor - Processing class 'org/springframework/web/bind/annotation/RestController'
15:51:26.972 [Test worker] DEBUG com.tngtech.archunit.core.importer.JavaClassProcessor - Processing class 'java/lang/Exception'
15:51:26.973 [Test worker] DEBUG com.tngtech.archunit.core.importer.JavaClassProcessor - Processing class 'javax/persistence/GeneratedValue'
15:51:26.984 [Test worker] DEBUG com.tngtech.archunit.core.importer.JavaClassProcessor - Processing class 'java/lang/Throwable'
15:51:26.985 [Test worker] DEBUG com.tngtech.archunit.core.importer.JavaClassProcessor - Processing class 'com/auth0/jwt/JWT'
15:51:26.986 [Test worker] DEBUG com.tngtech.archunit.core.importer.JavaClassProcessor - Processing class 'java/util/ArrayList'
15:51:26.989 [Test worker] DEBUG com.tngtech.archunit.core.importer.JavaClassProcessor - Processing class 'javax/mail/internet/InternetAddress'
15:51:26.991 [Test worker] DEBUG com.tngtech.archunit.core.importer.JavaClassProcessor - Processing class 'org/springframework/beans/factory/annotation/Value'
15:51:26.992 [Test worker] DEBUG com.tngtech.archunit.core.importer.JavaClassProcessor - Processing class 'javax/servlet/http/HttpServletRequest'
15:51:26.993 [Test worker] DEBUG com.tngtech.archunit.core.importer.JavaClassProcessor - Processing class 'org/springframework/web/bind/annotation/ExceptionHandler'
15:51:26.994 [Test worker] DEBUG com.tngtech.archunit.core.importer.JavaClassProcessor - Processing class 'org/springframework/web/bind/annotation/ControllerAdvice'
15:51:26.996 [Test worker] DEBUG com.tngtech.archunit.core.importer.JavaClassProcessor - Processing class 'org/springframework/boot/autoconfigure/SpringBootApplication'
15:51:26.996 [Test worker] DEBUG com.tngtech.archunit.core.importer.JavaClassProcessor - Processing class 'java/util/Properties'
15:51:26.998 [Test worker] DEBUG com.tngtech.archunit.core.importer.JavaClassProcessor - Processing class 'javax/persistence/OneToMany'
15:51:26.999 [Test worker] DEBUG com.tngtech.archunit.core.importer.JavaClassProcessor - Processing class 'java/lang/RuntimeException'
15:51:27.000 [Test worker] DEBUG com.tngtech.archunit.core.importer.JavaClassProcessor - Processing class 'javax/mail/internet/MimeMessage'
15:51:27.003 [Test worker] DEBUG com.tngtech.archunit.core.importer.JavaClassProcessor - Processing class 'org/springframework/boot/web/client/RestTemplateBuilder'
15:51:27.004 [Test worker] DEBUG com.tngtech.archunit.core.importer.JavaClassProcessor - Processing class 'java/lang/IllegalStateException'
15:51:27.005 [Test worker] DEBUG com.tngtech.archunit.core.importer.JavaClassProcessor - Processing class 'io/jsonwebtoken/impl/crypto/DefaultJwtSignatureValidator'
15:51:27.006 [Test worker] DEBUG com.tngtech.archunit.core.importer.JavaClassProcessor - Processing class 'org/thymeleaf/spring5/SpringTemplateEngine'
15:51:27.007 [Test worker] DEBUG com.tngtech.archunit.core.importer.JavaClassProcessor - Processing class 'org/springframework/boot/web/servlet/FilterRegistrationBean'
15:51:27.009 [Test worker] DEBUG com.tngtech.archunit.core.importer.JavaClassProcessor - Processing class 'org/slf4j/LoggerFactory'
15:51:27.010 [Test worker] DEBUG com.tngtech.archunit.core.importer.JavaClassProcessor - Processing class 'javax/mail/MessagingException'
15:51:27.011 [Test worker] DEBUG com.tngtech.archunit.core.importer.JavaClassProcessor - Processing class 'org/springframework/context/annotation/Configuration'
15:51:27.013 [Test worker] DEBUG com.tngtech.archunit.core.importer.JavaClassProcessor - Processing class 'javax/persistence/Column'
15:51:27.014 [Test worker] DEBUG com.tngtech.archunit.core.importer.JavaClassProcessor - Processing class 'javax/persistence/GenerationType'
15:51:27.014 [Test worker] DEBUG com.tngtech.archunit.core.importer.JavaClassProcessor - Processing class 'java/util/List'
15:51:27.015 [Test worker] DEBUG com.tngtech.archunit.core.importer.JavaClassProcessor - Processing class 'java/util/Optional'
15:51:27.016 [Test worker] DEBUG com.tngtech.archunit.core.importer.JavaClassProcessor - Processing class 'org/thymeleaf/context/Context'
15:51:27.018 [Test worker] DEBUG com.tngtech.archunit.core.importer.JavaClassProcessor - Processing class 'org/springframework/web/bind/annotation/RequestMapping'
15:51:27.018 [Test worker] DEBUG com.tngtech.archunit.core.importer.JavaClassProcessor - Processing class 'java/lang/annotation/Retention'
15:51:27.019 [Test worker] DEBUG com.tngtech.archunit.core.importer.JavaClassProcessor - Processing class 'org/springframework/web/bind/annotation/GetMapping'
15:51:27.020 [Test worker] DEBUG com.tngtech.archunit.core.importer.JavaClassProcessor - Processing class 'java/util/Iterator'
15:51:27.021 [Test worker] DEBUG com.tngtech.archunit.core.importer.JavaClassProcessor - Processing class 'javax/servlet/http/HttpServletResponse'
15:51:27.021 [Test worker] DEBUG com.tngtech.archunit.core.importer.JavaClassProcessor - Processing class 'java/lang/IllegalArgumentException'
15:51:27.022 [Test worker] DEBUG com.tngtech.archunit.core.importer.JavaClassProcessor - Processing class 'java/lang/annotation/ElementType'
15:51:27.023 [Test worker] DEBUG com.tngtech.archunit.core.importer.JavaClassProcessor - Processing class 'org/springframework/stereotype/Component'
15:51:27.024 [Test worker] DEBUG com.tngtech.archunit.core.importer.JavaClassProcessor - Processing class 'javax/mail/Message$RecipientType'
15:51:27.025 [Test worker] DEBUG com.tngtech.archunit.core.importer.JavaClassProcessor - Processing class 'org/aspectj/lang/ProceedingJoinPoint'
15:51:27.026 [Test worker] DEBUG com.tngtech.archunit.core.importer.JavaClassProcessor - Processing class 'java/lang/annotation/Inherited'
15:51:27.026 [Test worker] DEBUG com.tngtech.archunit.core.importer.JavaClassProcessor - Processing class 'java/util/DoubleSummaryStatistics'
15:51:27.027 [Test worker] DEBUG com.tngtech.archunit.core.importer.JavaClassProcessor - Processing class 'java/util/function/DoubleConsumer'
15:51:27.027 [Test worker] DEBUG com.tngtech.archunit.core.importer.JavaClassProcessor - Processing class 'java/security/spec/KeySpec'
15:51:27.028 [Test worker] DEBUG com.tngtech.archunit.core.importer.JavaClassProcessor - Processing class 'javax/persistence/ConstraintMode'
15:51:27.029 [Test worker] DEBUG com.tngtech.archunit.core.importer.JavaClassProcessor - Processing class 'org/springframework/core/env/PropertyResolver'
15:51:27.029 [Test worker] DEBUG com.tngtech.archunit.core.importer.JavaClassProcessor - Processing class 'org/springframework/web/filter/GenericFilterBean'
15:51:27.030 [Test worker] DEBUG com.tngtech.archunit.core.importer.JavaClassProcessor - Processing class 'java/util/Map'
15:51:27.031 [Test worker] DEBUG com.tngtech.archunit.core.importer.JavaClassProcessor - Processing class 'java/lang/reflect/Executable'
15:51:27.032 [Test worker] DEBUG com.tngtech.archunit.core.importer.JavaClassProcessor - Processing class 'javax/servlet/Filter'
15:51:27.033 [Test worker] DEBUG com.tngtech.archunit.core.importer.JavaClassProcessor - Processing class 'java/lang/CharSequence'
15:51:27.034 [Test worker] DEBUG com.tngtech.archunit.core.importer.JavaClassProcessor - Processing class 'org/springframework/data/repository/PagingAndSortingRepository'
15:51:27.034 [Test worker] DEBUG com.tngtech.archunit.core.importer.JavaClassProcessor - Processing class 'java/time/chrono/ChronoLocalDateTime'
15:51:27.036 [Test worker] DEBUG com.tngtech.archunit.core.importer.JavaClassProcessor - Processing class 'java/util/Set'
15:51:27.037 [Test worker] DEBUG com.tngtech.archunit.core.importer.JavaClassProcessor - Processing class 'java/io/Serializable'
15:51:27.040 [Test worker] DEBUG com.tngtech.archunit.core.importer.JavaClassProcessor - Processing class 'org/springframework/http/client/ClientHttpRequestInterceptor'
15:51:27.041 [Test worker] DEBUG com.tngtech.archunit.core.importer.JavaClassProcessor - Processing class 'javax/mail/internet/MimePart'
15:51:27.042 [Test worker] DEBUG com.tngtech.archunit.core.importer.JavaClassProcessor - Processing class 'org/springframework/beans/factory/support/BeanNameGenerator'
15:51:27.044 [Test worker] DEBUG com.tngtech.archunit.core.importer.JavaClassProcessor - Processing class 'javax/mail/Header'
15:51:27.044 [Test worker] DEBUG com.tngtech.archunit.core.importer.JavaClassProcessor - Processing class 'jdk/internal/ValueBased'
15:51:27.045 [Test worker] DEBUG com.tngtech.archunit.core.importer.JavaClassProcessor - Processing class 'javax/crypto/SecretKey'
15:51:27.046 [Test worker] DEBUG com.tngtech.archunit.core.importer.JavaClassProcessor - Processing class 'org/springframework/http/client/support/InterceptingHttpAccessor'
15:51:27.047 [Test worker] DEBUG com.tngtech.archunit.core.importer.JavaClassProcessor - Processing class 'java/lang/reflect/AnnotatedElement'
15:51:27.048 [Test worker] DEBUG com.tngtech.archunit.core.importer.JavaClassProcessor - Processing class 'java/lang/Double'
15:51:27.049 [Test worker] DEBUG com.tngtech.archunit.core.importer.JavaClassProcessor - Processing class 'org/springframework/http/client/ClientHttpRequestFactory'
15:51:27.050 [Test worker] DEBUG com.tngtech.archunit.core.importer.JavaClassProcessor - Processing class 'org/springframework/boot/web/client/RestTemplateCustomizer'
15:51:27.051 [Test worker] DEBUG com.tngtech.archunit.core.importer.JavaClassProcessor - Processing class 'java/lang/invoke/TypeDescriptor$OfField'
15:51:27.052 [Test worker] DEBUG com.tngtech.archunit.core.importer.JavaClassProcessor - Processing class 'org/springframework/boot/context/TypeExcludeFilter'
15:51:27.053 [Test worker] DEBUG com.tngtech.archunit.core.importer.JavaClassProcessor - Processing class 'org/springframework/boot/web/servlet/AbstractFilterRegistrationBean'
15:51:27.054 [Test worker] DEBUG com.tngtech.archunit.core.importer.JavaClassProcessor - Processing class 'org/springframework/data/repository/NoRepositoryBean'
15:51:27.055 [Test worker] DEBUG com.tngtech.archunit.core.importer.JavaClassProcessor - Processing class 'org/springframework/boot/BootstrapRegistryInitializer'
15:51:27.055 [Test worker] DEBUG com.tngtech.archunit.core.importer.JavaClassProcessor - Processing class 'java/util/RandomAccess'
15:51:27.056 [Test worker] DEBUG com.tngtech.archunit.core.importer.JavaClassProcessor - Processing class 'javax/mail/Provider'
15:51:27.057 [Test worker] DEBUG com.tngtech.archunit.core.importer.JavaClassProcessor - Processing class 'javax/mail/Service'
15:51:27.058 [Test worker] DEBUG com.tngtech.archunit.core.importer.JavaClassProcessor - Processing class 'java/time/temporal/TemporalAmount'
15:51:27.058 [Test worker] DEBUG com.tngtech.archunit.core.importer.JavaClassProcessor - Processing class 'org/springframework/lang/Nullable'
15:51:27.059 [Test worker] DEBUG com.tngtech.archunit.core.importer.JavaClassProcessor - Processing class 'org/springframework/stereotype/Indexed'
15:51:27.060 [Test worker] DEBUG com.tngtech.archunit.core.importer.JavaClassProcessor - Processing class 'java/lang/Number'
15:51:27.060 [Test worker] DEBUG com.tngtech.archunit.core.importer.JavaClassProcessor - Processing class 'java/lang/SafeVarargs'
15:51:27.060 [Test worker] DEBUG com.tngtech.archunit.core.importer.JavaClassProcessor - Processing class 'java/util/Map$Entry'
15:51:27.062 [Test worker] DEBUG com.tngtech.archunit.core.importer.JavaClassProcessor - Processing class 'jdk/internal/vm/annotation/IntrinsicCandidate'
15:51:27.062 [Test worker] DEBUG com.tngtech.archunit.core.importer.JavaClassProcessor - Processing class 'java/util/stream/LongStream'
15:51:27.064 [Test worker] DEBUG com.tngtech.archunit.core.importer.JavaClassProcessor - Processing class 'org/springframework/boot/autoconfigure/EnableAutoConfiguration'
15:51:27.065 [Test worker] DEBUG com.tngtech.archunit.core.importer.JavaClassProcessor - Processing class 'java/lang/Deprecated'
15:51:27.065 [Test worker] DEBUG com.tngtech.archunit.core.importer.JavaClassProcessor - Processing class 'org/springframework/http/HttpMethod'
15:51:27.066 [Test worker] DEBUG com.tngtech.archunit.core.importer.JavaClassProcessor - Processing class 'org/springframework/context/annotation/Import'
15:51:27.067 [Test worker] DEBUG com.tngtech.archunit.core.importer.JavaClassProcessor - Processing class 'javax/persistence/JoinColumns'
15:51:27.068 [Test worker] DEBUG com.tngtech.archunit.core.importer.JavaClassProcessor - Processing class 'org/springframework/web/client/RestOperations'
15:51:27.071 [Test worker] DEBUG com.tngtech.archunit.core.importer.JavaClassProcessor - Processing class 'java/lang/reflect/Field'
15:51:27.073 [Test worker] DEBUG com.tngtech.archunit.core.importer.JavaClassProcessor - Processing class 'com/auth0/jwt/interfaces/Header'
15:51:27.074 [Test worker] DEBUG com.tngtech.archunit.core.importer.JavaClassProcessor - Processing class 'java/util/stream/Collector$Characteristics'
15:51:27.075 [Test worker] DEBUG com.tngtech.archunit.core.importer.JavaClassProcessor - Processing class 'org/springframework/context/annotation/ComponentScan'
15:51:27.077 [Test worker] DEBUG com.tngtech.archunit.core.importer.JavaClassProcessor - Processing class 'org/thymeleaf/context/AbstractContext'
15:51:27.078 [Test worker] DEBUG com.tngtech.archunit.core.importer.JavaClassProcessor - Processing class 'java/lang/constant/Constable'
15:51:27.078 [Test worker] DEBUG com.tngtech.archunit.core.importer.JavaClassProcessor - Processing class 'java/time/chrono/ChronoZonedDateTime'
15:51:27.080 [Test worker] DEBUG com.tngtech.archunit.core.importer.JavaClassProcessor - Processing class 'org/springframework/boot/SpringBootConfiguration'
15:51:27.081 [Test worker] DEBUG com.tngtech.archunit.core.importer.JavaClassProcessor - Processing class 'java/lang/Comparable'
15:51:27.082 [Test worker] DEBUG com.tngtech.archunit.core.importer.JavaClassProcessor - Processing class 'java/time/temporal/TemporalAdjuster'
15:51:27.083 [Test worker] DEBUG com.tngtech.archunit.core.importer.JavaClassProcessor - Processing class 'javax/mail/Message'
15:51:27.085 [Test worker] DEBUG com.tngtech.archunit.core.importer.JavaClassProcessor - Processing class 'javax/mail/URLName'
15:51:27.086 [Test worker] DEBUG com.tngtech.archunit.core.importer.JavaClassProcessor - Processing class 'java/net/URL'
15:51:27.088 [Test worker] DEBUG com.tngtech.archunit.core.importer.JavaClassProcessor - Processing class 'java/util/function/IntConsumer'
15:51:27.088 [Test worker] DEBUG com.tngtech.archunit.core.importer.JavaClassProcessor - Processing class 'java/util/AbstractList'
15:51:27.091 [Test worker] DEBUG com.tngtech.archunit.core.importer.JavaClassProcessor - Processing class 'org/springframework/data/annotation/QueryAnnotation'
15:51:27.092 [Test worker] DEBUG com.tngtech.archunit.core.importer.JavaClassProcessor - Processing class 'org/springframework/context/annotation/ComponentScan$Filter'
15:51:27.093 [Test worker] DEBUG com.tngtech.archunit.core.importer.JavaClassProcessor - Processing class 'java/lang/Enum'
15:51:27.094 [Test worker] DEBUG com.tngtech.archunit.core.importer.JavaClassProcessor - Processing class 'io/jsonwebtoken/impl/crypto/JwtSignatureValidator'
15:51:27.107 [Test worker] DEBUG com.tngtech.archunit.core.importer.JavaClassProcessor - Processing class 'org/springframework/web/context/request/RequestAttributes'
15:51:27.108 [Test worker] DEBUG com.tngtech.archunit.core.importer.JavaClassProcessor - Processing class 'java/lang/annotation/Documented'
15:51:27.110 [Test worker] DEBUG com.tngtech.archunit.core.importer.JavaClassProcessor - Processing class 'org/springframework/boot/web/client/RestTemplateRequestCustomizer'
15:51:27.111 [Test worker] DEBUG com.tngtech.archunit.core.importer.JavaClassProcessor - Processing class 'java/lang/Cloneable'
15:51:27.111 [Test worker] DEBUG com.tngtech.archunit.core.importer.JavaClassProcessor - Processing class 'jdk/internal/vm/annotation/ForceInline'
15:51:27.113 [Test worker] DEBUG com.tngtech.archunit.core.importer.JavaClassProcessor - Processing class 'org/springframework/http/HttpHeaders'
15:51:27.117 [Test worker] DEBUG com.tngtech.archunit.core.importer.JavaClassProcessor - Processing class 'javax/persistence/ForeignKey'
15:51:27.118 [Test worker] DEBUG com.tngtech.archunit.core.importer.JavaClassProcessor - Processing class 'java/util/Collection'
15:51:27.121 [Test worker] DEBUG com.tngtech.archunit.core.importer.JavaClassProcessor - Processing class 'org/springframework/web/bind/annotation/RequestMethod'
15:51:27.123 [Test worker] DEBUG com.tngtech.archunit.core.importer.JavaClassProcessor - Processing class 'org/springframework/context/ApplicationListener'
15:51:27.124 [Test worker] DEBUG com.tngtech.archunit.core.importer.JavaClassProcessor - Processing class 'org/springframework/beans/factory/annotation/Autowire'
15:51:27.125 [Test worker] DEBUG com.tngtech.archunit.core.importer.JavaClassProcessor - Processing class 'java/util/stream/DoubleStream'
15:51:27.128 [Test worker] DEBUG com.tngtech.archunit.core.importer.JavaClassProcessor - Processing class 'org/springframework/http/HttpEntity'
15:51:27.129 [Test worker] DEBUG com.tngtech.archunit.core.importer.JavaClassProcessor - Processing class 'java/lang/Class$ReflectionData'
15:51:27.130 [Test worker] DEBUG com.tngtech.archunit.core.importer.JavaClassProcessor - Processing class 'java/lang/reflect/Type'
15:51:27.131 [Test worker] DEBUG com.tngtech.archunit.core.importer.JavaClassProcessor - Processing class 'javax/servlet/ServletResponse'
15:51:27.132 [Test worker] DEBUG com.tngtech.archunit.core.importer.JavaClassProcessor - Processing class 'jdk/internal/reflect/CallerSensitive'
15:51:27.133 [Test worker] DEBUG com.tngtech.archunit.core.importer.JavaClassProcessor - Processing class 'org/springframework/http/converter/HttpMessageConverter'
15:51:27.134 [Test worker] DEBUG com.tngtech.archunit.core.importer.JavaClassProcessor - Processing class 'java/time/LocalDate'
15:51:27.137 [Test worker] DEBUG com.tngtech.archunit.core.importer.JavaClassProcessor - Processing class 'org/springframework/boot/SpringBootExceptionReporter'
15:51:27.137 [Test worker] DEBUG com.tngtech.archunit.core.importer.JavaClassProcessor - Processing class 'java/time/temporal/Temporal'
15:51:27.138 [Test worker] DEBUG com.tngtech.archunit.core.importer.JavaClassProcessor - Processing class 'java/util/stream/IntStream'
15:51:27.140 [Test worker] DEBUG com.tngtech.archunit.core.importer.JavaClassProcessor - Processing class 'javax/mail/Address'
15:51:27.141 [Test worker] DEBUG com.tngtech.archunit.core.importer.JavaClassProcessor - Processing class 'org/springframework/context/annotation/EnableAspectJAutoProxy'
15:51:27.142 [Test worker] DEBUG com.tngtech.archunit.core.importer.JavaClassProcessor - Processing class 'java/time/temporal/TemporalUnit'
15:51:27.144 [Test worker] DEBUG com.tngtech.archunit.core.importer.JavaClassProcessor - Processing class 'org/springframework/boot/autoconfigure/AutoConfigurationExcludeFilter'
15:51:27.145 [Test worker] DEBUG com.tngtech.archunit.core.importer.JavaClassProcessor - Processing class 'org/springframework/web/context/request/AbstractRequestAttributes'
15:51:27.147 [Test worker] DEBUG com.tngtech.archunit.core.importer.JavaClassProcessor - Processing class 'org/springframework/stereotype/Controller'
15:51:27.148 [Test worker] DEBUG com.tngtech.archunit.core.importer.JavaClassProcessor - Processing class 'org/springframework/retry/annotation/RetryConfiguration'
15:51:27.149 [Test worker] DEBUG com.tngtech.archunit.core.importer.JavaClassProcessor - Processing class 'java/util/concurrent/ConcurrentMap'
15:51:27.150 [Test worker] DEBUG com.tngtech.archunit.core.importer.JavaClassProcessor - Processing class 'java/lang/FunctionalInterface'
15:51:27.151 [Test worker] DEBUG com.tngtech.archunit.core.importer.JavaClassProcessor - Processing class 'javax/servlet/http/HttpUpgradeHandler'
15:51:27.152 [Test worker] DEBUG com.tngtech.archunit.core.importer.JavaClassProcessor - Processing class 'java/lang/constant/ConstantDesc'
15:51:27.153 [Test worker] DEBUG com.tngtech.archunit.core.importer.JavaClassProcessor - Processing class 'java/lang/annotation/Repeatable'
15:51:27.153 [Test worker] DEBUG com.tngtech.archunit.core.importer.JavaClassProcessor - Processing class 'java/lang/Boolean'
15:51:27.155 [Test worker] DEBUG com.tngtech.archunit.core.importer.JavaClassProcessor - Processing class 'org/aspectj/lang/reflect/CodeSignature'
15:51:27.156 [Test worker] DEBUG com.tngtech.archunit.core.importer.JavaClassProcessor - Processing class 'org/springframework/context/annotation/FilterType'
15:51:27.157 [Test worker] DEBUG com.tngtech.archunit.core.importer.JavaClassProcessor - Processing class 'java/util/LongSummaryStatistics'
15:51:27.158 [Test worker] DEBUG com.tngtech.archunit.core.importer.JavaClassProcessor - Processing class 'java/util/Hashtable'
15:51:27.160 [Test worker] DEBUG com.tngtech.archunit.core.importer.JavaClassProcessor - Processing class 'java/lang/reflect/GenericDeclaration'
15:51:27.161 [Test worker] DEBUG com.tngtech.archunit.core.importer.JavaClassProcessor - Processing class 'org/springframework/core/annotation/AliasFor'
15:51:27.162 [Test worker] DEBUG com.tngtech.archunit.core.importer.JavaClassProcessor - Processing class 'javax/servlet/ServletRequest'
15:51:27.163 [Test worker] DEBUG com.tngtech.archunit.core.importer.JavaClassProcessor - Processing class 'jdk/internal/vm/annotation/Stable'
15:51:27.164 [Test worker] DEBUG com.tngtech.archunit.core.importer.JavaClassProcessor - Processing class 'org/springframework/context/MessageSourceAware'
15:51:27.165 [Test worker] DEBUG com.tngtech.archunit.core.importer.JavaClassProcessor - Processing class 'org/springframework/core/env/StandardEnvironment'
15:51:27.167 [Test worker] DEBUG com.tngtech.archunit.core.importer.JavaClassProcessor - Processing class 'org/springframework/web/bind/annotation/ResponseBody'
15:51:27.167 [Test worker] DEBUG com.tngtech.archunit.core.importer.JavaClassProcessor - Processing class 'java/util/function/LongConsumer'
15:51:27.168 [Test worker] DEBUG com.tngtech.archunit.core.importer.JavaClassProcessor - Processing class 'java/util/function/Consumer'
15:51:27.169 [Test worker] DEBUG com.tngtech.archunit.core.importer.JavaClassProcessor - Processing class 'org/thymeleaf/spring5/ISpringTemplateEngine'
15:51:27.172 [Test worker] DEBUG com.tngtech.archunit.core.importer.JavaClassProcessor - Processing class 'org/springframework/data/repository/query/QueryByExampleExecutor'
15:51:27.173 [Test worker] DEBUG com.tngtech.archunit.core.importer.JavaClassProcessor - Processing class 'io/jsonwebtoken/ClaimsMutator'
15:51:27.174 [Test worker] DEBUG com.tngtech.archunit.core.importer.JavaClassProcessor - Processing class 'java/util/AbstractMap'
15:51:27.176 [Test worker] DEBUG com.tngtech.archunit.core.importer.JavaClassProcessor - Processing class 'org/thymeleaf/TemplateEngine'
15:51:27.178 [Test worker] DEBUG com.tngtech.archunit.core.importer.JavaClassProcessor - Processing class 'javax/servlet/http/Part'
15:51:27.179 [Test worker] DEBUG com.tngtech.archunit.core.importer.JavaClassProcessor - Processing class 'java/lang/constant/ClassDesc'
15:51:27.179 [Test worker] DEBUG com.tngtech.archunit.core.importer.JavaClassProcessor - Processing class 'java/util/stream/BaseStream'
15:51:27.180 [Test worker] DEBUG com.tngtech.archunit.core.importer.JavaClassProcessor - Processing class 'java/util/IntSummaryStatistics'
15:51:27.181 [Test worker] DEBUG com.tngtech.archunit.core.importer.JavaClassProcessor - Processing class 'com/auth0/jwt/interfaces/Payload'
15:51:27.183 [Test worker] DEBUG com.tngtech.archunit.core.importer.JavaClassProcessor - Processing class 'org/springframework/context/ApplicationContextInitializer'
15:51:27.184 [Test worker] DEBUG com.tngtech.archunit.core.importer.JavaClassProcessor - Processing class 'javax/mail/event/TransportListener'
15:51:27.185 [Test worker] DEBUG com.tngtech.archunit.core.importer.JavaClassProcessor - Processing class 'org/springframework/web/bind/annotation/Mapping'
15:51:27.187 [Test worker] DEBUG com.tngtech.archunit.core.importer.JavaClassProcessor - Processing class 'org/thymeleaf/context/IContext'
15:51:27.188 [Test worker] DEBUG com.tngtech.archunit.core.importer.JavaClassProcessor - Processing class 'org/springframework/data/repository/query/FluentQuery$FetchableFluentQuery'
15:51:27.189 [Test worker] DEBUG com.tngtech.archunit.core.importer.JavaClassProcessor - Processing class 'java/lang/Enum$EnumDesc'
15:51:27.190 [Test worker] DEBUG com.tngtech.archunit.core.importer.JavaClassProcessor - Processing class 'java/util/stream/Collector'
15:51:27.190 [Test worker] DEBUG com.tngtech.archunit.core.importer.JavaClassProcessor - Processing class 'java/lang/invoke/TypeDescriptor'
15:51:27.191 [Test worker] DEBUG com.tngtech.archunit.core.importer.JavaClassProcessor - Processing class 'org/springframework/context/PayloadApplicationEvent'
15:51:27.193 [Test worker] DEBUG com.tngtech.archunit.core.importer.JavaClassProcessor - Processing class 'org/springframework/boot/autoconfigure/AutoConfigurationImportSelector'
15:51:27.195 [Test worker] DEBUG com.tngtech.archunit.core.importer.JavaClassProcessor - Processing class 'org/springframework/aop/IntroductionAdvisor'
15:51:27.195 [Test worker] DEBUG com.tngtech.archunit.core.importer.JavaClassProcessor - Processing class 'java/lang/reflect/Member'
15:51:27.197 [Test worker] DEBUG com.tngtech.archunit.core.importer.JavaClassProcessor - Processing class 'org/thymeleaf/linkbuilder/ILinkBuilder'
15:51:27.197 [Test worker] DEBUG com.tngtech.archunit.core.importer.JavaClassProcessor - Processing class 'java/util/EventListener'
15:51:27.198 [Test worker] DEBUG com.tngtech.archunit.core.importer.JavaClassProcessor - Processing class 'org/springframework/context/annotation/Role'
15:51:27.200 [Test worker] DEBUG com.tngtech.archunit.core.importer.JavaClassProcessor - Processing class 'org/springframework/beans/factory/DisposableBean'
15:51:27.200 [Test worker] DEBUG com.tngtech.archunit.core.importer.JavaClassProcessor - Processing class 'java/util/Dictionary'
15:51:27.202 [Test worker] DEBUG com.tngtech.archunit.core.importer.JavaClassProcessor - Processing class 'org/springframework/boot/autoconfigure/AutoConfigurationPackage'
15:51:27.203 [Test worker] DEBUG com.tngtech.archunit.core.importer.JavaClassProcessor - Processing class 'org/thymeleaf/messageresolver/IMessageResolver'
15:51:27.204 [Test worker] DEBUG com.tngtech.archunit.core.importer.JavaClassProcessor - Processing class 'javax/mail/Part'
15:51:27.205 [Test worker] DEBUG com.tngtech.archunit.core.importer.JavaClassProcessor - Processing class 'java/time/temporal/TemporalAccessor'
15:51:27.206 [Test worker] DEBUG com.tngtech.archunit.core.importer.JavaClassProcessor - Processing class 'org/springframework/http/client/ClientHttpRequest'
15:51:27.207 [Test worker] DEBUG com.tngtech.archunit.core.importer.JavaClassProcessor - Processing class 'org/springframework/beans/factory/BeanFactoryAware'
15:51:27.209 [Test worker] DEBUG com.tngtech.archunit.core.importer.JavaClassProcessor - Processing class 'org/springframework/core/env/EnvironmentCapable'
15:51:27.210 [Test worker] DEBUG com.tngtech.archunit.core.importer.JavaClassProcessor - Processing class 'javax/mail/event/ConnectionListener'
15:51:27.211 [Test worker] DEBUG com.tngtech.archunit.core.importer.JavaClassProcessor - Processing class 'org/springframework/boot/web/servlet/DynamicRegistrationBean'
15:51:27.213 [Test worker] DEBUG com.tngtech.archunit.core.importer.JavaClassProcessor - Processing class 'org/thymeleaf/dialect/IDialect'
15:51:27.213 [Test worker] DEBUG com.tngtech.archunit.core.importer.JavaClassProcessor - Processing class 'java/net/spi/URLStreamHandlerProvider'
15:51:27.215 [Test worker] DEBUG com.tngtech.archunit.core.importer.JavaClassProcessor - Processing class 'org/springframework/util/MultiValueMap'
15:51:27.216 [Test worker] DEBUG com.tngtech.archunit.core.importer.JavaClassProcessor - Processing class 'org/springframework/context/ApplicationEvent'
15:51:27.217 [Test worker] DEBUG com.tngtech.archunit.core.importer.JavaClassProcessor - Processing class 'javax/servlet/FilterRegistration$Dynamic'
15:51:27.218 [Test worker] DEBUG com.tngtech.archunit.core.importer.JavaClassProcessor - Processing class 'org/springframework/web/context/ServletContextAware'
15:51:27.220 [Test worker] DEBUG com.tngtech.archunit.core.importer.JavaClassProcessor - Processing class 'org/thymeleaf/ITemplateEngine'
15:51:27.221 [Test worker] DEBUG com.tngtech.archunit.core.importer.JavaClassProcessor - Processing class 'org/springframework/core/type/filter/TypeFilter'
15:51:27.222 [Test worker] DEBUG com.tngtech.archunit.core.importer.JavaClassProcessor - Processing class 'java/lang/AutoCloseable'
15:51:27.222 [Test worker] DEBUG com.tngtech.archunit.core.importer.JavaClassProcessor - Processing class 'java/lang/Runnable'
15:51:27.223 [Test worker] DEBUG com.tngtech.archunit.core.importer.JavaClassProcessor - Processing class 'java/util/AbstractCollection'
15:51:27.225 [Test worker] DEBUG com.tngtech.archunit.core.importer.JavaClassProcessor - Processing class 'java/util/Locale'
15:51:27.228 [Test worker] DEBUG com.tngtech.archunit.core.importer.JavaClassProcessor - Processing class 'org/springframework/context/ConfigurableApplicationContext'
15:51:27.229 [Test worker] DEBUG com.tngtech.archunit.core.importer.JavaClassProcessor - Processing class 'javax/security/auth/Destroyable'
15:51:27.230 [Test worker] DEBUG com.tngtech.archunit.core.importer.JavaClassProcessor - Processing class 'org/springframework/http/MediaType'
15:51:27.232 [Test worker] DEBUG com.tngtech.archunit.core.importer.JavaClassProcessor - Processing class 'java/util/Locale$LanguageRange'
15:51:27.234 [Test worker] DEBUG com.tngtech.archunit.core.importer.JavaClassProcessor - Processing class 'org/springframework/aop/support/AbstractPointcutAdvisor'
15:51:27.235 [Test worker] DEBUG com.tngtech.archunit.core.importer.JavaClassProcessor - Processing class 'java/security/Key'
15:51:27.236 [Test worker] DEBUG com.tngtech.archunit.core.importer.JavaClassProcessor - Processing class 'java/lang/constant/DynamicConstantDesc'
15:51:27.237 [Test worker] DEBUG com.tngtech.archunit.core.importer.JavaClassProcessor - Processing class 'java/net/URLStreamHandler'
15:51:27.238 [Test worker] DEBUG com.tngtech.archunit.core.importer.JavaClassProcessor - Processing class 'org/springframework/http/client/support/HttpAccessor'
15:51:27.240 [Test worker] DEBUG com.tngtech.archunit.core.importer.JavaClassProcessor - Processing class 'org/springframework/context/annotation/AnnotationScopeMetadataResolver'
15:51:27.241 [Test worker] DEBUG com.tngtech.archunit.core.importer.JavaClassProcessor - Processing class 'org/springframework/beans/factory/BeanClassLoaderAware'
15:51:27.242 [Test worker] DEBUG com.tngtech.archunit.core.importer.JavaClassProcessor - Processing class 'org/aspectj/lang/reflect/MemberSignature'
15:51:27.243 [Test worker] DEBUG com.tngtech.archunit.core.importer.JavaClassProcessor - Processing class 'org/thymeleaf/DialectConfiguration'
15:51:27.245 [Test worker] DEBUG com.tngtech.archunit.core.importer.JavaClassProcessor - Processing class 'org/springframework/context/annotation/AspectJAutoProxyRegistrar'
15:51:27.246 [Test worker] DEBUG com.tngtech.archunit.core.importer.JavaClassProcessor - Processing class 'org/springframework/beans/factory/Aware'
15:51:27.247 [Test worker] DEBUG com.tngtech.archunit.core.importer.JavaClassProcessor - Processing class 'org/springframework/data/repository/CrudRepository'
15:51:27.251 [Test worker] DEBUG com.tngtech.archunit.core.importer.JavaClassProcessor - Processing class 'org/springframework/beans/factory/InitializingBean'
15:51:27.251 [Test worker] DEBUG com.tngtech.archunit.core.importer.JavaClassProcessor - Processing class 'java/lang/Iterable'
15:51:27.252 [Test worker] DEBUG com.tngtech.archunit.core.importer.JavaClassProcessor - Processing class 'java/nio/charset/Charset'
15:51:27.254 [Test worker] DEBUG com.tngtech.archunit.core.importer.JavaClassProcessor - Processing class 'org/springframework/context/annotation/ComponentScans'
15:51:27.258 [Test worker] DEBUG com.tngtech.archunit.core.importer.JavaClassProcessor - Processing class 'org/springframework/boot/web/servlet/ServletRegistrationBean'
15:51:27.260 [Test worker] DEBUG com.tngtech.archunit.core.importer.JavaClassProcessor - Processing class 'org/springframework/retry/RetryListener'
15:51:27.261 [Test worker] DEBUG com.tngtech.archunit.core.importer.JavaClassProcessor - Processing class 'org/thymeleaf/templateresolver/ITemplateResolver'
15:51:27.263 [Test worker] DEBUG com.tngtech.archunit.core.importer.JavaClassProcessor - Processing class 'org/springframework/beans/factory/BeanNameAware'
15:51:27.264 [Test worker] DEBUG com.tngtech.archunit.core.importer.JavaClassProcessor - Processing class 'java/time/chrono/ChronoLocalDate'
15:51:27.265 [Test worker] DEBUG com.tngtech.archunit.core.importer.JavaClassProcessor - Processing class 'java/lang/reflect/AccessibleObject'
15:51:27.267 [Test worker] DEBUG com.tngtech.archunit.core.importer.JavaClassProcessor - Processing class 'org/springframework/context/annotation/ScopedProxyMode'
15:51:27.268 [Test worker] DEBUG com.tngtech.archunit.core.importer.JavaClassProcessor - Processing class 'org/springframework/http/HttpRange'
15:51:27.270 [Test worker] DEBUG com.tngtech.archunit.core.importer.JavaClassProcessor - Processing class 'org/springframework/beans/factory/SmartInitializingSingleton'
15:51:27.271 [Test worker] DEBUG com.tngtech.archunit.core.importer.JavaClassProcessor - Processing class 'org/springframework/context/EnvironmentAware'
15:51:27.272 [Test worker] DEBUG com.tngtech.archunit.core.importer.JavaClassProcessor - Processing class 'org/springframework/context/annotation/ScopeMetadataResolver'
15:51:27.273 [Test worker] DEBUG com.tngtech.archunit.core.importer.JavaClassProcessor - Processing class 'javax/servlet/DispatcherType'
15:51:27.275 [Test worker] DEBUG com.tngtech.archunit.core.importer.JavaClassProcessor - Processing class 'org/springframework/core/env/AbstractEnvironment'
15:51:27.278 [Test worker] DEBUG com.tngtech.archunit.core.importer.JavaClassProcessor - Processing class 'org/springframework/boot/autoconfigure/AutoConfigurationImportListener'
15:51:27.278 [Test worker] DEBUG com.tngtech.archunit.core.importer.JavaClassProcessor - Processing class 'java/nio/charset/spi/CharsetProvider'
15:51:27.280 [Test worker] DEBUG com.tngtech.archunit.core.importer.JavaClassProcessor - Processing class 'org/springframework/data/repository/query/FluentQuery'
15:51:27.281 [Test worker] DEBUG com.tngtech.archunit.core.importer.JavaClassProcessor - Processing class 'org/springframework/http/HttpRequest'
15:51:27.283 [Test worker] DEBUG com.tngtech.archunit.core.importer.JavaClassProcessor - Processing class 'org/springframework/boot/web/servlet/RegistrationBean'
15:51:27.284 [Test worker] DEBUG com.tngtech.archunit.core.importer.JavaClassProcessor - Processing class 'javax/servlet/Registration$Dynamic'
15:51:27.285 [Test worker] DEBUG com.tngtech.archunit.core.importer.JavaClassProcessor - Processing class 'java/util/EventObject'
15:51:27.286 [Test worker] DEBUG com.tngtech.archunit.core.importer.JavaClassProcessor - Processing class 'org/springframework/util/MimeType'
15:51:27.288 [Test worker] DEBUG com.tngtech.archunit.core.importer.JavaClassProcessor - Processing class 'java/lang/Character'
15:51:27.291 [Test worker] DEBUG com.tngtech.archunit.core.importer.JavaClassProcessor - Processing class 'org/springframework/data/repository/Repository'
15:51:27.292 [Test worker] DEBUG com.tngtech.archunit.core.importer.JavaClassProcessor - Processing class 'org/springframework/boot/autoconfigure/AutoConfigurationPackages$Registrar'
15:51:27.294 [Test worker] DEBUG com.tngtech.archunit.core.importer.JavaClassProcessor - Processing class 'javax/servlet/ServletRegistration$Dynamic'
15:51:27.294 [Test worker] DEBUG com.tngtech.archunit.core.importer.JavaClassProcessor - Processing class 'java/lang/ThreadLocal'
15:51:27.296 [Test worker] DEBUG com.tngtech.archunit.core.importer.JavaClassProcessor - Processing class 'javax/servlet/Servlet'
15:51:27.297 [Test worker] DEBUG com.tngtech.archunit.core.importer.JavaClassProcessor - Processing class 'org/aspectj/lang/Signature'
15:51:27.298 [Test worker] DEBUG com.tngtech.archunit.core.importer.JavaClassProcessor - Processing class 'javax/servlet/FilterRegistration'
15:51:27.299 [Test worker] DEBUG com.tngtech.archunit.core.importer.JavaClassProcessor - Processing class 'java/net/URLStreamHandlerFactory'
15:51:27.300 [Test worker] DEBUG com.tngtech.archunit.core.importer.JavaClassProcessor - Processing class 'sun/util/locale/LocaleExtensions'
15:51:27.301 [Test worker] DEBUG com.tngtech.archunit.core.importer.JavaClassProcessor - Processing class 'org/springframework/core/Ordered'
15:51:27.302 [Test worker] DEBUG com.tngtech.archunit.core.importer.JavaClassProcessor - Processing class 'org/springframework/aop/PointcutAdvisor'
15:51:27.304 [Test worker] DEBUG com.tngtech.archunit.core.importer.JavaClassProcessor - Processing class 'org/springframework/context/annotation/DeferredImportSelector'
15:51:27.305 [Test worker] DEBUG com.tngtech.archunit.core.importer.JavaClassProcessor - Processing class 'org/springframework/core/ResolvableTypeProvider'
15:51:27.306 [Test worker] DEBUG com.tngtech.archunit.core.importer.JavaClassProcessor - Processing class 'org/springframework/core/io/support/ResourceRegion'
15:51:27.308 [Test worker] DEBUG com.tngtech.archunit.core.importer.JavaClassProcessor - Processing class 'org/springframework/aop/IntroductionInfo'
15:51:27.309 [Test worker] DEBUG com.tngtech.archunit.core.importer.JavaClassProcessor - Processing class 'org/springframework/boot/autoconfigure/AutoConfigurationImportFilter'
15:51:27.310 [Test worker] DEBUG com.tngtech.archunit.core.importer.JavaClassProcessor - Processing class 'org/springframework/core/env/ConfigurableEnvironment'
15:51:27.311 [Test worker] DEBUG com.tngtech.archunit.core.importer.JavaClassProcessor - Processing class 'org/springframework/context/annotation/ImportBeanDefinitionRegistrar'
15:51:27.313 [Test worker] DEBUG com.tngtech.archunit.core.importer.JavaClassProcessor - Processing class 'org/springframework/http/client/ClientHttpRequestInitializer'
15:51:27.314 [Test worker] DEBUG com.tngtech.archunit.core.importer.JavaClassProcessor - Processing class 'org/springframework/aop/Advisor'
15:51:27.315 [Test worker] DEBUG com.tngtech.archunit.core.importer.JavaClassProcessor - Processing class 'org/springframework/context/ResourceLoaderAware'
15:51:27.316 [Test worker] DEBUG com.tngtech.archunit.core.importer.JavaClassProcessor - Processing class 'org/springframework/context/ApplicationContext'
15:51:27.317 [Test worker] DEBUG com.tngtech.archunit.core.importer.JavaClassProcessor - Processing class 'org/springframework/context/Lifecycle'
15:51:27.318 [Test worker] DEBUG com.tngtech.archunit.core.importer.JavaClassProcessor - Processing class 'sun/util/locale/BaseLocale'
15:51:27.319 [Test worker] DEBUG com.tngtech.archunit.core.importer.JavaClassProcessor - Processing class 'org/springframework/context/annotation/DeferredImportSelector$Group'
15:51:27.320 [Test worker] DEBUG com.tngtech.archunit.core.importer.JavaClassProcessor - Processing class 'java/io/Closeable'
15:51:27.321 [Test worker] DEBUG com.tngtech.archunit.core.importer.JavaClassProcessor - Processing class 'org/springframework/http/HttpOutputMessage'
15:51:27.322 [Test worker] DEBUG com.tngtech.archunit.core.importer.JavaClassProcessor - Processing class 'sun/util/locale/Extension'
15:51:27.323 [Test worker] DEBUG com.tngtech.archunit.core.importer.JavaClassProcessor - Processing class 'org/springframework/beans/factory/HierarchicalBeanFactory'
15:51:27.324 [Test worker] DEBUG com.tngtech.archunit.core.importer.JavaClassProcessor - Processing class 'javax/servlet/ServletRegistration'
15:51:27.325 [Test worker] DEBUG com.tngtech.archunit.core.importer.JavaClassProcessor - Processing class 'org/springframework/core/env/ConfigurablePropertyResolver'
15:51:27.327 [Test worker] DEBUG com.tngtech.archunit.core.importer.JavaClassProcessor - Processing class 'org/springframework/context/annotation/DeferredImportSelector$Group$Entry'
15:51:27.328 [Test worker] DEBUG com.tngtech.archunit.core.importer.JavaClassProcessor - Processing class 'org/springframework/context/ApplicationEventPublisher'
15:51:27.330 [Test worker] DEBUG com.tngtech.archunit.core.importer.JavaClassProcessor - Processing class 'org/springframework/http/HttpMessage'
15:51:27.331 [Test worker] DEBUG com.tngtech.archunit.core.importer.JavaClassProcessor - Processing class 'org/springframework/context/annotation/ImportSelector'
15:51:27.333 [Test worker] DEBUG com.tngtech.archunit.core.importer.JavaClassProcessor - Processing class 'org/springframework/boot/web/servlet/ServletContextInitializer'
15:51:27.334 [Test worker] DEBUG com.tngtech.archunit.core.importer.JavaClassProcessor - Processing class 'org/springframework/context/MessageSource'
15:51:27.335 [Test worker] DEBUG com.tngtech.archunit.core.importer.JavaClassProcessor - Processing class 'javax/servlet/Registration'
15:51:27.336 [Test worker] DEBUG com.tngtech.archunit.core.importer.JavaClassProcessor - Processing class 'org/springframework/boot/autoconfigure/AutoConfigurationPackages'
15:51:27.337 [Test worker] DEBUG com.tngtech.archunit.core.importer.JavaClassProcessor - Processing class 'org/springframework/boot/context/annotation/DeterminableImports'
15:51:27.338 [Test worker] DEBUG com.tngtech.archunit.core.importer.JavaClassProcessor - Processing class 'sun/util/locale/InternalLocaleBuilder$CaseInsensitiveString'
15:51:27.339 [Test worker] DEBUG com.tngtech.archunit.core.importer.JavaClassProcessor - Processing class 'org/springframework/core/io/support/ResourcePatternResolver'
15:51:27.340 [Test worker] DEBUG com.tngtech.archunit.core.importer.JavaClassProcessor - Processing class 'sun/util/locale/InternalLocaleBuilder$CaseInsensitiveChar'
15:51:27.341 [Test worker] DEBUG com.tngtech.archunit.core.importer.JavaClassProcessor - Processing class 'org/springframework/beans/factory/ListableBeanFactory'
15:51:27.342 [Test worker] DEBUG com.tngtech.archunit.core.importer.JavaClassProcessor - Processing class 'org/springframework/core/io/ResourceLoader'
15:51:27.344 [Test worker] DEBUG com.tngtech.archunit.core.importer.JavaClassProcessor - Processing class 'org/springframework/beans/factory/BeanFactory'
15:51:27.345 [Test worker] DEBUG com.tngtech.archunit.core.importer.JavaClassProcessor - Processing class 'sun/util/locale/InternalLocaleBuilder'
15:51:27.348 [Test worker] DEBUG com.tngtech.archunit.core.importer.JavaClassProcessor - Processing class 'com/auth0/jwt/impl/JWTParser'
15:51:27.350 [Test worker] DEBUG com.tngtech.archunit.core.importer.JavaClassProcessor - Processing class 'com/auth0/jwt/exceptions/JWTDecodeException'
15:51:27.352 [Test worker] DEBUG com.tngtech.archunit.core.importer.JavaClassProcessor - Processing class 'com/auth0/jwt/JWTCreator$Builder'
15:51:27.354 [Test worker] DEBUG com.tngtech.archunit.core.importer.JavaClassProcessor - Processing class 'com/auth0/jwt/interfaces/Verification'
15:51:27.355 [Test worker] DEBUG com.tngtech.archunit.core.importer.JavaClassProcessor - Processing class 'com/auth0/jwt/algorithms/Algorithm'
15:51:27.356 [Test worker] DEBUG com.tngtech.archunit.core.importer.JavaClassProcessor - Processing class 'java/time/Instant'
15:51:27.418 [Test worker] DEBUG com.tngtech.archunit.core.importer.JavaClassProcessor - Processing class 'io/jsonwebtoken/CompressionCodec'
15:51:27.419 [Test worker] DEBUG com.tngtech.archunit.core.importer.JavaClassProcessor - Processing class 'io/jsonwebtoken/Claims'
15:51:27.422 [Test worker] DEBUG com.tngtech.archunit.core.importer.JavaClassProcessor - Processing class 'io/jsonwebtoken/Header'
15:51:27.423 [Test worker] DEBUG com.tngtech.archunit.core.importer.JavaClassProcessor - Processing class 'io/jsonwebtoken/JwsHeader'
15:51:27.425 [Test worker] DEBUG com.tngtech.archunit.core.importer.JavaClassProcessor - Processing class 'io/jsonwebtoken/JwtParser'
15:51:27.428 [Test worker] DEBUG com.tngtech.archunit.core.importer.JavaClassProcessor - Processing class 'io/jsonwebtoken/SignatureException'
15:51:27.429 [Test worker] DEBUG com.tngtech.archunit.core.importer.JavaClassProcessor - Processing class 'io/jsonwebtoken/impl/crypto/SignatureValidator'
15:51:27.444 [Test worker] DEBUG com.tngtech.archunit.core.importer.JavaClassProcessor - Processing class 'io/jsonwebtoken/impl/crypto/SignatureValidatorFactory'
15:51:27.449 [Test worker] DEBUG com.tngtech.archunit.core.importer.JavaClassProcessor - Processing class 'java/io/ObjectStreamField'
15:51:27.450 [Test worker] DEBUG com.tngtech.archunit.core.importer.JavaClassProcessor - Processing class 'java/lang/reflect/Constructor'
15:51:27.452 [Test worker] DEBUG com.tngtech.archunit.core.importer.JavaClassProcessor - Processing class 'java/lang/Module'
15:51:27.454 [Test worker] DEBUG com.tngtech.archunit.core.importer.JavaClassProcessor - Processing class 'jdk/internal/reflect/ReflectionFactory'
15:51:27.456 [Test worker] DEBUG com.tngtech.archunit.core.importer.JavaClassProcessor - Processing class 'sun/reflect/generics/repository/ClassRepository'
15:51:27.457 [Test worker] DEBUG com.tngtech.archunit.core.importer.JavaClassProcessor - Processing class 'java/lang/Class$AnnotationData'
15:51:27.457 [Test worker] DEBUG com.tngtech.archunit.core.importer.JavaClassProcessor - Processing class 'sun/reflect/annotation/AnnotationType'
15:51:27.458 [Test worker] DEBUG com.tngtech.archunit.core.importer.JavaClassProcessor - Processing class 'java/lang/ClassValue$ClassValueMap'
15:51:27.459 [Test worker] DEBUG com.tngtech.archunit.core.importer.JavaClassProcessor - Processing class 'java/lang/ref/SoftReference'
15:51:27.460 [Test worker] DEBUG com.tngtech.archunit.core.importer.JavaClassProcessor - Processing class 'java/security/ProtectionDomain'
15:51:27.461 [Test worker] DEBUG com.tngtech.archunit.core.importer.JavaClassProcessor - Processing class 'java/lang/ClassLoader'
15:51:27.464 [Test worker] DEBUG com.tngtech.archunit.core.importer.JavaClassProcessor - Processing class 'java/io/InputStream'
15:51:27.465 [Test worker] DEBUG com.tngtech.archunit.core.importer.JavaClassProcessor - Processing class 'jdk/internal/loader/BuiltinClassLoader'
15:51:27.467 [Test worker] DEBUG com.tngtech.archunit.core.importer.JavaClassProcessor - Processing class 'java/lang/SecurityManager'
15:51:27.473 [Test worker] DEBUG com.tngtech.archunit.core.importer.JavaClassProcessor - Processing class 'java/lang/Class$EnclosingMethodInfo'
15:51:27.474 [Test worker] DEBUG com.tngtech.archunit.core.importer.JavaClassProcessor - Processing class 'jdk/internal/reflect/ConstantPool'
15:51:27.476 [Test worker] DEBUG com.tngtech.archunit.core.importer.JavaClassProcessor - Processing class 'java/lang/NoSuchMethodException'
15:51:27.476 [Test worker] DEBUG com.tngtech.archunit.core.importer.JavaClassProcessor - Processing class 'java/lang/SecurityException'
15:51:27.479 [Test worker] DEBUG com.tngtech.archunit.core.importer.JavaClassProcessor - Processing class 'java/lang/NoSuchFieldException'
15:51:27.480 [Test worker] DEBUG com.tngtech.archunit.core.importer.JavaClassProcessor - Processing class 'java/lang/reflect/AnnotatedType'
15:51:27.481 [Test worker] DEBUG com.tngtech.archunit.core.importer.JavaClassProcessor - Processing class 'sun/reflect/generics/factory/GenericsFactory'
15:51:27.484 [Test worker] DEBUG com.tngtech.archunit.core.importer.JavaClassProcessor - Processing class 'java/lang/reflect/GenericArrayType'
15:51:27.486 [Test worker] DEBUG com.tngtech.archunit.core.importer.JavaClassProcessor - Processing class 'java/lang/InstantiationException'
15:51:27.487 [Test worker] DEBUG com.tngtech.archunit.core.importer.JavaClassProcessor - Processing class 'java/lang/IllegalAccessException'
15:51:27.508 [Test worker] DEBUG com.tngtech.archunit.core.importer.JavaClassProcessor - Processing class 'java/lang/reflect/TypeVariable'
15:51:27.510 [Test worker] DEBUG com.tngtech.archunit.core.importer.JavaClassProcessor - Processing class 'java/lang/Package'
15:51:27.511 [Test worker] DEBUG com.tngtech.archunit.core.importer.JavaClassProcessor - Processing class 'java/lang/ClassNotFoundException'
15:51:27.515 [Test worker] DEBUG com.tngtech.archunit.core.importer.JavaClassProcessor - Processing class 'java/lang/reflect/RecordComponent'
15:51:27.517 [Test worker] DEBUG com.tngtech.archunit.core.importer.JavaClassProcessor - Processing class 'java/lang/PublicMethods$MethodList'
15:51:27.520 [Test worker] DEBUG com.tngtech.archunit.core.importer.JavaClassProcessor - Processing class 'java/lang/invoke/MethodHandles$Lookup'
15:51:27.523 [Test worker] DEBUG com.tngtech.archunit.core.importer.JavaClassProcessor - Processing class 'java/lang/NumberFormatException'
15:51:27.524 [Test worker] DEBUG com.tngtech.archunit.core.importer.JavaClassProcessor - Processing class 'java/lang/ReflectiveOperationException'
15:51:27.526 [Test worker] DEBUG com.tngtech.archunit.core.importer.JavaClassProcessor - Processing class 'java/io/ObjectStreamException'
15:51:27.527 [Test worker] DEBUG com.tngtech.archunit.core.importer.JavaClassProcessor - Processing class 'java/io/ObjectInputStream'
15:51:27.529 [Test worker] DEBUG com.tngtech.archunit.core.importer.JavaClassProcessor - Processing class 'java/lang/CloneNotSupportedException'
15:51:27.532 [Test worker] DEBUG com.tngtech.archunit.core.importer.JavaClassProcessor - Processing class 'java/util/Spliterator'
15:51:27.535 [Test worker] DEBUG com.tngtech.archunit.core.importer.JavaClassProcessor - Processing class 'java/math/BigInteger'
15:51:27.539 [Test worker] DEBUG com.tngtech.archunit.core.importer.JavaClassProcessor - Processing class 'java/lang/InterruptedException'
15:51:27.540 [Test worker] DEBUG com.tngtech.archunit.core.importer.JavaClassProcessor - Processing class 'java/nio/charset/CharsetDecoder'
15:51:27.541 [Test worker] DEBUG com.tngtech.archunit.core.importer.JavaClassProcessor - Processing class 'java/io/UnsupportedEncodingException'
15:51:27.541 [Test worker] DEBUG com.tngtech.archunit.core.importer.JavaClassProcessor - Processing class 'java/lang/Void'
15:51:27.542 [Test worker] DEBUG com.tngtech.archunit.core.importer.JavaClassProcessor - Processing class 'sun/nio/cs/ArrayDecoder'
15:51:27.542 [Test worker] DEBUG com.tngtech.archunit.core.importer.JavaClassProcessor - Processing class 'java/nio/charset/MalformedInputException'
15:51:27.542 [Test worker] DEBUG com.tngtech.archunit.core.importer.JavaClassProcessor - Processing class 'java/nio/charset/CharacterCodingException'
15:51:27.543 [Test worker] DEBUG com.tngtech.archunit.core.importer.JavaClassProcessor - Processing class 'sun/nio/cs/ArrayEncoder'
15:51:27.544 [Test worker] DEBUG com.tngtech.archunit.core.importer.JavaClassProcessor - Processing class 'java/util/function/Function'
15:51:27.544 [Test worker] DEBUG com.tngtech.archunit.core.importer.JavaClassProcessor - Processing class 'java/lang/AbstractStringBuilder'
15:51:27.546 [Test worker] DEBUG com.tngtech.archunit.core.importer.JavaClassProcessor - Processing class 'java/lang/StringBuffer'
15:51:27.548 [Test worker] DEBUG com.tngtech.archunit.core.importer.JavaClassProcessor - Processing class 'java/nio/charset/UnmappableCharacterException'
15:51:27.549 [Test worker] DEBUG com.tngtech.archunit.core.importer.JavaClassProcessor - Processing class 'java/lang/StringBuilder'
15:51:27.551 [Test worker] DEBUG com.tngtech.archunit.core.importer.JavaClassProcessor - Processing class 'java/io/PrintStream'
15:51:27.552 [Test worker] DEBUG com.tngtech.archunit.core.importer.JavaClassProcessor - Processing class 'java/lang/ModuleLayer'
15:51:27.553 [Test worker] DEBUG com.tngtech.archunit.core.importer.JavaClassProcessor - Processing class 'java/io/Console'
15:51:27.554 [Test worker] DEBUG com.tngtech.archunit.core.importer.JavaClassProcessor - Processing class 'java/nio/channels/Channel'
15:51:27.555 [Test worker] DEBUG com.tngtech.archunit.core.importer.JavaClassProcessor - Processing class 'java/lang/System$Logger'
15:51:27.556 [Test worker] DEBUG com.tngtech.archunit.core.importer.JavaClassProcessor - Processing class 'java/io/FileOutputStream'
15:51:27.557 [Test worker] DEBUG com.tngtech.archunit.core.importer.JavaClassProcessor - Processing class 'java/util/ResourceBundle'
15:51:27.559 [Test worker] DEBUG com.tngtech.archunit.core.importer.JavaClassProcessor - Processing class 'java/lang/invoke/StringConcatFactory'
15:51:27.562 [Test worker] DEBUG com.tngtech.archunit.core.importer.JavaClassProcessor - Processing class 'java/util/concurrent/atomic/AtomicInteger'
15:51:27.563 [Test worker] DEBUG com.tngtech.archunit.core.importer.JavaClassProcessor - Processing class 'java/lang/Thread'
15:51:27.565 [Test worker] DEBUG com.tngtech.archunit.core.importer.JavaClassProcessor - Processing class 'java/util/function/Supplier'
15:51:27.566 [Test worker] DEBUG com.tngtech.archunit.core.importer.JavaClassProcessor - Processing class 'java/lang/ThreadLocal$ThreadLocalMap'
15:51:27.567 [Test worker] DEBUG com.tngtech.archunit.core.importer.JavaClassProcessor - Processing class 'jdk/internal/misc/TerminatingThreadLocal'
15:51:27.569 [Test worker] DEBUG com.tngtech.archunit.core.importer.JavaClassProcessor - Processing class 'java/lang/StackTraceElement'
15:51:27.570 [Test worker] DEBUG com.tngtech.archunit.core.importer.JavaClassProcessor - Processing class 'java/io/ObjectOutputStream'
15:51:27.572 [Test worker] DEBUG com.tngtech.archunit.core.importer.JavaClassProcessor - Processing class 'java/io/PrintWriter'
15:51:27.575 [Test worker] DEBUG com.tngtech.archunit.core.importer.JavaClassProcessor - Processing class 'java/lang/Throwable$PrintStreamOrWriter'
15:51:27.579 [Test worker] DEBUG com.tngtech.archunit.core.importer.JavaClassProcessor - Processing class 'java/lang/constant/DirectMethodHandleDesc'
15:51:27.581 [Test worker] DEBUG com.tngtech.archunit.core.importer.JavaClassProcessor - Processing class 'java/lang/ref/WeakReference'
15:51:27.583 [Test worker] DEBUG com.tngtech.archunit.core.importer.JavaClassProcessor - Processing class 'java/lang/reflect/AccessibleObject$Cache'
15:51:27.584 [Test worker] DEBUG com.tngtech.archunit.core.importer.JavaClassProcessor - Processing class 'java/lang/invoke/MethodHandle'
15:51:27.588 [Test worker] DEBUG com.tngtech.archunit.core.importer.JavaClassProcessor - Processing class 'java/lang/reflect/Parameter'
15:51:27.591 [Test worker] DEBUG com.tngtech.archunit.core.importer.JavaClassProcessor - Processing class 'sun/reflect/generics/repository/ConstructorRepository'
15:51:27.592 [Test worker] DEBUG com.tngtech.archunit.core.importer.JavaClassProcessor - Processing class 'sun/reflect/generics/repository/FieldRepository'
15:51:27.593 [Test worker] DEBUG com.tngtech.archunit.core.importer.JavaClassProcessor - Processing class 'jdk/internal/reflect/FieldAccessor'
15:51:27.597 [Test worker] DEBUG com.tngtech.archunit.core.importer.JavaClassProcessor - Processing class 'sun/reflect/generics/repository/MethodRepository'
15:51:27.597 [Test worker] DEBUG com.tngtech.archunit.core.importer.JavaClassProcessor - Processing class 'jdk/internal/reflect/MethodAccessor'
15:51:27.598 [Test worker] DEBUG com.tngtech.archunit.core.importer.JavaClassProcessor - Processing class 'sun/reflect/annotation/ExceptionProxy'
15:51:27.598 [Test worker] DEBUG com.tngtech.archunit.core.importer.JavaClassProcessor - Processing class 'sun/reflect/annotation/TypeNotPresentExceptionProxy'
15:51:27.599 [Test worker] DEBUG com.tngtech.archunit.core.importer.JavaClassProcessor - Processing class 'java/lang/reflect/InvocationTargetException'
15:51:27.600 [Test worker] DEBUG com.tngtech.archunit.core.importer.JavaClassProcessor - Processing class 'java/net/UrlDeserializedState'
15:51:27.600 [Test worker] DEBUG com.tngtech.archunit.core.importer.JavaClassProcessor - Processing class 'java/net/InetAddress'
15:51:27.602 [Test worker] DEBUG com.tngtech.archunit.core.importer.JavaClassProcessor - Processing class 'java/net/URLConnection'
15:51:27.603 [Test worker] DEBUG com.tngtech.archunit.core.importer.JavaClassProcessor - Processing class 'java/net/Proxy'
15:51:27.603 [Test worker] DEBUG com.tngtech.archunit.core.importer.JavaClassProcessor - Processing class 'java/io/InvalidObjectException'
15:51:27.603 [Test worker] DEBUG com.tngtech.archunit.core.importer.JavaClassProcessor - Processing class 'java/net/URI'
15:51:27.605 [Test worker] DEBUG com.tngtech.archunit.core.importer.JavaClassProcessor - Processing class 'java/net/URISyntaxException'
15:51:27.605 [Test worker] DEBUG com.tngtech.archunit.core.importer.JavaClassProcessor - Processing class 'java/net/MalformedURLException'
15:51:27.606 [Test worker] DEBUG com.tngtech.archunit.core.importer.JavaClassProcessor - Processing class 'sun/net/www/protocol/jar/Handler'
15:51:27.608 [Test worker] DEBUG com.tngtech.archunit.core.importer.JavaClassProcessor - Processing class 'java/nio/ByteBuffer'
15:51:27.609 [Test worker] DEBUG com.tngtech.archunit.core.importer.JavaClassProcessor - Processing class 'java/nio/CharBuffer'
15:51:27.611 [Test worker] DEBUG com.tngtech.archunit.core.importer.JavaClassProcessor - Processing class 'java/util/SortedMap'
15:51:27.611 [Test worker] DEBUG com.tngtech.archunit.core.importer.JavaClassProcessor - Processing class 'java/nio/charset/CharsetEncoder'
15:51:27.613 [Test worker] DEBUG com.tngtech.archunit.core.importer.JavaClassProcessor - Processing class 'java/math/BigDecimal'
15:51:27.617 [Test worker] DEBUG com.tngtech.archunit.core.importer.JavaClassProcessor - Processing class 'java/io/DataInput'
15:51:27.618 [Test worker] DEBUG com.tngtech.archunit.core.importer.JavaClassProcessor - Processing class 'java/time/temporal/ChronoUnit'
15:51:27.620 [Test worker] DEBUG com.tngtech.archunit.core.importer.JavaClassProcessor - Processing class 'java/io/DataOutput'
15:51:27.621 [Test worker] DEBUG com.tngtech.archunit.core.importer.JavaClassProcessor - Processing class 'java/time/ZoneOffset'
15:51:27.622 [Test worker] DEBUG com.tngtech.archunit.core.importer.JavaClassProcessor - Processing class 'java/time/Period'
15:51:27.622 [Test worker] DEBUG com.tngtech.archunit.core.importer.JavaClassProcessor - Processing class 'java/time/chrono/IsoEra'
15:51:27.623 [Test worker] DEBUG com.tngtech.archunit.core.importer.JavaClassProcessor - Processing class 'java/time/DayOfWeek'
15:51:27.623 [Test worker] DEBUG com.tngtech.archunit.core.importer.JavaClassProcessor - Processing class 'java/time/temporal/TemporalField'
15:51:27.624 [Test worker] DEBUG com.tngtech.archunit.core.importer.JavaClassProcessor - Processing class 'java/time/temporal/ChronoField'
15:51:27.625 [Test worker] DEBUG com.tngtech.archunit.core.importer.JavaClassProcessor - Processing class 'java/time/format/DateTimeFormatter'
15:51:27.626 [Test worker] DEBUG com.tngtech.archunit.core.importer.JavaClassProcessor - Processing class 'java/time/temporal/ValueRange'
15:51:27.626 [Test worker] DEBUG com.tngtech.archunit.core.importer.JavaClassProcessor - Processing class 'java/time/Month'
15:51:27.628 [Test worker] DEBUG com.tngtech.archunit.core.importer.JavaClassProcessor - Processing class 'java/time/OffsetDateTime'
15:51:27.629 [Test worker] DEBUG com.tngtech.archunit.core.importer.JavaClassProcessor - Processing class 'java/time/OffsetTime'
15:51:27.647 [Test worker] DEBUG com.tngtech.archunit.core.importer.JavaClassProcessor - Processing class 'java/time/LocalTime'
15:51:27.648 [Test worker] DEBUG com.tngtech.archunit.core.importer.JavaClassProcessor - Processing class 'java/time/Clock'
15:51:27.649 [Test worker] DEBUG com.tngtech.archunit.core.importer.JavaClassProcessor - Processing class 'java/time/temporal/TemporalQuery'
15:51:27.650 [Test worker] DEBUG com.tngtech.archunit.core.importer.JavaClassProcessor - Processing class 'java/time/chrono/Era'
15:51:27.650 [Test worker] DEBUG com.tngtech.archunit.core.importer.JavaClassProcessor - Processing class 'java/time/chrono/Chronology'
15:51:27.651 [Test worker] DEBUG com.tngtech.archunit.core.importer.JavaClassProcessor - Processing class 'java/time/chrono/IsoChronology'
15:51:27.652 [Test worker] DEBUG com.tngtech.archunit.core.importer.JavaClassProcessor - Processing class 'java/time/chrono/ChronoPeriod'
15:51:27.654 [Test worker] DEBUG com.tngtech.archunit.core.importer.JavaClassProcessor - Processing class 'java/time/format/TextStyle'
15:51:27.655 [Test worker] DEBUG com.tngtech.archunit.core.importer.JavaClassProcessor - Processing class 'java/time/zone/ZoneRules'
15:51:27.656 [Test worker] DEBUG com.tngtech.archunit.core.importer.JavaClassProcessor - Processing class 'java/time/ZoneRegion'
15:51:27.658 [Test worker] DEBUG com.tngtech.archunit.core.importer.JavaClassProcessor - Processing class 'java/io/ObjectInput'
15:51:27.659 [Test worker] DEBUG com.tngtech.archunit.core.importer.JavaClassProcessor - Processing class 'java/lang/invoke/SerializedLambda'
15:51:27.662 [Test worker] DEBUG com.tngtech.archunit.core.importer.JavaClassProcessor - Processing class 'java/util/ListIterator'
15:51:27.664 [Test worker] DEBUG com.tngtech.archunit.core.importer.JavaClassProcessor - Processing class 'java/util/function/Predicate'
15:51:27.665 [Test worker] DEBUG com.tngtech.archunit.core.importer.JavaClassProcessor - Processing class 'java/util/function/UnaryOperator'
15:51:27.669 [Test worker] DEBUG com.tngtech.archunit.core.importer.JavaClassProcessor - Processing class 'java/util/function/IntBinaryOperator'
15:51:27.669 [Test worker] DEBUG com.tngtech.archunit.core.importer.JavaClassProcessor - Processing class 'java/util/Spliterator$OfDouble'
15:51:27.670 [Test worker] DEBUG com.tngtech.archunit.core.importer.JavaClassProcessor - Processing class 'java/util/function/IntFunction'
15:51:27.672 [Test worker] DEBUG com.tngtech.archunit.core.importer.JavaClassProcessor - Processing class 'java/util/function/IntToLongFunction'
15:51:27.672 [Test worker] DEBUG com.tngtech.archunit.core.importer.JavaClassProcessor - Processing class 'java/util/function/IntToDoubleFunction'
15:51:27.673 [Test worker] DEBUG com.tngtech.archunit.core.importer.JavaClassProcessor - Processing class 'java/util/function/IntUnaryOperator'
15:51:27.674 [Test worker] DEBUG com.tngtech.archunit.core.importer.JavaClassProcessor - Processing class 'java/util/Spliterator$OfInt'
15:51:27.675 [Test worker] DEBUG com.tngtech.archunit.core.importer.JavaClassProcessor - Processing class 'java/util/function/LongBinaryOperator'
15:51:27.676 [Test worker] DEBUG com.tngtech.archunit.core.importer.JavaClassProcessor - Processing class 'java/util/function/BinaryOperator'
15:51:27.678 [Test worker] DEBUG com.tngtech.archunit.core.importer.JavaClassProcessor - Processing class 'java/util/Spliterator$OfLong'
15:51:27.680 [Test worker] DEBUG com.tngtech.archunit.core.importer.JavaClassProcessor - Processing class 'java/util/function/DoubleBinaryOperator'
15:51:27.686 [Test worker] DEBUG com.tngtech.archunit.core.importer.JavaClassProcessor - Processing class 'java/util/function/ToLongFunction'
15:51:27.687 [Test worker] DEBUG com.tngtech.archunit.core.importer.JavaClassProcessor - Processing class 'java/util/function/ToIntFunction'
15:51:27.688 [Test worker] DEBUG com.tngtech.archunit.core.importer.JavaClassProcessor - Processing class 'java/util/function/ToDoubleFunction'
15:51:27.690 [Test worker] DEBUG com.tngtech.archunit.core.importer.JavaClassProcessor - Processing class 'sun/util/calendar/BaseCalendar$Date'
15:51:27.690 [Test worker] DEBUG com.tngtech.archunit.core.importer.JavaClassProcessor - Processing class 'sun/util/calendar/BaseCalendar'
15:51:27.692 [Test worker] DEBUG com.tngtech.archunit.core.importer.JavaClassProcessor - Processing class 'sun/util/calendar/ZoneInfo'
15:51:27.693 [Test worker] DEBUG com.tngtech.archunit.core.importer.JavaClassProcessor - Processing class 'java/util/Enumeration'
15:51:27.696 [Test worker] DEBUG com.tngtech.archunit.core.importer.JavaClassProcessor - Processing class 'java/util/Hashtable$Entry'
15:51:27.698 [Test worker] DEBUG com.tngtech.archunit.core.importer.JavaClassProcessor - Processing class 'java/util/function/BiFunction'
15:51:27.700 [Test worker] DEBUG com.tngtech.archunit.core.importer.JavaClassProcessor - Processing class 'java/util/function/BiConsumer'
15:51:27.701 [Test worker] DEBUG com.tngtech.archunit.core.importer.JavaClassProcessor - Processing class 'java/io/StreamCorruptedException'
15:51:27.704 [Test worker] DEBUG com.tngtech.archunit.core.importer.JavaClassProcessor - Processing class 'java/util/spi/LocaleNameProvider'
15:51:27.705 [Test worker] DEBUG com.tngtech.archunit.core.importer.JavaClassProcessor - Processing class 'java/util/MissingResourceException'
15:51:27.706 [Test worker] DEBUG com.tngtech.archunit.core.importer.JavaClassProcessor - Processing class 'java/util/Locale$IsoCountryCode'
15:51:27.707 [Test worker] DEBUG com.tngtech.archunit.core.importer.JavaClassProcessor - Processing class 'java/util/Locale$Category'
15:51:27.708 [Test worker] DEBUG com.tngtech.archunit.core.importer.JavaClassProcessor - Processing class 'java/util/Locale$FilteringMode'
15:51:27.709 [Test worker] DEBUG com.tngtech.archunit.core.importer.JavaClassProcessor - Processing class 'sun/util/locale/provider/LocaleResources'
15:51:27.713 [Test worker] DEBUG com.tngtech.archunit.core.importer.JavaClassProcessor - Processing class 'java/util/ImmutableCollections$AbstractImmutableMap'
15:51:27.714 [Test worker] DEBUG com.tngtech.archunit.core.importer.JavaClassProcessor - Processing class 'java/util/KeyValueHolder'
15:51:27.717 [Test worker] DEBUG com.tngtech.archunit.core.importer.JavaClassProcessor - Processing class 'jdk/internal/misc/Unsafe'
15:51:27.723 [Test worker] DEBUG com.tngtech.archunit.core.importer.JavaClassProcessor - Processing class 'java/io/Writer'
15:51:27.724 [Test worker] DEBUG com.tngtech.archunit.core.importer.JavaClassProcessor - Processing class 'java/io/BufferedWriter'
15:51:27.725 [Test worker] DEBUG com.tngtech.archunit.core.importer.JavaClassProcessor - Processing class 'java/io/OutputStream'
15:51:27.726 [Test worker] DEBUG com.tngtech.archunit.core.importer.JavaClassProcessor - Processing class 'java/io/Reader'
15:51:27.728 [Test worker] DEBUG com.tngtech.archunit.core.importer.JavaClassProcessor - Processing class 'java/util/Properties$LineReader'
15:51:27.729 [Test worker] DEBUG com.tngtech.archunit.core.importer.JavaClassProcessor - Processing class 'java/util/InvalidPropertiesFormatException'
15:51:27.731 [Test worker] DEBUG com.tngtech.archunit.core.importer.JavaClassProcessor - Processing class 'java/util/ImmutableCollections$AbstractImmutableSet'
15:51:27.743 [Test worker] DEBUG com.tngtech.archunit.core.importer.JavaClassProcessor - Processing class 'jdk/internal/access/JavaLangAccess'
15:51:27.745 [Test worker] DEBUG com.tngtech.archunit.core.importer.JavaClassProcessor - Processing class 'java/util/concurrent/ConcurrentHashMap$Node'
15:51:27.747 [Test worker] DEBUG com.tngtech.archunit.core.importer.JavaClassProcessor - Processing class 'java/util/concurrent/ConcurrentHashMap$CounterCell'
15:51:27.749 [Test worker] DEBUG com.tngtech.archunit.core.importer.JavaClassProcessor - Processing class 'java/util/concurrent/ConcurrentHashMap$ValuesView'
15:51:27.750 [Test worker] DEBUG com.tngtech.archunit.core.importer.JavaClassProcessor - Processing class 'java/util/concurrent/ConcurrentHashMap$KeySetView'
15:51:27.752 [Test worker] DEBUG com.tngtech.archunit.core.importer.JavaClassProcessor - Processing class 'java/util/concurrent/ConcurrentHashMap$EntrySetView'
15:51:27.753 [Test worker] DEBUG com.tngtech.archunit.core.importer.JavaClassProcessor - Processing class 'java/util/function/ToLongBiFunction'
15:51:27.755 [Test worker] DEBUG com.tngtech.archunit.core.importer.JavaClassProcessor - Processing class 'java/util/concurrent/ConcurrentHashMap$TreeBin'
15:51:27.756 [Test worker] DEBUG com.tngtech.archunit.core.importer.JavaClassProcessor - Processing class 'java/util/concurrent/ConcurrentHashMap$ReservationNode'
15:51:27.758 [Test worker] DEBUG com.tngtech.archunit.core.importer.JavaClassProcessor - Processing class 'java/util/function/ToDoubleBiFunction'
15:51:27.760 [Test worker] DEBUG com.tngtech.archunit.core.importer.JavaClassProcessor - Processing class 'java/util/function/ToIntBiFunction'
15:51:27.761 [Test worker] DEBUG com.tngtech.archunit.core.importer.JavaClassProcessor - Processing class 'java/lang/reflect/ParameterizedType'
15:51:27.763 [Test worker] DEBUG com.tngtech.archunit.core.importer.JavaClassProcessor - Processing class 'java/util/concurrent/ConcurrentHashMap$ForwardingNode'
15:51:27.765 [Test worker] DEBUG com.tngtech.archunit.core.importer.JavaClassProcessor - Processing class 'java/util/concurrent/locks/LockSupport'
15:51:27.766 [Test worker] DEBUG com.tngtech.archunit.core.importer.JavaClassProcessor - Processing class 'java/util/concurrent/ConcurrentHashMap$Segment'
15:51:27.784 [Test worker] DEBUG com.tngtech.archunit.core.importer.JavaClassProcessor - Processing class 'java/util/stream/DoubleStream$DoubleMapMultiConsumer'
15:51:27.784 [Test worker] DEBUG com.tngtech.archunit.core.importer.JavaClassProcessor - Processing class 'java/util/function/DoubleUnaryOperator'
15:51:27.785 [Test worker] DEBUG com.tngtech.archunit.core.importer.JavaClassProcessor - Processing class 'java/util/OptionalDouble'
15:51:27.786 [Test worker] DEBUG com.tngtech.archunit.core.importer.JavaClassProcessor - Processing class 'java/util/function/DoubleToLongFunction'
15:51:27.787 [Test worker] DEBUG com.tngtech.archunit.core.importer.JavaClassProcessor - Processing class 'java/util/function/DoubleToIntFunction'
15:51:27.788 [Test worker] DEBUG com.tngtech.archunit.core.importer.JavaClassProcessor - Processing class 'java/util/function/DoublePredicate'
15:51:27.788 [Test worker] DEBUG com.tngtech.archunit.core.importer.JavaClassProcessor - Processing class 'java/util/function/DoubleFunction'
15:51:27.789 [Test worker] DEBUG com.tngtech.archunit.core.importer.JavaClassProcessor - Processing class 'java/util/function/DoubleSupplier'
15:51:27.790 [Test worker] DEBUG com.tngtech.archunit.core.importer.JavaClassProcessor - Processing class 'java/util/PrimitiveIterator$OfDouble'
15:51:27.791 [Test worker] DEBUG com.tngtech.archunit.core.importer.JavaClassProcessor - Processing class 'java/util/function/ObjDoubleConsumer'
15:51:27.793 [Test worker] DEBUG com.tngtech.archunit.core.importer.JavaClassProcessor - Processing class 'java/util/stream/DoubleStream$Builder'
15:51:27.811 [Test worker] DEBUG com.tngtech.archunit.core.importer.JavaClassProcessor - Processing class 'java/util/function/IntPredicate'
15:51:27.812 [Test worker] DEBUG com.tngtech.archunit.core.importer.JavaClassProcessor - Processing class 'java/util/OptionalInt'
15:51:27.813 [Test worker] DEBUG com.tngtech.archunit.core.importer.JavaClassProcessor - Processing class 'java/util/stream/IntStream$IntMapMultiConsumer'
15:51:27.814 [Test worker] DEBUG com.tngtech.archunit.core.importer.JavaClassProcessor - Processing class 'java/util/stream/IntStream$Builder'
15:51:27.816 [Test worker] DEBUG com.tngtech.archunit.core.importer.JavaClassProcessor - Processing class 'java/util/PrimitiveIterator$OfInt'
15:51:27.817 [Test worker] DEBUG com.tngtech.archunit.core.importer.JavaClassProcessor - Processing class 'java/util/function/ObjIntConsumer'
15:51:27.820 [Test worker] DEBUG com.tngtech.archunit.core.importer.JavaClassProcessor - Processing class 'java/util/function/IntSupplier'
15:51:27.821 [Test worker] DEBUG com.tngtech.archunit.core.importer.JavaClassProcessor - Processing class 'java/util/stream/LongStream$LongMapMultiConsumer'
15:51:27.822 [Test worker] DEBUG com.tngtech.archunit.core.importer.JavaClassProcessor - Processing class 'java/util/function/LongToIntFunction'
15:51:27.825 [Test worker] DEBUG com.tngtech.archunit.core.importer.JavaClassProcessor - Processing class 'java/util/function/LongPredicate'
15:51:27.826 [Test worker] DEBUG com.tngtech.archunit.core.importer.JavaClassProcessor - Processing class 'java/util/function/LongUnaryOperator'
15:51:27.827 [Test worker] DEBUG com.tngtech.archunit.core.importer.JavaClassProcessor - Processing class 'java/util/OptionalLong'
15:51:27.828 [Test worker] DEBUG com.tngtech.archunit.core.importer.JavaClassProcessor - Processing class 'java/util/function/LongSupplier'
15:51:27.829 [Test worker] DEBUG com.tngtech.archunit.core.importer.JavaClassProcessor - Processing class 'java/util/stream/LongStream$Builder'
15:51:27.829 [Test worker] DEBUG com.tngtech.archunit.core.importer.JavaClassProcessor - Processing class 'java/util/function/LongToDoubleFunction'
15:51:27.830 [Test worker] DEBUG com.tngtech.archunit.core.importer.JavaClassProcessor - Processing class 'java/util/function/LongFunction'
15:51:27.831 [Test worker] DEBUG com.tngtech.archunit.core.importer.JavaClassProcessor - Processing class 'java/util/function/ObjLongConsumer'
15:51:27.832 [Test worker] DEBUG com.tngtech.archunit.core.importer.JavaClassProcessor - Processing class 'java/util/PrimitiveIterator$OfLong'
15:51:27.833 [Test worker] DEBUG com.tngtech.archunit.core.importer.JavaClassProcessor - Processing class 'java/util/stream/Stream$Builder'
15:51:27.835 [Test worker] DEBUG com.tngtech.archunit.core.importer.JavaClassProcessor - Processing class 'javax/mail/Folder'
15:51:27.836 [Test worker] DEBUG com.tngtech.archunit.core.importer.JavaClassProcessor - Processing class 'javax/mail/search/SearchTerm'
15:51:27.837 [Test worker] DEBUG com.tngtech.archunit.core.importer.JavaClassProcessor - Processing class 'javax/mail/Flags$Flag'
15:51:27.838 [Test worker] DEBUG com.tngtech.archunit.core.importer.JavaClassProcessor - Processing class 'javax/mail/Flags'
15:51:27.840 [Test worker] DEBUG com.tngtech.archunit.core.importer.JavaClassProcessor - Processing class 'javax/mail/Multipart'
15:51:27.841 [Test worker] DEBUG com.tngtech.archunit.core.importer.JavaClassProcessor - Processing class 'javax/activation/DataHandler'
15:51:27.842 [Test worker] DEBUG com.tngtech.archunit.core.importer.JavaClassProcessor - Processing class 'javax/mail/Provider$Type'
15:51:27.843 [Test worker] DEBUG com.tngtech.archunit.core.importer.JavaClassProcessor - Processing class 'java/util/Vector'
15:51:27.846 [Test worker] DEBUG com.tngtech.archunit.core.importer.JavaClassProcessor - Processing class 'javax/mail/EventQueue'
15:51:27.847 [Test worker] DEBUG com.tngtech.archunit.core.importer.JavaClassProcessor - Processing class 'javax/mail/event/MailEvent'
15:51:27.848 [Test worker] DEBUG com.tngtech.archunit.core.importer.JavaClassProcessor - Processing class 'com/sun/mail/util/MailLogger'
15:51:27.850 [Test worker] DEBUG com.tngtech.archunit.core.importer.JavaClassProcessor - Processing class 'javax/mail/NoSuchProviderException'
15:51:27.851 [Test worker] DEBUG com.tngtech.archunit.core.importer.JavaClassProcessor - Processing class 'javax/mail/Store'
15:51:27.852 [Test worker] DEBUG com.tngtech.archunit.core.importer.JavaClassProcessor - Processing class 'javax/mail/StreamLoader'
15:51:27.854 [Test worker] DEBUG com.tngtech.archunit.core.importer.JavaClassProcessor - Processing class 'java/util/BitSet'
15:51:27.855 [Test worker] DEBUG com.tngtech.archunit.core.importer.JavaClassProcessor - Processing class 'javax/mail/event/ConnectionEvent'
15:51:27.856 [Test worker] DEBUG com.tngtech.archunit.core.importer.JavaClassProcessor - Processing class 'javax/mail/event/TransportEvent'
15:51:27.857 [Test worker] DEBUG com.tngtech.archunit.core.importer.JavaClassProcessor - Processing class 'javax/mail/internet/AddressException'
15:51:27.858 [Test worker] DEBUG com.tngtech.archunit.core.importer.JavaClassProcessor - Processing class 'java/net/UnknownHostException'
15:51:27.859 [Test worker] DEBUG com.tngtech.archunit.core.importer.JavaClassProcessor - Processing class 'javax/mail/internet/InternetHeaders'
15:51:27.861 [Test worker] DEBUG com.tngtech.archunit.core.importer.JavaClassProcessor - Processing class 'javax/mail/internet/MailDateFormat'
15:51:27.863 [Test worker] DEBUG com.tngtech.archunit.core.importer.JavaClassProcessor - Processing class 'java/io/ByteArrayInputStream'
15:51:27.864 [Test worker] DEBUG com.tngtech.archunit.core.importer.JavaClassProcessor - Processing class 'java/io/BufferedInputStream'
15:51:27.865 [Test worker] DEBUG com.tngtech.archunit.core.importer.JavaClassProcessor - Processing class 'javax/mail/internet/SharedInputStream'
15:51:27.866 [Test worker] DEBUG com.tngtech.archunit.core.importer.JavaClassProcessor - Processing class 'javax/mail/internet/MimeMultipart'
15:51:27.875 [Test worker] DEBUG com.tngtech.archunit.core.importer.JavaClassProcessor - Processing class 'javax/persistence/UniqueConstraint'
15:51:27.876 [Test worker] DEBUG com.tngtech.archunit.core.importer.JavaClassProcessor - Processing class 'javax/persistence/Index'
15:51:27.877 [Test worker] DEBUG com.tngtech.archunit.core.importer.JavaClassProcessor - Processing class 'javax/security/auth/DestroyFailedException'
15:51:27.879 [Test worker] DEBUG com.tngtech.archunit.core.importer.JavaClassProcessor - Processing class 'javax/servlet/FilterConfig'
15:51:27.880 [Test worker] DEBUG com.tngtech.archunit.core.importer.JavaClassProcessor - Processing class 'java/util/EnumSet'
15:51:27.882 [Test worker] DEBUG com.tngtech.archunit.core.importer.JavaClassProcessor - Processing class 'javax/servlet/ServletConfig'
15:51:27.883 [Test worker] DEBUG com.tngtech.archunit.core.importer.JavaClassProcessor - Processing class 'javax/servlet/MultipartConfigElement'
15:51:27.884 [Test worker] DEBUG com.tngtech.archunit.core.importer.JavaClassProcessor - Processing class 'javax/servlet/ServletSecurityElement'
15:51:27.886 [Test worker] DEBUG com.tngtech.archunit.core.importer.JavaClassProcessor - Processing class 'javax/servlet/AsyncContext'
15:51:27.887 [Test worker] DEBUG com.tngtech.archunit.core.importer.JavaClassProcessor - Processing class 'javax/servlet/ServletInputStream'
15:51:27.888 [Test worker] DEBUG com.tngtech.archunit.core.importer.JavaClassProcessor - Processing class 'javax/servlet/ServletContext'
15:51:27.889 [Test worker] DEBUG com.tngtech.archunit.core.importer.JavaClassProcessor - Processing class 'javax/servlet/RequestDispatcher'
15:51:27.890 [Test worker] DEBUG com.tngtech.archunit.core.importer.JavaClassProcessor - Processing class 'java/io/BufferedReader'
15:51:27.891 [Test worker] DEBUG com.tngtech.archunit.core.importer.JavaClassProcessor - Processing class 'javax/servlet/ServletOutputStream'
15:51:27.893 [Test worker] DEBUG com.tngtech.archunit.core.importer.JavaClassProcessor - Processing class 'javax/servlet/http/Cookie'
15:51:27.894 [Test worker] DEBUG com.tngtech.archunit.core.importer.JavaClassProcessor - Processing class 'javax/servlet/http/HttpServletMapping'
15:51:27.895 [Test worker] DEBUG com.tngtech.archunit.core.importer.JavaClassProcessor - Processing class 'java/security/Principal'
15:51:27.896 [Test worker] DEBUG com.tngtech.archunit.core.importer.JavaClassProcessor - Processing class 'javax/servlet/http/HttpSession'
15:51:27.897 [Test worker] DEBUG com.tngtech.archunit.core.importer.JavaClassProcessor - Processing class 'javax/servlet/http/PushBuilder'
15:51:27.898 [Test worker] DEBUG com.tngtech.archunit.core.importer.JavaClassProcessor - Processing class 'javax/servlet/http/WebConnection'
15:51:27.899 [Test worker] DEBUG com.tngtech.archunit.core.importer.JavaClassProcessor - Processing class 'java/security/MessageDigest'
15:51:27.900 [Test worker] DEBUG com.tngtech.archunit.core.importer.JavaClassProcessor - Processing class 'java/io/File'
15:51:27.901 [Test worker] DEBUG com.tngtech.archunit.core.importer.JavaClassProcessor - Processing class 'java/nio/file/Path'
15:51:27.902 [Test worker] DEBUG com.tngtech.archunit.core.importer.JavaClassProcessor - Processing class 'java/nio/file/OpenOption'
15:51:27.902 [Test worker] DEBUG com.tngtech.archunit.core.importer.JavaClassProcessor - Processing class 'java/io/RandomAccessFile'
15:51:27.903 [Test worker] DEBUG com.tngtech.archunit.core.importer.JavaClassProcessor - Processing class 'java/nio/channels/FileChannel'
15:51:27.905 [Test worker] DEBUG com.tngtech.archunit.core.importer.JavaClassProcessor - Processing class 'org/aspectj/lang/reflect/SourceLocation'
15:51:27.906 [Test worker] DEBUG com.tngtech.archunit.core.importer.JavaClassProcessor - Processing class 'org/aspectj/lang/JoinPoint$StaticPart'
15:51:27.907 [Test worker] DEBUG com.tngtech.archunit.core.importer.JavaClassProcessor - Processing class 'org/aspectj/runtime/internal/AroundClosure'
15:51:27.908 [Test worker] DEBUG com.tngtech.archunit.core.importer.JavaClassProcessor - Processing class 'org/slf4j/Marker'
15:51:27.910 [Test worker] DEBUG com.tngtech.archunit.core.importer.JavaClassProcessor - Processing class 'org/slf4j/helpers/NOPLoggerFactory'
15:51:27.912 [Test worker] DEBUG com.tngtech.archunit.core.importer.JavaClassProcessor - Processing class 'org/slf4j/helpers/SubstituteLoggerFactory'
15:51:27.913 [Test worker] DEBUG com.tngtech.archunit.core.importer.JavaClassProcessor - Processing class 'org/slf4j/event/SubstituteLoggingEvent'
15:51:27.914 [Test worker] DEBUG com.tngtech.archunit.core.importer.JavaClassProcessor - Processing class 'org/slf4j/ILoggerFactory'
15:51:27.915 [Test worker] DEBUG com.tngtech.archunit.core.importer.JavaClassProcessor - Processing class 'org/aopalliance/aop/Advice'
15:51:27.917 [Test worker] DEBUG com.tngtech.archunit.core.importer.JavaClassProcessor - Processing class 'org/springframework/aop/ClassFilter'
15:51:27.918 [Test worker] DEBUG com.tngtech.archunit.core.importer.JavaClassProcessor - Processing class 'org/springframework/aop/Pointcut'
15:51:27.919 [Test worker] DEBUG com.tngtech.archunit.core.importer.JavaClassProcessor - Processing class 'org/springframework/beans/BeansException'
15:51:27.920 [Test worker] DEBUG com.tngtech.archunit.core.importer.JavaClassProcessor - Processing class 'org/springframework/beans/factory/NoSuchBeanDefinitionException'
15:51:27.921 [Test worker] DEBUG com.tngtech.archunit.core.importer.JavaClassProcessor - Processing class 'org/springframework/core/ResolvableType'
15:51:27.924 [Test worker] DEBUG com.tngtech.archunit.core.importer.JavaClassProcessor - Processing class 'org/springframework/beans/factory/ObjectProvider'
15:51:27.926 [Test worker] DEBUG com.tngtech.archunit.core.importer.JavaClassProcessor - Processing class 'org/springframework/beans/factory/config/BeanDefinition'
15:51:27.928 [Test worker] DEBUG com.tngtech.archunit.core.importer.JavaClassProcessor - Processing class 'org/springframework/beans/factory/support/BeanDefinitionRegistry'
15:51:27.929 [Test worker] DEBUG com.tngtech.archunit.core.importer.JavaClassProcessor - Processing class 'org/springframework/boot/BootstrapRegistry'
15:51:27.930 [Test worker] DEBUG com.tngtech.archunit.core.importer.JavaClassProcessor - Processing class 'org/springframework/boot/Banner'
15:51:27.931 [Test worker] DEBUG com.tngtech.archunit.core.importer.JavaClassProcessor - Processing class 'org/springframework/boot/SpringApplicationShutdownHook'
15:51:27.931 [Test worker] DEBUG com.tngtech.archunit.core.importer.JavaClassProcessor - Processing class 'org/springframework/boot/WebApplicationType'
15:51:27.932 [Test worker] DEBUG com.tngtech.archunit.core.importer.JavaClassProcessor - Processing class 'org/springframework/boot/ApplicationContextFactory'
15:51:27.933 [Test worker] DEBUG com.tngtech.archunit.core.importer.JavaClassProcessor - Processing class 'org/apache/commons/logging/Log'
15:51:27.934 [Test worker] DEBUG com.tngtech.archunit.core.importer.JavaClassProcessor - Processing class 'org/springframework/core/metrics/ApplicationStartup'
15:51:27.935 [Test worker] DEBUG com.tngtech.archunit.core.importer.JavaClassProcessor - Processing class 'org/springframework/boot/Banner$Mode'
15:51:27.936 [Test worker] DEBUG com.tngtech.archunit.core.importer.JavaClassProcessor - Processing class 'org/springframework/boot/SpringApplicationShutdownHandlers'
15:51:27.936 [Test worker] DEBUG com.tngtech.archunit.core.importer.JavaClassProcessor - Processing class 'org/springframework/boot/SpringBootExceptionHandler'
15:51:27.937 [Test worker] DEBUG com.tngtech.archunit.core.importer.JavaClassProcessor - Processing class 'org/springframework/boot/BeanDefinitionLoader'
15:51:27.939 [Test worker] DEBUG com.tngtech.archunit.core.importer.JavaClassProcessor - Processing class 'org/springframework/boot/DefaultBootstrapContext'
15:51:27.940 [Test worker] DEBUG com.tngtech.archunit.core.importer.JavaClassProcessor - Processing class 'org/springframework/boot/ApplicationReactiveWebEnvironment'
15:51:27.940 [Test worker] DEBUG com.tngtech.archunit.core.importer.JavaClassProcessor - Processing class 'org/springframework/boot/ApplicationServletEnvironment'
15:51:27.941 [Test worker] DEBUG com.tngtech.archunit.core.importer.JavaClassProcessor - Processing class 'org/springframework/boot/ApplicationEnvironment'
15:51:27.942 [Test worker] DEBUG com.tngtech.archunit.core.importer.JavaClassProcessor - Processing class 'org/springframework/boot/SpringApplicationRunListeners'
15:51:27.944 [Test worker] DEBUG com.tngtech.archunit.core.importer.JavaClassProcessor - Processing class 'org/springframework/boot/ApplicationArguments'
15:51:27.944 [Test worker] DEBUG com.tngtech.archunit.core.importer.JavaClassProcessor - Processing class 'org/springframework/boot/CommandLineRunner'
15:51:27.945 [Test worker] DEBUG com.tngtech.archunit.core.importer.JavaClassProcessor - Processing class 'org/springframework/boot/SpringApplicationRunListener'
15:51:27.946 [Test worker] DEBUG com.tngtech.archunit.core.importer.JavaClassProcessor - Processing class 'org/springframework/boot/ApplicationRunner'
15:51:27.947 [Test worker] DEBUG com.tngtech.archunit.core.importer.JavaClassProcessor - Processing class 'org/springframework/boot/ExitCodeGenerator'
15:51:27.948 [Test worker] DEBUG com.tngtech.archunit.core.importer.JavaClassProcessor - Processing class 'org/springframework/context/support/GenericApplicationContext'
15:51:27.949 [Test worker] DEBUG com.tngtech.archunit.core.importer.JavaClassProcessor - Processing class 'org/springframework/core/io/DefaultResourceLoader'
15:51:27.951 [Test worker] DEBUG com.tngtech.archunit.core.importer.JavaClassProcessor - Processing class 'org/springframework/context/support/AbstractApplicationContext'
15:51:27.953 [Test worker] DEBUG com.tngtech.archunit.core.importer.JavaClassProcessor - Processing class 'org/springframework/beans/factory/support/AbstractAutowireCapableBeanFactory'
15:51:27.956 [Test worker] DEBUG com.tngtech.archunit.core.importer.JavaClassProcessor - Processing class 'org/springframework/beans/factory/support/DefaultListableBeanFactory'
15:51:27.961 [Test worker] DEBUG com.tngtech.archunit.core.importer.JavaClassProcessor - Processing class 'org/springframework/boot/ExitCodeExceptionMapper'
15:51:27.963 [Test worker] DEBUG com.tngtech.archunit.core.importer.JavaClassProcessor - Processing class 'org/springframework/core/type/classreading/MetadataReader'
15:51:27.964 [Test worker] DEBUG com.tngtech.archunit.core.importer.JavaClassProcessor - Processing class 'org/springframework/core/type/classreading/MetadataReaderFactory'
15:51:27.965 [Test worker] DEBUG com.tngtech.archunit.core.importer.JavaClassProcessor - Processing class 'org/springframework/boot/autoconfigure/AutoConfigurationMetadata'
15:51:27.967 [Test worker] DEBUG com.tngtech.archunit.core.importer.JavaClassProcessor - Processing class 'org/springframework/boot/autoconfigure/AutoConfigurationImportEvent'
15:51:27.968 [Test worker] DEBUG com.tngtech.archunit.core.importer.JavaClassProcessor - Processing class 'org/springframework/boot/autoconfigure/AutoConfigurationImportSelector$AutoConfigurationEntry'
15:51:27.969 [Test worker] DEBUG com.tngtech.archunit.core.importer.JavaClassProcessor - Processing class 'org/springframework/boot/autoconfigure/AutoConfigurationImportSelector$ConfigurationClassFilter'
15:51:27.969 [Test worker] DEBUG com.tngtech.archunit.core.importer.JavaClassProcessor - Processing class 'org/springframework/beans/factory/config/ConfigurableListableBeanFactory'
15:51:27.970 [Test worker] DEBUG com.tngtech.archunit.core.importer.JavaClassProcessor - Processing class 'org/springframework/core/type/AnnotationMetadata'
15:51:27.971 [Test worker] DEBUG com.tngtech.archunit.core.importer.JavaClassProcessor - Processing class 'org/springframework/core/annotation/AnnotationAttributes'
15:51:27.973 [Test worker] DEBUG com.tngtech.archunit.core.importer.JavaClassProcessor - Processing class 'org/springframework/boot/autoconfigure/AutoConfigurationImportSelector$AutoConfigurationGroup'
15:51:27.976 [Test worker] DEBUG com.tngtech.archunit.core.importer.JavaClassProcessor - Processing class 'org/springframework/boot/autoconfigure/AutoConfigurationPackages$BasePackages'
15:51:27.978 [Test worker] DEBUG com.tngtech.archunit.core.importer.JavaClassProcessor - Processing class 'org/springframework/boot/web/client/RestTemplateBuilder$RequestFactoryCustomizer'
15:51:27.979 [Test worker] DEBUG com.tngtech.archunit.core.importer.JavaClassProcessor - Processing class 'org/springframework/web/util/UriTemplateHandler'
15:51:27.980 [Test worker] DEBUG com.tngtech.archunit.core.importer.JavaClassProcessor - Processing class 'org/springframework/web/client/ResponseErrorHandler'
15:51:27.981 [Test worker] DEBUG com.tngtech.archunit.core.importer.JavaClassProcessor - Processing class 'org/springframework/boot/web/client/BasicAuthentication'
15:51:27.986 [Test worker] DEBUG com.tngtech.archunit.core.importer.JavaClassProcessor - Processing class 'org/springframework/beans/factory/config/AutowireCapableBeanFactory'
15:51:27.988 [Test worker] DEBUG com.tngtech.archunit.core.importer.JavaClassProcessor - Processing class 'org/springframework/beans/factory/config/BeanFactoryPostProcessor'
15:51:27.989 [Test worker] DEBUG com.tngtech.archunit.core.importer.JavaClassProcessor - Processing class 'org/springframework/core/io/ProtocolResolver'
15:51:27.990 [Test worker] DEBUG com.tngtech.archunit.core.importer.JavaClassProcessor - Processing class 'org/springframework/context/MessageSourceResolvable'
15:51:27.991 [Test worker] DEBUG com.tngtech.archunit.core.importer.JavaClassProcessor - Processing class 'org/springframework/context/NoSuchMessageException'
15:51:27.993 [Test worker] DEBUG com.tngtech.archunit.core.importer.JavaClassProcessor - Processing class 'org/springframework/context/annotation/ScopeMetadata'
15:51:27.993 [Test worker] DEBUG com.tngtech.archunit.core.importer.JavaClassProcessor - Processing class 'org/springframework/beans/factory/annotation/AnnotatedBeanDefinition'
15:51:27.995 [Test worker] DEBUG com.tngtech.archunit.core.importer.JavaClassProcessor - Processing class 'org/springframework/context/annotation/Scope'
15:51:28.001 [Test worker] DEBUG com.tngtech.archunit.core.importer.JavaClassProcessor - Processing class 'org/springframework/core/env/MutablePropertySources'
15:51:28.003 [Test worker] DEBUG com.tngtech.archunit.core.importer.JavaClassProcessor - Processing class 'org/springframework/core/convert/support/ConfigurableConversionService'
15:51:28.004 [Test worker] DEBUG com.tngtech.archunit.core.importer.JavaClassProcessor - Processing class 'org/springframework/core/env/MissingRequiredPropertiesException'
15:51:28.006 [Test worker] DEBUG com.tngtech.archunit.core.importer.JavaClassProcessor - Processing class 'org/springframework/core/env/Profiles'
15:51:28.009 [Test worker] DEBUG com.tngtech.archunit.core.importer.JavaClassProcessor - Processing class 'org/springframework/core/io/Resource'
15:51:28.012 [Test worker] DEBUG com.tngtech.archunit.core.importer.JavaClassProcessor - Processing class 'org/springframework/data/domain/Sort'
15:51:28.013 [Test worker] DEBUG com.tngtech.archunit.core.importer.JavaClassProcessor - Processing class 'org/springframework/data/domain/Example'
15:51:28.016 [Test worker] DEBUG com.tngtech.archunit.core.importer.JavaClassProcessor - Processing class 'org/springframework/data/domain/Page'
15:51:28.017 [Test worker] DEBUG com.tngtech.archunit.core.importer.JavaClassProcessor - Processing class 'org/springframework/data/domain/Pageable'
15:51:28.019 [Test worker] DEBUG com.tngtech.archunit.core.importer.JavaClassProcessor - Processing class 'java/util/regex/Pattern'
15:51:28.021 [Test worker] DEBUG com.tngtech.archunit.core.importer.JavaClassProcessor - Processing class 'java/text/DecimalFormatSymbols'
15:51:28.024 [Test worker] DEBUG com.tngtech.archunit.core.importer.JavaClassProcessor - Processing class 'org/springframework/http/CacheControl'
15:51:28.026 [Test worker] DEBUG com.tngtech.archunit.core.importer.JavaClassProcessor - Processing class 'org/springframework/http/ContentDisposition'
15:51:28.027 [Test worker] DEBUG com.tngtech.archunit.core.importer.JavaClassProcessor - Processing class 'java/net/InetSocketAddress'
15:51:28.029 [Test worker] DEBUG com.tngtech.archunit.core.importer.JavaClassProcessor - Processing class 'org/springframework/http/ReadOnlyHttpHeaders'
15:51:28.033 [Test worker] DEBUG com.tngtech.archunit.core.importer.JavaClassProcessor - Processing class 'org/springframework/core/io/InputStreamResource'
15:51:28.035 [Test worker] DEBUG com.tngtech.archunit.core.importer.JavaClassProcessor - Processing class 'org/springframework/http/HttpStatus$Series'
15:51:28.037 [Test worker] DEBUG com.tngtech.archunit.core.importer.JavaClassProcessor - Processing class 'org/springframework/http/ResponseEntity$BodyBuilder'
15:51:28.038 [Test worker] DEBUG com.tngtech.archunit.core.importer.JavaClassProcessor - Processing class 'org/springframework/http/ResponseEntity$HeadersBuilder'
15:51:28.040 [Test worker] DEBUG com.tngtech.archunit.core.importer.JavaClassProcessor - Processing class 'org/springframework/http/ResponseEntity$1'
15:51:28.041 [Test worker] DEBUG com.tngtech.archunit.core.importer.JavaClassProcessor - Processing class 'org/springframework/http/client/ClientHttpResponse'
15:51:28.042 [Test worker] DEBUG com.tngtech.archunit.core.importer.JavaClassProcessor - Processing class 'org/springframework/http/client/ClientHttpRequestExecution'
15:51:28.043 [Test worker] DEBUG com.tngtech.archunit.core.importer.JavaClassProcessor - Processing class 'org/springframework/http/HttpInputMessage'
15:51:28.044 [Test worker] DEBUG com.tngtech.archunit.core.importer.JavaClassProcessor - Processing class 'org/springframework/http/converter/HttpMessageNotReadableException'
15:51:28.045 [Test worker] DEBUG com.tngtech.archunit.core.importer.JavaClassProcessor - Processing class 'org/springframework/http/converter/HttpMessageNotWritableException'
15:51:28.046 [Test worker] DEBUG com.tngtech.archunit.core.importer.JavaClassProcessor - Processing class 'org/springframework/retry/RetryContext'
15:51:28.046 [Test worker] DEBUG com.tngtech.archunit.core.importer.JavaClassProcessor - Processing class 'org/springframework/retry/RetryCallback'
15:51:28.048 [Test worker] DEBUG com.tngtech.archunit.core.importer.JavaClassProcessor - Processing class 'org/springframework/retry/interceptor/MethodArgumentsKeyGenerator'
15:51:28.048 [Test worker] DEBUG com.tngtech.archunit.core.importer.JavaClassProcessor - Processing class 'org/springframework/retry/interceptor/NewMethodArgumentsIdentifier'
15:51:28.049 [Test worker] DEBUG com.tngtech.archunit.core.importer.JavaClassProcessor - Processing class 'org/springframework/retry/backoff/Sleeper'
15:51:28.050 [Test worker] DEBUG com.tngtech.archunit.core.importer.JavaClassProcessor - Processing class 'org/springframework/retry/annotation/AnnotationAwareRetryOperationsInterceptor'
15:51:28.051 [Test worker] DEBUG com.tngtech.archunit.core.importer.JavaClassProcessor - Processing class 'org/springframework/retry/policy/RetryContextCache'
15:51:28.052 [Test worker] DEBUG com.tngtech.archunit.core.importer.JavaClassProcessor - Processing class 'org/springframework/retry/interceptor/Retryable'
15:51:28.053 [Test worker] DEBUG com.tngtech.archunit.core.importer.JavaClassProcessor - Processing class 'org/springframework/retry/annotation/Retryable'
15:51:28.058 [Test worker] DEBUG com.tngtech.archunit.core.importer.JavaClassProcessor - Processing class 'org/springframework/web/client/RestClientException'
15:51:28.060 [Test worker] DEBUG com.tngtech.archunit.core.importer.JavaClassProcessor - Processing class 'org/springframework/http/RequestEntity'
15:51:28.061 [Test worker] DEBUG com.tngtech.archunit.core.importer.JavaClassProcessor - Processing class 'org/springframework/web/client/RequestCallback'
15:51:28.062 [Test worker] DEBUG com.tngtech.archunit.core.importer.JavaClassProcessor - Processing class 'org/springframework/web/client/ResponseExtractor'
15:51:28.063 [Test worker] DEBUG com.tngtech.archunit.core.importer.JavaClassProcessor - Processing class 'org/springframework/core/ParameterizedTypeReference'
15:51:28.065 [Test worker] DEBUG com.tngtech.archunit.core.importer.JavaClassProcessor - Processing class 'org/springframework/web/util/DefaultUriBuilderFactory'
15:51:28.066 [Test worker] DEBUG com.tngtech.archunit.core.importer.JavaClassProcessor - Processing class 'org/springframework/http/RequestEntity$UriTemplateRequestEntity'
15:51:28.069 [Test worker] DEBUG com.tngtech.archunit.core.importer.JavaClassProcessor - Processing class 'org/springframework/web/util/AbstractUriTemplateHandler'
15:51:28.071 [Test worker] DEBUG com.tngtech.archunit.core.importer.JavaClassProcessor - Processing class 'org/springframework/beans/BeanWrapper'
15:51:28.072 [Test worker] DEBUG com.tngtech.archunit.core.importer.JavaClassProcessor - Processing class 'org/thymeleaf/IThrottledTemplateProcessor'
15:51:28.073 [Test worker] DEBUG com.tngtech.archunit.core.importer.JavaClassProcessor - Processing class 'org/thymeleaf/IEngineConfiguration'
15:51:28.096 [Test worker] DEBUG com.tngtech.archunit.core.importer.JavaClassProcessor - Processing class 'org/thymeleaf/TemplateSpec'
15:51:28.097 [Test worker] DEBUG com.tngtech.archunit.core.importer.JavaClassProcessor - Processing class 'org/thymeleaf/templateparser/markup/decoupled/IDecoupledTemplateLogicResolver'
15:51:28.098 [Test worker] DEBUG com.tngtech.archunit.core.importer.JavaClassProcessor - Processing class 'org/thymeleaf/context/IEngineContextFactory'
15:51:28.099 [Test worker] DEBUG com.tngtech.archunit.core.importer.JavaClassProcessor - Processing class 'org/thymeleaf/cache/ICacheManager'
15:51:28.100 [Test worker] DEBUG com.tngtech.archunit.core.importer.JavaClassProcessor - Processing class 'org/thymeleaf/context/IExpressionContext'
15:51:28.101 [Test worker] DEBUG com.tngtech.archunit.core.importer.JavaClassProcessor - Processing class 'org/thymeleaf/context/ITemplateContext'
15:51:28.105 [Test worker] DEBUG com.tngtech.archunit.core.importer.JavaClassProcessor - Processing class 'org/thymeleaf/spring5/dialect/SpringStandardDialect'
15:51:28.106 [Test worker] DEBUG com.tngtech.archunit.core.importer.JavaClassProcessor - Processing class 'org/thymeleaf/templateresolver/TemplateResolution'
15:51:28.108 [Test worker] DEBUG com.tngtech.archunit.core.importer.JavaClassProcessor - Processing class 'sun/util/locale/LocaleSyntaxException'
15:51:28.108 [Test worker] DEBUG com.tngtech.archunit.core.importer.JavaClassProcessor - Processing class 'sun/util/locale/UnicodeLocaleExtension'
15:51:28.109 [Test worker] DEBUG com.tngtech.archunit.core.importer.JavaClassProcessor - Processing class 'sun/util/locale/LanguageTag'
15:51:28.258 [Test worker] DEBUG com.tngtech.archunit.core.importer.UrlSource$From - Found URLs on sun.boot.class.path: []
15:51:28.272 [Test worker] DEBUG com.tngtech.archunit.core.importer.UrlSource$From - Found URLs on java.class.path: [jar:file:/C:/Users/Usuario/.gradle/caches/7.6.1/workerMain/gradle-worker.jar!/, file:/C:/Users/Usuario/Desktop/TrafficAgent/build/classes/java/test/, file:/C:/Users/Usuario/Desktop/TrafficAgent/build/resources/test/, file:/C:/Users/Usuario/Desktop/TrafficAgent/build/classes/java/main/, file:/C:/Users/Usuario/Desktop/TrafficAgent/build/resources/main/, jar:file:/C:/Users/Usuario/.gradle/caches/modules-2/files-2.1/org.springframework.boot/spring-boot-starter-web/2.6.3/ceb6e909c144daf9e792069f5f0efd105c8712a/spring-boot-starter-web-2.6.3.jar!/, jar:file:/C:/Users/Usuario/.gradle/caches/modules-2/files-2.1/org.springframework.boot/spring-boot-starter-undertow/2.6.3/988095d74254727e400818c46de206242a427de5/spring-boot-starter-undertow-2.6.3.jar!/, jar:file:/C:/Users/Usuario/.gradle/caches/modules-2/files-2.1/org.springframework.boot/spring-boot-starter-data-jpa/2.6.3/74c60a724e4f81c7527b848ee24e91ba6facfe24/spring-boot-starter-data-jpa-2.6.3.jar!/, jar:file:/C:/Users/Usuario/.gradle/caches/modules-2/files-2.1/org.postgresql/postgresql/42.3.1/9ca7df660e875b91c78e3d1608d4d7469ad3470c/postgresql-42.3.1.jar!/, jar:file:/C:/Users/Usuario/.gradle/caches/modules-2/files-2.1/org.springframework.retry/spring-retry/2.0.0/6a7a653901b58eb741692417f33b5bebedbd01f7/spring-retry-2.0.0.jar!/, jar:file:/C:/Users/Usuario/.gradle/caches/modules-2/files-2.1/io.jsonwebtoken/jjwt/0.9.1/54d2abfc3e63a28824d35bf600d6a5d627da681a/jjwt-0.9.1.jar!/, jar:file:/C:/Users/Usuario/.gradle/caches/modules-2/files-2.1/com.auth0/java-jwt/4.2.1/904306772bb7d43750527f84d7b23589a1f9ab12/java-jwt-4.2.1.jar!/, jar:file:/C:/Users/Usuario/.gradle/caches/modules-2/files-2.1/commons-codec/commons-codec/1.15/49d94806b6e3dc933dacbd8acb0fdbab8ebd1e5d/commons-codec-1.15.jar!/, jar:file:/C:/Users/Usuario/.gradle/caches/modules-2/files-2.1/org.springframework.boot/spring-boot-starter-aop/2.6.3/338cbbfe2667aea23d95672093e05b5f54630c5a/spring-boot-starter-aop-2.6.3.jar!/, jar:file:/C:/Users/Usuario/.gradle/caches/modules-2/files-2.1/com.h2database/h2/2.1.214/d5c2005c9e3279201e12d4776c948578b16bf8b2/h2-2.1.214.jar!/, jar:file:/C:/Users/Usuario/.gradle/caches/modules-2/files-2.1/com.sun.mail/javax.mail/1.6.2/935151eb71beff17a2ffac15dd80184a99a0514f/javax.mail-1.6.2.jar!/, jar:file:/C:/Users/Usuario/.gradle/caches/modules-2/files-2.1/org.springframework.boot/spring-boot-starter-thymeleaf/2.6.3/1468befdafc10744d410848ea5ecb4d44c6c215b/spring-boot-starter-thymeleaf-2.6.3.jar!/, jar:file:/C:/Users/Usuario/.gradle/caches/modules-2/files-2.1/nz.net.ultraq.thymeleaf/thymeleaf-layout-dialect/3.0.0/901115ad80d4928d1d15f7dfa0bad99c1a006cc2/thymeleaf-layout-dialect-3.0.0.jar!/, jar:file:/C:/Users/Usuario/.gradle/caches/modules-2/files-2.1/org.springframework.boot/spring-boot-starter-test/2.6.3/1ac659fc8c6d7285218b7ff79d67b87736f4ddf2/spring-boot-starter-test-2.6.3.jar!/, jar:file:/C:/Users/Usuario/.gradle/caches/modules-2/files-2.1/com.tngtech.archunit/archunit-junit5/1.0.0/d381ade9436d047877181fe50f508318e6a5a8/archunit-junit5-1.0.0.jar!/, jar:file:/C:/Users/Usuario/.gradle/caches/modules-2/files-2.1/org.springframework.boot/spring-boot-starter-json/2.6.3/b43885849bde2ad5d436c5acdd43b21730f9c676/spring-boot-starter-json-2.6.3.jar!/, jar:file:/C:/Users/Usuario/.gradle/caches/modules-2/files-2.1/org.springframework.boot/spring-boot-starter-jdbc/2.6.3/17871ef6920a3decad5f10181b2baf198ea2b787/spring-boot-starter-jdbc-2.6.3.jar!/, jar:file:/C:/Users/Usuario/.gradle/caches/modules-2/files-2.1/org.springframework.boot/spring-boot-starter/2.6.3/1211af6e300c0584e01c7a9a75e585ac0aec6ea6/spring-boot-starter-2.6.3.jar!/, jar:file:/C:/Users/Usuario/.gradle/caches/modules-2/files-2.1/org.springframework/spring-webmvc/5.3.15/28307dda4cb5fbeb6f7d7e7c846f464da0eba955/spring-webmvc-5.3.15.jar!/, jar:file:/C:/Users/Usuario/.gradle/caches/modules-2/files-2.1/org.springframework/spring-web/5.3.15/a228b373eff7fe34e868827ab02c91b8bf7a643e/spring-web-5.3.15.jar!/, jar:file:/C:/Users/Usuario/.gradle/caches/modules-2/files-2.1/io.undertow/undertow-websockets-jsr/2.2.14.Final/fffc3ffff1880fd695c22164d37bd16dc1dc4b7e/undertow-websockets-jsr-2.2.14.Final.jar!/, jar:file:/C:/Users/Usuario/.gradle/caches/modules-2/files-2.1/io.undertow/undertow-servlet/2.2.14.Final/8354ab1476d85dec5ee743a0f40b113cf29a55b8/undertow-servlet-2.2.14.Final.jar!/, jar:file:/C:/Users/Usuario/.gradle/caches/modules-2/files-2.1/io.undertow/undertow-core/2.2.14.Final/deb02123fba830230d1837a1e6b3731607196a41/undertow-core-2.2.14.Final.jar!/, jar:file:/C:/Users/Usuario/.gradle/caches/modules-2/files-2.1/jakarta.servlet/jakarta.servlet-api/4.0.4/b8a1142e04838fe54194049c6e7a18dae8f9b960/jakarta.servlet-api-4.0.4.jar!/, jar:file:/C:/Users/Usuario/.gradle/caches/modules-2/files-2.1/jakarta.websocket/jakarta.websocket-api/1.1.2/69c2fdfb75081cc935bc9d6c5616d12b0b73815f/jakarta.websocket-api-1.1.2.jar!/, jar:file:/C:/Users/Usuario/.gradle/caches/modules-2/files-2.1/org.apache.tomcat.embed/tomcat-embed-el/9.0.56/8e4f28f714693ad4e158e61f41371d4e4c6b4e23/tomcat-embed-el-9.0.56.jar!/, jar:file:/C:/Users/Usuario/.gradle/caches/modules-2/files-2.1/jakarta.transaction/jakarta.transaction-api/1.3.3/c4179d48720a1e87202115fbed6089bdc4195405/jakarta.transaction-api-1.3.3.jar!/, jar:file:/C:/Users/Usuario/.gradle/caches/modules-2/files-2.1/jakarta.persistence/jakarta.persistence-api/2.2.3/8f6ea5daedc614f07a3654a455660145286f024e/jakarta.persistence-api-2.2.3.jar!/, jar:file:/C:/Users/Usuario/.gradle/caches/modules-2/files-2.1/org.hibernate/hibernate-core/5.6.4.Final/a21d3a313d8fa4dbf2d05aa50ef3157a8081e83f/hibernate-core-5.6.4.Final.jar!/, jar:file:/C:/Users/Usuario/.gradle/caches/modules-2/files-2.1/org.springframework.data/spring-data-jpa/2.6.1/70eef23d3c1ba594749867edb9c89832da8f923c/spring-data-jpa-2.6.1.jar!/, jar:file:/C:/Users/Usuario/.gradle/caches/modules-2/files-2.1/org.springframework/spring-aspects/5.3.15/d1e42bac0f61ad50f633c13f8bcab905a66313af/spring-aspects-5.3.15.jar!/, jar:file:/C:/Users/Usuario/.gradle/caches/modules-2/files-2.1/org.checkerframework/checker-qual/3.5.0/2f50520c8abea66fbd8d26e481d3aef5c673b510/checker-qual-3.5.0.jar!/, jar:file:/C:/Users/Usuario/.gradle/caches/modules-2/files-2.1/com.fasterxml.jackson.datatype/jackson-datatype-jsr310/2.13.1/1ece5a87b59701328215e0083448b4d451857cbd/jackson-datatype-jsr310-2.13.1.jar!/, jar:file:/C:/Users/Usuario/.gradle/caches/modules-2/files-2.1/com.fasterxml.jackson.module/jackson-module-parameter-names/2.13.1/cbeec2259213c555ef451a2e05f35ed1dbfbf799/jackson-module-parameter-names-2.13.1.jar!/, jar:file:/C:/Users/Usuario/.gradle/caches/modules-2/files-2.1/com.fasterxml.jackson.core/jackson-annotations/2.13.1/1cbcbe4623113e6af92ccaa89884a345270f1a87/jackson-annotations-2.13.1.jar!/, jar:file:/C:/Users/Usuario/.gradle/caches/modules-2/files-2.1/com.fasterxml.jackson.core/jackson-core/2.13.1/51ae921a2ed1e06ca8876f12f32f265e83c0b2b8/jackson-core-2.13.1.jar!/, jar:file:/C:/Users/Usuario/.gradle/caches/modules-2/files-2.1/com.fasterxml.jackson.datatype/jackson-datatype-jdk8/2.13.1/8ecfa9bcd714269fdf22c33f9fd00d0643bd0e21/jackson-datatype-jdk8-2.13.1.jar!/, jar:file:/C:/Users/Usuario/.gradle/caches/modules-2/files-2.1/com.fasterxml.jackson.core/jackson-databind/2.13.1/698b2d2b15d9a1b7aae025f1d9f576842285e7f6/jackson-databind-2.13.1.jar!/, jar:file:/C:/Users/Usuario/.gradle/caches/modules-2/files-2.1/org.springframework.boot/spring-boot-test-autoconfigure/2.6.3/c903465682a6cd69adbc83feb8e8bfa26c51e6ae/spring-boot-test-autoconfigure-2.6.3.jar!/, jar:file:/C:/Users/Usuario/.gradle/caches/modules-2/files-2.1/org.springframework.boot/spring-boot-test/2.6.3/93b38ba8d4f027a7eda8c28dbe8f77b712de1142/spring-boot-test-2.6.3.jar!/, jar:file:/C:/Users/Usuario/.gradle/caches/modules-2/files-2.1/org.springframework.boot/spring-boot-autoconfigure/2.6.3/8bf96f63e9479b5a1c17d1fa05b149bb5ed050e2/spring-boot-autoconfigure-2.6.3.jar!/, jar:file:/C:/Users/Usuario/.gradle/caches/modules-2/files-2.1/org.springframework.boot/spring-boot/2.6.3/f1127e8a70ba7b9f12581e79ea963b739059bf55/spring-boot-2.6.3.jar!/, jar:file:/C:/Users/Usuario/.gradle/caches/modules-2/files-2.1/org.springframework/spring-context/5.3.15/80a12b7dcb3332fbd65c3649249fd35561ffc561/spring-context-5.3.15.jar!/, jar:file:/C:/Users/Usuario/.gradle/caches/modules-2/files-2.1/org.springframework/spring-aop/5.3.15/195966e1f4260f89696e668856ebfd9a1bc76404/spring-aop-5.3.15.jar!/, jar:file:/C:/Users/Usuario/.gradle/caches/modules-2/files-2.1/org.aspectj/aspectjweaver/1.9.7/158f5c255cd3e4408e795b79f7c3fbae9b53b7ca/aspectjweaver-1.9.7.jar!/, jar:file:/C:/Users/Usuario/.gradle/caches/modules-2/files-2.1/javax.activation/activation/1.1/e6cb541461c2834bdea3eb920f1884d1eb508b50/activation-1.1.jar!/, jar:file:/C:/Users/Usuario/.gradle/caches/modules-2/files-2.1/org.thymeleaf/thymeleaf-spring5/3.0.14.RELEASE/a0588f30a1e7dcadfc5c260ef6c6078ef377384/thymeleaf-spring5-3.0.14.RELEASE.jar!/, jar:file:/C:/Users/Usuario/.gradle/caches/modules-2/files-2.1/org.thymeleaf.extras/thymeleaf-extras-java8time/3.0.4.RELEASE/36e7175ddce36c486fff4578b5af7bb32f54f5df/thymeleaf-extras-java8time-3.0.4.RELEASE.jar!/, jar:file:/C:/Users/Usuario/.gradle/caches/modules-2/files-2.1/nz.net.ultraq.extensions/groovy-extensions/1.1.0/cb0ecf5713794f6a91b266e1c7f0df06c16ffbea/groovy-extensions-1.1.0.jar!/, jar:file:/C:/Users/Usuario/.gradle/caches/modules-2/files-2.1/nz.net.ultraq.thymeleaf/thymeleaf-expression-processor/3.0.0/a9ec91287cdcdaa9f8c4bdcb19e0edeecd5dc23d/thymeleaf-expression-processor-3.0.0.jar!/, jar:file:/C:/Users/Usuario/.gradle/caches/modules-2/files-2.1/org.thymeleaf/thymeleaf/3.0.14.RELEASE/5ec84717bf76bcbcc133f9f19bab754f97b92f8/thymeleaf-3.0.14.RELEASE.jar!/, jar:file:/C:/Users/Usuario/.gradle/caches/modules-2/files-2.1/org.codehaus.groovy/groovy/3.0.9/bd159803bedc434e7af0f714693fb5578a719e95/groovy-3.0.9.jar!/, jar:file:/C:/Users/Usuario/.gradle/caches/modules-2/files-2.1/com.jayway.jsonpath/json-path/2.6.0/67f565b424f7903a12d4f5b9361b11462ecacdac/json-path-2.6.0.jar!/, jar:file:/C:/Users/Usuario/.gradle/caches/modules-2/files-2.1/org.glassfish.jaxb/jaxb-runtime/2.3.5/a169a961a2bb9ac69517ec1005e451becf5cdfab/jaxb-runtime-2.3.5.jar!/, jar:file:/C:/Users/Usuario/.gradle/caches/modules-2/files-2.1/jakarta.xml.bind/jakarta.xml.bind-api/2.3.3/48e3b9cfc10752fba3521d6511f4165bea951801/jakarta.xml.bind-api-2.3.3.jar!/, jar:file:/C:/Users/Usuario/.gradle/caches/modules-2/files-2.1/org.assertj/assertj-core/3.21.0/27a14d6d22c4e3d58f799fb2a5ca8eaf53e6942a/assertj-core-3.21.0.jar!/, jar:file:/C:/Users/Usuario/.gradle/caches/modules-2/files-2.1/org.hamcrest/hamcrest/2.2/1820c0968dba3a11a1b30669bb1f01978a91dedc/hamcrest-2.2.jar!/, jar:file:/C:/Users/Usuario/.gradle/caches/modules-2/files-2.1/org.mockito/mockito-junit-jupiter/4.0.0/b76de25bd6e5d8f7924d0536729c0076e37e9396/mockito-junit-jupiter-4.0.0.jar!/, jar:file:/C:/Users/Usuario/.gradle/caches/modules-2/files-2.1/org.junit.jupiter/junit-jupiter-params/5.8.2/ddeafe92fc263f895bfb73ffeca7fd56e23c2cce/junit-jupiter-params-5.8.2.jar!/, jar:file:/C:/Users/Usuario/.gradle/caches/modules-2/files-2.1/org.junit.jupiter/junit-jupiter-engine/5.8.2/c598b4328d2f397194d11df3b1648d68d7d990e3/junit-jupiter-engine-5.8.2.jar!/, jar:file:/C:/Users/Usuario/.gradle/caches/modules-2/files-2.1/org.junit.jupiter/junit-jupiter-api/5.8.2/4c21029217adf07e4c0d0c5e192b6bf610c94bdc/junit-jupiter-api-5.8.2.jar!/, jar:file:/C:/Users/Usuario/.gradle/caches/modules-2/files-2.1/com.tngtech.archunit/archunit-junit5-engine/1.0.0/c942ce334f410062298100f834a767f765ac7a8e/archunit-junit5-engine-1.0.0.jar!/, jar:file:/C:/Users/Usuario/.gradle/caches/modules-2/files-2.1/com.tngtech.archunit/archunit-junit5-engine-api/1.0.0/f2fcf7191e65bda73cb14b510e380d0c4e55c9c8/archunit-junit5-engine-api-1.0.0.jar!/, jar:file:/C:/Users/Usuario/.gradle/caches/modules-2/files-2.1/org.junit.platform/junit-platform-engine/1.8.2/b737de09f19864bd136805c84df7999a142fec29/junit-platform-engine-1.8.2.jar!/, jar:file:/C:/Users/Usuario/.gradle/caches/modules-2/files-2.1/org.junit.platform/junit-platform-commons/1.8.2/32c8b8617c1342376fd5af2053da6410d8866861/junit-platform-commons-1.8.2.jar!/, jar:file:/C:/Users/Usuario/.gradle/caches/modules-2/files-2.1/org.junit.jupiter/junit-jupiter/5.8.2/5a817b1e63f1217e5c586090c45e681281f097ad/junit-jupiter-5.8.2.jar!/, jar:file:/C:/Users/Usuario/.gradle/caches/modules-2/files-2.1/org.mockito/mockito-core/4.0.0/f5195e0c4a45716bbd2d1d29173adbd148acce3a/mockito-core-4.0.0.jar!/, jar:file:/C:/Users/Usuario/.gradle/caches/modules-2/files-2.1/org.skyscreamer/jsonassert/1.5.0/6c9d5fe2f59da598d9aefc1cfc6528ff3cf32df3/jsonassert-1.5.0.jar!/, jar:file:/C:/Users/Usuario/.gradle/caches/modules-2/files-2.1/org.springframework/spring-test/5.3.15/1efef59ebbf51bc072d08c5854b1d5cbb1c29b65/spring-test-5.3.15.jar!/, jar:file:/C:/Users/Usuario/.gradle/caches/modules-2/files-2.1/org.springframework/spring-orm/5.3.15/edddfcbf3bd2a3cc8b5316329f16dcf88cec33b5/spring-orm-5.3.15.jar!/, jar:file:/C:/Users/Usuario/.gradle/caches/modules-2/files-2.1/org.springframework/spring-jdbc/5.3.15/2c7883bb9a50e37f177cdc3e064e88325f97bd36/spring-jdbc-5.3.15.jar!/, jar:file:/C:/Users/Usuario/.gradle/caches/modules-2/files-2.1/org.springframework.data/spring-data-commons/2.6.1/ba24a3b88e26191b25031cefb8de458deed05551/spring-data-commons-2.6.1.jar!/, jar:file:/C:/Users/Usuario/.gradle/caches/modules-2/files-2.1/org.springframework/spring-tx/5.3.15/27b8c1f0a896dc2f7d1629556b06f55f2a07351d/spring-tx-5.3.15.jar!/, jar:file:/C:/Users/Usuario/.gradle/caches/modules-2/files-2.1/org.springframework/spring-beans/5.3.15/a88e2ccfe8b131bcff2e643b90d52f6d928e7369/spring-beans-5.3.15.jar!/, jar:file:/C:/Users/Usuario/.gradle/caches/modules-2/files-2.1/org.springframework/spring-expression/5.3.15/362f36bbc4c4b46cc2e4f219df22d08945000c2/spring-expression-5.3.15.jar!/, jar:file:/C:/Users/Usuario/.gradle/caches/modules-2/files-2.1/org.springframework/spring-core/5.3.15/e813c2311465672d3089fc7be8dbbadb04e64d6b/spring-core-5.3.15.jar!/, jar:file:/C:/Users/Usuario/.gradle/caches/modules-2/files-2.1/org.xmlunit/xmlunit-core/2.8.4/35be57989ca80eefa03161b211630e319a8f36c6/xmlunit-core-2.8.4.jar!/, jar:file:/C:/Users/Usuario/.gradle/caches/modules-2/files-2.1/com.tngtech.archunit/archunit-junit5-api/1.0.0/f537a0cb4156e374e436009cf7e8e07062929b32/archunit-junit5-api-1.0.0.jar!/, jar:file:/C:/Users/Usuario/.gradle/caches/modules-2/files-2.1/org.springframework.boot/spring-boot-starter-logging/2.6.3/86599127b1e69a6180014cbeed8297ba26e8c6aa/spring-boot-starter-logging-2.6.3.jar!/, jar:file:/C:/Users/Usuario/.gradle/caches/modules-2/files-2.1/jakarta.annotation/jakarta.annotation-api/1.3.5/59eb84ee0d616332ff44aba065f3888cf002cd2d/jakarta.annotation-api-1.3.5.jar!/, jar:file:/C:/Users/Usuario/.gradle/caches/modules-2/files-2.1/org.yaml/snakeyaml/1.29/6d0cdafb2010f1297e574656551d7145240f6e25/snakeyaml-1.29.jar!/, jar:file:/C:/Users/Usuario/.gradle/caches/modules-2/files-2.1/org.hibernate.common/hibernate-commons-annotations/5.1.2.Final/e59ffdbc6ad09eeb33507b39ffcf287679a498c8/hibernate-commons-annotations-5.1.2.Final.jar!/, jar:file:/C:/Users/Usuario/.gradle/caches/modules-2/files-2.1/org.jboss.xnio/xnio-nio/3.8.4.Final/109d7de9a4d995ed9f46e1409520ace346fe2fc4/xnio-nio-3.8.4.Final.jar!/, jar:file:/C:/Users/Usuario/.gradle/caches/modules-2/files-2.1/org.jboss.xnio/xnio-api/3.8.4.Final/8714f2bf19f6e5fa7e36e8516dcb4606ef152e4d/xnio-api-3.8.4.Final.jar!/, jar:file:/C:/Users/Usuario/.gradle/caches/modules-2/files-2.1/org.wildfly.client/wildfly-client-config/1.0.1.Final/2a803b23c40a0de0f03a90d1fd3755747bc05f4b/wildfly-client-config-1.0.1.Final.jar!/, jar:file:/C:/Users/Usuario/.gradle/caches/modules-2/files-2.1/org.jboss.threads/jboss-threads/3.1.0.Final/9b260c0302f637a84a52d3d118214a3c59217615/jboss-threads-3.1.0.Final.jar!/, jar:file:/C:/Users/Usuario/.gradle/caches/modules-2/files-2.1/org.jboss.logging/jboss-logging/3.4.3.Final/c4bd7e12a745c0e7f6cf98c45cdcdf482fd827ea/jboss-logging-3.4.3.Final.jar!/, jar:file:/C:/Users/Usuario/.gradle/caches/modules-2/files-2.1/com.zaxxer/HikariCP/4.0.3/107cbdf0db6780a065f895ae9d8fbf3bb0e1c21f/HikariCP-4.0.3.jar!/, jar:file:/C:/Users/Usuario/.gradle/caches/modules-2/files-2.1/net.bytebuddy/byte-buddy/1.11.22/8b4c7fa5562a09da1c2a9ab0873cb51f5034d83f/byte-buddy-1.11.22.jar!/, jar:file:/C:/Users/Usuario/.gradle/caches/modules-2/files-2.1/antlr/antlr/2.7.7/83cd2cd674a217ade95a4bb83a8a14f351f48bd0/antlr-2.7.7.jar!/, jar:file:/C:/Users/Usuario/.gradle/caches/modules-2/files-2.1/org.jboss/jandex/2.4.2.Final/1e1c385990b258ff1a24c801e84aebbacf70eb39/jandex-2.4.2.Final.jar!/, jar:file:/C:/Users/Usuario/.gradle/caches/modules-2/files-2.1/com.fasterxml/classmate/1.5.1/3fe0bed568c62df5e89f4f174c101eab25345b6c/classmate-1.5.1.jar!/, jar:file:/C:/Users/Usuario/.gradle/caches/modules-2/files-2.1/com.tngtech.archunit/archunit/1.0.0/27ab69819bc5bb588e9881144763b9a3b1ed15a2/archunit-1.0.0.jar!/, jar:file:/C:/Users/Usuario/.gradle/caches/modules-2/files-2.1/ch.qos.logback/logback-classic/1.2.10/f69d97ef3335c6ab82fc21dfb77ac613f90c1221/logback-classic-1.2.10.jar!/, jar:file:/C:/Users/Usuario/.gradle/caches/modules-2/files-2.1/org.apache.logging.log4j/log4j-to-slf4j/2.17.1/3619fd18278a1a895c1dca8c5be002768071a20e/log4j-to-slf4j-2.17.1.jar!/, jar:file:/C:/Users/Usuario/.gradle/caches/modules-2/files-2.1/org.slf4j/jul-to-slf4j/1.7.33/53fd89b530d41b8f6744c754de1c9b02e82f2d7/jul-to-slf4j-1.7.33.jar!/, jar:file:/C:/Users/Usuario/.gradle/caches/modules-2/files-2.1/org.slf4j/slf4j-api/1.7.33/d375aa1b98d34d5ddf73a3f19eaad66e98975b12/slf4j-api-1.7.33.jar!/, jar:file:/C:/Users/Usuario/.gradle/caches/modules-2/files-2.1/ognl/ognl/3.1.26/922d3d922b8aa40146d842114c184c8b403d2f4f/ognl-3.1.26.jar!/, jar:file:/C:/Users/Usuario/.gradle/caches/modules-2/files-2.1/org.attoparser/attoparser/2.0.5.RELEASE/a93ad36df9560de3a5312c1d14f69d938099fa64/attoparser-2.0.5.RELEASE.jar!/, jar:file:/C:/Users/Usuario/.gradle/caches/modules-2/files-2.1/org.unbescape/unbescape/1.1.6.RELEASE/7b90360afb2b860e09e8347112800d12c12b2a13/unbescape-1.1.6.RELEASE.jar!/, jar:file:/C:/Users/Usuario/.gradle/caches/modules-2/files-2.1/net.minidev/json-smart/2.4.7/8d7f4c1530c07c54930935f3da85f48b83b3c109/json-smart-2.4.7.jar!/, jar:file:/C:/Users/Usuario/.gradle/caches/modules-2/files-2.1/jakarta.activation/jakarta.activation-api/1.2.2/99f53adba383cb1bf7c3862844488574b559621f/jakarta.activation-api-1.2.2.jar!/, jar:file:/C:/Users/Usuario/.gradle/caches/modules-2/files-2.1/net.bytebuddy/byte-buddy-agent/1.11.22/2fbcf3210dfc09b42242e3b66a5281cc5b9adb80/byte-buddy-agent-1.11.22.jar!/, jar:file:/C:/Users/Usuario/.gradle/caches/modules-2/files-2.1/org.objenesis/objenesis/3.2/7fadf57620c8b8abdf7519533e5527367cb51f09/objenesis-3.2.jar!/, jar:file:/C:/Users/Usuario/.gradle/caches/modules-2/files-2.1/com.vaadin.external.google/android-json/0.0.20131108.vaadin1/fa26d351fe62a6a17f5cda1287c1c6110dec413f/android-json-0.0.20131108.vaadin1.jar!/, jar:file:/C:/Users/Usuario/.gradle/caches/modules-2/files-2.1/org.springframework/spring-jcl/5.3.15/88da960b4fcbd28621aea8b9911976adc06afce4/spring-jcl-5.3.15.jar!/, jar:file:/C:/Users/Usuario/.gradle/caches/modules-2/files-2.1/org.wildfly.common/wildfly-common/1.5.2.Final/8eba40cfe86bcfcc223551e75201e6e7574c7c36/wildfly-common-1.5.2.Final.jar!/, jar:file:/C:/Users/Usuario/.gradle/caches/modules-2/files-2.1/org.glassfish.jaxb/txw2/2.3.5/ec8930fa62e7b1758b1664d135f50c7abe86a4a3/txw2-2.3.5.jar!/, jar:file:/C:/Users/Usuario/.gradle/caches/modules-2/files-2.1/com.sun.istack/istack-commons-runtime/3.0.12/cbbe1a62b0cc6c85972e99d52aaee350153dc530/istack-commons-runtime-3.0.12.jar!/, jar:file:/C:/Users/Usuario/.gradle/caches/modules-2/files-2.1/com.sun.activation/jakarta.activation/1.2.2/74548703f9851017ce2f556066659438019e7eb5/jakarta.activation-1.2.2.jar!/, jar:file:/C:/Users/Usuario/.gradle/caches/modules-2/files-2.1/org.javassist/javassist/3.20.0-GA/a9cbcdfb7e9f86fbc74d3afae65f2248bfbf82a0/javassist-3.20.0-GA.jar!/, jar:file:/C:/Users/Usuario/.gradle/caches/modules-2/files-2.1/net.minidev/accessors-smart/2.4.7/3970cfc505e6657ca60f3aa57c849f6043000d7a/accessors-smart-2.4.7.jar!/, jar:file:/C:/Users/Usuario/.gradle/caches/modules-2/files-2.1/org.opentest4j/opentest4j/1.2.0/28c11eb91f9b6d8e200631d46e20a7f407f2a046/opentest4j-1.2.0.jar!/, jar:file:/C:/Users/Usuario/.gradle/caches/modules-2/files-2.1/ch.qos.logback/logback-core/1.2.10/5328406bfcae7bcdcc86810fcb2920d2c297170d/logback-core-1.2.10.jar!/, jar:file:/C:/Users/Usuario/.gradle/caches/modules-2/files-2.1/org.apache.logging.log4j/log4j-api/2.17.1/d771af8e336e372fb5399c99edabe0919aeaf5b2/log4j-api-2.17.1.jar!/, jar:file:/C:/Users/Usuario/.gradle/caches/modules-2/files-2.1/org.ow2.asm/asm/9.1/a99500cf6eea30535eeac6be73899d048f8d12a8/asm-9.1.jar!/]
15:51:28.336 [Test worker] DEBUG com.tngtech.archunit.core.importer.JavaClassProcessor - Processing class 'com/uco/TrafficAgent/application/service/contact/comand/dto/DtoSaveContact'
15:51:28.337 [Test worker] DEBUG com.tngtech.archunit.core.importer.JavaClassProcessor - Processing class 'com/uco/TrafficAgent/application/service/report/consult/ServiceApplicationListAllReportByDate'
15:51:28.338 [Test worker] DEBUG com.tngtech.archunit.core.importer.JavaClassProcessor - Processing class 'com/uco/TrafficAgent/domain/service/report/ServiceSaveReport'
15:51:28.338 [Test worker] DEBUG com.tngtech.archunit.core.importer.JavaClassProcessor - Processing class 'com/uco/TrafficAgent/infrastructure/configuration/general/ConfigurationRetry'
15:51:28.339 [Test worker] DEBUG com.tngtech.archunit.core.importer.JavaClassProcessor - Processing class 'com/uco/TrafficAgent/application/service/report/comand/dto/DtoSaveReport'
15:51:28.340 [Test worker] DEBUG com.tngtech.archunit.core.importer.JavaClassProcessor - Processing class 'com/uco/TrafficAgent/domain/dto/DtoReportSummary'
15:51:28.341 [Test worker] DEBUG com.tngtech.archunit.core.importer.JavaClassProcessor - Processing class 'com/uco/TrafficAgent/domain/port/report/RepositoryReport'
15:51:28.343 [Test worker] DEBUG com.tngtech.archunit.core.importer.JavaClassProcessor - Processing class 'com/uco/TrafficAgent/infrastructure/repository/report/adapter/entity/EntityReport'
15:51:28.344 [Test worker] DEBUG com.tngtech.archunit.core.importer.JavaClassProcessor - Processing class 'com/uco/TrafficAgent/domain/service/report/ServiceListAllReportByDate'
15:51:28.345 [Test worker] DEBUG com.tngtech.archunit.core.importer.JavaClassProcessor - Processing class 'com/uco/TrafficAgent/infrastructure/repository/type/adapter/repository/RepositoryTypeIdDB'
15:51:28.347 [Test worker] DEBUG com.tngtech.archunit.core.importer.JavaClassProcessor - Processing class 'com/uco/TrafficAgent/application/service/user/comand/dto/DtoRolUser'
15:51:28.348 [Test worker] DEBUG com.tngtech.archunit.core.importer.JavaClassProcessor - Processing class 'com/uco/TrafficAgent/domain/dto/DtoContactSummary'
15:51:28.349 [Test worker] DEBUG com.tngtech.archunit.core.importer.JavaClassProcessor - Processing class 'com/uco/TrafficAgent/infrastructure/aspect/LogExecutionTime'
15:51:28.350 [Test worker] DEBUG com.tngtech.archunit.core.importer.JavaClassProcessor - Processing class 'com/uco/TrafficAgent/infrastructure/mapper/user/impl/MapperUserImpl'
15:51:28.351 [Test worker] DEBUG com.tngtech.archunit.core.importer.JavaClassProcessor - Processing class 'com/uco/TrafficAgent/infrastructure/repository/user/adapter/entity/EntityUser'
15:51:28.353 [Test worker] DEBUG com.tngtech.archunit.core.importer.JavaClassProcessor - Processing class 'com/uco/TrafficAgent/domain/model/TypeIdentification'
15:51:28.354 [Test worker] DEBUG com.tngtech.archunit.core.importer.JavaClassProcessor - Processing class 'com/uco/TrafficAgent/domain/port/contact/RepositoryContact'
15:51:28.355 [Test worker] DEBUG com.tngtech.archunit.core.importer.JavaClassProcessor - Processing class 'com/uco/TrafficAgent/domain/service/token/ServiceGenerateToken'
15:51:28.356 [Test worker] DEBUG com.tngtech.archunit.core.importer.JavaClassProcessor - Processing class 'com/uco/TrafficAgent/application/service/contact/consult/ServiceApplicationListAllByProximityContact'
15:51:28.357 [Test worker] DEBUG com.tngtech.archunit.core.importer.JavaClassProcessor - Processing class 'com/uco/TrafficAgent/application/service/contact/comand/ServiceApplicationSaveContact'
15:51:28.359 [Test worker] DEBUG com.tngtech.archunit.core.importer.JavaClassProcessor - Processing class 'com/uco/TrafficAgent/application/service/user/comand/dto/DtoSaveUser'
15:51:28.360 [Test worker] DEBUG com.tngtech.archunit.core.importer.JavaClassProcessor - Processing class 'com/uco/TrafficAgent/domain/dto/DtoUserSummary'
15:51:28.361 [Test worker] DEBUG com.tngtech.archunit.core.importer.JavaClassProcessor - Processing class 'com/uco/TrafficAgent/application/mapper/report/impl/MapperApplicationReportImpl'
15:51:28.362 [Test worker] DEBUG com.tngtech.archunit.core.importer.JavaClassProcessor - Processing class 'com/uco/TrafficAgent/infrastructure/repository/report/adapter/repository/RepositoryReportDB'
15:51:28.364 [Test worker] DEBUG com.tngtech.archunit.core.importer.JavaClassProcessor - Processing class 'com/uco/TrafficAgent/infrastructure/error/Error'
15:51:28.365 [Test worker] DEBUG com.tngtech.archunit.core.importer.JavaClassProcessor - Processing class 'com/uco/TrafficAgent/application/mapper/MapperApplicationObject'
15:51:28.366 [Test worker] DEBUG com.tngtech.archunit.core.importer.JavaClassProcessor - Processing class 'com/uco/TrafficAgent/TrafficAgentApplication'
15:51:28.367 [Test worker] DEBUG com.tngtech.archunit.core.importer.JavaClassProcessor - Processing class 'com/uco/TrafficAgent/domain/dto/DtoCurrentUser'
15:51:28.368 [Test worker] DEBUG com.tngtech.archunit.core.importer.JavaClassProcessor - Processing class 'com/uco/TrafficAgent/infrastructure/configuration/model/BeanServiceUser'
15:51:28.369 [Test worker] DEBUG com.tngtech.archunit.core.importer.JavaClassProcessor - Processing class 'com/uco/TrafficAgent/infrastructure/repository/report/controller/ComandControllerReport'
15:51:28.370 [Test worker] DEBUG com.tngtech.archunit.core.importer.JavaClassProcessor - Processing class 'com/uco/TrafficAgent/application/service/report/comand/ServiceApplicationSaveReport'
15:51:28.371 [Test worker] DEBUG com.tngtech.archunit.core.importer.JavaClassProcessor - Processing class 'com/uco/TrafficAgent/domain/service/report/ServiceListAllReportByUser'
15:51:28.372 [Test worker] DEBUG com.tngtech.archunit.core.importer.JavaClassProcessor - Processing class 'com/uco/TrafficAgent/infrastructure/aspect/SecuredAspect'
15:51:28.373 [Test worker] DEBUG com.tngtech.archunit.core.importer.JavaClassProcessor - Processing class 'com/uco/TrafficAgent/infrastructure/repository/user/adapter/repository/jpa/RepositoryUserJpa'
15:51:28.375 [Test worker] DEBUG com.tngtech.archunit.core.importer.JavaClassProcessor - Processing class 'com/uco/TrafficAgent/infrastructure/repository/user/controller/ComandControllerUser'
15:51:28.376 [Test worker] DEBUG com.tngtech.archunit.core.importer.JavaClassProcessor - Processing class 'com/uco/TrafficAgent/infrastructure/repository/type/adapter/entity/EntityTypeId'
15:51:28.377 [Test worker] DEBUG com.tngtech.archunit.core.importer.JavaClassProcessor - Processing class 'com/uco/TrafficAgent/domain/model/User'
15:51:28.378 [Test worker] DEBUG com.tngtech.archunit.core.importer.JavaClassProcessor - Processing class 'com/uco/TrafficAgent/infrastructure/configuration/email/JavaMailConfig$1'
15:51:28.379 [Test worker] DEBUG com.tngtech.archunit.core.importer.JavaClassProcessor - Processing class 'com/uco/TrafficAgent/domain/validator/ValidatorObjects'
15:51:28.380 [Test worker] DEBUG com.tngtech.archunit.core.importer.JavaClassProcessor - Processing class 'com/uco/TrafficAgent/domain/service/contact/ServiceListsAllByProximityContact'
15:51:28.381 [Test worker] DEBUG com.tngtech.archunit.core.importer.JavaClassProcessor - Processing class 'com/uco/TrafficAgent/infrastructure/repository/contact/controller/ComandControllerContact'
15:51:28.382 [Test worker] DEBUG com.tngtech.archunit.core.importer.JavaClassProcessor - Processing class 'com/uco/TrafficAgent/infrastructure/service/token/ServiceGetCurrentUserJwt'
15:51:28.383 [Test worker] DEBUG com.tngtech.archunit.core.importer.JavaClassProcessor - Processing class 'com/uco/TrafficAgent/infrastructure/service/token/ServiceGenerateTokenJWT'
15:51:28.384 [Test worker] DEBUG com.tngtech.archunit.core.importer.JavaClassProcessor - Processing class 'com/uco/TrafficAgent/infrastructure/aspect/LogExecutionAspect'
15:51:28.386 [Test worker] DEBUG com.tngtech.archunit.core.importer.JavaClassProcessor - Processing class 'com/uco/TrafficAgent/domain/model/RolUser'
15:51:28.387 [Test worker] DEBUG com.tngtech.archunit.core.importer.JavaClassProcessor - Processing class 'com/uco/TrafficAgent/infrastructure/filter/FilterAuth'
15:51:28.388 [Test worker] DEBUG com.tngtech.archunit.core.importer.JavaClassProcessor - Processing class 'com/uco/TrafficAgent/infrastructure/repository/rol/adapter/entity/EntityRol'
15:51:28.392 [Test worker] DEBUG com.tngtech.archunit.core.importer.JavaClassProcessor - Processing class 'com/uco/TrafficAgent/infrastructure/configuration/email/JavaMailConfig'
15:51:28.393 [Test worker] DEBUG com.tngtech.archunit.core.importer.JavaClassProcessor - Processing class 'com/uco/TrafficAgent/infrastructure/repository/contact/adapter/repository/jpa/RepositoryContactJpa'
15:51:28.395 [Test worker] DEBUG com.tngtech.archunit.core.importer.JavaClassProcessor - Processing class 'com/uco/TrafficAgent/infrastructure/repository/report/controller/ConsultControllerReport'
15:51:28.396 [Test worker] DEBUG com.tngtech.archunit.core.importer.JavaClassProcessor - Processing class 'com/uco/TrafficAgent/domain/service/user/ServiceDeleteUser'
15:51:28.397 [Test worker] DEBUG com.tngtech.archunit.core.importer.JavaClassProcessor - Processing class 'com/uco/TrafficAgent/infrastructure/repository/contact/adapter/repository/jpa/RepositoryContactEmergencyJpa'
15:51:28.398 [Test worker] DEBUG com.tngtech.archunit.core.importer.JavaClassProcessor - Processing class 'com/uco/TrafficAgent/infrastructure/mapper/MapperInfrastructureObject'
15:51:28.399 [Test worker] DEBUG com.tngtech.archunit.core.importer.JavaClassProcessor - Processing class 'com/uco/TrafficAgent/domain/service/token/ServiceEncryptText'
15:51:28.400 [Test worker] DEBUG com.tngtech.archunit.core.importer.JavaClassProcessor - Processing class 'com/uco/TrafficAgent/infrastructure/repository/user/controller/ConsultControllerUser'
15:51:28.401 [Test worker] DEBUG com.tngtech.archunit.core.importer.JavaClassProcessor - Processing class 'com/uco/TrafficAgent/application/service/user/comand/ServiceApplicationDeleteUser'
15:51:28.402 [Test worker] DEBUG com.tngtech.archunit.core.importer.JavaClassProcessor - Processing class 'com/uco/TrafficAgent/domain/validator/ValidatorAttributes'
15:51:28.403 [Test worker] DEBUG com.tngtech.archunit.core.importer.JavaClassProcessor - Processing class 'com/uco/TrafficAgent/infrastructure/aspect/service/AuthorizationService'
15:51:28.404 [Test worker] DEBUG com.tngtech.archunit.core.importer.JavaClassProcessor - Processing class 'com/uco/TrafficAgent/infrastructure/configuration/general/ConfigurationRestTemplate'
15:51:28.405 [Test worker] DEBUG com.tngtech.archunit.core.importer.JavaClassProcessor - Processing class 'com/uco/TrafficAgent/infrastructure/aspect/exception/ExceptionUserUnauthorized'
15:51:28.406 [Test worker] DEBUG com.tngtech.archunit.core.importer.JavaClassProcessor - Processing class 'com/uco/TrafficAgent/infrastructure/error/ErrorHandler'
15:51:28.408 [Test worker] DEBUG com.tngtech.archunit.core.importer.JavaClassProcessor - Processing class 'com/uco/TrafficAgent/application/service/user/comand/dto/DtoUpdateUser'
15:51:28.409 [Test worker] DEBUG com.tngtech.archunit.core.importer.JavaClassProcessor - Processing class 'com/uco/TrafficAgent/application/service/user/consult/ServiceApplicationListAllUser'
15:51:28.410 [Test worker] DEBUG com.tngtech.archunit.core.importer.JavaClassProcessor - Processing class 'com/uco/TrafficAgent/domain/service/contact/ServiceSaveContact'
15:51:28.412 [Test worker] DEBUG com.tngtech.archunit.core.importer.JavaClassProcessor - Processing class 'com/uco/TrafficAgent/domain/service/user/ServiceSaveUser'
15:51:28.413 [Test worker] DEBUG com.tngtech.archunit.core.importer.JavaClassProcessor - Processing class 'com/uco/TrafficAgent/domain/service/user/ServiceUpdateUser'
15:51:28.414 [Test worker] DEBUG com.tngtech.archunit.core.importer.JavaClassProcessor - Processing class 'com/uco/TrafficAgent/infrastructure/service/token/ServiceValidateToken'
15:51:28.415 [Test worker] DEBUG com.tngtech.archunit.core.importer.JavaClassProcessor - Processing class 'com/uco/TrafficAgent/domain/port/type/RepositoryTypeId'
15:51:28.416 [Test worker] DEBUG com.tngtech.archunit.core.importer.JavaClassProcessor - Processing class 'com/uco/TrafficAgent/domain/service/token/ServiceGetCurrentUser'
15:51:28.416 [Test worker] DEBUG com.tngtech.archunit.core.importer.JavaClassProcessor - Processing class 'com/uco/TrafficAgent/infrastructure/configuration/general/ConfigurationSecurity'
15:51:28.417 [Test worker] DEBUG com.tngtech.archunit.core.importer.JavaClassProcessor - Processing class 'com/uco/TrafficAgent/infrastructure/repository/login/controller/ComandControllerLogin'
15:51:28.418 [Test worker] DEBUG com.tngtech.archunit.core.importer.JavaClassProcessor - Processing class 'com/uco/TrafficAgent/infrastructure/configuration/model/BeanServiceContact'
15:51:28.419 [Test worker] DEBUG com.tngtech.archunit.core.importer.JavaClassProcessor - Processing class 'com/uco/TrafficAgent/infrastructure/configuration/model/BeanServiceReport'
15:51:28.420 [Test worker] DEBUG com.tngtech.archunit.core.importer.JavaClassProcessor - Processing class 'com/uco/TrafficAgent/application/service/user/comand/ServiceApplicationUpdateUser'
15:51:28.421 [Test worker] DEBUG com.tngtech.archunit.core.importer.JavaClassProcessor - Processing class 'com/uco/TrafficAgent/infrastructure/repository/contact/adapter/repository/RepositoryContactDB'
15:51:28.422 [Test worker] DEBUG com.tngtech.archunit.core.importer.JavaClassProcessor - Processing class 'com/uco/TrafficAgent/domain/model/Contact'
15:51:28.423 [Test worker] DEBUG com.tngtech.archunit.core.importer.JavaClassProcessor - Processing class 'com/uco/TrafficAgent/infrastructure/repository/contact/adapter/entity/EntityContactEmergency'
15:51:28.423 [Test worker] DEBUG com.tngtech.archunit.core.importer.JavaClassProcessor - Processing class 'com/uco/TrafficAgent/application/service/user/comand/ServiceApplicationSaveUser'
15:51:28.424 [Test worker] DEBUG com.tngtech.archunit.core.importer.JavaClassProcessor - Processing class 'com/uco/TrafficAgent/domain/port/user/RepositoryUser'
15:51:28.425 [Test worker] DEBUG com.tngtech.archunit.core.importer.JavaClassProcessor - Processing class 'com/uco/TrafficAgent/infrastructure/repository/contact/adapter/entity/EntityContact'
15:51:28.426 [Test worker] DEBUG com.tngtech.archunit.core.importer.JavaClassProcessor - Processing class 'com/uco/TrafficAgent/application/encrypted/ServiceEncryptedPassword'
15:51:28.427 [Test worker] DEBUG com.tngtech.archunit.core.importer.JavaClassProcessor - Processing class 'com/uco/TrafficAgent/infrastructure/service/token/ServiceValidateTokenJWT'
15:51:28.428 [Test worker] DEBUG com.tngtech.archunit.core.importer.JavaClassProcessor - Processing class 'com/uco/TrafficAgent/application/mapper/contact/impl/MapperApplicationContactImpl'
15:51:28.429 [Test worker] DEBUG com.tngtech.archunit.core.importer.JavaClassProcessor - Processing class 'com/uco/TrafficAgent/infrastructure/repository/user/adapter/repository/RepositoryUserDB'
15:51:28.430 [Test worker] DEBUG com.tngtech.archunit.core.importer.JavaClassProcessor - Processing class 'com/uco/TrafficAgent/infrastructure/repository/type/adapter/repository/jpa/RepositoryTypeIdJpa'
15:51:28.431 [Test worker] DEBUG com.tngtech.archunit.core.importer.JavaClassProcessor - Processing class 'com/uco/TrafficAgent/application/service/DtoResponse'
15:51:28.431 [Test worker] DEBUG com.tngtech.archunit.core.importer.JavaClassProcessor - Processing class 'com/uco/TrafficAgent/application/service/login/dto/DtoLogin'
15:51:28.432 [Test worker] DEBUG com.tngtech.archunit.core.importer.JavaClassProcessor - Processing class 'com/uco/TrafficAgent/domain/model/Report'
15:51:28.433 [Test worker] DEBUG com.tngtech.archunit.core.importer.JavaClassProcessor - Processing class 'com/uco/TrafficAgent/infrastructure/repository/contact/controller/ConsultControllerContact'
15:51:28.434 [Test worker] DEBUG com.tngtech.archunit.core.importer.JavaClassProcessor - Processing class 'com/uco/TrafficAgent/domain/service/user/ServiceListAllUser'
15:51:28.435 [Test worker] DEBUG com.tngtech.archunit.core.importer.JavaClassProcessor - Processing class 'com/uco/TrafficAgent/application/service/login/ServiceApplicationLogin'
15:51:28.436 [Test worker] DEBUG com.tngtech.archunit.core.importer.JavaClassProcessor - Processing class 'com/uco/TrafficAgent/infrastructure/aspect/Secured'
15:51:28.437 [Test worker] DEBUG com.tngtech.archunit.core.importer.JavaClassProcessor - Processing class 'com/uco/TrafficAgent/application/encrypted/impl/ServiceEncryptedPasswordImpl'
15:51:28.437 [Test worker] DEBUG com.tngtech.archunit.core.importer.JavaClassProcessor - Processing class 'com/uco/TrafficAgent/infrastructure/repository/report/adapter/repository/jpa/RepositoryReportJpa'
15:51:28.438 [Test worker] DEBUG com.tngtech.archunit.core.importer.JavaClassProcessor - Processing class 'com/uco/TrafficAgent/application/mapper/user/impl/MapperApplicationUserImpl'
15:51:28.439 [Test worker] DEBUG com.tngtech.archunit.core.importer.JavaClassProcessor - Processing class 'com/uco/TrafficAgent/application/service/report/consult/ServiceApplicationListAllReportByUser'
15:51:28.440 [Test worker] DEBUG com.tngtech.archunit.core.importer.DependencyResolutionProcess - Automatically resolving transitive class dependencies with the following configuration:
import.dependencyResolutionProcess.maxIterationsForMemberTypes = 1
import.dependencyResolutionProcess.maxIterationsForAccessesToTypes = 1
import.dependencyResolutionProcess.maxIterationsForSupertypes = -1
import.dependencyResolutionProcess.maxIterationsForEnclosingTypes = -1
import.dependencyResolutionProcess.maxIterationsForAnnotationTypes = -1
import.dependencyResolutionProcess.maxIterationsForGenericSignatureTypes = -1
15:51:28.441 [Test worker] DEBUG com.tngtech.archunit.core.importer.JavaClassProcessor - Processing class 'io/jsonwebtoken/impl/TextCodec'
15:51:28.441 [Test worker] DEBUG com.tngtech.archunit.core.importer.JavaClassProcessor - Processing class 'org/springframework/data/repository/query/Param'
15:51:28.442 [Test worker] DEBUG com.tngtech.archunit.core.importer.JavaClassProcessor - Processing class 'java/time/ZonedDateTime'
15:51:28.443 [Test worker] DEBUG com.tngtech.archunit.core.importer.JavaClassProcessor - Processing class 'org/springframework/beans/factory/annotation/Autowired'
15:51:28.444 [Test worker] DEBUG com.tngtech.archunit.core.importer.JavaClassProcessor - Processing class 'javax/crypto/spec/SecretKeySpec'
15:51:28.444 [Test worker] DEBUG com.tngtech.archunit.core.importer.JavaClassProcessor - Processing class 'java/lang/Record'
15:51:28.445 [Test worker] DEBUG com.tngtech.archunit.core.importer.JavaClassProcessor - Processing class 'java/lang/Integer'
15:51:28.445 [Test worker] DEBUG com.tngtech.archunit.core.importer.JavaClassProcessor - Processing class 'java/lang/Long'
15:51:28.446 [Test worker] DEBUG com.tngtech.archunit.core.importer.JavaClassProcessor - Processing class 'java/time/Duration'
15:51:28.447 [Test worker] DEBUG com.tngtech.archunit.core.importer.JavaClassProcessor - Processing class 'org/springframework/web/bind/annotation/PostMapping'
15:51:28.449 [Test worker] DEBUG com.tngtech.archunit.core.importer.JavaClassProcessor - Processing class 'javax/persistence/ManyToOne'
15:51:28.450 [Test worker] DEBUG com.tngtech.archunit.core.importer.JavaClassProcessor - Processing class 'java/lang/String'
15:51:28.451 [Test worker] DEBUG com.tngtech.archunit.core.importer.JavaClassProcessor - Processing class 'java/time/ZoneId'
15:51:28.453 [Test worker] DEBUG com.tngtech.archunit.core.importer.JavaClassProcessor - Processing class 'org/aspectj/lang/annotation/Around'
15:51:28.453 [Test worker] DEBUG com.tngtech.archunit.core.importer.JavaClassProcessor - Processing class 'java/util/stream/Stream'
15:51:28.454 [Test worker] DEBUG com.tngtech.archunit.core.importer.JavaClassProcessor - Processing class 'org/springframework/data/jpa/repository/Query'
15:51:28.455 [Test worker] DEBUG com.tngtech.archunit.core.importer.JavaClassProcessor - Processing class 'com/auth0/jwt/interfaces/DecodedJWT'
15:51:28.456 [Test worker] DEBUG com.tngtech.archunit.core.importer.JavaClassProcessor - Processing class 'java/time/LocalDateTime'
15:51:28.457 [Test worker] DEBUG com.tngtech.archunit.core.importer.JavaClassProcessor - Processing class 'org/springframework/web/filter/OncePerRequestFilter'
15:51:28.458 [Test worker] DEBUG com.tngtech.archunit.core.importer.JavaClassProcessor - Processing class 'org/springframework/retry/annotation/EnableRetry'
15:51:28.459 [Test worker] DEBUG com.tngtech.archunit.core.importer.JavaClassProcessor - Processing class 'org/springframework/web/bind/annotation/RequestBody'
15:51:28.460 [Test worker] DEBUG com.tngtech.archunit.core.importer.JavaClassProcessor - Processing class 'javax/persistence/Table'
15:51:28.461 [Test worker] DEBUG com.tngtech.archunit.core.importer.JavaClassProcessor - Processing class 'java/lang/annotation/Target'
15:51:28.461 [Test worker] DEBUG com.tngtech.archunit.core.importer.JavaClassProcessor - Processing class 'java/io/IOException'
15:51:28.462 [Test worker] DEBUG com.tngtech.archunit.core.importer.JavaClassProcessor - Processing class 'javax/mail/PasswordAuthentication'
15:51:28.463 [Test worker] DEBUG com.tngtech.archunit.core.importer.JavaClassProcessor - Processing class 'org/springframework/http/HttpStatus'
15:51:28.464 [Test worker] DEBUG com.tngtech.archunit.core.importer.JavaClassProcessor - Processing class 'javax/persistence/FetchType'
15:51:28.465 [Test worker] DEBUG com.tngtech.archunit.core.importer.JavaClassProcessor - Processing class 'javax/mail/Session'
15:51:28.466 [Test worker] DEBUG com.tngtech.archunit.core.importer.JavaClassProcessor - Processing class 'org/springframework/web/bind/annotation/PathVariable'
15:51:28.467 [Test worker] DEBUG com.tngtech.archunit.core.importer.JavaClassProcessor - Processing class 'javax/servlet/FilterChain'
15:51:28.467 [Test worker] DEBUG com.tngtech.archunit.core.importer.JavaClassProcessor - Processing class 'javax/servlet/ServletException'
15:51:28.468 [Test worker] DEBUG com.tngtech.archunit.core.importer.JavaClassProcessor - Processing class 'java/util/Date'
15:51:28.469 [Test worker] DEBUG com.tngtech.archunit.core.importer.JavaClassProcessor - Processing class 'org/springframework/boot/SpringApplication'
15:51:28.471 [Test worker] DEBUG com.tngtech.archunit.core.importer.JavaClassProcessor - Processing class 'org/springframework/web/bind/annotation/PutMapping'
15:51:28.472 [Test worker] DEBUG com.tngtech.archunit.core.importer.JavaClassProcessor - Processing class 'org/aspectj/lang/annotation/Aspect'
15:51:28.472 [Test worker] DEBUG com.tngtech.archunit.core.importer.JavaClassProcessor - Processing class 'java/lang/reflect/Method'
15:51:28.473 [Test worker] DEBUG com.tngtech.archunit.core.importer.JavaClassProcessor - Processing class 'org/springframework/web/bind/annotation/DeleteMapping'
15:51:28.475 [Test worker] DEBUG com.tngtech.archunit.core.importer.JavaClassProcessor - Processing class 'org/springframework/web/client/RestTemplate'
15:51:28.494 [Test worker] DEBUG com.tngtech.archunit.core.importer.JavaClassProcessor - Processing class 'java/util/concurrent/ConcurrentHashMap'
15:51:28.497 [Test worker] DEBUG com.tngtech.archunit.core.importer.JavaClassProcessor - Processing class 'java/util/UUID'
15:51:28.498 [Test worker] DEBUG com.tngtech.archunit.core.importer.JavaClassProcessor - Processing class 'java/util/stream/Collectors'
15:51:28.500 [Test worker] DEBUG com.tngtech.archunit.core.importer.JavaClassProcessor - Processing class 'io/jsonwebtoken/Jwts'
15:51:28.511 [Test worker] DEBUG com.tngtech.archunit.core.importer.JavaClassProcessor - Processing class 'org/springframework/core/env/Environment'
15:51:28.512 [Test worker] DEBUG com.tngtech.archunit.core.importer.JavaClassProcessor - Processing class 'java/lang/annotation/Annotation'
15:51:28.513 [Test worker] DEBUG com.tngtech.archunit.core.importer.JavaClassProcessor - Processing class 'org/springframework/data/jpa/repository/JpaRepository'
15:51:28.514 [Test worker] DEBUG com.tngtech.archunit.core.importer.JavaClassProcessor - Processing class 'javax/mail/Authenticator'
15:51:28.515 [Test worker] DEBUG com.tngtech.archunit.core.importer.JavaClassProcessor - Processing class 'org/springframework/web/bind/annotation/ResponseStatus'
15:51:28.516 [Test worker] DEBUG com.tngtech.archunit.core.importer.JavaClassProcessor - Processing class 'org/aspectj/lang/JoinPoint'
15:51:28.517 [Test worker] DEBUG com.tngtech.archunit.core.importer.JavaClassProcessor - Processing class 'javax/persistence/Id'
15:51:28.518 [Test worker] DEBUG com.tngtech.archunit.core.importer.JavaClassProcessor - Processing class 'org/slf4j/Logger'
15:51:28.520 [Test worker] DEBUG com.tngtech.archunit.core.importer.JavaClassProcessor - Processing class 'javax/persistence/JoinColumn'
15:51:28.522 [Test worker] DEBUG com.tngtech.archunit.core.importer.JavaClassProcessor - Processing class 'org/springframework/web/context/request/ServletRequestAttributes'
15:51:28.523 [Test worker] DEBUG com.tngtech.archunit.core.importer.JavaClassProcessor - Processing class 'org/aspectj/lang/annotation/Before'
15:51:28.523 [Test worker] DEBUG com.tngtech.archunit.core.importer.JavaClassProcessor - Processing class 'java/lang/Object'
15:51:28.524 [Test worker] DEBUG com.tngtech.archunit.core.importer.JavaClassProcessor - Processing class 'org/aspectj/lang/reflect/MethodSignature'
15:51:28.525 [Test worker] DEBUG com.tngtech.archunit.core.importer.JavaClassProcessor - Processing class 'java/lang/Class'
15:51:28.528 [Test worker] DEBUG com.tngtech.archunit.core.importer.JavaClassProcessor - Processing class 'org/springframework/http/ResponseEntity'
15:51:28.529 [Test worker] DEBUG com.tngtech.archunit.core.importer.JavaClassProcessor - Processing class 'org/springframework/context/annotation/Bean'
15:51:28.530 [Test worker] DEBUG com.tngtech.archunit.core.importer.JavaClassProcessor - Processing class 'java/util/Comparator'
15:51:28.531 [Test worker] DEBUG com.tngtech.archunit.core.importer.JavaClassProcessor - Processing class 'org/apache/commons/codec/digest/DigestUtils'
15:51:28.535 [Test worker] DEBUG com.tngtech.archunit.core.importer.JavaClassProcessor - Processing class 'java/lang/annotation/RetentionPolicy'
15:51:28.535 [Test worker] DEBUG com.tngtech.archunit.core.importer.JavaClassProcessor - Processing class 'java/util/Arrays'
15:51:28.539 [Test worker] DEBUG com.tngtech.archunit.core.importer.JavaClassProcessor - Processing class 'org/springframework/web/bind/annotation/RequestParam'
15:51:28.539 [Test worker] DEBUG com.tngtech.archunit.core.importer.JavaClassProcessor - Processing class 'java/lang/System'
15:51:28.541 [Test worker] DEBUG com.tngtech.archunit.core.importer.JavaClassProcessor - Processing class 'org/springframework/web/context/request/RequestContextHolder'
15:51:28.542 [Test worker] DEBUG com.tngtech.archunit.core.importer.JavaClassProcessor - Processing class 'io/jsonwebtoken/JwtBuilder'
15:51:28.543 [Test worker] DEBUG com.tngtech.archunit.core.importer.JavaClassProcessor - Processing class 'io/jsonwebtoken/SignatureAlgorithm'
15:51:28.543 [Test worker] DEBUG com.tngtech.archunit.core.importer.JavaClassProcessor - Processing class 'org/springframework/stereotype/Repository'
15:51:28.545 [Test worker] DEBUG com.tngtech.archunit.core.importer.JavaClassProcessor - Processing class 'com/auth0/jwt/interfaces/Claim'
15:51:28.546 [Test worker] DEBUG com.tngtech.archunit.core.importer.JavaClassProcessor - Processing class 'javax/persistence/Entity'
15:51:28.546 [Test worker] DEBUG com.tngtech.archunit.core.importer.JavaClassProcessor - Processing class 'javax/persistence/CascadeType'
15:51:28.547 [Test worker] DEBUG com.tngtech.archunit.core.importer.JavaClassProcessor - Processing class 'javax/mail/Transport'
15:51:28.549 [Test worker] DEBUG com.tngtech.archunit.core.importer.JavaClassProcessor - Processing class 'org/springframework/web/bind/annotation/RestController'
15:51:28.550 [Test worker] DEBUG com.tngtech.archunit.core.importer.JavaClassProcessor - Processing class 'java/lang/Exception'
15:51:28.550 [Test worker] DEBUG com.tngtech.archunit.core.importer.JavaClassProcessor - Processing class 'javax/persistence/GeneratedValue'
15:51:28.551 [Test worker] DEBUG com.tngtech.archunit.core.importer.JavaClassProcessor - Processing class 'java/lang/Throwable'
15:51:28.552 [Test worker] DEBUG com.tngtech.archunit.core.importer.JavaClassProcessor - Processing class 'com/auth0/jwt/JWT'
15:51:28.553 [Test worker] DEBUG com.tngtech.archunit.core.importer.JavaClassProcessor - Processing class 'java/util/ArrayList'
15:51:28.555 [Test worker] DEBUG com.tngtech.archunit.core.importer.JavaClassProcessor - Processing class 'javax/mail/internet/InternetAddress'
15:51:28.557 [Test worker] DEBUG com.tngtech.archunit.core.importer.JavaClassProcessor - Processing class 'org/springframework/beans/factory/annotation/Value'
15:51:28.558 [Test worker] DEBUG com.tngtech.archunit.core.importer.JavaClassProcessor - Processing class 'javax/servlet/http/HttpServletRequest'
15:51:28.559 [Test worker] DEBUG com.tngtech.archunit.core.importer.JavaClassProcessor - Processing class 'org/springframework/web/bind/annotation/ExceptionHandler'
15:51:28.560 [Test worker] DEBUG com.tngtech.archunit.core.importer.JavaClassProcessor - Processing class 'org/springframework/web/bind/annotation/ControllerAdvice'
15:51:28.562 [Test worker] DEBUG com.tngtech.archunit.core.importer.JavaClassProcessor - Processing class 'org/springframework/boot/autoconfigure/SpringBootApplication'
15:51:28.563 [Test worker] DEBUG com.tngtech.archunit.core.importer.JavaClassProcessor - Processing class 'java/util/Properties'
15:51:28.564 [Test worker] DEBUG com.tngtech.archunit.core.importer.JavaClassProcessor - Processing class 'javax/persistence/OneToMany'
15:51:28.565 [Test worker] DEBUG com.tngtech.archunit.core.importer.JavaClassProcessor - Processing class 'javax/mail/internet/MimeMessage'
15:51:28.566 [Test worker] DEBUG com.tngtech.archunit.core.importer.JavaClassProcessor - Processing class 'java/lang/RuntimeException'
15:51:28.567 [Test worker] DEBUG com.tngtech.archunit.core.importer.JavaClassProcessor - Processing class 'org/springframework/boot/web/client/RestTemplateBuilder'
15:51:28.569 [Test worker] DEBUG com.tngtech.archunit.core.importer.JavaClassProcessor - Processing class 'java/lang/IllegalStateException'
15:51:28.570 [Test worker] DEBUG com.tngtech.archunit.core.importer.JavaClassProcessor - Processing class 'io/jsonwebtoken/impl/crypto/DefaultJwtSignatureValidator'
15:51:28.571 [Test worker] DEBUG com.tngtech.archunit.core.importer.JavaClassProcessor - Processing class 'org/thymeleaf/spring5/SpringTemplateEngine'
15:51:28.572 [Test worker] DEBUG com.tngtech.archunit.core.importer.JavaClassProcessor - Processing class 'org/springframework/boot/web/servlet/FilterRegistrationBean'
15:51:28.573 [Test worker] DEBUG com.tngtech.archunit.core.importer.JavaClassProcessor - Processing class 'org/slf4j/LoggerFactory'
15:51:28.574 [Test worker] DEBUG com.tngtech.archunit.core.importer.JavaClassProcessor - Processing class 'javax/mail/MessagingException'
15:51:28.576 [Test worker] DEBUG com.tngtech.archunit.core.importer.JavaClassProcessor - Processing class 'org/springframework/context/annotation/Configuration'
15:51:28.577 [Test worker] DEBUG com.tngtech.archunit.core.importer.JavaClassProcessor - Processing class 'javax/persistence/GenerationType'
15:51:28.578 [Test worker] DEBUG com.tngtech.archunit.core.importer.JavaClassProcessor - Processing class 'javax/persistence/Column'
15:51:28.578 [Test worker] DEBUG com.tngtech.archunit.core.importer.JavaClassProcessor - Processing class 'java/util/List'
15:51:28.580 [Test worker] DEBUG com.tngtech.archunit.core.importer.JavaClassProcessor - Processing class 'java/util/Optional'
15:51:28.581 [Test worker] DEBUG com.tngtech.archunit.core.importer.JavaClassProcessor - Processing class 'org/thymeleaf/context/Context'
15:51:28.583 [Test worker] DEBUG com.tngtech.archunit.core.importer.JavaClassProcessor - Processing class 'org/springframework/web/bind/annotation/RequestMapping'
15:51:28.583 [Test worker] DEBUG com.tngtech.archunit.core.importer.JavaClassProcessor - Processing class 'java/lang/annotation/Retention'
15:51:28.584 [Test worker] DEBUG com.tngtech.archunit.core.importer.JavaClassProcessor - Processing class 'org/springframework/web/bind/annotation/GetMapping'
15:51:28.585 [Test worker] DEBUG com.tngtech.archunit.core.importer.JavaClassProcessor - Processing class 'java/util/Iterator'
15:51:28.586 [Test worker] DEBUG com.tngtech.archunit.core.importer.JavaClassProcessor - Processing class 'javax/servlet/http/HttpServletResponse'
15:51:28.587 [Test worker] DEBUG com.tngtech.archunit.core.importer.JavaClassProcessor - Processing class 'java/lang/annotation/ElementType'
15:51:28.588 [Test worker] DEBUG com.tngtech.archunit.core.importer.JavaClassProcessor - Processing class 'java/lang/IllegalArgumentException'
15:51:28.589 [Test worker] DEBUG com.tngtech.archunit.core.importer.JavaClassProcessor - Processing class 'org/springframework/stereotype/Component'
15:51:28.591 [Test worker] DEBUG com.tngtech.archunit.core.importer.JavaClassProcessor - Processing class 'javax/mail/Message$RecipientType'
15:51:28.592 [Test worker] DEBUG com.tngtech.archunit.core.importer.JavaClassProcessor - Processing class 'org/aspectj/lang/ProceedingJoinPoint'
15:51:28.592 [Test worker] DEBUG com.tngtech.archunit.core.importer.JavaClassProcessor - Processing class 'java/lang/annotation/Inherited'
15:51:28.593 [Test worker] DEBUG com.tngtech.archunit.core.importer.JavaClassProcessor - Processing class 'java/util/DoubleSummaryStatistics'
15:51:28.594 [Test worker] DEBUG com.tngtech.archunit.core.importer.JavaClassProcessor - Processing class 'java/util/function/DoubleConsumer'
15:51:28.594 [Test worker] DEBUG com.tngtech.archunit.core.importer.JavaClassProcessor - Processing class 'java/security/spec/KeySpec'
15:51:28.595 [Test worker] DEBUG com.tngtech.archunit.core.importer.JavaClassProcessor - Processing class 'javax/persistence/ConstraintMode'
15:51:28.597 [Test worker] DEBUG com.tngtech.archunit.core.importer.JavaClassProcessor - Processing class 'org/springframework/core/env/PropertyResolver'
15:51:28.597 [Test worker] DEBUG com.tngtech.archunit.core.importer.JavaClassProcessor - Processing class 'org/springframework/web/filter/GenericFilterBean'
15:51:28.598 [Test worker] DEBUG com.tngtech.archunit.core.importer.JavaClassProcessor - Processing class 'java/util/Map'
15:51:28.599 [Test worker] DEBUG com.tngtech.archunit.core.importer.JavaClassProcessor - Processing class 'java/lang/reflect/Executable'
15:51:28.600 [Test worker] DEBUG com.tngtech.archunit.core.importer.JavaClassProcessor - Processing class 'javax/servlet/Filter'
15:51:28.601 [Test worker] DEBUG com.tngtech.archunit.core.importer.JavaClassProcessor - Processing class 'java/lang/CharSequence'
15:51:28.602 [Test worker] DEBUG com.tngtech.archunit.core.importer.JavaClassProcessor - Processing class 'org/springframework/data/repository/PagingAndSortingRepository'
15:51:28.602 [Test worker] DEBUG com.tngtech.archunit.core.importer.JavaClassProcessor - Processing class 'java/time/chrono/ChronoLocalDateTime'
15:51:28.603 [Test worker] DEBUG com.tngtech.archunit.core.importer.JavaClassProcessor - Processing class 'java/util/Set'
15:51:28.604 [Test worker] DEBUG com.tngtech.archunit.core.importer.JavaClassProcessor - Processing class 'java/io/Serializable'
15:51:28.604 [Test worker] DEBUG com.tngtech.archunit.core.importer.JavaClassProcessor - Processing class 'org/springframework/http/client/ClientHttpRequestInterceptor'
15:51:28.605 [Test worker] DEBUG com.tngtech.archunit.core.importer.JavaClassProcessor - Processing class 'javax/mail/internet/MimePart'
15:51:28.606 [Test worker] DEBUG com.tngtech.archunit.core.importer.JavaClassProcessor - Processing class 'org/springframework/beans/factory/support/BeanNameGenerator'
15:51:28.606 [Test worker] DEBUG com.tngtech.archunit.core.importer.JavaClassProcessor - Processing class 'javax/mail/Header'
15:51:28.607 [Test worker] DEBUG com.tngtech.archunit.core.importer.JavaClassProcessor - Processing class 'jdk/internal/ValueBased'
15:51:28.607 [Test worker] DEBUG com.tngtech.archunit.core.importer.JavaClassProcessor - Processing class 'javax/crypto/SecretKey'
15:51:28.608 [Test worker] DEBUG com.tngtech.archunit.core.importer.JavaClassProcessor - Processing class 'org/springframework/http/client/support/InterceptingHttpAccessor'
15:51:28.608 [Test worker] DEBUG com.tngtech.archunit.core.importer.JavaClassProcessor - Processing class 'java/lang/reflect/AnnotatedElement'
15:51:28.609 [Test worker] DEBUG com.tngtech.archunit.core.importer.JavaClassProcessor - Processing class 'java/lang/Double'
15:51:28.610 [Test worker] DEBUG com.tngtech.archunit.core.importer.JavaClassProcessor - Processing class 'org/springframework/http/client/ClientHttpRequestFactory'
15:51:28.611 [Test worker] DEBUG com.tngtech.archunit.core.importer.JavaClassProcessor - Processing class 'org/springframework/boot/web/client/RestTemplateCustomizer'
15:51:28.611 [Test worker] DEBUG com.tngtech.archunit.core.importer.JavaClassProcessor - Processing class 'java/lang/invoke/TypeDescriptor$OfField'
15:51:28.612 [Test worker] DEBUG com.tngtech.archunit.core.importer.JavaClassProcessor - Processing class 'org/springframework/boot/context/TypeExcludeFilter'
15:51:28.613 [Test worker] DEBUG com.tngtech.archunit.core.importer.JavaClassProcessor - Processing class 'org/springframework/boot/web/servlet/AbstractFilterRegistrationBean'
15:51:28.614 [Test worker] DEBUG com.tngtech.archunit.core.importer.JavaClassProcessor - Processing class 'org/springframework/data/repository/NoRepositoryBean'
15:51:28.615 [Test worker] DEBUG com.tngtech.archunit.core.importer.JavaClassProcessor - Processing class 'org/springframework/boot/BootstrapRegistryInitializer'
15:51:28.615 [Test worker] DEBUG com.tngtech.archunit.core.importer.JavaClassProcessor - Processing class 'java/util/RandomAccess'
15:51:28.616 [Test worker] DEBUG com.tngtech.archunit.core.importer.JavaClassProcessor - Processing class 'javax/mail/Provider'
15:51:28.617 [Test worker] DEBUG com.tngtech.archunit.core.importer.JavaClassProcessor - Processing class 'javax/mail/Service'
15:51:28.617 [Test worker] DEBUG com.tngtech.archunit.core.importer.JavaClassProcessor - Processing class 'java/time/temporal/TemporalAmount'
15:51:28.618 [Test worker] DEBUG com.tngtech.archunit.core.importer.JavaClassProcessor - Processing class 'org/springframework/lang/Nullable'
15:51:28.619 [Test worker] DEBUG com.tngtech.archunit.core.importer.JavaClassProcessor - Processing class 'org/springframework/stereotype/Indexed'
15:51:28.620 [Test worker] DEBUG com.tngtech.archunit.core.importer.JavaClassProcessor - Processing class 'java/lang/Number'
15:51:28.620 [Test worker] DEBUG com.tngtech.archunit.core.importer.JavaClassProcessor - Processing class 'java/lang/SafeVarargs'
15:51:28.621 [Test worker] DEBUG com.tngtech.archunit.core.importer.JavaClassProcessor - Processing class 'java/util/Map$Entry'
15:51:28.621 [Test worker] DEBUG com.tngtech.archunit.core.importer.JavaClassProcessor - Processing class 'jdk/internal/vm/annotation/IntrinsicCandidate'
15:51:28.622 [Test worker] DEBUG com.tngtech.archunit.core.importer.JavaClassProcessor - Processing class 'java/util/stream/LongStream'
15:51:28.623 [Test worker] DEBUG com.tngtech.archunit.core.importer.JavaClassProcessor - Processing class 'org/springframework/boot/autoconfigure/EnableAutoConfiguration'
15:51:28.623 [Test worker] DEBUG com.tngtech.archunit.core.importer.JavaClassProcessor - Processing class 'java/lang/Deprecated'
15:51:28.624 [Test worker] DEBUG com.tngtech.archunit.core.importer.JavaClassProcessor - Processing class 'org/springframework/http/HttpMethod'
15:51:28.625 [Test worker] DEBUG com.tngtech.archunit.core.importer.JavaClassProcessor - Processing class 'org/springframework/context/annotation/Import'
15:51:28.626 [Test worker] DEBUG com.tngtech.archunit.core.importer.JavaClassProcessor - Processing class 'javax/persistence/JoinColumns'
15:51:28.627 [Test worker] DEBUG com.tngtech.archunit.core.importer.JavaClassProcessor - Processing class 'org/springframework/web/client/RestOperations'
15:51:28.629 [Test worker] DEBUG com.tngtech.archunit.core.importer.JavaClassProcessor - Processing class 'java/lang/reflect/Field'
15:51:28.630 [Test worker] DEBUG com.tngtech.archunit.core.importer.JavaClassProcessor - Processing class 'com/auth0/jwt/interfaces/Header'
15:51:28.631 [Test worker] DEBUG com.tngtech.archunit.core.importer.JavaClassProcessor - Processing class 'java/util/stream/Collector$Characteristics'
15:51:28.632 [Test worker] DEBUG com.tngtech.archunit.core.importer.JavaClassProcessor - Processing class 'org/springframework/context/annotation/ComponentScan'
15:51:28.633 [Test worker] DEBUG com.tngtech.archunit.core.importer.JavaClassProcessor - Processing class 'org/thymeleaf/context/AbstractContext'
15:51:28.634 [Test worker] DEBUG com.tngtech.archunit.core.importer.JavaClassProcessor - Processing class 'java/lang/constant/Constable'
15:51:28.635 [Test worker] DEBUG com.tngtech.archunit.core.importer.JavaClassProcessor - Processing class 'java/time/chrono/ChronoZonedDateTime'
15:51:28.636 [Test worker] DEBUG com.tngtech.archunit.core.importer.JavaClassProcessor - Processing class 'org/springframework/boot/SpringBootConfiguration'
15:51:28.637 [Test worker] DEBUG com.tngtech.archunit.core.importer.JavaClassProcessor - Processing class 'java/lang/Comparable'
15:51:28.637 [Test worker] DEBUG com.tngtech.archunit.core.importer.JavaClassProcessor - Processing class 'java/time/temporal/TemporalAdjuster'
15:51:28.638 [Test worker] DEBUG com.tngtech.archunit.core.importer.JavaClassProcessor - Processing class 'javax/mail/Message'
15:51:28.639 [Test worker] DEBUG com.tngtech.archunit.core.importer.JavaClassProcessor - Processing class 'javax/mail/URLName'
15:51:28.641 [Test worker] DEBUG com.tngtech.archunit.core.importer.JavaClassProcessor - Processing class 'java/net/URL'
15:51:28.642 [Test worker] DEBUG com.tngtech.archunit.core.importer.JavaClassProcessor - Processing class 'java/util/function/IntConsumer'
15:51:28.643 [Test worker] DEBUG com.tngtech.archunit.core.importer.JavaClassProcessor - Processing class 'java/util/AbstractList'
15:51:28.644 [Test worker] DEBUG com.tngtech.archunit.core.importer.JavaClassProcessor - Processing class 'org/springframework/data/annotation/QueryAnnotation'
15:51:28.645 [Test worker] DEBUG com.tngtech.archunit.core.importer.JavaClassProcessor - Processing class 'org/springframework/context/annotation/ComponentScan$Filter'
15:51:28.646 [Test worker] DEBUG com.tngtech.archunit.core.importer.JavaClassProcessor - Processing class 'java/lang/Enum'
15:51:28.647 [Test worker] DEBUG com.tngtech.archunit.core.importer.JavaClassProcessor - Processing class 'io/jsonwebtoken/impl/crypto/JwtSignatureValidator'
15:51:28.648 [Test worker] DEBUG com.tngtech.archunit.core.importer.JavaClassProcessor - Processing class 'org/springframework/web/context/request/RequestAttributes'
15:51:28.649 [Test worker] DEBUG com.tngtech.archunit.core.importer.JavaClassProcessor - Processing class 'java/lang/annotation/Documented'
15:51:28.650 [Test worker] DEBUG com.tngtech.archunit.core.importer.JavaClassProcessor - Processing class 'org/springframework/boot/web/client/RestTemplateRequestCustomizer'
15:51:28.650 [Test worker] DEBUG com.tngtech.archunit.core.importer.JavaClassProcessor - Processing class 'java/lang/Cloneable'
15:51:28.651 [Test worker] DEBUG com.tngtech.archunit.core.importer.JavaClassProcessor - Processing class 'jdk/internal/vm/annotation/ForceInline'
15:51:28.652 [Test worker] DEBUG com.tngtech.archunit.core.importer.JavaClassProcessor - Processing class 'org/springframework/http/HttpHeaders'
15:51:28.656 [Test worker] DEBUG com.tngtech.archunit.core.importer.JavaClassProcessor - Processing class 'javax/persistence/ForeignKey'
15:51:28.656 [Test worker] DEBUG com.tngtech.archunit.core.importer.JavaClassProcessor - Processing class 'java/util/Collection'
15:51:28.658 [Test worker] DEBUG com.tngtech.archunit.core.importer.JavaClassProcessor - Processing class 'org/springframework/web/bind/annotation/RequestMethod'
15:51:28.659 [Test worker] DEBUG com.tngtech.archunit.core.importer.JavaClassProcessor - Processing class 'org/springframework/context/ApplicationListener'
15:51:28.660 [Test worker] DEBUG com.tngtech.archunit.core.importer.JavaClassProcessor - Processing class 'org/springframework/beans/factory/annotation/Autowire'
15:51:28.661 [Test worker] DEBUG com.tngtech.archunit.core.importer.JavaClassProcessor - Processing class 'java/util/stream/DoubleStream'
15:51:28.662 [Test worker] DEBUG com.tngtech.archunit.core.importer.JavaClassProcessor - Processing class 'org/springframework/http/HttpEntity'
15:51:28.663 [Test worker] DEBUG com.tngtech.archunit.core.importer.JavaClassProcessor - Processing class 'java/lang/Class$ReflectionData'
15:51:28.664 [Test worker] DEBUG com.tngtech.archunit.core.importer.JavaClassProcessor - Processing class 'java/lang/reflect/Type'
15:51:28.664 [Test worker] DEBUG com.tngtech.archunit.core.importer.JavaClassProcessor - Processing class 'javax/servlet/ServletResponse'
15:51:28.665 [Test worker] DEBUG com.tngtech.archunit.core.importer.JavaClassProcessor - Processing class 'jdk/internal/reflect/CallerSensitive'
15:51:28.666 [Test worker] DEBUG com.tngtech.archunit.core.importer.JavaClassProcessor - Processing class 'org/springframework/http/converter/HttpMessageConverter'
15:51:28.666 [Test worker] DEBUG com.tngtech.archunit.core.importer.JavaClassProcessor - Processing class 'java/time/LocalDate'
15:51:28.668 [Test worker] DEBUG com.tngtech.archunit.core.importer.JavaClassProcessor - Processing class 'org/springframework/boot/SpringBootExceptionReporter'
15:51:28.669 [Test worker] DEBUG com.tngtech.archunit.core.importer.JavaClassProcessor - Processing class 'java/time/temporal/Temporal'
15:51:28.669 [Test worker] DEBUG com.tngtech.archunit.core.importer.JavaClassProcessor - Processing class 'java/util/stream/IntStream'
15:51:28.671 [Test worker] DEBUG com.tngtech.archunit.core.importer.JavaClassProcessor - Processing class 'javax/mail/Address'
15:51:28.672 [Test worker] DEBUG com.tngtech.archunit.core.importer.JavaClassProcessor - Processing class 'org/springframework/context/annotation/EnableAspectJAutoProxy'
15:51:28.672 [Test worker] DEBUG com.tngtech.archunit.core.importer.JavaClassProcessor - Processing class 'java/time/temporal/TemporalUnit'
15:51:28.673 [Test worker] DEBUG com.tngtech.archunit.core.importer.JavaClassProcessor - Processing class 'org/springframework/boot/autoconfigure/AutoConfigurationExcludeFilter'
15:51:28.677 [Test worker] DEBUG com.tngtech.archunit.core.importer.JavaClassProcessor - Processing class 'org/springframework/web/context/request/AbstractRequestAttributes'
15:51:28.678 [Test worker] DEBUG com.tngtech.archunit.core.importer.JavaClassProcessor - Processing class 'org/springframework/stereotype/Controller'
15:51:28.679 [Test worker] DEBUG com.tngtech.archunit.core.importer.JavaClassProcessor - Processing class 'org/springframework/retry/annotation/RetryConfiguration'
15:51:28.680 [Test worker] DEBUG com.tngtech.archunit.core.importer.JavaClassProcessor - Processing class 'java/util/concurrent/ConcurrentMap'
15:51:28.681 [Test worker] DEBUG com.tngtech.archunit.core.importer.JavaClassProcessor - Processing class 'java/lang/FunctionalInterface'
15:51:28.682 [Test worker] DEBUG com.tngtech.archunit.core.importer.JavaClassProcessor - Processing class 'javax/servlet/http/HttpUpgradeHandler'
15:51:28.682 [Test worker] DEBUG com.tngtech.archunit.core.importer.JavaClassProcessor - Processing class 'java/lang/constant/ConstantDesc'
15:51:28.682 [Test worker] DEBUG com.tngtech.archunit.core.importer.JavaClassProcessor - Processing class 'java/lang/annotation/Repeatable'
15:51:28.683 [Test worker] DEBUG com.tngtech.archunit.core.importer.JavaClassProcessor - Processing class 'java/lang/Boolean'
15:51:28.684 [Test worker] DEBUG com.tngtech.archunit.core.importer.JavaClassProcessor - Processing class 'org/aspectj/lang/reflect/CodeSignature'
15:51:28.684 [Test worker] DEBUG com.tngtech.archunit.core.importer.JavaClassProcessor - Processing class 'org/springframework/context/annotation/FilterType'
15:51:28.685 [Test worker] DEBUG com.tngtech.archunit.core.importer.JavaClassProcessor - Processing class 'java/util/LongSummaryStatistics'
15:51:28.685 [Test worker] DEBUG com.tngtech.archunit.core.importer.JavaClassProcessor - Processing class 'java/util/Hashtable'
15:51:28.686 [Test worker] DEBUG com.tngtech.archunit.core.importer.JavaClassProcessor - Processing class 'java/lang/reflect/GenericDeclaration'
15:51:28.687 [Test worker] DEBUG com.tngtech.archunit.core.importer.JavaClassProcessor - Processing class 'org/springframework/core/annotation/AliasFor'
15:51:28.688 [Test worker] DEBUG com.tngtech.archunit.core.importer.JavaClassProcessor - Processing class 'javax/servlet/ServletRequest'
15:51:28.688 [Test worker] DEBUG com.tngtech.archunit.core.importer.JavaClassProcessor - Processing class 'jdk/internal/vm/annotation/Stable'
15:51:28.689 [Test worker] DEBUG com.tngtech.archunit.core.importer.JavaClassProcessor - Processing class 'org/springframework/context/MessageSourceAware'
15:51:28.690 [Test worker] DEBUG com.tngtech.archunit.core.importer.JavaClassProcessor - Processing class 'org/springframework/core/env/StandardEnvironment'
15:51:28.690 [Test worker] DEBUG com.tngtech.archunit.core.importer.JavaClassProcessor - Processing class 'org/springframework/web/bind/annotation/ResponseBody'
15:51:28.691 [Test worker] DEBUG com.tngtech.archunit.core.importer.JavaClassProcessor - Processing class 'java/util/function/LongConsumer'
15:51:28.691 [Test worker] DEBUG com.tngtech.archunit.core.importer.JavaClassProcessor - Processing class 'java/util/function/Consumer'
15:51:28.692 [Test worker] DEBUG com.tngtech.archunit.core.importer.JavaClassProcessor - Processing class 'org/thymeleaf/spring5/ISpringTemplateEngine'
15:51:28.693 [Test worker] DEBUG com.tngtech.archunit.core.importer.JavaClassProcessor - Processing class 'org/springframework/data/repository/query/QueryByExampleExecutor'
15:51:28.694 [Test worker] DEBUG com.tngtech.archunit.core.importer.JavaClassProcessor - Processing class 'io/jsonwebtoken/ClaimsMutator'
15:51:28.695 [Test worker] DEBUG com.tngtech.archunit.core.importer.JavaClassProcessor - Processing class 'java/util/AbstractMap'
15:51:28.696 [Test worker] DEBUG com.tngtech.archunit.core.importer.JavaClassProcessor - Processing class 'org/thymeleaf/TemplateEngine'
15:51:28.697 [Test worker] DEBUG com.tngtech.archunit.core.importer.JavaClassProcessor - Processing class 'javax/servlet/http/Part'
15:51:28.698 [Test worker] DEBUG com.tngtech.archunit.core.importer.JavaClassProcessor - Processing class 'java/lang/constant/ClassDesc'
15:51:28.699 [Test worker] DEBUG com.tngtech.archunit.core.importer.JavaClassProcessor - Processing class 'java/util/stream/BaseStream'
15:51:28.699 [Test worker] DEBUG com.tngtech.archunit.core.importer.JavaClassProcessor - Processing class 'java/util/IntSummaryStatistics'
15:51:28.701 [Test worker] DEBUG com.tngtech.archunit.core.importer.JavaClassProcessor - Processing class 'com/auth0/jwt/interfaces/Payload'
15:51:28.702 [Test worker] DEBUG com.tngtech.archunit.core.importer.JavaClassProcessor - Processing class 'org/springframework/context/ApplicationContextInitializer'
15:51:28.703 [Test worker] DEBUG com.tngtech.archunit.core.importer.JavaClassProcessor - Processing class 'javax/mail/event/TransportListener'
15:51:28.704 [Test worker] DEBUG com.tngtech.archunit.core.importer.JavaClassProcessor - Processing class 'org/springframework/web/bind/annotation/Mapping'
15:51:28.705 [Test worker] DEBUG com.tngtech.archunit.core.importer.JavaClassProcessor - Processing class 'org/thymeleaf/context/IContext'
15:51:28.706 [Test worker] DEBUG com.tngtech.archunit.core.importer.JavaClassProcessor - Processing class 'org/springframework/data/repository/query/FluentQuery$FetchableFluentQuery'
15:51:28.707 [Test worker] DEBUG com.tngtech.archunit.core.importer.JavaClassProcessor - Processing class 'java/lang/Enum$EnumDesc'
15:51:28.708 [Test worker] DEBUG com.tngtech.archunit.core.importer.JavaClassProcessor - Processing class 'java/util/stream/Collector'
15:51:28.708 [Test worker] DEBUG com.tngtech.archunit.core.importer.JavaClassProcessor - Processing class 'java/lang/invoke/TypeDescriptor'
15:51:28.709 [Test worker] DEBUG com.tngtech.archunit.core.importer.JavaClassProcessor - Processing class 'org/springframework/context/PayloadApplicationEvent'
15:51:28.710 [Test worker] DEBUG com.tngtech.archunit.core.importer.JavaClassProcessor - Processing class 'org/springframework/boot/autoconfigure/AutoConfigurationImportSelector'
15:51:28.712 [Test worker] DEBUG com.tngtech.archunit.core.importer.JavaClassProcessor - Processing class 'org/springframework/aop/IntroductionAdvisor'
15:51:28.712 [Test worker] DEBUG com.tngtech.archunit.core.importer.JavaClassProcessor - Processing class 'java/lang/reflect/Member'
15:51:28.713 [Test worker] DEBUG com.tngtech.archunit.core.importer.JavaClassProcessor - Processing class 'org/thymeleaf/linkbuilder/ILinkBuilder'
15:51:28.713 [Test worker] DEBUG com.tngtech.archunit.core.importer.JavaClassProcessor - Processing class 'java/util/EventListener'
15:51:28.714 [Test worker] DEBUG com.tngtech.archunit.core.importer.JavaClassProcessor - Processing class 'org/springframework/context/annotation/Role'
15:51:28.715 [Test worker] DEBUG com.tngtech.archunit.core.importer.JavaClassProcessor - Processing class 'org/springframework/beans/factory/DisposableBean'
15:51:28.715 [Test worker] DEBUG com.tngtech.archunit.core.importer.JavaClassProcessor - Processing class 'java/util/Dictionary'
15:51:28.716 [Test worker] DEBUG com.tngtech.archunit.core.importer.JavaClassProcessor - Processing class 'org/springframework/boot/autoconfigure/AutoConfigurationPackage'
15:51:28.717 [Test worker] DEBUG com.tngtech.archunit.core.importer.JavaClassProcessor - Processing class 'org/thymeleaf/messageresolver/IMessageResolver'
15:51:28.718 [Test worker] DEBUG com.tngtech.archunit.core.importer.JavaClassProcessor - Processing class 'javax/mail/Part'
15:51:28.718 [Test worker] DEBUG com.tngtech.archunit.core.importer.JavaClassProcessor - Processing class 'java/time/temporal/TemporalAccessor'
15:51:28.719 [Test worker] DEBUG com.tngtech.archunit.core.importer.JavaClassProcessor - Processing class 'org/springframework/http/client/ClientHttpRequest'
15:51:28.720 [Test worker] DEBUG com.tngtech.archunit.core.importer.JavaClassProcessor - Processing class 'org/springframework/beans/factory/BeanFactoryAware'
15:51:28.721 [Test worker] DEBUG com.tngtech.archunit.core.importer.JavaClassProcessor - Processing class 'org/springframework/core/env/EnvironmentCapable'
15:51:28.722 [Test worker] DEBUG com.tngtech.archunit.core.importer.JavaClassProcessor - Processing class 'javax/mail/event/ConnectionListener'
15:51:28.723 [Test worker] DEBUG com.tngtech.archunit.core.importer.JavaClassProcessor - Processing class 'org/springframework/boot/web/servlet/DynamicRegistrationBean'
15:51:28.724 [Test worker] DEBUG com.tngtech.archunit.core.importer.JavaClassProcessor - Processing class 'org/thymeleaf/dialect/IDialect'
15:51:28.724 [Test worker] DEBUG com.tngtech.archunit.core.importer.JavaClassProcessor - Processing class 'java/net/spi/URLStreamHandlerProvider'
15:51:28.725 [Test worker] DEBUG com.tngtech.archunit.core.importer.JavaClassProcessor - Processing class 'org/springframework/util/MultiValueMap'
15:51:28.726 [Test worker] DEBUG com.tngtech.archunit.core.importer.JavaClassProcessor - Processing class 'org/springframework/context/ApplicationEvent'
15:51:28.727 [Test worker] DEBUG com.tngtech.archunit.core.importer.JavaClassProcessor - Processing class 'javax/servlet/FilterRegistration$Dynamic'
15:51:28.728 [Test worker] DEBUG com.tngtech.archunit.core.importer.JavaClassProcessor - Processing class 'org/springframework/web/context/ServletContextAware'
15:51:28.728 [Test worker] DEBUG com.tngtech.archunit.core.importer.JavaClassProcessor - Processing class 'org/thymeleaf/ITemplateEngine'
15:51:28.729 [Test worker] DEBUG com.tngtech.archunit.core.importer.JavaClassProcessor - Processing class 'org/springframework/core/type/filter/TypeFilter'
15:51:28.730 [Test worker] DEBUG com.tngtech.archunit.core.importer.JavaClassProcessor - Processing class 'java/lang/AutoCloseable'
15:51:28.730 [Test worker] DEBUG com.tngtech.archunit.core.importer.JavaClassProcessor - Processing class 'java/lang/Runnable'
15:51:28.731 [Test worker] DEBUG com.tngtech.archunit.core.importer.JavaClassProcessor - Processing class 'java/util/AbstractCollection'
15:51:28.731 [Test worker] DEBUG com.tngtech.archunit.core.importer.JavaClassProcessor - Processing class 'java/util/Locale'
15:51:28.733 [Test worker] DEBUG com.tngtech.archunit.core.importer.JavaClassProcessor - Processing class 'org/springframework/context/ConfigurableApplicationContext'
15:51:28.734 [Test worker] DEBUG com.tngtech.archunit.core.importer.JavaClassProcessor - Processing class 'javax/security/auth/Destroyable'
15:51:28.735 [Test worker] DEBUG com.tngtech.archunit.core.importer.JavaClassProcessor - Processing class 'org/springframework/http/MediaType'
15:51:28.736 [Test worker] DEBUG com.tngtech.archunit.core.importer.JavaClassProcessor - Processing class 'java/util/Locale$LanguageRange'
15:51:28.737 [Test worker] DEBUG com.tngtech.archunit.core.importer.JavaClassProcessor - Processing class 'org/springframework/aop/support/AbstractPointcutAdvisor'
15:51:28.738 [Test worker] DEBUG com.tngtech.archunit.core.importer.JavaClassProcessor - Processing class 'java/security/Key'
15:51:28.739 [Test worker] DEBUG com.tngtech.archunit.core.importer.JavaClassProcessor - Processing class 'java/lang/constant/DynamicConstantDesc'
15:51:28.740 [Test worker] DEBUG com.tngtech.archunit.core.importer.JavaClassProcessor - Processing class 'java/net/URLStreamHandler'
15:51:28.741 [Test worker] DEBUG com.tngtech.archunit.core.importer.JavaClassProcessor - Processing class 'org/springframework/http/client/support/HttpAccessor'
15:51:28.742 [Test worker] DEBUG com.tngtech.archunit.core.importer.JavaClassProcessor - Processing class 'org/springframework/context/annotation/AnnotationScopeMetadataResolver'
15:51:28.743 [Test worker] DEBUG com.tngtech.archunit.core.importer.JavaClassProcessor - Processing class 'org/springframework/beans/factory/BeanClassLoaderAware'
15:51:28.744 [Test worker] DEBUG com.tngtech.archunit.core.importer.JavaClassProcessor - Processing class 'org/aspectj/lang/reflect/MemberSignature'
15:51:28.745 [Test worker] DEBUG com.tngtech.archunit.core.importer.JavaClassProcessor - Processing class 'org/thymeleaf/DialectConfiguration'
15:51:28.745 [Test worker] DEBUG com.tngtech.archunit.core.importer.JavaClassProcessor - Processing class 'org/springframework/context/annotation/AspectJAutoProxyRegistrar'
15:51:28.746 [Test worker] DEBUG com.tngtech.archunit.core.importer.JavaClassProcessor - Processing class 'org/springframework/beans/factory/Aware'
15:51:28.747 [Test worker] DEBUG com.tngtech.archunit.core.importer.JavaClassProcessor - Processing class 'org/springframework/data/repository/CrudRepository'
15:51:28.748 [Test worker] DEBUG com.tngtech.archunit.core.importer.JavaClassProcessor - Processing class 'org/springframework/beans/factory/InitializingBean'
15:51:28.749 [Test worker] DEBUG com.tngtech.archunit.core.importer.JavaClassProcessor - Processing class 'java/lang/Iterable'
15:51:28.749 [Test worker] DEBUG com.tngtech.archunit.core.importer.JavaClassProcessor - Processing class 'java/nio/charset/Charset'
15:51:28.750 [Test worker] DEBUG com.tngtech.archunit.core.importer.JavaClassProcessor - Processing class 'org/springframework/context/annotation/ComponentScans'
15:51:28.751 [Test worker] DEBUG com.tngtech.archunit.core.importer.JavaClassProcessor - Processing class 'org/springframework/boot/web/servlet/ServletRegistrationBean'
15:51:28.752 [Test worker] DEBUG com.tngtech.archunit.core.importer.JavaClassProcessor - Processing class 'org/springframework/retry/RetryListener'
15:51:28.753 [Test worker] DEBUG com.tngtech.archunit.core.importer.JavaClassProcessor - Processing class 'org/thymeleaf/templateresolver/ITemplateResolver'
15:51:28.754 [Test worker] DEBUG com.tngtech.archunit.core.importer.JavaClassProcessor - Processing class 'org/springframework/beans/factory/BeanNameAware'
15:51:28.755 [Test worker] DEBUG com.tngtech.archunit.core.importer.JavaClassProcessor - Processing class 'java/time/chrono/ChronoLocalDate'
15:51:28.756 [Test worker] DEBUG com.tngtech.archunit.core.importer.JavaClassProcessor - Processing class 'java/lang/reflect/AccessibleObject'
15:51:28.758 [Test worker] DEBUG com.tngtech.archunit.core.importer.JavaClassProcessor - Processing class 'org/springframework/context/annotation/ScopedProxyMode'
15:51:28.759 [Test worker] DEBUG com.tngtech.archunit.core.importer.JavaClassProcessor - Processing class 'org/springframework/http/HttpRange'
15:51:28.760 [Test worker] DEBUG com.tngtech.archunit.core.importer.JavaClassProcessor - Processing class 'org/springframework/beans/factory/SmartInitializingSingleton'
15:51:28.761 [Test worker] DEBUG com.tngtech.archunit.core.importer.JavaClassProcessor - Processing class 'org/springframework/context/EnvironmentAware'
15:51:28.762 [Test worker] DEBUG com.tngtech.archunit.core.importer.JavaClassProcessor - Processing class 'org/springframework/context/annotation/ScopeMetadataResolver'
15:51:28.763 [Test worker] DEBUG com.tngtech.archunit.core.importer.JavaClassProcessor - Processing class 'javax/servlet/DispatcherType'
15:51:28.764 [Test worker] DEBUG com.tngtech.archunit.core.importer.JavaClassProcessor - Processing class 'org/springframework/core/env/AbstractEnvironment'
15:51:28.765 [Test worker] DEBUG com.tngtech.archunit.core.importer.JavaClassProcessor - Processing class 'org/springframework/boot/autoconfigure/AutoConfigurationImportListener'
15:51:28.766 [Test worker] DEBUG com.tngtech.archunit.core.importer.JavaClassProcessor - Processing class 'java/nio/charset/spi/CharsetProvider'
15:51:28.767 [Test worker] DEBUG com.tngtech.archunit.core.importer.JavaClassProcessor - Processing class 'org/springframework/data/repository/query/FluentQuery'
15:51:28.768 [Test worker] DEBUG com.tngtech.archunit.core.importer.JavaClassProcessor - Processing class 'org/springframework/http/HttpRequest'
15:51:28.769 [Test worker] DEBUG com.tngtech.archunit.core.importer.JavaClassProcessor - Processing class 'org/springframework/boot/web/servlet/RegistrationBean'
15:51:28.770 [Test worker] DEBUG com.tngtech.archunit.core.importer.JavaClassProcessor - Processing class 'javax/servlet/Registration$Dynamic'
15:51:28.770 [Test worker] DEBUG com.tngtech.archunit.core.importer.JavaClassProcessor - Processing class 'java/util/EventObject'
15:51:28.772 [Test worker] DEBUG com.tngtech.archunit.core.importer.JavaClassProcessor - Processing class 'org/springframework/util/MimeType'
15:51:28.773 [Test worker] DEBUG com.tngtech.archunit.core.importer.JavaClassProcessor - Processing class 'java/lang/Character'
15:51:28.775 [Test worker] DEBUG com.tngtech.archunit.core.importer.JavaClassProcessor - Processing class 'org/springframework/data/repository/Repository'
15:51:28.775 [Test worker] DEBUG com.tngtech.archunit.core.importer.JavaClassProcessor - Processing class 'org/springframework/boot/autoconfigure/AutoConfigurationPackages$Registrar'
15:51:28.776 [Test worker] DEBUG com.tngtech.archunit.core.importer.JavaClassProcessor - Processing class 'javax/servlet/ServletRegistration$Dynamic'
15:51:28.777 [Test worker] DEBUG com.tngtech.archunit.core.importer.JavaClassProcessor - Processing class 'java/lang/ThreadLocal'
15:51:28.778 [Test worker] DEBUG com.tngtech.archunit.core.importer.JavaClassProcessor - Processing class 'javax/servlet/Servlet'
15:51:28.779 [Test worker] DEBUG com.tngtech.archunit.core.importer.JavaClassProcessor - Processing class 'org/aspectj/lang/Signature'
15:51:28.780 [Test worker] DEBUG com.tngtech.archunit.core.importer.JavaClassProcessor - Processing class 'javax/servlet/FilterRegistration'
15:51:28.780 [Test worker] DEBUG com.tngtech.archunit.core.importer.JavaClassProcessor - Processing class 'java/net/URLStreamHandlerFactory'
15:51:28.781 [Test worker] DEBUG com.tngtech.archunit.core.importer.JavaClassProcessor - Processing class 'sun/util/locale/LocaleExtensions'
15:51:28.783 [Test worker] DEBUG com.tngtech.archunit.core.importer.JavaClassProcessor - Processing class 'org/springframework/core/Ordered'
15:51:28.784 [Test worker] DEBUG com.tngtech.archunit.core.importer.JavaClassProcessor - Processing class 'org/springframework/aop/PointcutAdvisor'
15:51:28.785 [Test worker] DEBUG com.tngtech.archunit.core.importer.JavaClassProcessor - Processing class 'org/springframework/context/annotation/DeferredImportSelector'
15:51:28.786 [Test worker] DEBUG com.tngtech.archunit.core.importer.JavaClassProcessor - Processing class 'org/springframework/core/ResolvableTypeProvider'
15:51:28.788 [Test worker] DEBUG com.tngtech.archunit.core.importer.JavaClassProcessor - Processing class 'org/springframework/core/io/support/ResourceRegion'
15:51:28.788 [Test worker] DEBUG com.tngtech.archunit.core.importer.JavaClassProcessor - Processing class 'org/springframework/aop/IntroductionInfo'
15:51:28.789 [Test worker] DEBUG com.tngtech.archunit.core.importer.JavaClassProcessor - Processing class 'org/springframework/boot/autoconfigure/AutoConfigurationImportFilter'
15:51:28.790 [Test worker] DEBUG com.tngtech.archunit.core.importer.JavaClassProcessor - Processing class 'org/springframework/core/env/ConfigurableEnvironment'
15:51:28.791 [Test worker] DEBUG com.tngtech.archunit.core.importer.JavaClassProcessor - Processing class 'org/springframework/context/annotation/ImportBeanDefinitionRegistrar'
15:51:28.791 [Test worker] DEBUG com.tngtech.archunit.core.importer.JavaClassProcessor - Processing class 'org/springframework/http/client/ClientHttpRequestInitializer'
15:51:28.792 [Test worker] DEBUG com.tngtech.archunit.core.importer.JavaClassProcessor - Processing class 'org/springframework/aop/Advisor'
15:51:28.793 [Test worker] DEBUG com.tngtech.archunit.core.importer.JavaClassProcessor - Processing class 'org/springframework/context/ResourceLoaderAware'
15:51:28.793 [Test worker] DEBUG com.tngtech.archunit.core.importer.JavaClassProcessor - Processing class 'org/springframework/context/ApplicationContext'
15:51:28.794 [Test worker] DEBUG com.tngtech.archunit.core.importer.JavaClassProcessor - Processing class 'org/springframework/context/Lifecycle'
15:51:28.795 [Test worker] DEBUG com.tngtech.archunit.core.importer.JavaClassProcessor - Processing class 'sun/util/locale/BaseLocale'
15:51:28.796 [Test worker] DEBUG com.tngtech.archunit.core.importer.JavaClassProcessor - Processing class 'org/springframework/context/annotation/DeferredImportSelector$Group'
15:51:28.796 [Test worker] DEBUG com.tngtech.archunit.core.importer.JavaClassProcessor - Processing class 'java/io/Closeable'
15:51:28.797 [Test worker] DEBUG com.tngtech.archunit.core.importer.JavaClassProcessor - Processing class 'org/springframework/http/HttpOutputMessage'
15:51:28.798 [Test worker] DEBUG com.tngtech.archunit.core.importer.JavaClassProcessor - Processing class 'sun/util/locale/Extension'
15:51:28.799 [Test worker] DEBUG com.tngtech.archunit.core.importer.JavaClassProcessor - Processing class 'org/springframework/beans/factory/HierarchicalBeanFactory'
15:51:28.800 [Test worker] DEBUG com.tngtech.archunit.core.importer.JavaClassProcessor - Processing class 'javax/servlet/ServletRegistration'
15:51:28.801 [Test worker] DEBUG com.tngtech.archunit.core.importer.JavaClassProcessor - Processing class 'org/springframework/core/env/ConfigurablePropertyResolver'
15:51:28.802 [Test worker] DEBUG com.tngtech.archunit.core.importer.JavaClassProcessor - Processing class 'org/springframework/context/annotation/DeferredImportSelector$Group$Entry'
15:51:28.804 [Test worker] DEBUG com.tngtech.archunit.core.importer.JavaClassProcessor - Processing class 'org/springframework/context/ApplicationEventPublisher'
15:51:28.805 [Test worker] DEBUG com.tngtech.archunit.core.importer.JavaClassProcessor - Processing class 'org/springframework/http/HttpMessage'
15:51:28.806 [Test worker] DEBUG com.tngtech.archunit.core.importer.JavaClassProcessor - Processing class 'org/springframework/context/annotation/ImportSelector'
15:51:28.807 [Test worker] DEBUG com.tngtech.archunit.core.importer.JavaClassProcessor - Processing class 'org/springframework/boot/web/servlet/ServletContextInitializer'
15:51:28.808 [Test worker] DEBUG com.tngtech.archunit.core.importer.JavaClassProcessor - Processing class 'org/springframework/context/MessageSource'
15:51:28.809 [Test worker] DEBUG com.tngtech.archunit.core.importer.JavaClassProcessor - Processing class 'javax/servlet/Registration'
15:51:28.810 [Test worker] DEBUG com.tngtech.archunit.core.importer.JavaClassProcessor - Processing class 'org/springframework/boot/autoconfigure/AutoConfigurationPackages'
15:51:28.811 [Test worker] DEBUG com.tngtech.archunit.core.importer.JavaClassProcessor - Processing class 'org/springframework/boot/context/annotation/DeterminableImports'
15:51:28.811 [Test worker] DEBUG com.tngtech.archunit.core.importer.JavaClassProcessor - Processing class 'sun/util/locale/InternalLocaleBuilder$CaseInsensitiveString'
15:51:28.812 [Test worker] DEBUG com.tngtech.archunit.core.importer.JavaClassProcessor - Processing class 'org/springframework/core/io/support/ResourcePatternResolver'
15:51:28.812 [Test worker] DEBUG com.tngtech.archunit.core.importer.JavaClassProcessor - Processing class 'sun/util/locale/InternalLocaleBuilder$CaseInsensitiveChar'
15:51:28.813 [Test worker] DEBUG com.tngtech.archunit.core.importer.JavaClassProcessor - Processing class 'org/springframework/beans/factory/ListableBeanFactory'
15:51:28.814 [Test worker] DEBUG com.tngtech.archunit.core.importer.JavaClassProcessor - Processing class 'org/springframework/core/io/ResourceLoader'
15:51:28.815 [Test worker] DEBUG com.tngtech.archunit.core.importer.JavaClassProcessor - Processing class 'org/springframework/beans/factory/BeanFactory'
15:51:28.816 [Test worker] DEBUG com.tngtech.archunit.core.importer.JavaClassProcessor - Processing class 'sun/util/locale/InternalLocaleBuilder'
15:51:28.818 [Test worker] DEBUG com.tngtech.archunit.core.importer.JavaClassProcessor - Processing class 'com/auth0/jwt/impl/JWTParser'
15:51:28.820 [Test worker] DEBUG com.tngtech.archunit.core.importer.JavaClassProcessor - Processing class 'com/auth0/jwt/exceptions/JWTDecodeException'
15:51:28.821 [Test worker] DEBUG com.tngtech.archunit.core.importer.JavaClassProcessor - Processing class 'com/auth0/jwt/JWTCreator$Builder'
15:51:28.823 [Test worker] DEBUG com.tngtech.archunit.core.importer.JavaClassProcessor - Processing class 'com/auth0/jwt/interfaces/Verification'
15:51:28.824 [Test worker] DEBUG com.tngtech.archunit.core.importer.JavaClassProcessor - Processing class 'com/auth0/jwt/algorithms/Algorithm'
15:51:28.825 [Test worker] DEBUG com.tngtech.archunit.core.importer.JavaClassProcessor - Processing class 'java/time/Instant'
15:51:28.836 [Test worker] DEBUG com.tngtech.archunit.core.importer.JavaClassProcessor - Processing class 'io/jsonwebtoken/CompressionCodec'
15:51:28.837 [Test worker] DEBUG com.tngtech.archunit.core.importer.JavaClassProcessor - Processing class 'io/jsonwebtoken/Header'
15:51:28.839 [Test worker] DEBUG com.tngtech.archunit.core.importer.JavaClassProcessor - Processing class 'io/jsonwebtoken/Claims'
15:51:28.841 [Test worker] DEBUG com.tngtech.archunit.core.importer.JavaClassProcessor - Processing class 'io/jsonwebtoken/JwsHeader'
15:51:28.842 [Test worker] DEBUG com.tngtech.archunit.core.importer.JavaClassProcessor - Processing class 'io/jsonwebtoken/JwtParser'
15:51:28.847 [Test worker] DEBUG com.tngtech.archunit.core.importer.JavaClassProcessor - Processing class 'io/jsonwebtoken/SignatureException'
15:51:28.882 [Test worker] DEBUG com.tngtech.archunit.core.importer.JavaClassProcessor - Processing class 'io/jsonwebtoken/impl/crypto/SignatureValidator'
15:51:28.885 [Test worker] DEBUG com.tngtech.archunit.core.importer.JavaClassProcessor - Processing class 'io/jsonwebtoken/impl/crypto/SignatureValidatorFactory'
15:51:28.894 [Test worker] DEBUG com.tngtech.archunit.core.importer.JavaClassProcessor - Processing class 'java/lang/ClassValue$ClassValueMap'
15:51:28.896 [Test worker] DEBUG com.tngtech.archunit.core.importer.JavaClassProcessor - Processing class 'java/io/ObjectStreamField'
15:51:28.903 [Test worker] DEBUG com.tngtech.archunit.core.importer.JavaClassProcessor - Processing class 'java/lang/ClassLoader'
15:51:28.905 [Test worker] DEBUG com.tngtech.archunit.core.importer.JavaClassProcessor - Processing class 'java/lang/reflect/Constructor'
15:51:28.906 [Test worker] DEBUG com.tngtech.archunit.core.importer.JavaClassProcessor - Processing class 'java/lang/Class$AnnotationData'
15:51:28.908 [Test worker] DEBUG com.tngtech.archunit.core.importer.JavaClassProcessor - Processing class 'sun/reflect/generics/repository/ClassRepository'
15:51:28.909 [Test worker] DEBUG com.tngtech.archunit.core.importer.JavaClassProcessor - Processing class 'sun/reflect/annotation/AnnotationType'
15:51:28.916 [Test worker] DEBUG com.tngtech.archunit.core.importer.JavaClassProcessor - Processing class 'java/lang/ref/SoftReference'
15:51:28.917 [Test worker] DEBUG com.tngtech.archunit.core.importer.JavaClassProcessor - Processing class 'java/security/ProtectionDomain'
15:51:28.922 [Test worker] DEBUG com.tngtech.archunit.core.importer.JavaClassProcessor - Processing class 'java/lang/Module'
15:51:28.924 [Test worker] DEBUG com.tngtech.archunit.core.importer.JavaClassProcessor - Processing class 'jdk/internal/reflect/ReflectionFactory'
15:51:28.927 [Test worker] DEBUG com.tngtech.archunit.core.importer.JavaClassProcessor - Processing class 'java/lang/reflect/TypeVariable'
15:51:28.930 [Test worker] DEBUG com.tngtech.archunit.core.importer.JavaClassProcessor - Processing class 'java/lang/NoSuchMethodException'
15:51:28.932 [Test worker] DEBUG com.tngtech.archunit.core.importer.JavaClassProcessor - Processing class 'java/lang/SecurityException'
15:51:28.934 [Test worker] DEBUG com.tngtech.archunit.core.importer.JavaClassProcessor - Processing class 'java/lang/Class$EnclosingMethodInfo'
15:51:28.935 [Test worker] DEBUG com.tngtech.archunit.core.importer.JavaClassProcessor - Processing class 'java/lang/PublicMethods$MethodList'
15:51:28.936 [Test worker] DEBUG com.tngtech.archunit.core.importer.JavaClassProcessor - Processing class 'java/io/InputStream'
15:51:28.937 [Test worker] DEBUG com.tngtech.archunit.core.importer.JavaClassProcessor - Processing class 'jdk/internal/loader/BuiltinClassLoader'
15:51:28.939 [Test worker] DEBUG com.tngtech.archunit.core.importer.JavaClassProcessor - Processing class 'sun/reflect/generics/factory/GenericsFactory'
15:51:28.939 [Test worker] DEBUG com.tngtech.archunit.core.importer.JavaClassProcessor - Processing class 'java/lang/reflect/GenericArrayType'
15:51:28.940 [Test worker] DEBUG com.tngtech.archunit.core.importer.JavaClassProcessor - Processing class 'java/lang/reflect/AnnotatedType'
15:51:28.941 [Test worker] DEBUG com.tngtech.archunit.core.importer.JavaClassProcessor - Processing class 'java/lang/Package'
15:51:28.943 [Test worker] DEBUG com.tngtech.archunit.core.importer.JavaClassProcessor - Processing class 'java/lang/reflect/RecordComponent'
15:51:28.943 [Test worker] DEBUG com.tngtech.archunit.core.importer.JavaClassProcessor - Processing class 'java/lang/SecurityManager'
15:51:28.946 [Test worker] DEBUG com.tngtech.archunit.core.importer.JavaClassProcessor - Processing class 'java/lang/NoSuchFieldException'
15:51:28.947 [Test worker] DEBUG com.tngtech.archunit.core.importer.JavaClassProcessor - Processing class 'java/lang/InstantiationException'
15:51:28.948 [Test worker] DEBUG com.tngtech.archunit.core.importer.JavaClassProcessor - Processing class 'java/lang/IllegalAccessException'
15:51:28.948 [Test worker] DEBUG com.tngtech.archunit.core.importer.JavaClassProcessor - Processing class 'java/lang/ClassNotFoundException'
15:51:28.950 [Test worker] DEBUG com.tngtech.archunit.core.importer.JavaClassProcessor - Processing class 'jdk/internal/reflect/ConstantPool'
15:51:28.953 [Test worker] DEBUG com.tngtech.archunit.core.importer.JavaClassProcessor - Processing class 'java/lang/NumberFormatException'
15:51:28.954 [Test worker] DEBUG com.tngtech.archunit.core.importer.JavaClassProcessor - Processing class 'java/lang/invoke/MethodHandles$Lookup'
15:51:28.956 [Test worker] DEBUG com.tngtech.archunit.core.importer.JavaClassProcessor - Processing class 'java/lang/ReflectiveOperationException'
15:51:28.957 [Test worker] DEBUG com.tngtech.archunit.core.importer.JavaClassProcessor - Processing class 'java/io/ObjectInputStream'
15:51:28.959 [Test worker] DEBUG com.tngtech.archunit.core.importer.JavaClassProcessor - Processing class 'java/io/ObjectStreamException'
15:51:28.960 [Test worker] DEBUG com.tngtech.archunit.core.importer.JavaClassProcessor - Processing class 'java/lang/CloneNotSupportedException'
15:51:28.963 [Test worker] DEBUG com.tngtech.archunit.core.importer.JavaClassProcessor - Processing class 'java/util/Spliterator'
15:51:28.964 [Test worker] DEBUG com.tngtech.archunit.core.importer.JavaClassProcessor - Processing class 'java/math/BigInteger'
15:51:28.968 [Test worker] DEBUG com.tngtech.archunit.core.importer.JavaClassProcessor - Processing class 'java/lang/InterruptedException'
15:51:28.969 [Test worker] DEBUG com.tngtech.archunit.core.importer.JavaClassProcessor - Processing class 'java/io/UnsupportedEncodingException'
15:51:28.970 [Test worker] DEBUG com.tngtech.archunit.core.importer.JavaClassProcessor - Processing class 'java/lang/AbstractStringBuilder'
15:51:28.971 [Test worker] DEBUG com.tngtech.archunit.core.importer.JavaClassProcessor - Processing class 'java/util/function/Function'
15:51:28.972 [Test worker] DEBUG com.tngtech.archunit.core.importer.JavaClassProcessor - Processing class 'sun/nio/cs/ArrayEncoder'
15:51:28.972 [Test worker] DEBUG com.tngtech.archunit.core.importer.JavaClassProcessor - Processing class 'sun/nio/cs/ArrayDecoder'
15:51:28.973 [Test worker] DEBUG com.tngtech.archunit.core.importer.JavaClassProcessor - Processing class 'java/nio/charset/UnmappableCharacterException'
15:51:28.973 [Test worker] DEBUG com.tngtech.archunit.core.importer.JavaClassProcessor - Processing class 'java/nio/charset/CharacterCodingException'
15:51:28.974 [Test worker] DEBUG com.tngtech.archunit.core.importer.JavaClassProcessor - Processing class 'java/nio/charset/CharsetDecoder'
15:51:28.974 [Test worker] DEBUG com.tngtech.archunit.core.importer.JavaClassProcessor - Processing class 'java/nio/charset/MalformedInputException'
15:51:28.975 [Test worker] DEBUG com.tngtech.archunit.core.importer.JavaClassProcessor - Processing class 'java/lang/StringBuffer'
15:51:28.976 [Test worker] DEBUG com.tngtech.archunit.core.importer.JavaClassProcessor - Processing class 'java/lang/Void'
15:51:28.976 [Test worker] DEBUG com.tngtech.archunit.core.importer.JavaClassProcessor - Processing class 'java/lang/StringBuilder'
15:51:28.978 [Test worker] DEBUG com.tngtech.archunit.core.importer.JavaClassProcessor - Processing class 'java/io/Console'
15:51:28.979 [Test worker] DEBUG com.tngtech.archunit.core.importer.JavaClassProcessor - Processing class 'java/io/PrintStream'
15:51:28.979 [Test worker] DEBUG com.tngtech.archunit.core.importer.JavaClassProcessor - Processing class 'java/lang/ModuleLayer'
15:51:28.980 [Test worker] DEBUG com.tngtech.archunit.core.importer.JavaClassProcessor - Processing class 'java/lang/System$Logger'
15:51:28.981 [Test worker] DEBUG com.tngtech.archunit.core.importer.JavaClassProcessor - Processing class 'java/util/ResourceBundle'
15:51:28.982 [Test worker] DEBUG com.tngtech.archunit.core.importer.JavaClassProcessor - Processing class 'java/io/FileOutputStream'
15:51:28.983 [Test worker] DEBUG com.tngtech.archunit.core.importer.JavaClassProcessor - Processing class 'java/lang/invoke/StringConcatFactory'
15:51:28.984 [Test worker] DEBUG com.tngtech.archunit.core.importer.JavaClassProcessor - Processing class 'java/nio/channels/Channel'
15:51:28.985 [Test worker] DEBUG com.tngtech.archunit.core.importer.JavaClassProcessor - Processing class 'java/util/concurrent/atomic/AtomicInteger'
15:51:28.985 [Test worker] DEBUG com.tngtech.archunit.core.importer.JavaClassProcessor - Processing class 'jdk/internal/misc/TerminatingThreadLocal'
15:51:28.986 [Test worker] DEBUG com.tngtech.archunit.core.importer.JavaClassProcessor - Processing class 'java/util/function/Supplier'
15:51:28.986 [Test worker] DEBUG com.tngtech.archunit.core.importer.JavaClassProcessor - Processing class 'java/lang/ThreadLocal$ThreadLocalMap'
15:51:28.987 [Test worker] DEBUG com.tngtech.archunit.core.importer.JavaClassProcessor - Processing class 'java/lang/Thread'
15:51:28.989 [Test worker] DEBUG com.tngtech.archunit.core.importer.JavaClassProcessor - Processing class 'java/lang/StackTraceElement'
15:51:28.990 [Test worker] DEBUG com.tngtech.archunit.core.importer.JavaClassProcessor - Processing class 'java/io/PrintWriter'
15:51:28.991 [Test worker] DEBUG com.tngtech.archunit.core.importer.JavaClassProcessor - Processing class 'java/lang/Throwable$PrintStreamOrWriter'
15:51:28.992 [Test worker] DEBUG com.tngtech.archunit.core.importer.JavaClassProcessor - Processing class 'java/io/ObjectOutputStream'
15:51:28.996 [Test worker] DEBUG com.tngtech.archunit.core.importer.JavaClassProcessor - Processing class 'java/lang/constant/DirectMethodHandleDesc'
15:51:28.998 [Test worker] DEBUG com.tngtech.archunit.core.importer.JavaClassProcessor - Processing class 'java/lang/reflect/AccessibleObject$Cache'
15:51:28.999 [Test worker] DEBUG com.tngtech.archunit.core.importer.JavaClassProcessor - Processing class 'java/lang/ref/WeakReference'
15:51:29.000 [Test worker] DEBUG com.tngtech.archunit.core.importer.JavaClassProcessor - Processing class 'java/lang/invoke/MethodHandle'
15:51:29.002 [Test worker] DEBUG com.tngtech.archunit.core.importer.JavaClassProcessor - Processing class 'java/lang/reflect/Parameter'
15:51:29.004 [Test worker] DEBUG com.tngtech.archunit.core.importer.JavaClassProcessor - Processing class 'sun/reflect/generics/repository/ConstructorRepository'
15:51:29.005 [Test worker] DEBUG com.tngtech.archunit.core.importer.JavaClassProcessor - Processing class 'jdk/internal/reflect/FieldAccessor'
15:51:29.005 [Test worker] DEBUG com.tngtech.archunit.core.importer.JavaClassProcessor - Processing class 'sun/reflect/generics/repository/FieldRepository'
15:51:29.007 [Test worker] DEBUG com.tngtech.archunit.core.importer.JavaClassProcessor - Processing class 'sun/reflect/generics/repository/MethodRepository'
15:51:29.008 [Test worker] DEBUG com.tngtech.archunit.core.importer.JavaClassProcessor - Processing class 'jdk/internal/reflect/MethodAccessor'
15:51:29.008 [Test worker] DEBUG com.tngtech.archunit.core.importer.JavaClassProcessor - Processing class 'sun/reflect/annotation/ExceptionProxy'
15:51:29.008 [Test worker] DEBUG com.tngtech.archunit.core.importer.JavaClassProcessor - Processing class 'sun/reflect/annotation/TypeNotPresentExceptionProxy'
15:51:29.009 [Test worker] DEBUG com.tngtech.archunit.core.importer.JavaClassProcessor - Processing class 'java/lang/reflect/InvocationTargetException'
15:51:29.010 [Test worker] DEBUG com.tngtech.archunit.core.importer.JavaClassProcessor - Processing class 'java/net/UrlDeserializedState'
15:51:29.011 [Test worker] DEBUG com.tngtech.archunit.core.importer.JavaClassProcessor - Processing class 'java/net/InetAddress'
15:51:29.012 [Test worker] DEBUG com.tngtech.archunit.core.importer.JavaClassProcessor - Processing class 'java/net/URLConnection'
15:51:29.013 [Test worker] DEBUG com.tngtech.archunit.core.importer.JavaClassProcessor - Processing class 'java/net/Proxy'
15:51:29.013 [Test worker] DEBUG com.tngtech.archunit.core.importer.JavaClassProcessor - Processing class 'java/net/URI'
15:51:29.014 [Test worker] DEBUG com.tngtech.archunit.core.importer.JavaClassProcessor - Processing class 'java/net/MalformedURLException'
15:51:29.015 [Test worker] DEBUG com.tngtech.archunit.core.importer.JavaClassProcessor - Processing class 'java/io/InvalidObjectException'
15:51:29.015 [Test worker] DEBUG com.tngtech.archunit.core.importer.JavaClassProcessor - Processing class 'java/net/URISyntaxException'
15:51:29.016 [Test worker] DEBUG com.tngtech.archunit.core.importer.JavaClassProcessor - Processing class 'sun/net/www/protocol/jar/Handler'
15:51:29.017 [Test worker] DEBUG com.tngtech.archunit.core.importer.JavaClassProcessor - Processing class 'java/nio/ByteBuffer'
15:51:29.018 [Test worker] DEBUG com.tngtech.archunit.core.importer.JavaClassProcessor - Processing class 'java/nio/CharBuffer'
15:51:29.019 [Test worker] DEBUG com.tngtech.archunit.core.importer.JavaClassProcessor - Processing class 'java/util/SortedMap'
15:51:29.020 [Test worker] DEBUG com.tngtech.archunit.core.importer.JavaClassProcessor - Processing class 'java/nio/charset/CharsetEncoder'
15:51:29.021 [Test worker] DEBUG com.tngtech.archunit.core.importer.JavaClassProcessor - Processing class 'java/math/BigDecimal'
15:51:29.023 [Test worker] DEBUG com.tngtech.archunit.core.importer.JavaClassProcessor - Processing class 'java/io/DataInput'
15:51:29.023 [Test worker] DEBUG com.tngtech.archunit.core.importer.JavaClassProcessor - Processing class 'java/io/DataOutput'
15:51:29.024 [Test worker] DEBUG com.tngtech.archunit.core.importer.JavaClassProcessor - Processing class 'java/time/temporal/ChronoUnit'
15:51:29.025 [Test worker] DEBUG com.tngtech.archunit.core.importer.JavaClassProcessor - Processing class 'java/time/temporal/TemporalField'
15:51:29.025 [Test worker] DEBUG com.tngtech.archunit.core.importer.JavaClassProcessor - Processing class 'java/time/temporal/ChronoField'
15:51:29.026 [Test worker] DEBUG com.tngtech.archunit.core.importer.JavaClassProcessor - Processing class 'java/time/LocalTime'
15:51:29.028 [Test worker] DEBUG com.tngtech.archunit.core.importer.JavaClassProcessor - Processing class 'java/time/ZoneOffset'
15:51:29.028 [Test worker] DEBUG com.tngtech.archunit.core.importer.JavaClassProcessor - Processing class 'java/time/chrono/IsoChronology'
15:51:29.029 [Test worker] DEBUG com.tngtech.archunit.core.importer.JavaClassProcessor - Processing class 'java/time/chrono/Era'
15:51:29.030 [Test worker] DEBUG com.tngtech.archunit.core.importer.JavaClassProcessor - Processing class 'java/time/Month'
15:51:29.031 [Test worker] DEBUG com.tngtech.archunit.core.importer.JavaClassProcessor - Processing class 'java/time/Period'
15:51:29.032 [Test worker] DEBUG com.tngtech.archunit.core.importer.JavaClassProcessor - Processing class 'java/time/DayOfWeek'
15:51:29.033 [Test worker] DEBUG com.tngtech.archunit.core.importer.JavaClassProcessor - Processing class 'java/time/temporal/ValueRange'
15:51:29.033 [Test worker] DEBUG com.tngtech.archunit.core.importer.JavaClassProcessor - Processing class 'java/time/chrono/ChronoPeriod'
15:51:29.034 [Test worker] DEBUG com.tngtech.archunit.core.importer.JavaClassProcessor - Processing class 'java/time/chrono/Chronology'
15:51:29.035 [Test worker] DEBUG com.tngtech.archunit.core.importer.JavaClassProcessor - Processing class 'java/time/Clock'
15:51:29.036 [Test worker] DEBUG com.tngtech.archunit.core.importer.JavaClassProcessor - Processing class 'java/time/temporal/TemporalQuery'
15:51:29.036 [Test worker] DEBUG com.tngtech.archunit.core.importer.JavaClassProcessor - Processing class 'java/time/format/DateTimeFormatter'
15:51:29.037 [Test worker] DEBUG com.tngtech.archunit.core.importer.JavaClassProcessor - Processing class 'java/time/OffsetDateTime'
15:51:29.039 [Test worker] DEBUG com.tngtech.archunit.core.importer.JavaClassProcessor - Processing class 'java/time/OffsetTime'
15:51:29.040 [Test worker] DEBUG com.tngtech.archunit.core.importer.JavaClassProcessor - Processing class 'java/time/chrono/IsoEra'
15:51:29.042 [Test worker] DEBUG com.tngtech.archunit.core.importer.JavaClassProcessor - Processing class 'java/time/format/TextStyle'
15:51:29.042 [Test worker] DEBUG com.tngtech.archunit.core.importer.JavaClassProcessor - Processing class 'java/time/zone/ZoneRules'
15:51:29.043 [Test worker] DEBUG com.tngtech.archunit.core.importer.JavaClassProcessor - Processing class 'java/time/ZoneRegion'
15:51:29.044 [Test worker] DEBUG com.tngtech.archunit.core.importer.JavaClassProcessor - Processing class 'java/io/ObjectInput'
15:51:29.045 [Test worker] DEBUG com.tngtech.archunit.core.importer.JavaClassProcessor - Processing class 'java/lang/invoke/SerializedLambda'
15:51:29.047 [Test worker] DEBUG com.tngtech.archunit.core.importer.JavaClassProcessor - Processing class 'java/util/ListIterator'
15:51:29.048 [Test worker] DEBUG com.tngtech.archunit.core.importer.JavaClassProcessor - Processing class 'java/util/function/Predicate'
15:51:29.050 [Test worker] DEBUG com.tngtech.archunit.core.importer.JavaClassProcessor - Processing class 'java/util/function/UnaryOperator'
15:51:29.053 [Test worker] DEBUG com.tngtech.archunit.core.importer.JavaClassProcessor - Processing class 'java/util/function/IntUnaryOperator'
15:51:29.053 [Test worker] DEBUG com.tngtech.archunit.core.importer.JavaClassProcessor - Processing class 'java/util/function/LongBinaryOperator'
15:51:29.054 [Test worker] DEBUG com.tngtech.archunit.core.importer.JavaClassProcessor - Processing class 'java/util/Spliterator$OfInt'
15:51:29.071 [Test worker] DEBUG com.tngtech.archunit.core.importer.JavaClassProcessor - Processing class 'java/util/function/BinaryOperator'
15:51:29.071 [Test worker] DEBUG com.tngtech.archunit.core.importer.JavaClassProcessor - Processing class 'java/util/function/DoubleBinaryOperator'
15:51:29.072 [Test worker] DEBUG com.tngtech.archunit.core.importer.JavaClassProcessor - Processing class 'java/util/function/IntBinaryOperator'
15:51:29.072 [Test worker] DEBUG com.tngtech.archunit.core.importer.JavaClassProcessor - Processing class 'java/util/Spliterator$OfDouble'
15:51:29.073 [Test worker] DEBUG com.tngtech.archunit.core.importer.JavaClassProcessor - Processing class 'java/util/Spliterator$OfLong'
15:51:29.074 [Test worker] DEBUG com.tngtech.archunit.core.importer.JavaClassProcessor - Processing class 'java/util/function/IntFunction'
15:51:29.075 [Test worker] DEBUG com.tngtech.archunit.core.importer.JavaClassProcessor - Processing class 'java/util/function/IntToLongFunction'
15:51:29.076 [Test worker] DEBUG com.tngtech.archunit.core.importer.JavaClassProcessor - Processing class 'java/util/function/IntToDoubleFunction'
15:51:29.080 [Test worker] DEBUG com.tngtech.archunit.core.importer.JavaClassProcessor - Processing class 'java/util/function/ToIntFunction'
15:51:29.081 [Test worker] DEBUG com.tngtech.archunit.core.importer.JavaClassProcessor - Processing class 'java/util/function/ToLongFunction'
15:51:29.081 [Test worker] DEBUG com.tngtech.archunit.core.importer.JavaClassProcessor - Processing class 'java/util/function/ToDoubleFunction'
15:51:29.082 [Test worker] DEBUG com.tngtech.archunit.core.importer.JavaClassProcessor - Processing class 'sun/util/calendar/BaseCalendar'
15:51:29.083 [Test worker] DEBUG com.tngtech.archunit.core.importer.JavaClassProcessor - Processing class 'sun/util/calendar/BaseCalendar$Date'
15:51:29.083 [Test worker] DEBUG com.tngtech.archunit.core.importer.JavaClassProcessor - Processing class 'sun/util/calendar/ZoneInfo'
15:51:29.084 [Test worker] DEBUG com.tngtech.archunit.core.importer.JavaClassProcessor - Processing class 'java/util/Enumeration'
15:51:29.086 [Test worker] DEBUG com.tngtech.archunit.core.importer.JavaClassProcessor - Processing class 'java/util/Hashtable$Entry'
15:51:29.087 [Test worker] DEBUG com.tngtech.archunit.core.importer.JavaClassProcessor - Processing class 'java/util/function/BiConsumer'
15:51:29.087 [Test worker] DEBUG com.tngtech.archunit.core.importer.JavaClassProcessor - Processing class 'java/util/function/BiFunction'
15:51:29.088 [Test worker] DEBUG com.tngtech.archunit.core.importer.JavaClassProcessor - Processing class 'java/io/StreamCorruptedException'
15:51:29.092 [Test worker] DEBUG com.tngtech.archunit.core.importer.JavaClassProcessor - Processing class 'java/util/spi/LocaleNameProvider'
15:51:29.093 [Test worker] DEBUG com.tngtech.archunit.core.importer.JavaClassProcessor - Processing class 'java/util/MissingResourceException'
15:51:29.093 [Test worker] DEBUG com.tngtech.archunit.core.importer.JavaClassProcessor - Processing class 'java/util/Locale$Category'
15:51:29.094 [Test worker] DEBUG com.tngtech.archunit.core.importer.JavaClassProcessor - Processing class 'java/util/Locale$IsoCountryCode'
15:51:29.095 [Test worker] DEBUG com.tngtech.archunit.core.importer.JavaClassProcessor - Processing class 'sun/util/locale/provider/LocaleResources'
15:51:29.097 [Test worker] DEBUG com.tngtech.archunit.core.importer.JavaClassProcessor - Processing class 'java/util/Locale$FilteringMode'
15:51:29.100 [Test worker] DEBUG com.tngtech.archunit.core.importer.JavaClassProcessor - Processing class 'java/util/ImmutableCollections$AbstractImmutableMap'
15:51:29.101 [Test worker] DEBUG com.tngtech.archunit.core.importer.JavaClassProcessor - Processing class 'java/util/KeyValueHolder'
15:51:29.104 [Test worker] DEBUG com.tngtech.archunit.core.importer.JavaClassProcessor - Processing class 'jdk/internal/misc/Unsafe'
15:51:29.111 [Test worker] DEBUG com.tngtech.archunit.core.importer.JavaClassProcessor - Processing class 'java/io/BufferedWriter'
15:51:29.112 [Test worker] DEBUG com.tngtech.archunit.core.importer.JavaClassProcessor - Processing class 'java/io/OutputStream'
15:51:29.114 [Test worker] DEBUG com.tngtech.archunit.core.importer.JavaClassProcessor - Processing class 'java/io/Writer'
15:51:29.115 [Test worker] DEBUG com.tngtech.archunit.core.importer.JavaClassProcessor - Processing class 'java/util/InvalidPropertiesFormatException'
15:51:29.116 [Test worker] DEBUG com.tngtech.archunit.core.importer.JavaClassProcessor - Processing class 'java/util/Properties$LineReader'
15:51:29.117 [Test worker] DEBUG com.tngtech.archunit.core.importer.JavaClassProcessor - Processing class 'java/io/Reader'
15:51:29.118 [Test worker] DEBUG com.tngtech.archunit.core.importer.JavaClassProcessor - Processing class 'java/util/ImmutableCollections$AbstractImmutableSet'
15:51:29.119 [Test worker] DEBUG com.tngtech.archunit.core.importer.JavaClassProcessor - Processing class 'jdk/internal/access/JavaLangAccess'
15:51:29.121 [Test worker] DEBUG com.tngtech.archunit.core.importer.JavaClassProcessor - Processing class 'java/util/concurrent/ConcurrentHashMap$Node'
15:51:29.123 [Test worker] DEBUG com.tngtech.archunit.core.importer.JavaClassProcessor - Processing class 'java/util/concurrent/ConcurrentHashMap$ValuesView'
15:51:29.123 [Test worker] DEBUG com.tngtech.archunit.core.importer.JavaClassProcessor - Processing class 'java/util/concurrent/ConcurrentHashMap$KeySetView'
15:51:29.124 [Test worker] DEBUG com.tngtech.archunit.core.importer.JavaClassProcessor - Processing class 'java/util/concurrent/ConcurrentHashMap$EntrySetView'
15:51:29.125 [Test worker] DEBUG com.tngtech.archunit.core.importer.JavaClassProcessor - Processing class 'java/util/concurrent/ConcurrentHashMap$CounterCell'
15:51:29.125 [Test worker] DEBUG com.tngtech.archunit.core.importer.JavaClassProcessor - Processing class 'java/util/function/ToLongBiFunction'
15:51:29.126 [Test worker] DEBUG com.tngtech.archunit.core.importer.JavaClassProcessor - Processing class 'java/util/function/ToIntBiFunction'
15:51:29.127 [Test worker] DEBUG com.tngtech.archunit.core.importer.JavaClassProcessor - Processing class 'java/util/concurrent/ConcurrentHashMap$TreeBin'
15:51:29.128 [Test worker] DEBUG com.tngtech.archunit.core.importer.JavaClassProcessor - Processing class 'java/util/concurrent/ConcurrentHashMap$ReservationNode'
15:51:29.129 [Test worker] DEBUG com.tngtech.archunit.core.importer.JavaClassProcessor - Processing class 'java/util/concurrent/ConcurrentHashMap$ForwardingNode'
15:51:29.130 [Test worker] DEBUG com.tngtech.archunit.core.importer.JavaClassProcessor - Processing class 'java/lang/reflect/ParameterizedType'
15:51:29.131 [Test worker] DEBUG com.tngtech.archunit.core.importer.JavaClassProcessor - Processing class 'java/util/function/ToDoubleBiFunction'
15:51:29.133 [Test worker] DEBUG com.tngtech.archunit.core.importer.JavaClassProcessor - Processing class 'java/util/concurrent/locks/LockSupport'
15:51:29.134 [Test worker] DEBUG com.tngtech.archunit.core.importer.JavaClassProcessor - Processing class 'java/util/concurrent/ConcurrentHashMap$Segment'
15:51:29.139 [Test worker] DEBUG com.tngtech.archunit.core.importer.JavaClassProcessor - Processing class 'java/util/function/DoublePredicate'
15:51:29.139 [Test worker] DEBUG com.tngtech.archunit.core.importer.JavaClassProcessor - Processing class 'java/util/OptionalDouble'
15:51:29.140 [Test worker] DEBUG com.tngtech.archunit.core.importer.JavaClassProcessor - Processing class 'java/util/stream/DoubleStream$Builder'
15:51:29.140 [Test worker] DEBUG com.tngtech.archunit.core.importer.JavaClassProcessor - Processing class 'java/util/stream/DoubleStream$DoubleMapMultiConsumer'
15:51:29.141 [Test worker] DEBUG com.tngtech.archunit.core.importer.JavaClassProcessor - Processing class 'java/util/function/DoubleToIntFunction'
15:51:29.141 [Test worker] DEBUG com.tngtech.archunit.core.importer.JavaClassProcessor - Processing class 'java/util/function/DoubleUnaryOperator'
15:51:29.142 [Test worker] DEBUG com.tngtech.archunit.core.importer.JavaClassProcessor - Processing class 'java/util/PrimitiveIterator$OfDouble'
15:51:29.142 [Test worker] DEBUG com.tngtech.archunit.core.importer.JavaClassProcessor - Processing class 'java/util/function/DoubleToLongFunction'
15:51:29.142 [Test worker] DEBUG com.tngtech.archunit.core.importer.JavaClassProcessor - Processing class 'java/util/function/ObjDoubleConsumer'
15:51:29.143 [Test worker] DEBUG com.tngtech.archunit.core.importer.JavaClassProcessor - Processing class 'java/util/function/DoubleFunction'
15:51:29.143 [Test worker] DEBUG com.tngtech.archunit.core.importer.JavaClassProcessor - Processing class 'java/util/function/DoubleSupplier'
15:51:29.144 [Test worker] DEBUG com.tngtech.archunit.core.importer.JavaClassProcessor - Processing class 'java/util/function/IntPredicate'
15:51:29.144 [Test worker] DEBUG com.tngtech.archunit.core.importer.JavaClassProcessor - Processing class 'java/util/OptionalInt'
15:51:29.145 [Test worker] DEBUG com.tngtech.archunit.core.importer.JavaClassProcessor - Processing class 'java/util/stream/IntStream$Builder'
15:51:29.145 [Test worker] DEBUG com.tngtech.archunit.core.importer.JavaClassProcessor - Processing class 'java/util/function/IntSupplier'
15:51:29.145 [Test worker] DEBUG com.tngtech.archunit.core.importer.JavaClassProcessor - Processing class 'java/util/function/ObjIntConsumer'
15:51:29.146 [Test worker] DEBUG com.tngtech.archunit.core.importer.JavaClassProcessor - Processing class 'java/util/PrimitiveIterator$OfInt'
15:51:29.146 [Test worker] DEBUG com.tngtech.archunit.core.importer.JavaClassProcessor - Processing class 'java/util/stream/IntStream$IntMapMultiConsumer'
15:51:29.147 [Test worker] DEBUG com.tngtech.archunit.core.importer.JavaClassProcessor - Processing class 'java/util/function/LongPredicate'
15:51:29.147 [Test worker] DEBUG com.tngtech.archunit.core.importer.JavaClassProcessor - Processing class 'java/util/function/LongToIntFunction'
15:51:29.148 [Test worker] DEBUG com.tngtech.archunit.core.importer.JavaClassProcessor - Processing class 'java/util/function/LongSupplier'
15:51:29.148 [Test worker] DEBUG com.tngtech.archunit.core.importer.JavaClassProcessor - Processing class 'java/util/OptionalLong'
15:51:29.148 [Test worker] DEBUG com.tngtech.archunit.core.importer.JavaClassProcessor - Processing class 'java/util/PrimitiveIterator$OfLong'
15:51:29.149 [Test worker] DEBUG com.tngtech.archunit.core.importer.JavaClassProcessor - Processing class 'java/util/stream/LongStream$LongMapMultiConsumer'
15:51:29.149 [Test worker] DEBUG com.tngtech.archunit.core.importer.JavaClassProcessor - Processing class 'java/util/function/LongFunction'
15:51:29.150 [Test worker] DEBUG com.tngtech.archunit.core.importer.JavaClassProcessor - Processing class 'java/util/function/LongToDoubleFunction'
15:51:29.150 [Test worker] DEBUG com.tngtech.archunit.core.importer.JavaClassProcessor - Processing class 'java/util/function/LongUnaryOperator'
15:51:29.150 [Test worker] DEBUG com.tngtech.archunit.core.importer.JavaClassProcessor - Processing class 'java/util/function/ObjLongConsumer'
15:51:29.151 [Test worker] DEBUG com.tngtech.archunit.core.importer.JavaClassProcessor - Processing class 'java/util/stream/LongStream$Builder'
15:51:29.151 [Test worker] DEBUG com.tngtech.archunit.core.importer.JavaClassProcessor - Processing class 'java/util/stream/Stream$Builder'
15:51:29.154 [Test worker] DEBUG com.tngtech.archunit.core.importer.JavaClassProcessor - Processing class 'javax/mail/Folder'
15:51:29.155 [Test worker] DEBUG com.tngtech.archunit.core.importer.JavaClassProcessor - Processing class 'javax/mail/Flags'
15:51:29.156 [Test worker] DEBUG com.tngtech.archunit.core.importer.JavaClassProcessor - Processing class 'javax/mail/search/SearchTerm'
15:51:29.157 [Test worker] DEBUG com.tngtech.archunit.core.importer.JavaClassProcessor - Processing class 'javax/mail/Flags$Flag'
15:51:29.158 [Test worker] DEBUG com.tngtech.archunit.core.importer.JavaClassProcessor - Processing class 'javax/activation/DataHandler'
15:51:29.160 [Test worker] DEBUG com.tngtech.archunit.core.importer.JavaClassProcessor - Processing class 'javax/mail/Multipart'
15:51:29.161 [Test worker] DEBUG com.tngtech.archunit.core.importer.JavaClassProcessor - Processing class 'javax/mail/Provider$Type'
15:51:29.161 [Test worker] DEBUG com.tngtech.archunit.core.importer.JavaClassProcessor - Processing class 'javax/mail/EventQueue'
15:51:29.162 [Test worker] DEBUG com.tngtech.archunit.core.importer.JavaClassProcessor - Processing class 'java/util/Vector'
15:51:29.163 [Test worker] DEBUG com.tngtech.archunit.core.importer.JavaClassProcessor - Processing class 'javax/mail/event/MailEvent'
15:51:29.164 [Test worker] DEBUG com.tngtech.archunit.core.importer.JavaClassProcessor - Processing class 'com/sun/mail/util/MailLogger'
15:51:29.165 [Test worker] DEBUG com.tngtech.archunit.core.importer.JavaClassProcessor - Processing class 'javax/mail/Store'
15:51:29.166 [Test worker] DEBUG com.tngtech.archunit.core.importer.JavaClassProcessor - Processing class 'javax/mail/NoSuchProviderException'
15:51:29.168 [Test worker] DEBUG com.tngtech.archunit.core.importer.JavaClassProcessor - Processing class 'javax/mail/StreamLoader'
15:51:29.169 [Test worker] DEBUG com.tngtech.archunit.core.importer.JavaClassProcessor - Processing class 'java/util/BitSet'
15:51:29.170 [Test worker] DEBUG com.tngtech.archunit.core.importer.JavaClassProcessor - Processing class 'javax/mail/event/ConnectionEvent'
15:51:29.171 [Test worker] DEBUG com.tngtech.archunit.core.importer.JavaClassProcessor - Processing class 'javax/mail/event/TransportEvent'
15:51:29.173 [Test worker] DEBUG com.tngtech.archunit.core.importer.JavaClassProcessor - Processing class 'javax/mail/internet/AddressException'
15:51:29.173 [Test worker] DEBUG com.tngtech.archunit.core.importer.JavaClassProcessor - Processing class 'java/net/UnknownHostException'
15:51:29.174 [Test worker] DEBUG com.tngtech.archunit.core.importer.JavaClassProcessor - Processing class 'javax/mail/internet/InternetHeaders'
15:51:29.175 [Test worker] DEBUG com.tngtech.archunit.core.importer.JavaClassProcessor - Processing class 'javax/mail/internet/MailDateFormat'
15:51:29.177 [Test worker] DEBUG com.tngtech.archunit.core.importer.JavaClassProcessor - Processing class 'javax/mail/internet/MimeMultipart'
15:51:29.178 [Test worker] DEBUG com.tngtech.archunit.core.importer.JavaClassProcessor - Processing class 'java/io/ByteArrayInputStream'
15:51:29.178 [Test worker] DEBUG com.tngtech.archunit.core.importer.JavaClassProcessor - Processing class 'java/io/BufferedInputStream'
15:51:29.179 [Test worker] DEBUG com.tngtech.archunit.core.importer.JavaClassProcessor - Processing class 'javax/mail/internet/SharedInputStream'
15:51:29.185 [Test worker] DEBUG com.tngtech.archunit.core.importer.JavaClassProcessor - Processing class 'javax/persistence/UniqueConstraint'
15:51:29.187 [Test worker] DEBUG com.tngtech.archunit.core.importer.JavaClassProcessor - Processing class 'javax/persistence/Index'
15:51:29.187 [Test worker] DEBUG com.tngtech.archunit.core.importer.JavaClassProcessor - Processing class 'javax/security/auth/DestroyFailedException'
15:51:29.189 [Test worker] DEBUG com.tngtech.archunit.core.importer.JavaClassProcessor - Processing class 'javax/servlet/FilterConfig'
15:51:29.190 [Test worker] DEBUG com.tngtech.archunit.core.importer.JavaClassProcessor - Processing class 'java/util/EnumSet'
15:51:29.191 [Test worker] DEBUG com.tngtech.archunit.core.importer.JavaClassProcessor - Processing class 'javax/servlet/ServletConfig'
15:51:29.192 [Test worker] DEBUG com.tngtech.archunit.core.importer.JavaClassProcessor - Processing class 'javax/servlet/MultipartConfigElement'
15:51:29.193 [Test worker] DEBUG com.tngtech.archunit.core.importer.JavaClassProcessor - Processing class 'javax/servlet/ServletSecurityElement'
15:51:29.194 [Test worker] DEBUG com.tngtech.archunit.core.importer.JavaClassProcessor - Processing class 'javax/servlet/AsyncContext'
15:51:29.195 [Test worker] DEBUG com.tngtech.archunit.core.importer.JavaClassProcessor - Processing class 'javax/servlet/ServletInputStream'
15:51:29.196 [Test worker] DEBUG com.tngtech.archunit.core.importer.JavaClassProcessor - Processing class 'javax/servlet/RequestDispatcher'
15:51:29.196 [Test worker] DEBUG com.tngtech.archunit.core.importer.JavaClassProcessor - Processing class 'java/io/BufferedReader'
15:51:29.197 [Test worker] DEBUG com.tngtech.archunit.core.importer.JavaClassProcessor - Processing class 'javax/servlet/ServletContext'
15:51:29.198 [Test worker] DEBUG com.tngtech.archunit.core.importer.JavaClassProcessor - Processing class 'javax/servlet/ServletOutputStream'
15:51:29.199 [Test worker] DEBUG com.tngtech.archunit.core.importer.JavaClassProcessor - Processing class 'javax/servlet/http/HttpServletMapping'
15:51:29.200 [Test worker] DEBUG com.tngtech.archunit.core.importer.JavaClassProcessor - Processing class 'javax/servlet/http/Cookie'
15:51:29.201 [Test worker] DEBUG com.tngtech.archunit.core.importer.JavaClassProcessor - Processing class 'javax/servlet/http/HttpSession'
15:51:29.203 [Test worker] DEBUG com.tngtech.archunit.core.importer.JavaClassProcessor - Processing class 'javax/servlet/http/PushBuilder'
15:51:29.203 [Test worker] DEBUG com.tngtech.archunit.core.importer.JavaClassProcessor - Processing class 'java/security/Principal'
15:51:29.205 [Test worker] DEBUG com.tngtech.archunit.core.importer.JavaClassProcessor - Processing class 'javax/servlet/http/WebConnection'
15:51:29.205 [Test worker] DEBUG com.tngtech.archunit.core.importer.JavaClassProcessor - Processing class 'java/security/MessageDigest'
15:51:29.206 [Test worker] DEBUG com.tngtech.archunit.core.importer.JavaClassProcessor - Processing class 'java/nio/channels/FileChannel'
15:51:29.207 [Test worker] DEBUG com.tngtech.archunit.core.importer.JavaClassProcessor - Processing class 'java/io/File'
15:51:29.209 [Test worker] DEBUG com.tngtech.archunit.core.importer.JavaClassProcessor - Processing class 'java/io/RandomAccessFile'
15:51:29.210 [Test worker] DEBUG com.tngtech.archunit.core.importer.JavaClassProcessor - Processing class 'java/nio/file/Path'
15:51:29.211 [Test worker] DEBUG com.tngtech.archunit.core.importer.JavaClassProcessor - Processing class 'java/nio/file/OpenOption'
15:51:29.213 [Test worker] DEBUG com.tngtech.archunit.core.importer.JavaClassProcessor - Processing class 'org/aspectj/lang/JoinPoint$StaticPart'
15:51:29.214 [Test worker] DEBUG com.tngtech.archunit.core.importer.JavaClassProcessor - Processing class 'org/aspectj/lang/reflect/SourceLocation'
15:51:29.215 [Test worker] DEBUG com.tngtech.archunit.core.importer.JavaClassProcessor - Processing class 'org/aspectj/runtime/internal/AroundClosure'
15:51:29.217 [Test worker] DEBUG com.tngtech.archunit.core.importer.JavaClassProcessor - Processing class 'org/slf4j/Marker'
15:51:29.218 [Test worker] DEBUG com.tngtech.archunit.core.importer.JavaClassProcessor - Processing class 'org/slf4j/helpers/NOPLoggerFactory'
15:51:29.219 [Test worker] DEBUG com.tngtech.archunit.core.importer.JavaClassProcessor - Processing class 'org/slf4j/helpers/SubstituteLoggerFactory'
15:51:29.220 [Test worker] DEBUG com.tngtech.archunit.core.importer.JavaClassProcessor - Processing class 'org/slf4j/event/SubstituteLoggingEvent'
15:51:29.221 [Test worker] DEBUG com.tngtech.archunit.core.importer.JavaClassProcessor - Processing class 'org/slf4j/ILoggerFactory'
15:51:29.222 [Test worker] DEBUG com.tngtech.archunit.core.importer.JavaClassProcessor - Processing class 'org/aopalliance/aop/Advice'
15:51:29.223 [Test worker] DEBUG com.tngtech.archunit.core.importer.JavaClassProcessor - Processing class 'org/springframework/aop/ClassFilter'
15:51:29.224 [Test worker] DEBUG com.tngtech.archunit.core.importer.JavaClassProcessor - Processing class 'org/springframework/aop/Pointcut'
15:51:29.225 [Test worker] DEBUG com.tngtech.archunit.core.importer.JavaClassProcessor - Processing class 'org/springframework/beans/factory/NoSuchBeanDefinitionException'
15:51:29.226 [Test worker] DEBUG com.tngtech.archunit.core.importer.JavaClassProcessor - Processing class 'org/springframework/beans/BeansException'
15:51:29.227 [Test worker] DEBUG com.tngtech.archunit.core.importer.JavaClassProcessor - Processing class 'org/springframework/beans/factory/ObjectProvider'
15:51:29.228 [Test worker] DEBUG com.tngtech.archunit.core.importer.JavaClassProcessor - Processing class 'org/springframework/core/ResolvableType'
15:51:29.231 [Test worker] DEBUG com.tngtech.archunit.core.importer.JavaClassProcessor - Processing class 'org/springframework/beans/factory/config/BeanDefinition'
15:51:29.231 [Test worker] DEBUG com.tngtech.archunit.core.importer.JavaClassProcessor - Processing class 'org/springframework/beans/factory/support/BeanDefinitionRegistry'
15:51:29.232 [Test worker] DEBUG com.tngtech.archunit.core.importer.JavaClassProcessor - Processing class 'org/springframework/boot/BootstrapRegistry'
15:51:29.233 [Test worker] DEBUG com.tngtech.archunit.core.importer.JavaClassProcessor - Processing class 'org/springframework/boot/WebApplicationType'
15:51:29.235 [Test worker] DEBUG com.tngtech.archunit.core.importer.JavaClassProcessor - Processing class 'org/springframework/boot/Banner$Mode'
15:51:29.236 [Test worker] DEBUG com.tngtech.archunit.core.importer.JavaClassProcessor - Processing class 'org/springframework/boot/ApplicationContextFactory'
15:51:29.237 [Test worker] DEBUG com.tngtech.archunit.core.importer.JavaClassProcessor - Processing class 'org/springframework/boot/Banner'
15:51:29.238 [Test worker] DEBUG com.tngtech.archunit.core.importer.JavaClassProcessor - Processing class 'org/springframework/boot/SpringApplicationShutdownHook'
15:51:29.239 [Test worker] DEBUG com.tngtech.archunit.core.importer.JavaClassProcessor - Processing class 'org/springframework/core/metrics/ApplicationStartup'
15:51:29.240 [Test worker] DEBUG com.tngtech.archunit.core.importer.JavaClassProcessor - Processing class 'org/apache/commons/logging/Log'
15:51:29.241 [Test worker] DEBUG com.tngtech.archunit.core.importer.JavaClassProcessor - Processing class 'org/springframework/boot/SpringBootExceptionHandler'
15:51:29.242 [Test worker] DEBUG com.tngtech.archunit.core.importer.JavaClassProcessor - Processing class 'org/springframework/boot/DefaultBootstrapContext'
15:51:29.243 [Test worker] DEBUG com.tngtech.archunit.core.importer.JavaClassProcessor - Processing class 'org/springframework/boot/ExitCodeGenerator'
15:51:29.244 [Test worker] DEBUG com.tngtech.archunit.core.importer.JavaClassProcessor - Processing class 'org/springframework/boot/ExitCodeExceptionMapper'
15:51:29.246 [Test worker] DEBUG com.tngtech.archunit.core.importer.JavaClassProcessor - Processing class 'org/springframework/boot/SpringApplicationRunListeners'
15:51:29.247 [Test worker] DEBUG com.tngtech.archunit.core.importer.JavaClassProcessor - Processing class 'org/springframework/boot/ApplicationArguments'
15:51:29.248 [Test worker] DEBUG com.tngtech.archunit.core.importer.JavaClassProcessor - Processing class 'org/springframework/boot/ApplicationRunner'
15:51:29.249 [Test worker] DEBUG com.tngtech.archunit.core.importer.JavaClassProcessor - Processing class 'org/springframework/boot/ApplicationEnvironment'
15:51:29.250 [Test worker] DEBUG com.tngtech.archunit.core.importer.JavaClassProcessor - Processing class 'org/springframework/boot/ApplicationServletEnvironment'
15:51:29.251 [Test worker] DEBUG com.tngtech.archunit.core.importer.JavaClassProcessor - Processing class 'org/springframework/boot/ApplicationReactiveWebEnvironment'
15:51:29.252 [Test worker] DEBUG com.tngtech.archunit.core.importer.JavaClassProcessor - Processing class 'org/springframework/context/support/AbstractApplicationContext'
15:51:29.255 [Test worker] DEBUG com.tngtech.archunit.core.importer.JavaClassProcessor - Processing class 'org/springframework/boot/CommandLineRunner'
15:51:29.257 [Test worker] DEBUG com.tngtech.archunit.core.importer.JavaClassProcessor - Processing class 'org/springframework/beans/factory/support/AbstractAutowireCapableBeanFactory'
15:51:29.260 [Test worker] DEBUG com.tngtech.archunit.core.importer.JavaClassProcessor - Processing class 'org/springframework/beans/factory/support/DefaultListableBeanFactory'
15:51:29.264 [Test worker] DEBUG com.tngtech.archunit.core.importer.JavaClassProcessor - Processing class 'org/springframework/context/support/GenericApplicationContext'
15:51:29.265 [Test worker] DEBUG com.tngtech.archunit.core.importer.JavaClassProcessor - Processing class 'org/springframework/core/io/DefaultResourceLoader'
15:51:29.267 [Test worker] DEBUG com.tngtech.archunit.core.importer.JavaClassProcessor - Processing class 'org/springframework/boot/SpringApplicationShutdownHandlers'
15:51:29.268 [Test worker] DEBUG com.tngtech.archunit.core.importer.JavaClassProcessor - Processing class 'org/springframework/boot/SpringApplicationRunListener'
15:51:29.269 [Test worker] DEBUG com.tngtech.archunit.core.importer.JavaClassProcessor - Processing class 'org/springframework/boot/BeanDefinitionLoader'
15:51:29.272 [Test worker] DEBUG com.tngtech.archunit.core.importer.JavaClassProcessor - Processing class 'org/springframework/core/type/classreading/MetadataReader'
15:51:29.274 [Test worker] DEBUG com.tngtech.archunit.core.importer.JavaClassProcessor - Processing class 'org/springframework/core/type/classreading/MetadataReaderFactory'
15:51:29.275 [Test worker] DEBUG com.tngtech.archunit.core.importer.JavaClassProcessor - Processing class 'org/springframework/boot/autoconfigure/AutoConfigurationMetadata'
15:51:29.276 [Test worker] DEBUG com.tngtech.archunit.core.importer.JavaClassProcessor - Processing class 'org/springframework/boot/autoconfigure/AutoConfigurationImportEvent'
15:51:29.279 [Test worker] DEBUG com.tngtech.archunit.core.importer.JavaClassProcessor - Processing class 'org/springframework/beans/factory/config/ConfigurableListableBeanFactory'
15:51:29.280 [Test worker] DEBUG com.tngtech.archunit.core.importer.JavaClassProcessor - Processing class 'org/springframework/boot/autoconfigure/AutoConfigurationImportSelector$ConfigurationClassFilter'
15:51:29.282 [Test worker] DEBUG com.tngtech.archunit.core.importer.JavaClassProcessor - Processing class 'org/springframework/boot/autoconfigure/AutoConfigurationImportSelector$AutoConfigurationEntry'
15:51:29.283 [Test worker] DEBUG com.tngtech.archunit.core.importer.JavaClassProcessor - Processing class 'org/springframework/core/type/AnnotationMetadata'
15:51:29.284 [Test worker] DEBUG com.tngtech.archunit.core.importer.JavaClassProcessor - Processing class 'org/springframework/core/annotation/AnnotationAttributes'
15:51:29.286 [Test worker] DEBUG com.tngtech.archunit.core.importer.JavaClassProcessor - Processing class 'org/springframework/boot/autoconfigure/AutoConfigurationImportSelector$AutoConfigurationGroup'
15:51:29.289 [Test worker] DEBUG com.tngtech.archunit.core.importer.JavaClassProcessor - Processing class 'org/springframework/boot/autoconfigure/AutoConfigurationPackages$BasePackages'
15:51:29.295 [Test worker] DEBUG com.tngtech.archunit.core.importer.JavaClassProcessor - Processing class 'org/springframework/web/client/ResponseErrorHandler'
15:51:29.296 [Test worker] DEBUG com.tngtech.archunit.core.importer.JavaClassProcessor - Processing class 'org/springframework/web/util/UriTemplateHandler'
15:51:29.297 [Test worker] DEBUG com.tngtech.archunit.core.importer.JavaClassProcessor - Processing class 'org/springframework/boot/web/client/BasicAuthentication'
15:51:29.298 [Test worker] DEBUG com.tngtech.archunit.core.importer.JavaClassProcessor - Processing class 'org/springframework/boot/web/client/RestTemplateBuilder$RequestFactoryCustomizer'
15:51:29.306 [Test worker] DEBUG com.tngtech.archunit.core.importer.JavaClassProcessor - Processing class 'org/springframework/beans/factory/config/AutowireCapableBeanFactory'
15:51:29.307 [Test worker] DEBUG com.tngtech.archunit.core.importer.JavaClassProcessor - Processing class 'org/springframework/beans/factory/config/BeanFactoryPostProcessor'
15:51:29.308 [Test worker] DEBUG com.tngtech.archunit.core.importer.JavaClassProcessor - Processing class 'org/springframework/core/io/ProtocolResolver'
15:51:29.309 [Test worker] DEBUG com.tngtech.archunit.core.importer.JavaClassProcessor - Processing class 'org/springframework/context/MessageSourceResolvable'
15:51:29.310 [Test worker] DEBUG com.tngtech.archunit.core.importer.JavaClassProcessor - Processing class 'org/springframework/context/NoSuchMessageException'
15:51:29.311 [Test worker] DEBUG com.tngtech.archunit.core.importer.JavaClassProcessor - Processing class 'org/springframework/context/annotation/ScopeMetadata'
15:51:29.312 [Test worker] DEBUG com.tngtech.archunit.core.importer.JavaClassProcessor - Processing class 'org/springframework/beans/factory/annotation/AnnotatedBeanDefinition'
15:51:29.312 [Test worker] DEBUG com.tngtech.archunit.core.importer.JavaClassProcessor - Processing class 'org/springframework/context/annotation/Scope'
15:51:29.317 [Test worker] DEBUG com.tngtech.archunit.core.importer.JavaClassProcessor - Processing class 'org/springframework/core/env/MutablePropertySources'
15:51:29.318 [Test worker] DEBUG com.tngtech.archunit.core.importer.JavaClassProcessor - Processing class 'org/springframework/core/env/Profiles'
15:51:29.319 [Test worker] DEBUG com.tngtech.archunit.core.importer.JavaClassProcessor - Processing class 'org/springframework/core/convert/support/ConfigurableConversionService'
15:51:29.320 [Test worker] DEBUG com.tngtech.archunit.core.importer.JavaClassProcessor - Processing class 'org/springframework/core/env/MissingRequiredPropertiesException'
15:51:29.322 [Test worker] DEBUG com.tngtech.archunit.core.importer.JavaClassProcessor - Processing class 'org/springframework/core/io/Resource'
15:51:29.323 [Test worker] DEBUG com.tngtech.archunit.core.importer.JavaClassProcessor - Processing class 'org/springframework/data/domain/Example'
15:51:29.325 [Test worker] DEBUG com.tngtech.archunit.core.importer.JavaClassProcessor - Processing class 'org/springframework/data/domain/Sort'
15:51:29.326 [Test worker] DEBUG com.tngtech.archunit.core.importer.JavaClassProcessor - Processing class 'org/springframework/data/domain/Page'
15:51:29.327 [Test worker] DEBUG com.tngtech.archunit.core.importer.JavaClassProcessor - Processing class 'org/springframework/data/domain/Pageable'
15:51:29.329 [Test worker] DEBUG com.tngtech.archunit.core.importer.JavaClassProcessor - Processing class 'java/util/regex/Pattern'
15:51:29.330 [Test worker] DEBUG com.tngtech.archunit.core.importer.JavaClassProcessor - Processing class 'java/text/DecimalFormatSymbols'
15:51:29.332 [Test worker] DEBUG com.tngtech.archunit.core.importer.JavaClassProcessor - Processing class 'org/springframework/http/ReadOnlyHttpHeaders'
15:51:29.333 [Test worker] DEBUG com.tngtech.archunit.core.importer.JavaClassProcessor - Processing class 'org/springframework/http/ContentDisposition'
15:51:29.335 [Test worker] DEBUG com.tngtech.archunit.core.importer.JavaClassProcessor - Processing class 'org/springframework/http/CacheControl'
15:51:29.336 [Test worker] DEBUG com.tngtech.archunit.core.importer.JavaClassProcessor - Processing class 'java/net/InetSocketAddress'
15:51:29.338 [Test worker] DEBUG com.tngtech.archunit.core.importer.JavaClassProcessor - Processing class 'org/springframework/core/io/InputStreamResource'
15:51:29.339 [Test worker] DEBUG com.tngtech.archunit.core.importer.JavaClassProcessor - Processing class 'org/springframework/http/HttpStatus$Series'
15:51:29.341 [Test worker] DEBUG com.tngtech.archunit.core.importer.JavaClassProcessor - Processing class 'org/springframework/http/ResponseEntity$BodyBuilder'
15:51:29.342 [Test worker] DEBUG com.tngtech.archunit.core.importer.JavaClassProcessor - Processing class 'org/springframework/http/ResponseEntity$HeadersBuilder'
15:51:29.343 [Test worker] DEBUG com.tngtech.archunit.core.importer.JavaClassProcessor - Processing class 'org/springframework/http/ResponseEntity$1'
15:51:29.344 [Test worker] DEBUG com.tngtech.archunit.core.importer.JavaClassProcessor - Processing class 'org/springframework/http/client/ClientHttpResponse'
15:51:29.346 [Test worker] DEBUG com.tngtech.archunit.core.importer.JavaClassProcessor - Processing class 'org/springframework/http/client/ClientHttpRequestExecution'
15:51:29.347 [Test worker] DEBUG com.tngtech.archunit.core.importer.JavaClassProcessor - Processing class 'org/springframework/http/HttpInputMessage'
15:51:29.348 [Test worker] DEBUG com.tngtech.archunit.core.importer.JavaClassProcessor - Processing class 'org/springframework/http/converter/HttpMessageNotReadableException'
15:51:29.349 [Test worker] DEBUG com.tngtech.archunit.core.importer.JavaClassProcessor - Processing class 'org/springframework/http/converter/HttpMessageNotWritableException'
15:51:29.350 [Test worker] DEBUG com.tngtech.archunit.core.importer.JavaClassProcessor - Processing class 'org/springframework/retry/RetryContext'
15:51:29.351 [Test worker] DEBUG com.tngtech.archunit.core.importer.JavaClassProcessor - Processing class 'org/springframework/retry/RetryCallback'
15:51:29.353 [Test worker] DEBUG com.tngtech.archunit.core.importer.JavaClassProcessor - Processing class 'org/springframework/retry/interceptor/NewMethodArgumentsIdentifier'
15:51:29.354 [Test worker] DEBUG com.tngtech.archunit.core.importer.JavaClassProcessor - Processing class 'org/springframework/retry/policy/RetryContextCache'
15:51:29.355 [Test worker] DEBUG com.tngtech.archunit.core.importer.JavaClassProcessor - Processing class 'org/springframework/retry/backoff/Sleeper'
15:51:29.356 [Test worker] DEBUG com.tngtech.archunit.core.importer.JavaClassProcessor - Processing class 'org/springframework/retry/interceptor/MethodArgumentsKeyGenerator'
15:51:29.357 [Test worker] DEBUG com.tngtech.archunit.core.importer.JavaClassProcessor - Processing class 'org/springframework/retry/annotation/AnnotationAwareRetryOperationsInterceptor'
15:51:29.359 [Test worker] DEBUG com.tngtech.archunit.core.importer.JavaClassProcessor - Processing class 'org/springframework/retry/interceptor/Retryable'
15:51:29.360 [Test worker] DEBUG com.tngtech.archunit.core.importer.JavaClassProcessor - Processing class 'org/springframework/retry/annotation/Retryable'
15:51:29.366 [Test worker] DEBUG com.tngtech.archunit.core.importer.JavaClassProcessor - Processing class 'org/springframework/web/client/RestClientException'
15:51:29.367 [Test worker] DEBUG com.tngtech.archunit.core.importer.JavaClassProcessor - Processing class 'org/springframework/core/ParameterizedTypeReference'
15:51:29.368 [Test worker] DEBUG com.tngtech.archunit.core.importer.JavaClassProcessor - Processing class 'org/springframework/http/RequestEntity'
15:51:29.370 [Test worker] DEBUG com.tngtech.archunit.core.importer.JavaClassProcessor - Processing class 'org/springframework/web/client/RequestCallback'
15:51:29.371 [Test worker] DEBUG com.tngtech.archunit.core.importer.JavaClassProcessor - Processing class 'org/springframework/web/client/ResponseExtractor'
15:51:29.374 [Test worker] DEBUG com.tngtech.archunit.core.importer.JavaClassProcessor - Processing class 'org/springframework/web/util/DefaultUriBuilderFactory'
15:51:29.376 [Test worker] DEBUG com.tngtech.archunit.core.importer.JavaClassProcessor - Processing class 'org/springframework/web/util/AbstractUriTemplateHandler'
15:51:29.378 [Test worker] DEBUG com.tngtech.archunit.core.importer.JavaClassProcessor - Processing class 'org/springframework/http/RequestEntity$UriTemplateRequestEntity'
15:51:29.380 [Test worker] DEBUG com.tngtech.archunit.core.importer.JavaClassProcessor - Processing class 'org/springframework/beans/BeanWrapper'
15:51:29.381 [Test worker] DEBUG com.tngtech.archunit.core.importer.JavaClassProcessor - Processing class 'org/thymeleaf/IThrottledTemplateProcessor'
15:51:29.382 [Test worker] DEBUG com.tngtech.archunit.core.importer.JavaClassProcessor - Processing class 'org/thymeleaf/TemplateSpec'
15:51:29.383 [Test worker] DEBUG com.tngtech.archunit.core.importer.JavaClassProcessor - Processing class 'org/thymeleaf/IEngineConfiguration'
15:51:29.384 [Test worker] DEBUG com.tngtech.archunit.core.importer.JavaClassProcessor - Processing class 'org/thymeleaf/templateparser/markup/decoupled/IDecoupledTemplateLogicResolver'
15:51:29.385 [Test worker] DEBUG com.tngtech.archunit.core.importer.JavaClassProcessor - Processing class 'org/thymeleaf/cache/ICacheManager'
15:51:29.386 [Test worker] DEBUG com.tngtech.archunit.core.importer.JavaClassProcessor - Processing class 'org/thymeleaf/context/IEngineContextFactory'
15:51:29.388 [Test worker] DEBUG com.tngtech.archunit.core.importer.JavaClassProcessor - Processing class 'org/thymeleaf/context/IExpressionContext'
15:51:29.389 [Test worker] DEBUG com.tngtech.archunit.core.importer.JavaClassProcessor - Processing class 'org/thymeleaf/context/ITemplateContext'
15:51:29.390 [Test worker] DEBUG com.tngtech.archunit.core.importer.JavaClassProcessor - Processing class 'org/thymeleaf/spring5/dialect/SpringStandardDialect'
15:51:29.391 [Test worker] DEBUG com.tngtech.archunit.core.importer.JavaClassProcessor - Processing class 'org/thymeleaf/templateresolver/TemplateResolution'
15:51:29.393 [Test worker] DEBUG com.tngtech.archunit.core.importer.JavaClassProcessor - Processing class 'sun/util/locale/UnicodeLocaleExtension'
15:51:29.393 [Test worker] DEBUG com.tngtech.archunit.core.importer.JavaClassProcessor - Processing class 'sun/util/locale/LocaleSyntaxException'
15:51:29.394 [Test worker] DEBUG com.tngtech.archunit.core.importer.JavaClassProcessor - Processing class 'sun/util/locale/LanguageTag'
15:51:29.531 [Test worker] DEBUG com.tngtech.archunit.core.importer.UrlSource$From - Found URLs on sun.boot.class.path: []
15:51:29.545 [Test worker] DEBUG com.tngtech.archunit.core.importer.UrlSource$From - Found URLs on java.class.path: [jar:file:/C:/Users/Usuario/.gradle/caches/7.6.1/workerMain/gradle-worker.jar!/, file:/C:/Users/Usuario/Desktop/TrafficAgent/build/classes/java/test/, file:/C:/Users/Usuario/Desktop/TrafficAgent/build/resources/test/, file:/C:/Users/Usuario/Desktop/TrafficAgent/build/classes/java/main/, file:/C:/Users/Usuario/Desktop/TrafficAgent/build/resources/main/, jar:file:/C:/Users/Usuario/.gradle/caches/modules-2/files-2.1/org.springframework.boot/spring-boot-starter-web/2.6.3/ceb6e909c144daf9e792069f5f0efd105c8712a/spring-boot-starter-web-2.6.3.jar!/, jar:file:/C:/Users/Usuario/.gradle/caches/modules-2/files-2.1/org.springframework.boot/spring-boot-starter-undertow/2.6.3/988095d74254727e400818c46de206242a427de5/spring-boot-starter-undertow-2.6.3.jar!/, jar:file:/C:/Users/Usuario/.gradle/caches/modules-2/files-2.1/org.springframework.boot/spring-boot-starter-data-jpa/2.6.3/74c60a724e4f81c7527b848ee24e91ba6facfe24/spring-boot-starter-data-jpa-2.6.3.jar!/, jar:file:/C:/Users/Usuario/.gradle/caches/modules-2/files-2.1/org.postgresql/postgresql/42.3.1/9ca7df660e875b91c78e3d1608d4d7469ad3470c/postgresql-42.3.1.jar!/, jar:file:/C:/Users/Usuario/.gradle/caches/modules-2/files-2.1/org.springframework.retry/spring-retry/2.0.0/6a7a653901b58eb741692417f33b5bebedbd01f7/spring-retry-2.0.0.jar!/, jar:file:/C:/Users/Usuario/.gradle/caches/modules-2/files-2.1/io.jsonwebtoken/jjwt/0.9.1/54d2abfc3e63a28824d35bf600d6a5d627da681a/jjwt-0.9.1.jar!/, jar:file:/C:/Users/Usuario/.gradle/caches/modules-2/files-2.1/com.auth0/java-jwt/4.2.1/904306772bb7d43750527f84d7b23589a1f9ab12/java-jwt-4.2.1.jar!/, jar:file:/C:/Users/Usuario/.gradle/caches/modules-2/files-2.1/commons-codec/commons-codec/1.15/49d94806b6e3dc933dacbd8acb0fdbab8ebd1e5d/commons-codec-1.15.jar!/, jar:file:/C:/Users/Usuario/.gradle/caches/modules-2/files-2.1/org.springframework.boot/spring-boot-starter-aop/2.6.3/338cbbfe2667aea23d95672093e05b5f54630c5a/spring-boot-starter-aop-2.6.3.jar!/, jar:file:/C:/Users/Usuario/.gradle/caches/modules-2/files-2.1/com.h2database/h2/2.1.214/d5c2005c9e3279201e12d4776c948578b16bf8b2/h2-2.1.214.jar!/, jar:file:/C:/Users/Usuario/.gradle/caches/modules-2/files-2.1/com.sun.mail/javax.mail/1.6.2/935151eb71beff17a2ffac15dd80184a99a0514f/javax.mail-1.6.2.jar!/, jar:file:/C:/Users/Usuario/.gradle/caches/modules-2/files-2.1/org.springframework.boot/spring-boot-starter-thymeleaf/2.6.3/1468befdafc10744d410848ea5ecb4d44c6c215b/spring-boot-starter-thymeleaf-2.6.3.jar!/, jar:file:/C:/Users/Usuario/.gradle/caches/modules-2/files-2.1/nz.net.ultraq.thymeleaf/thymeleaf-layout-dialect/3.0.0/901115ad80d4928d1d15f7dfa0bad99c1a006cc2/thymeleaf-layout-dialect-3.0.0.jar!/, jar:file:/C:/Users/Usuario/.gradle/caches/modules-2/files-2.1/org.springframework.boot/spring-boot-starter-test/2.6.3/1ac659fc8c6d7285218b7ff79d67b87736f4ddf2/spring-boot-starter-test-2.6.3.jar!/, jar:file:/C:/Users/Usuario/.gradle/caches/modules-2/files-2.1/com.tngtech.archunit/archunit-junit5/1.0.0/d381ade9436d047877181fe50f508318e6a5a8/archunit-junit5-1.0.0.jar!/, jar:file:/C:/Users/Usuario/.gradle/caches/modules-2/files-2.1/org.springframework.boot/spring-boot-starter-json/2.6.3/b43885849bde2ad5d436c5acdd43b21730f9c676/spring-boot-starter-json-2.6.3.jar!/, jar:file:/C:/Users/Usuario/.gradle/caches/modules-2/files-2.1/org.springframework.boot/spring-boot-starter-jdbc/2.6.3/17871ef6920a3decad5f10181b2baf198ea2b787/spring-boot-starter-jdbc-2.6.3.jar!/, jar:file:/C:/Users/Usuario/.gradle/caches/modules-2/files-2.1/org.springframework.boot/spring-boot-starter/2.6.3/1211af6e300c0584e01c7a9a75e585ac0aec6ea6/spring-boot-starter-2.6.3.jar!/, jar:file:/C:/Users/Usuario/.gradle/caches/modules-2/files-2.1/org.springframework/spring-webmvc/5.3.15/28307dda4cb5fbeb6f7d7e7c846f464da0eba955/spring-webmvc-5.3.15.jar!/, jar:file:/C:/Users/Usuario/.gradle/caches/modules-2/files-2.1/org.springframework/spring-web/5.3.15/a228b373eff7fe34e868827ab02c91b8bf7a643e/spring-web-5.3.15.jar!/, jar:file:/C:/Users/Usuario/.gradle/caches/modules-2/files-2.1/io.undertow/undertow-websockets-jsr/2.2.14.Final/fffc3ffff1880fd695c22164d37bd16dc1dc4b7e/undertow-websockets-jsr-2.2.14.Final.jar!/, jar:file:/C:/Users/Usuario/.gradle/caches/modules-2/files-2.1/io.undertow/undertow-servlet/2.2.14.Final/8354ab1476d85dec5ee743a0f40b113cf29a55b8/undertow-servlet-2.2.14.Final.jar!/, jar:file:/C:/Users/Usuario/.gradle/caches/modules-2/files-2.1/io.undertow/undertow-core/2.2.14.Final/deb02123fba830230d1837a1e6b3731607196a41/undertow-core-2.2.14.Final.jar!/, jar:file:/C:/Users/Usuario/.gradle/caches/modules-2/files-2.1/jakarta.servlet/jakarta.servlet-api/4.0.4/b8a1142e04838fe54194049c6e7a18dae8f9b960/jakarta.servlet-api-4.0.4.jar!/, jar:file:/C:/Users/Usuario/.gradle/caches/modules-2/files-2.1/jakarta.websocket/jakarta.websocket-api/1.1.2/69c2fdfb75081cc935bc9d6c5616d12b0b73815f/jakarta.websocket-api-1.1.2.jar!/, jar:file:/C:/Users/Usuario/.gradle/caches/modules-2/files-2.1/org.apache.tomcat.embed/tomcat-embed-el/9.0.56/8e4f28f714693ad4e158e61f41371d4e4c6b4e23/tomcat-embed-el-9.0.56.jar!/, jar:file:/C:/Users/Usuario/.gradle/caches/modules-2/files-2.1/jakarta.transaction/jakarta.transaction-api/1.3.3/c4179d48720a1e87202115fbed6089bdc4195405/jakarta.transaction-api-1.3.3.jar!/, jar:file:/C:/Users/Usuario/.gradle/caches/modules-2/files-2.1/jakarta.persistence/jakarta.persistence-api/2.2.3/8f6ea5daedc614f07a3654a455660145286f024e/jakarta.persistence-api-2.2.3.jar!/, jar:file:/C:/Users/Usuario/.gradle/caches/modules-2/files-2.1/org.hibernate/hibernate-core/5.6.4.Final/a21d3a313d8fa4dbf2d05aa50ef3157a8081e83f/hibernate-core-5.6.4.Final.jar!/, jar:file:/C:/Users/Usuario/.gradle/caches/modules-2/files-2.1/org.springframework.data/spring-data-jpa/2.6.1/70eef23d3c1ba594749867edb9c89832da8f923c/spring-data-jpa-2.6.1.jar!/, jar:file:/C:/Users/Usuario/.gradle/caches/modules-2/files-2.1/org.springframework/spring-aspects/5.3.15/d1e42bac0f61ad50f633c13f8bcab905a66313af/spring-aspects-5.3.15.jar!/, jar:file:/C:/Users/Usuario/.gradle/caches/modules-2/files-2.1/org.checkerframework/checker-qual/3.5.0/2f50520c8abea66fbd8d26e481d3aef5c673b510/checker-qual-3.5.0.jar!/, jar:file:/C:/Users/Usuario/.gradle/caches/modules-2/files-2.1/com.fasterxml.jackson.datatype/jackson-datatype-jsr310/2.13.1/1ece5a87b59701328215e0083448b4d451857cbd/jackson-datatype-jsr310-2.13.1.jar!/, jar:file:/C:/Users/Usuario/.gradle/caches/modules-2/files-2.1/com.fasterxml.jackson.module/jackson-module-parameter-names/2.13.1/cbeec2259213c555ef451a2e05f35ed1dbfbf799/jackson-module-parameter-names-2.13.1.jar!/, jar:file:/C:/Users/Usuario/.gradle/caches/modules-2/files-2.1/com.fasterxml.jackson.core/jackson-annotations/2.13.1/1cbcbe4623113e6af92ccaa89884a345270f1a87/jackson-annotations-2.13.1.jar!/, jar:file:/C:/Users/Usuario/.gradle/caches/modules-2/files-2.1/com.fasterxml.jackson.core/jackson-core/2.13.1/51ae921a2ed1e06ca8876f12f32f265e83c0b2b8/jackson-core-2.13.1.jar!/, jar:file:/C:/Users/Usuario/.gradle/caches/modules-2/files-2.1/com.fasterxml.jackson.datatype/jackson-datatype-jdk8/2.13.1/8ecfa9bcd714269fdf22c33f9fd00d0643bd0e21/jackson-datatype-jdk8-2.13.1.jar!/, jar:file:/C:/Users/Usuario/.gradle/caches/modules-2/files-2.1/com.fasterxml.jackson.core/jackson-databind/2.13.1/698b2d2b15d9a1b7aae025f1d9f576842285e7f6/jackson-databind-2.13.1.jar!/, jar:file:/C:/Users/Usuario/.gradle/caches/modules-2/files-2.1/org.springframework.boot/spring-boot-test-autoconfigure/2.6.3/c903465682a6cd69adbc83feb8e8bfa26c51e6ae/spring-boot-test-autoconfigure-2.6.3.jar!/, jar:file:/C:/Users/Usuario/.gradle/caches/modules-2/files-2.1/org.springframework.boot/spring-boot-test/2.6.3/93b38ba8d4f027a7eda8c28dbe8f77b712de1142/spring-boot-test-2.6.3.jar!/, jar:file:/C:/Users/Usuario/.gradle/caches/modules-2/files-2.1/org.springframework.boot/spring-boot-autoconfigure/2.6.3/8bf96f63e9479b5a1c17d1fa05b149bb5ed050e2/spring-boot-autoconfigure-2.6.3.jar!/, jar:file:/C:/Users/Usuario/.gradle/caches/modules-2/files-2.1/org.springframework.boot/spring-boot/2.6.3/f1127e8a70ba7b9f12581e79ea963b739059bf55/spring-boot-2.6.3.jar!/, jar:file:/C:/Users/Usuario/.gradle/caches/modules-2/files-2.1/org.springframework/spring-context/5.3.15/80a12b7dcb3332fbd65c3649249fd35561ffc561/spring-context-5.3.15.jar!/, jar:file:/C:/Users/Usuario/.gradle/caches/modules-2/files-2.1/org.springframework/spring-aop/5.3.15/195966e1f4260f89696e668856ebfd9a1bc76404/spring-aop-5.3.15.jar!/, jar:file:/C:/Users/Usuario/.gradle/caches/modules-2/files-2.1/org.aspectj/aspectjweaver/1.9.7/158f5c255cd3e4408e795b79f7c3fbae9b53b7ca/aspectjweaver-1.9.7.jar!/, jar:file:/C:/Users/Usuario/.gradle/caches/modules-2/files-2.1/javax.activation/activation/1.1/e6cb541461c2834bdea3eb920f1884d1eb508b50/activation-1.1.jar!/, jar:file:/C:/Users/Usuario/.gradle/caches/modules-2/files-2.1/org.thymeleaf/thymeleaf-spring5/3.0.14.RELEASE/a0588f30a1e7dcadfc5c260ef6c6078ef377384/thymeleaf-spring5-3.0.14.RELEASE.jar!/, jar:file:/C:/Users/Usuario/.gradle/caches/modules-2/files-2.1/org.thymeleaf.extras/thymeleaf-extras-java8time/3.0.4.RELEASE/36e7175ddce36c486fff4578b5af7bb32f54f5df/thymeleaf-extras-java8time-3.0.4.RELEASE.jar!/, jar:file:/C:/Users/Usuario/.gradle/caches/modules-2/files-2.1/nz.net.ultraq.extensions/groovy-extensions/1.1.0/cb0ecf5713794f6a91b266e1c7f0df06c16ffbea/groovy-extensions-1.1.0.jar!/, jar:file:/C:/Users/Usuario/.gradle/caches/modules-2/files-2.1/nz.net.ultraq.thymeleaf/thymeleaf-expression-processor/3.0.0/a9ec91287cdcdaa9f8c4bdcb19e0edeecd5dc23d/thymeleaf-expression-processor-3.0.0.jar!/, jar:file:/C:/Users/Usuario/.gradle/caches/modules-2/files-2.1/org.thymeleaf/thymeleaf/3.0.14.RELEASE/5ec84717bf76bcbcc133f9f19bab754f97b92f8/thymeleaf-3.0.14.RELEASE.jar!/, jar:file:/C:/Users/Usuario/.gradle/caches/modules-2/files-2.1/org.codehaus.groovy/groovy/3.0.9/bd159803bedc434e7af0f714693fb5578a719e95/groovy-3.0.9.jar!/, jar:file:/C:/Users/Usuario/.gradle/caches/modules-2/files-2.1/com.jayway.jsonpath/json-path/2.6.0/67f565b424f7903a12d4f5b9361b11462ecacdac/json-path-2.6.0.jar!/, jar:file:/C:/Users/Usuario/.gradle/caches/modules-2/files-2.1/org.glassfish.jaxb/jaxb-runtime/2.3.5/a169a961a2bb9ac69517ec1005e451becf5cdfab/jaxb-runtime-2.3.5.jar!/, jar:file:/C:/Users/Usuario/.gradle/caches/modules-2/files-2.1/jakarta.xml.bind/jakarta.xml.bind-api/2.3.3/48e3b9cfc10752fba3521d6511f4165bea951801/jakarta.xml.bind-api-2.3.3.jar!/, jar:file:/C:/Users/Usuario/.gradle/caches/modules-2/files-2.1/org.assertj/assertj-core/3.21.0/27a14d6d22c4e3d58f799fb2a5ca8eaf53e6942a/assertj-core-3.21.0.jar!/, jar:file:/C:/Users/Usuario/.gradle/caches/modules-2/files-2.1/org.hamcrest/hamcrest/2.2/1820c0968dba3a11a1b30669bb1f01978a91dedc/hamcrest-2.2.jar!/, jar:file:/C:/Users/Usuario/.gradle/caches/modules-2/files-2.1/org.mockito/mockito-junit-jupiter/4.0.0/b76de25bd6e5d8f7924d0536729c0076e37e9396/mockito-junit-jupiter-4.0.0.jar!/, jar:file:/C:/Users/Usuario/.gradle/caches/modules-2/files-2.1/org.junit.jupiter/junit-jupiter-params/5.8.2/ddeafe92fc263f895bfb73ffeca7fd56e23c2cce/junit-jupiter-params-5.8.2.jar!/, jar:file:/C:/Users/Usuario/.gradle/caches/modules-2/files-2.1/org.junit.jupiter/junit-jupiter-engine/5.8.2/c598b4328d2f397194d11df3b1648d68d7d990e3/junit-jupiter-engine-5.8.2.jar!/, jar:file:/C:/Users/Usuario/.gradle/caches/modules-2/files-2.1/org.junit.jupiter/junit-jupiter-api/5.8.2/4c21029217adf07e4c0d0c5e192b6bf610c94bdc/junit-jupiter-api-5.8.2.jar!/, jar:file:/C:/Users/Usuario/.gradle/caches/modules-2/files-2.1/com.tngtech.archunit/archunit-junit5-engine/1.0.0/c942ce334f410062298100f834a767f765ac7a8e/archunit-junit5-engine-1.0.0.jar!/, jar:file:/C:/Users/Usuario/.gradle/caches/modules-2/files-2.1/com.tngtech.archunit/archunit-junit5-engine-api/1.0.0/f2fcf7191e65bda73cb14b510e380d0c4e55c9c8/archunit-junit5-engine-api-1.0.0.jar!/, jar:file:/C:/Users/Usuario/.gradle/caches/modules-2/files-2.1/org.junit.platform/junit-platform-engine/1.8.2/b737de09f19864bd136805c84df7999a142fec29/junit-platform-engine-1.8.2.jar!/, jar:file:/C:/Users/Usuario/.gradle/caches/modules-2/files-2.1/org.junit.platform/junit-platform-commons/1.8.2/32c8b8617c1342376fd5af2053da6410d8866861/junit-platform-commons-1.8.2.jar!/, jar:file:/C:/Users/Usuario/.gradle/caches/modules-2/files-2.1/org.junit.jupiter/junit-jupiter/5.8.2/5a817b1e63f1217e5c586090c45e681281f097ad/junit-jupiter-5.8.2.jar!/, jar:file:/C:/Users/Usuario/.gradle/caches/modules-2/files-2.1/org.mockito/mockito-core/4.0.0/f5195e0c4a45716bbd2d1d29173adbd148acce3a/mockito-core-4.0.0.jar!/, jar:file:/C:/Users/Usuario/.gradle/caches/modules-2/files-2.1/org.skyscreamer/jsonassert/1.5.0/6c9d5fe2f59da598d9aefc1cfc6528ff3cf32df3/jsonassert-1.5.0.jar!/, jar:file:/C:/Users/Usuario/.gradle/caches/modules-2/files-2.1/org.springframework/spring-test/5.3.15/1efef59ebbf51bc072d08c5854b1d5cbb1c29b65/spring-test-5.3.15.jar!/, jar:file:/C:/Users/Usuario/.gradle/caches/modules-2/files-2.1/org.springframework/spring-orm/5.3.15/edddfcbf3bd2a3cc8b5316329f16dcf88cec33b5/spring-orm-5.3.15.jar!/, jar:file:/C:/Users/Usuario/.gradle/caches/modules-2/files-2.1/org.springframework/spring-jdbc/5.3.15/2c7883bb9a50e37f177cdc3e064e88325f97bd36/spring-jdbc-5.3.15.jar!/, jar:file:/C:/Users/Usuario/.gradle/caches/modules-2/files-2.1/org.springframework.data/spring-data-commons/2.6.1/ba24a3b88e26191b25031cefb8de458deed05551/spring-data-commons-2.6.1.jar!/, jar:file:/C:/Users/Usuario/.gradle/caches/modules-2/files-2.1/org.springframework/spring-tx/5.3.15/27b8c1f0a896dc2f7d1629556b06f55f2a07351d/spring-tx-5.3.15.jar!/, jar:file:/C:/Users/Usuario/.gradle/caches/modules-2/files-2.1/org.springframework/spring-beans/5.3.15/a88e2ccfe8b131bcff2e643b90d52f6d928e7369/spring-beans-5.3.15.jar!/, jar:file:/C:/Users/Usuario/.gradle/caches/modules-2/files-2.1/org.springframework/spring-expression/5.3.15/362f36bbc4c4b46cc2e4f219df22d08945000c2/spring-expression-5.3.15.jar!/, jar:file:/C:/Users/Usuario/.gradle/caches/modules-2/files-2.1/org.springframework/spring-core/5.3.15/e813c2311465672d3089fc7be8dbbadb04e64d6b/spring-core-5.3.15.jar!/, jar:file:/C:/Users/Usuario/.gradle/caches/modules-2/files-2.1/org.xmlunit/xmlunit-core/2.8.4/35be57989ca80eefa03161b211630e319a8f36c6/xmlunit-core-2.8.4.jar!/, jar:file:/C:/Users/Usuario/.gradle/caches/modules-2/files-2.1/com.tngtech.archunit/archunit-junit5-api/1.0.0/f537a0cb4156e374e436009cf7e8e07062929b32/archunit-junit5-api-1.0.0.jar!/, jar:file:/C:/Users/Usuario/.gradle/caches/modules-2/files-2.1/org.springframework.boot/spring-boot-starter-logging/2.6.3/86599127b1e69a6180014cbeed8297ba26e8c6aa/spring-boot-starter-logging-2.6.3.jar!/, jar:file:/C:/Users/Usuario/.gradle/caches/modules-2/files-2.1/jakarta.annotation/jakarta.annotation-api/1.3.5/59eb84ee0d616332ff44aba065f3888cf002cd2d/jakarta.annotation-api-1.3.5.jar!/, jar:file:/C:/Users/Usuario/.gradle/caches/modules-2/files-2.1/org.yaml/snakeyaml/1.29/6d0cdafb2010f1297e574656551d7145240f6e25/snakeyaml-1.29.jar!/, jar:file:/C:/Users/Usuario/.gradle/caches/modules-2/files-2.1/org.hibernate.common/hibernate-commons-annotations/5.1.2.Final/e59ffdbc6ad09eeb33507b39ffcf287679a498c8/hibernate-commons-annotations-5.1.2.Final.jar!/, jar:file:/C:/Users/Usuario/.gradle/caches/modules-2/files-2.1/org.jboss.xnio/xnio-nio/3.8.4.Final/109d7de9a4d995ed9f46e1409520ace346fe2fc4/xnio-nio-3.8.4.Final.jar!/, jar:file:/C:/Users/Usuario/.gradle/caches/modules-2/files-2.1/org.jboss.xnio/xnio-api/3.8.4.Final/8714f2bf19f6e5fa7e36e8516dcb4606ef152e4d/xnio-api-3.8.4.Final.jar!/, jar:file:/C:/Users/Usuario/.gradle/caches/modules-2/files-2.1/org.wildfly.client/wildfly-client-config/1.0.1.Final/2a803b23c40a0de0f03a90d1fd3755747bc05f4b/wildfly-client-config-1.0.1.Final.jar!/, jar:file:/C:/Users/Usuario/.gradle/caches/modules-2/files-2.1/org.jboss.threads/jboss-threads/3.1.0.Final/9b260c0302f637a84a52d3d118214a3c59217615/jboss-threads-3.1.0.Final.jar!/, jar:file:/C:/Users/Usuario/.gradle/caches/modules-2/files-2.1/org.jboss.logging/jboss-logging/3.4.3.Final/c4bd7e12a745c0e7f6cf98c45cdcdf482fd827ea/jboss-logging-3.4.3.Final.jar!/, jar:file:/C:/Users/Usuario/.gradle/caches/modules-2/files-2.1/com.zaxxer/HikariCP/4.0.3/107cbdf0db6780a065f895ae9d8fbf3bb0e1c21f/HikariCP-4.0.3.jar!/, jar:file:/C:/Users/Usuario/.gradle/caches/modules-2/files-2.1/net.bytebuddy/byte-buddy/1.11.22/8b4c7fa5562a09da1c2a9ab0873cb51f5034d83f/byte-buddy-1.11.22.jar!/, jar:file:/C:/Users/Usuario/.gradle/caches/modules-2/files-2.1/antlr/antlr/2.7.7/83cd2cd674a217ade95a4bb83a8a14f351f48bd0/antlr-2.7.7.jar!/, jar:file:/C:/Users/Usuario/.gradle/caches/modules-2/files-2.1/org.jboss/jandex/2.4.2.Final/1e1c385990b258ff1a24c801e84aebbacf70eb39/jandex-2.4.2.Final.jar!/, jar:file:/C:/Users/Usuario/.gradle/caches/modules-2/files-2.1/com.fasterxml/classmate/1.5.1/3fe0bed568c62df5e89f4f174c101eab25345b6c/classmate-1.5.1.jar!/, jar:file:/C:/Users/Usuario/.gradle/caches/modules-2/files-2.1/com.tngtech.archunit/archunit/1.0.0/27ab69819bc5bb588e9881144763b9a3b1ed15a2/archunit-1.0.0.jar!/, jar:file:/C:/Users/Usuario/.gradle/caches/modules-2/files-2.1/ch.qos.logback/logback-classic/1.2.10/f69d97ef3335c6ab82fc21dfb77ac613f90c1221/logback-classic-1.2.10.jar!/, jar:file:/C:/Users/Usuario/.gradle/caches/modules-2/files-2.1/org.apache.logging.log4j/log4j-to-slf4j/2.17.1/3619fd18278a1a895c1dca8c5be002768071a20e/log4j-to-slf4j-2.17.1.jar!/, jar:file:/C:/Users/Usuario/.gradle/caches/modules-2/files-2.1/org.slf4j/jul-to-slf4j/1.7.33/53fd89b530d41b8f6744c754de1c9b02e82f2d7/jul-to-slf4j-1.7.33.jar!/, jar:file:/C:/Users/Usuario/.gradle/caches/modules-2/files-2.1/org.slf4j/slf4j-api/1.7.33/d375aa1b98d34d5ddf73a3f19eaad66e98975b12/slf4j-api-1.7.33.jar!/, jar:file:/C:/Users/Usuario/.gradle/caches/modules-2/files-2.1/ognl/ognl/3.1.26/922d3d922b8aa40146d842114c184c8b403d2f4f/ognl-3.1.26.jar!/, jar:file:/C:/Users/Usuario/.gradle/caches/modules-2/files-2.1/org.attoparser/attoparser/2.0.5.RELEASE/a93ad36df9560de3a5312c1d14f69d938099fa64/attoparser-2.0.5.RELEASE.jar!/, jar:file:/C:/Users/Usuario/.gradle/caches/modules-2/files-2.1/org.unbescape/unbescape/1.1.6.RELEASE/7b90360afb2b860e09e8347112800d12c12b2a13/unbescape-1.1.6.RELEASE.jar!/, jar:file:/C:/Users/Usuario/.gradle/caches/modules-2/files-2.1/net.minidev/json-smart/2.4.7/8d7f4c1530c07c54930935f3da85f48b83b3c109/json-smart-2.4.7.jar!/, jar:file:/C:/Users/Usuario/.gradle/caches/modules-2/files-2.1/jakarta.activation/jakarta.activation-api/1.2.2/99f53adba383cb1bf7c3862844488574b559621f/jakarta.activation-api-1.2.2.jar!/, jar:file:/C:/Users/Usuario/.gradle/caches/modules-2/files-2.1/net.bytebuddy/byte-buddy-agent/1.11.22/2fbcf3210dfc09b42242e3b66a5281cc5b9adb80/byte-buddy-agent-1.11.22.jar!/, jar:file:/C:/Users/Usuario/.gradle/caches/modules-2/files-2.1/org.objenesis/objenesis/3.2/7fadf57620c8b8abdf7519533e5527367cb51f09/objenesis-3.2.jar!/, jar:file:/C:/Users/Usuario/.gradle/caches/modules-2/files-2.1/com.vaadin.external.google/android-json/0.0.20131108.vaadin1/fa26d351fe62a6a17f5cda1287c1c6110dec413f/android-json-0.0.20131108.vaadin1.jar!/, jar:file:/C:/Users/Usuario/.gradle/caches/modules-2/files-2.1/org.springframework/spring-jcl/5.3.15/88da960b4fcbd28621aea8b9911976adc06afce4/spring-jcl-5.3.15.jar!/, jar:file:/C:/Users/Usuario/.gradle/caches/modules-2/files-2.1/org.wildfly.common/wildfly-common/1.5.2.Final/8eba40cfe86bcfcc223551e75201e6e7574c7c36/wildfly-common-1.5.2.Final.jar!/, jar:file:/C:/Users/Usuario/.gradle/caches/modules-2/files-2.1/org.glassfish.jaxb/txw2/2.3.5/ec8930fa62e7b1758b1664d135f50c7abe86a4a3/txw2-2.3.5.jar!/, jar:file:/C:/Users/Usuario/.gradle/caches/modules-2/files-2.1/com.sun.istack/istack-commons-runtime/3.0.12/cbbe1a62b0cc6c85972e99d52aaee350153dc530/istack-commons-runtime-3.0.12.jar!/, jar:file:/C:/Users/Usuario/.gradle/caches/modules-2/files-2.1/com.sun.activation/jakarta.activation/1.2.2/74548703f9851017ce2f556066659438019e7eb5/jakarta.activation-1.2.2.jar!/, jar:file:/C:/Users/Usuario/.gradle/caches/modules-2/files-2.1/org.javassist/javassist/3.20.0-GA/a9cbcdfb7e9f86fbc74d3afae65f2248bfbf82a0/javassist-3.20.0-GA.jar!/, jar:file:/C:/Users/Usuario/.gradle/caches/modules-2/files-2.1/net.minidev/accessors-smart/2.4.7/3970cfc505e6657ca60f3aa57c849f6043000d7a/accessors-smart-2.4.7.jar!/, jar:file:/C:/Users/Usuario/.gradle/caches/modules-2/files-2.1/org.opentest4j/opentest4j/1.2.0/28c11eb91f9b6d8e200631d46e20a7f407f2a046/opentest4j-1.2.0.jar!/, jar:file:/C:/Users/Usuario/.gradle/caches/modules-2/files-2.1/ch.qos.logback/logback-core/1.2.10/5328406bfcae7bcdcc86810fcb2920d2c297170d/logback-core-1.2.10.jar!/, jar:file:/C:/Users/Usuario/.gradle/caches/modules-2/files-2.1/org.apache.logging.log4j/log4j-api/2.17.1/d771af8e336e372fb5399c99edabe0919aeaf5b2/log4j-api-2.17.1.jar!/, jar:file:/C:/Users/Usuario/.gradle/caches/modules-2/files-2.1/org.ow2.asm/asm/9.1/a99500cf6eea30535eeac6be73899d048f8d12a8/asm-9.1.jar!/]
15:51:29.603 [Test worker] DEBUG com.tngtech.archunit.core.importer.JavaClassProcessor - Processing class 'com/uco/TrafficAgent/application/service/user/comand/dto/DtoUpdateUser'
15:51:29.604 [Test worker] DEBUG com.tngtech.archunit.core.importer.JavaClassProcessor - Processing class 'com/uco/TrafficAgent/domain/port/user/RepositoryUser'
15:51:29.605 [Test worker] DEBUG com.tngtech.archunit.core.importer.JavaClassProcessor - Processing class 'com/uco/TrafficAgent/application/service/login/ServiceApplicationLogin'
15:51:29.606 [Test worker] DEBUG com.tngtech.archunit.core.importer.JavaClassProcessor - Processing class 'com/uco/TrafficAgent/domain/service/contact/ServiceSaveContact'
15:51:29.607 [Test worker] DEBUG com.tngtech.archunit.core.importer.JavaClassProcessor - Processing class 'com/uco/TrafficAgent/application/service/contact/consult/ServiceApplicationListAllByProximityContact'
15:51:29.608 [Test worker] DEBUG com.tngtech.archunit.core.importer.JavaClassProcessor - Processing class 'com/uco/TrafficAgent/infrastructure/repository/user/controller/ComandControllerUser'
15:51:29.609 [Test worker] DEBUG com.tngtech.archunit.core.importer.JavaClassProcessor - Processing class 'com/uco/TrafficAgent/domain/model/Contact'
15:51:29.609 [Test worker] DEBUG com.tngtech.archunit.core.importer.JavaClassProcessor - Processing class 'com/uco/TrafficAgent/infrastructure/repository/login/controller/ComandControllerLogin'
15:51:29.610 [Test worker] DEBUG com.tngtech.archunit.core.importer.JavaClassProcessor - Processing class 'com/uco/TrafficAgent/infrastructure/mapper/user/impl/MapperUserImpl'
15:51:29.611 [Test worker] DEBUG com.tngtech.archunit.core.importer.JavaClassProcessor - Processing class 'com/uco/TrafficAgent/infrastructure/repository/user/adapter/repository/RepositoryUserDB'
15:51:29.612 [Test worker] DEBUG com.tngtech.archunit.core.importer.JavaClassProcessor - Processing class 'com/uco/TrafficAgent/application/service/report/comand/ServiceApplicationSaveReport'
15:51:29.613 [Test worker] DEBUG com.tngtech.archunit.core.importer.JavaClassProcessor - Processing class 'com/uco/TrafficAgent/domain/service/user/ServiceSaveUser'
15:51:29.614 [Test worker] DEBUG com.tngtech.archunit.core.importer.JavaClassProcessor - Processing class 'com/uco/TrafficAgent/infrastructure/configuration/model/BeanServiceContact'
15:51:29.614 [Test worker] DEBUG com.tngtech.archunit.core.importer.JavaClassProcessor - Processing class 'com/uco/TrafficAgent/domain/port/report/RepositoryReport'
15:51:29.615 [Test worker] DEBUG com.tngtech.archunit.core.importer.JavaClassProcessor - Processing class 'com/uco/TrafficAgent/infrastructure/repository/contact/controller/ConsultControllerContact'
15:51:29.616 [Test worker] DEBUG com.tngtech.archunit.core.importer.JavaClassProcessor - Processing class 'com/uco/TrafficAgent/domain/dto/DtoReportSummary'
15:51:29.617 [Test worker] DEBUG com.tngtech.archunit.core.importer.JavaClassProcessor - Processing class 'com/uco/TrafficAgent/application/mapper/user/impl/MapperApplicationUserImpl'
15:51:29.618 [Test worker] DEBUG com.tngtech.archunit.core.importer.JavaClassProcessor - Processing class 'com/uco/TrafficAgent/infrastructure/configuration/general/ConfigurationRestTemplate'
15:51:29.619 [Test worker] DEBUG com.tngtech.archunit.core.importer.JavaClassProcessor - Processing class 'com/uco/TrafficAgent/domain/service/user/ServiceDeleteUser'
15:51:29.619 [Test worker] DEBUG com.tngtech.archunit.core.importer.JavaClassProcessor - Processing class 'com/uco/TrafficAgent/infrastructure/aspect/exception/ExceptionUserUnauthorized'
15:51:29.620 [Test worker] DEBUG com.tngtech.archunit.core.importer.JavaClassProcessor - Processing class 'com/uco/TrafficAgent/application/mapper/contact/impl/MapperApplicationContactImpl'
15:51:29.621 [Test worker] DEBUG com.tngtech.archunit.core.importer.JavaClassProcessor - Processing class 'com/uco/TrafficAgent/application/mapper/report/impl/MapperApplicationReportImpl'
15:51:29.622 [Test worker] DEBUG com.tngtech.archunit.core.importer.JavaClassProcessor - Processing class 'com/uco/TrafficAgent/domain/model/Report'
15:51:29.622 [Test worker] DEBUG com.tngtech.archunit.core.importer.JavaClassProcessor - Processing class 'com/uco/TrafficAgent/application/service/report/comand/dto/DtoSaveReport'
15:51:29.623 [Test worker] DEBUG com.tngtech.archunit.core.importer.JavaClassProcessor - Processing class 'com/uco/TrafficAgent/infrastructure/aspect/LogExecutionAspect'
15:51:29.624 [Test worker] DEBUG com.tngtech.archunit.core.importer.JavaClassProcessor - Processing class 'com/uco/TrafficAgent/domain/dto/DtoUserSummary'
15:51:29.625 [Test worker] DEBUG com.tngtech.archunit.core.importer.JavaClassProcessor - Processing class 'com/uco/TrafficAgent/infrastructure/repository/user/adapter/repository/jpa/RepositoryUserJpa'
15:51:29.626 [Test worker] DEBUG com.tngtech.archunit.core.importer.JavaClassProcessor - Processing class 'com/uco/TrafficAgent/application/encrypted/ServiceEncryptedPassword'
15:51:29.626 [Test worker] DEBUG com.tngtech.archunit.core.importer.JavaClassProcessor - Processing class 'com/uco/TrafficAgent/TrafficAgentApplication'
15:51:29.627 [Test worker] DEBUG com.tngtech.archunit.core.importer.JavaClassProcessor - Processing class 'com/uco/TrafficAgent/infrastructure/error/Error'
15:51:29.628 [Test worker] DEBUG com.tngtech.archunit.core.importer.JavaClassProcessor - Processing class 'com/uco/TrafficAgent/application/service/contact/comand/dto/DtoSaveContact'
15:51:29.629 [Test worker] DEBUG com.tngtech.archunit.core.importer.JavaClassProcessor - Processing class 'com/uco/TrafficAgent/infrastructure/aspect/LogExecutionTime'
15:51:29.630 [Test worker] DEBUG com.tngtech.archunit.core.importer.JavaClassProcessor - Processing class 'com/uco/TrafficAgent/application/service/user/consult/ServiceApplicationListAllUser'
15:51:29.632 [Test worker] DEBUG com.tngtech.archunit.core.importer.JavaClassProcessor - Processing class 'com/uco/TrafficAgent/domain/service/contact/ServiceListsAllByProximityContact'
15:51:29.632 [Test worker] DEBUG com.tngtech.archunit.core.importer.JavaClassProcessor - Processing class 'com/uco/TrafficAgent/infrastructure/repository/user/adapter/entity/EntityUser'
15:51:29.634 [Test worker] DEBUG com.tngtech.archunit.core.importer.JavaClassProcessor - Processing class 'com/uco/TrafficAgent/application/service/contact/comand/ServiceApplicationSaveContact'
15:51:29.635 [Test worker] DEBUG com.tngtech.archunit.core.importer.JavaClassProcessor - Processing class 'com/uco/TrafficAgent/infrastructure/repository/report/adapter/entity/EntityReport'
15:51:29.636 [Test worker] DEBUG com.tngtech.archunit.core.importer.JavaClassProcessor - Processing class 'com/uco/TrafficAgent/infrastructure/repository/rol/adapter/entity/EntityRol'
15:51:29.636 [Test worker] DEBUG com.tngtech.archunit.core.importer.JavaClassProcessor - Processing class 'com/uco/TrafficAgent/application/service/user/comand/ServiceApplicationDeleteUser'
15:51:29.637 [Test worker] DEBUG com.tngtech.archunit.core.importer.JavaClassProcessor - Processing class 'com/uco/TrafficAgent/infrastructure/repository/type/adapter/repository/jpa/RepositoryTypeIdJpa'
15:51:29.638 [Test worker] DEBUG com.tngtech.archunit.core.importer.JavaClassProcessor - Processing class 'com/uco/TrafficAgent/infrastructure/repository/report/controller/ComandControllerReport'
15:51:29.639 [Test worker] DEBUG com.tngtech.archunit.core.importer.JavaClassProcessor - Processing class 'com/uco/TrafficAgent/application/service/report/consult/ServiceApplicationListAllReportByUser'
15:51:29.639 [Test worker] DEBUG com.tngtech.archunit.core.importer.JavaClassProcessor - Processing class 'com/uco/TrafficAgent/infrastructure/configuration/model/BeanServiceUser'
15:51:29.640 [Test worker] DEBUG com.tngtech.archunit.core.importer.JavaClassProcessor - Processing class 'com/uco/TrafficAgent/application/mapper/MapperApplicationObject'
15:51:29.641 [Test worker] DEBUG com.tngtech.archunit.core.importer.JavaClassProcessor - Processing class 'com/uco/TrafficAgent/domain/service/user/ServiceUpdateUser'
15:51:29.642 [Test worker] DEBUG com.tngtech.archunit.core.importer.JavaClassProcessor - Processing class 'com/uco/TrafficAgent/infrastructure/service/token/ServiceGenerateTokenJWT'
15:51:29.642 [Test worker] DEBUG com.tngtech.archunit.core.importer.JavaClassProcessor - Processing class 'com/uco/TrafficAgent/domain/port/contact/RepositoryContact'
15:51:29.643 [Test worker] DEBUG com.tngtech.archunit.core.importer.JavaClassProcessor - Processing class 'com/uco/TrafficAgent/infrastructure/repository/contact/adapter/entity/EntityContact'
15:51:29.644 [Test worker] DEBUG com.tngtech.archunit.core.importer.JavaClassProcessor - Processing class 'com/uco/TrafficAgent/infrastructure/repository/contact/adapter/repository/jpa/RepositoryContactEmergencyJpa'
15:51:29.645 [Test worker] DEBUG com.tngtech.archunit.core.importer.JavaClassProcessor - Processing class 'com/uco/TrafficAgent/infrastructure/repository/report/adapter/repository/jpa/RepositoryReportJpa'
15:51:29.646 [Test worker] DEBUG com.tngtech.archunit.core.importer.JavaClassProcessor - Processing class 'com/uco/TrafficAgent/infrastructure/aspect/SecuredAspect'
15:51:29.647 [Test worker] DEBUG com.tngtech.archunit.core.importer.JavaClassProcessor - Processing class 'com/uco/TrafficAgent/infrastructure/configuration/email/JavaMailConfig$1'
15:51:29.648 [Test worker] DEBUG com.tngtech.archunit.core.importer.JavaClassProcessor - Processing class 'com/uco/TrafficAgent/infrastructure/configuration/email/JavaMailConfig'
15:51:29.649 [Test worker] DEBUG com.tngtech.archunit.core.importer.JavaClassProcessor - Processing class 'com/uco/TrafficAgent/domain/service/report/ServiceListAllReportByDate'
15:51:29.649 [Test worker] DEBUG com.tngtech.archunit.core.importer.JavaClassProcessor - Processing class 'com/uco/TrafficAgent/domain/service/token/ServiceEncryptText'
15:51:29.650 [Test worker] DEBUG com.tngtech.archunit.core.importer.JavaClassProcessor - Processing class 'com/uco/TrafficAgent/infrastructure/repository/contact/adapter/repository/jpa/RepositoryContactJpa'
15:51:29.651 [Test worker] DEBUG com.tngtech.archunit.core.importer.JavaClassProcessor - Processing class 'com/uco/TrafficAgent/domain/model/RolUser'
15:51:29.652 [Test worker] DEBUG com.tngtech.archunit.core.importer.JavaClassProcessor - Processing class 'com/uco/TrafficAgent/application/service/user/comand/ServiceApplicationSaveUser'
15:51:29.653 [Test worker] DEBUG com.tngtech.archunit.core.importer.JavaClassProcessor - Processing class 'com/uco/TrafficAgent/infrastructure/repository/report/controller/ConsultControllerReport'
15:51:29.653 [Test worker] DEBUG com.tngtech.archunit.core.importer.JavaClassProcessor - Processing class 'com/uco/TrafficAgent/domain/validator/ValidatorObjects'
15:51:29.654 [Test worker] DEBUG com.tngtech.archunit.core.importer.JavaClassProcessor - Processing class 'com/uco/TrafficAgent/infrastructure/service/token/ServiceGetCurrentUserJwt'
15:51:29.655 [Test worker] DEBUG com.tngtech.archunit.core.importer.JavaClassProcessor - Processing class 'com/uco/TrafficAgent/infrastructure/repository/user/controller/ConsultControllerUser'
15:51:29.656 [Test worker] DEBUG com.tngtech.archunit.core.importer.JavaClassProcessor - Processing class 'com/uco/TrafficAgent/domain/model/TypeIdentification'
15:51:29.657 [Test worker] DEBUG com.tngtech.archunit.core.importer.JavaClassProcessor - Processing class 'com/uco/TrafficAgent/infrastructure/repository/contact/controller/ComandControllerContact'
15:51:29.658 [Test worker] DEBUG com.tngtech.archunit.core.importer.JavaClassProcessor - Processing class 'com/uco/TrafficAgent/application/service/user/comand/dto/DtoRolUser'
15:51:29.658 [Test worker] DEBUG com.tngtech.archunit.core.importer.JavaClassProcessor - Processing class 'com/uco/TrafficAgent/infrastructure/repository/report/adapter/repository/RepositoryReportDB'
15:51:29.660 [Test worker] DEBUG com.tngtech.archunit.core.importer.JavaClassProcessor - Processing class 'com/uco/TrafficAgent/application/service/user/comand/dto/DtoSaveUser'
15:51:29.661 [Test worker] DEBUG com.tngtech.archunit.core.importer.JavaClassProcessor - Processing class 'com/uco/TrafficAgent/domain/port/type/RepositoryTypeId'
15:51:29.662 [Test worker] DEBUG com.tngtech.archunit.core.importer.JavaClassProcessor - Processing class 'com/uco/TrafficAgent/domain/service/token/ServiceGetCurrentUser'
15:51:29.663 [Test worker] DEBUG com.tngtech.archunit.core.importer.JavaClassProcessor - Processing class 'com/uco/TrafficAgent/infrastructure/configuration/model/BeanServiceReport'
15:51:29.664 [Test worker] DEBUG com.tngtech.archunit.core.importer.JavaClassProcessor - Processing class 'com/uco/TrafficAgent/infrastructure/repository/contact/adapter/entity/EntityContactEmergency'
15:51:29.665 [Test worker] DEBUG com.tngtech.archunit.core.importer.JavaClassProcessor - Processing class 'com/uco/TrafficAgent/domain/service/user/ServiceListAllUser'
15:51:29.665 [Test worker] DEBUG com.tngtech.archunit.core.importer.JavaClassProcessor - Processing class 'com/uco/TrafficAgent/infrastructure/aspect/service/AuthorizationService'
15:51:29.666 [Test worker] DEBUG com.tngtech.archunit.core.importer.JavaClassProcessor - Processing class 'com/uco/TrafficAgent/domain/dto/DtoCurrentUser'
15:51:29.667 [Test worker] DEBUG com.tngtech.archunit.core.importer.JavaClassProcessor - Processing class 'com/uco/TrafficAgent/domain/dto/DtoContactSummary'
15:51:29.668 [Test worker] DEBUG com.tngtech.archunit.core.importer.JavaClassProcessor - Processing class 'com/uco/TrafficAgent/application/service/user/comand/ServiceApplicationUpdateUser'
15:51:29.668 [Test worker] DEBUG com.tngtech.archunit.core.importer.JavaClassProcessor - Processing class 'com/uco/TrafficAgent/infrastructure/mapper/MapperInfrastructureObject'
15:51:29.669 [Test worker] DEBUG com.tngtech.archunit.core.importer.JavaClassProcessor - Processing class 'com/uco/TrafficAgent/application/service/DtoResponse'
15:51:29.670 [Test worker] DEBUG com.tngtech.archunit.core.importer.JavaClassProcessor - Processing class 'com/uco/TrafficAgent/infrastructure/configuration/general/ConfigurationSecurity'
15:51:29.671 [Test worker] DEBUG com.tngtech.archunit.core.importer.JavaClassProcessor - Processing class 'com/uco/TrafficAgent/domain/service/report/ServiceSaveReport'
15:51:29.672 [Test worker] DEBUG com.tngtech.archunit.core.importer.JavaClassProcessor - Processing class 'com/uco/TrafficAgent/domain/service/token/ServiceGenerateToken'
15:51:29.672 [Test worker] DEBUG com.tngtech.archunit.core.importer.JavaClassProcessor - Processing class 'com/uco/TrafficAgent/infrastructure/service/token/ServiceValidateTokenJWT'
15:51:29.673 [Test worker] DEBUG com.tngtech.archunit.core.importer.JavaClassProcessor - Processing class 'com/uco/TrafficAgent/infrastructure/error/ErrorHandler'
15:51:29.674 [Test worker] DEBUG com.tngtech.archunit.core.importer.JavaClassProcessor - Processing class 'com/uco/TrafficAgent/infrastructure/repository/contact/adapter/repository/RepositoryContactDB'
15:51:29.675 [Test worker] DEBUG com.tngtech.archunit.core.importer.JavaClassProcessor - Processing class 'com/uco/TrafficAgent/infrastructure/repository/type/adapter/entity/EntityTypeId'
15:51:29.676 [Test worker] DEBUG com.tngtech.archunit.core.importer.JavaClassProcessor - Processing class 'com/uco/TrafficAgent/infrastructure/service/token/ServiceValidateToken'
15:51:29.676 [Test worker] DEBUG com.tngtech.archunit.core.importer.JavaClassProcessor - Processing class 'com/uco/TrafficAgent/infrastructure/repository/type/adapter/repository/RepositoryTypeIdDB'
15:51:29.677 [Test worker] DEBUG com.tngtech.archunit.core.importer.JavaClassProcessor - Processing class 'com/uco/TrafficAgent/application/service/login/dto/DtoLogin'
15:51:29.678 [Test worker] DEBUG com.tngtech.archunit.core.importer.JavaClassProcessor - Processing class 'com/uco/TrafficAgent/infrastructure/aspect/Secured'
15:51:29.679 [Test worker] DEBUG com.tngtech.archunit.core.importer.JavaClassProcessor - Processing class 'com/uco/TrafficAgent/domain/model/User'
15:51:29.680 [Test worker] DEBUG com.tngtech.archunit.core.importer.JavaClassProcessor - Processing class 'com/uco/TrafficAgent/domain/service/report/ServiceListAllReportByUser'
15:51:29.681 [Test worker] DEBUG com.tngtech.archunit.core.importer.JavaClassProcessor - Processing class 'com/uco/TrafficAgent/domain/validator/ValidatorAttributes'
15:51:29.682 [Test worker] DEBUG com.tngtech.archunit.core.importer.JavaClassProcessor - Processing class 'com/uco/TrafficAgent/infrastructure/configuration/general/ConfigurationRetry'
15:51:29.683 [Test worker] DEBUG com.tngtech.archunit.core.importer.JavaClassProcessor - Processing class 'com/uco/TrafficAgent/application/encrypted/impl/ServiceEncryptedPasswordImpl'
15:51:29.684 [Test worker] DEBUG com.tngtech.archunit.core.importer.JavaClassProcessor - Processing class 'com/uco/TrafficAgent/application/service/report/consult/ServiceApplicationListAllReportByDate'
15:51:29.685 [Test worker] DEBUG com.tngtech.archunit.core.importer.JavaClassProcessor - Processing class 'com/uco/TrafficAgent/infrastructure/filter/FilterAuth'
15:51:29.686 [Test worker] DEBUG com.tngtech.archunit.core.importer.DependencyResolutionProcess - Automatically resolving transitive class dependencies with the following configuration:
import.dependencyResolutionProcess.maxIterationsForMemberTypes = 1
import.dependencyResolutionProcess.maxIterationsForAccessesToTypes = 1
import.dependencyResolutionProcess.maxIterationsForSupertypes = -1
import.dependencyResolutionProcess.maxIterationsForEnclosingTypes = -1
import.dependencyResolutionProcess.maxIterationsForAnnotationTypes = -1
import.dependencyResolutionProcess.maxIterationsForGenericSignatureTypes = -1
15:51:29.687 [Test worker] DEBUG com.tngtech.archunit.core.importer.JavaClassProcessor - Processing class 'io/jsonwebtoken/impl/TextCodec'
15:51:29.688 [Test worker] DEBUG com.tngtech.archunit.core.importer.JavaClassProcessor - Processing class 'org/springframework/data/repository/query/Param'
15:51:29.689 [Test worker] DEBUG com.tngtech.archunit.core.importer.JavaClassProcessor - Processing class 'java/time/ZonedDateTime'
15:51:29.690 [Test worker] DEBUG com.tngtech.archunit.core.importer.JavaClassProcessor - Processing class 'org/springframework/beans/factory/annotation/Autowired'
15:51:29.691 [Test worker] DEBUG com.tngtech.archunit.core.importer.JavaClassProcessor - Processing class 'javax/crypto/spec/SecretKeySpec'
15:51:29.692 [Test worker] DEBUG com.tngtech.archunit.core.importer.JavaClassProcessor - Processing class 'java/lang/Record'
15:51:29.692 [Test worker] DEBUG com.tngtech.archunit.core.importer.JavaClassProcessor - Processing class 'java/lang/Integer'
15:51:29.693 [Test worker] DEBUG com.tngtech.archunit.core.importer.JavaClassProcessor - Processing class 'java/lang/Long'
15:51:29.694 [Test worker] DEBUG com.tngtech.archunit.core.importer.JavaClassProcessor - Processing class 'java/time/Duration'
15:51:29.696 [Test worker] DEBUG com.tngtech.archunit.core.importer.JavaClassProcessor - Processing class 'org/springframework/web/bind/annotation/PostMapping'
15:51:29.696 [Test worker] DEBUG com.tngtech.archunit.core.importer.JavaClassProcessor - Processing class 'javax/persistence/ManyToOne'
15:51:29.697 [Test worker] DEBUG com.tngtech.archunit.core.importer.JavaClassProcessor - Processing class 'java/lang/String'
15:51:29.699 [Test worker] DEBUG com.tngtech.archunit.core.importer.JavaClassProcessor - Processing class 'org/aspectj/lang/annotation/Around'
15:51:29.700 [Test worker] DEBUG com.tngtech.archunit.core.importer.JavaClassProcessor - Processing class 'java/time/ZoneId'
15:51:29.700 [Test worker] DEBUG com.tngtech.archunit.core.importer.JavaClassProcessor - Processing class 'java/util/stream/Stream'
15:51:29.701 [Test worker] DEBUG com.tngtech.archunit.core.importer.JavaClassProcessor - Processing class 'org/springframework/data/jpa/repository/Query'
15:51:29.702 [Test worker] DEBUG com.tngtech.archunit.core.importer.JavaClassProcessor - Processing class 'com/auth0/jwt/interfaces/DecodedJWT'
15:51:29.703 [Test worker] DEBUG com.tngtech.archunit.core.importer.JavaClassProcessor - Processing class 'java/time/LocalDateTime'
15:51:29.704 [Test worker] DEBUG com.tngtech.archunit.core.importer.JavaClassProcessor - Processing class 'org/springframework/web/filter/OncePerRequestFilter'
15:51:29.705 [Test worker] DEBUG com.tngtech.archunit.core.importer.JavaClassProcessor - Processing class 'org/springframework/retry/annotation/EnableRetry'
15:51:29.706 [Test worker] DEBUG com.tngtech.archunit.core.importer.JavaClassProcessor - Processing class 'org/springframework/web/bind/annotation/RequestBody'
15:51:29.707 [Test worker] DEBUG com.tngtech.archunit.core.importer.JavaClassProcessor - Processing class 'javax/persistence/Table'
15:51:29.707 [Test worker] DEBUG com.tngtech.archunit.core.importer.JavaClassProcessor - Processing class 'java/lang/annotation/Target'
15:51:29.707 [Test worker] DEBUG com.tngtech.archunit.core.importer.JavaClassProcessor - Processing class 'java/io/IOException'
15:51:29.708 [Test worker] DEBUG com.tngtech.archunit.core.importer.JavaClassProcessor - Processing class 'javax/mail/PasswordAuthentication'
15:51:29.709 [Test worker] DEBUG com.tngtech.archunit.core.importer.JavaClassProcessor - Processing class 'org/springframework/http/HttpStatus'
15:51:29.710 [Test worker] DEBUG com.tngtech.archunit.core.importer.JavaClassProcessor - Processing class 'javax/persistence/FetchType'
15:51:29.711 [Test worker] DEBUG com.tngtech.archunit.core.importer.JavaClassProcessor - Processing class 'javax/mail/Session'
15:51:29.712 [Test worker] DEBUG com.tngtech.archunit.core.importer.JavaClassProcessor - Processing class 'org/springframework/web/bind/annotation/PathVariable'
15:51:29.713 [Test worker] DEBUG com.tngtech.archunit.core.importer.JavaClassProcessor - Processing class 'javax/servlet/FilterChain'
15:51:29.714 [Test worker] DEBUG com.tngtech.archunit.core.importer.JavaClassProcessor - Processing class 'javax/servlet/ServletException'
15:51:29.714 [Test worker] DEBUG com.tngtech.archunit.core.importer.JavaClassProcessor - Processing class 'java/util/Date'
15:51:29.716 [Test worker] DEBUG com.tngtech.archunit.core.importer.JavaClassProcessor - Processing class 'org/springframework/boot/SpringApplication'
15:51:29.717 [Test worker] DEBUG com.tngtech.archunit.core.importer.JavaClassProcessor - Processing class 'org/springframework/web/bind/annotation/PutMapping'
15:51:29.718 [Test worker] DEBUG com.tngtech.archunit.core.importer.JavaClassProcessor - Processing class 'org/aspectj/lang/annotation/Aspect'
15:51:29.719 [Test worker] DEBUG com.tngtech.archunit.core.importer.JavaClassProcessor - Processing class 'org/springframework/web/bind/annotation/DeleteMapping'
15:51:29.720 [Test worker] DEBUG com.tngtech.archunit.core.importer.JavaClassProcessor - Processing class 'java/lang/reflect/Method'
15:51:29.721 [Test worker] DEBUG com.tngtech.archunit.core.importer.JavaClassProcessor - Processing class 'org/springframework/web/client/RestTemplate'
15:51:29.723 [Test worker] DEBUG com.tngtech.archunit.core.importer.JavaClassProcessor - Processing class 'java/util/concurrent/ConcurrentHashMap'
15:51:29.726 [Test worker] DEBUG com.tngtech.archunit.core.importer.JavaClassProcessor - Processing class 'java/util/UUID'
15:51:29.727 [Test worker] DEBUG com.tngtech.archunit.core.importer.JavaClassProcessor - Processing class 'java/util/stream/Collectors'
15:51:29.730 [Test worker] DEBUG com.tngtech.archunit.core.importer.JavaClassProcessor - Processing class 'io/jsonwebtoken/Jwts'
15:51:29.731 [Test worker] DEBUG com.tngtech.archunit.core.importer.JavaClassProcessor - Processing class 'org/springframework/core/env/Environment'
15:51:29.731 [Test worker] DEBUG com.tngtech.archunit.core.importer.JavaClassProcessor - Processing class 'java/lang/annotation/Annotation'
15:51:29.732 [Test worker] DEBUG com.tngtech.archunit.core.importer.JavaClassProcessor - Processing class 'org/springframework/data/jpa/repository/JpaRepository'
15:51:29.733 [Test worker] DEBUG com.tngtech.archunit.core.importer.JavaClassProcessor - Processing class 'javax/mail/Authenticator'
15:51:29.734 [Test worker] DEBUG com.tngtech.archunit.core.importer.JavaClassProcessor - Processing class 'org/springframework/web/bind/annotation/ResponseStatus'
15:51:29.735 [Test worker] DEBUG com.tngtech.archunit.core.importer.JavaClassProcessor - Processing class 'org/aspectj/lang/JoinPoint'
15:51:29.736 [Test worker] DEBUG com.tngtech.archunit.core.importer.JavaClassProcessor - Processing class 'javax/persistence/Id'
15:51:29.737 [Test worker] DEBUG com.tngtech.archunit.core.importer.JavaClassProcessor - Processing class 'org/slf4j/Logger'
15:51:29.738 [Test worker] DEBUG com.tngtech.archunit.core.importer.JavaClassProcessor - Processing class 'javax/persistence/JoinColumn'
15:51:29.739 [Test worker] DEBUG com.tngtech.archunit.core.importer.JavaClassProcessor - Processing class 'org/springframework/web/context/request/ServletRequestAttributes'
15:51:29.740 [Test worker] DEBUG com.tngtech.archunit.core.importer.JavaClassProcessor - Processing class 'org/aspectj/lang/annotation/Before'
15:51:29.741 [Test worker] DEBUG com.tngtech.archunit.core.importer.JavaClassProcessor - Processing class 'java/lang/Object'
15:51:29.742 [Test worker] DEBUG com.tngtech.archunit.core.importer.JavaClassProcessor - Processing class 'org/aspectj/lang/reflect/MethodSignature'
15:51:29.742 [Test worker] DEBUG com.tngtech.archunit.core.importer.JavaClassProcessor - Processing class 'java/lang/Class'
15:51:29.746 [Test worker] DEBUG com.tngtech.archunit.core.importer.JavaClassProcessor - Processing class 'org/springframework/http/ResponseEntity'
15:51:29.747 [Test worker] DEBUG com.tngtech.archunit.core.importer.JavaClassProcessor - Processing class 'org/springframework/context/annotation/Bean'
15:51:29.748 [Test worker] DEBUG com.tngtech.archunit.core.importer.JavaClassProcessor - Processing class 'java/util/Comparator'
15:51:29.750 [Test worker] DEBUG com.tngtech.archunit.core.importer.JavaClassProcessor - Processing class 'org/apache/commons/codec/digest/DigestUtils'
15:51:29.751 [Test worker] DEBUG com.tngtech.archunit.core.importer.JavaClassProcessor - Processing class 'java/lang/annotation/RetentionPolicy'
15:51:29.752 [Test worker] DEBUG com.tngtech.archunit.core.importer.JavaClassProcessor - Processing class 'org/springframework/web/bind/annotation/RequestParam'
15:51:29.753 [Test worker] DEBUG com.tngtech.archunit.core.importer.JavaClassProcessor - Processing class 'java/util/Arrays'
15:51:29.756 [Test worker] DEBUG com.tngtech.archunit.core.importer.JavaClassProcessor - Processing class 'java/lang/System'
15:51:29.757 [Test worker] DEBUG com.tngtech.archunit.core.importer.JavaClassProcessor - Processing class 'org/springframework/web/context/request/RequestContextHolder'
15:51:29.759 [Test worker] DEBUG com.tngtech.archunit.core.importer.JavaClassProcessor - Processing class 'io/jsonwebtoken/JwtBuilder'
15:51:29.760 [Test worker] DEBUG com.tngtech.archunit.core.importer.JavaClassProcessor - Processing class 'io/jsonwebtoken/SignatureAlgorithm'
15:51:29.762 [Test worker] DEBUG com.tngtech.archunit.core.importer.JavaClassProcessor - Processing class 'org/springframework/stereotype/Repository'
15:51:29.763 [Test worker] DEBUG com.tngtech.archunit.core.importer.JavaClassProcessor - Processing class 'com/auth0/jwt/interfaces/Claim'
15:51:29.764 [Test worker] DEBUG com.tngtech.archunit.core.importer.JavaClassProcessor - Processing class 'javax/persistence/Entity'
15:51:29.764 [Test worker] DEBUG com.tngtech.archunit.core.importer.JavaClassProcessor - Processing class 'javax/persistence/CascadeType'
15:51:29.765 [Test worker] DEBUG com.tngtech.archunit.core.importer.JavaClassProcessor - Processing class 'javax/mail/Transport'
15:51:29.767 [Test worker] DEBUG com.tngtech.archunit.core.importer.JavaClassProcessor - Processing class 'org/springframework/web/bind/annotation/RestController'
15:51:29.767 [Test worker] DEBUG com.tngtech.archunit.core.importer.JavaClassProcessor - Processing class 'java/lang/Exception'
15:51:29.768 [Test worker] DEBUG com.tngtech.archunit.core.importer.JavaClassProcessor - Processing class 'javax/persistence/GeneratedValue'
15:51:29.769 [Test worker] DEBUG com.tngtech.archunit.core.importer.JavaClassProcessor - Processing class 'java/lang/Throwable'
15:51:29.770 [Test worker] DEBUG com.tngtech.archunit.core.importer.JavaClassProcessor - Processing class 'com/auth0/jwt/JWT'
15:51:29.771 [Test worker] DEBUG com.tngtech.archunit.core.importer.JavaClassProcessor - Processing class 'java/util/ArrayList'
15:51:29.772 [Test worker] DEBUG com.tngtech.archunit.core.importer.JavaClassProcessor - Processing class 'org/springframework/beans/factory/annotation/Value'
15:51:29.773 [Test worker] DEBUG com.tngtech.archunit.core.importer.JavaClassProcessor - Processing class 'javax/mail/internet/InternetAddress'
15:51:29.775 [Test worker] DEBUG com.tngtech.archunit.core.importer.JavaClassProcessor - Processing class 'javax/servlet/http/HttpServletRequest'
15:51:29.776 [Test worker] DEBUG com.tngtech.archunit.core.importer.JavaClassProcessor - Processing class 'org/springframework/web/bind/annotation/ExceptionHandler'
15:51:29.777 [Test worker] DEBUG com.tngtech.archunit.core.importer.JavaClassProcessor - Processing class 'org/springframework/web/bind/annotation/ControllerAdvice'
15:51:29.778 [Test worker] DEBUG com.tngtech.archunit.core.importer.JavaClassProcessor - Processing class 'org/springframework/boot/autoconfigure/SpringBootApplication'
15:51:29.779 [Test worker] DEBUG com.tngtech.archunit.core.importer.JavaClassProcessor - Processing class 'java/util/Properties'
15:51:29.780 [Test worker] DEBUG com.tngtech.archunit.core.importer.JavaClassProcessor - Processing class 'javax/persistence/OneToMany'
15:51:29.780 [Test worker] DEBUG com.tngtech.archunit.core.importer.JavaClassProcessor - Processing class 'java/lang/RuntimeException'
15:51:29.781 [Test worker] DEBUG com.tngtech.archunit.core.importer.JavaClassProcessor - Processing class 'javax/mail/internet/MimeMessage'
15:51:29.783 [Test worker] DEBUG com.tngtech.archunit.core.importer.JavaClassProcessor - Processing class 'org/springframework/boot/web/client/RestTemplateBuilder'
15:51:29.784 [Test worker] DEBUG com.tngtech.archunit.core.importer.JavaClassProcessor - Processing class 'java/lang/IllegalStateException'
15:51:29.784 [Test worker] DEBUG com.tngtech.archunit.core.importer.JavaClassProcessor - Processing class 'io/jsonwebtoken/impl/crypto/DefaultJwtSignatureValidator'
15:51:29.785 [Test worker] DEBUG com.tngtech.archunit.core.importer.JavaClassProcessor - Processing class 'org/thymeleaf/spring5/SpringTemplateEngine'
15:51:29.786 [Test worker] DEBUG com.tngtech.archunit.core.importer.JavaClassProcessor - Processing class 'org/springframework/boot/web/servlet/FilterRegistrationBean'
15:51:29.787 [Test worker] DEBUG com.tngtech.archunit.core.importer.JavaClassProcessor - Processing class 'org/slf4j/LoggerFactory'
15:51:29.788 [Test worker] DEBUG com.tngtech.archunit.core.importer.JavaClassProcessor - Processing class 'javax/mail/MessagingException'
15:51:29.789 [Test worker] DEBUG com.tngtech.archunit.core.importer.JavaClassProcessor - Processing class 'org/springframework/context/annotation/Configuration'
15:51:29.790 [Test worker] DEBUG com.tngtech.archunit.core.importer.JavaClassProcessor - Processing class 'javax/persistence/Column'
15:51:29.791 [Test worker] DEBUG com.tngtech.archunit.core.importer.JavaClassProcessor - Processing class 'javax/persistence/GenerationType'
15:51:29.792 [Test worker] DEBUG com.tngtech.archunit.core.importer.JavaClassProcessor - Processing class 'java/util/List'
15:51:29.793 [Test worker] DEBUG com.tngtech.archunit.core.importer.JavaClassProcessor - Processing class 'java/util/Optional'
15:51:29.794 [Test worker] DEBUG com.tngtech.archunit.core.importer.JavaClassProcessor - Processing class 'org/thymeleaf/context/Context'
15:51:29.794 [Test worker] DEBUG com.tngtech.archunit.core.importer.JavaClassProcessor - Processing class 'org/springframework/web/bind/annotation/RequestMapping'
15:51:29.795 [Test worker] DEBUG com.tngtech.archunit.core.importer.JavaClassProcessor - Processing class 'java/lang/annotation/Retention'
15:51:29.796 [Test worker] DEBUG com.tngtech.archunit.core.importer.JavaClassProcessor - Processing class 'org/springframework/web/bind/annotation/GetMapping'
15:51:29.796 [Test worker] DEBUG com.tngtech.archunit.core.importer.JavaClassProcessor - Processing class 'java/util/Iterator'
15:51:29.797 [Test worker] DEBUG com.tngtech.archunit.core.importer.JavaClassProcessor - Processing class 'javax/servlet/http/HttpServletResponse'
15:51:29.798 [Test worker] DEBUG com.tngtech.archunit.core.importer.JavaClassProcessor - Processing class 'java/lang/IllegalArgumentException'
15:51:29.798 [Test worker] DEBUG com.tngtech.archunit.core.importer.JavaClassProcessor - Processing class 'java/lang/annotation/ElementType'
15:51:29.799 [Test worker] DEBUG com.tngtech.archunit.core.importer.JavaClassProcessor - Processing class 'org/springframework/stereotype/Component'
15:51:29.800 [Test worker] DEBUG com.tngtech.archunit.core.importer.JavaClassProcessor - Processing class 'javax/mail/Message$RecipientType'
15:51:29.801 [Test worker] DEBUG com.tngtech.archunit.core.importer.JavaClassProcessor - Processing class 'org/aspectj/lang/ProceedingJoinPoint'
15:51:29.801 [Test worker] DEBUG com.tngtech.archunit.core.importer.JavaClassProcessor - Processing class 'java/lang/annotation/Inherited'
15:51:29.802 [Test worker] DEBUG com.tngtech.archunit.core.importer.JavaClassProcessor - Processing class 'java/util/DoubleSummaryStatistics'
15:51:29.802 [Test worker] DEBUG com.tngtech.archunit.core.importer.JavaClassProcessor - Processing class 'java/util/function/DoubleConsumer'
15:51:29.803 [Test worker] DEBUG com.tngtech.archunit.core.importer.JavaClassProcessor - Processing class 'java/security/spec/KeySpec'
15:51:29.803 [Test worker] DEBUG com.tngtech.archunit.core.importer.JavaClassProcessor - Processing class 'javax/persistence/ConstraintMode'
15:51:29.804 [Test worker] DEBUG com.tngtech.archunit.core.importer.JavaClassProcessor - Processing class 'org/springframework/core/env/PropertyResolver'
15:51:29.805 [Test worker] DEBUG com.tngtech.archunit.core.importer.JavaClassProcessor - Processing class 'org/springframework/web/filter/GenericFilterBean'
15:51:29.806 [Test worker] DEBUG com.tngtech.archunit.core.importer.JavaClassProcessor - Processing class 'java/util/Map'
15:51:29.807 [Test worker] DEBUG com.tngtech.archunit.core.importer.JavaClassProcessor - Processing class 'java/lang/reflect/Executable'
15:51:29.808 [Test worker] DEBUG com.tngtech.archunit.core.importer.JavaClassProcessor - Processing class 'javax/servlet/Filter'
15:51:29.808 [Test worker] DEBUG com.tngtech.archunit.core.importer.JavaClassProcessor - Processing class 'java/lang/CharSequence'
15:51:29.809 [Test worker] DEBUG com.tngtech.archunit.core.importer.JavaClassProcessor - Processing class 'org/springframework/data/repository/PagingAndSortingRepository'
15:51:29.809 [Test worker] DEBUG com.tngtech.archunit.core.importer.JavaClassProcessor - Processing class 'java/time/chrono/ChronoLocalDateTime'
15:51:29.810 [Test worker] DEBUG com.tngtech.archunit.core.importer.JavaClassProcessor - Processing class 'java/util/Set'
15:51:29.811 [Test worker] DEBUG com.tngtech.archunit.core.importer.JavaClassProcessor - Processing class 'java/io/Serializable'
15:51:29.811 [Test worker] DEBUG com.tngtech.archunit.core.importer.JavaClassProcessor - Processing class 'org/springframework/http/client/ClientHttpRequestInterceptor'
15:51:29.812 [Test worker] DEBUG com.tngtech.archunit.core.importer.JavaClassProcessor - Processing class 'javax/mail/internet/MimePart'
15:51:29.813 [Test worker] DEBUG com.tngtech.archunit.core.importer.JavaClassProcessor - Processing class 'org/springframework/beans/factory/support/BeanNameGenerator'
15:51:29.814 [Test worker] DEBUG com.tngtech.archunit.core.importer.JavaClassProcessor - Processing class 'javax/mail/Header'
15:51:29.814 [Test worker] DEBUG com.tngtech.archunit.core.importer.JavaClassProcessor - Processing class 'jdk/internal/ValueBased'
15:51:29.815 [Test worker] DEBUG com.tngtech.archunit.core.importer.JavaClassProcessor - Processing class 'javax/crypto/SecretKey'
15:51:29.815 [Test worker] DEBUG com.tngtech.archunit.core.importer.JavaClassProcessor - Processing class 'org/springframework/http/client/support/InterceptingHttpAccessor'
15:51:29.816 [Test worker] DEBUG com.tngtech.archunit.core.importer.JavaClassProcessor - Processing class 'java/lang/reflect/AnnotatedElement'
15:51:29.816 [Test worker] DEBUG com.tngtech.archunit.core.importer.JavaClassProcessor - Processing class 'java/lang/Double'
15:51:29.817 [Test worker] DEBUG com.tngtech.archunit.core.importer.JavaClassProcessor - Processing class 'org/springframework/http/client/ClientHttpRequestFactory'
15:51:29.818 [Test worker] DEBUG com.tngtech.archunit.core.importer.JavaClassProcessor - Processing class 'org/springframework/boot/web/client/RestTemplateCustomizer'
15:51:29.818 [Test worker] DEBUG com.tngtech.archunit.core.importer.JavaClassProcessor - Processing class 'java/lang/invoke/TypeDescriptor$OfField'
15:51:29.819 [Test worker] DEBUG com.tngtech.archunit.core.importer.JavaClassProcessor - Processing class 'org/springframework/boot/context/TypeExcludeFilter'
15:51:29.820 [Test worker] DEBUG com.tngtech.archunit.core.importer.JavaClassProcessor - Processing class 'org/springframework/boot/web/servlet/AbstractFilterRegistrationBean'
15:51:29.821 [Test worker] DEBUG com.tngtech.archunit.core.importer.JavaClassProcessor - Processing class 'org/springframework/data/repository/NoRepositoryBean'
15:51:29.822 [Test worker] DEBUG com.tngtech.archunit.core.importer.JavaClassProcessor - Processing class 'org/springframework/boot/BootstrapRegistryInitializer'
15:51:29.822 [Test worker] DEBUG com.tngtech.archunit.core.importer.JavaClassProcessor - Processing class 'java/util/RandomAccess'
15:51:29.823 [Test worker] DEBUG com.tngtech.archunit.core.importer.JavaClassProcessor - Processing class 'javax/mail/Provider'
15:51:29.824 [Test worker] DEBUG com.tngtech.archunit.core.importer.JavaClassProcessor - Processing class 'javax/mail/Service'
15:51:29.825 [Test worker] DEBUG com.tngtech.archunit.core.importer.JavaClassProcessor - Processing class 'java/time/temporal/TemporalAmount'
15:51:29.826 [Test worker] DEBUG com.tngtech.archunit.core.importer.JavaClassProcessor - Processing class 'org/springframework/lang/Nullable'
15:51:29.827 [Test worker] DEBUG com.tngtech.archunit.core.importer.JavaClassProcessor - Processing class 'org/springframework/stereotype/Indexed'
15:51:29.827 [Test worker] DEBUG com.tngtech.archunit.core.importer.JavaClassProcessor - Processing class 'java/lang/Number'
15:51:29.828 [Test worker] DEBUG com.tngtech.archunit.core.importer.JavaClassProcessor - Processing class 'java/lang/SafeVarargs'
15:51:29.828 [Test worker] DEBUG com.tngtech.archunit.core.importer.JavaClassProcessor - Processing class 'java/util/Map$Entry'
15:51:29.829 [Test worker] DEBUG com.tngtech.archunit.core.importer.JavaClassProcessor - Processing class 'jdk/internal/vm/annotation/IntrinsicCandidate'
15:51:29.829 [Test worker] DEBUG com.tngtech.archunit.core.importer.JavaClassProcessor - Processing class 'java/util/stream/LongStream'
15:51:29.830 [Test worker] DEBUG com.tngtech.archunit.core.importer.JavaClassProcessor - Processing class 'org/springframework/boot/autoconfigure/EnableAutoConfiguration'
15:51:29.831 [Test worker] DEBUG com.tngtech.archunit.core.importer.JavaClassProcessor - Processing class 'java/lang/Deprecated'
15:51:29.831 [Test worker] DEBUG com.tngtech.archunit.core.importer.JavaClassProcessor - Processing class 'org/springframework/http/HttpMethod'
15:51:29.832 [Test worker] DEBUG com.tngtech.archunit.core.importer.JavaClassProcessor - Processing class 'org/springframework/context/annotation/Import'
15:51:29.833 [Test worker] DEBUG com.tngtech.archunit.core.importer.JavaClassProcessor - Processing class 'javax/persistence/JoinColumns'
15:51:29.834 [Test worker] DEBUG com.tngtech.archunit.core.importer.JavaClassProcessor - Processing class 'org/springframework/web/client/RestOperations'
15:51:29.835 [Test worker] DEBUG com.tngtech.archunit.core.importer.JavaClassProcessor - Processing class 'java/lang/reflect/Field'
15:51:29.836 [Test worker] DEBUG com.tngtech.archunit.core.importer.JavaClassProcessor - Processing class 'com/auth0/jwt/interfaces/Header'
15:51:29.836 [Test worker] DEBUG com.tngtech.archunit.core.importer.JavaClassProcessor - Processing class 'java/util/stream/Collector$Characteristics'
15:51:29.837 [Test worker] DEBUG com.tngtech.archunit.core.importer.JavaClassProcessor - Processing class 'org/springframework/context/annotation/ComponentScan'
15:51:29.838 [Test worker] DEBUG com.tngtech.archunit.core.importer.JavaClassProcessor - Processing class 'org/thymeleaf/context/AbstractContext'
15:51:29.839 [Test worker] DEBUG com.tngtech.archunit.core.importer.JavaClassProcessor - Processing class 'java/lang/constant/Constable'
15:51:29.839 [Test worker] DEBUG com.tngtech.archunit.core.importer.JavaClassProcessor - Processing class 'java/time/chrono/ChronoZonedDateTime'
15:51:29.840 [Test worker] DEBUG com.tngtech.archunit.core.importer.JavaClassProcessor - Processing class 'org/springframework/boot/SpringBootConfiguration'
15:51:29.841 [Test worker] DEBUG com.tngtech.archunit.core.importer.JavaClassProcessor - Processing class 'java/lang/Comparable'
15:51:29.841 [Test worker] DEBUG com.tngtech.archunit.core.importer.JavaClassProcessor - Processing class 'java/time/temporal/TemporalAdjuster'
15:51:29.842 [Test worker] DEBUG com.tngtech.archunit.core.importer.JavaClassProcessor - Processing class 'javax/mail/Message'
15:51:29.843 [Test worker] DEBUG com.tngtech.archunit.core.importer.JavaClassProcessor - Processing class 'javax/mail/URLName'
15:51:29.844 [Test worker] DEBUG com.tngtech.archunit.core.importer.JavaClassProcessor - Processing class 'java/net/URL'
15:51:29.846 [Test worker] DEBUG com.tngtech.archunit.core.importer.JavaClassProcessor - Processing class 'java/util/function/IntConsumer'
15:51:29.846 [Test worker] DEBUG com.tngtech.archunit.core.importer.JavaClassProcessor - Processing class 'java/util/AbstractList'
15:51:29.847 [Test worker] DEBUG com.tngtech.archunit.core.importer.JavaClassProcessor - Processing class 'org/springframework/data/annotation/QueryAnnotation'
15:51:29.848 [Test worker] DEBUG com.tngtech.archunit.core.importer.JavaClassProcessor - Processing class 'org/springframework/context/annotation/ComponentScan$Filter'
15:51:29.849 [Test worker] DEBUG com.tngtech.archunit.core.importer.JavaClassProcessor - Processing class 'java/lang/Enum'
15:51:29.850 [Test worker] DEBUG com.tngtech.archunit.core.importer.JavaClassProcessor - Processing class 'io/jsonwebtoken/impl/crypto/JwtSignatureValidator'
15:51:29.851 [Test worker] DEBUG com.tngtech.archunit.core.importer.JavaClassProcessor - Processing class 'org/springframework/web/context/request/RequestAttributes'
15:51:29.851 [Test worker] DEBUG com.tngtech.archunit.core.importer.JavaClassProcessor - Processing class 'java/lang/annotation/Documented'
15:51:29.852 [Test worker] DEBUG com.tngtech.archunit.core.importer.JavaClassProcessor - Processing class 'org/springframework/boot/web/client/RestTemplateRequestCustomizer'
15:51:29.853 [Test worker] DEBUG com.tngtech.archunit.core.importer.JavaClassProcessor - Processing class 'java/lang/Cloneable'
15:51:29.853 [Test worker] DEBUG com.tngtech.archunit.core.importer.JavaClassProcessor - Processing class 'jdk/internal/vm/annotation/ForceInline'
15:51:29.854 [Test worker] DEBUG com.tngtech.archunit.core.importer.JavaClassProcessor - Processing class 'org/springframework/http/HttpHeaders'
15:51:29.857 [Test worker] DEBUG com.tngtech.archunit.core.importer.JavaClassProcessor - Processing class 'javax/persistence/ForeignKey'
15:51:29.858 [Test worker] DEBUG com.tngtech.archunit.core.importer.JavaClassProcessor - Processing class 'java/util/Collection'
15:51:29.859 [Test worker] DEBUG com.tngtech.archunit.core.importer.JavaClassProcessor - Processing class 'org/springframework/web/bind/annotation/RequestMethod'
15:51:29.860 [Test worker] DEBUG com.tngtech.archunit.core.importer.JavaClassProcessor - Processing class 'org/springframework/context/ApplicationListener'
15:51:29.861 [Test worker] DEBUG com.tngtech.archunit.core.importer.JavaClassProcessor - Processing class 'org/springframework/beans/factory/annotation/Autowire'
15:51:29.862 [Test worker] DEBUG com.tngtech.archunit.core.importer.JavaClassProcessor - Processing class 'java/util/stream/DoubleStream'
15:51:29.864 [Test worker] DEBUG com.tngtech.archunit.core.importer.JavaClassProcessor - Processing class 'org/springframework/http/HttpEntity'
15:51:29.864 [Test worker] DEBUG com.tngtech.archunit.core.importer.JavaClassProcessor - Processing class 'java/lang/Class$ReflectionData'
15:51:29.865 [Test worker] DEBUG com.tngtech.archunit.core.importer.JavaClassProcessor - Processing class 'java/lang/reflect/Type'
15:51:29.866 [Test worker] DEBUG com.tngtech.archunit.core.importer.JavaClassProcessor - Processing class 'javax/servlet/ServletResponse'
15:51:29.867 [Test worker] DEBUG com.tngtech.archunit.core.importer.JavaClassProcessor - Processing class 'jdk/internal/reflect/CallerSensitive'
15:51:29.868 [Test worker] DEBUG com.tngtech.archunit.core.importer.JavaClassProcessor - Processing class 'org/springframework/http/converter/HttpMessageConverter'
15:51:29.869 [Test worker] DEBUG com.tngtech.archunit.core.importer.JavaClassProcessor - Processing class 'java/time/LocalDate'
15:51:29.871 [Test worker] DEBUG com.tngtech.archunit.core.importer.JavaClassProcessor - Processing class 'org/springframework/boot/SpringBootExceptionReporter'
15:51:29.871 [Test worker] DEBUG com.tngtech.archunit.core.importer.JavaClassProcessor - Processing class 'java/time/temporal/Temporal'
15:51:29.872 [Test worker] DEBUG com.tngtech.archunit.core.importer.JavaClassProcessor - Processing class 'java/util/stream/IntStream'
15:51:29.873 [Test worker] DEBUG com.tngtech.archunit.core.importer.JavaClassProcessor - Processing class 'javax/mail/Address'
15:51:29.874 [Test worker] DEBUG com.tngtech.archunit.core.importer.JavaClassProcessor - Processing class 'org/springframework/context/annotation/EnableAspectJAutoProxy'
15:51:29.874 [Test worker] DEBUG com.tngtech.archunit.core.importer.JavaClassProcessor - Processing class 'java/time/temporal/TemporalUnit'
15:51:29.875 [Test worker] DEBUG com.tngtech.archunit.core.importer.JavaClassProcessor - Processing class 'org/springframework/boot/autoconfigure/AutoConfigurationExcludeFilter'
15:51:29.876 [Test worker] DEBUG com.tngtech.archunit.core.importer.JavaClassProcessor - Processing class 'org/springframework/web/context/request/AbstractRequestAttributes'
15:51:29.877 [Test worker] DEBUG com.tngtech.archunit.core.importer.JavaClassProcessor - Processing class 'org/springframework/stereotype/Controller'
15:51:29.878 [Test worker] DEBUG com.tngtech.archunit.core.importer.JavaClassProcessor - Processing class 'org/springframework/retry/annotation/RetryConfiguration'
15:51:29.879 [Test worker] DEBUG com.tngtech.archunit.core.importer.JavaClassProcessor - Processing class 'java/util/concurrent/ConcurrentMap'
15:51:29.880 [Test worker] DEBUG com.tngtech.archunit.core.importer.JavaClassProcessor - Processing class 'java/lang/FunctionalInterface'
15:51:29.881 [Test worker] DEBUG com.tngtech.archunit.core.importer.JavaClassProcessor - Processing class 'javax/servlet/http/HttpUpgradeHandler'
15:51:29.881 [Test worker] DEBUG com.tngtech.archunit.core.importer.JavaClassProcessor - Processing class 'java/lang/constant/ConstantDesc'
15:51:29.881 [Test worker] DEBUG com.tngtech.archunit.core.importer.JavaClassProcessor - Processing class 'java/lang/annotation/Repeatable'
15:51:29.882 [Test worker] DEBUG com.tngtech.archunit.core.importer.JavaClassProcessor - Processing class 'java/lang/Boolean'
15:51:29.883 [Test worker] DEBUG com.tngtech.archunit.core.importer.JavaClassProcessor - Processing class 'org/aspectj/lang/reflect/CodeSignature'
15:51:29.884 [Test worker] DEBUG com.tngtech.archunit.core.importer.JavaClassProcessor - Processing class 'org/springframework/context/annotation/FilterType'
15:51:29.884 [Test worker] DEBUG com.tngtech.archunit.core.importer.JavaClassProcessor - Processing class 'java/util/LongSummaryStatistics'
15:51:29.885 [Test worker] DEBUG com.tngtech.archunit.core.importer.JavaClassProcessor - Processing class 'java/util/Hashtable'
15:51:29.886 [Test worker] DEBUG com.tngtech.archunit.core.importer.JavaClassProcessor - Processing class 'java/lang/reflect/GenericDeclaration'
15:51:29.887 [Test worker] DEBUG com.tngtech.archunit.core.importer.JavaClassProcessor - Processing class 'org/springframework/core/annotation/AliasFor'
15:51:29.888 [Test worker] DEBUG com.tngtech.archunit.core.importer.JavaClassProcessor - Processing class 'javax/servlet/ServletRequest'
15:51:29.888 [Test worker] DEBUG com.tngtech.archunit.core.importer.JavaClassProcessor - Processing class 'jdk/internal/vm/annotation/Stable'
15:51:29.889 [Test worker] DEBUG com.tngtech.archunit.core.importer.JavaClassProcessor - Processing class 'org/springframework/context/MessageSourceAware'
15:51:29.890 [Test worker] DEBUG com.tngtech.archunit.core.importer.JavaClassProcessor - Processing class 'org/springframework/core/env/StandardEnvironment'
15:51:29.891 [Test worker] DEBUG com.tngtech.archunit.core.importer.JavaClassProcessor - Processing class 'org/springframework/web/bind/annotation/ResponseBody'
15:51:29.891 [Test worker] DEBUG com.tngtech.archunit.core.importer.JavaClassProcessor - Processing class 'java/util/function/LongConsumer'
15:51:29.892 [Test worker] DEBUG com.tngtech.archunit.core.importer.JavaClassProcessor - Processing class 'java/util/function/Consumer'
15:51:29.893 [Test worker] DEBUG com.tngtech.archunit.core.importer.JavaClassProcessor - Processing class 'org/thymeleaf/spring5/ISpringTemplateEngine'
15:51:29.894 [Test worker] DEBUG com.tngtech.archunit.core.importer.JavaClassProcessor - Processing class 'org/springframework/data/repository/query/QueryByExampleExecutor'
15:51:29.895 [Test worker] DEBUG com.tngtech.archunit.core.importer.JavaClassProcessor - Processing class 'io/jsonwebtoken/ClaimsMutator'
15:51:29.895 [Test worker] DEBUG com.tngtech.archunit.core.importer.JavaClassProcessor - Processing class 'java/util/AbstractMap'
15:51:29.897 [Test worker] DEBUG com.tngtech.archunit.core.importer.JavaClassProcessor - Processing class 'org/thymeleaf/TemplateEngine'
15:51:29.898 [Test worker] DEBUG com.tngtech.archunit.core.importer.JavaClassProcessor - Processing class 'javax/servlet/http/Part'
15:51:29.899 [Test worker] DEBUG com.tngtech.archunit.core.importer.JavaClassProcessor - Processing class 'java/lang/constant/ClassDesc'
15:51:29.917 [Test worker] DEBUG com.tngtech.archunit.core.importer.JavaClassProcessor - Processing class 'java/util/stream/BaseStream'
15:51:29.918 [Test worker] DEBUG com.tngtech.archunit.core.importer.JavaClassProcessor - Processing class 'java/util/IntSummaryStatistics'
15:51:29.918 [Test worker] DEBUG com.tngtech.archunit.core.importer.JavaClassProcessor - Processing class 'com/auth0/jwt/interfaces/Payload'
15:51:29.920 [Test worker] DEBUG com.tngtech.archunit.core.importer.JavaClassProcessor - Processing class 'org/springframework/context/ApplicationContextInitializer'
15:51:29.921 [Test worker] DEBUG com.tngtech.archunit.core.importer.JavaClassProcessor - Processing class 'javax/mail/event/TransportListener'
15:51:29.922 [Test worker] DEBUG com.tngtech.archunit.core.importer.JavaClassProcessor - Processing class 'org/springframework/web/bind/annotation/Mapping'
15:51:29.922 [Test worker] DEBUG com.tngtech.archunit.core.importer.JavaClassProcessor - Processing class 'org/thymeleaf/context/IContext'
15:51:29.923 [Test worker] DEBUG com.tngtech.archunit.core.importer.JavaClassProcessor - Processing class 'org/springframework/data/repository/query/FluentQuery$FetchableFluentQuery'
15:51:29.924 [Test worker] DEBUG com.tngtech.archunit.core.importer.JavaClassProcessor - Processing class 'java/lang/Enum$EnumDesc'
15:51:29.924 [Test worker] DEBUG com.tngtech.archunit.core.importer.JavaClassProcessor - Processing class 'java/util/stream/Collector'
15:51:29.924 [Test worker] DEBUG com.tngtech.archunit.core.importer.JavaClassProcessor - Processing class 'java/lang/invoke/TypeDescriptor'
15:51:29.925 [Test worker] DEBUG com.tngtech.archunit.core.importer.JavaClassProcessor - Processing class 'org/springframework/context/PayloadApplicationEvent'
15:51:29.926 [Test worker] DEBUG com.tngtech.archunit.core.importer.JavaClassProcessor - Processing class 'org/springframework/boot/autoconfigure/AutoConfigurationImportSelector'
15:51:29.927 [Test worker] DEBUG com.tngtech.archunit.core.importer.JavaClassProcessor - Processing class 'org/springframework/aop/IntroductionAdvisor'
15:51:29.927 [Test worker] DEBUG com.tngtech.archunit.core.importer.JavaClassProcessor - Processing class 'java/lang/reflect/Member'
15:51:29.928 [Test worker] DEBUG com.tngtech.archunit.core.importer.JavaClassProcessor - Processing class 'org/thymeleaf/linkbuilder/ILinkBuilder'
15:51:29.930 [Test worker] DEBUG com.tngtech.archunit.core.importer.JavaClassProcessor - Processing class 'java/util/EventListener'
15:51:29.931 [Test worker] DEBUG com.tngtech.archunit.core.importer.JavaClassProcessor - Processing class 'org/springframework/context/annotation/Role'
15:51:29.962 [Test worker] DEBUG com.tngtech.archunit.core.importer.JavaClassProcessor - Processing class 'org/springframework/beans/factory/DisposableBean'
15:51:29.963 [Test worker] DEBUG com.tngtech.archunit.core.importer.JavaClassProcessor - Processing class 'java/util/Dictionary'
15:51:29.964 [Test worker] DEBUG com.tngtech.archunit.core.importer.JavaClassProcessor - Processing class 'org/springframework/boot/autoconfigure/AutoConfigurationPackage'
15:51:29.967 [Test worker] DEBUG com.tngtech.archunit.core.importer.JavaClassProcessor - Processing class 'org/thymeleaf/messageresolver/IMessageResolver'
15:51:29.968 [Test worker] DEBUG com.tngtech.archunit.core.importer.JavaClassProcessor - Processing class 'javax/mail/Part'
15:51:29.969 [Test worker] DEBUG com.tngtech.archunit.core.importer.JavaClassProcessor - Processing class 'java/time/temporal/TemporalAccessor'
15:51:29.970 [Test worker] DEBUG com.tngtech.archunit.core.importer.JavaClassProcessor - Processing class 'org/springframework/http/client/ClientHttpRequest'
15:51:29.971 [Test worker] DEBUG com.tngtech.archunit.core.importer.JavaClassProcessor - Processing class 'org/springframework/beans/factory/BeanFactoryAware'
15:51:29.973 [Test worker] DEBUG com.tngtech.archunit.core.importer.JavaClassProcessor - Processing class 'org/springframework/core/env/EnvironmentCapable'
15:51:29.974 [Test worker] DEBUG com.tngtech.archunit.core.importer.JavaClassProcessor - Processing class 'javax/mail/event/ConnectionListener'
15:51:29.975 [Test worker] DEBUG com.tngtech.archunit.core.importer.JavaClassProcessor - Processing class 'org/springframework/boot/web/servlet/DynamicRegistrationBean'
15:51:29.976 [Test worker] DEBUG com.tngtech.archunit.core.importer.JavaClassProcessor - Processing class 'org/thymeleaf/dialect/IDialect'
15:51:29.977 [Test worker] DEBUG com.tngtech.archunit.core.importer.JavaClassProcessor - Processing class 'java/net/spi/URLStreamHandlerProvider'
15:51:29.978 [Test worker] DEBUG com.tngtech.archunit.core.importer.JavaClassProcessor - Processing class 'org/springframework/util/MultiValueMap'
15:51:29.979 [Test worker] DEBUG com.tngtech.archunit.core.importer.JavaClassProcessor - Processing class 'org/springframework/context/ApplicationEvent'
15:51:29.980 [Test worker] DEBUG com.tngtech.archunit.core.importer.JavaClassProcessor - Processing class 'javax/servlet/FilterRegistration$Dynamic'
15:51:29.982 [Test worker] DEBUG com.tngtech.archunit.core.importer.JavaClassProcessor - Processing class 'org/springframework/web/context/ServletContextAware'
15:51:29.983 [Test worker] DEBUG com.tngtech.archunit.core.importer.JavaClassProcessor - Processing class 'org/thymeleaf/ITemplateEngine'
15:51:29.986 [Test worker] DEBUG com.tngtech.archunit.core.importer.JavaClassProcessor - Processing class 'org/springframework/core/type/filter/TypeFilter'
15:51:29.987 [Test worker] DEBUG com.tngtech.archunit.core.importer.JavaClassProcessor - Processing class 'java/lang/AutoCloseable'
15:51:29.987 [Test worker] DEBUG com.tngtech.archunit.core.importer.JavaClassProcessor - Processing class 'java/lang/Runnable'
15:51:29.987 [Test worker] DEBUG com.tngtech.archunit.core.importer.JavaClassProcessor - Processing class 'java/util/AbstractCollection'
15:51:29.988 [Test worker] DEBUG com.tngtech.archunit.core.importer.JavaClassProcessor - Processing class 'java/util/Locale'
15:51:30.049 [Test worker] DEBUG com.tngtech.archunit.core.importer.JavaClassProcessor - Processing class 'org/springframework/context/ConfigurableApplicationContext'
15:51:30.049 [Test worker] DEBUG com.tngtech.archunit.core.importer.JavaClassProcessor - Processing class 'javax/security/auth/Destroyable'
15:51:30.050 [Test worker] DEBUG com.tngtech.archunit.core.importer.JavaClassProcessor - Processing class 'org/springframework/http/MediaType'
15:51:30.051 [Test worker] DEBUG com.tngtech.archunit.core.importer.JavaClassProcessor - Processing class 'java/util/Locale$LanguageRange'
15:51:30.052 [Test worker] DEBUG com.tngtech.archunit.core.importer.JavaClassProcessor - Processing class 'org/springframework/aop/support/AbstractPointcutAdvisor'
15:51:30.052 [Test worker] DEBUG com.tngtech.archunit.core.importer.JavaClassProcessor - Processing class 'java/security/Key'
15:51:30.053 [Test worker] DEBUG com.tngtech.archunit.core.importer.JavaClassProcessor - Processing class 'java/lang/constant/DynamicConstantDesc'
15:51:30.053 [Test worker] DEBUG com.tngtech.archunit.core.importer.JavaClassProcessor - Processing class 'java/net/URLStreamHandler'
15:51:30.054 [Test worker] DEBUG com.tngtech.archunit.core.importer.JavaClassProcessor - Processing class 'org/springframework/http/client/support/HttpAccessor'
15:51:30.055 [Test worker] DEBUG com.tngtech.archunit.core.importer.JavaClassProcessor - Processing class 'org/springframework/context/annotation/AnnotationScopeMetadataResolver'
15:51:30.056 [Test worker] DEBUG com.tngtech.archunit.core.importer.JavaClassProcessor - Processing class 'org/springframework/beans/factory/BeanClassLoaderAware'
15:51:30.056 [Test worker] DEBUG com.tngtech.archunit.core.importer.JavaClassProcessor - Processing class 'org/aspectj/lang/reflect/MemberSignature'
15:51:30.057 [Test worker] DEBUG com.tngtech.archunit.core.importer.JavaClassProcessor - Processing class 'org/thymeleaf/DialectConfiguration'
15:51:30.057 [Test worker] DEBUG com.tngtech.archunit.core.importer.JavaClassProcessor - Processing class 'org/springframework/context/annotation/AspectJAutoProxyRegistrar'
15:51:30.058 [Test worker] DEBUG com.tngtech.archunit.core.importer.JavaClassProcessor - Processing class 'org/springframework/beans/factory/Aware'
15:51:30.059 [Test worker] DEBUG com.tngtech.archunit.core.importer.JavaClassProcessor - Processing class 'org/springframework/data/repository/CrudRepository'
15:51:30.059 [Test worker] DEBUG com.tngtech.archunit.core.importer.JavaClassProcessor - Processing class 'org/springframework/beans/factory/InitializingBean'
15:51:30.073 [Test worker] DEBUG com.tngtech.archunit.core.importer.JavaClassProcessor - Processing class 'java/lang/Iterable'
15:51:30.074 [Test worker] DEBUG com.tngtech.archunit.core.importer.JavaClassProcessor - Processing class 'java/nio/charset/Charset'
15:51:30.075 [Test worker] DEBUG com.tngtech.archunit.core.importer.JavaClassProcessor - Processing class 'org/springframework/context/annotation/ComponentScans'
15:51:30.077 [Test worker] DEBUG com.tngtech.archunit.core.importer.JavaClassProcessor - Processing class 'org/springframework/boot/web/servlet/ServletRegistrationBean'
15:51:30.078 [Test worker] DEBUG com.tngtech.archunit.core.importer.JavaClassProcessor - Processing class 'org/springframework/retry/RetryListener'
15:51:30.079 [Test worker] DEBUG com.tngtech.archunit.core.importer.JavaClassProcessor - Processing class 'org/thymeleaf/templateresolver/ITemplateResolver'
15:51:30.103 [Test worker] DEBUG com.tngtech.archunit.core.importer.JavaClassProcessor - Processing class 'org/springframework/beans/factory/BeanNameAware'
15:51:30.104 [Test worker] DEBUG com.tngtech.archunit.core.importer.JavaClassProcessor - Processing class 'java/time/chrono/ChronoLocalDate'
15:51:30.105 [Test worker] DEBUG com.tngtech.archunit.core.importer.JavaClassProcessor - Processing class 'java/lang/reflect/AccessibleObject'
15:51:30.106 [Test worker] DEBUG com.tngtech.archunit.core.importer.JavaClassProcessor - Processing class 'org/springframework/context/annotation/ScopedProxyMode'
15:51:30.108 [Test worker] DEBUG com.tngtech.archunit.core.importer.JavaClassProcessor - Processing class 'org/springframework/http/HttpRange'
15:51:30.112 [Test worker] DEBUG com.tngtech.archunit.core.importer.JavaClassProcessor - Processing class 'org/springframework/beans/factory/SmartInitializingSingleton'
15:51:30.113 [Test worker] DEBUG com.tngtech.archunit.core.importer.JavaClassProcessor - Processing class 'org/springframework/context/EnvironmentAware'
15:51:30.114 [Test worker] DEBUG com.tngtech.archunit.core.importer.JavaClassProcessor - Processing class 'org/springframework/context/annotation/ScopeMetadataResolver'
15:51:30.115 [Test worker] DEBUG com.tngtech.archunit.core.importer.JavaClassProcessor - Processing class 'javax/servlet/DispatcherType'
15:51:30.116 [Test worker] DEBUG com.tngtech.archunit.core.importer.JavaClassProcessor - Processing class 'org/springframework/core/env/AbstractEnvironment'
15:51:30.118 [Test worker] DEBUG com.tngtech.archunit.core.importer.JavaClassProcessor - Processing class 'org/springframework/boot/autoconfigure/AutoConfigurationImportListener'
15:51:30.118 [Test worker] DEBUG com.tngtech.archunit.core.importer.JavaClassProcessor - Processing class 'java/nio/charset/spi/CharsetProvider'
15:51:30.119 [Test worker] DEBUG com.tngtech.archunit.core.importer.JavaClassProcessor - Processing class 'org/springframework/data/repository/query/FluentQuery'
15:51:30.121 [Test worker] DEBUG com.tngtech.archunit.core.importer.JavaClassProcessor - Processing class 'org/springframework/http/HttpRequest'
15:51:30.122 [Test worker] DEBUG com.tngtech.archunit.core.importer.JavaClassProcessor - Processing class 'org/springframework/boot/web/servlet/RegistrationBean'
15:51:30.123 [Test worker] DEBUG com.tngtech.archunit.core.importer.JavaClassProcessor - Processing class 'javax/servlet/Registration$Dynamic'
15:51:30.123 [Test worker] DEBUG com.tngtech.archunit.core.importer.JavaClassProcessor - Processing class 'java/util/EventObject'
15:51:30.124 [Test worker] DEBUG com.tngtech.archunit.core.importer.JavaClassProcessor - Processing class 'org/springframework/util/MimeType'
15:51:30.126 [Test worker] DEBUG com.tngtech.archunit.core.importer.JavaClassProcessor - Processing class 'java/lang/Character'
15:51:30.128 [Test worker] DEBUG com.tngtech.archunit.core.importer.JavaClassProcessor - Processing class 'org/springframework/data/repository/Repository'
15:51:30.129 [Test worker] DEBUG com.tngtech.archunit.core.importer.JavaClassProcessor - Processing class 'org/springframework/boot/autoconfigure/AutoConfigurationPackages$Registrar'
15:51:30.130 [Test worker] DEBUG com.tngtech.archunit.core.importer.JavaClassProcessor - Processing class 'javax/servlet/ServletRegistration$Dynamic'
15:51:30.131 [Test worker] DEBUG com.tngtech.archunit.core.importer.JavaClassProcessor - Processing class 'java/lang/ThreadLocal'
15:51:30.132 [Test worker] DEBUG com.tngtech.archunit.core.importer.JavaClassProcessor - Processing class 'javax/servlet/Servlet'
15:51:30.133 [Test worker] DEBUG com.tngtech.archunit.core.importer.JavaClassProcessor - Processing class 'org/aspectj/lang/Signature'
15:51:30.134 [Test worker] DEBUG com.tngtech.archunit.core.importer.JavaClassProcessor - Processing class 'javax/servlet/FilterRegistration'
15:51:30.134 [Test worker] DEBUG com.tngtech.archunit.core.importer.JavaClassProcessor - Processing class 'java/net/URLStreamHandlerFactory'
15:51:30.135 [Test worker] DEBUG com.tngtech.archunit.core.importer.JavaClassProcessor - Processing class 'sun/util/locale/LocaleExtensions'
15:51:30.136 [Test worker] DEBUG com.tngtech.archunit.core.importer.JavaClassProcessor - Processing class 'org/springframework/core/Ordered'
15:51:30.137 [Test worker] DEBUG com.tngtech.archunit.core.importer.JavaClassProcessor - Processing class 'org/springframework/aop/PointcutAdvisor'
15:51:30.138 [Test worker] DEBUG com.tngtech.archunit.core.importer.JavaClassProcessor - Processing class 'org/springframework/context/annotation/DeferredImportSelector'
15:51:30.139 [Test worker] DEBUG com.tngtech.archunit.core.importer.JavaClassProcessor - Processing class 'org/springframework/core/ResolvableTypeProvider'
15:51:30.140 [Test worker] DEBUG com.tngtech.archunit.core.importer.JavaClassProcessor - Processing class 'org/springframework/core/io/support/ResourceRegion'
15:51:30.141 [Test worker] DEBUG com.tngtech.archunit.core.importer.JavaClassProcessor - Processing class 'org/springframework/aop/IntroductionInfo'
15:51:30.142 [Test worker] DEBUG com.tngtech.archunit.core.importer.JavaClassProcessor - Processing class 'org/springframework/boot/autoconfigure/AutoConfigurationImportFilter'
15:51:30.143 [Test worker] DEBUG com.tngtech.archunit.core.importer.JavaClassProcessor - Processing class 'org/springframework/core/env/ConfigurableEnvironment'
15:51:30.144 [Test worker] DEBUG com.tngtech.archunit.core.importer.JavaClassProcessor - Processing class 'org/springframework/context/annotation/ImportBeanDefinitionRegistrar'
15:51:30.145 [Test worker] DEBUG com.tngtech.archunit.core.importer.JavaClassProcessor - Processing class 'org/springframework/http/client/ClientHttpRequestInitializer'
15:51:30.146 [Test worker] DEBUG com.tngtech.archunit.core.importer.JavaClassProcessor - Processing class 'org/springframework/aop/Advisor'
15:51:30.147 [Test worker] DEBUG com.tngtech.archunit.core.importer.JavaClassProcessor - Processing class 'org/springframework/context/ResourceLoaderAware'
15:51:30.148 [Test worker] DEBUG com.tngtech.archunit.core.importer.JavaClassProcessor - Processing class 'org/springframework/context/ApplicationContext'
15:51:30.149 [Test worker] DEBUG com.tngtech.archunit.core.importer.JavaClassProcessor - Processing class 'org/springframework/context/Lifecycle'
15:51:30.150 [Test worker] DEBUG com.tngtech.archunit.core.importer.JavaClassProcessor - Processing class 'sun/util/locale/BaseLocale'
15:51:30.151 [Test worker] DEBUG com.tngtech.archunit.core.importer.JavaClassProcessor - Processing class 'org/springframework/context/annotation/DeferredImportSelector$Group'
15:51:30.151 [Test worker] DEBUG com.tngtech.archunit.core.importer.JavaClassProcessor - Processing class 'java/io/Closeable'
15:51:30.152 [Test worker] DEBUG com.tngtech.archunit.core.importer.JavaClassProcessor - Processing class 'org/springframework/http/HttpOutputMessage'
15:51:30.152 [Test worker] DEBUG com.tngtech.archunit.core.importer.JavaClassProcessor - Processing class 'sun/util/locale/Extension'
15:51:30.153 [Test worker] DEBUG com.tngtech.archunit.core.importer.JavaClassProcessor - Processing class 'org/springframework/beans/factory/HierarchicalBeanFactory'
15:51:30.154 [Test worker] DEBUG com.tngtech.archunit.core.importer.JavaClassProcessor - Processing class 'javax/servlet/ServletRegistration'
15:51:30.155 [Test worker] DEBUG com.tngtech.archunit.core.importer.JavaClassProcessor - Processing class 'org/springframework/core/env/ConfigurablePropertyResolver'
15:51:30.156 [Test worker] DEBUG com.tngtech.archunit.core.importer.JavaClassProcessor - Processing class 'org/springframework/context/annotation/DeferredImportSelector$Group$Entry'
15:51:30.157 [Test worker] DEBUG com.tngtech.archunit.core.importer.JavaClassProcessor - Processing class 'org/springframework/context/ApplicationEventPublisher'
15:51:30.158 [Test worker] DEBUG com.tngtech.archunit.core.importer.JavaClassProcessor - Processing class 'org/springframework/http/HttpMessage'
15:51:30.158 [Test worker] DEBUG com.tngtech.archunit.core.importer.JavaClassProcessor - Processing class 'org/springframework/context/annotation/ImportSelector'
15:51:30.159 [Test worker] DEBUG com.tngtech.archunit.core.importer.JavaClassProcessor - Processing class 'org/springframework/boot/web/servlet/ServletContextInitializer'
15:51:30.160 [Test worker] DEBUG com.tngtech.archunit.core.importer.JavaClassProcessor - Processing class 'org/springframework/context/MessageSource'
15:51:30.161 [Test worker] DEBUG com.tngtech.archunit.core.importer.JavaClassProcessor - Processing class 'javax/servlet/Registration'
15:51:30.162 [Test worker] DEBUG com.tngtech.archunit.core.importer.JavaClassProcessor - Processing class 'org/springframework/boot/autoconfigure/AutoConfigurationPackages'
15:51:30.163 [Test worker] DEBUG com.tngtech.archunit.core.importer.JavaClassProcessor - Processing class 'org/springframework/boot/context/annotation/DeterminableImports'
15:51:30.163 [Test worker] DEBUG com.tngtech.archunit.core.importer.JavaClassProcessor - Processing class 'sun/util/locale/InternalLocaleBuilder$CaseInsensitiveString'
15:51:30.164 [Test worker] DEBUG com.tngtech.archunit.core.importer.JavaClassProcessor - Processing class 'org/springframework/core/io/support/ResourcePatternResolver'
15:51:30.164 [Test worker] DEBUG com.tngtech.archunit.core.importer.JavaClassProcessor - Processing class 'sun/util/locale/InternalLocaleBuilder$CaseInsensitiveChar'
15:51:30.165 [Test worker] DEBUG com.tngtech.archunit.core.importer.JavaClassProcessor - Processing class 'org/springframework/beans/factory/ListableBeanFactory'
15:51:30.166 [Test worker] DEBUG com.tngtech.archunit.core.importer.JavaClassProcessor - Processing class 'org/springframework/core/io/ResourceLoader'
15:51:30.167 [Test worker] DEBUG com.tngtech.archunit.core.importer.JavaClassProcessor - Processing class 'org/springframework/beans/factory/BeanFactory'
15:51:30.168 [Test worker] DEBUG com.tngtech.archunit.core.importer.JavaClassProcessor - Processing class 'sun/util/locale/InternalLocaleBuilder'
15:51:30.170 [Test worker] DEBUG com.tngtech.archunit.core.importer.JavaClassProcessor - Processing class 'com/auth0/jwt/impl/JWTParser'
15:51:30.171 [Test worker] DEBUG com.tngtech.archunit.core.importer.JavaClassProcessor - Processing class 'com/auth0/jwt/JWTCreator$Builder'
15:51:30.173 [Test worker] DEBUG com.tngtech.archunit.core.importer.JavaClassProcessor - Processing class 'com/auth0/jwt/exceptions/JWTDecodeException'
15:51:30.174 [Test worker] DEBUG com.tngtech.archunit.core.importer.JavaClassProcessor - Processing class 'com/auth0/jwt/interfaces/Verification'
15:51:30.175 [Test worker] DEBUG com.tngtech.archunit.core.importer.JavaClassProcessor - Processing class 'com/auth0/jwt/algorithms/Algorithm'
15:51:30.177 [Test worker] DEBUG com.tngtech.archunit.core.importer.JavaClassProcessor - Processing class 'java/time/Instant'
15:51:30.187 [Test worker] DEBUG com.tngtech.archunit.core.importer.JavaClassProcessor - Processing class 'io/jsonwebtoken/CompressionCodec'
15:51:30.189 [Test worker] DEBUG com.tngtech.archunit.core.importer.JavaClassProcessor - Processing class 'io/jsonwebtoken/Header'
15:51:30.190 [Test worker] DEBUG com.tngtech.archunit.core.importer.JavaClassProcessor - Processing class 'io/jsonwebtoken/Claims'
15:51:30.192 [Test worker] DEBUG com.tngtech.archunit.core.importer.JavaClassProcessor - Processing class 'io/jsonwebtoken/JwtParser'
15:51:30.193 [Test worker] DEBUG com.tngtech.archunit.core.importer.JavaClassProcessor - Processing class 'io/jsonwebtoken/JwsHeader'
15:51:30.195 [Test worker] DEBUG com.tngtech.archunit.core.importer.JavaClassProcessor - Processing class 'io/jsonwebtoken/SignatureException'
15:51:30.196 [Test worker] DEBUG com.tngtech.archunit.core.importer.JavaClassProcessor - Processing class 'io/jsonwebtoken/impl/crypto/SignatureValidator'
15:51:30.197 [Test worker] DEBUG com.tngtech.archunit.core.importer.JavaClassProcessor - Processing class 'io/jsonwebtoken/impl/crypto/SignatureValidatorFactory'
15:51:30.201 [Test worker] DEBUG com.tngtech.archunit.core.importer.JavaClassProcessor - Processing class 'java/lang/reflect/Constructor'
15:51:30.202 [Test worker] DEBUG com.tngtech.archunit.core.importer.JavaClassProcessor - Processing class 'java/lang/ref/SoftReference'
15:51:30.203 [Test worker] DEBUG com.tngtech.archunit.core.importer.JavaClassProcessor - Processing class 'java/security/ProtectionDomain'
15:51:30.203 [Test worker] DEBUG com.tngtech.archunit.core.importer.JavaClassProcessor - Processing class 'java/lang/ClassLoader'
15:51:30.206 [Test worker] DEBUG com.tngtech.archunit.core.importer.JavaClassProcessor - Processing class 'java/io/ObjectStreamField'
15:51:30.207 [Test worker] DEBUG com.tngtech.archunit.core.importer.JavaClassProcessor - Processing class 'sun/reflect/generics/repository/ClassRepository'
15:51:30.207 [Test worker] DEBUG com.tngtech.archunit.core.importer.JavaClassProcessor - Processing class 'jdk/internal/reflect/ReflectionFactory'
15:51:30.208 [Test worker] DEBUG com.tngtech.archunit.core.importer.JavaClassProcessor - Processing class 'java/lang/Module'
15:51:30.210 [Test worker] DEBUG com.tngtech.archunit.core.importer.JavaClassProcessor - Processing class 'sun/reflect/annotation/AnnotationType'
15:51:30.211 [Test worker] DEBUG com.tngtech.archunit.core.importer.JavaClassProcessor - Processing class 'java/lang/Class$AnnotationData'
15:51:30.212 [Test worker] DEBUG com.tngtech.archunit.core.importer.JavaClassProcessor - Processing class 'java/lang/ClassValue$ClassValueMap'
15:51:30.214 [Test worker] DEBUG com.tngtech.archunit.core.importer.JavaClassProcessor - Processing class 'java/lang/SecurityException'
15:51:30.214 [Test worker] DEBUG com.tngtech.archunit.core.importer.JavaClassProcessor - Processing class 'java/lang/SecurityManager'
15:51:30.215 [Test worker] DEBUG com.tngtech.archunit.core.importer.JavaClassProcessor - Processing class 'sun/reflect/generics/factory/GenericsFactory'
15:51:30.217 [Test worker] DEBUG com.tngtech.archunit.core.importer.JavaClassProcessor - Processing class 'java/lang/PublicMethods$MethodList'
15:51:30.218 [Test worker] DEBUG com.tngtech.archunit.core.importer.JavaClassProcessor - Processing class 'java/lang/InstantiationException'
15:51:30.218 [Test worker] DEBUG com.tngtech.archunit.core.importer.JavaClassProcessor - Processing class 'java/lang/IllegalAccessException'
15:51:30.219 [Test worker] DEBUG com.tngtech.archunit.core.importer.JavaClassProcessor - Processing class 'java/lang/NoSuchFieldException'
15:51:30.219 [Test worker] DEBUG com.tngtech.archunit.core.importer.JavaClassProcessor - Processing class 'java/lang/reflect/AnnotatedType'
15:51:30.220 [Test worker] DEBUG com.tngtech.archunit.core.importer.JavaClassProcessor - Processing class 'java/lang/ClassNotFoundException'
15:51:30.221 [Test worker] DEBUG com.tngtech.archunit.core.importer.JavaClassProcessor - Processing class 'java/io/InputStream'
15:51:30.222 [Test worker] DEBUG com.tngtech.archunit.core.importer.JavaClassProcessor - Processing class 'jdk/internal/loader/BuiltinClassLoader'
15:51:30.223 [Test worker] DEBUG com.tngtech.archunit.core.importer.JavaClassProcessor - Processing class 'java/lang/Class$EnclosingMethodInfo'
15:51:30.224 [Test worker] DEBUG com.tngtech.archunit.core.importer.JavaClassProcessor - Processing class 'jdk/internal/reflect/ConstantPool'
15:51:30.225 [Test worker] DEBUG com.tngtech.archunit.core.importer.JavaClassProcessor - Processing class 'java/lang/reflect/GenericArrayType'
15:51:30.226 [Test worker] DEBUG com.tngtech.archunit.core.importer.JavaClassProcessor - Processing class 'java/lang/NoSuchMethodException'
15:51:30.227 [Test worker] DEBUG com.tngtech.archunit.core.importer.JavaClassProcessor - Processing class 'java/lang/reflect/TypeVariable'
15:51:30.229 [Test worker] DEBUG com.tngtech.archunit.core.importer.JavaClassProcessor - Processing class 'java/lang/Package'
15:51:30.231 [Test worker] DEBUG com.tngtech.archunit.core.importer.JavaClassProcessor - Processing class 'java/lang/reflect/RecordComponent'
15:51:30.233 [Test worker] DEBUG com.tngtech.archunit.core.importer.JavaClassProcessor - Processing class 'java/lang/NumberFormatException'
15:51:30.234 [Test worker] DEBUG com.tngtech.archunit.core.importer.JavaClassProcessor - Processing class 'java/lang/invoke/MethodHandles$Lookup'
15:51:30.236 [Test worker] DEBUG com.tngtech.archunit.core.importer.JavaClassProcessor - Processing class 'java/lang/ReflectiveOperationException'
15:51:30.237 [Test worker] DEBUG com.tngtech.archunit.core.importer.JavaClassProcessor - Processing class 'java/io/ObjectStreamException'
15:51:30.238 [Test worker] DEBUG com.tngtech.archunit.core.importer.JavaClassProcessor - Processing class 'java/lang/CloneNotSupportedException'
15:51:30.238 [Test worker] DEBUG com.tngtech.archunit.core.importer.JavaClassProcessor - Processing class 'java/io/ObjectInputStream'
15:51:30.241 [Test worker] DEBUG com.tngtech.archunit.core.importer.JavaClassProcessor - Processing class 'java/util/Spliterator'
15:51:30.242 [Test worker] DEBUG com.tngtech.archunit.core.importer.JavaClassProcessor - Processing class 'java/math/BigInteger'
15:51:30.244 [Test worker] DEBUG com.tngtech.archunit.core.importer.JavaClassProcessor - Processing class 'java/lang/InterruptedException'
15:51:30.245 [Test worker] DEBUG com.tngtech.archunit.core.importer.JavaClassProcessor - Processing class 'sun/nio/cs/ArrayDecoder'
15:51:30.245 [Test worker] DEBUG com.tngtech.archunit.core.importer.JavaClassProcessor - Processing class 'java/nio/charset/UnmappableCharacterException'
15:51:30.246 [Test worker] DEBUG com.tngtech.archunit.core.importer.JavaClassProcessor - Processing class 'java/nio/charset/CharacterCodingException'
15:51:30.246 [Test worker] DEBUG com.tngtech.archunit.core.importer.JavaClassProcessor - Processing class 'java/io/UnsupportedEncodingException'
15:51:30.247 [Test worker] DEBUG com.tngtech.archunit.core.importer.JavaClassProcessor - Processing class 'java/nio/charset/MalformedInputException'
15:51:30.248 [Test worker] DEBUG com.tngtech.archunit.core.importer.JavaClassProcessor - Processing class 'java/lang/Void'
15:51:30.248 [Test worker] DEBUG com.tngtech.archunit.core.importer.JavaClassProcessor - Processing class 'java/util/function/Function'
15:51:30.249 [Test worker] DEBUG com.tngtech.archunit.core.importer.JavaClassProcessor - Processing class 'java/lang/StringBuffer'
15:51:30.250 [Test worker] DEBUG com.tngtech.archunit.core.importer.JavaClassProcessor - Processing class 'sun/nio/cs/ArrayEncoder'
15:51:30.250 [Test worker] DEBUG com.tngtech.archunit.core.importer.JavaClassProcessor - Processing class 'java/nio/charset/CharsetDecoder'
15:51:30.251 [Test worker] DEBUG com.tngtech.archunit.core.importer.JavaClassProcessor - Processing class 'java/lang/AbstractStringBuilder'
15:51:30.252 [Test worker] DEBUG com.tngtech.archunit.core.importer.JavaClassProcessor - Processing class 'java/lang/StringBuilder'
15:51:30.254 [Test worker] DEBUG com.tngtech.archunit.core.importer.JavaClassProcessor - Processing class 'java/io/PrintStream'
15:51:30.255 [Test worker] DEBUG com.tngtech.archunit.core.importer.JavaClassProcessor - Processing class 'java/lang/ModuleLayer'
15:51:30.256 [Test worker] DEBUG com.tngtech.archunit.core.importer.JavaClassProcessor - Processing class 'java/io/Console'
15:51:30.257 [Test worker] DEBUG com.tngtech.archunit.core.importer.JavaClassProcessor - Processing class 'java/lang/invoke/StringConcatFactory'
15:51:30.258 [Test worker] DEBUG com.tngtech.archunit.core.importer.JavaClassProcessor - Processing class 'java/nio/channels/Channel'
15:51:30.259 [Test worker] DEBUG com.tngtech.archunit.core.importer.JavaClassProcessor - Processing class 'java/io/FileOutputStream'
15:51:30.260 [Test worker] DEBUG com.tngtech.archunit.core.importer.JavaClassProcessor - Processing class 'java/lang/System$Logger'
15:51:30.260 [Test worker] DEBUG com.tngtech.archunit.core.importer.JavaClassProcessor - Processing class 'java/util/ResourceBundle'
15:51:30.262 [Test worker] DEBUG com.tngtech.archunit.core.importer.JavaClassProcessor - Processing class 'java/util/concurrent/atomic/AtomicInteger'
15:51:30.263 [Test worker] DEBUG com.tngtech.archunit.core.importer.JavaClassProcessor - Processing class 'java/lang/ThreadLocal$ThreadLocalMap'
15:51:30.264 [Test worker] DEBUG com.tngtech.archunit.core.importer.JavaClassProcessor - Processing class 'java/lang/Thread'
15:51:30.265 [Test worker] DEBUG com.tngtech.archunit.core.importer.JavaClassProcessor - Processing class 'java/util/function/Supplier'
15:51:30.266 [Test worker] DEBUG com.tngtech.archunit.core.importer.JavaClassProcessor - Processing class 'jdk/internal/misc/TerminatingThreadLocal'
15:51:30.267 [Test worker] DEBUG com.tngtech.archunit.core.importer.JavaClassProcessor - Processing class 'java/lang/StackTraceElement'
15:51:30.269 [Test worker] DEBUG com.tngtech.archunit.core.importer.JavaClassProcessor - Processing class 'java/lang/Throwable$PrintStreamOrWriter'
15:51:30.269 [Test worker] DEBUG com.tngtech.archunit.core.importer.JavaClassProcessor - Processing class 'java/io/PrintWriter'
15:51:30.270 [Test worker] DEBUG com.tngtech.archunit.core.importer.JavaClassProcessor - Processing class 'java/io/ObjectOutputStream'
15:51:30.274 [Test worker] DEBUG com.tngtech.archunit.core.importer.JavaClassProcessor - Processing class 'java/lang/constant/DirectMethodHandleDesc'
15:51:30.275 [Test worker] DEBUG com.tngtech.archunit.core.importer.JavaClassProcessor - Processing class 'java/lang/reflect/AccessibleObject$Cache'
15:51:30.276 [Test worker] DEBUG com.tngtech.archunit.core.importer.JavaClassProcessor - Processing class 'java/lang/invoke/MethodHandle'
15:51:30.279 [Test worker] DEBUG com.tngtech.archunit.core.importer.JavaClassProcessor - Processing class 'java/lang/ref/WeakReference'
15:51:30.280 [Test worker] DEBUG com.tngtech.archunit.core.importer.JavaClassProcessor - Processing class 'java/lang/reflect/Parameter'
15:51:30.282 [Test worker] DEBUG com.tngtech.archunit.core.importer.JavaClassProcessor - Processing class 'sun/reflect/generics/repository/ConstructorRepository'
15:51:30.283 [Test worker] DEBUG com.tngtech.archunit.core.importer.JavaClassProcessor - Processing class 'jdk/internal/reflect/FieldAccessor'
15:51:30.283 [Test worker] DEBUG com.tngtech.archunit.core.importer.JavaClassProcessor - Processing class 'sun/reflect/generics/repository/FieldRepository'
15:51:30.285 [Test worker] DEBUG com.tngtech.archunit.core.importer.JavaClassProcessor - Processing class 'sun/reflect/generics/repository/MethodRepository'
15:51:30.285 [Test worker] DEBUG com.tngtech.archunit.core.importer.JavaClassProcessor - Processing class 'jdk/internal/reflect/MethodAccessor'
15:51:30.286 [Test worker] DEBUG com.tngtech.archunit.core.importer.JavaClassProcessor - Processing class 'sun/reflect/annotation/ExceptionProxy'
15:51:30.286 [Test worker] DEBUG com.tngtech.archunit.core.importer.JavaClassProcessor - Processing class 'sun/reflect/annotation/TypeNotPresentExceptionProxy'
15:51:30.286 [Test worker] DEBUG com.tngtech.archunit.core.importer.JavaClassProcessor - Processing class 'java/lang/reflect/InvocationTargetException'
15:51:30.287 [Test worker] DEBUG com.tngtech.archunit.core.importer.JavaClassProcessor - Processing class 'java/net/InetAddress'
15:51:30.289 [Test worker] DEBUG com.tngtech.archunit.core.importer.JavaClassProcessor - Processing class 'java/net/UrlDeserializedState'
15:51:30.289 [Test worker] DEBUG com.tngtech.archunit.core.importer.JavaClassProcessor - Processing class 'java/net/URLConnection'
15:51:30.290 [Test worker] DEBUG com.tngtech.archunit.core.importer.JavaClassProcessor - Processing class 'java/net/Proxy'
15:51:30.291 [Test worker] DEBUG com.tngtech.archunit.core.importer.JavaClassProcessor - Processing class 'java/io/InvalidObjectException'
15:51:30.291 [Test worker] DEBUG com.tngtech.archunit.core.importer.JavaClassProcessor - Processing class 'java/net/URI'
15:51:30.293 [Test worker] DEBUG com.tngtech.archunit.core.importer.JavaClassProcessor - Processing class 'java/net/MalformedURLException'
15:51:30.293 [Test worker] DEBUG com.tngtech.archunit.core.importer.JavaClassProcessor - Processing class 'java/net/URISyntaxException'
15:51:30.294 [Test worker] DEBUG com.tngtech.archunit.core.importer.JavaClassProcessor - Processing class 'sun/net/www/protocol/jar/Handler'
15:51:30.295 [Test worker] DEBUG com.tngtech.archunit.core.importer.JavaClassProcessor - Processing class 'java/nio/charset/CharsetEncoder'
15:51:30.296 [Test worker] DEBUG com.tngtech.archunit.core.importer.JavaClassProcessor - Processing class 'java/nio/CharBuffer'
15:51:30.297 [Test worker] DEBUG com.tngtech.archunit.core.importer.JavaClassProcessor - Processing class 'java/nio/ByteBuffer'
15:51:30.298 [Test worker] DEBUG com.tngtech.archunit.core.importer.JavaClassProcessor - Processing class 'java/util/SortedMap'
15:51:30.299 [Test worker] DEBUG com.tngtech.archunit.core.importer.JavaClassProcessor - Processing class 'java/time/temporal/ChronoUnit'
15:51:30.300 [Test worker] DEBUG com.tngtech.archunit.core.importer.JavaClassProcessor - Processing class 'java/math/BigDecimal'
15:51:30.303 [Test worker] DEBUG com.tngtech.archunit.core.importer.JavaClassProcessor - Processing class 'java/io/DataInput'
15:51:30.303 [Test worker] DEBUG com.tngtech.archunit.core.importer.JavaClassProcessor - Processing class 'java/io/DataOutput'
15:51:30.304 [Test worker] DEBUG com.tngtech.archunit.core.importer.JavaClassProcessor - Processing class 'java/time/chrono/IsoEra'
15:51:30.305 [Test worker] DEBUG com.tngtech.archunit.core.importer.JavaClassProcessor - Processing class 'java/time/LocalTime'
15:51:30.306 [Test worker] DEBUG com.tngtech.archunit.core.importer.JavaClassProcessor - Processing class 'java/time/temporal/TemporalField'
15:51:30.307 [Test worker] DEBUG com.tngtech.archunit.core.importer.JavaClassProcessor - Processing class 'java/time/DayOfWeek'
15:51:30.307 [Test worker] DEBUG com.tngtech.archunit.core.importer.JavaClassProcessor - Processing class 'java/time/temporal/ChronoField'
15:51:30.308 [Test worker] DEBUG com.tngtech.archunit.core.importer.JavaClassProcessor - Processing class 'java/time/ZoneOffset'
15:51:30.309 [Test worker] DEBUG com.tngtech.archunit.core.importer.JavaClassProcessor - Processing class 'java/time/chrono/ChronoPeriod'
15:51:30.310 [Test worker] DEBUG com.tngtech.archunit.core.importer.JavaClassProcessor - Processing class 'java/time/temporal/ValueRange'
15:51:30.310 [Test worker] DEBUG com.tngtech.archunit.core.importer.JavaClassProcessor - Processing class 'java/time/chrono/Era'
15:51:30.311 [Test worker] DEBUG com.tngtech.archunit.core.importer.JavaClassProcessor - Processing class 'java/time/Month'
15:51:30.312 [Test worker] DEBUG com.tngtech.archunit.core.importer.JavaClassProcessor - Processing class 'java/time/format/DateTimeFormatter'
15:51:30.313 [Test worker] DEBUG com.tngtech.archunit.core.importer.JavaClassProcessor - Processing class 'java/time/Clock'
15:51:30.314 [Test worker] DEBUG com.tngtech.archunit.core.importer.JavaClassProcessor - Processing class 'java/time/Period'
15:51:30.315 [Test worker] DEBUG com.tngtech.archunit.core.importer.JavaClassProcessor - Processing class 'java/time/chrono/Chronology'
15:51:30.315 [Test worker] DEBUG com.tngtech.archunit.core.importer.JavaClassProcessor - Processing class 'java/time/chrono/IsoChronology'
15:51:30.317 [Test worker] DEBUG com.tngtech.archunit.core.importer.JavaClassProcessor - Processing class 'java/time/temporal/TemporalQuery'
15:51:30.317 [Test worker] DEBUG com.tngtech.archunit.core.importer.JavaClassProcessor - Processing class 'java/time/OffsetDateTime'
15:51:30.318 [Test worker] DEBUG com.tngtech.archunit.core.importer.JavaClassProcessor - Processing class 'java/time/OffsetTime'
15:51:30.320 [Test worker] DEBUG com.tngtech.archunit.core.importer.JavaClassProcessor - Processing class 'java/time/format/TextStyle'
15:51:30.321 [Test worker] DEBUG com.tngtech.archunit.core.importer.JavaClassProcessor - Processing class 'java/time/zone/ZoneRules'
15:51:30.321 [Test worker] DEBUG com.tngtech.archunit.core.importer.JavaClassProcessor - Processing class 'java/time/ZoneRegion'
15:51:30.322 [Test worker] DEBUG com.tngtech.archunit.core.importer.JavaClassProcessor - Processing class 'java/io/ObjectInput'
15:51:30.323 [Test worker] DEBUG com.tngtech.archunit.core.importer.JavaClassProcessor - Processing class 'java/lang/invoke/SerializedLambda'
15:51:30.325 [Test worker] DEBUG com.tngtech.archunit.core.importer.JavaClassProcessor - Processing class 'java/util/ListIterator'
15:51:30.327 [Test worker] DEBUG com.tngtech.archunit.core.importer.JavaClassProcessor - Processing class 'java/util/function/Predicate'
15:51:30.328 [Test worker] DEBUG com.tngtech.archunit.core.importer.JavaClassProcessor - Processing class 'java/util/function/UnaryOperator'
15:51:30.330 [Test worker] DEBUG com.tngtech.archunit.core.importer.JavaClassProcessor - Processing class 'java/util/Spliterator$OfLong'
15:51:30.331 [Test worker] DEBUG com.tngtech.archunit.core.importer.JavaClassProcessor - Processing class 'java/util/function/LongBinaryOperator'
15:51:30.333 [Test worker] DEBUG com.tngtech.archunit.core.importer.JavaClassProcessor - Processing class 'java/util/function/IntBinaryOperator'
15:51:30.334 [Test worker] DEBUG com.tngtech.archunit.core.importer.JavaClassProcessor - Processing class 'java/util/function/BinaryOperator'
15:51:30.335 [Test worker] DEBUG com.tngtech.archunit.core.importer.JavaClassProcessor - Processing class 'java/util/function/DoubleBinaryOperator'
15:51:30.335 [Test worker] DEBUG com.tngtech.archunit.core.importer.JavaClassProcessor - Processing class 'java/util/function/IntUnaryOperator'
15:51:30.336 [Test worker] DEBUG com.tngtech.archunit.core.importer.JavaClassProcessor - Processing class 'java/util/function/IntToDoubleFunction'
15:51:30.336 [Test worker] DEBUG com.tngtech.archunit.core.importer.JavaClassProcessor - Processing class 'java/util/Spliterator$OfInt'
15:51:30.337 [Test worker] DEBUG com.tngtech.archunit.core.importer.JavaClassProcessor - Processing class 'java/util/function/IntFunction'
15:51:30.338 [Test worker] DEBUG com.tngtech.archunit.core.importer.JavaClassProcessor - Processing class 'java/util/function/IntToLongFunction'
15:51:30.338 [Test worker] DEBUG com.tngtech.archunit.core.importer.JavaClassProcessor - Processing class 'java/util/Spliterator$OfDouble'
15:51:30.340 [Test worker] DEBUG com.tngtech.archunit.core.importer.JavaClassProcessor - Processing class 'java/util/function/ToIntFunction'
15:51:30.340 [Test worker] DEBUG com.tngtech.archunit.core.importer.JavaClassProcessor - Processing class 'java/util/function/ToDoubleFunction'
15:51:30.341 [Test worker] DEBUG com.tngtech.archunit.core.importer.JavaClassProcessor - Processing class 'java/util/function/ToLongFunction'
15:51:30.341 [Test worker] DEBUG com.tngtech.archunit.core.importer.JavaClassProcessor - Processing class 'sun/util/calendar/BaseCalendar'
15:51:30.342 [Test worker] DEBUG com.tngtech.archunit.core.importer.JavaClassProcessor - Processing class 'sun/util/calendar/BaseCalendar$Date'
15:51:30.343 [Test worker] DEBUG com.tngtech.archunit.core.importer.JavaClassProcessor - Processing class 'sun/util/calendar/ZoneInfo'
15:51:30.344 [Test worker] DEBUG com.tngtech.archunit.core.importer.JavaClassProcessor - Processing class 'java/util/Enumeration'
15:51:30.344 [Test worker] DEBUG com.tngtech.archunit.core.importer.JavaClassProcessor - Processing class 'java/util/Hashtable$Entry'
15:51:30.345 [Test worker] DEBUG com.tngtech.archunit.core.importer.JavaClassProcessor - Processing class 'java/util/function/BiFunction'
15:51:30.360 [Test worker] DEBUG com.tngtech.archunit.core.importer.JavaClassProcessor - Processing class 'java/util/function/BiConsumer'
15:51:30.362 [Test worker] DEBUG com.tngtech.archunit.core.importer.JavaClassProcessor - Processing class 'java/io/StreamCorruptedException'
15:51:30.364 [Test worker] DEBUG com.tngtech.archunit.core.importer.JavaClassProcessor - Processing class 'java/util/Locale$IsoCountryCode'
15:51:30.364 [Test worker] DEBUG com.tngtech.archunit.core.importer.JavaClassProcessor - Processing class 'java/util/spi/LocaleNameProvider'
15:51:30.365 [Test worker] DEBUG com.tngtech.archunit.core.importer.JavaClassProcessor - Processing class 'java/util/MissingResourceException'
15:51:30.365 [Test worker] DEBUG com.tngtech.archunit.core.importer.JavaClassProcessor - Processing class 'java/util/Locale$Category'
15:51:30.366 [Test worker] DEBUG com.tngtech.archunit.core.importer.JavaClassProcessor - Processing class 'java/util/Locale$FilteringMode'
15:51:30.367 [Test worker] DEBUG com.tngtech.archunit.core.importer.JavaClassProcessor - Processing class 'sun/util/locale/provider/LocaleResources'
15:51:30.379 [Test worker] DEBUG com.tngtech.archunit.core.importer.JavaClassProcessor - Processing class 'java/util/ImmutableCollections$AbstractImmutableMap'
15:51:30.380 [Test worker] DEBUG com.tngtech.archunit.core.importer.JavaClassProcessor - Processing class 'java/util/KeyValueHolder'
15:51:30.381 [Test worker] DEBUG com.tngtech.archunit.core.importer.JavaClassProcessor - Processing class 'jdk/internal/misc/Unsafe'
15:51:30.385 [Test worker] DEBUG com.tngtech.archunit.core.importer.JavaClassProcessor - Processing class 'java/util/Properties$LineReader'
15:51:30.386 [Test worker] DEBUG com.tngtech.archunit.core.importer.JavaClassProcessor - Processing class 'java/io/OutputStream'
15:51:30.386 [Test worker] DEBUG com.tngtech.archunit.core.importer.JavaClassProcessor - Processing class 'java/io/Writer'
15:51:30.386 [Test worker] DEBUG com.tngtech.archunit.core.importer.JavaClassProcessor - Processing class 'java/io/BufferedWriter'
15:51:30.387 [Test worker] DEBUG com.tngtech.archunit.core.importer.JavaClassProcessor - Processing class 'java/io/Reader'
15:51:30.388 [Test worker] DEBUG com.tngtech.archunit.core.importer.JavaClassProcessor - Processing class 'java/util/InvalidPropertiesFormatException'
15:51:30.388 [Test worker] DEBUG com.tngtech.archunit.core.importer.JavaClassProcessor - Processing class 'java/util/ImmutableCollections$AbstractImmutableSet'
15:51:30.389 [Test worker] DEBUG com.tngtech.archunit.core.importer.JavaClassProcessor - Processing class 'jdk/internal/access/JavaLangAccess'
15:51:30.391 [Test worker] DEBUG com.tngtech.archunit.core.importer.JavaClassProcessor - Processing class 'java/util/concurrent/ConcurrentHashMap$CounterCell'
15:51:30.391 [Test worker] DEBUG com.tngtech.archunit.core.importer.JavaClassProcessor - Processing class 'java/util/concurrent/ConcurrentHashMap$ValuesView'
15:51:30.392 [Test worker] DEBUG com.tngtech.archunit.core.importer.JavaClassProcessor - Processing class 'java/util/concurrent/ConcurrentHashMap$Node'
15:51:30.393 [Test worker] DEBUG com.tngtech.archunit.core.importer.JavaClassProcessor - Processing class 'java/util/concurrent/ConcurrentHashMap$EntrySetView'
15:51:30.394 [Test worker] DEBUG com.tngtech.archunit.core.importer.JavaClassProcessor - Processing class 'java/util/concurrent/ConcurrentHashMap$KeySetView'
15:51:30.394 [Test worker] DEBUG com.tngtech.archunit.core.importer.JavaClassProcessor - Processing class 'java/util/function/ToLongBiFunction'
15:51:30.395 [Test worker] DEBUG com.tngtech.archunit.core.importer.JavaClassProcessor - Processing class 'java/util/concurrent/ConcurrentHashMap$TreeBin'
15:51:30.396 [Test worker] DEBUG com.tngtech.archunit.core.importer.JavaClassProcessor - Processing class 'java/util/concurrent/ConcurrentHashMap$ReservationNode'
15:51:30.397 [Test worker] DEBUG com.tngtech.archunit.core.importer.JavaClassProcessor - Processing class 'java/util/function/ToDoubleBiFunction'
15:51:30.398 [Test worker] DEBUG com.tngtech.archunit.core.importer.JavaClassProcessor - Processing class 'java/util/function/ToIntBiFunction'
15:51:30.399 [Test worker] DEBUG com.tngtech.archunit.core.importer.JavaClassProcessor - Processing class 'java/lang/reflect/ParameterizedType'
15:51:30.400 [Test worker] DEBUG com.tngtech.archunit.core.importer.JavaClassProcessor - Processing class 'java/util/concurrent/ConcurrentHashMap$ForwardingNode'
15:51:30.401 [Test worker] DEBUG com.tngtech.archunit.core.importer.JavaClassProcessor - Processing class 'java/util/concurrent/ConcurrentHashMap$Segment'
15:51:30.401 [Test worker] DEBUG com.tngtech.archunit.core.importer.JavaClassProcessor - Processing class 'java/util/concurrent/locks/LockSupport'
15:51:30.404 [Test worker] DEBUG com.tngtech.archunit.core.importer.JavaClassProcessor - Processing class 'java/util/function/DoubleSupplier'
15:51:30.404 [Test worker] DEBUG com.tngtech.archunit.core.importer.JavaClassProcessor - Processing class 'java/util/OptionalDouble'
15:51:30.405 [Test worker] DEBUG com.tngtech.archunit.core.importer.JavaClassProcessor - Processing class 'java/util/function/DoublePredicate'
15:51:30.405 [Test worker] DEBUG com.tngtech.archunit.core.importer.JavaClassProcessor - Processing class 'java/util/function/DoubleUnaryOperator'
15:51:30.406 [Test worker] DEBUG com.tngtech.archunit.core.importer.JavaClassProcessor - Processing class 'java/util/function/DoubleFunction'
15:51:30.406 [Test worker] DEBUG com.tngtech.archunit.core.importer.JavaClassProcessor - Processing class 'java/util/stream/DoubleStream$Builder'
15:51:30.407 [Test worker] DEBUG com.tngtech.archunit.core.importer.JavaClassProcessor - Processing class 'java/util/function/DoubleToLongFunction'
15:51:30.407 [Test worker] DEBUG com.tngtech.archunit.core.importer.JavaClassProcessor - Processing class 'java/util/function/DoubleToIntFunction'
15:51:30.407 [Test worker] DEBUG com.tngtech.archunit.core.importer.JavaClassProcessor - Processing class 'java/util/PrimitiveIterator$OfDouble'
15:51:30.408 [Test worker] DEBUG com.tngtech.archunit.core.importer.JavaClassProcessor - Processing class 'java/util/stream/DoubleStream$DoubleMapMultiConsumer'
15:51:30.408 [Test worker] DEBUG com.tngtech.archunit.core.importer.JavaClassProcessor - Processing class 'java/util/function/ObjDoubleConsumer'
15:51:30.409 [Test worker] DEBUG com.tngtech.archunit.core.importer.JavaClassProcessor - Processing class 'java/util/stream/IntStream$IntMapMultiConsumer'
15:51:30.409 [Test worker] DEBUG com.tngtech.archunit.core.importer.JavaClassProcessor - Processing class 'java/util/PrimitiveIterator$OfInt'
15:51:30.410 [Test worker] DEBUG com.tngtech.archunit.core.importer.JavaClassProcessor - Processing class 'java/util/stream/IntStream$Builder'
15:51:30.410 [Test worker] DEBUG com.tngtech.archunit.core.importer.JavaClassProcessor - Processing class 'java/util/OptionalInt'
15:51:30.411 [Test worker] DEBUG com.tngtech.archunit.core.importer.JavaClassProcessor - Processing class 'java/util/function/IntPredicate'
15:51:30.411 [Test worker] DEBUG com.tngtech.archunit.core.importer.JavaClassProcessor - Processing class 'java/util/function/ObjIntConsumer'
15:51:30.412 [Test worker] DEBUG com.tngtech.archunit.core.importer.JavaClassProcessor - Processing class 'java/util/function/IntSupplier'
15:51:30.412 [Test worker] DEBUG com.tngtech.archunit.core.importer.JavaClassProcessor - Processing class 'java/util/function/LongPredicate'
15:51:30.413 [Test worker] DEBUG com.tngtech.archunit.core.importer.JavaClassProcessor - Processing class 'java/util/OptionalLong'
15:51:30.413 [Test worker] DEBUG com.tngtech.archunit.core.importer.JavaClassProcessor - Processing class 'java/util/PrimitiveIterator$OfLong'
15:51:30.414 [Test worker] DEBUG com.tngtech.archunit.core.importer.JavaClassProcessor - Processing class 'java/util/function/LongUnaryOperator'
15:51:30.415 [Test worker] DEBUG com.tngtech.archunit.core.importer.JavaClassProcessor - Processing class 'java/util/stream/LongStream$LongMapMultiConsumer'
15:51:30.415 [Test worker] DEBUG com.tngtech.archunit.core.importer.JavaClassProcessor - Processing class 'java/util/stream/LongStream$Builder'
15:51:30.416 [Test worker] DEBUG com.tngtech.archunit.core.importer.JavaClassProcessor - Processing class 'java/util/function/LongFunction'
15:51:30.416 [Test worker] DEBUG com.tngtech.archunit.core.importer.JavaClassProcessor - Processing class 'java/util/function/ObjLongConsumer'
15:51:30.417 [Test worker] DEBUG com.tngtech.archunit.core.importer.JavaClassProcessor - Processing class 'java/util/function/LongSupplier'
15:51:30.417 [Test worker] DEBUG com.tngtech.archunit.core.importer.JavaClassProcessor - Processing class 'java/util/function/LongToIntFunction'
15:51:30.418 [Test worker] DEBUG com.tngtech.archunit.core.importer.JavaClassProcessor - Processing class 'java/util/function/LongToDoubleFunction'
15:51:30.419 [Test worker] DEBUG com.tngtech.archunit.core.importer.JavaClassProcessor - Processing class 'java/util/stream/Stream$Builder'
15:51:30.421 [Test worker] DEBUG com.tngtech.archunit.core.importer.JavaClassProcessor - Processing class 'javax/mail/Folder'
15:51:30.423 [Test worker] DEBUG com.tngtech.archunit.core.importer.JavaClassProcessor - Processing class 'javax/mail/Flags'
15:51:30.424 [Test worker] DEBUG com.tngtech.archunit.core.importer.JavaClassProcessor - Processing class 'javax/mail/Flags$Flag'
15:51:30.425 [Test worker] DEBUG com.tngtech.archunit.core.importer.JavaClassProcessor - Processing class 'javax/mail/search/SearchTerm'
15:51:30.427 [Test worker] DEBUG com.tngtech.archunit.core.importer.JavaClassProcessor - Processing class 'javax/activation/DataHandler'
15:51:30.429 [Test worker] DEBUG com.tngtech.archunit.core.importer.JavaClassProcessor - Processing class 'javax/mail/Multipart'
15:51:30.430 [Test worker] DEBUG com.tngtech.archunit.core.importer.JavaClassProcessor - Processing class 'javax/mail/Provider$Type'
15:51:30.431 [Test worker] DEBUG com.tngtech.archunit.core.importer.JavaClassProcessor - Processing class 'java/util/Vector'
15:51:30.433 [Test worker] DEBUG com.tngtech.archunit.core.importer.JavaClassProcessor - Processing class 'javax/mail/EventQueue'
15:51:30.434 [Test worker] DEBUG com.tngtech.archunit.core.importer.JavaClassProcessor - Processing class 'javax/mail/event/MailEvent'
15:51:30.435 [Test worker] DEBUG com.tngtech.archunit.core.importer.JavaClassProcessor - Processing class 'com/sun/mail/util/MailLogger'
15:51:30.437 [Test worker] DEBUG com.tngtech.archunit.core.importer.JavaClassProcessor - Processing class 'javax/mail/Store'
15:51:30.438 [Test worker] DEBUG com.tngtech.archunit.core.importer.JavaClassProcessor - Processing class 'javax/mail/NoSuchProviderException'
15:51:30.439 [Test worker] DEBUG com.tngtech.archunit.core.importer.JavaClassProcessor - Processing class 'javax/mail/StreamLoader'
15:51:30.441 [Test worker] DEBUG com.tngtech.archunit.core.importer.JavaClassProcessor - Processing class 'java/util/BitSet'
15:51:30.443 [Test worker] DEBUG com.tngtech.archunit.core.importer.JavaClassProcessor - Processing class 'javax/mail/event/ConnectionEvent'
15:51:30.444 [Test worker] DEBUG com.tngtech.archunit.core.importer.JavaClassProcessor - Processing class 'javax/mail/event/TransportEvent'
15:51:30.445 [Test worker] DEBUG com.tngtech.archunit.core.importer.JavaClassProcessor - Processing class 'java/net/UnknownHostException'
15:51:30.445 [Test worker] DEBUG com.tngtech.archunit.core.importer.JavaClassProcessor - Processing class 'javax/mail/internet/AddressException'
15:51:30.447 [Test worker] DEBUG com.tngtech.archunit.core.importer.JavaClassProcessor - Processing class 'javax/mail/internet/InternetHeaders'
15:51:30.448 [Test worker] DEBUG com.tngtech.archunit.core.importer.JavaClassProcessor - Processing class 'javax/mail/internet/MailDateFormat'
15:51:30.449 [Test worker] DEBUG com.tngtech.archunit.core.importer.JavaClassProcessor - Processing class 'javax/mail/internet/MimeMultipart'
15:51:30.450 [Test worker] DEBUG com.tngtech.archunit.core.importer.JavaClassProcessor - Processing class 'java/io/ByteArrayInputStream'
15:51:30.451 [Test worker] DEBUG com.tngtech.archunit.core.importer.JavaClassProcessor - Processing class 'java/io/BufferedInputStream'
15:51:30.452 [Test worker] DEBUG com.tngtech.archunit.core.importer.JavaClassProcessor - Processing class 'javax/mail/internet/SharedInputStream'
15:51:30.457 [Test worker] DEBUG com.tngtech.archunit.core.importer.JavaClassProcessor - Processing class 'javax/persistence/Index'
15:51:30.458 [Test worker] DEBUG com.tngtech.archunit.core.importer.JavaClassProcessor - Processing class 'javax/persistence/UniqueConstraint'
15:51:30.458 [Test worker] DEBUG com.tngtech.archunit.core.importer.JavaClassProcessor - Processing class 'javax/security/auth/DestroyFailedException'
15:51:30.460 [Test worker] DEBUG com.tngtech.archunit.core.importer.JavaClassProcessor - Processing class 'javax/servlet/FilterConfig'
15:51:30.460 [Test worker] DEBUG com.tngtech.archunit.core.importer.JavaClassProcessor - Processing class 'java/util/EnumSet'
15:51:30.462 [Test worker] DEBUG com.tngtech.archunit.core.importer.JavaClassProcessor - Processing class 'javax/servlet/ServletConfig'
15:51:30.463 [Test worker] DEBUG com.tngtech.archunit.core.importer.JavaClassProcessor - Processing class 'javax/servlet/ServletSecurityElement'
15:51:30.464 [Test worker] DEBUG com.tngtech.archunit.core.importer.JavaClassProcessor - Processing class 'javax/servlet/MultipartConfigElement'
15:51:30.465 [Test worker] DEBUG com.tngtech.archunit.core.importer.JavaClassProcessor - Processing class 'javax/servlet/RequestDispatcher'
15:51:30.466 [Test worker] DEBUG com.tngtech.archunit.core.importer.JavaClassProcessor - Processing class 'javax/servlet/AsyncContext'
15:51:30.467 [Test worker] DEBUG com.tngtech.archunit.core.importer.JavaClassProcessor - Processing class 'javax/servlet/ServletContext'
15:51:30.468 [Test worker] DEBUG com.tngtech.archunit.core.importer.JavaClassProcessor - Processing class 'javax/servlet/ServletInputStream'
15:51:30.468 [Test worker] DEBUG com.tngtech.archunit.core.importer.JavaClassProcessor - Processing class 'java/io/BufferedReader'
15:51:30.469 [Test worker] DEBUG com.tngtech.archunit.core.importer.JavaClassProcessor - Processing class 'javax/servlet/ServletOutputStream'
15:51:30.470 [Test worker] DEBUG com.tngtech.archunit.core.importer.JavaClassProcessor - Processing class 'javax/servlet/http/PushBuilder'
15:51:30.471 [Test worker] DEBUG com.tngtech.archunit.core.importer.JavaClassProcessor - Processing class 'javax/servlet/http/HttpServletMapping'
15:51:30.472 [Test worker] DEBUG com.tngtech.archunit.core.importer.JavaClassProcessor - Processing class 'javax/servlet/http/HttpSession'
15:51:30.474 [Test worker] DEBUG com.tngtech.archunit.core.importer.JavaClassProcessor - Processing class 'javax/servlet/http/Cookie'
15:51:30.474 [Test worker] DEBUG com.tngtech.archunit.core.importer.JavaClassProcessor - Processing class 'java/security/Principal'
15:51:30.476 [Test worker] DEBUG com.tngtech.archunit.core.importer.JavaClassProcessor - Processing class 'javax/servlet/http/WebConnection'
15:51:30.477 [Test worker] DEBUG com.tngtech.archunit.core.importer.JavaClassProcessor - Processing class 'java/security/MessageDigest'
15:51:30.478 [Test worker] DEBUG com.tngtech.archunit.core.importer.JavaClassProcessor - Processing class 'java/io/File'
15:51:30.479 [Test worker] DEBUG com.tngtech.archunit.core.importer.JavaClassProcessor - Processing class 'java/io/RandomAccessFile'
15:51:30.481 [Test worker] DEBUG com.tngtech.archunit.core.importer.JavaClassProcessor - Processing class 'java/nio/file/Path'
15:51:30.482 [Test worker] DEBUG com.tngtech.archunit.core.importer.JavaClassProcessor - Processing class 'java/nio/file/OpenOption'
15:51:30.482 [Test worker] DEBUG com.tngtech.archunit.core.importer.JavaClassProcessor - Processing class 'java/nio/channels/FileChannel'
15:51:30.484 [Test worker] DEBUG com.tngtech.archunit.core.importer.JavaClassProcessor - Processing class 'org/aspectj/lang/reflect/SourceLocation'
15:51:30.486 [Test worker] DEBUG com.tngtech.archunit.core.importer.JavaClassProcessor - Processing class 'org/aspectj/lang/JoinPoint$StaticPart'
15:51:30.487 [Test worker] DEBUG com.tngtech.archunit.core.importer.JavaClassProcessor - Processing class 'org/aspectj/runtime/internal/AroundClosure'
15:51:30.488 [Test worker] DEBUG com.tngtech.archunit.core.importer.JavaClassProcessor - Processing class 'org/slf4j/Marker'
15:51:30.490 [Test worker] DEBUG com.tngtech.archunit.core.importer.JavaClassProcessor - Processing class 'org/slf4j/helpers/NOPLoggerFactory'
15:51:30.490 [Test worker] DEBUG com.tngtech.archunit.core.importer.JavaClassProcessor - Processing class 'org/slf4j/helpers/SubstituteLoggerFactory'
15:51:30.491 [Test worker] DEBUG com.tngtech.archunit.core.importer.JavaClassProcessor - Processing class 'org/slf4j/event/SubstituteLoggingEvent'
15:51:30.492 [Test worker] DEBUG com.tngtech.archunit.core.importer.JavaClassProcessor - Processing class 'org/slf4j/ILoggerFactory'
15:51:30.493 [Test worker] DEBUG com.tngtech.archunit.core.importer.JavaClassProcessor - Processing class 'org/aopalliance/aop/Advice'
15:51:30.494 [Test worker] DEBUG com.tngtech.archunit.core.importer.JavaClassProcessor - Processing class 'org/springframework/aop/ClassFilter'
15:51:30.495 [Test worker] DEBUG com.tngtech.archunit.core.importer.JavaClassProcessor - Processing class 'org/springframework/aop/Pointcut'
15:51:30.496 [Test worker] DEBUG com.tngtech.archunit.core.importer.JavaClassProcessor - Processing class 'org/springframework/beans/factory/NoSuchBeanDefinitionException'
15:51:30.496 [Test worker] DEBUG com.tngtech.archunit.core.importer.JavaClassProcessor - Processing class 'org/springframework/beans/factory/ObjectProvider'
15:51:30.497 [Test worker] DEBUG com.tngtech.archunit.core.importer.JavaClassProcessor - Processing class 'org/springframework/beans/BeansException'
15:51:30.498 [Test worker] DEBUG com.tngtech.archunit.core.importer.JavaClassProcessor - Processing class 'org/springframework/core/ResolvableType'
15:51:30.502 [Test worker] DEBUG com.tngtech.archunit.core.importer.JavaClassProcessor - Processing class 'org/springframework/beans/factory/config/BeanDefinition'
15:51:30.504 [Test worker] DEBUG com.tngtech.archunit.core.importer.JavaClassProcessor - Processing class 'org/springframework/beans/factory/support/BeanDefinitionRegistry'
15:51:30.505 [Test worker] DEBUG com.tngtech.archunit.core.importer.JavaClassProcessor - Processing class 'org/springframework/boot/BootstrapRegistry'
15:51:30.506 [Test worker] DEBUG com.tngtech.archunit.core.importer.JavaClassProcessor - Processing class 'org/springframework/core/metrics/ApplicationStartup'
15:51:30.507 [Test worker] DEBUG com.tngtech.archunit.core.importer.JavaClassProcessor - Processing class 'org/springframework/boot/ApplicationContextFactory'
15:51:30.509 [Test worker] DEBUG com.tngtech.archunit.core.importer.JavaClassProcessor - Processing class 'org/springframework/boot/WebApplicationType'
15:51:30.510 [Test worker] DEBUG com.tngtech.archunit.core.importer.JavaClassProcessor - Processing class 'org/springframework/boot/SpringApplicationShutdownHook'
15:51:30.511 [Test worker] DEBUG com.tngtech.archunit.core.importer.JavaClassProcessor - Processing class 'org/springframework/boot/Banner$Mode'
15:51:30.512 [Test worker] DEBUG com.tngtech.archunit.core.importer.JavaClassProcessor - Processing class 'org/apache/commons/logging/Log'
15:51:30.514 [Test worker] DEBUG com.tngtech.archunit.core.importer.JavaClassProcessor - Processing class 'org/springframework/boot/Banner'
15:51:30.515 [Test worker] DEBUG com.tngtech.archunit.core.importer.JavaClassProcessor - Processing class 'org/springframework/boot/DefaultBootstrapContext'
15:51:30.517 [Test worker] DEBUG com.tngtech.archunit.core.importer.JavaClassProcessor - Processing class 'org/springframework/boot/ExitCodeGenerator'
15:51:30.518 [Test worker] DEBUG com.tngtech.archunit.core.importer.JavaClassProcessor - Processing class 'org/springframework/boot/ApplicationServletEnvironment'
15:51:30.519 [Test worker] DEBUG com.tngtech.archunit.core.importer.JavaClassProcessor - Processing class 'org/springframework/boot/ApplicationReactiveWebEnvironment'
15:51:30.520 [Test worker] DEBUG com.tngtech.archunit.core.importer.JavaClassProcessor - Processing class 'org/springframework/boot/ApplicationEnvironment'
15:51:30.520 [Test worker] DEBUG com.tngtech.archunit.core.importer.JavaClassProcessor - Processing class 'org/springframework/boot/SpringApplicationShutdownHandlers'
15:51:30.521 [Test worker] DEBUG com.tngtech.archunit.core.importer.JavaClassProcessor - Processing class 'org/springframework/boot/ExitCodeExceptionMapper'
15:51:30.523 [Test worker] DEBUG com.tngtech.archunit.core.importer.JavaClassProcessor - Processing class 'org/springframework/boot/ApplicationArguments'
15:51:30.526 [Test worker] DEBUG com.tngtech.archunit.core.importer.JavaClassProcessor - Processing class 'org/springframework/boot/SpringApplicationRunListeners'
15:51:30.528 [Test worker] DEBUG com.tngtech.archunit.core.importer.JavaClassProcessor - Processing class 'org/springframework/beans/factory/support/AbstractAutowireCapableBeanFactory'
15:51:30.531 [Test worker] DEBUG com.tngtech.archunit.core.importer.JavaClassProcessor - Processing class 'org/springframework/beans/factory/support/DefaultListableBeanFactory'
15:51:30.534 [Test worker] DEBUG com.tngtech.archunit.core.importer.JavaClassProcessor - Processing class 'org/springframework/context/support/AbstractApplicationContext'
15:51:30.538 [Test worker] DEBUG com.tngtech.archunit.core.importer.JavaClassProcessor - Processing class 'org/springframework/boot/SpringApplicationRunListener'
15:51:30.539 [Test worker] DEBUG com.tngtech.archunit.core.importer.JavaClassProcessor - Processing class 'org/springframework/boot/CommandLineRunner'
15:51:30.540 [Test worker] DEBUG com.tngtech.archunit.core.importer.JavaClassProcessor - Processing class 'org/springframework/boot/BeanDefinitionLoader'
15:51:30.541 [Test worker] DEBUG com.tngtech.archunit.core.importer.JavaClassProcessor - Processing class 'org/springframework/boot/ApplicationRunner'
15:51:30.543 [Test worker] DEBUG com.tngtech.archunit.core.importer.JavaClassProcessor - Processing class 'org/springframework/boot/SpringBootExceptionHandler'
15:51:30.544 [Test worker] DEBUG com.tngtech.archunit.core.importer.JavaClassProcessor - Processing class 'org/springframework/context/support/GenericApplicationContext'
15:51:30.546 [Test worker] DEBUG com.tngtech.archunit.core.importer.JavaClassProcessor - Processing class 'org/springframework/core/io/DefaultResourceLoader'
15:51:30.547 [Test worker] DEBUG com.tngtech.archunit.core.importer.JavaClassProcessor - Processing class 'org/springframework/core/type/classreading/MetadataReader'
15:51:30.548 [Test worker] DEBUG com.tngtech.archunit.core.importer.JavaClassProcessor - Processing class 'org/springframework/core/type/classreading/MetadataReaderFactory'
15:51:30.549 [Test worker] DEBUG com.tngtech.archunit.core.importer.JavaClassProcessor - Processing class 'org/springframework/boot/autoconfigure/AutoConfigurationMetadata'
15:51:30.550 [Test worker] DEBUG com.tngtech.archunit.core.importer.JavaClassProcessor - Processing class 'org/springframework/boot/autoconfigure/AutoConfigurationImportEvent'
15:51:30.550 [Test worker] DEBUG com.tngtech.archunit.core.importer.JavaClassProcessor - Processing class 'org/springframework/boot/autoconfigure/AutoConfigurationImportSelector$AutoConfigurationEntry'
15:51:30.551 [Test worker] DEBUG com.tngtech.archunit.core.importer.JavaClassProcessor - Processing class 'org/springframework/beans/factory/config/ConfigurableListableBeanFactory'
15:51:30.552 [Test worker] DEBUG com.tngtech.archunit.core.importer.JavaClassProcessor - Processing class 'org/springframework/boot/autoconfigure/AutoConfigurationImportSelector$ConfigurationClassFilter'
15:51:30.553 [Test worker] DEBUG com.tngtech.archunit.core.importer.JavaClassProcessor - Processing class 'org/springframework/core/type/AnnotationMetadata'
15:51:30.554 [Test worker] DEBUG com.tngtech.archunit.core.importer.JavaClassProcessor - Processing class 'org/springframework/core/annotation/AnnotationAttributes'
15:51:30.555 [Test worker] DEBUG com.tngtech.archunit.core.importer.JavaClassProcessor - Processing class 'org/springframework/boot/autoconfigure/AutoConfigurationImportSelector$AutoConfigurationGroup'
15:51:30.557 [Test worker] DEBUG com.tngtech.archunit.core.importer.JavaClassProcessor - Processing class 'org/springframework/boot/autoconfigure/AutoConfigurationPackages$BasePackages'
15:51:30.558 [Test worker] DEBUG com.tngtech.archunit.core.importer.JavaClassProcessor - Processing class 'org/springframework/web/client/ResponseErrorHandler'
15:51:30.559 [Test worker] DEBUG com.tngtech.archunit.core.importer.JavaClassProcessor - Processing class 'org/springframework/web/util/UriTemplateHandler'
15:51:30.560 [Test worker] DEBUG com.tngtech.archunit.core.importer.JavaClassProcessor - Processing class 'org/springframework/boot/web/client/RestTemplateBuilder$RequestFactoryCustomizer'
15:51:30.561 [Test worker] DEBUG com.tngtech.archunit.core.importer.JavaClassProcessor - Processing class 'org/springframework/boot/web/client/BasicAuthentication'
15:51:30.566 [Test worker] DEBUG com.tngtech.archunit.core.importer.JavaClassProcessor - Processing class 'org/springframework/beans/factory/config/AutowireCapableBeanFactory'
15:51:30.568 [Test worker] DEBUG com.tngtech.archunit.core.importer.JavaClassProcessor - Processing class 'org/springframework/core/io/ProtocolResolver'
15:51:30.569 [Test worker] DEBUG com.tngtech.archunit.core.importer.JavaClassProcessor - Processing class 'org/springframework/beans/factory/config/BeanFactoryPostProcessor'
15:51:30.570 [Test worker] DEBUG com.tngtech.archunit.core.importer.JavaClassProcessor - Processing class 'org/springframework/context/NoSuchMessageException'
15:51:30.571 [Test worker] DEBUG com.tngtech.archunit.core.importer.JavaClassProcessor - Processing class 'org/springframework/context/MessageSourceResolvable'
15:51:30.572 [Test worker] DEBUG com.tngtech.archunit.core.importer.JavaClassProcessor - Processing class 'org/springframework/context/annotation/ScopeMetadata'
15:51:30.573 [Test worker] DEBUG com.tngtech.archunit.core.importer.JavaClassProcessor - Processing class 'org/springframework/beans/factory/annotation/AnnotatedBeanDefinition'
15:51:30.574 [Test worker] DEBUG com.tngtech.archunit.core.importer.JavaClassProcessor - Processing class 'org/springframework/context/annotation/Scope'
15:51:30.579 [Test worker] DEBUG com.tngtech.archunit.core.importer.JavaClassProcessor - Processing class 'org/springframework/core/env/MutablePropertySources'
15:51:30.580 [Test worker] DEBUG com.tngtech.archunit.core.importer.JavaClassProcessor - Processing class 'org/springframework/core/convert/support/ConfigurableConversionService'
15:51:30.581 [Test worker] DEBUG com.tngtech.archunit.core.importer.JavaClassProcessor - Processing class 'org/springframework/core/env/Profiles'
15:51:30.582 [Test worker] DEBUG com.tngtech.archunit.core.importer.JavaClassProcessor - Processing class 'org/springframework/core/env/MissingRequiredPropertiesException'
15:51:30.584 [Test worker] DEBUG com.tngtech.archunit.core.importer.JavaClassProcessor - Processing class 'org/springframework/core/io/Resource'
15:51:30.587 [Test worker] DEBUG com.tngtech.archunit.core.importer.JavaClassProcessor - Processing class 'org/springframework/data/domain/Sort'
15:51:30.588 [Test worker] DEBUG com.tngtech.archunit.core.importer.JavaClassProcessor - Processing class 'org/springframework/data/domain/Example'
15:51:30.590 [Test worker] DEBUG com.tngtech.archunit.core.importer.JavaClassProcessor - Processing class 'org/springframework/data/domain/Page'
15:51:30.591 [Test worker] DEBUG com.tngtech.archunit.core.importer.JavaClassProcessor - Processing class 'org/springframework/data/domain/Pageable'
15:51:30.593 [Test worker] DEBUG com.tngtech.archunit.core.importer.JavaClassProcessor - Processing class 'java/text/DecimalFormatSymbols'
15:51:30.594 [Test worker] DEBUG com.tngtech.archunit.core.importer.JavaClassProcessor - Processing class 'java/util/regex/Pattern'
15:51:30.596 [Test worker] DEBUG com.tngtech.archunit.core.importer.JavaClassProcessor - Processing class 'java/net/InetSocketAddress'
15:51:30.597 [Test worker] DEBUG com.tngtech.archunit.core.importer.JavaClassProcessor - Processing class 'org/springframework/http/ReadOnlyHttpHeaders'
15:51:30.598 [Test worker] DEBUG com.tngtech.archunit.core.importer.JavaClassProcessor - Processing class 'org/springframework/http/CacheControl'
15:51:30.599 [Test worker] DEBUG com.tngtech.archunit.core.importer.JavaClassProcessor - Processing class 'org/springframework/http/ContentDisposition'
15:51:30.602 [Test worker] DEBUG com.tngtech.archunit.core.importer.JavaClassProcessor - Processing class 'org/springframework/core/io/InputStreamResource'
15:51:30.603 [Test worker] DEBUG com.tngtech.archunit.core.importer.JavaClassProcessor - Processing class 'org/springframework/http/HttpStatus$Series'
15:51:30.605 [Test worker] DEBUG com.tngtech.archunit.core.importer.JavaClassProcessor - Processing class 'org/springframework/http/ResponseEntity$HeadersBuilder'
15:51:30.606 [Test worker] DEBUG com.tngtech.archunit.core.importer.JavaClassProcessor - Processing class 'org/springframework/http/ResponseEntity$BodyBuilder'
15:51:30.607 [Test worker] DEBUG com.tngtech.archunit.core.importer.JavaClassProcessor - Processing class 'org/springframework/http/ResponseEntity$1'
15:51:30.608 [Test worker] DEBUG com.tngtech.archunit.core.importer.JavaClassProcessor - Processing class 'org/springframework/http/client/ClientHttpResponse'
15:51:30.609 [Test worker] DEBUG com.tngtech.archunit.core.importer.JavaClassProcessor - Processing class 'org/springframework/http/client/ClientHttpRequestExecution'
15:51:30.610 [Test worker] DEBUG com.tngtech.archunit.core.importer.JavaClassProcessor - Processing class 'org/springframework/http/converter/HttpMessageNotWritableException'
15:51:30.611 [Test worker] DEBUG com.tngtech.archunit.core.importer.JavaClassProcessor - Processing class 'org/springframework/http/HttpInputMessage'
15:51:30.611 [Test worker] DEBUG com.tngtech.archunit.core.importer.JavaClassProcessor - Processing class 'org/springframework/http/converter/HttpMessageNotReadableException'
15:51:30.612 [Test worker] DEBUG com.tngtech.archunit.core.importer.JavaClassProcessor - Processing class 'org/springframework/retry/RetryContext'
15:51:30.613 [Test worker] DEBUG com.tngtech.archunit.core.importer.JavaClassProcessor - Processing class 'org/springframework/retry/RetryCallback'
15:51:30.614 [Test worker] DEBUG com.tngtech.archunit.core.importer.JavaClassProcessor - Processing class 'org/springframework/retry/backoff/Sleeper'
15:51:30.615 [Test worker] DEBUG com.tngtech.archunit.core.importer.JavaClassProcessor - Processing class 'org/springframework/retry/policy/RetryContextCache'
15:51:30.615 [Test worker] DEBUG com.tngtech.archunit.core.importer.JavaClassProcessor - Processing class 'org/springframework/retry/interceptor/NewMethodArgumentsIdentifier'
15:51:30.616 [Test worker] DEBUG com.tngtech.archunit.core.importer.JavaClassProcessor - Processing class 'org/springframework/retry/interceptor/MethodArgumentsKeyGenerator'
15:51:30.617 [Test worker] DEBUG com.tngtech.archunit.core.importer.JavaClassProcessor - Processing class 'org/springframework/retry/annotation/AnnotationAwareRetryOperationsInterceptor'
15:51:30.618 [Test worker] DEBUG com.tngtech.archunit.core.importer.JavaClassProcessor - Processing class 'org/springframework/retry/interceptor/Retryable'
15:51:30.619 [Test worker] DEBUG com.tngtech.archunit.core.importer.JavaClassProcessor - Processing class 'org/springframework/retry/annotation/Retryable'
15:51:30.623 [Test worker] DEBUG com.tngtech.archunit.core.importer.JavaClassProcessor - Processing class 'org/springframework/web/client/RestClientException'
15:51:30.624 [Test worker] DEBUG com.tngtech.archunit.core.importer.JavaClassProcessor - Processing class 'org/springframework/core/ParameterizedTypeReference'
15:51:30.625 [Test worker] DEBUG com.tngtech.archunit.core.importer.JavaClassProcessor - Processing class 'org/springframework/web/client/RequestCallback'
15:51:30.626 [Test worker] DEBUG com.tngtech.archunit.core.importer.JavaClassProcessor - Processing class 'org/springframework/web/client/ResponseExtractor'
15:51:30.627 [Test worker] DEBUG com.tngtech.archunit.core.importer.JavaClassProcessor - Processing class 'org/springframework/http/RequestEntity'
15:51:30.629 [Test worker] DEBUG com.tngtech.archunit.core.importer.JavaClassProcessor - Processing class 'org/springframework/web/util/DefaultUriBuilderFactory'
15:51:30.633 [Test worker] DEBUG com.tngtech.archunit.core.importer.JavaClassProcessor - Processing class 'org/springframework/http/RequestEntity$UriTemplateRequestEntity'
15:51:30.634 [Test worker] DEBUG com.tngtech.archunit.core.importer.JavaClassProcessor - Processing class 'org/springframework/web/util/AbstractUriTemplateHandler'
15:51:30.637 [Test worker] DEBUG com.tngtech.archunit.core.importer.JavaClassProcessor - Processing class 'org/springframework/beans/BeanWrapper'
15:51:30.638 [Test worker] DEBUG com.tngtech.archunit.core.importer.JavaClassProcessor - Processing class 'org/thymeleaf/IEngineConfiguration'
15:51:30.639 [Test worker] DEBUG com.tngtech.archunit.core.importer.JavaClassProcessor - Processing class 'org/thymeleaf/IThrottledTemplateProcessor'
15:51:30.640 [Test worker] DEBUG com.tngtech.archunit.core.importer.JavaClassProcessor - Processing class 'org/thymeleaf/TemplateSpec'
15:51:30.641 [Test worker] DEBUG com.tngtech.archunit.core.importer.JavaClassProcessor - Processing class 'org/thymeleaf/templateparser/markup/decoupled/IDecoupledTemplateLogicResolver'
15:51:30.642 [Test worker] DEBUG com.tngtech.archunit.core.importer.JavaClassProcessor - Processing class 'org/thymeleaf/cache/ICacheManager'
15:51:30.643 [Test worker] DEBUG com.tngtech.archunit.core.importer.JavaClassProcessor - Processing class 'org/thymeleaf/context/IEngineContextFactory'
15:51:30.644 [Test worker] DEBUG com.tngtech.archunit.core.importer.JavaClassProcessor - Processing class 'org/thymeleaf/context/IExpressionContext'
15:51:30.645 [Test worker] DEBUG com.tngtech.archunit.core.importer.JavaClassProcessor - Processing class 'org/thymeleaf/context/ITemplateContext'
15:51:30.646 [Test worker] DEBUG com.tngtech.archunit.core.importer.JavaClassProcessor - Processing class 'org/thymeleaf/spring5/dialect/SpringStandardDialect'
15:51:30.647 [Test worker] DEBUG com.tngtech.archunit.core.importer.JavaClassProcessor - Processing class 'org/thymeleaf/templateresolver/TemplateResolution'
15:51:30.648 [Test worker] DEBUG com.tngtech.archunit.core.importer.JavaClassProcessor - Processing class 'sun/util/locale/LocaleSyntaxException'
15:51:30.649 [Test worker] DEBUG com.tngtech.archunit.core.importer.JavaClassProcessor - Processing class 'sun/util/locale/LanguageTag'
15:51:30.649 [Test worker] DEBUG com.tngtech.archunit.core.importer.JavaClassProcessor - Processing class 'sun/util/locale/UnicodeLocaleExtension'
]]></system-out>
  <system-err><![CDATA[]]></system-err>
</testsuite>
