<?xml version="1.0" encoding="UTF-8"?>
<testsuite name="com.uco.TrafficAgent.infrastructure.controller.contact.consult.ConsultContactByProximityTests" tests="2" skipped="0" failures="0" errors="0" timestamp="2023-06-02T15:41:59" hostname="SANTIAGOP-CARDE" time="1.259">
  <properties/>
  <testcase name="consultAllContact()" classname="com.uco.TrafficAgent.infrastructure.controller.contact.consult.ConsultContactByProximityTests" time="0.108"/>
  <testcase name="consultAllEmpty()" classname="com.uco.TrafficAgent.infrastructure.controller.contact.consult.ConsultContactByProximityTests" time="0.032"/>
  <system-out><![CDATA[2023-06-02 10:41:58.223  INFO 19400 --- [    Test worker] o.s.t.c.support.AbstractContextLoader    : Could not detect default resource locations for test class [com.uco.TrafficAgent.infrastructure.controller.contact.consult.ConsultContactByProximityTests]: no resource found for suffixes {-context.xml, Context.groovy}.
2023-06-02 10:41:58.226  INFO 19400 --- [    Test worker] .b.t.c.SpringBootTestContextBootstrapper : Loaded default TestExecutionListener class names from location [META-INF/spring.factories]: [org.springframework.boot.test.autoconfigure.restdocs.RestDocsTestExecutionListener, org.springframework.boot.test.autoconfigure.web.client.MockRestServiceServerResetTestExecutionListener, org.springframework.boot.test.autoconfigure.web.servlet.MockMvcPrintOnlyOnFailureTestExecutionListener, org.springframework.boot.test.autoconfigure.web.servlet.WebDriverTestExecutionListener, org.springframework.boot.test.autoconfigure.webservices.client.MockWebServiceServerTestExecutionListener, org.springframework.boot.test.mock.mockito.MockitoTestExecutionListener, org.springframework.boot.test.mock.mockito.ResetMocksTestExecutionListener, org.springframework.test.context.web.ServletTestExecutionListener, org.springframework.test.context.support.DirtiesContextBeforeModesTestExecutionListener, org.springframework.test.context.event.ApplicationEventsTestExecutionListener, org.springframework.test.context.support.DependencyInjectionTestExecutionListener, org.springframework.test.context.support.DirtiesContextTestExecutionListener, org.springframework.test.context.transaction.TransactionalTestExecutionListener, org.springframework.test.context.jdbc.SqlScriptsTestExecutionListener, org.springframework.test.context.event.EventPublishingTestExecutionListener]
2023-06-02 10:41:58.226  INFO 19400 --- [    Test worker] .b.t.c.SpringBootTestContextBootstrapper : Using TestExecutionListeners: [org.springframework.test.context.web.ServletTestExecutionListener@304cd5fd, org.springframework.test.context.support.DirtiesContextBeforeModesTestExecutionListener@aafc21d, org.springframework.test.context.event.ApplicationEventsTestExecutionListener@53e9d8f4, org.springframework.boot.test.mock.mockito.MockitoTestExecutionListener@161c29be, org.springframework.boot.test.autoconfigure.SpringBootDependencyInjectionTestExecutionListener@40a9f5bd, org.springframework.test.context.support.DirtiesContextTestExecutionListener@3462689f, org.springframework.test.context.transaction.TransactionalTestExecutionListener@2951389f, org.springframework.test.context.jdbc.SqlScriptsTestExecutionListener@5ef7b5d2, org.springframework.test.context.event.EventPublishingTestExecutionListener@51fcb7ac, org.springframework.boot.test.autoconfigure.restdocs.RestDocsTestExecutionListener@76fd1b9c, org.springframework.boot.test.autoconfigure.web.client.MockRestServiceServerResetTestExecutionListener@56c8501c, org.springframework.boot.test.autoconfigure.web.servlet.MockMvcPrintOnlyOnFailureTestExecutionListener@35f22632, org.springframework.boot.test.autoconfigure.web.servlet.WebDriverTestExecutionListener@187b6f7, org.springframework.boot.test.autoconfigure.webservices.client.MockWebServiceServerTestExecutionListener@1fb86ca0, org.springframework.boot.test.mock.mockito.ResetMocksTestExecutionListener@be497fb]

  .   ____          _            __ _ _
 /\\ / ___'_ __ _ _(_)_ __  __ _ \ \ \ \
( ( )\___ | '_ | '_| | '_ \/ _` | \ \ \ \
 \\/  ___)| |_)| | | | | || (_| |  ) ) ) )
  '  |____| .__|_| |_|_| |_\__, | / / / /
 =========|_|==============|___/=/_/_/_/
 :: Spring Boot ::                (v2.6.3)

2023-06-02 10:41:58.249  INFO 19400 --- [    Test worker] T.i.c.c.c.ConsultContactByProximityTests : Starting ConsultContactByProximityTests using Java 18.0.2 on SANTIAGOP-CARDENAS with PID 19400 (started by santiago.cardenas in C:\Users\santiago.cardenas\Desktop\TrafficAgent\TrafficAgent)
2023-06-02 10:41:58.249  INFO 19400 --- [    Test worker] T.i.c.c.c.ConsultContactByProximityTests : The following profiles are active: test
2023-06-02 10:41:58.476  INFO 19400 --- [    Test worker] .s.d.r.c.RepositoryConfigurationDelegate : Bootstrapping Spring Data JPA repositories in DEFAULT mode.
2023-06-02 10:41:58.535  INFO 19400 --- [    Test worker] .s.d.r.c.RepositoryConfigurationDelegate : Finished Spring Data repository scanning in 60 ms. Found 5 JPA repository interfaces.
2023-06-02 10:41:58.713  INFO 19400 --- [    Test worker] o.hibernate.jpa.internal.util.LogHelper  : HHH000204: Processing PersistenceUnitInfo [name: default]
2023-06-02 10:41:58.720  INFO 19400 --- [    Test worker] com.zaxxer.hikari.HikariDataSource       : HikariPool-3 - Starting...
2023-06-02 10:41:58.721  INFO 19400 --- [    Test worker] com.zaxxer.hikari.HikariDataSource       : HikariPool-3 - Start completed.
2023-06-02 10:41:58.721  INFO 19400 --- [    Test worker] org.hibernate.dialect.Dialect            : HHH000400: Using dialect: org.hibernate.dialect.H2Dialect
2023-06-02 10:41:58.806  INFO 19400 --- [    Test worker] o.h.e.t.j.p.i.JtaPlatformInitiator       : HHH000490: Using JtaPlatform implementation: [org.hibernate.engine.transaction.jta.platform.internal.NoJtaPlatform]
2023-06-02 10:41:58.806  INFO 19400 --- [    Test worker] j.LocalContainerEntityManagerFactoryBean : Initialized JPA EntityManagerFactory for persistence unit 'default'
2023-06-02 10:41:59.172  WARN 19400 --- [    Test worker] JpaBaseConfiguration$JpaWebConfiguration : spring.jpa.open-in-view is enabled by default. Therefore, database queries may be performed during view rendering. Explicitly configure spring.jpa.open-in-view to disable this warning
2023-06-02 10:41:59.418  INFO 19400 --- [    Test worker] o.s.b.t.m.w.SpringBootMockServletContext : Initializing Spring TestDispatcherServlet ''
2023-06-02 10:41:59.418  INFO 19400 --- [    Test worker] o.s.t.web.servlet.TestDispatcherServlet  : Initializing Servlet ''
2023-06-02 10:41:59.419  INFO 19400 --- [    Test worker] o.s.t.web.servlet.TestDispatcherServlet  : Completed initialization in 0 ms
2023-06-02 10:41:59.425  INFO 19400 --- [    Test worker] T.i.c.c.c.ConsultContactByProximityTests : Started ConsultContactByProximityTests in 1.197 seconds (JVM running for 14.515)
2023-06-02 10:41:59.442  INFO 19400 --- [    Test worker] c.u.T.i.aspect.LogExecutionAspect        : DtoResponse com.uco.TrafficAgent.infrastructure.repository.login.controller.ComandControllerLogin.login(DtoLogin) executed in 8ms
2023-06-02 10:41:59.536  INFO 19400 --- [    Test worker] j.LocalContainerEntityManagerFactoryBean : Closing JPA EntityManagerFactory for persistence unit 'default'
2023-06-02 10:41:59.537  INFO 19400 --- [    Test worker] com.zaxxer.hikari.HikariDataSource       : HikariPool-3 - Shutdown initiated...
2023-06-02 10:41:59.538  INFO 19400 --- [    Test worker] com.zaxxer.hikari.HikariDataSource       : HikariPool-3 - Shutdown completed.

  .   ____          _            __ _ _
 /\\ / ___'_ __ _ _(_)_ __  __ _ \ \ \ \
( ( )\___ | '_ | '_| | '_ \/ _` | \ \ \ \
 \\/  ___)| |_)| | | | | || (_| |  ) ) ) )
  '  |____| .__|_| |_|_| |_\__, | / / / /
 =========|_|==============|___/=/_/_/_/
 :: Spring Boot ::                (v2.6.3)

2023-06-02 10:41:59.566  INFO 19400 --- [    Test worker] T.i.c.c.c.ConsultContactByProximityTests : Starting ConsultContactByProximityTests using Java 18.0.2 on SANTIAGOP-CARDENAS with PID 19400 (started by santiago.cardenas in C:\Users\santiago.cardenas\Desktop\TrafficAgent\TrafficAgent)
2023-06-02 10:41:59.566  INFO 19400 --- [    Test worker] T.i.c.c.c.ConsultContactByProximityTests : The following profiles are active: test
2023-06-02 10:41:59.744  INFO 19400 --- [    Test worker] .s.d.r.c.RepositoryConfigurationDelegate : Bootstrapping Spring Data JPA repositories in DEFAULT mode.
2023-06-02 10:41:59.796  INFO 19400 --- [    Test worker] .s.d.r.c.RepositoryConfigurationDelegate : Finished Spring Data repository scanning in 51 ms. Found 5 JPA repository interfaces.
2023-06-02 10:41:59.955  INFO 19400 --- [    Test worker] o.hibernate.jpa.internal.util.LogHelper  : HHH000204: Processing PersistenceUnitInfo [name: default]
2023-06-02 10:41:59.963  INFO 19400 --- [    Test worker] com.zaxxer.hikari.HikariDataSource       : HikariPool-4 - Starting...
2023-06-02 10:41:59.965  INFO 19400 --- [    Test worker] com.zaxxer.hikari.HikariDataSource       : HikariPool-4 - Start completed.
2023-06-02 10:41:59.965  INFO 19400 --- [    Test worker] org.hibernate.dialect.Dialect            : HHH000400: Using dialect: org.hibernate.dialect.H2Dialect
2023-06-02 10:42:00.053  INFO 19400 --- [    Test worker] o.h.e.t.j.p.i.JtaPlatformInitiator       : HHH000490: Using JtaPlatform implementation: [org.hibernate.engine.transaction.jta.platform.internal.NoJtaPlatform]
2023-06-02 10:42:00.053  INFO 19400 --- [    Test worker] j.LocalContainerEntityManagerFactoryBean : Initialized JPA EntityManagerFactory for persistence unit 'default'
2023-06-02 10:42:00.442  WARN 19400 --- [    Test worker] JpaBaseConfiguration$JpaWebConfiguration : spring.jpa.open-in-view is enabled by default. Therefore, database queries may be performed during view rendering. Explicitly configure spring.jpa.open-in-view to disable this warning
2023-06-02 10:42:00.646  INFO 19400 --- [    Test worker] o.s.b.t.m.w.SpringBootMockServletContext : Initializing Spring TestDispatcherServlet ''
2023-06-02 10:42:00.646  INFO 19400 --- [    Test worker] o.s.t.web.servlet.TestDispatcherServlet  : Initializing Servlet ''
2023-06-02 10:42:00.647  INFO 19400 --- [    Test worker] o.s.t.web.servlet.TestDispatcherServlet  : Completed initialization in 1 ms
2023-06-02 10:42:00.653  INFO 19400 --- [    Test worker] T.i.c.c.c.ConsultContactByProximityTests : Started ConsultContactByProximityTests in 1.114 seconds (JVM running for 15.743)
2023-06-02 10:42:00.671  INFO 19400 --- [    Test worker] c.u.T.i.aspect.LogExecutionAspect        : DtoResponse com.uco.TrafficAgent.infrastructure.repository.login.controller.ComandControllerLogin.login(DtoLogin) executed in 8ms
2023-06-02 10:42:00.688  INFO 19400 --- [    Test worker] j.LocalContainerEntityManagerFactoryBean : Closing JPA EntityManagerFactory for persistence unit 'default'
2023-06-02 10:42:00.688  INFO 19400 --- [    Test worker] com.zaxxer.hikari.HikariDataSource       : HikariPool-4 - Shutdown initiated...
2023-06-02 10:42:00.689  INFO 19400 --- [    Test worker] com.zaxxer.hikari.HikariDataSource       : HikariPool-4 - Shutdown completed.
]]></system-out>
  <system-err><![CDATA[]]></system-err>
</testsuite>
