<?xml version="1.0" encoding="UTF-8"?>
<testsuite name="com.uco.TrafficAgent.domain.service.contact.ServiceFindListContactByProximityTest" tests="2" skipped="0" failures="0" errors="0" timestamp="2023-04-30T20:17:49" hostname="DESKTOP-LLM13DE" time="0.695">
  <properties/>
  <testcase name="noFindContact()" classname="com.uco.TrafficAgent.domain.service.contact.ServiceFindListContactByProximityTest" time="0.693"/>
  <testcase name="findContactSuccessful()" classname="com.uco.TrafficAgent.domain.service.contact.ServiceFindListContactByProximityTest" time="0.001"/>
  <system-out><![CDATA[]]></system-out>
  <system-err><![CDATA[]]></system-err>
</testsuite>
