<?xml version="1.0" encoding="UTF-8"?>
<testsuite name="com.uco.TrafficAgent.infrastructure.controller.contact.consult.ConsultContactByProximityTests" tests="2" skipped="0" failures="0" errors="0" timestamp="2023-04-30T21:04:48" hostname="DESKTOP-LLM13DE" time="1.684">
  <properties/>
  <testcase name="consultAllContact()" classname="com.uco.TrafficAgent.infrastructure.controller.contact.consult.ConsultContactByProximityTests" time="0.071"/>
  <testcase name="consultAllEmpty()" classname="com.uco.TrafficAgent.infrastructure.controller.contact.consult.ConsultContactByProximityTests" time="0.017"/>
  <system-out><![CDATA[2023-04-30 16:04:47.353  INFO 16844 --- [    Test worker] o.s.t.c.support.AbstractContextLoader    : Could not detect default resource locations for test class [com.uco.TrafficAgent.infrastructure.controller.contact.consult.ConsultContactByProximityTests]: no resource found for suffixes {-context.xml, Context.groovy}.
2023-04-30 16:04:47.357  INFO 16844 --- [    Test worker] .b.t.c.SpringBootTestContextBootstrapper : Loaded default TestExecutionListener class names from location [META-INF/spring.factories]: [org.springframework.boot.test.autoconfigure.restdocs.RestDocsTestExecutionListener, org.springframework.boot.test.autoconfigure.web.client.MockRestServiceServerResetTestExecutionListener, org.springframework.boot.test.autoconfigure.web.servlet.MockMvcPrintOnlyOnFailureTestExecutionListener, org.springframework.boot.test.autoconfigure.web.servlet.WebDriverTestExecutionListener, org.springframework.boot.test.autoconfigure.webservices.client.MockWebServiceServerTestExecutionListener, org.springframework.boot.test.mock.mockito.MockitoTestExecutionListener, org.springframework.boot.test.mock.mockito.ResetMocksTestExecutionListener, org.springframework.test.context.web.ServletTestExecutionListener, org.springframework.test.context.support.DirtiesContextBeforeModesTestExecutionListener, org.springframework.test.context.event.ApplicationEventsTestExecutionListener, org.springframework.test.context.support.DependencyInjectionTestExecutionListener, org.springframework.test.context.support.DirtiesContextTestExecutionListener, org.springframework.test.context.transaction.TransactionalTestExecutionListener, org.springframework.test.context.jdbc.SqlScriptsTestExecutionListener, org.springframework.test.context.event.EventPublishingTestExecutionListener]
2023-04-30 16:04:47.357  INFO 16844 --- [    Test worker] .b.t.c.SpringBootTestContextBootstrapper : Using TestExecutionListeners: [org.springframework.test.context.web.ServletTestExecutionListener@37b15f4d, org.springframework.test.context.support.DirtiesContextBeforeModesTestExecutionListener@2452d973, org.springframework.test.context.event.ApplicationEventsTestExecutionListener@37c1fc40, org.springframework.boot.test.mock.mockito.MockitoTestExecutionListener@7ca11758, org.springframework.boot.test.autoconfigure.SpringBootDependencyInjectionTestExecutionListener@415774b6, org.springframework.test.context.support.DirtiesContextTestExecutionListener@73fca4ae, org.springframework.test.context.transaction.TransactionalTestExecutionListener@4b67756d, org.springframework.test.context.jdbc.SqlScriptsTestExecutionListener@3f88a08e, org.springframework.test.context.event.EventPublishingTestExecutionListener@4580910d, org.springframework.boot.test.autoconfigure.restdocs.RestDocsTestExecutionListener@53cf84c7, org.springframework.boot.test.autoconfigure.web.client.MockRestServiceServerResetTestExecutionListener@23f35fce, org.springframework.boot.test.autoconfigure.web.servlet.MockMvcPrintOnlyOnFailureTestExecutionListener@590517ee, org.springframework.boot.test.autoconfigure.web.servlet.WebDriverTestExecutionListener@18ccfd3a, org.springframework.boot.test.autoconfigure.webservices.client.MockWebServiceServerTestExecutionListener@370aab58, org.springframework.boot.test.mock.mockito.ResetMocksTestExecutionListener@e3e8f58]

  .   ____          _            __ _ _
 /\\ / ___'_ __ _ _(_)_ __  __ _ \ \ \ \
( ( )\___ | '_ | '_| | '_ \/ _` | \ \ \ \
 \\/  ___)| |_)| | | | | || (_| |  ) ) ) )
  '  |____| .__|_| |_|_| |_\__, | / / / /
 =========|_|==============|___/=/_/_/_/
 :: Spring Boot ::                (v2.6.3)

2023-04-30 16:04:47.380  INFO 16844 --- [    Test worker] T.i.c.c.c.ConsultContactByProximityTests : Starting ConsultContactByProximityTests using Java 17.0.6 on DESKTOP-LLM13DE with PID 16844 (started by mateo in C:\Users\mateo\OneDrive\Escritorio\proyectos\software 4\TrafficAgent)
2023-04-30 16:04:47.381  INFO 16844 --- [    Test worker] T.i.c.c.c.ConsultContactByProximityTests : The following profiles are active: test
2023-04-30 16:04:47.567  INFO 16844 --- [    Test worker] .s.d.r.c.RepositoryConfigurationDelegate : Bootstrapping Spring Data JPA repositories in DEFAULT mode.
2023-04-30 16:04:47.611  INFO 16844 --- [    Test worker] .s.d.r.c.RepositoryConfigurationDelegate : Finished Spring Data repository scanning in 44 ms. Found 5 JPA repository interfaces.
2023-04-30 16:04:47.754  INFO 16844 --- [    Test worker] o.hibernate.jpa.internal.util.LogHelper  : HHH000204: Processing PersistenceUnitInfo [name: default]
2023-04-30 16:04:47.760  INFO 16844 --- [    Test worker] com.zaxxer.hikari.HikariDataSource       : HikariPool-3 - Starting...
2023-04-30 16:04:47.761  INFO 16844 --- [    Test worker] com.zaxxer.hikari.HikariDataSource       : HikariPool-3 - Start completed.
2023-04-30 16:04:47.761  INFO 16844 --- [    Test worker] org.hibernate.dialect.Dialect            : HHH000400: Using dialect: org.hibernate.dialect.H2Dialect
2023-04-30 16:04:47.837  INFO 16844 --- [    Test worker] o.h.e.t.j.p.i.JtaPlatformInitiator       : HHH000490: Using JtaPlatform implementation: [org.hibernate.engine.transaction.jta.platform.internal.NoJtaPlatform]
2023-04-30 16:04:47.837  INFO 16844 --- [    Test worker] j.LocalContainerEntityManagerFactoryBean : Initialized JPA EntityManagerFactory for persistence unit 'default'
2023-04-30 16:04:48.101  WARN 16844 --- [    Test worker] JpaBaseConfiguration$JpaWebConfiguration : spring.jpa.open-in-view is enabled by default. Therefore, database queries may be performed during view rendering. Explicitly configure spring.jpa.open-in-view to disable this warning
2023-04-30 16:04:48.384  INFO 16844 --- [    Test worker] o.s.b.t.m.w.SpringBootMockServletContext : Initializing Spring TestDispatcherServlet ''
2023-04-30 16:04:48.384  INFO 16844 --- [    Test worker] o.s.t.web.servlet.TestDispatcherServlet  : Initializing Servlet ''
2023-04-30 16:04:48.385  INFO 16844 --- [    Test worker] o.s.t.web.servlet.TestDispatcherServlet  : Completed initialization in 1 ms
2023-04-30 16:04:48.393  INFO 16844 --- [    Test worker] T.i.c.c.c.ConsultContactByProximityTests : Started ConsultContactByProximityTests in 1.034 seconds (JVM running for 14.662)
2023-04-30 16:04:48.468  INFO 16844 --- [    Test worker] j.LocalContainerEntityManagerFactoryBean : Closing JPA EntityManagerFactory for persistence unit 'default'
2023-04-30 16:04:48.469  INFO 16844 --- [    Test worker] com.zaxxer.hikari.HikariDataSource       : HikariPool-3 - Shutdown initiated...
2023-04-30 16:04:48.469  INFO 16844 --- [    Test worker] com.zaxxer.hikari.HikariDataSource       : HikariPool-3 - Shutdown completed.

  .   ____          _            __ _ _
 /\\ / ___'_ __ _ _(_)_ __  __ _ \ \ \ \
( ( )\___ | '_ | '_| | '_ \/ _` | \ \ \ \
 \\/  ___)| |_)| | | | | || (_| |  ) ) ) )
  '  |____| .__|_| |_|_| |_\__, | / / / /
 =========|_|==============|___/=/_/_/_/
 :: Spring Boot ::                (v2.6.3)

2023-04-30 16:04:48.495  INFO 16844 --- [    Test worker] T.i.c.c.c.ConsultContactByProximityTests : Starting ConsultContactByProximityTests using Java 17.0.6 on DESKTOP-LLM13DE with PID 16844 (started by mateo in C:\Users\mateo\OneDrive\Escritorio\proyectos\software 4\TrafficAgent)
2023-04-30 16:04:48.495  INFO 16844 --- [    Test worker] T.i.c.c.c.ConsultContactByProximityTests : The following profiles are active: test
2023-04-30 16:04:49.283  INFO 16844 --- [    Test worker] .s.d.r.c.RepositoryConfigurationDelegate : Bootstrapping Spring Data JPA repositories in DEFAULT mode.
2023-04-30 16:04:49.329  INFO 16844 --- [    Test worker] .s.d.r.c.RepositoryConfigurationDelegate : Finished Spring Data repository scanning in 46 ms. Found 5 JPA repository interfaces.
2023-04-30 16:04:49.464  INFO 16844 --- [    Test worker] o.hibernate.jpa.internal.util.LogHelper  : HHH000204: Processing PersistenceUnitInfo [name: default]
2023-04-30 16:04:49.471  INFO 16844 --- [    Test worker] com.zaxxer.hikari.HikariDataSource       : HikariPool-4 - Starting...
2023-04-30 16:04:49.471  INFO 16844 --- [    Test worker] com.zaxxer.hikari.HikariDataSource       : HikariPool-4 - Start completed.
2023-04-30 16:04:49.472  INFO 16844 --- [    Test worker] org.hibernate.dialect.Dialect            : HHH000400: Using dialect: org.hibernate.dialect.H2Dialect
2023-04-30 16:04:49.543  INFO 16844 --- [    Test worker] o.h.e.t.j.p.i.JtaPlatformInitiator       : HHH000490: Using JtaPlatform implementation: [org.hibernate.engine.transaction.jta.platform.internal.NoJtaPlatform]
2023-04-30 16:04:49.544  INFO 16844 --- [    Test worker] j.LocalContainerEntityManagerFactoryBean : Initialized JPA EntityManagerFactory for persistence unit 'default'
2023-04-30 16:04:49.780  WARN 16844 --- [    Test worker] JpaBaseConfiguration$JpaWebConfiguration : spring.jpa.open-in-view is enabled by default. Therefore, database queries may be performed during view rendering. Explicitly configure spring.jpa.open-in-view to disable this warning
2023-04-30 16:04:50.057  INFO 16844 --- [    Test worker] o.s.b.t.m.w.SpringBootMockServletContext : Initializing Spring TestDispatcherServlet ''
2023-04-30 16:04:50.057  INFO 16844 --- [    Test worker] o.s.t.web.servlet.TestDispatcherServlet  : Initializing Servlet ''
2023-04-30 16:04:50.057  INFO 16844 --- [    Test worker] o.s.t.web.servlet.TestDispatcherServlet  : Completed initialization in 0 ms
2023-04-30 16:04:50.062  INFO 16844 --- [    Test worker] T.i.c.c.c.ConsultContactByProximityTests : Started ConsultContactByProximityTests in 1.592 seconds (JVM running for 16.332)
2023-04-30 16:04:50.081  INFO 16844 --- [    Test worker] j.LocalContainerEntityManagerFactoryBean : Closing JPA EntityManagerFactory for persistence unit 'default'
2023-04-30 16:04:50.082  INFO 16844 --- [    Test worker] com.zaxxer.hikari.HikariDataSource       : HikariPool-4 - Shutdown initiated...
2023-04-30 16:04:50.082  INFO 16844 --- [    Test worker] com.zaxxer.hikari.HikariDataSource       : HikariPool-4 - Shutdown completed.
]]></system-out>
  <system-err><![CDATA[]]></system-err>
</testsuite>
