<?xml version="1.0" encoding="UTF-8"?>
<testsuite name="com.uco.TrafficAgent.domain.service.report.ServiceSaveReportTest" tests="1" skipped="0" failures="0" errors="0" timestamp="2023-06-02T15:41:50" hostname="SANTIAGOP-CARDE" time="0.001">
  <properties/>
  <testcase name="createUserSuccessful()" classname="com.uco.TrafficAgent.domain.service.report.ServiceSaveReportTest" time="0.001"/>
  <system-out><![CDATA[]]></system-out>
  <system-err><![CDATA[]]></system-err>
</testsuite>
