<?xml version="1.0" encoding="UTF-8"?>
<testsuite name="com.uco.TrafficAgent.domain.service.user.ServiceFindListUserTest" tests="2" skipped="0" failures="0" errors="0" timestamp="2023-05-21T15:11:40" hostname="DESKTOP-7IOCUQU" time="0.011">
  <properties/>
  <testcase name="noFindUser()" classname="com.uco.TrafficAgent.domain.service.user.ServiceFindListUserTest" time="0.006"/>
  <testcase name="findUserSuccessful()" classname="com.uco.TrafficAgent.domain.service.user.ServiceFindListUserTest" time="0.004"/>
  <system-out><![CDATA[]]></system-out>
  <system-err><![CDATA[]]></system-err>
</testsuite>
