<?xml version="1.0" encoding="UTF-8"?>
<testsuite name="com.uco.TrafficAgent.domain.service.contact.ServiceSaveContactTest" tests="2" skipped="0" failures="0" errors="0" timestamp="2023-05-14T20:24:53" hostname="SANTIAGOP-CARDE" time="0.012">
  <properties/>
  <testcase name="createContactSuccessful()" classname="com.uco.TrafficAgent.domain.service.contact.ServiceSaveContactTest" time="0.01"/>
  <testcase name="noCreateContact()" classname="com.uco.TrafficAgent.domain.service.contact.ServiceSaveContactTest" time="0.002"/>
  <system-out><![CDATA[]]></system-out>
  <system-err><![CDATA[]]></system-err>
</testsuite>
