<?xml version="1.0" encoding="UTF-8"?>
<testsuite name="com.uco.TrafficAgent.infrastructure.controller.user.comand.ComandUserTest" tests="10" skipped="0" failures="0" errors="0" timestamp="2023-04-30T21:04:51" hostname="DESKTOP-LLM13DE" time="8.948">
  <properties/>
  <testcase name="noUpdateUserPasswordSizeIncorrect()" classname="com.uco.TrafficAgent.infrastructure.controller.user.comand.ComandUserTest" time="0.027"/>
  <testcase name="updateUserSuccessful()" classname="com.uco.TrafficAgent.infrastructure.controller.user.comand.ComandUserTest" time="0.047"/>
  <testcase name="noCreateUserBecauseItWasAlreadyCreated()" classname="com.uco.TrafficAgent.infrastructure.controller.user.comand.ComandUserTest" time="0.016"/>
  <testcase name="createUserSuccessful()" classname="com.uco.TrafficAgent.infrastructure.controller.user.comand.ComandUserTest" time="0.033"/>
  <testcase name="deleteUserSuccessful()" classname="com.uco.TrafficAgent.infrastructure.controller.user.comand.ComandUserTest" time="0.018"/>
  <testcase name="noCreateUserPasswordIncorrect()" classname="com.uco.TrafficAgent.infrastructure.controller.user.comand.ComandUserTest" time="0.013"/>
  <testcase name="noDeleteUserBecauseNoExists()" classname="com.uco.TrafficAgent.infrastructure.controller.user.comand.ComandUserTest" time="0.013"/>
  <testcase name="noUpdateUserBecauseNoExists()" classname="com.uco.TrafficAgent.infrastructure.controller.user.comand.ComandUserTest" time="0.016"/>
  <testcase name="noCreateUserPasswordSizeIncorrect()" classname="com.uco.TrafficAgent.infrastructure.controller.user.comand.ComandUserTest" time="0.011"/>
  <testcase name="noUpdateUserPasswordPasswordIncorrect()" classname="com.uco.TrafficAgent.infrastructure.controller.user.comand.ComandUserTest" time="0.031"/>
  <system-out><![CDATA[2023-04-30 16:04:50.085  INFO 16844 --- [    Test worker] o.s.t.c.support.AbstractContextLoader    : Could not detect default resource locations for test class [com.uco.TrafficAgent.infrastructure.controller.user.comand.ComandUserTest]: no resource found for suffixes {-context.xml, Context.groovy}.
2023-04-30 16:04:50.087  INFO 16844 --- [    Test worker] .b.t.c.SpringBootTestContextBootstrapper : Loaded default TestExecutionListener class names from location [META-INF/spring.factories]: [org.springframework.boot.test.autoconfigure.restdocs.RestDocsTestExecutionListener, org.springframework.boot.test.autoconfigure.web.client.MockRestServiceServerResetTestExecutionListener, org.springframework.boot.test.autoconfigure.web.servlet.MockMvcPrintOnlyOnFailureTestExecutionListener, org.springframework.boot.test.autoconfigure.web.servlet.WebDriverTestExecutionListener, org.springframework.boot.test.autoconfigure.webservices.client.MockWebServiceServerTestExecutionListener, org.springframework.boot.test.mock.mockito.MockitoTestExecutionListener, org.springframework.boot.test.mock.mockito.ResetMocksTestExecutionListener, org.springframework.test.context.web.ServletTestExecutionListener, org.springframework.test.context.support.DirtiesContextBeforeModesTestExecutionListener, org.springframework.test.context.event.ApplicationEventsTestExecutionListener, org.springframework.test.context.support.DependencyInjectionTestExecutionListener, org.springframework.test.context.support.DirtiesContextTestExecutionListener, org.springframework.test.context.transaction.TransactionalTestExecutionListener, org.springframework.test.context.jdbc.SqlScriptsTestExecutionListener, org.springframework.test.context.event.EventPublishingTestExecutionListener]
2023-04-30 16:04:50.089  INFO 16844 --- [    Test worker] .b.t.c.SpringBootTestContextBootstrapper : Using TestExecutionListeners: [org.springframework.test.context.web.ServletTestExecutionListener@1439bce2, org.springframework.test.context.support.DirtiesContextBeforeModesTestExecutionListener@d7ee75e, org.springframework.test.context.event.ApplicationEventsTestExecutionListener@4a7dec46, org.springframework.boot.test.mock.mockito.MockitoTestExecutionListener@5e4d39e5, org.springframework.boot.test.autoconfigure.SpringBootDependencyInjectionTestExecutionListener@7ca5062, org.springframework.test.context.support.DirtiesContextTestExecutionListener@7df413d2, org.springframework.test.context.transaction.TransactionalTestExecutionListener@58cecff6, org.springframework.test.context.jdbc.SqlScriptsTestExecutionListener@6ffb471b, org.springframework.test.context.event.EventPublishingTestExecutionListener@3a6743c6, org.springframework.boot.test.autoconfigure.restdocs.RestDocsTestExecutionListener@6750bddb, org.springframework.boot.test.autoconfigure.web.client.MockRestServiceServerResetTestExecutionListener@494f6fb8, org.springframework.boot.test.autoconfigure.web.servlet.MockMvcPrintOnlyOnFailureTestExecutionListener@7c393a15, org.springframework.boot.test.autoconfigure.web.servlet.WebDriverTestExecutionListener@7cc02f27, org.springframework.boot.test.autoconfigure.webservices.client.MockWebServiceServerTestExecutionListener@1e1cfb01, org.springframework.boot.test.mock.mockito.ResetMocksTestExecutionListener@2c1c65d5]

  .   ____          _            __ _ _
 /\\ / ___'_ __ _ _(_)_ __  __ _ \ \ \ \
( ( )\___ | '_ | '_| | '_ \/ _` | \ \ \ \
 \\/  ___)| |_)| | | | | || (_| |  ) ) ) )
  '  |____| .__|_| |_|_| |_\__, | / / / /
 =========|_|==============|___/=/_/_/_/
 :: Spring Boot ::                (v2.6.3)

2023-04-30 16:04:50.110  INFO 16844 --- [    Test worker] c.u.T.i.c.user.comand.ComandUserTest     : Starting ComandUserTest using Java 17.0.6 on DESKTOP-LLM13DE with PID 16844 (started by mateo in C:\Users\mateo\OneDrive\Escritorio\proyectos\software 4\TrafficAgent)
2023-04-30 16:04:50.110  INFO 16844 --- [    Test worker] c.u.T.i.c.user.comand.ComandUserTest     : The following profiles are active: test
2023-04-30 16:04:50.357  INFO 16844 --- [    Test worker] .s.d.r.c.RepositoryConfigurationDelegate : Bootstrapping Spring Data JPA repositories in DEFAULT mode.
2023-04-30 16:04:50.423  INFO 16844 --- [    Test worker] .s.d.r.c.RepositoryConfigurationDelegate : Finished Spring Data repository scanning in 63 ms. Found 5 JPA repository interfaces.
2023-04-30 16:04:50.559  INFO 16844 --- [    Test worker] o.hibernate.jpa.internal.util.LogHelper  : HHH000204: Processing PersistenceUnitInfo [name: default]
2023-04-30 16:04:50.565  INFO 16844 --- [    Test worker] com.zaxxer.hikari.HikariDataSource       : HikariPool-5 - Starting...
2023-04-30 16:04:50.566  INFO 16844 --- [    Test worker] com.zaxxer.hikari.HikariDataSource       : HikariPool-5 - Start completed.
2023-04-30 16:04:50.567  INFO 16844 --- [    Test worker] org.hibernate.dialect.Dialect            : HHH000400: Using dialect: org.hibernate.dialect.H2Dialect
2023-04-30 16:04:50.633  INFO 16844 --- [    Test worker] o.h.e.t.j.p.i.JtaPlatformInitiator       : HHH000490: Using JtaPlatform implementation: [org.hibernate.engine.transaction.jta.platform.internal.NoJtaPlatform]
2023-04-30 16:04:50.634  INFO 16844 --- [    Test worker] j.LocalContainerEntityManagerFactoryBean : Initialized JPA EntityManagerFactory for persistence unit 'default'
2023-04-30 16:04:50.864  WARN 16844 --- [    Test worker] JpaBaseConfiguration$JpaWebConfiguration : spring.jpa.open-in-view is enabled by default. Therefore, database queries may be performed during view rendering. Explicitly configure spring.jpa.open-in-view to disable this warning
2023-04-30 16:04:51.199  INFO 16844 --- [    Test worker] o.s.b.t.m.w.SpringBootMockServletContext : Initializing Spring TestDispatcherServlet ''
2023-04-30 16:04:51.199  INFO 16844 --- [    Test worker] o.s.t.web.servlet.TestDispatcherServlet  : Initializing Servlet ''
2023-04-30 16:04:51.200  INFO 16844 --- [    Test worker] o.s.t.web.servlet.TestDispatcherServlet  : Completed initialization in 1 ms
2023-04-30 16:04:51.211  INFO 16844 --- [    Test worker] c.u.T.i.c.user.comand.ComandUserTest     : Started ComandUserTest in 1.12 seconds (JVM running for 17.48)
2023-04-30 16:04:51.239  INFO 16844 --- [    Test worker] j.LocalContainerEntityManagerFactoryBean : Closing JPA EntityManagerFactory for persistence unit 'default'
2023-04-30 16:04:51.239  INFO 16844 --- [    Test worker] com.zaxxer.hikari.HikariDataSource       : HikariPool-5 - Shutdown initiated...
2023-04-30 16:04:51.242  INFO 16844 --- [    Test worker] com.zaxxer.hikari.HikariDataSource       : HikariPool-5 - Shutdown completed.

  .   ____          _            __ _ _
 /\\ / ___'_ __ _ _(_)_ __  __ _ \ \ \ \
( ( )\___ | '_ | '_| | '_ \/ _` | \ \ \ \
 \\/  ___)| |_)| | | | | || (_| |  ) ) ) )
  '  |____| .__|_| |_|_| |_\__, | / / / /
 =========|_|==============|___/=/_/_/_/
 :: Spring Boot ::                (v2.6.3)

2023-04-30 16:04:51.287  INFO 16844 --- [    Test worker] c.u.T.i.c.user.comand.ComandUserTest     : Starting ComandUserTest using Java 17.0.6 on DESKTOP-LLM13DE with PID 16844 (started by mateo in C:\Users\mateo\OneDrive\Escritorio\proyectos\software 4\TrafficAgent)
2023-04-30 16:04:51.287  INFO 16844 --- [    Test worker] c.u.T.i.c.user.comand.ComandUserTest     : The following profiles are active: test
2023-04-30 16:04:51.933  INFO 16844 --- [    Test worker] .s.d.r.c.RepositoryConfigurationDelegate : Bootstrapping Spring Data JPA repositories in DEFAULT mode.
2023-04-30 16:04:51.984  INFO 16844 --- [    Test worker] .s.d.r.c.RepositoryConfigurationDelegate : Finished Spring Data repository scanning in 49 ms. Found 5 JPA repository interfaces.
2023-04-30 16:04:52.119  INFO 16844 --- [    Test worker] o.hibernate.jpa.internal.util.LogHelper  : HHH000204: Processing PersistenceUnitInfo [name: default]
2023-04-30 16:04:52.125  INFO 16844 --- [    Test worker] com.zaxxer.hikari.HikariDataSource       : HikariPool-6 - Starting...
2023-04-30 16:04:52.126  INFO 16844 --- [    Test worker] com.zaxxer.hikari.HikariDataSource       : HikariPool-6 - Start completed.
2023-04-30 16:04:52.126  INFO 16844 --- [    Test worker] org.hibernate.dialect.Dialect            : HHH000400: Using dialect: org.hibernate.dialect.H2Dialect
2023-04-30 16:04:52.199  INFO 16844 --- [    Test worker] o.h.e.t.j.p.i.JtaPlatformInitiator       : HHH000490: Using JtaPlatform implementation: [org.hibernate.engine.transaction.jta.platform.internal.NoJtaPlatform]
2023-04-30 16:04:52.199  INFO 16844 --- [    Test worker] j.LocalContainerEntityManagerFactoryBean : Initialized JPA EntityManagerFactory for persistence unit 'default'
2023-04-30 16:04:52.412  WARN 16844 --- [    Test worker] JpaBaseConfiguration$JpaWebConfiguration : spring.jpa.open-in-view is enabled by default. Therefore, database queries may be performed during view rendering. Explicitly configure spring.jpa.open-in-view to disable this warning
2023-04-30 16:04:52.683  INFO 16844 --- [    Test worker] o.s.b.t.m.w.SpringBootMockServletContext : Initializing Spring TestDispatcherServlet ''
2023-04-30 16:04:52.683  INFO 16844 --- [    Test worker] o.s.t.web.servlet.TestDispatcherServlet  : Initializing Servlet ''
2023-04-30 16:04:52.684  INFO 16844 --- [    Test worker] o.s.t.web.servlet.TestDispatcherServlet  : Completed initialization in 0 ms
2023-04-30 16:04:52.688  INFO 16844 --- [    Test worker] c.u.T.i.c.user.comand.ComandUserTest     : Started ComandUserTest in 1.444 seconds (JVM running for 18.958)
2023-04-30 16:04:52.737  INFO 16844 --- [    Test worker] j.LocalContainerEntityManagerFactoryBean : Closing JPA EntityManagerFactory for persistence unit 'default'
2023-04-30 16:04:52.738  INFO 16844 --- [    Test worker] com.zaxxer.hikari.HikariDataSource       : HikariPool-6 - Shutdown initiated...
2023-04-30 16:04:52.739  INFO 16844 --- [    Test worker] com.zaxxer.hikari.HikariDataSource       : HikariPool-6 - Shutdown completed.

  .   ____          _            __ _ _
 /\\ / ___'_ __ _ _(_)_ __  __ _ \ \ \ \
( ( )\___ | '_ | '_| | '_ \/ _` | \ \ \ \
 \\/  ___)| |_)| | | | | || (_| |  ) ) ) )
  '  |____| .__|_| |_|_| |_\__, | / / / /
 =========|_|==============|___/=/_/_/_/
 :: Spring Boot ::                (v2.6.3)

2023-04-30 16:04:52.759  INFO 16844 --- [    Test worker] c.u.T.i.c.user.comand.ComandUserTest     : Starting ComandUserTest using Java 17.0.6 on DESKTOP-LLM13DE with PID 16844 (started by mateo in C:\Users\mateo\OneDrive\Escritorio\proyectos\software 4\TrafficAgent)
2023-04-30 16:04:52.759  INFO 16844 --- [    Test worker] c.u.T.i.c.user.comand.ComandUserTest     : The following profiles are active: test
2023-04-30 16:04:53.432  INFO 16844 --- [    Test worker] .s.d.r.c.RepositoryConfigurationDelegate : Bootstrapping Spring Data JPA repositories in DEFAULT mode.
2023-04-30 16:04:53.480  INFO 16844 --- [    Test worker] .s.d.r.c.RepositoryConfigurationDelegate : Finished Spring Data repository scanning in 47 ms. Found 5 JPA repository interfaces.
2023-04-30 16:04:53.601  INFO 16844 --- [    Test worker] o.hibernate.jpa.internal.util.LogHelper  : HHH000204: Processing PersistenceUnitInfo [name: default]
2023-04-30 16:04:53.606  INFO 16844 --- [    Test worker] com.zaxxer.hikari.HikariDataSource       : HikariPool-7 - Starting...
2023-04-30 16:04:53.606  INFO 16844 --- [    Test worker] com.zaxxer.hikari.HikariDataSource       : HikariPool-7 - Start completed.
2023-04-30 16:04:53.607  INFO 16844 --- [    Test worker] org.hibernate.dialect.Dialect            : HHH000400: Using dialect: org.hibernate.dialect.H2Dialect
2023-04-30 16:04:53.664  INFO 16844 --- [    Test worker] o.h.e.t.j.p.i.JtaPlatformInitiator       : HHH000490: Using JtaPlatform implementation: [org.hibernate.engine.transaction.jta.platform.internal.NoJtaPlatform]
2023-04-30 16:04:53.664  INFO 16844 --- [    Test worker] j.LocalContainerEntityManagerFactoryBean : Initialized JPA EntityManagerFactory for persistence unit 'default'
2023-04-30 16:04:53.861  WARN 16844 --- [    Test worker] JpaBaseConfiguration$JpaWebConfiguration : spring.jpa.open-in-view is enabled by default. Therefore, database queries may be performed during view rendering. Explicitly configure spring.jpa.open-in-view to disable this warning
2023-04-30 16:04:54.107  INFO 16844 --- [    Test worker] o.s.b.t.m.w.SpringBootMockServletContext : Initializing Spring TestDispatcherServlet ''
2023-04-30 16:04:54.107  INFO 16844 --- [    Test worker] o.s.t.web.servlet.TestDispatcherServlet  : Initializing Servlet ''
2023-04-30 16:04:54.108  INFO 16844 --- [    Test worker] o.s.t.web.servlet.TestDispatcherServlet  : Completed initialization in 1 ms
2023-04-30 16:04:54.113  INFO 16844 --- [    Test worker] c.u.T.i.c.user.comand.ComandUserTest     : Started ComandUserTest in 1.372 seconds (JVM running for 20.383)
2023-04-30 16:04:54.132  INFO 16844 --- [    Test worker] j.LocalContainerEntityManagerFactoryBean : Closing JPA EntityManagerFactory for persistence unit 'default'
2023-04-30 16:04:54.132  INFO 16844 --- [    Test worker] com.zaxxer.hikari.HikariDataSource       : HikariPool-7 - Shutdown initiated...
2023-04-30 16:04:54.133  INFO 16844 --- [    Test worker] com.zaxxer.hikari.HikariDataSource       : HikariPool-7 - Shutdown completed.

  .   ____          _            __ _ _
 /\\ / ___'_ __ _ _(_)_ __  __ _ \ \ \ \
( ( )\___ | '_ | '_| | '_ \/ _` | \ \ \ \
 \\/  ___)| |_)| | | | | || (_| |  ) ) ) )
  '  |____| .__|_| |_|_| |_\__, | / / / /
 =========|_|==============|___/=/_/_/_/
 :: Spring Boot ::                (v2.6.3)

2023-04-30 16:04:54.152  INFO 16844 --- [    Test worker] c.u.T.i.c.user.comand.ComandUserTest     : Starting ComandUserTest using Java 17.0.6 on DESKTOP-LLM13DE with PID 16844 (started by mateo in C:\Users\mateo\OneDrive\Escritorio\proyectos\software 4\TrafficAgent)
2023-04-30 16:04:54.152  INFO 16844 --- [    Test worker] c.u.T.i.c.user.comand.ComandUserTest     : The following profiles are active: test
2023-04-30 16:04:54.322  INFO 16844 --- [    Test worker] .s.d.r.c.RepositoryConfigurationDelegate : Bootstrapping Spring Data JPA repositories in DEFAULT mode.
2023-04-30 16:04:54.365  INFO 16844 --- [    Test worker] .s.d.r.c.RepositoryConfigurationDelegate : Finished Spring Data repository scanning in 42 ms. Found 5 JPA repository interfaces.
2023-04-30 16:04:54.498  INFO 16844 --- [    Test worker] o.hibernate.jpa.internal.util.LogHelper  : HHH000204: Processing PersistenceUnitInfo [name: default]
2023-04-30 16:04:54.504  INFO 16844 --- [    Test worker] com.zaxxer.hikari.HikariDataSource       : HikariPool-8 - Starting...
2023-04-30 16:04:54.505  INFO 16844 --- [    Test worker] com.zaxxer.hikari.HikariDataSource       : HikariPool-8 - Start completed.
2023-04-30 16:04:54.505  INFO 16844 --- [    Test worker] org.hibernate.dialect.Dialect            : HHH000400: Using dialect: org.hibernate.dialect.H2Dialect
2023-04-30 16:04:54.575  INFO 16844 --- [    Test worker] o.h.e.t.j.p.i.JtaPlatformInitiator       : HHH000490: Using JtaPlatform implementation: [org.hibernate.engine.transaction.jta.platform.internal.NoJtaPlatform]
2023-04-30 16:04:54.575  INFO 16844 --- [    Test worker] j.LocalContainerEntityManagerFactoryBean : Initialized JPA EntityManagerFactory for persistence unit 'default'
2023-04-30 16:04:54.775  WARN 16844 --- [    Test worker] JpaBaseConfiguration$JpaWebConfiguration : spring.jpa.open-in-view is enabled by default. Therefore, database queries may be performed during view rendering. Explicitly configure spring.jpa.open-in-view to disable this warning
2023-04-30 16:04:55.006  INFO 16844 --- [    Test worker] o.s.b.t.m.w.SpringBootMockServletContext : Initializing Spring TestDispatcherServlet ''
2023-04-30 16:04:55.006  INFO 16844 --- [    Test worker] o.s.t.web.servlet.TestDispatcherServlet  : Initializing Servlet ''
2023-04-30 16:04:55.007  INFO 16844 --- [    Test worker] o.s.t.web.servlet.TestDispatcherServlet  : Completed initialization in 1 ms
2023-04-30 16:04:55.014  INFO 16844 --- [    Test worker] c.u.T.i.c.user.comand.ComandUserTest     : Started ComandUserTest in 0.879 seconds (JVM running for 21.283)
2023-04-30 16:04:55.048  INFO 16844 --- [    Test worker] j.LocalContainerEntityManagerFactoryBean : Closing JPA EntityManagerFactory for persistence unit 'default'
2023-04-30 16:04:55.048  INFO 16844 --- [    Test worker] com.zaxxer.hikari.HikariDataSource       : HikariPool-8 - Shutdown initiated...
2023-04-30 16:04:55.049  INFO 16844 --- [    Test worker] com.zaxxer.hikari.HikariDataSource       : HikariPool-8 - Shutdown completed.

  .   ____          _            __ _ _
 /\\ / ___'_ __ _ _(_)_ __  __ _ \ \ \ \
( ( )\___ | '_ | '_| | '_ \/ _` | \ \ \ \
 \\/  ___)| |_)| | | | | || (_| |  ) ) ) )
  '  |____| .__|_| |_|_| |_\__, | / / / /
 =========|_|==============|___/=/_/_/_/
 :: Spring Boot ::                (v2.6.3)

2023-04-30 16:04:55.068  INFO 16844 --- [    Test worker] c.u.T.i.c.user.comand.ComandUserTest     : Starting ComandUserTest using Java 17.0.6 on DESKTOP-LLM13DE with PID 16844 (started by mateo in C:\Users\mateo\OneDrive\Escritorio\proyectos\software 4\TrafficAgent)
2023-04-30 16:04:55.068  INFO 16844 --- [    Test worker] c.u.T.i.c.user.comand.ComandUserTest     : The following profiles are active: test
2023-04-30 16:04:55.223  INFO 16844 --- [    Test worker] .s.d.r.c.RepositoryConfigurationDelegate : Bootstrapping Spring Data JPA repositories in DEFAULT mode.
2023-04-30 16:04:55.371  INFO 16844 --- [    Test worker] .s.d.r.c.RepositoryConfigurationDelegate : Finished Spring Data repository scanning in 147 ms. Found 5 JPA repository interfaces.
2023-04-30 16:04:55.486  INFO 16844 --- [    Test worker] o.hibernate.jpa.internal.util.LogHelper  : HHH000204: Processing PersistenceUnitInfo [name: default]
2023-04-30 16:04:55.492  INFO 16844 --- [    Test worker] com.zaxxer.hikari.HikariDataSource       : HikariPool-9 - Starting...
2023-04-30 16:04:55.492  INFO 16844 --- [    Test worker] com.zaxxer.hikari.HikariDataSource       : HikariPool-9 - Start completed.
2023-04-30 16:04:55.493  INFO 16844 --- [    Test worker] org.hibernate.dialect.Dialect            : HHH000400: Using dialect: org.hibernate.dialect.H2Dialect
2023-04-30 16:04:55.547  INFO 16844 --- [    Test worker] o.h.e.t.j.p.i.JtaPlatformInitiator       : HHH000490: Using JtaPlatform implementation: [org.hibernate.engine.transaction.jta.platform.internal.NoJtaPlatform]
2023-04-30 16:04:55.548  INFO 16844 --- [    Test worker] j.LocalContainerEntityManagerFactoryBean : Initialized JPA EntityManagerFactory for persistence unit 'default'
2023-04-30 16:04:55.751  WARN 16844 --- [    Test worker] JpaBaseConfiguration$JpaWebConfiguration : spring.jpa.open-in-view is enabled by default. Therefore, database queries may be performed during view rendering. Explicitly configure spring.jpa.open-in-view to disable this warning
2023-04-30 16:04:55.997  INFO 16844 --- [    Test worker] o.s.b.t.m.w.SpringBootMockServletContext : Initializing Spring TestDispatcherServlet ''
2023-04-30 16:04:55.997  INFO 16844 --- [    Test worker] o.s.t.web.servlet.TestDispatcherServlet  : Initializing Servlet ''
2023-04-30 16:04:55.998  INFO 16844 --- [    Test worker] o.s.t.web.servlet.TestDispatcherServlet  : Completed initialization in 1 ms
2023-04-30 16:04:56.002  INFO 16844 --- [    Test worker] c.u.T.i.c.user.comand.ComandUserTest     : Started ComandUserTest in 0.951 seconds (JVM running for 22.271)
2023-04-30 16:04:56.022  INFO 16844 --- [    Test worker] j.LocalContainerEntityManagerFactoryBean : Closing JPA EntityManagerFactory for persistence unit 'default'
2023-04-30 16:04:56.022  INFO 16844 --- [    Test worker] com.zaxxer.hikari.HikariDataSource       : HikariPool-9 - Shutdown initiated...
2023-04-30 16:04:56.023  INFO 16844 --- [    Test worker] com.zaxxer.hikari.HikariDataSource       : HikariPool-9 - Shutdown completed.

  .   ____          _            __ _ _
 /\\ / ___'_ __ _ _(_)_ __  __ _ \ \ \ \
( ( )\___ | '_ | '_| | '_ \/ _` | \ \ \ \
 \\/  ___)| |_)| | | | | || (_| |  ) ) ) )
  '  |____| .__|_| |_|_| |_\__, | / / / /
 =========|_|==============|___/=/_/_/_/
 :: Spring Boot ::                (v2.6.3)

2023-04-30 16:04:56.041  INFO 16844 --- [    Test worker] c.u.T.i.c.user.comand.ComandUserTest     : Starting ComandUserTest using Java 17.0.6 on DESKTOP-LLM13DE with PID 16844 (started by mateo in C:\Users\mateo\OneDrive\Escritorio\proyectos\software 4\TrafficAgent)
2023-04-30 16:04:56.041  INFO 16844 --- [    Test worker] c.u.T.i.c.user.comand.ComandUserTest     : The following profiles are active: test
2023-04-30 16:04:56.197  INFO 16844 --- [    Test worker] .s.d.r.c.RepositoryConfigurationDelegate : Bootstrapping Spring Data JPA repositories in DEFAULT mode.
2023-04-30 16:04:56.236  INFO 16844 --- [    Test worker] .s.d.r.c.RepositoryConfigurationDelegate : Finished Spring Data repository scanning in 39 ms. Found 5 JPA repository interfaces.
2023-04-30 16:04:56.353  INFO 16844 --- [    Test worker] o.hibernate.jpa.internal.util.LogHelper  : HHH000204: Processing PersistenceUnitInfo [name: default]
2023-04-30 16:04:56.359  INFO 16844 --- [    Test worker] com.zaxxer.hikari.HikariDataSource       : HikariPool-10 - Starting...
2023-04-30 16:04:56.360  INFO 16844 --- [    Test worker] com.zaxxer.hikari.HikariDataSource       : HikariPool-10 - Start completed.
2023-04-30 16:04:56.360  INFO 16844 --- [    Test worker] org.hibernate.dialect.Dialect            : HHH000400: Using dialect: org.hibernate.dialect.H2Dialect
2023-04-30 16:04:56.422  INFO 16844 --- [    Test worker] o.h.e.t.j.p.i.JtaPlatformInitiator       : HHH000490: Using JtaPlatform implementation: [org.hibernate.engine.transaction.jta.platform.internal.NoJtaPlatform]
2023-04-30 16:04:56.422  INFO 16844 --- [    Test worker] j.LocalContainerEntityManagerFactoryBean : Initialized JPA EntityManagerFactory for persistence unit 'default'
2023-04-30 16:04:56.611  WARN 16844 --- [    Test worker] JpaBaseConfiguration$JpaWebConfiguration : spring.jpa.open-in-view is enabled by default. Therefore, database queries may be performed during view rendering. Explicitly configure spring.jpa.open-in-view to disable this warning
2023-04-30 16:04:56.829  INFO 16844 --- [    Test worker] o.s.b.t.m.w.SpringBootMockServletContext : Initializing Spring TestDispatcherServlet ''
2023-04-30 16:04:56.829  INFO 16844 --- [    Test worker] o.s.t.web.servlet.TestDispatcherServlet  : Initializing Servlet ''
2023-04-30 16:04:56.829  INFO 16844 --- [    Test worker] o.s.t.web.servlet.TestDispatcherServlet  : Completed initialization in 0 ms
2023-04-30 16:04:56.834  INFO 16844 --- [    Test worker] c.u.T.i.c.user.comand.ComandUserTest     : Started ComandUserTest in 0.808 seconds (JVM running for 23.103)
2023-04-30 16:04:56.848  INFO 16844 --- [    Test worker] j.LocalContainerEntityManagerFactoryBean : Closing JPA EntityManagerFactory for persistence unit 'default'
2023-04-30 16:04:56.848  INFO 16844 --- [    Test worker] com.zaxxer.hikari.HikariDataSource       : HikariPool-10 - Shutdown initiated...
2023-04-30 16:04:56.849  INFO 16844 --- [    Test worker] com.zaxxer.hikari.HikariDataSource       : HikariPool-10 - Shutdown completed.

  .   ____          _            __ _ _
 /\\ / ___'_ __ _ _(_)_ __  __ _ \ \ \ \
( ( )\___ | '_ | '_| | '_ \/ _` | \ \ \ \
 \\/  ___)| |_)| | | | | || (_| |  ) ) ) )
  '  |____| .__|_| |_|_| |_\__, | / / / /
 =========|_|==============|___/=/_/_/_/
 :: Spring Boot ::                (v2.6.3)

2023-04-30 16:04:56.867  INFO 16844 --- [    Test worker] c.u.T.i.c.user.comand.ComandUserTest     : Starting ComandUserTest using Java 17.0.6 on DESKTOP-LLM13DE with PID 16844 (started by mateo in C:\Users\mateo\OneDrive\Escritorio\proyectos\software 4\TrafficAgent)
2023-04-30 16:04:56.867  INFO 16844 --- [    Test worker] c.u.T.i.c.user.comand.ComandUserTest     : The following profiles are active: test
2023-04-30 16:04:57.029  INFO 16844 --- [    Test worker] .s.d.r.c.RepositoryConfigurationDelegate : Bootstrapping Spring Data JPA repositories in DEFAULT mode.
2023-04-30 16:04:57.085  INFO 16844 --- [    Test worker] .s.d.r.c.RepositoryConfigurationDelegate : Finished Spring Data repository scanning in 55 ms. Found 5 JPA repository interfaces.
2023-04-30 16:04:57.203  INFO 16844 --- [    Test worker] o.hibernate.jpa.internal.util.LogHelper  : HHH000204: Processing PersistenceUnitInfo [name: default]
2023-04-30 16:04:57.208  INFO 16844 --- [    Test worker] com.zaxxer.hikari.HikariDataSource       : HikariPool-11 - Starting...
2023-04-30 16:04:57.209  INFO 16844 --- [    Test worker] com.zaxxer.hikari.HikariDataSource       : HikariPool-11 - Start completed.
2023-04-30 16:04:57.209  INFO 16844 --- [    Test worker] org.hibernate.dialect.Dialect            : HHH000400: Using dialect: org.hibernate.dialect.H2Dialect
2023-04-30 16:04:57.267  INFO 16844 --- [    Test worker] o.h.e.t.j.p.i.JtaPlatformInitiator       : HHH000490: Using JtaPlatform implementation: [org.hibernate.engine.transaction.jta.platform.internal.NoJtaPlatform]
2023-04-30 16:04:57.267  INFO 16844 --- [    Test worker] j.LocalContainerEntityManagerFactoryBean : Initialized JPA EntityManagerFactory for persistence unit 'default'
2023-04-30 16:04:57.451  WARN 16844 --- [    Test worker] JpaBaseConfiguration$JpaWebConfiguration : spring.jpa.open-in-view is enabled by default. Therefore, database queries may be performed during view rendering. Explicitly configure spring.jpa.open-in-view to disable this warning
2023-04-30 16:04:57.669  INFO 16844 --- [    Test worker] o.s.b.t.m.w.SpringBootMockServletContext : Initializing Spring TestDispatcherServlet ''
2023-04-30 16:04:57.669  INFO 16844 --- [    Test worker] o.s.t.web.servlet.TestDispatcherServlet  : Initializing Servlet ''
2023-04-30 16:04:57.669  INFO 16844 --- [    Test worker] o.s.t.web.servlet.TestDispatcherServlet  : Completed initialization in 0 ms
2023-04-30 16:04:57.674  INFO 16844 --- [    Test worker] c.u.T.i.c.user.comand.ComandUserTest     : Started ComandUserTest in 0.823 seconds (JVM running for 23.943)
2023-04-30 16:04:57.686  INFO 16844 --- [    Test worker] j.LocalContainerEntityManagerFactoryBean : Closing JPA EntityManagerFactory for persistence unit 'default'
2023-04-30 16:04:57.687  INFO 16844 --- [    Test worker] com.zaxxer.hikari.HikariDataSource       : HikariPool-11 - Shutdown initiated...
2023-04-30 16:04:57.688  INFO 16844 --- [    Test worker] com.zaxxer.hikari.HikariDataSource       : HikariPool-11 - Shutdown completed.

  .   ____          _            __ _ _
 /\\ / ___'_ __ _ _(_)_ __  __ _ \ \ \ \
( ( )\___ | '_ | '_| | '_ \/ _` | \ \ \ \
 \\/  ___)| |_)| | | | | || (_| |  ) ) ) )
  '  |____| .__|_| |_|_| |_\__, | / / / /
 =========|_|==============|___/=/_/_/_/
 :: Spring Boot ::                (v2.6.3)

2023-04-30 16:04:57.706  INFO 16844 --- [    Test worker] c.u.T.i.c.user.comand.ComandUserTest     : Starting ComandUserTest using Java 17.0.6 on DESKTOP-LLM13DE with PID 16844 (started by mateo in C:\Users\mateo\OneDrive\Escritorio\proyectos\software 4\TrafficAgent)
2023-04-30 16:04:57.706  INFO 16844 --- [    Test worker] c.u.T.i.c.user.comand.ComandUserTest     : The following profiles are active: test
2023-04-30 16:04:57.849  INFO 16844 --- [    Test worker] .s.d.r.c.RepositoryConfigurationDelegate : Bootstrapping Spring Data JPA repositories in DEFAULT mode.
2023-04-30 16:04:57.893  INFO 16844 --- [    Test worker] .s.d.r.c.RepositoryConfigurationDelegate : Finished Spring Data repository scanning in 43 ms. Found 5 JPA repository interfaces.
2023-04-30 16:04:58.004  INFO 16844 --- [    Test worker] o.hibernate.jpa.internal.util.LogHelper  : HHH000204: Processing PersistenceUnitInfo [name: default]
2023-04-30 16:04:58.010  INFO 16844 --- [    Test worker] com.zaxxer.hikari.HikariDataSource       : HikariPool-12 - Starting...
2023-04-30 16:04:58.011  INFO 16844 --- [    Test worker] com.zaxxer.hikari.HikariDataSource       : HikariPool-12 - Start completed.
2023-04-30 16:04:58.011  INFO 16844 --- [    Test worker] org.hibernate.dialect.Dialect            : HHH000400: Using dialect: org.hibernate.dialect.H2Dialect
2023-04-30 16:04:58.068  INFO 16844 --- [    Test worker] o.h.e.t.j.p.i.JtaPlatformInitiator       : HHH000490: Using JtaPlatform implementation: [org.hibernate.engine.transaction.jta.platform.internal.NoJtaPlatform]
2023-04-30 16:04:58.068  INFO 16844 --- [    Test worker] j.LocalContainerEntityManagerFactoryBean : Initialized JPA EntityManagerFactory for persistence unit 'default'
2023-04-30 16:04:58.277  WARN 16844 --- [    Test worker] JpaBaseConfiguration$JpaWebConfiguration : spring.jpa.open-in-view is enabled by default. Therefore, database queries may be performed during view rendering. Explicitly configure spring.jpa.open-in-view to disable this warning
2023-04-30 16:04:58.484  INFO 16844 --- [    Test worker] o.s.b.t.m.w.SpringBootMockServletContext : Initializing Spring TestDispatcherServlet ''
2023-04-30 16:04:58.484  INFO 16844 --- [    Test worker] o.s.t.web.servlet.TestDispatcherServlet  : Initializing Servlet ''
2023-04-30 16:04:58.485  INFO 16844 --- [    Test worker] o.s.t.web.servlet.TestDispatcherServlet  : Completed initialization in 1 ms
2023-04-30 16:04:58.489  INFO 16844 --- [    Test worker] c.u.T.i.c.user.comand.ComandUserTest     : Started ComandUserTest in 0.8 seconds (JVM running for 24.759)
2023-04-30 16:04:58.506  INFO 16844 --- [    Test worker] j.LocalContainerEntityManagerFactoryBean : Closing JPA EntityManagerFactory for persistence unit 'default'
2023-04-30 16:04:58.506  INFO 16844 --- [    Test worker] com.zaxxer.hikari.HikariDataSource       : HikariPool-12 - Shutdown initiated...
2023-04-30 16:04:58.506  INFO 16844 --- [    Test worker] com.zaxxer.hikari.HikariDataSource       : HikariPool-12 - Shutdown completed.

  .   ____          _            __ _ _
 /\\ / ___'_ __ _ _(_)_ __  __ _ \ \ \ \
( ( )\___ | '_ | '_| | '_ \/ _` | \ \ \ \
 \\/  ___)| |_)| | | | | || (_| |  ) ) ) )
  '  |____| .__|_| |_|_| |_\__, | / / / /
 =========|_|==============|___/=/_/_/_/
 :: Spring Boot ::                (v2.6.3)

2023-04-30 16:04:58.524  INFO 16844 --- [    Test worker] c.u.T.i.c.user.comand.ComandUserTest     : Starting ComandUserTest using Java 17.0.6 on DESKTOP-LLM13DE with PID 16844 (started by mateo in C:\Users\mateo\OneDrive\Escritorio\proyectos\software 4\TrafficAgent)
2023-04-30 16:04:58.524  INFO 16844 --- [    Test worker] c.u.T.i.c.user.comand.ComandUserTest     : The following profiles are active: test
2023-04-30 16:04:58.678  INFO 16844 --- [    Test worker] .s.d.r.c.RepositoryConfigurationDelegate : Bootstrapping Spring Data JPA repositories in DEFAULT mode.
2023-04-30 16:04:58.719  INFO 16844 --- [    Test worker] .s.d.r.c.RepositoryConfigurationDelegate : Finished Spring Data repository scanning in 41 ms. Found 5 JPA repository interfaces.
2023-04-30 16:04:58.836  INFO 16844 --- [    Test worker] o.hibernate.jpa.internal.util.LogHelper  : HHH000204: Processing PersistenceUnitInfo [name: default]
2023-04-30 16:04:58.841  INFO 16844 --- [    Test worker] com.zaxxer.hikari.HikariDataSource       : HikariPool-13 - Starting...
2023-04-30 16:04:58.842  INFO 16844 --- [    Test worker] com.zaxxer.hikari.HikariDataSource       : HikariPool-13 - Start completed.
2023-04-30 16:04:58.842  INFO 16844 --- [    Test worker] org.hibernate.dialect.Dialect            : HHH000400: Using dialect: org.hibernate.dialect.H2Dialect
2023-04-30 16:04:58.892  INFO 16844 --- [    Test worker] o.h.e.t.j.p.i.JtaPlatformInitiator       : HHH000490: Using JtaPlatform implementation: [org.hibernate.engine.transaction.jta.platform.internal.NoJtaPlatform]
2023-04-30 16:04:58.892  INFO 16844 --- [    Test worker] j.LocalContainerEntityManagerFactoryBean : Initialized JPA EntityManagerFactory for persistence unit 'default'
2023-04-30 16:04:59.076  WARN 16844 --- [    Test worker] JpaBaseConfiguration$JpaWebConfiguration : spring.jpa.open-in-view is enabled by default. Therefore, database queries may be performed during view rendering. Explicitly configure spring.jpa.open-in-view to disable this warning
2023-04-30 16:04:59.295  INFO 16844 --- [    Test worker] o.s.b.t.m.w.SpringBootMockServletContext : Initializing Spring TestDispatcherServlet ''
2023-04-30 16:04:59.295  INFO 16844 --- [    Test worker] o.s.t.web.servlet.TestDispatcherServlet  : Initializing Servlet ''
2023-04-30 16:04:59.296  INFO 16844 --- [    Test worker] o.s.t.web.servlet.TestDispatcherServlet  : Completed initialization in 1 ms
2023-04-30 16:04:59.300  INFO 16844 --- [    Test worker] c.u.T.i.c.user.comand.ComandUserTest     : Started ComandUserTest in 0.791 seconds (JVM running for 25.569)
2023-04-30 16:04:59.314  INFO 16844 --- [    Test worker] j.LocalContainerEntityManagerFactoryBean : Closing JPA EntityManagerFactory for persistence unit 'default'
2023-04-30 16:04:59.314  INFO 16844 --- [    Test worker] com.zaxxer.hikari.HikariDataSource       : HikariPool-13 - Shutdown initiated...
2023-04-30 16:04:59.314  INFO 16844 --- [    Test worker] com.zaxxer.hikari.HikariDataSource       : HikariPool-13 - Shutdown completed.

  .   ____          _            __ _ _
 /\\ / ___'_ __ _ _(_)_ __  __ _ \ \ \ \
( ( )\___ | '_ | '_| | '_ \/ _` | \ \ \ \
 \\/  ___)| |_)| | | | | || (_| |  ) ) ) )
  '  |____| .__|_| |_|_| |_\__, | / / / /
 =========|_|==============|___/=/_/_/_/
 :: Spring Boot ::                (v2.6.3)

2023-04-30 16:04:59.334  INFO 16844 --- [    Test worker] c.u.T.i.c.user.comand.ComandUserTest     : Starting ComandUserTest using Java 17.0.6 on DESKTOP-LLM13DE with PID 16844 (started by mateo in C:\Users\mateo\OneDrive\Escritorio\proyectos\software 4\TrafficAgent)
2023-04-30 16:04:59.334  INFO 16844 --- [    Test worker] c.u.T.i.c.user.comand.ComandUserTest     : The following profiles are active: test
2023-04-30 16:04:59.482  INFO 16844 --- [    Test worker] .s.d.r.c.RepositoryConfigurationDelegate : Bootstrapping Spring Data JPA repositories in DEFAULT mode.
2023-04-30 16:04:59.524  INFO 16844 --- [    Test worker] .s.d.r.c.RepositoryConfigurationDelegate : Finished Spring Data repository scanning in 40 ms. Found 5 JPA repository interfaces.
2023-04-30 16:04:59.635  INFO 16844 --- [    Test worker] o.hibernate.jpa.internal.util.LogHelper  : HHH000204: Processing PersistenceUnitInfo [name: default]
2023-04-30 16:04:59.640  INFO 16844 --- [    Test worker] com.zaxxer.hikari.HikariDataSource       : HikariPool-14 - Starting...
2023-04-30 16:04:59.641  INFO 16844 --- [    Test worker] com.zaxxer.hikari.HikariDataSource       : HikariPool-14 - Start completed.
2023-04-30 16:04:59.641  INFO 16844 --- [    Test worker] org.hibernate.dialect.Dialect            : HHH000400: Using dialect: org.hibernate.dialect.H2Dialect
2023-04-30 16:04:59.691  INFO 16844 --- [    Test worker] o.h.e.t.j.p.i.JtaPlatformInitiator       : HHH000490: Using JtaPlatform implementation: [org.hibernate.engine.transaction.jta.platform.internal.NoJtaPlatform]
2023-04-30 16:04:59.691  INFO 16844 --- [    Test worker] j.LocalContainerEntityManagerFactoryBean : Initialized JPA EntityManagerFactory for persistence unit 'default'
2023-04-30 16:04:59.863  WARN 16844 --- [    Test worker] JpaBaseConfiguration$JpaWebConfiguration : spring.jpa.open-in-view is enabled by default. Therefore, database queries may be performed during view rendering. Explicitly configure spring.jpa.open-in-view to disable this warning
2023-04-30 16:05:00.090  INFO 16844 --- [    Test worker] o.s.b.t.m.w.SpringBootMockServletContext : Initializing Spring TestDispatcherServlet ''
2023-04-30 16:05:00.091  INFO 16844 --- [    Test worker] o.s.t.web.servlet.TestDispatcherServlet  : Initializing Servlet ''
2023-04-30 16:05:00.091  INFO 16844 --- [    Test worker] o.s.t.web.servlet.TestDispatcherServlet  : Completed initialization in 0 ms
2023-04-30 16:05:00.129  INFO 16844 --- [    Test worker] c.u.T.i.c.user.comand.ComandUserTest     : Started ComandUserTest in 0.814 seconds (JVM running for 26.399)
2023-04-30 16:05:00.142  INFO 16844 --- [    Test worker] j.LocalContainerEntityManagerFactoryBean : Closing JPA EntityManagerFactory for persistence unit 'default'
2023-04-30 16:05:00.142  INFO 16844 --- [    Test worker] com.zaxxer.hikari.HikariDataSource       : HikariPool-14 - Shutdown initiated...
2023-04-30 16:05:00.163  INFO 16844 --- [    Test worker] com.zaxxer.hikari.HikariDataSource       : HikariPool-14 - Shutdown completed.
]]></system-out>
  <system-err><![CDATA[]]></system-err>
</testsuite>
