<?xml version="1.0" encoding="UTF-8"?>
<testsuite name="com.uco.TrafficAgent.infrastructure.controller.contact.comand.ComandContactTest" tests="2" skipped="0" failures="0" errors="0" timestamp="2023-06-02T20:51:48" hostname="DESKTOP-7IOCUQU" time="5.304">
  <properties/>
  <testcase name="noCreateContactBecauseItWasAlreadyCreatedWhitSameNumberPhone()" classname="com.uco.TrafficAgent.infrastructure.controller.contact.comand.ComandContactTest" time="1.784"/>
  <testcase name="createContactSuccessful()" classname="com.uco.TrafficAgent.infrastructure.controller.contact.comand.ComandContactTest" time="0.15"/>
  <system-out><![CDATA[15:51:32.902 [Test worker] DEBUG org.springframework.test.context.BootstrapUtils - Instantiating CacheAwareContextLoaderDelegate from class [org.springframework.test.context.cache.DefaultCacheAwareContextLoaderDelegate]
15:51:32.924 [Test worker] DEBUG org.springframework.test.context.BootstrapUtils - Instantiating BootstrapContext using constructor [public org.springframework.test.context.support.DefaultBootstrapContext(java.lang.Class,org.springframework.test.context.CacheAwareContextLoaderDelegate)]
15:51:33.052 [Test worker] DEBUG org.springframework.test.context.BootstrapUtils - Instantiating TestContextBootstrapper for test class [com.uco.TrafficAgent.infrastructure.controller.contact.comand.ComandContactTest] from class [org.springframework.boot.test.context.SpringBootTestContextBootstrapper]
15:51:33.095 [Test worker] DEBUG org.springframework.test.context.support.AbstractContextLoader - Did not detect default resource location for test class [com.uco.TrafficAgent.infrastructure.controller.contact.comand.ComandContactTest]: class path resource [com/uco/TrafficAgent/infrastructure/controller/contact/comand/ComandContactTest-context.xml] does not exist
15:51:33.096 [Test worker] DEBUG org.springframework.test.context.support.AbstractContextLoader - Did not detect default resource location for test class [com.uco.TrafficAgent.infrastructure.controller.contact.comand.ComandContactTest]: class path resource [com/uco/TrafficAgent/infrastructure/controller/contact/comand/ComandContactTestContext.groovy] does not exist
15:51:33.096 [Test worker] INFO org.springframework.test.context.support.AbstractContextLoader - Could not detect default resource locations for test class [com.uco.TrafficAgent.infrastructure.controller.contact.comand.ComandContactTest]: no resource found for suffixes {-context.xml, Context.groovy}.
15:51:33.560 [Test worker] DEBUG org.springframework.boot.test.context.SpringBootTestContextBootstrapper - @TestExecutionListeners is not present for class [com.uco.TrafficAgent.infrastructure.controller.contact.comand.ComandContactTest]: using defaults.
15:51:33.561 [Test worker] INFO org.springframework.boot.test.context.SpringBootTestContextBootstrapper - Loaded default TestExecutionListener class names from location [META-INF/spring.factories]: [org.springframework.boot.test.autoconfigure.restdocs.RestDocsTestExecutionListener, org.springframework.boot.test.autoconfigure.web.client.MockRestServiceServerResetTestExecutionListener, org.springframework.boot.test.autoconfigure.web.servlet.MockMvcPrintOnlyOnFailureTestExecutionListener, org.springframework.boot.test.autoconfigure.web.servlet.WebDriverTestExecutionListener, org.springframework.boot.test.autoconfigure.webservices.client.MockWebServiceServerTestExecutionListener, org.springframework.boot.test.mock.mockito.MockitoTestExecutionListener, org.springframework.boot.test.mock.mockito.ResetMocksTestExecutionListener, org.springframework.test.context.web.ServletTestExecutionListener, org.springframework.test.context.support.DirtiesContextBeforeModesTestExecutionListener, org.springframework.test.context.event.ApplicationEventsTestExecutionListener, org.springframework.test.context.support.DependencyInjectionTestExecutionListener, org.springframework.test.context.support.DirtiesContextTestExecutionListener, org.springframework.test.context.transaction.TransactionalTestExecutionListener, org.springframework.test.context.jdbc.SqlScriptsTestExecutionListener, org.springframework.test.context.event.EventPublishingTestExecutionListener]
15:51:33.610 [Test worker] INFO org.springframework.boot.test.context.SpringBootTestContextBootstrapper - Using TestExecutionListeners: [org.springframework.test.context.web.ServletTestExecutionListener@752103b0, org.springframework.test.context.support.DirtiesContextBeforeModesTestExecutionListener@226fb937, org.springframework.test.context.event.ApplicationEventsTestExecutionListener@7833bb44, org.springframework.boot.test.mock.mockito.MockitoTestExecutionListener@24dd460, org.springframework.boot.test.autoconfigure.SpringBootDependencyInjectionTestExecutionListener@7f8c6b1a, org.springframework.test.context.support.DirtiesContextTestExecutionListener@2075d3dd, org.springframework.test.context.transaction.TransactionalTestExecutionListener@45f9b50c, org.springframework.test.context.jdbc.SqlScriptsTestExecutionListener@297b9707, org.springframework.test.context.event.EventPublishingTestExecutionListener@3533ed89, org.springframework.boot.test.autoconfigure.restdocs.RestDocsTestExecutionListener@3bd63bc9, org.springframework.boot.test.autoconfigure.web.client.MockRestServiceServerResetTestExecutionListener@338fb86a, org.springframework.boot.test.autoconfigure.web.servlet.MockMvcPrintOnlyOnFailureTestExecutionListener@4639d2b3, org.springframework.boot.test.autoconfigure.web.servlet.WebDriverTestExecutionListener@6ccc2058, org.springframework.boot.test.autoconfigure.webservices.client.MockWebServiceServerTestExecutionListener@664e467b, org.springframework.boot.test.mock.mockito.ResetMocksTestExecutionListener@284cee30]
15:51:33.618 [Test worker] DEBUG org.springframework.test.context.support.AbstractDirtiesContextTestExecutionListener - Before test class: context [DefaultTestContext@36a915fc testClass = ComandContactTest, testInstance = [null], testMethod = [null], testException = [null], mergedContextConfiguration = [WebMergedContextConfiguration@66b9c797 testClass = ComandContactTest, locations = '{}', classes = '{class com.uco.TrafficAgent.infrastructure.ApplicationMock}', contextInitializerClasses = '[]', activeProfiles = '{test}', propertySourceLocations = '{}', propertySourceProperties = '{org.springframework.boot.test.context.SpringBootTestContextBootstrapper=true}', contextCustomizers = set[org.springframework.boot.test.autoconfigure.actuate.metrics.MetricsExportContextCustomizerFactory$DisableMetricExportContextCustomizer@37c05dd9, org.springframework.boot.test.autoconfigure.properties.PropertyMappingContextCustomizer@4b3fa0b3, org.springframework.boot.test.autoconfigure.web.servlet.WebDriverContextCustomizerFactory$Customizer@6cfeec31, [ImportsContextCustomizer@6860cd24 key = [org.springframework.boot.test.autoconfigure.web.servlet.MockMvcAutoConfiguration, org.springframework.boot.test.autoconfigure.web.servlet.MockMvcWebClientAutoConfiguration, org.springframework.boot.test.autoconfigure.web.servlet.MockMvcWebDriverAutoConfiguration, org.springframework.boot.autoconfigure.security.oauth2.client.servlet.OAuth2ClientAutoConfiguration, org.springframework.boot.autoconfigure.security.oauth2.resource.servlet.OAuth2ResourceServerAutoConfiguration, org.springframework.boot.autoconfigure.security.servlet.SecurityAutoConfiguration, org.springframework.boot.autoconfigure.security.servlet.SecurityFilterAutoConfiguration, org.springframework.boot.autoconfigure.security.servlet.UserDetailsServiceAutoConfiguration, org.springframework.boot.test.autoconfigure.web.servlet.MockMvcSecurityConfiguration, org.springframework.boot.test.autoconfigure.web.reactive.WebTestClientAutoConfiguration]], org.springframework.boot.test.context.filter.ExcludeFilterContextCustomizer@23527175, org.springframework.boot.test.json.DuplicateJsonObjectContextCustomizerFactory$DuplicateJsonObjectContextCustomizer@6adfe466, org.springframework.boot.test.mock.mockito.MockitoContextCustomizer@0, org.springframework.boot.test.web.client.TestRestTemplateContextCustomizer@28f196d7, org.springframework.boot.test.context.SpringBootTestArgs@1, org.springframework.boot.test.context.SpringBootTestWebEnvironment@6ecd665], resourceBasePath = 'src/main/webapp', contextLoader = 'org.springframework.boot.test.context.SpringBootContextLoader', parent = [null]], attributes = map['org.springframework.test.context.web.ServletTestExecutionListener.activateListener' -> true]], class annotated with @DirtiesContext [true] with mode [AFTER_EACH_TEST_METHOD].

  .   ____          _            __ _ _
 /\\ / ___'_ __ _ _(_)_ __  __ _ \ \ \ \
( ( )\___ | '_ | '_| | '_ \/ _` | \ \ \ \
 \\/  ___)| |_)| | | | | || (_| |  ) ) ) )
  '  |____| .__|_| |_|_| |_\__, | / / / /
 =========|_|==============|___/=/_/_/_/
 :: Spring Boot ::                (v2.6.3)

2023-06-02 15:51:34.707  INFO 8552 --- [    Test worker] c.u.T.i.c.c.comand.ComandContactTest     : Starting ComandContactTest using Java 17.0.7 on DESKTOP-7IOCUQU with PID 8552 (started by Usuario in C:\Users\Usuario\Desktop\TrafficAgent)
2023-06-02 15:51:34.708  INFO 8552 --- [    Test worker] c.u.T.i.c.c.comand.ComandContactTest     : The following profiles are active: test
2023-06-02 15:51:37.045  INFO 8552 --- [    Test worker] .s.d.r.c.RepositoryConfigurationDelegate : Bootstrapping Spring Data JPA repositories in DEFAULT mode.
2023-06-02 15:51:37.296  INFO 8552 --- [    Test worker] .s.d.r.c.RepositoryConfigurationDelegate : Finished Spring Data repository scanning in 229 ms. Found 5 JPA repository interfaces.
2023-06-02 15:51:40.026  INFO 8552 --- [    Test worker] o.hibernate.jpa.internal.util.LogHelper  : HHH000204: Processing PersistenceUnitInfo [name: default]
2023-06-02 15:51:40.184  INFO 8552 --- [    Test worker] org.hibernate.Version                    : HHH000412: Hibernate ORM core version 5.6.4.Final
2023-06-02 15:51:40.310  INFO 8552 --- [    Test worker] o.hibernate.annotations.common.Version   : HCANN000001: Hibernate Commons Annotations {5.1.2.Final}
2023-06-02 15:51:40.655  INFO 8552 --- [    Test worker] com.zaxxer.hikari.HikariDataSource       : HikariPool-1 - Starting...
2023-06-02 15:51:41.425  INFO 8552 --- [    Test worker] com.zaxxer.hikari.HikariDataSource       : HikariPool-1 - Start completed.
2023-06-02 15:51:41.481  INFO 8552 --- [    Test worker] org.hibernate.dialect.Dialect            : HHH000400: Using dialect: org.hibernate.dialect.H2Dialect
2023-06-02 15:51:43.126  INFO 8552 --- [    Test worker] o.h.e.t.j.p.i.JtaPlatformInitiator       : HHH000490: Using JtaPlatform implementation: [org.hibernate.engine.transaction.jta.platform.internal.NoJtaPlatform]
2023-06-02 15:51:43.146  INFO 8552 --- [    Test worker] j.LocalContainerEntityManagerFactoryBean : Initialized JPA EntityManagerFactory for persistence unit 'default'
2023-06-02 15:51:46.585  WARN 8552 --- [    Test worker] JpaBaseConfiguration$JpaWebConfiguration : spring.jpa.open-in-view is enabled by default. Therefore, database queries may be performed during view rendering. Explicitly configure spring.jpa.open-in-view to disable this warning
2023-06-02 15:51:47.199  INFO 8552 --- [    Test worker] o.s.b.a.w.s.WelcomePageHandlerMapping    : Adding welcome page template: index
2023-06-02 15:51:48.064  INFO 8552 --- [    Test worker] o.s.b.t.m.w.SpringBootMockServletContext : Initializing Spring TestDispatcherServlet ''
2023-06-02 15:51:48.065  INFO 8552 --- [    Test worker] o.s.t.web.servlet.TestDispatcherServlet  : Initializing Servlet ''
2023-06-02 15:51:48.066  INFO 8552 --- [    Test worker] o.s.t.web.servlet.TestDispatcherServlet  : Completed initialization in 1 ms
2023-06-02 15:51:48.104  INFO 8552 --- [    Test worker] c.u.T.i.c.c.comand.ComandContactTest     : Started ComandContactTest in 14.414 seconds (JVM running for 33.438)
2023-06-02 15:51:49.468  INFO 8552 --- [    Test worker] c.u.T.i.aspect.LogExecutionAspect        : DtoResponse com.uco.TrafficAgent.infrastructure.repository.login.controller.ComandControllerLogin.login(DtoLogin) executed in 120ms
2023-06-02 15:51:49.921  INFO 8552 --- [    Test worker] j.LocalContainerEntityManagerFactoryBean : Closing JPA EntityManagerFactory for persistence unit 'default'
2023-06-02 15:51:49.923  INFO 8552 --- [    Test worker] com.zaxxer.hikari.HikariDataSource       : HikariPool-1 - Shutdown initiated...
2023-06-02 15:51:49.928  INFO 8552 --- [    Test worker] com.zaxxer.hikari.HikariDataSource       : HikariPool-1 - Shutdown completed.

  .   ____          _            __ _ _
 /\\ / ___'_ __ _ _(_)_ __  __ _ \ \ \ \
( ( )\___ | '_ | '_| | '_ \/ _` | \ \ \ \
 \\/  ___)| |_)| | | | | || (_| |  ) ) ) )
  '  |____| .__|_| |_|_| |_\__, | / / / /
 =========|_|==============|___/=/_/_/_/
 :: Spring Boot ::                (v2.6.3)

2023-06-02 15:51:49.990  INFO 8552 --- [    Test worker] c.u.T.i.c.c.comand.ComandContactTest     : Starting ComandContactTest using Java 17.0.7 on DESKTOP-7IOCUQU with PID 8552 (started by Usuario in C:\Users\Usuario\Desktop\TrafficAgent)
2023-06-02 15:51:49.990  INFO 8552 --- [    Test worker] c.u.T.i.c.c.comand.ComandContactTest     : The following profiles are active: test
2023-06-02 15:51:50.469  INFO 8552 --- [    Test worker] .s.d.r.c.RepositoryConfigurationDelegate : Bootstrapping Spring Data JPA repositories in DEFAULT mode.
2023-06-02 15:51:50.574  INFO 8552 --- [    Test worker] .s.d.r.c.RepositoryConfigurationDelegate : Finished Spring Data repository scanning in 104 ms. Found 5 JPA repository interfaces.
2023-06-02 15:51:51.072  INFO 8552 --- [    Test worker] o.hibernate.jpa.internal.util.LogHelper  : HHH000204: Processing PersistenceUnitInfo [name: default]
2023-06-02 15:51:51.090  INFO 8552 --- [    Test worker] com.zaxxer.hikari.HikariDataSource       : HikariPool-2 - Starting...
2023-06-02 15:51:51.091  INFO 8552 --- [    Test worker] com.zaxxer.hikari.HikariDataSource       : HikariPool-2 - Start completed.
2023-06-02 15:51:51.092  INFO 8552 --- [    Test worker] org.hibernate.dialect.Dialect            : HHH000400: Using dialect: org.hibernate.dialect.H2Dialect
2023-06-02 15:51:51.332  INFO 8552 --- [    Test worker] o.h.e.t.j.p.i.JtaPlatformInitiator       : HHH000490: Using JtaPlatform implementation: [org.hibernate.engine.transaction.jta.platform.internal.NoJtaPlatform]
2023-06-02 15:51:51.333  INFO 8552 --- [    Test worker] j.LocalContainerEntityManagerFactoryBean : Initialized JPA EntityManagerFactory for persistence unit 'default'
2023-06-02 15:51:52.410  WARN 8552 --- [    Test worker] JpaBaseConfiguration$JpaWebConfiguration : spring.jpa.open-in-view is enabled by default. Therefore, database queries may be performed during view rendering. Explicitly configure spring.jpa.open-in-view to disable this warning
2023-06-02 15:51:52.686  INFO 8552 --- [    Test worker] o.s.b.a.w.s.WelcomePageHandlerMapping    : Adding welcome page template: index
2023-06-02 15:51:53.273  INFO 8552 --- [    Test worker] o.s.b.t.m.w.SpringBootMockServletContext : Initializing Spring TestDispatcherServlet ''
2023-06-02 15:51:53.273  INFO 8552 --- [    Test worker] o.s.t.web.servlet.TestDispatcherServlet  : Initializing Servlet ''
2023-06-02 15:51:53.275  INFO 8552 --- [    Test worker] o.s.t.web.servlet.TestDispatcherServlet  : Completed initialization in 2 ms
2023-06-02 15:51:53.292  INFO 8552 --- [    Test worker] c.u.T.i.c.c.comand.ComandContactTest     : Started ComandContactTest in 3.357 seconds (JVM running for 38.626)
2023-06-02 15:51:53.368  INFO 8552 --- [    Test worker] c.u.T.i.aspect.LogExecutionAspect        : DtoResponse com.uco.TrafficAgent.infrastructure.repository.login.controller.ComandControllerLogin.login(DtoLogin) executed in 11ms
2023-06-02 15:51:53.446  INFO 8552 --- [    Test worker] j.LocalContainerEntityManagerFactoryBean : Closing JPA EntityManagerFactory for persistence unit 'default'
2023-06-02 15:51:53.447  INFO 8552 --- [    Test worker] com.zaxxer.hikari.HikariDataSource       : HikariPool-2 - Shutdown initiated...
2023-06-02 15:51:53.449  INFO 8552 --- [    Test worker] com.zaxxer.hikari.HikariDataSource       : HikariPool-2 - Shutdown completed.
]]></system-out>
  <system-err><![CDATA[]]></system-err>
</testsuite>
