<?xml version="1.0" encoding="UTF-8"?>
<testsuite name="com.uco.TrafficAgent.architecture.ArchitectureCleanTest" tests="4" skipped="0" failures="0" errors="0" timestamp="2023-05-24T02:07:29" hostname="DESKTOP-7IOCUQU" time="12.863">
  <properties/>
  <testcase name="layersChecks()" classname="com.uco.TrafficAgent.architecture.ArchitectureCleanTest" time="1.684"/>
  <testcase name="contractShouldBeOnlyInterface()" classname="com.uco.TrafficAgent.architecture.ArchitectureCleanTest" time="0.052"/>
  <testcase name="controllersWithAnnotation()" classname="com.uco.TrafficAgent.architecture.ArchitectureCleanTest" time="0.104"/>
  <testcase name="domainDependsOnlyJava()" classname="com.uco.TrafficAgent.architecture.ArchitectureCleanTest" time="0.022"/>
  <system-out><![CDATA[21:07:17.145 [Test worker] INFO com.tngtech.archunit.core.PluginLoader - Detected Java version 17
21:07:17.235 [Test worker] DEBUG com.tngtech.archunit.core.PluginLoader - Current Java version is compatible to JAVA_9 => Loading Plugin com.tngtech.archunit.core.importer.ModuleImportPlugin
21:07:17.456 [Test worker] DEBUG com.tngtech.archunit.core.importer.UrlSource$From - Found URLs on sun.boot.class.path: []
21:07:17.523 [Test worker] DEBUG com.tngtech.archunit.core.importer.UrlSource$From - Found URLs on java.class.path: [jar:file:/C:/Users/Usuario/.gradle/caches/7.6.1/workerMain/gradle-worker.jar!/, file:/C:/Users/Usuario/Desktop/TrafficAgent/build/classes/java/test/, file:/C:/Users/Usuario/Desktop/TrafficAgent/build/resources/test/, file:/C:/Users/Usuario/Desktop/TrafficAgent/build/classes/java/main/, file:/C:/Users/Usuario/Desktop/TrafficAgent/build/resources/main/, jar:file:/C:/Users/Usuario/.gradle/caches/modules-2/files-2.1/org.springframework.boot/spring-boot-starter-web/2.6.3/ceb6e909c144daf9e792069f5f0efd105c8712a/spring-boot-starter-web-2.6.3.jar!/, jar:file:/C:/Users/Usuario/.gradle/caches/modules-2/files-2.1/org.springframework.boot/spring-boot-starter-undertow/2.6.3/988095d74254727e400818c46de206242a427de5/spring-boot-starter-undertow-2.6.3.jar!/, jar:file:/C:/Users/Usuario/.gradle/caches/modules-2/files-2.1/org.springframework.boot/spring-boot-starter-data-jpa/2.6.3/74c60a724e4f81c7527b848ee24e91ba6facfe24/spring-boot-starter-data-jpa-2.6.3.jar!/, jar:file:/C:/Users/Usuario/.gradle/caches/modules-2/files-2.1/org.postgresql/postgresql/42.3.1/9ca7df660e875b91c78e3d1608d4d7469ad3470c/postgresql-42.3.1.jar!/, jar:file:/C:/Users/Usuario/.gradle/caches/modules-2/files-2.1/org.springframework.retry/spring-retry/2.0.0/6a7a653901b58eb741692417f33b5bebedbd01f7/spring-retry-2.0.0.jar!/, jar:file:/C:/Users/Usuario/.gradle/caches/modules-2/files-2.1/io.jsonwebtoken/jjwt/0.9.1/54d2abfc3e63a28824d35bf600d6a5d627da681a/jjwt-0.9.1.jar!/, jar:file:/C:/Users/Usuario/.gradle/caches/modules-2/files-2.1/com.auth0/java-jwt/4.2.1/904306772bb7d43750527f84d7b23589a1f9ab12/java-jwt-4.2.1.jar!/, jar:file:/C:/Users/Usuario/.gradle/caches/modules-2/files-2.1/commons-codec/commons-codec/1.15/49d94806b6e3dc933dacbd8acb0fdbab8ebd1e5d/commons-codec-1.15.jar!/, jar:file:/C:/Users/Usuario/.gradle/caches/modules-2/files-2.1/org.springframework.boot/spring-boot-starter-aop/2.6.3/338cbbfe2667aea23d95672093e05b5f54630c5a/spring-boot-starter-aop-2.6.3.jar!/, jar:file:/C:/Users/Usuario/.gradle/caches/modules-2/files-2.1/com.h2database/h2/2.1.214/d5c2005c9e3279201e12d4776c948578b16bf8b2/h2-2.1.214.jar!/, jar:file:/C:/Users/Usuario/.gradle/caches/modules-2/files-2.1/org.springframework.boot/spring-boot-starter-test/2.6.3/1ac659fc8c6d7285218b7ff79d67b87736f4ddf2/spring-boot-starter-test-2.6.3.jar!/, jar:file:/C:/Users/Usuario/.gradle/caches/modules-2/files-2.1/com.tngtech.archunit/archunit-junit5/1.0.0/d381ade9436d047877181fe50f508318e6a5a8/archunit-junit5-1.0.0.jar!/, jar:file:/C:/Users/Usuario/.gradle/caches/modules-2/files-2.1/org.springframework.boot/spring-boot-starter-json/2.6.3/b43885849bde2ad5d436c5acdd43b21730f9c676/spring-boot-starter-json-2.6.3.jar!/, jar:file:/C:/Users/Usuario/.gradle/caches/modules-2/files-2.1/org.springframework.boot/spring-boot-starter-jdbc/2.6.3/17871ef6920a3decad5f10181b2baf198ea2b787/spring-boot-starter-jdbc-2.6.3.jar!/, jar:file:/C:/Users/Usuario/.gradle/caches/modules-2/files-2.1/org.springframework.boot/spring-boot-starter/2.6.3/1211af6e300c0584e01c7a9a75e585ac0aec6ea6/spring-boot-starter-2.6.3.jar!/, jar:file:/C:/Users/Usuario/.gradle/caches/modules-2/files-2.1/org.springframework/spring-webmvc/5.3.15/28307dda4cb5fbeb6f7d7e7c846f464da0eba955/spring-webmvc-5.3.15.jar!/, jar:file:/C:/Users/Usuario/.gradle/caches/modules-2/files-2.1/org.springframework/spring-web/5.3.15/a228b373eff7fe34e868827ab02c91b8bf7a643e/spring-web-5.3.15.jar!/, jar:file:/C:/Users/Usuario/.gradle/caches/modules-2/files-2.1/io.undertow/undertow-websockets-jsr/2.2.14.Final/fffc3ffff1880fd695c22164d37bd16dc1dc4b7e/undertow-websockets-jsr-2.2.14.Final.jar!/, jar:file:/C:/Users/Usuario/.gradle/caches/modules-2/files-2.1/io.undertow/undertow-servlet/2.2.14.Final/8354ab1476d85dec5ee743a0f40b113cf29a55b8/undertow-servlet-2.2.14.Final.jar!/, jar:file:/C:/Users/Usuario/.gradle/caches/modules-2/files-2.1/io.undertow/undertow-core/2.2.14.Final/deb02123fba830230d1837a1e6b3731607196a41/undertow-core-2.2.14.Final.jar!/, jar:file:/C:/Users/Usuario/.gradle/caches/modules-2/files-2.1/jakarta.servlet/jakarta.servlet-api/4.0.4/b8a1142e04838fe54194049c6e7a18dae8f9b960/jakarta.servlet-api-4.0.4.jar!/, jar:file:/C:/Users/Usuario/.gradle/caches/modules-2/files-2.1/jakarta.websocket/jakarta.websocket-api/1.1.2/69c2fdfb75081cc935bc9d6c5616d12b0b73815f/jakarta.websocket-api-1.1.2.jar!/, jar:file:/C:/Users/Usuario/.gradle/caches/modules-2/files-2.1/org.apache.tomcat.embed/tomcat-embed-el/9.0.56/8e4f28f714693ad4e158e61f41371d4e4c6b4e23/tomcat-embed-el-9.0.56.jar!/, jar:file:/C:/Users/Usuario/.gradle/caches/modules-2/files-2.1/jakarta.transaction/jakarta.transaction-api/1.3.3/c4179d48720a1e87202115fbed6089bdc4195405/jakarta.transaction-api-1.3.3.jar!/, jar:file:/C:/Users/Usuario/.gradle/caches/modules-2/files-2.1/jakarta.persistence/jakarta.persistence-api/2.2.3/8f6ea5daedc614f07a3654a455660145286f024e/jakarta.persistence-api-2.2.3.jar!/, jar:file:/C:/Users/Usuario/.gradle/caches/modules-2/files-2.1/org.hibernate/hibernate-core/5.6.4.Final/a21d3a313d8fa4dbf2d05aa50ef3157a8081e83f/hibernate-core-5.6.4.Final.jar!/, jar:file:/C:/Users/Usuario/.gradle/caches/modules-2/files-2.1/org.springframework.data/spring-data-jpa/2.6.1/70eef23d3c1ba594749867edb9c89832da8f923c/spring-data-jpa-2.6.1.jar!/, jar:file:/C:/Users/Usuario/.gradle/caches/modules-2/files-2.1/org.springframework/spring-aspects/5.3.15/d1e42bac0f61ad50f633c13f8bcab905a66313af/spring-aspects-5.3.15.jar!/, jar:file:/C:/Users/Usuario/.gradle/caches/modules-2/files-2.1/org.checkerframework/checker-qual/3.5.0/2f50520c8abea66fbd8d26e481d3aef5c673b510/checker-qual-3.5.0.jar!/, jar:file:/C:/Users/Usuario/.gradle/caches/modules-2/files-2.1/com.fasterxml.jackson.datatype/jackson-datatype-jsr310/2.13.1/1ece5a87b59701328215e0083448b4d451857cbd/jackson-datatype-jsr310-2.13.1.jar!/, jar:file:/C:/Users/Usuario/.gradle/caches/modules-2/files-2.1/com.fasterxml.jackson.module/jackson-module-parameter-names/2.13.1/cbeec2259213c555ef451a2e05f35ed1dbfbf799/jackson-module-parameter-names-2.13.1.jar!/, jar:file:/C:/Users/Usuario/.gradle/caches/modules-2/files-2.1/com.fasterxml.jackson.core/jackson-annotations/2.13.1/1cbcbe4623113e6af92ccaa89884a345270f1a87/jackson-annotations-2.13.1.jar!/, jar:file:/C:/Users/Usuario/.gradle/caches/modules-2/files-2.1/com.fasterxml.jackson.core/jackson-core/2.13.1/51ae921a2ed1e06ca8876f12f32f265e83c0b2b8/jackson-core-2.13.1.jar!/, jar:file:/C:/Users/Usuario/.gradle/caches/modules-2/files-2.1/com.fasterxml.jackson.datatype/jackson-datatype-jdk8/2.13.1/8ecfa9bcd714269fdf22c33f9fd00d0643bd0e21/jackson-datatype-jdk8-2.13.1.jar!/, jar:file:/C:/Users/Usuario/.gradle/caches/modules-2/files-2.1/com.fasterxml.jackson.core/jackson-databind/2.13.1/698b2d2b15d9a1b7aae025f1d9f576842285e7f6/jackson-databind-2.13.1.jar!/, jar:file:/C:/Users/Usuario/.gradle/caches/modules-2/files-2.1/org.springframework.boot/spring-boot-test-autoconfigure/2.6.3/c903465682a6cd69adbc83feb8e8bfa26c51e6ae/spring-boot-test-autoconfigure-2.6.3.jar!/, jar:file:/C:/Users/Usuario/.gradle/caches/modules-2/files-2.1/org.springframework.boot/spring-boot-test/2.6.3/93b38ba8d4f027a7eda8c28dbe8f77b712de1142/spring-boot-test-2.6.3.jar!/, jar:file:/C:/Users/Usuario/.gradle/caches/modules-2/files-2.1/org.springframework.boot/spring-boot-autoconfigure/2.6.3/8bf96f63e9479b5a1c17d1fa05b149bb5ed050e2/spring-boot-autoconfigure-2.6.3.jar!/, jar:file:/C:/Users/Usuario/.gradle/caches/modules-2/files-2.1/org.springframework.boot/spring-boot/2.6.3/f1127e8a70ba7b9f12581e79ea963b739059bf55/spring-boot-2.6.3.jar!/, jar:file:/C:/Users/Usuario/.gradle/caches/modules-2/files-2.1/org.springframework/spring-context/5.3.15/80a12b7dcb3332fbd65c3649249fd35561ffc561/spring-context-5.3.15.jar!/, jar:file:/C:/Users/Usuario/.gradle/caches/modules-2/files-2.1/org.springframework/spring-aop/5.3.15/195966e1f4260f89696e668856ebfd9a1bc76404/spring-aop-5.3.15.jar!/, jar:file:/C:/Users/Usuario/.gradle/caches/modules-2/files-2.1/org.aspectj/aspectjweaver/1.9.7/158f5c255cd3e4408e795b79f7c3fbae9b53b7ca/aspectjweaver-1.9.7.jar!/, jar:file:/C:/Users/Usuario/.gradle/caches/modules-2/files-2.1/com.jayway.jsonpath/json-path/2.6.0/67f565b424f7903a12d4f5b9361b11462ecacdac/json-path-2.6.0.jar!/, jar:file:/C:/Users/Usuario/.gradle/caches/modules-2/files-2.1/org.glassfish.jaxb/jaxb-runtime/2.3.5/a169a961a2bb9ac69517ec1005e451becf5cdfab/jaxb-runtime-2.3.5.jar!/, jar:file:/C:/Users/Usuario/.gradle/caches/modules-2/files-2.1/jakarta.xml.bind/jakarta.xml.bind-api/2.3.3/48e3b9cfc10752fba3521d6511f4165bea951801/jakarta.xml.bind-api-2.3.3.jar!/, jar:file:/C:/Users/Usuario/.gradle/caches/modules-2/files-2.1/org.assertj/assertj-core/3.21.0/27a14d6d22c4e3d58f799fb2a5ca8eaf53e6942a/assertj-core-3.21.0.jar!/, jar:file:/C:/Users/Usuario/.gradle/caches/modules-2/files-2.1/org.hamcrest/hamcrest/2.2/1820c0968dba3a11a1b30669bb1f01978a91dedc/hamcrest-2.2.jar!/, jar:file:/C:/Users/Usuario/.gradle/caches/modules-2/files-2.1/org.mockito/mockito-junit-jupiter/4.0.0/b76de25bd6e5d8f7924d0536729c0076e37e9396/mockito-junit-jupiter-4.0.0.jar!/, jar:file:/C:/Users/Usuario/.gradle/caches/modules-2/files-2.1/org.junit.jupiter/junit-jupiter-params/5.8.2/ddeafe92fc263f895bfb73ffeca7fd56e23c2cce/junit-jupiter-params-5.8.2.jar!/, jar:file:/C:/Users/Usuario/.gradle/caches/modules-2/files-2.1/org.junit.jupiter/junit-jupiter-engine/5.8.2/c598b4328d2f397194d11df3b1648d68d7d990e3/junit-jupiter-engine-5.8.2.jar!/, jar:file:/C:/Users/Usuario/.gradle/caches/modules-2/files-2.1/org.junit.jupiter/junit-jupiter-api/5.8.2/4c21029217adf07e4c0d0c5e192b6bf610c94bdc/junit-jupiter-api-5.8.2.jar!/, jar:file:/C:/Users/Usuario/.gradle/caches/modules-2/files-2.1/com.tngtech.archunit/archunit-junit5-engine/1.0.0/c942ce334f410062298100f834a767f765ac7a8e/archunit-junit5-engine-1.0.0.jar!/, jar:file:/C:/Users/Usuario/.gradle/caches/modules-2/files-2.1/com.tngtech.archunit/archunit-junit5-engine-api/1.0.0/f2fcf7191e65bda73cb14b510e380d0c4e55c9c8/archunit-junit5-engine-api-1.0.0.jar!/, jar:file:/C:/Users/Usuario/.gradle/caches/modules-2/files-2.1/org.junit.platform/junit-platform-engine/1.8.2/b737de09f19864bd136805c84df7999a142fec29/junit-platform-engine-1.8.2.jar!/, jar:file:/C:/Users/Usuario/.gradle/caches/modules-2/files-2.1/org.junit.platform/junit-platform-commons/1.8.2/32c8b8617c1342376fd5af2053da6410d8866861/junit-platform-commons-1.8.2.jar!/, jar:file:/C:/Users/Usuario/.gradle/caches/modules-2/files-2.1/org.junit.jupiter/junit-jupiter/5.8.2/5a817b1e63f1217e5c586090c45e681281f097ad/junit-jupiter-5.8.2.jar!/, jar:file:/C:/Users/Usuario/.gradle/caches/modules-2/files-2.1/org.mockito/mockito-core/4.0.0/f5195e0c4a45716bbd2d1d29173adbd148acce3a/mockito-core-4.0.0.jar!/, jar:file:/C:/Users/Usuario/.gradle/caches/modules-2/files-2.1/org.skyscreamer/jsonassert/1.5.0/6c9d5fe2f59da598d9aefc1cfc6528ff3cf32df3/jsonassert-1.5.0.jar!/, jar:file:/C:/Users/Usuario/.gradle/caches/modules-2/files-2.1/org.springframework/spring-test/5.3.15/1efef59ebbf51bc072d08c5854b1d5cbb1c29b65/spring-test-5.3.15.jar!/, jar:file:/C:/Users/Usuario/.gradle/caches/modules-2/files-2.1/org.springframework/spring-orm/5.3.15/edddfcbf3bd2a3cc8b5316329f16dcf88cec33b5/spring-orm-5.3.15.jar!/, jar:file:/C:/Users/Usuario/.gradle/caches/modules-2/files-2.1/org.springframework/spring-jdbc/5.3.15/2c7883bb9a50e37f177cdc3e064e88325f97bd36/spring-jdbc-5.3.15.jar!/, jar:file:/C:/Users/Usuario/.gradle/caches/modules-2/files-2.1/org.springframework.data/spring-data-commons/2.6.1/ba24a3b88e26191b25031cefb8de458deed05551/spring-data-commons-2.6.1.jar!/, jar:file:/C:/Users/Usuario/.gradle/caches/modules-2/files-2.1/org.springframework/spring-tx/5.3.15/27b8c1f0a896dc2f7d1629556b06f55f2a07351d/spring-tx-5.3.15.jar!/, jar:file:/C:/Users/Usuario/.gradle/caches/modules-2/files-2.1/org.springframework/spring-beans/5.3.15/a88e2ccfe8b131bcff2e643b90d52f6d928e7369/spring-beans-5.3.15.jar!/, jar:file:/C:/Users/Usuario/.gradle/caches/modules-2/files-2.1/org.springframework/spring-expression/5.3.15/362f36bbc4c4b46cc2e4f219df22d08945000c2/spring-expression-5.3.15.jar!/, jar:file:/C:/Users/Usuario/.gradle/caches/modules-2/files-2.1/org.springframework/spring-core/5.3.15/e813c2311465672d3089fc7be8dbbadb04e64d6b/spring-core-5.3.15.jar!/, jar:file:/C:/Users/Usuario/.gradle/caches/modules-2/files-2.1/org.xmlunit/xmlunit-core/2.8.4/35be57989ca80eefa03161b211630e319a8f36c6/xmlunit-core-2.8.4.jar!/, jar:file:/C:/Users/Usuario/.gradle/caches/modules-2/files-2.1/com.tngtech.archunit/archunit-junit5-api/1.0.0/f537a0cb4156e374e436009cf7e8e07062929b32/archunit-junit5-api-1.0.0.jar!/, jar:file:/C:/Users/Usuario/.gradle/caches/modules-2/files-2.1/org.springframework.boot/spring-boot-starter-logging/2.6.3/86599127b1e69a6180014cbeed8297ba26e8c6aa/spring-boot-starter-logging-2.6.3.jar!/, jar:file:/C:/Users/Usuario/.gradle/caches/modules-2/files-2.1/jakarta.annotation/jakarta.annotation-api/1.3.5/59eb84ee0d616332ff44aba065f3888cf002cd2d/jakarta.annotation-api-1.3.5.jar!/, jar:file:/C:/Users/Usuario/.gradle/caches/modules-2/files-2.1/org.yaml/snakeyaml/1.29/6d0cdafb2010f1297e574656551d7145240f6e25/snakeyaml-1.29.jar!/, jar:file:/C:/Users/Usuario/.gradle/caches/modules-2/files-2.1/org.hibernate.common/hibernate-commons-annotations/5.1.2.Final/e59ffdbc6ad09eeb33507b39ffcf287679a498c8/hibernate-commons-annotations-5.1.2.Final.jar!/, jar:file:/C:/Users/Usuario/.gradle/caches/modules-2/files-2.1/org.jboss.xnio/xnio-nio/3.8.4.Final/109d7de9a4d995ed9f46e1409520ace346fe2fc4/xnio-nio-3.8.4.Final.jar!/, jar:file:/C:/Users/Usuario/.gradle/caches/modules-2/files-2.1/org.jboss.xnio/xnio-api/3.8.4.Final/8714f2bf19f6e5fa7e36e8516dcb4606ef152e4d/xnio-api-3.8.4.Final.jar!/, jar:file:/C:/Users/Usuario/.gradle/caches/modules-2/files-2.1/org.wildfly.client/wildfly-client-config/1.0.1.Final/2a803b23c40a0de0f03a90d1fd3755747bc05f4b/wildfly-client-config-1.0.1.Final.jar!/, jar:file:/C:/Users/Usuario/.gradle/caches/modules-2/files-2.1/org.jboss.threads/jboss-threads/3.1.0.Final/9b260c0302f637a84a52d3d118214a3c59217615/jboss-threads-3.1.0.Final.jar!/, jar:file:/C:/Users/Usuario/.gradle/caches/modules-2/files-2.1/org.jboss.logging/jboss-logging/3.4.3.Final/c4bd7e12a745c0e7f6cf98c45cdcdf482fd827ea/jboss-logging-3.4.3.Final.jar!/, jar:file:/C:/Users/Usuario/.gradle/caches/modules-2/files-2.1/com.zaxxer/HikariCP/4.0.3/107cbdf0db6780a065f895ae9d8fbf3bb0e1c21f/HikariCP-4.0.3.jar!/, jar:file:/C:/Users/Usuario/.gradle/caches/modules-2/files-2.1/net.bytebuddy/byte-buddy/1.11.22/8b4c7fa5562a09da1c2a9ab0873cb51f5034d83f/byte-buddy-1.11.22.jar!/, jar:file:/C:/Users/Usuario/.gradle/caches/modules-2/files-2.1/antlr/antlr/2.7.7/83cd2cd674a217ade95a4bb83a8a14f351f48bd0/antlr-2.7.7.jar!/, jar:file:/C:/Users/Usuario/.gradle/caches/modules-2/files-2.1/org.jboss/jandex/2.4.2.Final/1e1c385990b258ff1a24c801e84aebbacf70eb39/jandex-2.4.2.Final.jar!/, jar:file:/C:/Users/Usuario/.gradle/caches/modules-2/files-2.1/com.fasterxml/classmate/1.5.1/3fe0bed568c62df5e89f4f174c101eab25345b6c/classmate-1.5.1.jar!/, jar:file:/C:/Users/Usuario/.gradle/caches/modules-2/files-2.1/com.tngtech.archunit/archunit/1.0.0/27ab69819bc5bb588e9881144763b9a3b1ed15a2/archunit-1.0.0.jar!/, jar:file:/C:/Users/Usuario/.gradle/caches/modules-2/files-2.1/ch.qos.logback/logback-classic/1.2.10/f69d97ef3335c6ab82fc21dfb77ac613f90c1221/logback-classic-1.2.10.jar!/, jar:file:/C:/Users/Usuario/.gradle/caches/modules-2/files-2.1/org.apache.logging.log4j/log4j-to-slf4j/2.17.1/3619fd18278a1a895c1dca8c5be002768071a20e/log4j-to-slf4j-2.17.1.jar!/, jar:file:/C:/Users/Usuario/.gradle/caches/modules-2/files-2.1/org.slf4j/jul-to-slf4j/1.7.33/53fd89b530d41b8f6744c754de1c9b02e82f2d7/jul-to-slf4j-1.7.33.jar!/, jar:file:/C:/Users/Usuario/.gradle/caches/modules-2/files-2.1/org.slf4j/slf4j-api/1.7.33/d375aa1b98d34d5ddf73a3f19eaad66e98975b12/slf4j-api-1.7.33.jar!/, jar:file:/C:/Users/Usuario/.gradle/caches/modules-2/files-2.1/net.minidev/json-smart/2.4.7/8d7f4c1530c07c54930935f3da85f48b83b3c109/json-smart-2.4.7.jar!/, jar:file:/C:/Users/Usuario/.gradle/caches/modules-2/files-2.1/jakarta.activation/jakarta.activation-api/1.2.2/99f53adba383cb1bf7c3862844488574b559621f/jakarta.activation-api-1.2.2.jar!/, jar:file:/C:/Users/Usuario/.gradle/caches/modules-2/files-2.1/net.bytebuddy/byte-buddy-agent/1.11.22/2fbcf3210dfc09b42242e3b66a5281cc5b9adb80/byte-buddy-agent-1.11.22.jar!/, jar:file:/C:/Users/Usuario/.gradle/caches/modules-2/files-2.1/org.objenesis/objenesis/3.2/7fadf57620c8b8abdf7519533e5527367cb51f09/objenesis-3.2.jar!/, jar:file:/C:/Users/Usuario/.gradle/caches/modules-2/files-2.1/com.vaadin.external.google/android-json/0.0.20131108.vaadin1/fa26d351fe62a6a17f5cda1287c1c6110dec413f/android-json-0.0.20131108.vaadin1.jar!/, jar:file:/C:/Users/Usuario/.gradle/caches/modules-2/files-2.1/org.springframework/spring-jcl/5.3.15/88da960b4fcbd28621aea8b9911976adc06afce4/spring-jcl-5.3.15.jar!/, jar:file:/C:/Users/Usuario/.gradle/caches/modules-2/files-2.1/org.wildfly.common/wildfly-common/1.5.2.Final/8eba40cfe86bcfcc223551e75201e6e7574c7c36/wildfly-common-1.5.2.Final.jar!/, jar:file:/C:/Users/Usuario/.gradle/caches/modules-2/files-2.1/org.glassfish.jaxb/txw2/2.3.5/ec8930fa62e7b1758b1664d135f50c7abe86a4a3/txw2-2.3.5.jar!/, jar:file:/C:/Users/Usuario/.gradle/caches/modules-2/files-2.1/com.sun.istack/istack-commons-runtime/3.0.12/cbbe1a62b0cc6c85972e99d52aaee350153dc530/istack-commons-runtime-3.0.12.jar!/, jar:file:/C:/Users/Usuario/.gradle/caches/modules-2/files-2.1/com.sun.activation/jakarta.activation/1.2.2/74548703f9851017ce2f556066659438019e7eb5/jakarta.activation-1.2.2.jar!/, jar:file:/C:/Users/Usuario/.gradle/caches/modules-2/files-2.1/net.minidev/accessors-smart/2.4.7/3970cfc505e6657ca60f3aa57c849f6043000d7a/accessors-smart-2.4.7.jar!/, jar:file:/C:/Users/Usuario/.gradle/caches/modules-2/files-2.1/org.opentest4j/opentest4j/1.2.0/28c11eb91f9b6d8e200631d46e20a7f407f2a046/opentest4j-1.2.0.jar!/, jar:file:/C:/Users/Usuario/.gradle/caches/modules-2/files-2.1/ch.qos.logback/logback-core/1.2.10/5328406bfcae7bcdcc86810fcb2920d2c297170d/logback-core-1.2.10.jar!/, jar:file:/C:/Users/Usuario/.gradle/caches/modules-2/files-2.1/org.apache.logging.log4j/log4j-api/2.17.1/d771af8e336e372fb5399c99edabe0919aeaf5b2/log4j-api-2.17.1.jar!/, jar:file:/C:/Users/Usuario/.gradle/caches/modules-2/files-2.1/org.ow2.asm/asm/9.1/a99500cf6eea30535eeac6be73899d048f8d12a8/asm-9.1.jar!/]
21:07:20.561 [Test worker] DEBUG com.tngtech.archunit.ArchConfiguration - No configuration found in classpath at archunit.properties => Using default configuration
21:07:20.904 [Test worker] DEBUG com.tngtech.archunit.core.importer.JavaClassProcessor - Processing class 'com/uco/TrafficAgent/domain/model/Report'
21:07:21.380 [Test worker] DEBUG com.tngtech.archunit.core.importer.JavaClassProcessor - Processing class 'com/uco/TrafficAgent/domain/service/contact/ServiceListsAllByProximityContact'
21:07:21.494 [Test worker] DEBUG com.tngtech.archunit.core.importer.JavaClassProcessor - Processing class 'com/uco/TrafficAgent/infrastructure/repository/contact/adapter/entity/EntityContact'
21:07:21.547 [Test worker] DEBUG com.tngtech.archunit.core.importer.JavaClassProcessor - Processing class 'com/uco/TrafficAgent/domain/validator/ValidatorObjects'
21:07:21.550 [Test worker] DEBUG com.tngtech.archunit.core.importer.JavaClassProcessor - Processing class 'com/uco/TrafficAgent/domain/dto/DtoContactSummary'
21:07:21.555 [Test worker] DEBUG com.tngtech.archunit.core.importer.JavaClassProcessor - Processing class 'com/uco/TrafficAgent/domain/port/contact/RepositoryContact'
21:07:21.558 [Test worker] DEBUG com.tngtech.archunit.core.importer.JavaClassProcessor - Processing class 'com/uco/TrafficAgent/domain/service/token/ServiceGenerateToken'
21:07:21.561 [Test worker] DEBUG com.tngtech.archunit.core.importer.JavaClassProcessor - Processing class 'com/uco/TrafficAgent/infrastructure/aspect/SecuredAspect'
21:07:21.568 [Test worker] DEBUG com.tngtech.archunit.core.importer.JavaClassProcessor - Processing class 'com/uco/TrafficAgent/application/mapper/user/impl/MapperApplicationUserImpl'
21:07:21.616 [Test worker] DEBUG com.tngtech.archunit.core.importer.JavaClassProcessor - Processing class 'com/uco/TrafficAgent/infrastructure/filter/FilterAuth'
21:07:21.634 [Test worker] DEBUG com.tngtech.archunit.core.importer.JavaClassProcessor - Processing class 'com/uco/TrafficAgent/application/service/login/dto/DtoLogin'
21:07:21.638 [Test worker] DEBUG com.tngtech.archunit.core.importer.JavaClassProcessor - Processing class 'com/uco/TrafficAgent/infrastructure/service/token/ServiceValidateToken'
21:07:21.640 [Test worker] DEBUG com.tngtech.archunit.core.importer.JavaClassProcessor - Processing class 'com/uco/TrafficAgent/infrastructure/error/ErrorHandler'
21:07:21.649 [Test worker] DEBUG com.tngtech.archunit.core.importer.JavaClassProcessor - Processing class 'com/uco/TrafficAgent/infrastructure/configuration/model/BeanServiceContact'
21:07:21.668 [Test worker] DEBUG com.tngtech.archunit.core.importer.JavaClassProcessor - Processing class 'com/uco/TrafficAgent/application/mapper/MapperApplicationObject'
21:07:21.680 [Test worker] DEBUG com.tngtech.archunit.core.importer.JavaClassProcessor - Processing class 'com/uco/TrafficAgent/domain/port/report/RepositoryReport'
21:07:21.697 [Test worker] DEBUG com.tngtech.archunit.core.importer.JavaClassProcessor - Processing class 'com/uco/TrafficAgent/application/service/user/comand/ServiceApplicationSaveUser'
21:07:21.701 [Test worker] DEBUG com.tngtech.archunit.core.importer.JavaClassProcessor - Processing class 'com/uco/TrafficAgent/infrastructure/service/token/ServiceValidateTokenJWT'
21:07:21.710 [Test worker] DEBUG com.tngtech.archunit.core.importer.JavaClassProcessor - Processing class 'com/uco/TrafficAgent/infrastructure/error/Error'
21:07:21.716 [Test worker] DEBUG com.tngtech.archunit.core.importer.JavaClassProcessor - Processing class 'com/uco/TrafficAgent/application/service/DtoResponse'
21:07:21.722 [Test worker] DEBUG com.tngtech.archunit.core.importer.JavaClassProcessor - Processing class 'com/uco/TrafficAgent/infrastructure/repository/user/adapter/repository/RepositoryUserDB'
21:07:21.752 [Test worker] DEBUG com.tngtech.archunit.core.importer.JavaClassProcessor - Processing class 'com/uco/TrafficAgent/application/service/report/consult/ServiceApplicationListAllReportByUser'
21:07:21.793 [Test worker] DEBUG com.tngtech.archunit.core.importer.JavaClassProcessor - Processing class 'com/uco/TrafficAgent/application/service/user/comand/dto/DtoRolUser'
21:07:21.817 [Test worker] DEBUG com.tngtech.archunit.core.importer.JavaClassProcessor - Processing class 'com/uco/TrafficAgent/domain/dto/DtoCurrentUser'
21:07:21.875 [Test worker] DEBUG com.tngtech.archunit.core.importer.JavaClassProcessor - Processing class 'com/uco/TrafficAgent/domain/model/TypeIdentification'
21:07:21.881 [Test worker] DEBUG com.tngtech.archunit.core.importer.JavaClassProcessor - Processing class 'com/uco/TrafficAgent/domain/port/user/RepositoryUser'
21:07:21.916 [Test worker] DEBUG com.tngtech.archunit.core.importer.JavaClassProcessor - Processing class 'com/uco/TrafficAgent/infrastructure/configuration/general/ConfigurationSecurity'
21:07:21.930 [Test worker] DEBUG com.tngtech.archunit.core.importer.JavaClassProcessor - Processing class 'com/uco/TrafficAgent/infrastructure/repository/rol/adapter/entity/EntityRol'
21:07:21.934 [Test worker] DEBUG com.tngtech.archunit.core.importer.JavaClassProcessor - Processing class 'com/uco/TrafficAgent/application/service/user/comand/ServiceApplicationDeleteUser'
21:07:21.937 [Test worker] DEBUG com.tngtech.archunit.core.importer.JavaClassProcessor - Processing class 'com/uco/TrafficAgent/domain/dto/DtoReportSummary'
21:07:21.941 [Test worker] DEBUG com.tngtech.archunit.core.importer.JavaClassProcessor - Processing class 'com/uco/TrafficAgent/domain/dto/DtoUserSummary'
21:07:21.955 [Test worker] DEBUG com.tngtech.archunit.core.importer.JavaClassProcessor - Processing class 'com/uco/TrafficAgent/infrastructure/repository/report/controller/ConsultControllerReport'
21:07:21.961 [Test worker] DEBUG com.tngtech.archunit.core.importer.JavaClassProcessor - Processing class 'com/uco/TrafficAgent/infrastructure/repository/type/adapter/entity/EntityTypeId'
21:07:21.964 [Test worker] DEBUG com.tngtech.archunit.core.importer.JavaClassProcessor - Processing class 'com/uco/TrafficAgent/infrastructure/repository/user/adapter/repository/jpa/RepositoryUserJpa'
21:07:21.967 [Test worker] DEBUG com.tngtech.archunit.core.importer.JavaClassProcessor - Processing class 'com/uco/TrafficAgent/infrastructure/repository/contact/controller/ComandControllerContact'
21:07:21.971 [Test worker] DEBUG com.tngtech.archunit.core.importer.JavaClassProcessor - Processing class 'com/uco/TrafficAgent/infrastructure/repository/report/controller/ComandControllerReport'
21:07:21.974 [Test worker] DEBUG com.tngtech.archunit.core.importer.JavaClassProcessor - Processing class 'com/uco/TrafficAgent/application/service/user/consult/ServiceApplicationListAllUser'
21:07:21.977 [Test worker] DEBUG com.tngtech.archunit.core.importer.JavaClassProcessor - Processing class 'com/uco/TrafficAgent/infrastructure/aspect/exception/ExceptionUserUnauthorized'
21:07:21.979 [Test worker] DEBUG com.tngtech.archunit.core.importer.JavaClassProcessor - Processing class 'com/uco/TrafficAgent/infrastructure/repository/report/adapter/repository/RepositoryReportDB'
21:07:21.986 [Test worker] DEBUG com.tngtech.archunit.core.importer.JavaClassProcessor - Processing class 'com/uco/TrafficAgent/domain/service/user/ServiceDeleteUser'
21:07:21.989 [Test worker] DEBUG com.tngtech.archunit.core.importer.JavaClassProcessor - Processing class 'com/uco/TrafficAgent/domain/model/User'
21:07:21.995 [Test worker] DEBUG com.tngtech.archunit.core.importer.JavaClassProcessor - Processing class 'com/uco/TrafficAgent/infrastructure/repository/contact/adapter/repository/jpa/RepositoryContactJpa'
21:07:22.006 [Test worker] DEBUG com.tngtech.archunit.core.importer.JavaClassProcessor - Processing class 'com/uco/TrafficAgent/domain/service/report/ServiceListAllReportByDate'
21:07:22.022 [Test worker] DEBUG com.tngtech.archunit.core.importer.JavaClassProcessor - Processing class 'com/uco/TrafficAgent/infrastructure/service/token/ServiceGetCurrentUserJwt'
21:07:22.033 [Test worker] DEBUG com.tngtech.archunit.core.importer.JavaClassProcessor - Processing class 'com/uco/TrafficAgent/domain/model/RolUser'
21:07:22.045 [Test worker] DEBUG com.tngtech.archunit.core.importer.JavaClassProcessor - Processing class 'com/uco/TrafficAgent/domain/service/token/ServiceGetCurrentUser'
21:07:22.053 [Test worker] DEBUG com.tngtech.archunit.core.importer.JavaClassProcessor - Processing class 'com/uco/TrafficAgent/domain/service/user/ServiceListAllUser'
21:07:22.060 [Test worker] DEBUG com.tngtech.archunit.core.importer.JavaClassProcessor - Processing class 'com/uco/TrafficAgent/domain/model/Contact'
21:07:22.068 [Test worker] DEBUG com.tngtech.archunit.core.importer.JavaClassProcessor - Processing class 'com/uco/TrafficAgent/infrastructure/configuration/model/BeanServiceUser'
21:07:22.074 [Test worker] DEBUG com.tngtech.archunit.core.importer.JavaClassProcessor - Processing class 'com/uco/TrafficAgent/infrastructure/aspect/LogExecutionTime'
21:07:22.079 [Test worker] DEBUG com.tngtech.archunit.core.importer.JavaClassProcessor - Processing class 'com/uco/TrafficAgent/application/mapper/report/impl/MapperApplicationReportImpl'
21:07:22.083 [Test worker] DEBUG com.tngtech.archunit.core.importer.JavaClassProcessor - Processing class 'com/uco/TrafficAgent/infrastructure/configuration/general/ConfigurationRestTemplate'
21:07:22.086 [Test worker] DEBUG com.tngtech.archunit.core.importer.JavaClassProcessor - Processing class 'com/uco/TrafficAgent/infrastructure/repository/type/adapter/repository/RepositoryTypeIdDB'
21:07:22.089 [Test worker] DEBUG com.tngtech.archunit.core.importer.JavaClassProcessor - Processing class 'com/uco/TrafficAgent/infrastructure/mapper/MapperInfrastructureObject'
21:07:22.092 [Test worker] DEBUG com.tngtech.archunit.core.importer.JavaClassProcessor - Processing class 'com/uco/TrafficAgent/domain/service/token/ServiceEncryptText'
21:07:22.095 [Test worker] DEBUG com.tngtech.archunit.core.importer.JavaClassProcessor - Processing class 'com/uco/TrafficAgent/infrastructure/repository/type/adapter/repository/jpa/RepositoryTypeIdJpa'
21:07:22.097 [Test worker] DEBUG com.tngtech.archunit.core.importer.JavaClassProcessor - Processing class 'com/uco/TrafficAgent/infrastructure/repository/login/controller/ComandControllerLogin'
21:07:22.100 [Test worker] DEBUG com.tngtech.archunit.core.importer.JavaClassProcessor - Processing class 'com/uco/TrafficAgent/application/mapper/contact/impl/MapperApplicationContactImpl'
21:07:22.106 [Test worker] DEBUG com.tngtech.archunit.core.importer.JavaClassProcessor - Processing class 'com/uco/TrafficAgent/domain/port/type/RepositoryTypeId'
21:07:22.108 [Test worker] DEBUG com.tngtech.archunit.core.importer.JavaClassProcessor - Processing class 'com/uco/TrafficAgent/infrastructure/repository/contact/adapter/repository/jpa/RepositoryContactEmergencyJpa'
21:07:22.112 [Test worker] DEBUG com.tngtech.archunit.core.importer.JavaClassProcessor - Processing class 'com/uco/TrafficAgent/application/service/user/comand/dto/DtoSaveUser'
21:07:22.117 [Test worker] DEBUG com.tngtech.archunit.core.importer.JavaClassProcessor - Processing class 'com/uco/TrafficAgent/infrastructure/configuration/general/ConfigurationRetry'
21:07:22.125 [Test worker] DEBUG com.tngtech.archunit.core.importer.JavaClassProcessor - Processing class 'com/uco/TrafficAgent/infrastructure/repository/report/adapter/entity/EntityReport'
21:07:22.137 [Test worker] DEBUG com.tngtech.archunit.core.importer.JavaClassProcessor - Processing class 'com/uco/TrafficAgent/application/service/contact/consult/ServiceApplicationListAllByProximityContact'
21:07:22.153 [Test worker] DEBUG com.tngtech.archunit.core.importer.JavaClassProcessor - Processing class 'com/uco/TrafficAgent/infrastructure/mapper/user/impl/MapperUserImpl'
21:07:22.159 [Test worker] DEBUG com.tngtech.archunit.core.importer.JavaClassProcessor - Processing class 'com/uco/TrafficAgent/application/service/user/comand/ServiceApplicationUpdateUser'
21:07:22.171 [Test worker] DEBUG com.tngtech.archunit.core.importer.JavaClassProcessor - Processing class 'com/uco/TrafficAgent/infrastructure/service/token/ServiceGenerateTokenJWT'
21:07:22.187 [Test worker] DEBUG com.tngtech.archunit.core.importer.JavaClassProcessor - Processing class 'com/uco/TrafficAgent/infrastructure/repository/user/controller/ConsultControllerUser'
21:07:22.192 [Test worker] DEBUG com.tngtech.archunit.core.importer.JavaClassProcessor - Processing class 'com/uco/TrafficAgent/application/service/report/comand/ServiceApplicationSaveReport'
21:07:22.223 [Test worker] DEBUG com.tngtech.archunit.core.importer.JavaClassProcessor - Processing class 'com/uco/TrafficAgent/infrastructure/configuration/model/BeanServiceReport'
21:07:22.226 [Test worker] DEBUG com.tngtech.archunit.core.importer.JavaClassProcessor - Processing class 'com/uco/TrafficAgent/application/service/contact/comand/ServiceApplicationSaveContact'
21:07:22.229 [Test worker] DEBUG com.tngtech.archunit.core.importer.JavaClassProcessor - Processing class 'com/uco/TrafficAgent/application/service/login/ServiceApplicationLogin'
21:07:22.231 [Test worker] DEBUG com.tngtech.archunit.core.importer.JavaClassProcessor - Processing class 'com/uco/TrafficAgent/domain/service/user/ServiceUpdateUser'
21:07:22.234 [Test worker] DEBUG com.tngtech.archunit.core.importer.JavaClassProcessor - Processing class 'com/uco/TrafficAgent/application/service/report/consult/ServiceApplicationListAllReportByDate'
21:07:22.237 [Test worker] DEBUG com.tngtech.archunit.core.importer.JavaClassProcessor - Processing class 'com/uco/TrafficAgent/domain/service/contact/ServiceSaveContact'
21:07:22.239 [Test worker] DEBUG com.tngtech.archunit.core.importer.JavaClassProcessor - Processing class 'com/uco/TrafficAgent/application/encrypted/ServiceEncryptedPassword'
21:07:22.241 [Test worker] DEBUG com.tngtech.archunit.core.importer.JavaClassProcessor - Processing class 'com/uco/TrafficAgent/infrastructure/repository/user/controller/ComandControllerUser'
21:07:22.244 [Test worker] DEBUG com.tngtech.archunit.core.importer.JavaClassProcessor - Processing class 'com/uco/TrafficAgent/application/service/user/comand/dto/DtoUpdateUser'
21:07:22.248 [Test worker] DEBUG com.tngtech.archunit.core.importer.JavaClassProcessor - Processing class 'com/uco/TrafficAgent/application/encrypted/impl/ServiceEncryptedPasswordImpl'
21:07:22.252 [Test worker] DEBUG com.tngtech.archunit.core.importer.JavaClassProcessor - Processing class 'com/uco/TrafficAgent/infrastructure/repository/contact/adapter/entity/EntityContactEmergency'
21:07:22.257 [Test worker] DEBUG com.tngtech.archunit.core.importer.JavaClassProcessor - Processing class 'com/uco/TrafficAgent/application/service/contact/comand/dto/DtoSaveContact'
21:07:22.260 [Test worker] DEBUG com.tngtech.archunit.core.importer.JavaClassProcessor - Processing class 'com/uco/TrafficAgent/application/service/report/comand/dto/DtoSaveReport'
21:07:22.265 [Test worker] DEBUG com.tngtech.archunit.core.importer.JavaClassProcessor - Processing class 'com/uco/TrafficAgent/domain/validator/ValidatorAttributes'
21:07:22.285 [Test worker] DEBUG com.tngtech.archunit.core.importer.JavaClassProcessor - Processing class 'com/uco/TrafficAgent/domain/service/report/ServiceSaveReport'
21:07:22.289 [Test worker] DEBUG com.tngtech.archunit.core.importer.JavaClassProcessor - Processing class 'com/uco/TrafficAgent/TrafficAgentApplication'
21:07:22.293 [Test worker] DEBUG com.tngtech.archunit.core.importer.JavaClassProcessor - Processing class 'com/uco/TrafficAgent/infrastructure/aspect/LogExecutionAspect'
21:07:22.303 [Test worker] DEBUG com.tngtech.archunit.core.importer.JavaClassProcessor - Processing class 'com/uco/TrafficAgent/infrastructure/aspect/service/AuthorizationService'
21:07:22.308 [Test worker] DEBUG com.tngtech.archunit.core.importer.JavaClassProcessor - Processing class 'com/uco/TrafficAgent/domain/service/user/ServiceSaveUser'
21:07:22.310 [Test worker] DEBUG com.tngtech.archunit.core.importer.JavaClassProcessor - Processing class 'com/uco/TrafficAgent/infrastructure/repository/report/adapter/repository/jpa/RepositoryReportJpa'
21:07:22.312 [Test worker] DEBUG com.tngtech.archunit.core.importer.JavaClassProcessor - Processing class 'com/uco/TrafficAgent/domain/service/report/ServiceListAllReportByUser'
21:07:22.315 [Test worker] DEBUG com.tngtech.archunit.core.importer.JavaClassProcessor - Processing class 'com/uco/TrafficAgent/infrastructure/aspect/Secured'
21:07:22.317 [Test worker] DEBUG com.tngtech.archunit.core.importer.JavaClassProcessor - Processing class 'com/uco/TrafficAgent/infrastructure/repository/user/adapter/entity/EntityUser'
21:07:22.322 [Test worker] DEBUG com.tngtech.archunit.core.importer.JavaClassProcessor - Processing class 'com/uco/TrafficAgent/infrastructure/repository/contact/adapter/repository/RepositoryContactDB'
21:07:22.344 [Test worker] DEBUG com.tngtech.archunit.core.importer.JavaClassProcessor - Processing class 'com/uco/TrafficAgent/infrastructure/repository/contact/controller/ConsultControllerContact'
21:07:22.386 [Test worker] DEBUG com.tngtech.archunit.core.importer.DependencyResolutionProcess - Automatically resolving transitive class dependencies with the following configuration:
import.dependencyResolutionProcess.maxIterationsForMemberTypes = 1
import.dependencyResolutionProcess.maxIterationsForAccessesToTypes = 1
import.dependencyResolutionProcess.maxIterationsForSupertypes = -1
import.dependencyResolutionProcess.maxIterationsForEnclosingTypes = -1
import.dependencyResolutionProcess.maxIterationsForAnnotationTypes = -1
import.dependencyResolutionProcess.maxIterationsForGenericSignatureTypes = -1
21:07:22.397 [Test worker] DEBUG com.tngtech.archunit.core.importer.JavaClassProcessor - Processing class 'io/jsonwebtoken/impl/TextCodec'
21:07:22.404 [Test worker] DEBUG com.tngtech.archunit.core.importer.JavaClassProcessor - Processing class 'org/springframework/data/repository/query/Param'
21:07:22.419 [Test worker] DEBUG com.tngtech.archunit.core.importer.JavaClassProcessor - Processing class 'java/util/Arrays'
21:07:22.462 [Test worker] DEBUG com.tngtech.archunit.core.importer.JavaClassProcessor - Processing class 'org/springframework/web/bind/annotation/RequestParam'
21:07:22.474 [Test worker] DEBUG com.tngtech.archunit.core.importer.JavaClassProcessor - Processing class 'java/lang/System'
21:07:22.486 [Test worker] DEBUG com.tngtech.archunit.core.importer.JavaClassProcessor - Processing class 'java/time/ZonedDateTime'
21:07:22.510 [Test worker] DEBUG com.tngtech.archunit.core.importer.JavaClassProcessor - Processing class 'org/springframework/beans/factory/annotation/Autowired'
21:07:22.513 [Test worker] DEBUG com.tngtech.archunit.core.importer.JavaClassProcessor - Processing class 'javax/crypto/spec/SecretKeySpec'
21:07:22.516 [Test worker] DEBUG com.tngtech.archunit.core.importer.JavaClassProcessor - Processing class 'java/lang/Record'
21:07:22.524 [Test worker] DEBUG com.tngtech.archunit.core.importer.JavaClassProcessor - Processing class 'java/lang/Integer'
21:07:22.531 [Test worker] DEBUG com.tngtech.archunit.core.importer.JavaClassProcessor - Processing class 'org/springframework/web/context/request/RequestContextHolder'
21:07:22.533 [Test worker] DEBUG com.tngtech.archunit.core.importer.JavaClassProcessor - Processing class 'java/lang/Long'
21:07:22.539 [Test worker] DEBUG com.tngtech.archunit.core.importer.JavaClassProcessor - Processing class 'java/time/Duration'
21:07:22.544 [Test worker] DEBUG com.tngtech.archunit.core.importer.JavaClassProcessor - Processing class 'io/jsonwebtoken/JwtBuilder'
21:07:22.558 [Test worker] DEBUG com.tngtech.archunit.core.importer.JavaClassProcessor - Processing class 'io/jsonwebtoken/SignatureAlgorithm'
21:07:22.564 [Test worker] DEBUG com.tngtech.archunit.core.importer.JavaClassProcessor - Processing class 'org/springframework/stereotype/Repository'
21:07:22.570 [Test worker] DEBUG com.tngtech.archunit.core.importer.JavaClassProcessor - Processing class 'com/auth0/jwt/interfaces/Claim'
21:07:22.577 [Test worker] DEBUG com.tngtech.archunit.core.importer.JavaClassProcessor - Processing class 'javax/persistence/Entity'
21:07:22.581 [Test worker] DEBUG com.tngtech.archunit.core.importer.JavaClassProcessor - Processing class 'org/springframework/web/bind/annotation/PostMapping'
21:07:22.587 [Test worker] DEBUG com.tngtech.archunit.core.importer.JavaClassProcessor - Processing class 'javax/persistence/ManyToOne'
21:07:22.590 [Test worker] DEBUG com.tngtech.archunit.core.importer.JavaClassProcessor - Processing class 'javax/persistence/CascadeType'
21:07:22.606 [Test worker] DEBUG com.tngtech.archunit.core.importer.JavaClassProcessor - Processing class 'java/lang/String'
21:07:22.659 [Test worker] DEBUG com.tngtech.archunit.core.importer.JavaClassProcessor - Processing class 'org/springframework/web/bind/annotation/RestController'
21:07:22.660 [Test worker] DEBUG com.tngtech.archunit.core.importer.JavaClassProcessor - Processing class 'java/lang/Exception'
21:07:22.662 [Test worker] DEBUG com.tngtech.archunit.core.importer.JavaClassProcessor - Processing class 'java/time/ZoneId'
21:07:22.696 [Test worker] DEBUG com.tngtech.archunit.core.importer.JavaClassProcessor - Processing class 'org/aspectj/lang/annotation/Around'
21:07:22.705 [Test worker] DEBUG com.tngtech.archunit.core.importer.JavaClassProcessor - Processing class 'java/util/stream/Stream'
21:07:22.723 [Test worker] DEBUG com.tngtech.archunit.core.importer.JavaClassProcessor - Processing class 'javax/persistence/GeneratedValue'
21:07:22.724 [Test worker] DEBUG com.tngtech.archunit.core.importer.JavaClassProcessor - Processing class 'java/lang/Throwable'
21:07:22.729 [Test worker] DEBUG com.tngtech.archunit.core.importer.JavaClassProcessor - Processing class 'com/auth0/jwt/JWT'
21:07:22.781 [Test worker] DEBUG com.tngtech.archunit.core.importer.JavaClassProcessor - Processing class 'org/springframework/data/jpa/repository/Query'
21:07:22.783 [Test worker] DEBUG com.tngtech.archunit.core.importer.JavaClassProcessor - Processing class 'com/auth0/jwt/interfaces/DecodedJWT'
21:07:22.785 [Test worker] DEBUG com.tngtech.archunit.core.importer.JavaClassProcessor - Processing class 'java/time/LocalDateTime'
21:07:22.792 [Test worker] DEBUG com.tngtech.archunit.core.importer.JavaClassProcessor - Processing class 'org/springframework/web/filter/OncePerRequestFilter'
21:07:22.795 [Test worker] DEBUG com.tngtech.archunit.core.importer.JavaClassProcessor - Processing class 'org/springframework/retry/annotation/EnableRetry'
21:07:22.797 [Test worker] DEBUG com.tngtech.archunit.core.importer.JavaClassProcessor - Processing class 'java/util/ArrayList'
21:07:22.804 [Test worker] DEBUG com.tngtech.archunit.core.importer.JavaClassProcessor - Processing class 'org/springframework/web/bind/annotation/RequestBody'
21:07:22.806 [Test worker] DEBUG com.tngtech.archunit.core.importer.JavaClassProcessor - Processing class 'javax/servlet/http/HttpServletRequest'
21:07:22.810 [Test worker] DEBUG com.tngtech.archunit.core.importer.JavaClassProcessor - Processing class 'javax/persistence/Table'
21:07:22.812 [Test worker] DEBUG com.tngtech.archunit.core.importer.JavaClassProcessor - Processing class 'org/springframework/web/bind/annotation/ExceptionHandler'
21:07:22.814 [Test worker] DEBUG com.tngtech.archunit.core.importer.JavaClassProcessor - Processing class 'org/springframework/web/bind/annotation/ControllerAdvice'
21:07:22.855 [Test worker] DEBUG com.tngtech.archunit.core.importer.JavaClassProcessor - Processing class 'org/springframework/boot/autoconfigure/SpringBootApplication'
21:07:22.859 [Test worker] DEBUG com.tngtech.archunit.core.importer.JavaClassProcessor - Processing class 'javax/persistence/OneToMany'
21:07:22.861 [Test worker] DEBUG com.tngtech.archunit.core.importer.JavaClassProcessor - Processing class 'java/io/IOException'
21:07:22.862 [Test worker] DEBUG com.tngtech.archunit.core.importer.JavaClassProcessor - Processing class 'java/lang/annotation/Target'
21:07:22.863 [Test worker] DEBUG com.tngtech.archunit.core.importer.JavaClassProcessor - Processing class 'java/lang/RuntimeException'
21:07:22.865 [Test worker] DEBUG com.tngtech.archunit.core.importer.JavaClassProcessor - Processing class 'org/springframework/boot/web/client/RestTemplateBuilder'
21:07:22.873 [Test worker] DEBUG com.tngtech.archunit.core.importer.JavaClassProcessor - Processing class 'org/springframework/http/HttpStatus'
21:07:22.877 [Test worker] DEBUG com.tngtech.archunit.core.importer.JavaClassProcessor - Processing class 'javax/persistence/FetchType'
21:07:22.879 [Test worker] DEBUG com.tngtech.archunit.core.importer.JavaClassProcessor - Processing class 'java/lang/IllegalStateException'
21:07:22.880 [Test worker] DEBUG com.tngtech.archunit.core.importer.JavaClassProcessor - Processing class 'io/jsonwebtoken/impl/crypto/DefaultJwtSignatureValidator'
21:07:22.884 [Test worker] DEBUG com.tngtech.archunit.core.importer.JavaClassProcessor - Processing class 'org/springframework/web/bind/annotation/PathVariable'
21:07:22.885 [Test worker] DEBUG com.tngtech.archunit.core.importer.JavaClassProcessor - Processing class 'javax/servlet/FilterChain'
21:07:22.887 [Test worker] DEBUG com.tngtech.archunit.core.importer.JavaClassProcessor - Processing class 'org/springframework/boot/web/servlet/FilterRegistrationBean'
21:07:22.918 [Test worker] DEBUG com.tngtech.archunit.core.importer.JavaClassProcessor - Processing class 'javax/servlet/ServletException'
21:07:22.920 [Test worker] DEBUG com.tngtech.archunit.core.importer.JavaClassProcessor - Processing class 'java/util/Date'
21:07:22.931 [Test worker] DEBUG com.tngtech.archunit.core.importer.JavaClassProcessor - Processing class 'org/slf4j/LoggerFactory'
21:07:22.939 [Test worker] DEBUG com.tngtech.archunit.core.importer.JavaClassProcessor - Processing class 'org/springframework/boot/SpringApplication'
21:07:23.012 [Test worker] DEBUG com.tngtech.archunit.core.importer.JavaClassProcessor - Processing class 'org/springframework/web/bind/annotation/PutMapping'
21:07:23.017 [Test worker] DEBUG com.tngtech.archunit.core.importer.JavaClassProcessor - Processing class 'org/aspectj/lang/annotation/Aspect'
21:07:23.035 [Test worker] DEBUG com.tngtech.archunit.core.importer.JavaClassProcessor - Processing class 'java/lang/reflect/Method'
21:07:23.041 [Test worker] DEBUG com.tngtech.archunit.core.importer.JavaClassProcessor - Processing class 'org/springframework/web/bind/annotation/DeleteMapping'
21:07:23.044 [Test worker] DEBUG com.tngtech.archunit.core.importer.JavaClassProcessor - Processing class 'org/springframework/web/client/RestTemplate'
21:07:23.068 [Test worker] DEBUG com.tngtech.archunit.core.importer.JavaClassProcessor - Processing class 'java/util/concurrent/ConcurrentHashMap'
21:07:23.178 [Test worker] DEBUG com.tngtech.archunit.core.importer.JavaClassProcessor - Processing class 'java/util/UUID'
21:07:23.202 [Test worker] DEBUG com.tngtech.archunit.core.importer.JavaClassProcessor - Processing class 'java/util/stream/Collectors'
21:07:23.224 [Test worker] DEBUG com.tngtech.archunit.core.importer.JavaClassProcessor - Processing class 'org/springframework/context/annotation/Configuration'
21:07:23.226 [Test worker] DEBUG com.tngtech.archunit.core.importer.JavaClassProcessor - Processing class 'javax/persistence/GenerationType'
21:07:23.228 [Test worker] DEBUG com.tngtech.archunit.core.importer.JavaClassProcessor - Processing class 'javax/persistence/Column'
21:07:23.232 [Test worker] DEBUG com.tngtech.archunit.core.importer.JavaClassProcessor - Processing class 'java/util/List'
21:07:23.237 [Test worker] DEBUG com.tngtech.archunit.core.importer.JavaClassProcessor - Processing class 'io/jsonwebtoken/Jwts'
21:07:23.264 [Test worker] DEBUG com.tngtech.archunit.core.importer.JavaClassProcessor - Processing class 'org/springframework/core/env/Environment'
21:07:23.269 [Test worker] DEBUG com.tngtech.archunit.core.importer.JavaClassProcessor - Processing class 'java/lang/annotation/Annotation'
21:07:23.280 [Test worker] DEBUG com.tngtech.archunit.core.importer.JavaClassProcessor - Processing class 'java/util/Optional'
21:07:23.286 [Test worker] DEBUG com.tngtech.archunit.core.importer.JavaClassProcessor - Processing class 'org/springframework/data/jpa/repository/JpaRepository'
21:07:23.289 [Test worker] DEBUG com.tngtech.archunit.core.importer.JavaClassProcessor - Processing class 'org/springframework/web/bind/annotation/RequestMapping'
21:07:23.290 [Test worker] DEBUG com.tngtech.archunit.core.importer.JavaClassProcessor - Processing class 'java/lang/annotation/Retention'
21:07:23.292 [Test worker] DEBUG com.tngtech.archunit.core.importer.JavaClassProcessor - Processing class 'org/springframework/web/bind/annotation/GetMapping'
21:07:23.294 [Test worker] DEBUG com.tngtech.archunit.core.importer.JavaClassProcessor - Processing class 'org/aspectj/lang/JoinPoint'
21:07:23.296 [Test worker] DEBUG com.tngtech.archunit.core.importer.JavaClassProcessor - Processing class 'org/springframework/web/bind/annotation/ResponseStatus'
21:07:23.298 [Test worker] DEBUG com.tngtech.archunit.core.importer.JavaClassProcessor - Processing class 'javax/persistence/Id'
21:07:23.299 [Test worker] DEBUG com.tngtech.archunit.core.importer.JavaClassProcessor - Processing class 'org/slf4j/Logger'
21:07:23.301 [Test worker] DEBUG com.tngtech.archunit.core.importer.JavaClassProcessor - Processing class 'java/util/Iterator'
21:07:23.303 [Test worker] DEBUG com.tngtech.archunit.core.importer.JavaClassProcessor - Processing class 'javax/persistence/JoinColumn'
21:07:23.306 [Test worker] DEBUG com.tngtech.archunit.core.importer.JavaClassProcessor - Processing class 'javax/servlet/http/HttpServletResponse'
21:07:23.309 [Test worker] DEBUG com.tngtech.archunit.core.importer.JavaClassProcessor - Processing class 'org/springframework/web/context/request/ServletRequestAttributes'
21:07:23.346 [Test worker] DEBUG com.tngtech.archunit.core.importer.JavaClassProcessor - Processing class 'java/lang/IllegalArgumentException'
21:07:23.349 [Test worker] DEBUG com.tngtech.archunit.core.importer.JavaClassProcessor - Processing class 'java/lang/annotation/ElementType'
21:07:23.352 [Test worker] DEBUG com.tngtech.archunit.core.importer.JavaClassProcessor - Processing class 'org/springframework/stereotype/Component'
21:07:23.355 [Test worker] DEBUG com.tngtech.archunit.core.importer.JavaClassProcessor - Processing class 'org/aspectj/lang/annotation/Before'
21:07:23.359 [Test worker] DEBUG com.tngtech.archunit.core.importer.JavaClassProcessor - Processing class 'java/lang/Object'
21:07:23.360 [Test worker] DEBUG com.tngtech.archunit.core.importer.JavaClassProcessor - Processing class 'org/aspectj/lang/reflect/MethodSignature'
21:07:23.364 [Test worker] DEBUG com.tngtech.archunit.core.importer.JavaClassProcessor - Processing class 'java/lang/Class'
21:07:23.374 [Test worker] DEBUG com.tngtech.archunit.core.importer.JavaClassProcessor - Processing class 'org/springframework/http/ResponseEntity'
21:07:23.377 [Test worker] DEBUG com.tngtech.archunit.core.importer.JavaClassProcessor - Processing class 'org/springframework/context/annotation/Bean'
21:07:23.379 [Test worker] DEBUG com.tngtech.archunit.core.importer.JavaClassProcessor - Processing class 'org/apache/commons/codec/digest/DigestUtils'
21:07:23.384 [Test worker] DEBUG com.tngtech.archunit.core.importer.JavaClassProcessor - Processing class 'java/util/Comparator'
21:07:23.395 [Test worker] DEBUG com.tngtech.archunit.core.importer.JavaClassProcessor - Processing class 'org/aspectj/lang/ProceedingJoinPoint'
21:07:23.399 [Test worker] DEBUG com.tngtech.archunit.core.importer.JavaClassProcessor - Processing class 'java/lang/annotation/RetentionPolicy'
21:07:23.401 [Test worker] DEBUG com.tngtech.archunit.core.importer.JavaClassProcessor - Processing class 'java/lang/annotation/Inherited'
21:07:23.408 [Test worker] DEBUG com.tngtech.archunit.core.importer.JavaClassProcessor - Processing class 'java/util/DoubleSummaryStatistics'
21:07:23.410 [Test worker] DEBUG com.tngtech.archunit.core.importer.JavaClassProcessor - Processing class 'java/util/function/DoubleConsumer'
21:07:23.412 [Test worker] DEBUG com.tngtech.archunit.core.importer.JavaClassProcessor - Processing class 'java/security/spec/KeySpec'
21:07:23.415 [Test worker] DEBUG com.tngtech.archunit.core.importer.JavaClassProcessor - Processing class 'javax/persistence/ConstraintMode'
21:07:23.419 [Test worker] DEBUG com.tngtech.archunit.core.importer.JavaClassProcessor - Processing class 'org/springframework/core/env/PropertyResolver'
21:07:23.424 [Test worker] DEBUG com.tngtech.archunit.core.importer.JavaClassProcessor - Processing class 'org/springframework/web/filter/GenericFilterBean'
21:07:23.428 [Test worker] DEBUG com.tngtech.archunit.core.importer.JavaClassProcessor - Processing class 'java/util/Map'
21:07:23.431 [Test worker] DEBUG com.tngtech.archunit.core.importer.JavaClassProcessor - Processing class 'java/lang/reflect/Executable'
21:07:23.436 [Test worker] DEBUG com.tngtech.archunit.core.importer.JavaClassProcessor - Processing class 'javax/servlet/Filter'
21:07:23.437 [Test worker] DEBUG com.tngtech.archunit.core.importer.JavaClassProcessor - Processing class 'java/lang/CharSequence'
21:07:23.443 [Test worker] DEBUG com.tngtech.archunit.core.importer.JavaClassProcessor - Processing class 'org/springframework/data/repository/PagingAndSortingRepository'
21:07:23.444 [Test worker] DEBUG com.tngtech.archunit.core.importer.JavaClassProcessor - Processing class 'java/time/chrono/ChronoLocalDateTime'
21:07:23.446 [Test worker] DEBUG com.tngtech.archunit.core.importer.JavaClassProcessor - Processing class 'java/util/Set'
21:07:23.494 [Test worker] DEBUG com.tngtech.archunit.core.importer.JavaClassProcessor - Processing class 'java/io/Serializable'
21:07:23.496 [Test worker] DEBUG com.tngtech.archunit.core.importer.JavaClassProcessor - Processing class 'org/springframework/http/client/ClientHttpRequestInterceptor'
21:07:23.502 [Test worker] DEBUG com.tngtech.archunit.core.importer.JavaClassProcessor - Processing class 'org/springframework/beans/factory/support/BeanNameGenerator'
21:07:23.503 [Test worker] DEBUG com.tngtech.archunit.core.importer.JavaClassProcessor - Processing class 'jdk/internal/ValueBased'
21:07:23.505 [Test worker] DEBUG com.tngtech.archunit.core.importer.JavaClassProcessor - Processing class 'javax/crypto/SecretKey'
21:07:23.512 [Test worker] DEBUG com.tngtech.archunit.core.importer.JavaClassProcessor - Processing class 'org/springframework/http/client/support/InterceptingHttpAccessor'
21:07:23.517 [Test worker] DEBUG com.tngtech.archunit.core.importer.JavaClassProcessor - Processing class 'java/lang/reflect/AnnotatedElement'
21:07:23.522 [Test worker] DEBUG com.tngtech.archunit.core.importer.JavaClassProcessor - Processing class 'java/lang/Double'
21:07:23.525 [Test worker] DEBUG com.tngtech.archunit.core.importer.JavaClassProcessor - Processing class 'org/springframework/http/client/ClientHttpRequestFactory'
21:07:23.526 [Test worker] DEBUG com.tngtech.archunit.core.importer.JavaClassProcessor - Processing class 'org/springframework/boot/web/client/RestTemplateCustomizer'
21:07:23.527 [Test worker] DEBUG com.tngtech.archunit.core.importer.JavaClassProcessor - Processing class 'java/lang/invoke/TypeDescriptor$OfField'
21:07:23.530 [Test worker] DEBUG com.tngtech.archunit.core.importer.JavaClassProcessor - Processing class 'org/springframework/boot/context/TypeExcludeFilter'
21:07:23.533 [Test worker] DEBUG com.tngtech.archunit.core.importer.JavaClassProcessor - Processing class 'org/springframework/boot/web/servlet/AbstractFilterRegistrationBean'
21:07:23.536 [Test worker] DEBUG com.tngtech.archunit.core.importer.JavaClassProcessor - Processing class 'org/springframework/data/repository/NoRepositoryBean'
21:07:23.536 [Test worker] DEBUG com.tngtech.archunit.core.importer.JavaClassProcessor - Processing class 'java/util/RandomAccess'
21:07:23.539 [Test worker] DEBUG com.tngtech.archunit.core.importer.JavaClassProcessor - Processing class 'org/springframework/boot/BootstrapRegistryInitializer'
21:07:23.539 [Test worker] DEBUG com.tngtech.archunit.core.importer.JavaClassProcessor - Processing class 'java/time/temporal/TemporalAmount'
21:07:23.541 [Test worker] DEBUG com.tngtech.archunit.core.importer.JavaClassProcessor - Processing class 'org/springframework/lang/Nullable'
21:07:23.553 [Test worker] DEBUG com.tngtech.archunit.core.importer.JavaClassProcessor - Processing class 'org/springframework/stereotype/Indexed'
21:07:23.556 [Test worker] DEBUG com.tngtech.archunit.core.importer.JavaClassProcessor - Processing class 'java/lang/Number'
21:07:23.558 [Test worker] DEBUG com.tngtech.archunit.core.importer.JavaClassProcessor - Processing class 'java/lang/SafeVarargs'
21:07:23.559 [Test worker] DEBUG com.tngtech.archunit.core.importer.JavaClassProcessor - Processing class 'java/util/Map$Entry'
21:07:23.564 [Test worker] DEBUG com.tngtech.archunit.core.importer.JavaClassProcessor - Processing class 'jdk/internal/vm/annotation/IntrinsicCandidate'
21:07:23.567 [Test worker] DEBUG com.tngtech.archunit.core.importer.JavaClassProcessor - Processing class 'java/util/stream/LongStream'
21:07:23.587 [Test worker] DEBUG com.tngtech.archunit.core.importer.JavaClassProcessor - Processing class 'org/springframework/boot/autoconfigure/EnableAutoConfiguration'
21:07:23.590 [Test worker] DEBUG com.tngtech.archunit.core.importer.JavaClassProcessor - Processing class 'java/lang/Deprecated'
21:07:23.598 [Test worker] DEBUG com.tngtech.archunit.core.importer.JavaClassProcessor - Processing class 'org/springframework/http/HttpMethod'
21:07:23.600 [Test worker] DEBUG com.tngtech.archunit.core.importer.JavaClassProcessor - Processing class 'org/springframework/context/annotation/Import'
21:07:23.602 [Test worker] DEBUG com.tngtech.archunit.core.importer.JavaClassProcessor - Processing class 'javax/persistence/JoinColumns'
21:07:23.610 [Test worker] DEBUG com.tngtech.archunit.core.importer.JavaClassProcessor - Processing class 'org/springframework/web/client/RestOperations'
21:07:23.616 [Test worker] DEBUG com.tngtech.archunit.core.importer.JavaClassProcessor - Processing class 'java/lang/reflect/Field'
21:07:23.629 [Test worker] DEBUG com.tngtech.archunit.core.importer.JavaClassProcessor - Processing class 'com/auth0/jwt/interfaces/Header'
21:07:23.630 [Test worker] DEBUG com.tngtech.archunit.core.importer.JavaClassProcessor - Processing class 'org/springframework/context/annotation/ComponentScan'
21:07:23.635 [Test worker] DEBUG com.tngtech.archunit.core.importer.JavaClassProcessor - Processing class 'java/util/stream/Collector$Characteristics'
21:07:23.643 [Test worker] DEBUG com.tngtech.archunit.core.importer.JavaClassProcessor - Processing class 'java/lang/constant/Constable'
21:07:23.700 [Test worker] DEBUG com.tngtech.archunit.core.importer.JavaClassProcessor - Processing class 'java/time/chrono/ChronoZonedDateTime'
21:07:23.706 [Test worker] DEBUG com.tngtech.archunit.core.importer.JavaClassProcessor - Processing class 'org/springframework/boot/SpringBootConfiguration'
21:07:23.707 [Test worker] DEBUG com.tngtech.archunit.core.importer.JavaClassProcessor - Processing class 'java/lang/Comparable'
21:07:23.708 [Test worker] DEBUG com.tngtech.archunit.core.importer.JavaClassProcessor - Processing class 'java/time/temporal/TemporalAdjuster'
21:07:23.711 [Test worker] DEBUG com.tngtech.archunit.core.importer.JavaClassProcessor - Processing class 'java/net/URL'
21:07:23.717 [Test worker] DEBUG com.tngtech.archunit.core.importer.JavaClassProcessor - Processing class 'java/util/function/IntConsumer'
21:07:23.718 [Test worker] DEBUG com.tngtech.archunit.core.importer.JavaClassProcessor - Processing class 'java/util/AbstractList'
21:07:23.722 [Test worker] DEBUG com.tngtech.archunit.core.importer.JavaClassProcessor - Processing class 'org/springframework/data/annotation/QueryAnnotation'
21:07:23.723 [Test worker] DEBUG com.tngtech.archunit.core.importer.JavaClassProcessor - Processing class 'org/springframework/context/annotation/ComponentScan$Filter'
21:07:23.748 [Test worker] DEBUG com.tngtech.archunit.core.importer.JavaClassProcessor - Processing class 'java/lang/Enum'
21:07:23.757 [Test worker] DEBUG com.tngtech.archunit.core.importer.JavaClassProcessor - Processing class 'io/jsonwebtoken/impl/crypto/JwtSignatureValidator'
21:07:23.759 [Test worker] DEBUG com.tngtech.archunit.core.importer.JavaClassProcessor - Processing class 'org/springframework/web/context/request/RequestAttributes'
21:07:23.760 [Test worker] DEBUG com.tngtech.archunit.core.importer.JavaClassProcessor - Processing class 'java/lang/annotation/Documented'
21:07:23.763 [Test worker] DEBUG com.tngtech.archunit.core.importer.JavaClassProcessor - Processing class 'org/springframework/boot/web/client/RestTemplateRequestCustomizer'
21:07:23.764 [Test worker] DEBUG com.tngtech.archunit.core.importer.JavaClassProcessor - Processing class 'java/lang/Cloneable'
21:07:23.765 [Test worker] DEBUG com.tngtech.archunit.core.importer.JavaClassProcessor - Processing class 'jdk/internal/vm/annotation/ForceInline'
21:07:23.766 [Test worker] DEBUG com.tngtech.archunit.core.importer.JavaClassProcessor - Processing class 'org/springframework/http/HttpHeaders'
21:07:23.774 [Test worker] DEBUG com.tngtech.archunit.core.importer.JavaClassProcessor - Processing class 'javax/persistence/ForeignKey'
21:07:23.775 [Test worker] DEBUG com.tngtech.archunit.core.importer.JavaClassProcessor - Processing class 'java/util/Collection'
21:07:23.777 [Test worker] DEBUG com.tngtech.archunit.core.importer.JavaClassProcessor - Processing class 'org/springframework/web/bind/annotation/RequestMethod'
21:07:23.779 [Test worker] DEBUG com.tngtech.archunit.core.importer.JavaClassProcessor - Processing class 'org/springframework/context/ApplicationListener'
21:07:23.780 [Test worker] DEBUG com.tngtech.archunit.core.importer.JavaClassProcessor - Processing class 'org/springframework/beans/factory/annotation/Autowire'
21:07:23.782 [Test worker] DEBUG com.tngtech.archunit.core.importer.JavaClassProcessor - Processing class 'java/util/stream/DoubleStream'
21:07:23.785 [Test worker] DEBUG com.tngtech.archunit.core.importer.JavaClassProcessor - Processing class 'org/springframework/http/HttpEntity'
21:07:23.786 [Test worker] DEBUG com.tngtech.archunit.core.importer.JavaClassProcessor - Processing class 'java/lang/Class$ReflectionData'
21:07:23.788 [Test worker] DEBUG com.tngtech.archunit.core.importer.JavaClassProcessor - Processing class 'javax/servlet/ServletResponse'
21:07:23.789 [Test worker] DEBUG com.tngtech.archunit.core.importer.JavaClassProcessor - Processing class 'java/lang/reflect/Type'
21:07:23.793 [Test worker] DEBUG com.tngtech.archunit.core.importer.JavaClassProcessor - Processing class 'jdk/internal/reflect/CallerSensitive'
21:07:23.796 [Test worker] DEBUG com.tngtech.archunit.core.importer.JavaClassProcessor - Processing class 'org/springframework/http/converter/HttpMessageConverter'
21:07:23.842 [Test worker] DEBUG com.tngtech.archunit.core.importer.JavaClassProcessor - Processing class 'java/time/LocalDate'
21:07:23.848 [Test worker] DEBUG com.tngtech.archunit.core.importer.JavaClassProcessor - Processing class 'org/springframework/boot/SpringBootExceptionReporter'
21:07:23.849 [Test worker] DEBUG com.tngtech.archunit.core.importer.JavaClassProcessor - Processing class 'java/time/temporal/Temporal'
21:07:23.850 [Test worker] DEBUG com.tngtech.archunit.core.importer.JavaClassProcessor - Processing class 'java/util/stream/IntStream'
21:07:23.853 [Test worker] DEBUG com.tngtech.archunit.core.importer.JavaClassProcessor - Processing class 'org/springframework/context/annotation/EnableAspectJAutoProxy'
21:07:23.854 [Test worker] DEBUG com.tngtech.archunit.core.importer.JavaClassProcessor - Processing class 'java/time/temporal/TemporalUnit'
21:07:23.856 [Test worker] DEBUG com.tngtech.archunit.core.importer.JavaClassProcessor - Processing class 'org/springframework/boot/autoconfigure/AutoConfigurationExcludeFilter'
21:07:23.858 [Test worker] DEBUG com.tngtech.archunit.core.importer.JavaClassProcessor - Processing class 'org/springframework/stereotype/Controller'
21:07:23.859 [Test worker] DEBUG com.tngtech.archunit.core.importer.JavaClassProcessor - Processing class 'org/springframework/web/context/request/AbstractRequestAttributes'
21:07:23.861 [Test worker] DEBUG com.tngtech.archunit.core.importer.JavaClassProcessor - Processing class 'org/springframework/retry/annotation/RetryConfiguration'
21:07:23.863 [Test worker] DEBUG com.tngtech.archunit.core.importer.JavaClassProcessor - Processing class 'java/util/concurrent/ConcurrentMap'
21:07:23.866 [Test worker] DEBUG com.tngtech.archunit.core.importer.JavaClassProcessor - Processing class 'javax/servlet/http/HttpUpgradeHandler'
21:07:23.867 [Test worker] DEBUG com.tngtech.archunit.core.importer.JavaClassProcessor - Processing class 'java/lang/FunctionalInterface'
21:07:23.868 [Test worker] DEBUG com.tngtech.archunit.core.importer.JavaClassProcessor - Processing class 'java/lang/constant/ConstantDesc'
21:07:23.869 [Test worker] DEBUG com.tngtech.archunit.core.importer.JavaClassProcessor - Processing class 'java/lang/annotation/Repeatable'
21:07:23.870 [Test worker] DEBUG com.tngtech.archunit.core.importer.JavaClassProcessor - Processing class 'java/lang/Boolean'
21:07:23.872 [Test worker] DEBUG com.tngtech.archunit.core.importer.JavaClassProcessor - Processing class 'org/aspectj/lang/reflect/CodeSignature'
21:07:23.873 [Test worker] DEBUG com.tngtech.archunit.core.importer.JavaClassProcessor - Processing class 'org/springframework/context/annotation/FilterType'
21:07:23.903 [Test worker] DEBUG com.tngtech.archunit.core.importer.JavaClassProcessor - Processing class 'java/util/LongSummaryStatistics'
21:07:23.904 [Test worker] DEBUG com.tngtech.archunit.core.importer.JavaClassProcessor - Processing class 'java/lang/reflect/GenericDeclaration'
21:07:23.906 [Test worker] DEBUG com.tngtech.archunit.core.importer.JavaClassProcessor - Processing class 'org/springframework/core/annotation/AliasFor'
21:07:23.907 [Test worker] DEBUG com.tngtech.archunit.core.importer.JavaClassProcessor - Processing class 'javax/servlet/ServletRequest'
21:07:23.908 [Test worker] DEBUG com.tngtech.archunit.core.importer.JavaClassProcessor - Processing class 'jdk/internal/vm/annotation/Stable'
21:07:23.910 [Test worker] DEBUG com.tngtech.archunit.core.importer.JavaClassProcessor - Processing class 'org/springframework/core/env/StandardEnvironment'
21:07:23.911 [Test worker] DEBUG com.tngtech.archunit.core.importer.JavaClassProcessor - Processing class 'org/springframework/web/bind/annotation/ResponseBody'
21:07:23.912 [Test worker] DEBUG com.tngtech.archunit.core.importer.JavaClassProcessor - Processing class 'java/util/function/LongConsumer'
21:07:23.913 [Test worker] DEBUG com.tngtech.archunit.core.importer.JavaClassProcessor - Processing class 'java/util/function/Consumer'
21:07:23.915 [Test worker] DEBUG com.tngtech.archunit.core.importer.JavaClassProcessor - Processing class 'io/jsonwebtoken/ClaimsMutator'
21:07:23.916 [Test worker] DEBUG com.tngtech.archunit.core.importer.JavaClassProcessor - Processing class 'org/springframework/data/repository/query/QueryByExampleExecutor'
21:07:23.918 [Test worker] DEBUG com.tngtech.archunit.core.importer.JavaClassProcessor - Processing class 'java/util/AbstractMap'
21:07:23.920 [Test worker] DEBUG com.tngtech.archunit.core.importer.JavaClassProcessor - Processing class 'javax/servlet/http/Part'
21:07:23.921 [Test worker] DEBUG com.tngtech.archunit.core.importer.JavaClassProcessor - Processing class 'java/lang/constant/ClassDesc'
21:07:23.922 [Test worker] DEBUG com.tngtech.archunit.core.importer.JavaClassProcessor - Processing class 'java/util/stream/BaseStream'
21:07:23.923 [Test worker] DEBUG com.tngtech.archunit.core.importer.JavaClassProcessor - Processing class 'java/util/IntSummaryStatistics'
21:07:23.925 [Test worker] DEBUG com.tngtech.archunit.core.importer.JavaClassProcessor - Processing class 'com/auth0/jwt/interfaces/Payload'
21:07:23.927 [Test worker] DEBUG com.tngtech.archunit.core.importer.JavaClassProcessor - Processing class 'org/springframework/context/ApplicationContextInitializer'
21:07:23.928 [Test worker] DEBUG com.tngtech.archunit.core.importer.JavaClassProcessor - Processing class 'org/springframework/web/bind/annotation/Mapping'
21:07:23.930 [Test worker] DEBUG com.tngtech.archunit.core.importer.JavaClassProcessor - Processing class 'org/springframework/data/repository/query/FluentQuery$FetchableFluentQuery'
21:07:23.932 [Test worker] DEBUG com.tngtech.archunit.core.importer.JavaClassProcessor - Processing class 'java/lang/Enum$EnumDesc'
21:07:23.933 [Test worker] DEBUG com.tngtech.archunit.core.importer.JavaClassProcessor - Processing class 'java/util/stream/Collector'
21:07:23.934 [Test worker] DEBUG com.tngtech.archunit.core.importer.JavaClassProcessor - Processing class 'java/lang/invoke/TypeDescriptor'
21:07:23.936 [Test worker] DEBUG com.tngtech.archunit.core.importer.JavaClassProcessor - Processing class 'org/springframework/context/PayloadApplicationEvent'
21:07:23.951 [Test worker] DEBUG com.tngtech.archunit.core.importer.JavaClassProcessor - Processing class 'org/springframework/boot/autoconfigure/AutoConfigurationImportSelector'
21:07:23.985 [Test worker] DEBUG com.tngtech.archunit.core.importer.JavaClassProcessor - Processing class 'org/springframework/aop/IntroductionAdvisor'
21:07:23.986 [Test worker] DEBUG com.tngtech.archunit.core.importer.JavaClassProcessor - Processing class 'java/lang/reflect/Member'
21:07:23.989 [Test worker] DEBUG com.tngtech.archunit.core.importer.JavaClassProcessor - Processing class 'java/util/EventListener'
21:07:23.991 [Test worker] DEBUG com.tngtech.archunit.core.importer.JavaClassProcessor - Processing class 'org/springframework/context/annotation/Role'
21:07:23.998 [Test worker] DEBUG com.tngtech.archunit.core.importer.JavaClassProcessor - Processing class 'org/springframework/beans/factory/DisposableBean'
21:07:23.999 [Test worker] DEBUG com.tngtech.archunit.core.importer.JavaClassProcessor - Processing class 'org/springframework/boot/autoconfigure/AutoConfigurationPackage'
21:07:24.001 [Test worker] DEBUG com.tngtech.archunit.core.importer.JavaClassProcessor - Processing class 'java/time/temporal/TemporalAccessor'
21:07:24.002 [Test worker] DEBUG com.tngtech.archunit.core.importer.JavaClassProcessor - Processing class 'org/springframework/http/client/ClientHttpRequest'
21:07:24.004 [Test worker] DEBUG com.tngtech.archunit.core.importer.JavaClassProcessor - Processing class 'org/springframework/beans/factory/BeanFactoryAware'
21:07:24.007 [Test worker] DEBUG com.tngtech.archunit.core.importer.JavaClassProcessor - Processing class 'org/springframework/core/env/EnvironmentCapable'
21:07:24.008 [Test worker] DEBUG com.tngtech.archunit.core.importer.JavaClassProcessor - Processing class 'org/springframework/boot/web/servlet/DynamicRegistrationBean'
21:07:24.010 [Test worker] DEBUG com.tngtech.archunit.core.importer.JavaClassProcessor - Processing class 'java/net/spi/URLStreamHandlerProvider'
21:07:24.012 [Test worker] DEBUG com.tngtech.archunit.core.importer.JavaClassProcessor - Processing class 'org/springframework/util/MultiValueMap'
21:07:24.021 [Test worker] DEBUG com.tngtech.archunit.core.importer.JavaClassProcessor - Processing class 'org/springframework/context/ApplicationEvent'
21:07:24.025 [Test worker] DEBUG com.tngtech.archunit.core.importer.JavaClassProcessor - Processing class 'javax/servlet/FilterRegistration$Dynamic'
21:07:24.028 [Test worker] DEBUG com.tngtech.archunit.core.importer.JavaClassProcessor - Processing class 'org/springframework/web/context/ServletContextAware'
21:07:24.030 [Test worker] DEBUG com.tngtech.archunit.core.importer.JavaClassProcessor - Processing class 'org/springframework/core/type/filter/TypeFilter'
21:07:24.038 [Test worker] DEBUG com.tngtech.archunit.core.importer.JavaClassProcessor - Processing class 'java/lang/Runnable'
21:07:24.063 [Test worker] DEBUG com.tngtech.archunit.core.importer.JavaClassProcessor - Processing class 'java/lang/AutoCloseable'
21:07:24.064 [Test worker] DEBUG com.tngtech.archunit.core.importer.JavaClassProcessor - Processing class 'java/util/AbstractCollection'
21:07:24.078 [Test worker] DEBUG com.tngtech.archunit.core.importer.JavaClassProcessor - Processing class 'java/util/Locale'
21:07:24.087 [Test worker] DEBUG com.tngtech.archunit.core.importer.JavaClassProcessor - Processing class 'org/springframework/context/ConfigurableApplicationContext'
21:07:24.088 [Test worker] DEBUG com.tngtech.archunit.core.importer.JavaClassProcessor - Processing class 'javax/security/auth/Destroyable'
21:07:24.090 [Test worker] DEBUG com.tngtech.archunit.core.importer.JavaClassProcessor - Processing class 'org/springframework/http/MediaType'
21:07:24.094 [Test worker] DEBUG com.tngtech.archunit.core.importer.JavaClassProcessor - Processing class 'java/util/Locale$LanguageRange'
21:07:24.098 [Test worker] DEBUG com.tngtech.archunit.core.importer.JavaClassProcessor - Processing class 'org/springframework/aop/support/AbstractPointcutAdvisor'
21:07:24.099 [Test worker] DEBUG com.tngtech.archunit.core.importer.JavaClassProcessor - Processing class 'java/security/Key'
21:07:24.101 [Test worker] DEBUG com.tngtech.archunit.core.importer.JavaClassProcessor - Processing class 'java/lang/constant/DynamicConstantDesc'
21:07:24.108 [Test worker] DEBUG com.tngtech.archunit.core.importer.JavaClassProcessor - Processing class 'java/net/URLStreamHandler'
21:07:24.113 [Test worker] DEBUG com.tngtech.archunit.core.importer.JavaClassProcessor - Processing class 'org/springframework/http/client/support/HttpAccessor'
21:07:24.115 [Test worker] DEBUG com.tngtech.archunit.core.importer.JavaClassProcessor - Processing class 'org/springframework/context/annotation/AnnotationScopeMetadataResolver'
21:07:24.131 [Test worker] DEBUG com.tngtech.archunit.core.importer.JavaClassProcessor - Processing class 'org/springframework/beans/factory/BeanClassLoaderAware'
21:07:24.132 [Test worker] DEBUG com.tngtech.archunit.core.importer.JavaClassProcessor - Processing class 'org/aspectj/lang/reflect/MemberSignature'
21:07:24.174 [Test worker] DEBUG com.tngtech.archunit.core.importer.JavaClassProcessor - Processing class 'org/springframework/context/annotation/AspectJAutoProxyRegistrar'
21:07:24.178 [Test worker] DEBUG com.tngtech.archunit.core.importer.JavaClassProcessor - Processing class 'org/springframework/data/repository/CrudRepository'
21:07:24.183 [Test worker] DEBUG com.tngtech.archunit.core.importer.JavaClassProcessor - Processing class 'org/springframework/beans/factory/InitializingBean'
21:07:24.198 [Test worker] DEBUG com.tngtech.archunit.core.importer.JavaClassProcessor - Processing class 'java/lang/Iterable'
21:07:24.219 [Test worker] DEBUG com.tngtech.archunit.core.importer.JavaClassProcessor - Processing class 'java/nio/charset/Charset'
21:07:24.222 [Test worker] DEBUG com.tngtech.archunit.core.importer.JavaClassProcessor - Processing class 'org/springframework/context/annotation/ComponentScans'
21:07:24.224 [Test worker] DEBUG com.tngtech.archunit.core.importer.JavaClassProcessor - Processing class 'org/springframework/boot/web/servlet/ServletRegistrationBean'
21:07:24.226 [Test worker] DEBUG com.tngtech.archunit.core.importer.JavaClassProcessor - Processing class 'org/springframework/retry/RetryListener'
21:07:24.228 [Test worker] DEBUG com.tngtech.archunit.core.importer.JavaClassProcessor - Processing class 'org/springframework/beans/factory/BeanNameAware'
21:07:24.231 [Test worker] DEBUG com.tngtech.archunit.core.importer.JavaClassProcessor - Processing class 'java/time/chrono/ChronoLocalDate'
21:07:24.233 [Test worker] DEBUG com.tngtech.archunit.core.importer.JavaClassProcessor - Processing class 'java/lang/reflect/AccessibleObject'
21:07:24.236 [Test worker] DEBUG com.tngtech.archunit.core.importer.JavaClassProcessor - Processing class 'org/springframework/context/annotation/ScopedProxyMode'
21:07:24.238 [Test worker] DEBUG com.tngtech.archunit.core.importer.JavaClassProcessor - Processing class 'org/springframework/http/HttpRange'
21:07:24.240 [Test worker] DEBUG com.tngtech.archunit.core.importer.JavaClassProcessor - Processing class 'org/springframework/beans/factory/SmartInitializingSingleton'
21:07:24.242 [Test worker] DEBUG com.tngtech.archunit.core.importer.JavaClassProcessor - Processing class 'org/springframework/context/EnvironmentAware'
21:07:24.243 [Test worker] DEBUG com.tngtech.archunit.core.importer.JavaClassProcessor - Processing class 'org/springframework/context/annotation/ScopeMetadataResolver'
21:07:24.244 [Test worker] DEBUG com.tngtech.archunit.core.importer.JavaClassProcessor - Processing class 'javax/servlet/DispatcherType'
21:07:24.246 [Test worker] DEBUG com.tngtech.archunit.core.importer.JavaClassProcessor - Processing class 'org/springframework/core/env/AbstractEnvironment'
21:07:24.277 [Test worker] DEBUG com.tngtech.archunit.core.importer.JavaClassProcessor - Processing class 'org/springframework/boot/autoconfigure/AutoConfigurationImportListener'
21:07:24.278 [Test worker] DEBUG com.tngtech.archunit.core.importer.JavaClassProcessor - Processing class 'java/nio/charset/spi/CharsetProvider'
21:07:24.280 [Test worker] DEBUG com.tngtech.archunit.core.importer.JavaClassProcessor - Processing class 'org/springframework/data/repository/query/FluentQuery'
21:07:24.283 [Test worker] DEBUG com.tngtech.archunit.core.importer.JavaClassProcessor - Processing class 'org/springframework/http/HttpRequest'
21:07:24.284 [Test worker] DEBUG com.tngtech.archunit.core.importer.JavaClassProcessor - Processing class 'org/springframework/boot/web/servlet/RegistrationBean'
21:07:24.287 [Test worker] DEBUG com.tngtech.archunit.core.importer.JavaClassProcessor - Processing class 'javax/servlet/Registration$Dynamic'
21:07:24.288 [Test worker] DEBUG com.tngtech.archunit.core.importer.JavaClassProcessor - Processing class 'java/util/EventObject'
21:07:24.290 [Test worker] DEBUG com.tngtech.archunit.core.importer.JavaClassProcessor - Processing class 'org/springframework/util/MimeType'
21:07:24.293 [Test worker] DEBUG com.tngtech.archunit.core.importer.JavaClassProcessor - Processing class 'java/lang/Character'
21:07:24.297 [Test worker] DEBUG com.tngtech.archunit.core.importer.JavaClassProcessor - Processing class 'org/springframework/data/repository/Repository'
21:07:24.300 [Test worker] DEBUG com.tngtech.archunit.core.importer.JavaClassProcessor - Processing class 'org/springframework/boot/autoconfigure/AutoConfigurationPackages$Registrar'
21:07:24.301 [Test worker] DEBUG com.tngtech.archunit.core.importer.JavaClassProcessor - Processing class 'javax/servlet/ServletRegistration$Dynamic'
21:07:24.302 [Test worker] DEBUG com.tngtech.archunit.core.importer.JavaClassProcessor - Processing class 'java/lang/ThreadLocal'
21:07:24.305 [Test worker] DEBUG com.tngtech.archunit.core.importer.JavaClassProcessor - Processing class 'javax/servlet/Servlet'
21:07:24.306 [Test worker] DEBUG com.tngtech.archunit.core.importer.JavaClassProcessor - Processing class 'org/aspectj/lang/Signature'
21:07:24.308 [Test worker] DEBUG com.tngtech.archunit.core.importer.JavaClassProcessor - Processing class 'javax/servlet/FilterRegistration'
21:07:24.309 [Test worker] DEBUG com.tngtech.archunit.core.importer.JavaClassProcessor - Processing class 'java/net/URLStreamHandlerFactory'
21:07:24.318 [Test worker] DEBUG com.tngtech.archunit.core.importer.JavaClassProcessor - Processing class 'sun/util/locale/LocaleExtensions'
21:07:24.323 [Test worker] DEBUG com.tngtech.archunit.core.importer.JavaClassProcessor - Processing class 'org/springframework/core/Ordered'
21:07:24.375 [Test worker] DEBUG com.tngtech.archunit.core.importer.JavaClassProcessor - Processing class 'org/springframework/aop/PointcutAdvisor'
21:07:24.379 [Test worker] DEBUG com.tngtech.archunit.core.importer.JavaClassProcessor - Processing class 'org/springframework/context/annotation/DeferredImportSelector'
21:07:24.382 [Test worker] DEBUG com.tngtech.archunit.core.importer.JavaClassProcessor - Processing class 'org/springframework/beans/factory/Aware'
21:07:24.385 [Test worker] DEBUG com.tngtech.archunit.core.importer.JavaClassProcessor - Processing class 'org/springframework/core/ResolvableTypeProvider'
21:07:24.390 [Test worker] DEBUG com.tngtech.archunit.core.importer.JavaClassProcessor - Processing class 'org/springframework/core/io/support/ResourceRegion'
21:07:24.393 [Test worker] DEBUG com.tngtech.archunit.core.importer.JavaClassProcessor - Processing class 'org/springframework/aop/IntroductionInfo'
21:07:24.395 [Test worker] DEBUG com.tngtech.archunit.core.importer.JavaClassProcessor - Processing class 'org/springframework/boot/autoconfigure/AutoConfigurationImportFilter'
21:07:24.400 [Test worker] DEBUG com.tngtech.archunit.core.importer.JavaClassProcessor - Processing class 'org/springframework/core/env/ConfigurableEnvironment'
21:07:24.402 [Test worker] DEBUG com.tngtech.archunit.core.importer.JavaClassProcessor - Processing class 'org/springframework/context/annotation/ImportBeanDefinitionRegistrar'
21:07:24.404 [Test worker] DEBUG com.tngtech.archunit.core.importer.JavaClassProcessor - Processing class 'org/springframework/http/client/ClientHttpRequestInitializer'
21:07:24.406 [Test worker] DEBUG com.tngtech.archunit.core.importer.JavaClassProcessor - Processing class 'org/springframework/aop/Advisor'
21:07:24.408 [Test worker] DEBUG com.tngtech.archunit.core.importer.JavaClassProcessor - Processing class 'org/springframework/context/ResourceLoaderAware'
21:07:24.410 [Test worker] DEBUG com.tngtech.archunit.core.importer.JavaClassProcessor - Processing class 'org/springframework/context/ApplicationContext'
21:07:24.412 [Test worker] DEBUG com.tngtech.archunit.core.importer.JavaClassProcessor - Processing class 'org/springframework/context/Lifecycle'
21:07:24.413 [Test worker] DEBUG com.tngtech.archunit.core.importer.JavaClassProcessor - Processing class 'sun/util/locale/BaseLocale'
21:07:24.415 [Test worker] DEBUG com.tngtech.archunit.core.importer.JavaClassProcessor - Processing class 'org/springframework/context/annotation/DeferredImportSelector$Group'
21:07:24.417 [Test worker] DEBUG com.tngtech.archunit.core.importer.JavaClassProcessor - Processing class 'java/io/Closeable'
21:07:24.423 [Test worker] DEBUG com.tngtech.archunit.core.importer.JavaClassProcessor - Processing class 'org/springframework/http/HttpOutputMessage'
21:07:24.425 [Test worker] DEBUG com.tngtech.archunit.core.importer.JavaClassProcessor - Processing class 'sun/util/locale/Extension'
21:07:24.427 [Test worker] DEBUG com.tngtech.archunit.core.importer.JavaClassProcessor - Processing class 'org/springframework/beans/factory/HierarchicalBeanFactory'
21:07:24.428 [Test worker] DEBUG com.tngtech.archunit.core.importer.JavaClassProcessor - Processing class 'javax/servlet/ServletRegistration'
21:07:24.430 [Test worker] DEBUG com.tngtech.archunit.core.importer.JavaClassProcessor - Processing class 'org/springframework/core/env/ConfigurablePropertyResolver'
21:07:24.487 [Test worker] DEBUG com.tngtech.archunit.core.importer.JavaClassProcessor - Processing class 'org/springframework/context/annotation/DeferredImportSelector$Group$Entry'
21:07:24.490 [Test worker] DEBUG com.tngtech.archunit.core.importer.JavaClassProcessor - Processing class 'org/springframework/context/ApplicationEventPublisher'
21:07:24.492 [Test worker] DEBUG com.tngtech.archunit.core.importer.JavaClassProcessor - Processing class 'org/springframework/http/HttpMessage'
21:07:24.494 [Test worker] DEBUG com.tngtech.archunit.core.importer.JavaClassProcessor - Processing class 'org/springframework/context/annotation/ImportSelector'
21:07:24.497 [Test worker] DEBUG com.tngtech.archunit.core.importer.JavaClassProcessor - Processing class 'org/springframework/boot/web/servlet/ServletContextInitializer'
21:07:24.499 [Test worker] DEBUG com.tngtech.archunit.core.importer.JavaClassProcessor - Processing class 'org/springframework/context/MessageSource'
21:07:24.502 [Test worker] DEBUG com.tngtech.archunit.core.importer.JavaClassProcessor - Processing class 'javax/servlet/Registration'
21:07:24.511 [Test worker] DEBUG com.tngtech.archunit.core.importer.JavaClassProcessor - Processing class 'org/springframework/boot/autoconfigure/AutoConfigurationPackages'
21:07:24.513 [Test worker] DEBUG com.tngtech.archunit.core.importer.JavaClassProcessor - Processing class 'org/springframework/boot/context/annotation/DeterminableImports'
21:07:24.516 [Test worker] DEBUG com.tngtech.archunit.core.importer.JavaClassProcessor - Processing class 'sun/util/locale/InternalLocaleBuilder$CaseInsensitiveString'
21:07:24.526 [Test worker] DEBUG com.tngtech.archunit.core.importer.JavaClassProcessor - Processing class 'org/springframework/core/io/support/ResourcePatternResolver'
21:07:24.527 [Test worker] DEBUG com.tngtech.archunit.core.importer.JavaClassProcessor - Processing class 'sun/util/locale/InternalLocaleBuilder$CaseInsensitiveChar'
21:07:24.530 [Test worker] DEBUG com.tngtech.archunit.core.importer.JavaClassProcessor - Processing class 'org/springframework/beans/factory/ListableBeanFactory'
21:07:24.533 [Test worker] DEBUG com.tngtech.archunit.core.importer.JavaClassProcessor - Processing class 'org/springframework/core/io/ResourceLoader'
21:07:24.536 [Test worker] DEBUG com.tngtech.archunit.core.importer.JavaClassProcessor - Processing class 'org/springframework/beans/factory/BeanFactory'
21:07:24.538 [Test worker] DEBUG com.tngtech.archunit.core.importer.JavaClassProcessor - Processing class 'sun/util/locale/InternalLocaleBuilder'
21:07:24.666 [Test worker] DEBUG com.tngtech.archunit.core.importer.JavaClassProcessor - Processing class 'com/auth0/jwt/impl/JWTParser'
21:07:24.699 [Test worker] DEBUG com.tngtech.archunit.core.importer.JavaClassProcessor - Processing class 'com/auth0/jwt/JWTCreator$Builder'
21:07:24.725 [Test worker] DEBUG com.tngtech.archunit.core.importer.JavaClassProcessor - Processing class 'com/auth0/jwt/exceptions/JWTDecodeException'
21:07:24.735 [Test worker] DEBUG com.tngtech.archunit.core.importer.JavaClassProcessor - Processing class 'com/auth0/jwt/interfaces/Verification'
21:07:24.738 [Test worker] DEBUG com.tngtech.archunit.core.importer.JavaClassProcessor - Processing class 'com/auth0/jwt/algorithms/Algorithm'
21:07:24.782 [Test worker] DEBUG com.tngtech.archunit.core.importer.JavaClassProcessor - Processing class 'java/time/Instant'
21:07:24.894 [Test worker] DEBUG com.tngtech.archunit.core.importer.JavaClassProcessor - Processing class 'io/jsonwebtoken/Claims'
21:07:24.899 [Test worker] DEBUG com.tngtech.archunit.core.importer.JavaClassProcessor - Processing class 'io/jsonwebtoken/CompressionCodec'
21:07:24.902 [Test worker] DEBUG com.tngtech.archunit.core.importer.JavaClassProcessor - Processing class 'io/jsonwebtoken/Header'
21:07:24.905 [Test worker] DEBUG com.tngtech.archunit.core.importer.JavaClassProcessor - Processing class 'io/jsonwebtoken/JwsHeader'
21:07:24.906 [Test worker] DEBUG com.tngtech.archunit.core.importer.JavaClassProcessor - Processing class 'io/jsonwebtoken/JwtParser'
21:07:24.909 [Test worker] DEBUG com.tngtech.archunit.core.importer.JavaClassProcessor - Processing class 'io/jsonwebtoken/SignatureException'
21:07:24.912 [Test worker] DEBUG com.tngtech.archunit.core.importer.JavaClassProcessor - Processing class 'io/jsonwebtoken/impl/crypto/SignatureValidator'
21:07:24.913 [Test worker] DEBUG com.tngtech.archunit.core.importer.JavaClassProcessor - Processing class 'io/jsonwebtoken/impl/crypto/SignatureValidatorFactory'
21:07:25.019 [Test worker] DEBUG com.tngtech.archunit.core.importer.JavaClassProcessor - Processing class 'java/security/ProtectionDomain'
21:07:25.022 [Test worker] DEBUG com.tngtech.archunit.core.importer.JavaClassProcessor - Processing class 'java/io/ObjectStreamField'
21:07:25.025 [Test worker] DEBUG com.tngtech.archunit.core.importer.JavaClassProcessor - Processing class 'sun/reflect/annotation/AnnotationType'
21:07:25.026 [Test worker] DEBUG com.tngtech.archunit.core.importer.JavaClassProcessor - Processing class 'java/lang/Class$AnnotationData'
21:07:25.038 [Test worker] DEBUG com.tngtech.archunit.core.importer.JavaClassProcessor - Processing class 'jdk/internal/reflect/ReflectionFactory'
21:07:25.040 [Test worker] DEBUG com.tngtech.archunit.core.importer.JavaClassProcessor - Processing class 'java/lang/ClassValue$ClassValueMap'
21:07:25.042 [Test worker] DEBUG com.tngtech.archunit.core.importer.JavaClassProcessor - Processing class 'java/lang/reflect/Constructor'
21:07:25.045 [Test worker] DEBUG com.tngtech.archunit.core.importer.JavaClassProcessor - Processing class 'sun/reflect/generics/repository/ClassRepository'
21:07:25.046 [Test worker] DEBUG com.tngtech.archunit.core.importer.JavaClassProcessor - Processing class 'java/lang/Module'
21:07:25.049 [Test worker] DEBUG com.tngtech.archunit.core.importer.JavaClassProcessor - Processing class 'java/lang/ClassLoader'
21:07:25.052 [Test worker] DEBUG com.tngtech.archunit.core.importer.JavaClassProcessor - Processing class 'java/lang/ref/SoftReference'
21:07:25.054 [Test worker] DEBUG com.tngtech.archunit.core.importer.JavaClassProcessor - Processing class 'java/lang/SecurityException'
21:07:25.056 [Test worker] DEBUG com.tngtech.archunit.core.importer.JavaClassProcessor - Processing class 'java/lang/ClassNotFoundException'
21:07:25.154 [Test worker] DEBUG com.tngtech.archunit.core.importer.JavaClassProcessor - Processing class 'java/lang/reflect/RecordComponent'
21:07:25.167 [Test worker] DEBUG com.tngtech.archunit.core.importer.JavaClassProcessor - Processing class 'java/lang/NoSuchFieldException'
21:07:25.170 [Test worker] DEBUG com.tngtech.archunit.core.importer.JavaClassProcessor - Processing class 'java/lang/InstantiationException'
21:07:25.171 [Test worker] DEBUG com.tngtech.archunit.core.importer.JavaClassProcessor - Processing class 'java/lang/IllegalAccessException'
21:07:25.184 [Test worker] DEBUG com.tngtech.archunit.core.importer.JavaClassProcessor - Processing class 'java/lang/NoSuchMethodException'
21:07:25.185 [Test worker] DEBUG com.tngtech.archunit.core.importer.JavaClassProcessor - Processing class 'sun/reflect/generics/factory/GenericsFactory'
21:07:25.187 [Test worker] DEBUG com.tngtech.archunit.core.importer.JavaClassProcessor - Processing class 'java/lang/PublicMethods$MethodList'
21:07:25.190 [Test worker] DEBUG com.tngtech.archunit.core.importer.JavaClassProcessor - Processing class 'java/lang/reflect/TypeVariable'
21:07:25.192 [Test worker] DEBUG com.tngtech.archunit.core.importer.JavaClassProcessor - Processing class 'java/lang/SecurityManager'
21:07:25.203 [Test worker] DEBUG com.tngtech.archunit.core.importer.JavaClassProcessor - Processing class 'java/lang/reflect/GenericArrayType'
21:07:25.204 [Test worker] DEBUG com.tngtech.archunit.core.importer.JavaClassProcessor - Processing class 'java/lang/reflect/AnnotatedType'
21:07:25.206 [Test worker] DEBUG com.tngtech.archunit.core.importer.JavaClassProcessor - Processing class 'jdk/internal/reflect/ConstantPool'
21:07:25.210 [Test worker] DEBUG com.tngtech.archunit.core.importer.JavaClassProcessor - Processing class 'java/io/InputStream'
21:07:25.211 [Test worker] DEBUG com.tngtech.archunit.core.importer.JavaClassProcessor - Processing class 'jdk/internal/loader/BuiltinClassLoader'
21:07:25.219 [Test worker] DEBUG com.tngtech.archunit.core.importer.JavaClassProcessor - Processing class 'java/lang/Package'
21:07:25.296 [Test worker] DEBUG com.tngtech.archunit.core.importer.JavaClassProcessor - Processing class 'java/lang/Class$EnclosingMethodInfo'
21:07:25.307 [Test worker] DEBUG com.tngtech.archunit.core.importer.JavaClassProcessor - Processing class 'java/lang/NumberFormatException'
21:07:25.311 [Test worker] DEBUG com.tngtech.archunit.core.importer.JavaClassProcessor - Processing class 'java/lang/invoke/MethodHandles$Lookup'
21:07:25.315 [Test worker] DEBUG com.tngtech.archunit.core.importer.JavaClassProcessor - Processing class 'java/lang/ReflectiveOperationException'
21:07:25.318 [Test worker] DEBUG com.tngtech.archunit.core.importer.JavaClassProcessor - Processing class 'java/io/ObjectInputStream'
21:07:25.322 [Test worker] DEBUG com.tngtech.archunit.core.importer.JavaClassProcessor - Processing class 'java/io/ObjectStreamException'
21:07:25.322 [Test worker] DEBUG com.tngtech.archunit.core.importer.JavaClassProcessor - Processing class 'java/lang/CloneNotSupportedException'
21:07:25.327 [Test worker] DEBUG com.tngtech.archunit.core.importer.JavaClassProcessor - Processing class 'java/util/Spliterator'
21:07:25.329 [Test worker] DEBUG com.tngtech.archunit.core.importer.JavaClassProcessor - Processing class 'java/math/BigInteger'
21:07:25.382 [Test worker] DEBUG com.tngtech.archunit.core.importer.JavaClassProcessor - Processing class 'java/lang/InterruptedException'
21:07:25.397 [Test worker] DEBUG com.tngtech.archunit.core.importer.JavaClassProcessor - Processing class 'java/io/UnsupportedEncodingException'
21:07:25.402 [Test worker] DEBUG com.tngtech.archunit.core.importer.JavaClassProcessor - Processing class 'java/lang/AbstractStringBuilder'
21:07:25.405 [Test worker] DEBUG com.tngtech.archunit.core.importer.JavaClassProcessor - Processing class 'java/lang/StringBuffer'
21:07:25.407 [Test worker] DEBUG com.tngtech.archunit.core.importer.JavaClassProcessor - Processing class 'sun/nio/cs/ArrayDecoder'
21:07:25.408 [Test worker] DEBUG com.tngtech.archunit.core.importer.JavaClassProcessor - Processing class 'java/nio/charset/MalformedInputException'
21:07:25.408 [Test worker] DEBUG com.tngtech.archunit.core.importer.JavaClassProcessor - Processing class 'java/nio/charset/CharacterCodingException'
21:07:25.410 [Test worker] DEBUG com.tngtech.archunit.core.importer.JavaClassProcessor - Processing class 'sun/nio/cs/ArrayEncoder'
21:07:25.412 [Test worker] DEBUG com.tngtech.archunit.core.importer.JavaClassProcessor - Processing class 'java/util/function/Function'
21:07:25.414 [Test worker] DEBUG com.tngtech.archunit.core.importer.JavaClassProcessor - Processing class 'java/lang/Void'
21:07:25.415 [Test worker] DEBUG com.tngtech.archunit.core.importer.JavaClassProcessor - Processing class 'java/nio/charset/CharsetDecoder'
21:07:25.427 [Test worker] DEBUG com.tngtech.archunit.core.importer.JavaClassProcessor - Processing class 'java/nio/charset/UnmappableCharacterException'
21:07:25.428 [Test worker] DEBUG com.tngtech.archunit.core.importer.JavaClassProcessor - Processing class 'java/lang/StringBuilder'
21:07:25.431 [Test worker] DEBUG com.tngtech.archunit.core.importer.JavaClassProcessor - Processing class 'java/io/PrintStream'
21:07:25.433 [Test worker] DEBUG com.tngtech.archunit.core.importer.JavaClassProcessor - Processing class 'java/util/Properties'
21:07:25.441 [Test worker] DEBUG com.tngtech.archunit.core.importer.JavaClassProcessor - Processing class 'java/lang/ModuleLayer'
21:07:25.443 [Test worker] DEBUG com.tngtech.archunit.core.importer.JavaClassProcessor - Processing class 'java/io/Console'
21:07:25.554 [Test worker] DEBUG com.tngtech.archunit.core.importer.JavaClassProcessor - Processing class 'java/lang/invoke/StringConcatFactory'
21:07:25.556 [Test worker] DEBUG com.tngtech.archunit.core.importer.JavaClassProcessor - Processing class 'java/nio/channels/Channel'
21:07:25.557 [Test worker] DEBUG com.tngtech.archunit.core.importer.JavaClassProcessor - Processing class 'java/io/FileOutputStream'
21:07:25.558 [Test worker] DEBUG com.tngtech.archunit.core.importer.JavaClassProcessor - Processing class 'java/lang/System$Logger'
21:07:25.559 [Test worker] DEBUG com.tngtech.archunit.core.importer.JavaClassProcessor - Processing class 'java/util/ResourceBundle'
21:07:25.563 [Test worker] DEBUG com.tngtech.archunit.core.importer.JavaClassProcessor - Processing class 'java/util/concurrent/atomic/AtomicInteger'
21:07:25.564 [Test worker] DEBUG com.tngtech.archunit.core.importer.JavaClassProcessor - Processing class 'jdk/internal/misc/TerminatingThreadLocal'
21:07:25.565 [Test worker] DEBUG com.tngtech.archunit.core.importer.JavaClassProcessor - Processing class 'java/lang/ThreadLocal$ThreadLocalMap'
21:07:25.567 [Test worker] DEBUG com.tngtech.archunit.core.importer.JavaClassProcessor - Processing class 'java/util/function/Supplier'
21:07:25.568 [Test worker] DEBUG com.tngtech.archunit.core.importer.JavaClassProcessor - Processing class 'java/lang/Thread'
21:07:25.572 [Test worker] DEBUG com.tngtech.archunit.core.importer.JavaClassProcessor - Processing class 'java/lang/StackTraceElement'
21:07:25.574 [Test worker] DEBUG com.tngtech.archunit.core.importer.JavaClassProcessor - Processing class 'java/io/PrintWriter'
21:07:25.575 [Test worker] DEBUG com.tngtech.archunit.core.importer.JavaClassProcessor - Processing class 'java/lang/Throwable$PrintStreamOrWriter'
21:07:25.576 [Test worker] DEBUG com.tngtech.archunit.core.importer.JavaClassProcessor - Processing class 'java/io/ObjectOutputStream'
21:07:25.583 [Test worker] DEBUG com.tngtech.archunit.core.importer.JavaClassProcessor - Processing class 'java/lang/constant/DirectMethodHandleDesc'
21:07:25.586 [Test worker] DEBUG com.tngtech.archunit.core.importer.JavaClassProcessor - Processing class 'java/lang/reflect/AccessibleObject$Cache'
21:07:25.588 [Test worker] DEBUG com.tngtech.archunit.core.importer.JavaClassProcessor - Processing class 'java/lang/invoke/MethodHandle'
21:07:25.685 [Test worker] DEBUG com.tngtech.archunit.core.importer.JavaClassProcessor - Processing class 'java/lang/ref/WeakReference'
21:07:25.689 [Test worker] DEBUG com.tngtech.archunit.core.importer.JavaClassProcessor - Processing class 'java/lang/reflect/Parameter'
21:07:25.692 [Test worker] DEBUG com.tngtech.archunit.core.importer.JavaClassProcessor - Processing class 'sun/reflect/generics/repository/ConstructorRepository'
21:07:25.703 [Test worker] DEBUG com.tngtech.archunit.core.importer.JavaClassProcessor - Processing class 'sun/reflect/generics/repository/FieldRepository'
21:07:25.704 [Test worker] DEBUG com.tngtech.archunit.core.importer.JavaClassProcessor - Processing class 'jdk/internal/reflect/FieldAccessor'
21:07:25.711 [Test worker] DEBUG com.tngtech.archunit.core.importer.JavaClassProcessor - Processing class 'jdk/internal/reflect/MethodAccessor'
21:07:25.712 [Test worker] DEBUG com.tngtech.archunit.core.importer.JavaClassProcessor - Processing class 'sun/reflect/generics/repository/MethodRepository'
21:07:25.713 [Test worker] DEBUG com.tngtech.archunit.core.importer.JavaClassProcessor - Processing class 'java/lang/reflect/InvocationTargetException'
21:07:25.715 [Test worker] DEBUG com.tngtech.archunit.core.importer.JavaClassProcessor - Processing class 'sun/reflect/annotation/ExceptionProxy'
21:07:25.716 [Test worker] DEBUG com.tngtech.archunit.core.importer.JavaClassProcessor - Processing class 'sun/reflect/annotation/TypeNotPresentExceptionProxy'
21:07:25.721 [Test worker] DEBUG com.tngtech.archunit.core.importer.JavaClassProcessor - Processing class 'java/util/Hashtable'
21:07:25.726 [Test worker] DEBUG com.tngtech.archunit.core.importer.JavaClassProcessor - Processing class 'java/net/UrlDeserializedState'
21:07:25.729 [Test worker] DEBUG com.tngtech.archunit.core.importer.JavaClassProcessor - Processing class 'java/net/InetAddress'
21:07:25.741 [Test worker] DEBUG com.tngtech.archunit.core.importer.JavaClassProcessor - Processing class 'java/net/URLConnection'
21:07:25.752 [Test worker] DEBUG com.tngtech.archunit.core.importer.JavaClassProcessor - Processing class 'java/net/URI'
21:07:25.787 [Test worker] DEBUG com.tngtech.archunit.core.importer.JavaClassProcessor - Processing class 'java/net/MalformedURLException'
21:07:25.788 [Test worker] DEBUG com.tngtech.archunit.core.importer.JavaClassProcessor - Processing class 'java/net/URISyntaxException'
21:07:25.789 [Test worker] DEBUG com.tngtech.archunit.core.importer.JavaClassProcessor - Processing class 'java/net/Proxy'
21:07:25.790 [Test worker] DEBUG com.tngtech.archunit.core.importer.JavaClassProcessor - Processing class 'java/io/InvalidObjectException'
21:07:25.845 [Test worker] DEBUG com.tngtech.archunit.core.importer.JavaClassProcessor - Processing class 'sun/net/www/protocol/jar/Handler'
21:07:25.847 [Test worker] DEBUG com.tngtech.archunit.core.importer.JavaClassProcessor - Processing class 'java/nio/charset/CharsetEncoder'
21:07:25.849 [Test worker] DEBUG com.tngtech.archunit.core.importer.JavaClassProcessor - Processing class 'java/nio/ByteBuffer'
21:07:25.851 [Test worker] DEBUG com.tngtech.archunit.core.importer.JavaClassProcessor - Processing class 'java/nio/CharBuffer'
21:07:25.853 [Test worker] DEBUG com.tngtech.archunit.core.importer.JavaClassProcessor - Processing class 'java/util/SortedMap'
21:07:25.857 [Test worker] DEBUG com.tngtech.archunit.core.importer.JavaClassProcessor - Processing class 'java/io/DataOutput'
21:07:25.877 [Test worker] DEBUG com.tngtech.archunit.core.importer.JavaClassProcessor - Processing class 'java/math/BigDecimal'
21:07:25.882 [Test worker] DEBUG com.tngtech.archunit.core.importer.JavaClassProcessor - Processing class 'java/io/DataInput'
21:07:25.885 [Test worker] DEBUG com.tngtech.archunit.core.importer.JavaClassProcessor - Processing class 'java/time/temporal/ChronoUnit'
21:07:25.887 [Test worker] DEBUG com.tngtech.archunit.core.importer.JavaClassProcessor - Processing class 'java/time/temporal/TemporalField'
21:07:25.897 [Test worker] DEBUG com.tngtech.archunit.core.importer.JavaClassProcessor - Processing class 'java/time/chrono/ChronoPeriod'
21:07:25.898 [Test worker] DEBUG com.tngtech.archunit.core.importer.JavaClassProcessor - Processing class 'java/time/DayOfWeek'
21:07:25.899 [Test worker] DEBUG com.tngtech.archunit.core.importer.JavaClassProcessor - Processing class 'java/time/chrono/Era'
21:07:25.899 [Test worker] DEBUG com.tngtech.archunit.core.importer.JavaClassProcessor - Processing class 'java/time/chrono/Chronology'
21:07:25.900 [Test worker] DEBUG com.tngtech.archunit.core.importer.JavaClassProcessor - Processing class 'java/time/temporal/ChronoField'
21:07:25.902 [Test worker] DEBUG com.tngtech.archunit.core.importer.JavaClassProcessor - Processing class 'java/time/OffsetDateTime'
21:07:25.903 [Test worker] DEBUG com.tngtech.archunit.core.importer.JavaClassProcessor - Processing class 'java/time/OffsetTime'
21:07:25.906 [Test worker] DEBUG com.tngtech.archunit.core.importer.JavaClassProcessor - Processing class 'java/time/Month'
21:07:25.907 [Test worker] DEBUG com.tngtech.archunit.core.importer.JavaClassProcessor - Processing class 'java/time/Period'
21:07:25.909 [Test worker] DEBUG com.tngtech.archunit.core.importer.JavaClassProcessor - Processing class 'java/time/Clock'
21:07:25.910 [Test worker] DEBUG com.tngtech.archunit.core.importer.JavaClassProcessor - Processing class 'java/time/chrono/IsoEra'
21:07:25.911 [Test worker] DEBUG com.tngtech.archunit.core.importer.JavaClassProcessor - Processing class 'java/time/ZoneOffset'
21:07:25.912 [Test worker] DEBUG com.tngtech.archunit.core.importer.JavaClassProcessor - Processing class 'java/time/format/DateTimeFormatter'
21:07:25.963 [Test worker] DEBUG com.tngtech.archunit.core.importer.JavaClassProcessor - Processing class 'java/time/chrono/IsoChronology'
21:07:25.965 [Test worker] DEBUG com.tngtech.archunit.core.importer.JavaClassProcessor - Processing class 'java/time/LocalTime'
21:07:25.968 [Test worker] DEBUG com.tngtech.archunit.core.importer.JavaClassProcessor - Processing class 'java/time/temporal/ValueRange'
21:07:25.972 [Test worker] DEBUG com.tngtech.archunit.core.importer.JavaClassProcessor - Processing class 'java/time/temporal/TemporalQuery'
21:07:25.981 [Test worker] DEBUG com.tngtech.archunit.core.importer.JavaClassProcessor - Processing class 'java/time/format/TextStyle'
21:07:25.983 [Test worker] DEBUG com.tngtech.archunit.core.importer.JavaClassProcessor - Processing class 'java/time/zone/ZoneRules'
21:07:25.986 [Test worker] DEBUG com.tngtech.archunit.core.importer.JavaClassProcessor - Processing class 'java/time/ZoneRegion'
21:07:25.988 [Test worker] DEBUG com.tngtech.archunit.core.importer.JavaClassProcessor - Processing class 'java/io/ObjectInput'
21:07:25.990 [Test worker] DEBUG com.tngtech.archunit.core.importer.JavaClassProcessor - Processing class 'java/lang/invoke/SerializedLambda'
21:07:25.998 [Test worker] DEBUG com.tngtech.archunit.core.importer.JavaClassProcessor - Processing class 'java/util/ListIterator'
21:07:26.002 [Test worker] DEBUG com.tngtech.archunit.core.importer.JavaClassProcessor - Processing class 'java/util/function/UnaryOperator'
21:07:26.008 [Test worker] DEBUG com.tngtech.archunit.core.importer.JavaClassProcessor - Processing class 'java/util/function/Predicate'
21:07:26.016 [Test worker] DEBUG com.tngtech.archunit.core.importer.JavaClassProcessor - Processing class 'java/util/function/LongBinaryOperator'
21:07:26.017 [Test worker] DEBUG com.tngtech.archunit.core.importer.JavaClassProcessor - Processing class 'java/util/function/IntToLongFunction'
21:07:26.018 [Test worker] DEBUG com.tngtech.archunit.core.importer.JavaClassProcessor - Processing class 'java/util/Spliterator$OfDouble'
21:07:26.019 [Test worker] DEBUG com.tngtech.archunit.core.importer.JavaClassProcessor - Processing class 'java/util/function/IntBinaryOperator'
21:07:26.020 [Test worker] DEBUG com.tngtech.archunit.core.importer.JavaClassProcessor - Processing class 'java/util/function/IntUnaryOperator'
21:07:26.023 [Test worker] DEBUG com.tngtech.archunit.core.importer.JavaClassProcessor - Processing class 'java/util/function/IntFunction'
21:07:26.024 [Test worker] DEBUG com.tngtech.archunit.core.importer.JavaClassProcessor - Processing class 'java/util/function/BinaryOperator'
21:07:26.025 [Test worker] DEBUG com.tngtech.archunit.core.importer.JavaClassProcessor - Processing class 'java/util/Spliterator$OfInt'
21:07:26.026 [Test worker] DEBUG com.tngtech.archunit.core.importer.JavaClassProcessor - Processing class 'java/util/function/IntToDoubleFunction'
21:07:26.026 [Test worker] DEBUG com.tngtech.archunit.core.importer.JavaClassProcessor - Processing class 'java/util/Spliterator$OfLong'
21:07:26.028 [Test worker] DEBUG com.tngtech.archunit.core.importer.JavaClassProcessor - Processing class 'java/util/function/DoubleBinaryOperator'
21:07:26.033 [Test worker] DEBUG com.tngtech.archunit.core.importer.JavaClassProcessor - Processing class 'java/util/function/ToIntFunction'
21:07:26.034 [Test worker] DEBUG com.tngtech.archunit.core.importer.JavaClassProcessor - Processing class 'java/util/function/ToLongFunction'
21:07:26.035 [Test worker] DEBUG com.tngtech.archunit.core.importer.JavaClassProcessor - Processing class 'java/util/function/ToDoubleFunction'
21:07:26.036 [Test worker] DEBUG com.tngtech.archunit.core.importer.JavaClassProcessor - Processing class 'sun/util/calendar/BaseCalendar$Date'
21:07:26.037 [Test worker] DEBUG com.tngtech.archunit.core.importer.JavaClassProcessor - Processing class 'sun/util/calendar/BaseCalendar'
21:07:26.039 [Test worker] DEBUG com.tngtech.archunit.core.importer.JavaClassProcessor - Processing class 'sun/util/calendar/ZoneInfo'
21:07:26.077 [Test worker] DEBUG com.tngtech.archunit.core.importer.JavaClassProcessor - Processing class 'java/util/Locale$Category'
21:07:26.078 [Test worker] DEBUG com.tngtech.archunit.core.importer.JavaClassProcessor - Processing class 'java/util/spi/LocaleNameProvider'
21:07:26.080 [Test worker] DEBUG com.tngtech.archunit.core.importer.JavaClassProcessor - Processing class 'java/util/Locale$FilteringMode'
21:07:26.081 [Test worker] DEBUG com.tngtech.archunit.core.importer.JavaClassProcessor - Processing class 'java/util/MissingResourceException'
21:07:26.082 [Test worker] DEBUG com.tngtech.archunit.core.importer.JavaClassProcessor - Processing class 'sun/util/locale/provider/LocaleResources'
21:07:26.085 [Test worker] DEBUG com.tngtech.archunit.core.importer.JavaClassProcessor - Processing class 'java/util/Locale$IsoCountryCode'
21:07:26.087 [Test worker] DEBUG com.tngtech.archunit.core.importer.JavaClassProcessor - Processing class 'java/util/function/BiFunction'
21:07:26.089 [Test worker] DEBUG com.tngtech.archunit.core.importer.JavaClassProcessor - Processing class 'java/util/ImmutableCollections$AbstractImmutableMap'
21:07:26.094 [Test worker] DEBUG com.tngtech.archunit.core.importer.JavaClassProcessor - Processing class 'java/util/function/BiConsumer'
21:07:26.097 [Test worker] DEBUG com.tngtech.archunit.core.importer.JavaClassProcessor - Processing class 'java/util/KeyValueHolder'
21:07:26.099 [Test worker] DEBUG com.tngtech.archunit.core.importer.JavaClassProcessor - Processing class 'java/util/ImmutableCollections$AbstractImmutableSet'
21:07:26.102 [Test worker] DEBUG com.tngtech.archunit.core.importer.JavaClassProcessor - Processing class 'jdk/internal/access/JavaLangAccess'
21:07:26.104 [Test worker] DEBUG com.tngtech.archunit.core.importer.JavaClassProcessor - Processing class 'jdk/internal/misc/Unsafe'
21:07:26.139 [Test worker] DEBUG com.tngtech.archunit.core.importer.JavaClassProcessor - Processing class 'java/util/concurrent/ConcurrentHashMap$ValuesView'
21:07:26.168 [Test worker] DEBUG com.tngtech.archunit.core.importer.JavaClassProcessor - Processing class 'java/util/concurrent/ConcurrentHashMap$Node'
21:07:26.170 [Test worker] DEBUG com.tngtech.archunit.core.importer.JavaClassProcessor - Processing class 'java/util/concurrent/ConcurrentHashMap$EntrySetView'
21:07:26.172 [Test worker] DEBUG com.tngtech.archunit.core.importer.JavaClassProcessor - Processing class 'java/util/concurrent/ConcurrentHashMap$KeySetView'
21:07:26.173 [Test worker] DEBUG com.tngtech.archunit.core.importer.JavaClassProcessor - Processing class 'java/util/concurrent/ConcurrentHashMap$CounterCell'
21:07:26.174 [Test worker] DEBUG com.tngtech.archunit.core.importer.JavaClassProcessor - Processing class 'java/util/concurrent/ConcurrentHashMap$TreeBin'
21:07:26.175 [Test worker] DEBUG com.tngtech.archunit.core.importer.JavaClassProcessor - Processing class 'java/util/concurrent/ConcurrentHashMap$ReservationNode'
21:07:26.176 [Test worker] DEBUG com.tngtech.archunit.core.importer.JavaClassProcessor - Processing class 'java/util/function/ToDoubleBiFunction'
21:07:26.177 [Test worker] DEBUG com.tngtech.archunit.core.importer.JavaClassProcessor - Processing class 'java/util/Enumeration'
21:07:26.180 [Test worker] DEBUG com.tngtech.archunit.core.importer.JavaClassProcessor - Processing class 'java/lang/reflect/ParameterizedType'
21:07:26.181 [Test worker] DEBUG com.tngtech.archunit.core.importer.JavaClassProcessor - Processing class 'java/util/concurrent/ConcurrentHashMap$ForwardingNode'
21:07:26.183 [Test worker] DEBUG com.tngtech.archunit.core.importer.JavaClassProcessor - Processing class 'java/util/function/ToLongBiFunction'
21:07:26.184 [Test worker] DEBUG com.tngtech.archunit.core.importer.JavaClassProcessor - Processing class 'java/util/function/ToIntBiFunction'
21:07:26.186 [Test worker] DEBUG com.tngtech.archunit.core.importer.JavaClassProcessor - Processing class 'java/util/concurrent/ConcurrentHashMap$Segment'
21:07:26.187 [Test worker] DEBUG com.tngtech.archunit.core.importer.JavaClassProcessor - Processing class 'java/util/concurrent/locks/LockSupport'
21:07:26.195 [Test worker] DEBUG com.tngtech.archunit.core.importer.JavaClassProcessor - Processing class 'java/util/function/ObjDoubleConsumer'
21:07:26.196 [Test worker] DEBUG com.tngtech.archunit.core.importer.JavaClassProcessor - Processing class 'java/util/function/DoublePredicate'
21:07:26.197 [Test worker] DEBUG com.tngtech.archunit.core.importer.JavaClassProcessor - Processing class 'java/util/function/DoubleUnaryOperator'
21:07:26.197 [Test worker] DEBUG com.tngtech.archunit.core.importer.JavaClassProcessor - Processing class 'java/util/OptionalDouble'
21:07:26.198 [Test worker] DEBUG com.tngtech.archunit.core.importer.JavaClassProcessor - Processing class 'java/util/PrimitiveIterator$OfDouble'
21:07:26.204 [Test worker] DEBUG com.tngtech.archunit.core.importer.JavaClassProcessor - Processing class 'java/util/stream/DoubleStream$Builder'
21:07:26.209 [Test worker] DEBUG com.tngtech.archunit.core.importer.JavaClassProcessor - Processing class 'java/util/stream/DoubleStream$DoubleMapMultiConsumer'
21:07:26.210 [Test worker] DEBUG com.tngtech.archunit.core.importer.JavaClassProcessor - Processing class 'java/util/function/DoubleSupplier'
21:07:26.211 [Test worker] DEBUG com.tngtech.archunit.core.importer.JavaClassProcessor - Processing class 'java/util/function/DoubleToLongFunction'
21:07:26.211 [Test worker] DEBUG com.tngtech.archunit.core.importer.JavaClassProcessor - Processing class 'java/util/function/DoubleFunction'
21:07:26.213 [Test worker] DEBUG com.tngtech.archunit.core.importer.JavaClassProcessor - Processing class 'java/util/function/DoubleToIntFunction'
21:07:26.214 [Test worker] DEBUG com.tngtech.archunit.core.importer.JavaClassProcessor - Processing class 'java/util/function/IntPredicate'
21:07:26.228 [Test worker] DEBUG com.tngtech.archunit.core.importer.JavaClassProcessor - Processing class 'java/util/stream/IntStream$IntMapMultiConsumer'
21:07:26.228 [Test worker] DEBUG com.tngtech.archunit.core.importer.JavaClassProcessor - Processing class 'java/util/OptionalInt'
21:07:26.229 [Test worker] DEBUG com.tngtech.archunit.core.importer.JavaClassProcessor - Processing class 'java/util/PrimitiveIterator$OfInt'
21:07:26.230 [Test worker] DEBUG com.tngtech.archunit.core.importer.JavaClassProcessor - Processing class 'java/util/function/ObjIntConsumer'
21:07:26.231 [Test worker] DEBUG com.tngtech.archunit.core.importer.JavaClassProcessor - Processing class 'java/util/function/IntSupplier'
21:07:26.231 [Test worker] DEBUG com.tngtech.archunit.core.importer.JavaClassProcessor - Processing class 'java/util/stream/IntStream$Builder'
21:07:26.232 [Test worker] DEBUG com.tngtech.archunit.core.importer.JavaClassProcessor - Processing class 'java/util/function/LongPredicate'
21:07:26.233 [Test worker] DEBUG com.tngtech.archunit.core.importer.JavaClassProcessor - Processing class 'java/util/function/LongSupplier'
21:07:26.233 [Test worker] DEBUG com.tngtech.archunit.core.importer.JavaClassProcessor - Processing class 'java/util/OptionalLong'
21:07:26.234 [Test worker] DEBUG com.tngtech.archunit.core.importer.JavaClassProcessor - Processing class 'java/util/function/LongUnaryOperator'
21:07:26.235 [Test worker] DEBUG com.tngtech.archunit.core.importer.JavaClassProcessor - Processing class 'java/util/function/LongFunction'
21:07:26.236 [Test worker] DEBUG com.tngtech.archunit.core.importer.JavaClassProcessor - Processing class 'java/util/function/LongToIntFunction'
21:07:26.236 [Test worker] DEBUG com.tngtech.archunit.core.importer.JavaClassProcessor - Processing class 'java/util/function/LongToDoubleFunction'
21:07:26.237 [Test worker] DEBUG com.tngtech.archunit.core.importer.JavaClassProcessor - Processing class 'java/util/function/ObjLongConsumer'
21:07:26.238 [Test worker] DEBUG com.tngtech.archunit.core.importer.JavaClassProcessor - Processing class 'java/util/stream/LongStream$LongMapMultiConsumer'
21:07:26.238 [Test worker] DEBUG com.tngtech.archunit.core.importer.JavaClassProcessor - Processing class 'java/util/PrimitiveIterator$OfLong'
21:07:26.240 [Test worker] DEBUG com.tngtech.archunit.core.importer.JavaClassProcessor - Processing class 'java/util/stream/LongStream$Builder'
21:07:26.242 [Test worker] DEBUG com.tngtech.archunit.core.importer.JavaClassProcessor - Processing class 'java/util/stream/Stream$Builder'
21:07:26.256 [Test worker] DEBUG com.tngtech.archunit.core.importer.JavaClassProcessor - Processing class 'javax/persistence/Index'
21:07:26.260 [Test worker] DEBUG com.tngtech.archunit.core.importer.JavaClassProcessor - Processing class 'javax/persistence/UniqueConstraint'
21:07:26.261 [Test worker] DEBUG com.tngtech.archunit.core.importer.JavaClassProcessor - Processing class 'javax/security/auth/DestroyFailedException'
21:07:26.265 [Test worker] DEBUG com.tngtech.archunit.core.importer.JavaClassProcessor - Processing class 'javax/servlet/FilterConfig'
21:07:26.266 [Test worker] DEBUG com.tngtech.archunit.core.importer.JavaClassProcessor - Processing class 'java/util/EnumSet'
21:07:26.272 [Test worker] DEBUG com.tngtech.archunit.core.importer.JavaClassProcessor - Processing class 'javax/servlet/ServletConfig'
21:07:26.276 [Test worker] DEBUG com.tngtech.archunit.core.importer.JavaClassProcessor - Processing class 'javax/servlet/ServletSecurityElement'
21:07:26.279 [Test worker] DEBUG com.tngtech.archunit.core.importer.JavaClassProcessor - Processing class 'javax/servlet/MultipartConfigElement'
21:07:26.284 [Test worker] DEBUG com.tngtech.archunit.core.importer.JavaClassProcessor - Processing class 'javax/servlet/AsyncContext'
21:07:26.286 [Test worker] DEBUG com.tngtech.archunit.core.importer.JavaClassProcessor - Processing class 'java/io/BufferedReader'
21:07:26.288 [Test worker] DEBUG com.tngtech.archunit.core.importer.JavaClassProcessor - Processing class 'javax/servlet/ServletInputStream'
21:07:26.290 [Test worker] DEBUG com.tngtech.archunit.core.importer.JavaClassProcessor - Processing class 'javax/servlet/ServletContext'
21:07:26.292 [Test worker] DEBUG com.tngtech.archunit.core.importer.JavaClassProcessor - Processing class 'javax/servlet/RequestDispatcher'
21:07:26.297 [Test worker] DEBUG com.tngtech.archunit.core.importer.JavaClassProcessor - Processing class 'javax/servlet/ServletOutputStream'
21:07:26.302 [Test worker] DEBUG com.tngtech.archunit.core.importer.JavaClassProcessor - Processing class 'javax/servlet/http/HttpSession'
21:07:26.304 [Test worker] DEBUG com.tngtech.archunit.core.importer.JavaClassProcessor - Processing class 'javax/servlet/http/PushBuilder'
21:07:26.307 [Test worker] DEBUG com.tngtech.archunit.core.importer.JavaClassProcessor - Processing class 'javax/servlet/http/HttpServletMapping'
21:07:26.313 [Test worker] DEBUG com.tngtech.archunit.core.importer.JavaClassProcessor - Processing class 'java/security/Principal'
21:07:26.315 [Test worker] DEBUG com.tngtech.archunit.core.importer.JavaClassProcessor - Processing class 'javax/servlet/http/Cookie'
21:07:26.319 [Test worker] DEBUG com.tngtech.archunit.core.importer.JavaClassProcessor - Processing class 'javax/servlet/http/WebConnection'
21:07:26.321 [Test worker] DEBUG com.tngtech.archunit.core.importer.JavaClassProcessor - Processing class 'java/security/MessageDigest'
21:07:26.345 [Test worker] DEBUG com.tngtech.archunit.core.importer.JavaClassProcessor - Processing class 'java/nio/file/Path'
21:07:26.349 [Test worker] DEBUG com.tngtech.archunit.core.importer.JavaClassProcessor - Processing class 'java/nio/file/OpenOption'
21:07:26.350 [Test worker] DEBUG com.tngtech.archunit.core.importer.JavaClassProcessor - Processing class 'java/io/File'
21:07:26.351 [Test worker] DEBUG com.tngtech.archunit.core.importer.JavaClassProcessor - Processing class 'java/nio/channels/FileChannel'
21:07:26.352 [Test worker] DEBUG com.tngtech.archunit.core.importer.JavaClassProcessor - Processing class 'java/io/RandomAccessFile'
21:07:26.358 [Test worker] DEBUG com.tngtech.archunit.core.importer.JavaClassProcessor - Processing class 'org/aspectj/lang/JoinPoint$StaticPart'
21:07:26.359 [Test worker] DEBUG com.tngtech.archunit.core.importer.JavaClassProcessor - Processing class 'org/aspectj/lang/reflect/SourceLocation'
21:07:26.360 [Test worker] DEBUG com.tngtech.archunit.core.importer.JavaClassProcessor - Processing class 'org/aspectj/runtime/internal/AroundClosure'
21:07:26.363 [Test worker] DEBUG com.tngtech.archunit.core.importer.JavaClassProcessor - Processing class 'org/slf4j/Marker'
21:07:26.365 [Test worker] DEBUG com.tngtech.archunit.core.importer.JavaClassProcessor - Processing class 'org/slf4j/helpers/NOPLoggerFactory'
21:07:26.366 [Test worker] DEBUG com.tngtech.archunit.core.importer.JavaClassProcessor - Processing class 'org/slf4j/helpers/SubstituteLoggerFactory'
21:07:26.367 [Test worker] DEBUG com.tngtech.archunit.core.importer.JavaClassProcessor - Processing class 'org/slf4j/ILoggerFactory'
21:07:26.368 [Test worker] DEBUG com.tngtech.archunit.core.importer.JavaClassProcessor - Processing class 'org/slf4j/event/SubstituteLoggingEvent'
21:07:26.370 [Test worker] DEBUG com.tngtech.archunit.core.importer.JavaClassProcessor - Processing class 'org/aopalliance/aop/Advice'
21:07:26.383 [Test worker] DEBUG com.tngtech.archunit.core.importer.JavaClassProcessor - Processing class 'org/springframework/aop/ClassFilter'
21:07:26.385 [Test worker] DEBUG com.tngtech.archunit.core.importer.JavaClassProcessor - Processing class 'org/springframework/aop/Pointcut'
21:07:26.388 [Test worker] DEBUG com.tngtech.archunit.core.importer.JavaClassProcessor - Processing class 'org/springframework/beans/BeansException'
21:07:26.390 [Test worker] DEBUG com.tngtech.archunit.core.importer.JavaClassProcessor - Processing class 'org/springframework/beans/factory/NoSuchBeanDefinitionException'
21:07:26.392 [Test worker] DEBUG com.tngtech.archunit.core.importer.JavaClassProcessor - Processing class 'org/springframework/beans/factory/ObjectProvider'
21:07:26.394 [Test worker] DEBUG com.tngtech.archunit.core.importer.JavaClassProcessor - Processing class 'org/springframework/core/ResolvableType'
21:07:26.404 [Test worker] DEBUG com.tngtech.archunit.core.importer.JavaClassProcessor - Processing class 'org/springframework/beans/factory/config/BeanDefinition'
21:07:26.408 [Test worker] DEBUG com.tngtech.archunit.core.importer.JavaClassProcessor - Processing class 'org/springframework/beans/factory/support/BeanDefinitionRegistry'
21:07:26.427 [Test worker] DEBUG com.tngtech.archunit.core.importer.JavaClassProcessor - Processing class 'org/springframework/boot/BootstrapRegistry'
21:07:26.431 [Test worker] DEBUG com.tngtech.archunit.core.importer.JavaClassProcessor - Processing class 'org/springframework/core/metrics/ApplicationStartup'
21:07:26.435 [Test worker] DEBUG com.tngtech.archunit.core.importer.JavaClassProcessor - Processing class 'org/apache/commons/logging/Log'
21:07:26.455 [Test worker] DEBUG com.tngtech.archunit.core.importer.JavaClassProcessor - Processing class 'org/springframework/boot/Banner'
21:07:26.462 [Test worker] DEBUG com.tngtech.archunit.core.importer.JavaClassProcessor - Processing class 'org/springframework/boot/WebApplicationType'
21:07:26.478 [Test worker] DEBUG com.tngtech.archunit.core.importer.JavaClassProcessor - Processing class 'org/springframework/boot/SpringApplicationShutdownHook'
21:07:26.483 [Test worker] DEBUG com.tngtech.archunit.core.importer.JavaClassProcessor - Processing class 'org/springframework/boot/ApplicationContextFactory'
21:07:26.492 [Test worker] DEBUG com.tngtech.archunit.core.importer.JavaClassProcessor - Processing class 'org/springframework/boot/Banner$Mode'
21:07:26.494 [Test worker] DEBUG com.tngtech.archunit.core.importer.JavaClassProcessor - Processing class 'org/springframework/boot/ExitCodeExceptionMapper'
21:07:26.506 [Test worker] DEBUG com.tngtech.archunit.core.importer.JavaClassProcessor - Processing class 'org/springframework/boot/ExitCodeGenerator'
21:07:26.511 [Test worker] DEBUG com.tngtech.archunit.core.importer.JavaClassProcessor - Processing class 'org/springframework/boot/CommandLineRunner'
21:07:26.512 [Test worker] DEBUG com.tngtech.archunit.core.importer.JavaClassProcessor - Processing class 'org/springframework/boot/ApplicationArguments'
21:07:26.514 [Test worker] DEBUG com.tngtech.archunit.core.importer.JavaClassProcessor - Processing class 'org/springframework/context/support/GenericApplicationContext'
21:07:26.517 [Test worker] DEBUG com.tngtech.archunit.core.importer.JavaClassProcessor - Processing class 'org/springframework/core/io/DefaultResourceLoader'
21:07:26.523 [Test worker] DEBUG com.tngtech.archunit.core.importer.JavaClassProcessor - Processing class 'org/springframework/boot/SpringApplicationShutdownHandlers'
21:07:26.530 [Test worker] DEBUG com.tngtech.archunit.core.importer.JavaClassProcessor - Processing class 'org/springframework/boot/DefaultBootstrapContext'
21:07:26.533 [Test worker] DEBUG com.tngtech.archunit.core.importer.JavaClassProcessor - Processing class 'org/springframework/boot/ApplicationEnvironment'
21:07:26.535 [Test worker] DEBUG com.tngtech.archunit.core.importer.JavaClassProcessor - Processing class 'org/springframework/boot/ApplicationServletEnvironment'
21:07:26.537 [Test worker] DEBUG com.tngtech.archunit.core.importer.JavaClassProcessor - Processing class 'org/springframework/boot/ApplicationReactiveWebEnvironment'
21:07:26.539 [Test worker] DEBUG com.tngtech.archunit.core.importer.JavaClassProcessor - Processing class 'org/springframework/boot/SpringApplicationRunListeners'
21:07:26.544 [Test worker] DEBUG com.tngtech.archunit.core.importer.JavaClassProcessor - Processing class 'org/springframework/beans/factory/support/AbstractAutowireCapableBeanFactory'
21:07:26.570 [Test worker] DEBUG com.tngtech.archunit.core.importer.JavaClassProcessor - Processing class 'org/springframework/beans/factory/support/DefaultListableBeanFactory'
21:07:26.612 [Test worker] DEBUG com.tngtech.archunit.core.importer.JavaClassProcessor - Processing class 'org/springframework/context/support/AbstractApplicationContext'
21:07:26.625 [Test worker] DEBUG com.tngtech.archunit.core.importer.JavaClassProcessor - Processing class 'org/springframework/boot/ApplicationRunner'
21:07:26.627 [Test worker] DEBUG com.tngtech.archunit.core.importer.JavaClassProcessor - Processing class 'org/springframework/boot/SpringApplicationRunListener'
21:07:26.631 [Test worker] DEBUG com.tngtech.archunit.core.importer.JavaClassProcessor - Processing class 'org/springframework/boot/SpringBootExceptionHandler'
21:07:26.647 [Test worker] DEBUG com.tngtech.archunit.core.importer.JavaClassProcessor - Processing class 'org/springframework/boot/BeanDefinitionLoader'
21:07:26.659 [Test worker] DEBUG com.tngtech.archunit.core.importer.JavaClassProcessor - Processing class 'org/springframework/core/type/classreading/MetadataReader'
21:07:26.663 [Test worker] DEBUG com.tngtech.archunit.core.importer.JavaClassProcessor - Processing class 'org/springframework/core/type/classreading/MetadataReaderFactory'
21:07:26.665 [Test worker] DEBUG com.tngtech.archunit.core.importer.JavaClassProcessor - Processing class 'org/springframework/boot/autoconfigure/AutoConfigurationMetadata'
21:07:26.674 [Test worker] DEBUG com.tngtech.archunit.core.importer.JavaClassProcessor - Processing class 'org/springframework/boot/autoconfigure/AutoConfigurationImportEvent'
21:07:26.676 [Test worker] DEBUG com.tngtech.archunit.core.importer.JavaClassProcessor - Processing class 'org/springframework/boot/autoconfigure/AutoConfigurationImportSelector$AutoConfigurationEntry'
21:07:26.677 [Test worker] DEBUG com.tngtech.archunit.core.importer.JavaClassProcessor - Processing class 'org/springframework/beans/factory/config/ConfigurableListableBeanFactory'
21:07:26.678 [Test worker] DEBUG com.tngtech.archunit.core.importer.JavaClassProcessor - Processing class 'org/springframework/boot/autoconfigure/AutoConfigurationImportSelector$ConfigurationClassFilter'
21:07:26.680 [Test worker] DEBUG com.tngtech.archunit.core.importer.JavaClassProcessor - Processing class 'org/springframework/core/type/AnnotationMetadata'
21:07:26.681 [Test worker] DEBUG com.tngtech.archunit.core.importer.JavaClassProcessor - Processing class 'org/springframework/core/annotation/AnnotationAttributes'
21:07:26.721 [Test worker] DEBUG com.tngtech.archunit.core.importer.JavaClassProcessor - Processing class 'org/springframework/boot/autoconfigure/AutoConfigurationImportSelector$AutoConfigurationGroup'
21:07:26.724 [Test worker] DEBUG com.tngtech.archunit.core.importer.JavaClassProcessor - Processing class 'org/springframework/boot/autoconfigure/AutoConfigurationPackages$BasePackages'
21:07:26.734 [Test worker] DEBUG com.tngtech.archunit.core.importer.JavaClassProcessor - Processing class 'org/springframework/web/util/UriTemplateHandler'
21:07:26.735 [Test worker] DEBUG com.tngtech.archunit.core.importer.JavaClassProcessor - Processing class 'org/springframework/boot/web/client/BasicAuthentication'
21:07:26.736 [Test worker] DEBUG com.tngtech.archunit.core.importer.JavaClassProcessor - Processing class 'org/springframework/boot/web/client/RestTemplateBuilder$RequestFactoryCustomizer'
21:07:26.792 [Test worker] DEBUG com.tngtech.archunit.core.importer.JavaClassProcessor - Processing class 'org/springframework/web/client/ResponseErrorHandler'
21:07:26.842 [Test worker] DEBUG com.tngtech.archunit.core.importer.JavaClassProcessor - Processing class 'org/springframework/beans/factory/config/AutowireCapableBeanFactory'
21:07:26.846 [Test worker] DEBUG com.tngtech.archunit.core.importer.JavaClassProcessor - Processing class 'org/springframework/beans/factory/config/BeanFactoryPostProcessor'
21:07:26.847 [Test worker] DEBUG com.tngtech.archunit.core.importer.JavaClassProcessor - Processing class 'org/springframework/core/io/ProtocolResolver'
21:07:26.876 [Test worker] DEBUG com.tngtech.archunit.core.importer.JavaClassProcessor - Processing class 'org/springframework/context/MessageSourceResolvable'
21:07:26.877 [Test worker] DEBUG com.tngtech.archunit.core.importer.JavaClassProcessor - Processing class 'org/springframework/context/NoSuchMessageException'
21:07:26.986 [Test worker] DEBUG com.tngtech.archunit.core.importer.JavaClassProcessor - Processing class 'org/springframework/context/annotation/ScopeMetadata'
21:07:26.994 [Test worker] DEBUG com.tngtech.archunit.core.importer.JavaClassProcessor - Processing class 'org/springframework/beans/factory/annotation/AnnotatedBeanDefinition'
21:07:26.996 [Test worker] DEBUG com.tngtech.archunit.core.importer.JavaClassProcessor - Processing class 'org/springframework/context/annotation/Scope'
21:07:27.032 [Test worker] DEBUG com.tngtech.archunit.core.importer.JavaClassProcessor - Processing class 'org/springframework/core/env/MutablePropertySources'
21:07:27.034 [Test worker] DEBUG com.tngtech.archunit.core.importer.JavaClassProcessor - Processing class 'org/springframework/core/env/Profiles'
21:07:27.035 [Test worker] DEBUG com.tngtech.archunit.core.importer.JavaClassProcessor - Processing class 'org/springframework/core/convert/support/ConfigurableConversionService'
21:07:27.037 [Test worker] DEBUG com.tngtech.archunit.core.importer.JavaClassProcessor - Processing class 'org/springframework/core/env/MissingRequiredPropertiesException'
21:07:27.041 [Test worker] DEBUG com.tngtech.archunit.core.importer.JavaClassProcessor - Processing class 'org/springframework/core/io/Resource'
21:07:27.044 [Test worker] DEBUG com.tngtech.archunit.core.importer.JavaClassProcessor - Processing class 'org/springframework/data/domain/Example'
21:07:27.045 [Test worker] DEBUG com.tngtech.archunit.core.importer.JavaClassProcessor - Processing class 'org/springframework/data/domain/Sort'
21:07:27.217 [Test worker] DEBUG com.tngtech.archunit.core.importer.JavaClassProcessor - Processing class 'org/springframework/data/domain/Page'
21:07:27.218 [Test worker] DEBUG com.tngtech.archunit.core.importer.JavaClassProcessor - Processing class 'org/springframework/data/domain/Pageable'
21:07:27.630 [Test worker] DEBUG com.tngtech.archunit.core.importer.JavaClassProcessor - Processing class 'java/text/DecimalFormatSymbols'
21:07:27.650 [Test worker] DEBUG com.tngtech.archunit.core.importer.JavaClassProcessor - Processing class 'java/util/regex/Pattern'
21:07:27.653 [Test worker] DEBUG com.tngtech.archunit.core.importer.JavaClassProcessor - Processing class 'java/net/InetSocketAddress'
21:07:27.656 [Test worker] DEBUG com.tngtech.archunit.core.importer.JavaClassProcessor - Processing class 'org/springframework/http/ContentDisposition'
21:07:27.660 [Test worker] DEBUG com.tngtech.archunit.core.importer.JavaClassProcessor - Processing class 'org/springframework/http/CacheControl'
21:07:27.662 [Test worker] DEBUG com.tngtech.archunit.core.importer.JavaClassProcessor - Processing class 'org/springframework/http/ReadOnlyHttpHeaders'
21:07:27.665 [Test worker] DEBUG com.tngtech.archunit.core.importer.JavaClassProcessor - Processing class 'java/io/OutputStream'
21:07:27.667 [Test worker] DEBUG com.tngtech.archunit.core.importer.JavaClassProcessor - Processing class 'org/springframework/core/io/InputStreamResource'
21:07:27.669 [Test worker] DEBUG com.tngtech.archunit.core.importer.JavaClassProcessor - Processing class 'org/springframework/http/HttpStatus$Series'
21:07:27.675 [Test worker] DEBUG com.tngtech.archunit.core.importer.JavaClassProcessor - Processing class 'org/springframework/http/ResponseEntity$BodyBuilder'
21:07:27.676 [Test worker] DEBUG com.tngtech.archunit.core.importer.JavaClassProcessor - Processing class 'org/springframework/http/ResponseEntity$HeadersBuilder'
21:07:27.678 [Test worker] DEBUG com.tngtech.archunit.core.importer.JavaClassProcessor - Processing class 'org/springframework/http/ResponseEntity$1'
21:07:27.697 [Test worker] DEBUG com.tngtech.archunit.core.importer.JavaClassProcessor - Processing class 'org/springframework/http/client/ClientHttpResponse'
21:07:27.699 [Test worker] DEBUG com.tngtech.archunit.core.importer.JavaClassProcessor - Processing class 'org/springframework/http/client/ClientHttpRequestExecution'
21:07:27.701 [Test worker] DEBUG com.tngtech.archunit.core.importer.JavaClassProcessor - Processing class 'org/springframework/http/converter/HttpMessageNotWritableException'
21:07:27.703 [Test worker] DEBUG com.tngtech.archunit.core.importer.JavaClassProcessor - Processing class 'org/springframework/http/HttpInputMessage'
21:07:27.703 [Test worker] DEBUG com.tngtech.archunit.core.importer.JavaClassProcessor - Processing class 'org/springframework/http/converter/HttpMessageNotReadableException'
21:07:27.706 [Test worker] DEBUG com.tngtech.archunit.core.importer.JavaClassProcessor - Processing class 'org/springframework/retry/RetryContext'
21:07:27.732 [Test worker] DEBUG com.tngtech.archunit.core.importer.JavaClassProcessor - Processing class 'org/springframework/retry/RetryCallback'
21:07:27.777 [Test worker] DEBUG com.tngtech.archunit.core.importer.JavaClassProcessor - Processing class 'org/springframework/retry/backoff/Sleeper'
21:07:27.778 [Test worker] DEBUG com.tngtech.archunit.core.importer.JavaClassProcessor - Processing class 'org/springframework/retry/annotation/AnnotationAwareRetryOperationsInterceptor'
21:07:27.780 [Test worker] DEBUG com.tngtech.archunit.core.importer.JavaClassProcessor - Processing class 'org/springframework/retry/interceptor/NewMethodArgumentsIdentifier'
21:07:27.782 [Test worker] DEBUG com.tngtech.archunit.core.importer.JavaClassProcessor - Processing class 'org/springframework/retry/policy/RetryContextCache'
21:07:27.784 [Test worker] DEBUG com.tngtech.archunit.core.importer.JavaClassProcessor - Processing class 'org/springframework/retry/interceptor/MethodArgumentsKeyGenerator'
21:07:27.792 [Test worker] DEBUG com.tngtech.archunit.core.importer.JavaClassProcessor - Processing class 'org/springframework/retry/interceptor/Retryable'
21:07:27.795 [Test worker] DEBUG com.tngtech.archunit.core.importer.JavaClassProcessor - Processing class 'org/springframework/retry/annotation/Retryable'
21:07:27.841 [Test worker] DEBUG com.tngtech.archunit.core.importer.JavaClassProcessor - Processing class 'java/util/BitSet'
21:07:27.908 [Test worker] DEBUG com.tngtech.archunit.core.importer.JavaClassProcessor - Processing class 'org/springframework/web/client/RestClientException'
21:07:27.911 [Test worker] DEBUG com.tngtech.archunit.core.importer.JavaClassProcessor - Processing class 'org/springframework/http/RequestEntity'
21:07:27.916 [Test worker] DEBUG com.tngtech.archunit.core.importer.JavaClassProcessor - Processing class 'org/springframework/core/ParameterizedTypeReference'
21:07:27.919 [Test worker] DEBUG com.tngtech.archunit.core.importer.JavaClassProcessor - Processing class 'org/springframework/web/client/RequestCallback'
21:07:27.920 [Test worker] DEBUG com.tngtech.archunit.core.importer.JavaClassProcessor - Processing class 'org/springframework/web/client/ResponseExtractor'
21:07:28.028 [Test worker] DEBUG com.tngtech.archunit.core.importer.JavaClassProcessor - Processing class 'org/springframework/http/RequestEntity$UriTemplateRequestEntity'
21:07:28.040 [Test worker] DEBUG com.tngtech.archunit.core.importer.JavaClassProcessor - Processing class 'org/springframework/web/util/DefaultUriBuilderFactory'
21:07:28.216 [Test worker] DEBUG com.tngtech.archunit.core.importer.JavaClassProcessor - Processing class 'org/springframework/web/util/AbstractUriTemplateHandler'
21:07:28.228 [Test worker] DEBUG com.tngtech.archunit.core.importer.JavaClassProcessor - Processing class 'org/springframework/beans/BeanWrapper'
21:07:28.231 [Test worker] DEBUG com.tngtech.archunit.core.importer.JavaClassProcessor - Processing class 'sun/util/locale/LocaleSyntaxException'
21:07:28.232 [Test worker] DEBUG com.tngtech.archunit.core.importer.JavaClassProcessor - Processing class 'sun/util/locale/LanguageTag'
21:07:28.233 [Test worker] DEBUG com.tngtech.archunit.core.importer.JavaClassProcessor - Processing class 'sun/util/locale/UnicodeLocaleExtension'
21:07:30.700 [Test worker] DEBUG com.tngtech.archunit.core.importer.UrlSource$From - Found URLs on sun.boot.class.path: []
21:07:30.734 [Test worker] DEBUG com.tngtech.archunit.core.importer.UrlSource$From - Found URLs on java.class.path: [jar:file:/C:/Users/Usuario/.gradle/caches/7.6.1/workerMain/gradle-worker.jar!/, file:/C:/Users/Usuario/Desktop/TrafficAgent/build/classes/java/test/, file:/C:/Users/Usuario/Desktop/TrafficAgent/build/resources/test/, file:/C:/Users/Usuario/Desktop/TrafficAgent/build/classes/java/main/, file:/C:/Users/Usuario/Desktop/TrafficAgent/build/resources/main/, jar:file:/C:/Users/Usuario/.gradle/caches/modules-2/files-2.1/org.springframework.boot/spring-boot-starter-web/2.6.3/ceb6e909c144daf9e792069f5f0efd105c8712a/spring-boot-starter-web-2.6.3.jar!/, jar:file:/C:/Users/Usuario/.gradle/caches/modules-2/files-2.1/org.springframework.boot/spring-boot-starter-undertow/2.6.3/988095d74254727e400818c46de206242a427de5/spring-boot-starter-undertow-2.6.3.jar!/, jar:file:/C:/Users/Usuario/.gradle/caches/modules-2/files-2.1/org.springframework.boot/spring-boot-starter-data-jpa/2.6.3/74c60a724e4f81c7527b848ee24e91ba6facfe24/spring-boot-starter-data-jpa-2.6.3.jar!/, jar:file:/C:/Users/Usuario/.gradle/caches/modules-2/files-2.1/org.postgresql/postgresql/42.3.1/9ca7df660e875b91c78e3d1608d4d7469ad3470c/postgresql-42.3.1.jar!/, jar:file:/C:/Users/Usuario/.gradle/caches/modules-2/files-2.1/org.springframework.retry/spring-retry/2.0.0/6a7a653901b58eb741692417f33b5bebedbd01f7/spring-retry-2.0.0.jar!/, jar:file:/C:/Users/Usuario/.gradle/caches/modules-2/files-2.1/io.jsonwebtoken/jjwt/0.9.1/54d2abfc3e63a28824d35bf600d6a5d627da681a/jjwt-0.9.1.jar!/, jar:file:/C:/Users/Usuario/.gradle/caches/modules-2/files-2.1/com.auth0/java-jwt/4.2.1/904306772bb7d43750527f84d7b23589a1f9ab12/java-jwt-4.2.1.jar!/, jar:file:/C:/Users/Usuario/.gradle/caches/modules-2/files-2.1/commons-codec/commons-codec/1.15/49d94806b6e3dc933dacbd8acb0fdbab8ebd1e5d/commons-codec-1.15.jar!/, jar:file:/C:/Users/Usuario/.gradle/caches/modules-2/files-2.1/org.springframework.boot/spring-boot-starter-aop/2.6.3/338cbbfe2667aea23d95672093e05b5f54630c5a/spring-boot-starter-aop-2.6.3.jar!/, jar:file:/C:/Users/Usuario/.gradle/caches/modules-2/files-2.1/com.h2database/h2/2.1.214/d5c2005c9e3279201e12d4776c948578b16bf8b2/h2-2.1.214.jar!/, jar:file:/C:/Users/Usuario/.gradle/caches/modules-2/files-2.1/org.springframework.boot/spring-boot-starter-test/2.6.3/1ac659fc8c6d7285218b7ff79d67b87736f4ddf2/spring-boot-starter-test-2.6.3.jar!/, jar:file:/C:/Users/Usuario/.gradle/caches/modules-2/files-2.1/com.tngtech.archunit/archunit-junit5/1.0.0/d381ade9436d047877181fe50f508318e6a5a8/archunit-junit5-1.0.0.jar!/, jar:file:/C:/Users/Usuario/.gradle/caches/modules-2/files-2.1/org.springframework.boot/spring-boot-starter-json/2.6.3/b43885849bde2ad5d436c5acdd43b21730f9c676/spring-boot-starter-json-2.6.3.jar!/, jar:file:/C:/Users/Usuario/.gradle/caches/modules-2/files-2.1/org.springframework.boot/spring-boot-starter-jdbc/2.6.3/17871ef6920a3decad5f10181b2baf198ea2b787/spring-boot-starter-jdbc-2.6.3.jar!/, jar:file:/C:/Users/Usuario/.gradle/caches/modules-2/files-2.1/org.springframework.boot/spring-boot-starter/2.6.3/1211af6e300c0584e01c7a9a75e585ac0aec6ea6/spring-boot-starter-2.6.3.jar!/, jar:file:/C:/Users/Usuario/.gradle/caches/modules-2/files-2.1/org.springframework/spring-webmvc/5.3.15/28307dda4cb5fbeb6f7d7e7c846f464da0eba955/spring-webmvc-5.3.15.jar!/, jar:file:/C:/Users/Usuario/.gradle/caches/modules-2/files-2.1/org.springframework/spring-web/5.3.15/a228b373eff7fe34e868827ab02c91b8bf7a643e/spring-web-5.3.15.jar!/, jar:file:/C:/Users/Usuario/.gradle/caches/modules-2/files-2.1/io.undertow/undertow-websockets-jsr/2.2.14.Final/fffc3ffff1880fd695c22164d37bd16dc1dc4b7e/undertow-websockets-jsr-2.2.14.Final.jar!/, jar:file:/C:/Users/Usuario/.gradle/caches/modules-2/files-2.1/io.undertow/undertow-servlet/2.2.14.Final/8354ab1476d85dec5ee743a0f40b113cf29a55b8/undertow-servlet-2.2.14.Final.jar!/, jar:file:/C:/Users/Usuario/.gradle/caches/modules-2/files-2.1/io.undertow/undertow-core/2.2.14.Final/deb02123fba830230d1837a1e6b3731607196a41/undertow-core-2.2.14.Final.jar!/, jar:file:/C:/Users/Usuario/.gradle/caches/modules-2/files-2.1/jakarta.servlet/jakarta.servlet-api/4.0.4/b8a1142e04838fe54194049c6e7a18dae8f9b960/jakarta.servlet-api-4.0.4.jar!/, jar:file:/C:/Users/Usuario/.gradle/caches/modules-2/files-2.1/jakarta.websocket/jakarta.websocket-api/1.1.2/69c2fdfb75081cc935bc9d6c5616d12b0b73815f/jakarta.websocket-api-1.1.2.jar!/, jar:file:/C:/Users/Usuario/.gradle/caches/modules-2/files-2.1/org.apache.tomcat.embed/tomcat-embed-el/9.0.56/8e4f28f714693ad4e158e61f41371d4e4c6b4e23/tomcat-embed-el-9.0.56.jar!/, jar:file:/C:/Users/Usuario/.gradle/caches/modules-2/files-2.1/jakarta.transaction/jakarta.transaction-api/1.3.3/c4179d48720a1e87202115fbed6089bdc4195405/jakarta.transaction-api-1.3.3.jar!/, jar:file:/C:/Users/Usuario/.gradle/caches/modules-2/files-2.1/jakarta.persistence/jakarta.persistence-api/2.2.3/8f6ea5daedc614f07a3654a455660145286f024e/jakarta.persistence-api-2.2.3.jar!/, jar:file:/C:/Users/Usuario/.gradle/caches/modules-2/files-2.1/org.hibernate/hibernate-core/5.6.4.Final/a21d3a313d8fa4dbf2d05aa50ef3157a8081e83f/hibernate-core-5.6.4.Final.jar!/, jar:file:/C:/Users/Usuario/.gradle/caches/modules-2/files-2.1/org.springframework.data/spring-data-jpa/2.6.1/70eef23d3c1ba594749867edb9c89832da8f923c/spring-data-jpa-2.6.1.jar!/, jar:file:/C:/Users/Usuario/.gradle/caches/modules-2/files-2.1/org.springframework/spring-aspects/5.3.15/d1e42bac0f61ad50f633c13f8bcab905a66313af/spring-aspects-5.3.15.jar!/, jar:file:/C:/Users/Usuario/.gradle/caches/modules-2/files-2.1/org.checkerframework/checker-qual/3.5.0/2f50520c8abea66fbd8d26e481d3aef5c673b510/checker-qual-3.5.0.jar!/, jar:file:/C:/Users/Usuario/.gradle/caches/modules-2/files-2.1/com.fasterxml.jackson.datatype/jackson-datatype-jsr310/2.13.1/1ece5a87b59701328215e0083448b4d451857cbd/jackson-datatype-jsr310-2.13.1.jar!/, jar:file:/C:/Users/Usuario/.gradle/caches/modules-2/files-2.1/com.fasterxml.jackson.module/jackson-module-parameter-names/2.13.1/cbeec2259213c555ef451a2e05f35ed1dbfbf799/jackson-module-parameter-names-2.13.1.jar!/, jar:file:/C:/Users/Usuario/.gradle/caches/modules-2/files-2.1/com.fasterxml.jackson.core/jackson-annotations/2.13.1/1cbcbe4623113e6af92ccaa89884a345270f1a87/jackson-annotations-2.13.1.jar!/, jar:file:/C:/Users/Usuario/.gradle/caches/modules-2/files-2.1/com.fasterxml.jackson.core/jackson-core/2.13.1/51ae921a2ed1e06ca8876f12f32f265e83c0b2b8/jackson-core-2.13.1.jar!/, jar:file:/C:/Users/Usuario/.gradle/caches/modules-2/files-2.1/com.fasterxml.jackson.datatype/jackson-datatype-jdk8/2.13.1/8ecfa9bcd714269fdf22c33f9fd00d0643bd0e21/jackson-datatype-jdk8-2.13.1.jar!/, jar:file:/C:/Users/Usuario/.gradle/caches/modules-2/files-2.1/com.fasterxml.jackson.core/jackson-databind/2.13.1/698b2d2b15d9a1b7aae025f1d9f576842285e7f6/jackson-databind-2.13.1.jar!/, jar:file:/C:/Users/Usuario/.gradle/caches/modules-2/files-2.1/org.springframework.boot/spring-boot-test-autoconfigure/2.6.3/c903465682a6cd69adbc83feb8e8bfa26c51e6ae/spring-boot-test-autoconfigure-2.6.3.jar!/, jar:file:/C:/Users/Usuario/.gradle/caches/modules-2/files-2.1/org.springframework.boot/spring-boot-test/2.6.3/93b38ba8d4f027a7eda8c28dbe8f77b712de1142/spring-boot-test-2.6.3.jar!/, jar:file:/C:/Users/Usuario/.gradle/caches/modules-2/files-2.1/org.springframework.boot/spring-boot-autoconfigure/2.6.3/8bf96f63e9479b5a1c17d1fa05b149bb5ed050e2/spring-boot-autoconfigure-2.6.3.jar!/, jar:file:/C:/Users/Usuario/.gradle/caches/modules-2/files-2.1/org.springframework.boot/spring-boot/2.6.3/f1127e8a70ba7b9f12581e79ea963b739059bf55/spring-boot-2.6.3.jar!/, jar:file:/C:/Users/Usuario/.gradle/caches/modules-2/files-2.1/org.springframework/spring-context/5.3.15/80a12b7dcb3332fbd65c3649249fd35561ffc561/spring-context-5.3.15.jar!/, jar:file:/C:/Users/Usuario/.gradle/caches/modules-2/files-2.1/org.springframework/spring-aop/5.3.15/195966e1f4260f89696e668856ebfd9a1bc76404/spring-aop-5.3.15.jar!/, jar:file:/C:/Users/Usuario/.gradle/caches/modules-2/files-2.1/org.aspectj/aspectjweaver/1.9.7/158f5c255cd3e4408e795b79f7c3fbae9b53b7ca/aspectjweaver-1.9.7.jar!/, jar:file:/C:/Users/Usuario/.gradle/caches/modules-2/files-2.1/com.jayway.jsonpath/json-path/2.6.0/67f565b424f7903a12d4f5b9361b11462ecacdac/json-path-2.6.0.jar!/, jar:file:/C:/Users/Usuario/.gradle/caches/modules-2/files-2.1/org.glassfish.jaxb/jaxb-runtime/2.3.5/a169a961a2bb9ac69517ec1005e451becf5cdfab/jaxb-runtime-2.3.5.jar!/, jar:file:/C:/Users/Usuario/.gradle/caches/modules-2/files-2.1/jakarta.xml.bind/jakarta.xml.bind-api/2.3.3/48e3b9cfc10752fba3521d6511f4165bea951801/jakarta.xml.bind-api-2.3.3.jar!/, jar:file:/C:/Users/Usuario/.gradle/caches/modules-2/files-2.1/org.assertj/assertj-core/3.21.0/27a14d6d22c4e3d58f799fb2a5ca8eaf53e6942a/assertj-core-3.21.0.jar!/, jar:file:/C:/Users/Usuario/.gradle/caches/modules-2/files-2.1/org.hamcrest/hamcrest/2.2/1820c0968dba3a11a1b30669bb1f01978a91dedc/hamcrest-2.2.jar!/, jar:file:/C:/Users/Usuario/.gradle/caches/modules-2/files-2.1/org.mockito/mockito-junit-jupiter/4.0.0/b76de25bd6e5d8f7924d0536729c0076e37e9396/mockito-junit-jupiter-4.0.0.jar!/, jar:file:/C:/Users/Usuario/.gradle/caches/modules-2/files-2.1/org.junit.jupiter/junit-jupiter-params/5.8.2/ddeafe92fc263f895bfb73ffeca7fd56e23c2cce/junit-jupiter-params-5.8.2.jar!/, jar:file:/C:/Users/Usuario/.gradle/caches/modules-2/files-2.1/org.junit.jupiter/junit-jupiter-engine/5.8.2/c598b4328d2f397194d11df3b1648d68d7d990e3/junit-jupiter-engine-5.8.2.jar!/, jar:file:/C:/Users/Usuario/.gradle/caches/modules-2/files-2.1/org.junit.jupiter/junit-jupiter-api/5.8.2/4c21029217adf07e4c0d0c5e192b6bf610c94bdc/junit-jupiter-api-5.8.2.jar!/, jar:file:/C:/Users/Usuario/.gradle/caches/modules-2/files-2.1/com.tngtech.archunit/archunit-junit5-engine/1.0.0/c942ce334f410062298100f834a767f765ac7a8e/archunit-junit5-engine-1.0.0.jar!/, jar:file:/C:/Users/Usuario/.gradle/caches/modules-2/files-2.1/com.tngtech.archunit/archunit-junit5-engine-api/1.0.0/f2fcf7191e65bda73cb14b510e380d0c4e55c9c8/archunit-junit5-engine-api-1.0.0.jar!/, jar:file:/C:/Users/Usuario/.gradle/caches/modules-2/files-2.1/org.junit.platform/junit-platform-engine/1.8.2/b737de09f19864bd136805c84df7999a142fec29/junit-platform-engine-1.8.2.jar!/, jar:file:/C:/Users/Usuario/.gradle/caches/modules-2/files-2.1/org.junit.platform/junit-platform-commons/1.8.2/32c8b8617c1342376fd5af2053da6410d8866861/junit-platform-commons-1.8.2.jar!/, jar:file:/C:/Users/Usuario/.gradle/caches/modules-2/files-2.1/org.junit.jupiter/junit-jupiter/5.8.2/5a817b1e63f1217e5c586090c45e681281f097ad/junit-jupiter-5.8.2.jar!/, jar:file:/C:/Users/Usuario/.gradle/caches/modules-2/files-2.1/org.mockito/mockito-core/4.0.0/f5195e0c4a45716bbd2d1d29173adbd148acce3a/mockito-core-4.0.0.jar!/, jar:file:/C:/Users/Usuario/.gradle/caches/modules-2/files-2.1/org.skyscreamer/jsonassert/1.5.0/6c9d5fe2f59da598d9aefc1cfc6528ff3cf32df3/jsonassert-1.5.0.jar!/, jar:file:/C:/Users/Usuario/.gradle/caches/modules-2/files-2.1/org.springframework/spring-test/5.3.15/1efef59ebbf51bc072d08c5854b1d5cbb1c29b65/spring-test-5.3.15.jar!/, jar:file:/C:/Users/Usuario/.gradle/caches/modules-2/files-2.1/org.springframework/spring-orm/5.3.15/edddfcbf3bd2a3cc8b5316329f16dcf88cec33b5/spring-orm-5.3.15.jar!/, jar:file:/C:/Users/Usuario/.gradle/caches/modules-2/files-2.1/org.springframework/spring-jdbc/5.3.15/2c7883bb9a50e37f177cdc3e064e88325f97bd36/spring-jdbc-5.3.15.jar!/, jar:file:/C:/Users/Usuario/.gradle/caches/modules-2/files-2.1/org.springframework.data/spring-data-commons/2.6.1/ba24a3b88e26191b25031cefb8de458deed05551/spring-data-commons-2.6.1.jar!/, jar:file:/C:/Users/Usuario/.gradle/caches/modules-2/files-2.1/org.springframework/spring-tx/5.3.15/27b8c1f0a896dc2f7d1629556b06f55f2a07351d/spring-tx-5.3.15.jar!/, jar:file:/C:/Users/Usuario/.gradle/caches/modules-2/files-2.1/org.springframework/spring-beans/5.3.15/a88e2ccfe8b131bcff2e643b90d52f6d928e7369/spring-beans-5.3.15.jar!/, jar:file:/C:/Users/Usuario/.gradle/caches/modules-2/files-2.1/org.springframework/spring-expression/5.3.15/362f36bbc4c4b46cc2e4f219df22d08945000c2/spring-expression-5.3.15.jar!/, jar:file:/C:/Users/Usuario/.gradle/caches/modules-2/files-2.1/org.springframework/spring-core/5.3.15/e813c2311465672d3089fc7be8dbbadb04e64d6b/spring-core-5.3.15.jar!/, jar:file:/C:/Users/Usuario/.gradle/caches/modules-2/files-2.1/org.xmlunit/xmlunit-core/2.8.4/35be57989ca80eefa03161b211630e319a8f36c6/xmlunit-core-2.8.4.jar!/, jar:file:/C:/Users/Usuario/.gradle/caches/modules-2/files-2.1/com.tngtech.archunit/archunit-junit5-api/1.0.0/f537a0cb4156e374e436009cf7e8e07062929b32/archunit-junit5-api-1.0.0.jar!/, jar:file:/C:/Users/Usuario/.gradle/caches/modules-2/files-2.1/org.springframework.boot/spring-boot-starter-logging/2.6.3/86599127b1e69a6180014cbeed8297ba26e8c6aa/spring-boot-starter-logging-2.6.3.jar!/, jar:file:/C:/Users/Usuario/.gradle/caches/modules-2/files-2.1/jakarta.annotation/jakarta.annotation-api/1.3.5/59eb84ee0d616332ff44aba065f3888cf002cd2d/jakarta.annotation-api-1.3.5.jar!/, jar:file:/C:/Users/Usuario/.gradle/caches/modules-2/files-2.1/org.yaml/snakeyaml/1.29/6d0cdafb2010f1297e574656551d7145240f6e25/snakeyaml-1.29.jar!/, jar:file:/C:/Users/Usuario/.gradle/caches/modules-2/files-2.1/org.hibernate.common/hibernate-commons-annotations/5.1.2.Final/e59ffdbc6ad09eeb33507b39ffcf287679a498c8/hibernate-commons-annotations-5.1.2.Final.jar!/, jar:file:/C:/Users/Usuario/.gradle/caches/modules-2/files-2.1/org.jboss.xnio/xnio-nio/3.8.4.Final/109d7de9a4d995ed9f46e1409520ace346fe2fc4/xnio-nio-3.8.4.Final.jar!/, jar:file:/C:/Users/Usuario/.gradle/caches/modules-2/files-2.1/org.jboss.xnio/xnio-api/3.8.4.Final/8714f2bf19f6e5fa7e36e8516dcb4606ef152e4d/xnio-api-3.8.4.Final.jar!/, jar:file:/C:/Users/Usuario/.gradle/caches/modules-2/files-2.1/org.wildfly.client/wildfly-client-config/1.0.1.Final/2a803b23c40a0de0f03a90d1fd3755747bc05f4b/wildfly-client-config-1.0.1.Final.jar!/, jar:file:/C:/Users/Usuario/.gradle/caches/modules-2/files-2.1/org.jboss.threads/jboss-threads/3.1.0.Final/9b260c0302f637a84a52d3d118214a3c59217615/jboss-threads-3.1.0.Final.jar!/, jar:file:/C:/Users/Usuario/.gradle/caches/modules-2/files-2.1/org.jboss.logging/jboss-logging/3.4.3.Final/c4bd7e12a745c0e7f6cf98c45cdcdf482fd827ea/jboss-logging-3.4.3.Final.jar!/, jar:file:/C:/Users/Usuario/.gradle/caches/modules-2/files-2.1/com.zaxxer/HikariCP/4.0.3/107cbdf0db6780a065f895ae9d8fbf3bb0e1c21f/HikariCP-4.0.3.jar!/, jar:file:/C:/Users/Usuario/.gradle/caches/modules-2/files-2.1/net.bytebuddy/byte-buddy/1.11.22/8b4c7fa5562a09da1c2a9ab0873cb51f5034d83f/byte-buddy-1.11.22.jar!/, jar:file:/C:/Users/Usuario/.gradle/caches/modules-2/files-2.1/antlr/antlr/2.7.7/83cd2cd674a217ade95a4bb83a8a14f351f48bd0/antlr-2.7.7.jar!/, jar:file:/C:/Users/Usuario/.gradle/caches/modules-2/files-2.1/org.jboss/jandex/2.4.2.Final/1e1c385990b258ff1a24c801e84aebbacf70eb39/jandex-2.4.2.Final.jar!/, jar:file:/C:/Users/Usuario/.gradle/caches/modules-2/files-2.1/com.fasterxml/classmate/1.5.1/3fe0bed568c62df5e89f4f174c101eab25345b6c/classmate-1.5.1.jar!/, jar:file:/C:/Users/Usuario/.gradle/caches/modules-2/files-2.1/com.tngtech.archunit/archunit/1.0.0/27ab69819bc5bb588e9881144763b9a3b1ed15a2/archunit-1.0.0.jar!/, jar:file:/C:/Users/Usuario/.gradle/caches/modules-2/files-2.1/ch.qos.logback/logback-classic/1.2.10/f69d97ef3335c6ab82fc21dfb77ac613f90c1221/logback-classic-1.2.10.jar!/, jar:file:/C:/Users/Usuario/.gradle/caches/modules-2/files-2.1/org.apache.logging.log4j/log4j-to-slf4j/2.17.1/3619fd18278a1a895c1dca8c5be002768071a20e/log4j-to-slf4j-2.17.1.jar!/, jar:file:/C:/Users/Usuario/.gradle/caches/modules-2/files-2.1/org.slf4j/jul-to-slf4j/1.7.33/53fd89b530d41b8f6744c754de1c9b02e82f2d7/jul-to-slf4j-1.7.33.jar!/, jar:file:/C:/Users/Usuario/.gradle/caches/modules-2/files-2.1/org.slf4j/slf4j-api/1.7.33/d375aa1b98d34d5ddf73a3f19eaad66e98975b12/slf4j-api-1.7.33.jar!/, jar:file:/C:/Users/Usuario/.gradle/caches/modules-2/files-2.1/net.minidev/json-smart/2.4.7/8d7f4c1530c07c54930935f3da85f48b83b3c109/json-smart-2.4.7.jar!/, jar:file:/C:/Users/Usuario/.gradle/caches/modules-2/files-2.1/jakarta.activation/jakarta.activation-api/1.2.2/99f53adba383cb1bf7c3862844488574b559621f/jakarta.activation-api-1.2.2.jar!/, jar:file:/C:/Users/Usuario/.gradle/caches/modules-2/files-2.1/net.bytebuddy/byte-buddy-agent/1.11.22/2fbcf3210dfc09b42242e3b66a5281cc5b9adb80/byte-buddy-agent-1.11.22.jar!/, jar:file:/C:/Users/Usuario/.gradle/caches/modules-2/files-2.1/org.objenesis/objenesis/3.2/7fadf57620c8b8abdf7519533e5527367cb51f09/objenesis-3.2.jar!/, jar:file:/C:/Users/Usuario/.gradle/caches/modules-2/files-2.1/com.vaadin.external.google/android-json/0.0.20131108.vaadin1/fa26d351fe62a6a17f5cda1287c1c6110dec413f/android-json-0.0.20131108.vaadin1.jar!/, jar:file:/C:/Users/Usuario/.gradle/caches/modules-2/files-2.1/org.springframework/spring-jcl/5.3.15/88da960b4fcbd28621aea8b9911976adc06afce4/spring-jcl-5.3.15.jar!/, jar:file:/C:/Users/Usuario/.gradle/caches/modules-2/files-2.1/org.wildfly.common/wildfly-common/1.5.2.Final/8eba40cfe86bcfcc223551e75201e6e7574c7c36/wildfly-common-1.5.2.Final.jar!/, jar:file:/C:/Users/Usuario/.gradle/caches/modules-2/files-2.1/org.glassfish.jaxb/txw2/2.3.5/ec8930fa62e7b1758b1664d135f50c7abe86a4a3/txw2-2.3.5.jar!/, jar:file:/C:/Users/Usuario/.gradle/caches/modules-2/files-2.1/com.sun.istack/istack-commons-runtime/3.0.12/cbbe1a62b0cc6c85972e99d52aaee350153dc530/istack-commons-runtime-3.0.12.jar!/, jar:file:/C:/Users/Usuario/.gradle/caches/modules-2/files-2.1/com.sun.activation/jakarta.activation/1.2.2/74548703f9851017ce2f556066659438019e7eb5/jakarta.activation-1.2.2.jar!/, jar:file:/C:/Users/Usuario/.gradle/caches/modules-2/files-2.1/net.minidev/accessors-smart/2.4.7/3970cfc505e6657ca60f3aa57c849f6043000d7a/accessors-smart-2.4.7.jar!/, jar:file:/C:/Users/Usuario/.gradle/caches/modules-2/files-2.1/org.opentest4j/opentest4j/1.2.0/28c11eb91f9b6d8e200631d46e20a7f407f2a046/opentest4j-1.2.0.jar!/, jar:file:/C:/Users/Usuario/.gradle/caches/modules-2/files-2.1/ch.qos.logback/logback-core/1.2.10/5328406bfcae7bcdcc86810fcb2920d2c297170d/logback-core-1.2.10.jar!/, jar:file:/C:/Users/Usuario/.gradle/caches/modules-2/files-2.1/org.apache.logging.log4j/log4j-api/2.17.1/d771af8e336e372fb5399c99edabe0919aeaf5b2/log4j-api-2.17.1.jar!/, jar:file:/C:/Users/Usuario/.gradle/caches/modules-2/files-2.1/org.ow2.asm/asm/9.1/a99500cf6eea30535eeac6be73899d048f8d12a8/asm-9.1.jar!/]
21:07:30.978 [Test worker] DEBUG com.tngtech.archunit.core.importer.JavaClassProcessor - Processing class 'com/uco/TrafficAgent/infrastructure/repository/contact/adapter/repository/jpa/RepositoryContactEmergencyJpa'
21:07:30.981 [Test worker] DEBUG com.tngtech.archunit.core.importer.JavaClassProcessor - Processing class 'com/uco/TrafficAgent/infrastructure/aspect/service/AuthorizationService'
21:07:30.982 [Test worker] DEBUG com.tngtech.archunit.core.importer.JavaClassProcessor - Processing class 'com/uco/TrafficAgent/infrastructure/repository/login/controller/ComandControllerLogin'
21:07:30.986 [Test worker] DEBUG com.tngtech.archunit.core.importer.JavaClassProcessor - Processing class 'com/uco/TrafficAgent/domain/model/Contact'
21:07:30.987 [Test worker] DEBUG com.tngtech.archunit.core.importer.JavaClassProcessor - Processing class 'com/uco/TrafficAgent/infrastructure/repository/type/adapter/entity/EntityTypeId'
21:07:30.989 [Test worker] DEBUG com.tngtech.archunit.core.importer.JavaClassProcessor - Processing class 'com/uco/TrafficAgent/domain/service/user/ServiceDeleteUser'
21:07:30.991 [Test worker] DEBUG com.tngtech.archunit.core.importer.JavaClassProcessor - Processing class 'com/uco/TrafficAgent/domain/service/report/ServiceListAllReportByDate'
21:07:30.992 [Test worker] DEBUG com.tngtech.archunit.core.importer.JavaClassProcessor - Processing class 'com/uco/TrafficAgent/application/service/user/comand/dto/DtoUpdateUser'
21:07:30.993 [Test worker] DEBUG com.tngtech.archunit.core.importer.JavaClassProcessor - Processing class 'com/uco/TrafficAgent/application/mapper/MapperApplicationObject'
21:07:30.995 [Test worker] DEBUG com.tngtech.archunit.core.importer.JavaClassProcessor - Processing class 'com/uco/TrafficAgent/domain/validator/ValidatorObjects'
21:07:30.996 [Test worker] DEBUG com.tngtech.archunit.core.importer.JavaClassProcessor - Processing class 'com/uco/TrafficAgent/infrastructure/repository/contact/adapter/repository/jpa/RepositoryContactJpa'
21:07:30.998 [Test worker] DEBUG com.tngtech.archunit.core.importer.JavaClassProcessor - Processing class 'com/uco/TrafficAgent/domain/port/report/RepositoryReport'
21:07:30.999 [Test worker] DEBUG com.tngtech.archunit.core.importer.JavaClassProcessor - Processing class 'com/uco/TrafficAgent/infrastructure/configuration/model/BeanServiceUser'
21:07:31.000 [Test worker] DEBUG com.tngtech.archunit.core.importer.JavaClassProcessor - Processing class 'com/uco/TrafficAgent/infrastructure/repository/type/adapter/repository/jpa/RepositoryTypeIdJpa'
21:07:31.002 [Test worker] DEBUG com.tngtech.archunit.core.importer.JavaClassProcessor - Processing class 'com/uco/TrafficAgent/application/service/user/comand/ServiceApplicationDeleteUser'
21:07:31.003 [Test worker] DEBUG com.tngtech.archunit.core.importer.JavaClassProcessor - Processing class 'com/uco/TrafficAgent/domain/dto/DtoCurrentUser'
21:07:31.005 [Test worker] DEBUG com.tngtech.archunit.core.importer.JavaClassProcessor - Processing class 'com/uco/TrafficAgent/domain/dto/DtoContactSummary'
21:07:31.006 [Test worker] DEBUG com.tngtech.archunit.core.importer.JavaClassProcessor - Processing class 'com/uco/TrafficAgent/infrastructure/error/ErrorHandler'
21:07:31.008 [Test worker] DEBUG com.tngtech.archunit.core.importer.JavaClassProcessor - Processing class 'com/uco/TrafficAgent/application/service/DtoResponse'
21:07:31.010 [Test worker] DEBUG com.tngtech.archunit.core.importer.JavaClassProcessor - Processing class 'com/uco/TrafficAgent/application/mapper/user/impl/MapperApplicationUserImpl'
21:07:31.012 [Test worker] DEBUG com.tngtech.archunit.core.importer.JavaClassProcessor - Processing class 'com/uco/TrafficAgent/infrastructure/repository/rol/adapter/entity/EntityRol'
21:07:31.014 [Test worker] DEBUG com.tngtech.archunit.core.importer.JavaClassProcessor - Processing class 'com/uco/TrafficAgent/infrastructure/service/token/ServiceValidateTokenJWT'
21:07:31.038 [Test worker] DEBUG com.tngtech.archunit.core.importer.JavaClassProcessor - Processing class 'com/uco/TrafficAgent/infrastructure/repository/report/adapter/entity/EntityReport'
21:07:31.082 [Test worker] DEBUG com.tngtech.archunit.core.importer.JavaClassProcessor - Processing class 'com/uco/TrafficAgent/domain/service/user/ServiceUpdateUser'
21:07:31.084 [Test worker] DEBUG com.tngtech.archunit.core.importer.JavaClassProcessor - Processing class 'com/uco/TrafficAgent/infrastructure/repository/report/controller/ConsultControllerReport'
21:07:31.087 [Test worker] DEBUG com.tngtech.archunit.core.importer.JavaClassProcessor - Processing class 'com/uco/TrafficAgent/infrastructure/repository/report/adapter/repository/jpa/RepositoryReportJpa'
21:07:31.092 [Test worker] DEBUG com.tngtech.archunit.core.importer.JavaClassProcessor - Processing class 'com/uco/TrafficAgent/domain/service/token/ServiceEncryptText'
21:07:31.094 [Test worker] DEBUG com.tngtech.archunit.core.importer.JavaClassProcessor - Processing class 'com/uco/TrafficAgent/infrastructure/configuration/general/ConfigurationSecurity'
21:07:31.123 [Test worker] DEBUG com.tngtech.archunit.core.importer.JavaClassProcessor - Processing class 'com/uco/TrafficAgent/application/service/user/comand/dto/DtoRolUser'
21:07:31.128 [Test worker] DEBUG com.tngtech.archunit.core.importer.JavaClassProcessor - Processing class 'com/uco/TrafficAgent/domain/port/contact/RepositoryContact'
21:07:31.130 [Test worker] DEBUG com.tngtech.archunit.core.importer.JavaClassProcessor - Processing class 'com/uco/TrafficAgent/application/service/contact/comand/ServiceApplicationSaveContact'
21:07:31.131 [Test worker] DEBUG com.tngtech.archunit.core.importer.JavaClassProcessor - Processing class 'com/uco/TrafficAgent/application/service/report/consult/ServiceApplicationListAllReportByDate'
21:07:31.133 [Test worker] DEBUG com.tngtech.archunit.core.importer.JavaClassProcessor - Processing class 'com/uco/TrafficAgent/application/service/user/comand/dto/DtoSaveUser'
21:07:31.136 [Test worker] DEBUG com.tngtech.archunit.core.importer.JavaClassProcessor - Processing class 'com/uco/TrafficAgent/domain/dto/DtoUserSummary'
21:07:31.137 [Test worker] DEBUG com.tngtech.archunit.core.importer.JavaClassProcessor - Processing class 'com/uco/TrafficAgent/infrastructure/repository/type/adapter/repository/RepositoryTypeIdDB'
21:07:31.138 [Test worker] DEBUG com.tngtech.archunit.core.importer.JavaClassProcessor - Processing class 'com/uco/TrafficAgent/infrastructure/repository/contact/adapter/repository/RepositoryContactDB'
21:07:31.140 [Test worker] DEBUG com.tngtech.archunit.core.importer.JavaClassProcessor - Processing class 'com/uco/TrafficAgent/domain/dto/DtoReportSummary'
21:07:31.141 [Test worker] DEBUG com.tngtech.archunit.core.importer.JavaClassProcessor - Processing class 'com/uco/TrafficAgent/application/service/report/consult/ServiceApplicationListAllReportByUser'
21:07:31.142 [Test worker] DEBUG com.tngtech.archunit.core.importer.JavaClassProcessor - Processing class 'com/uco/TrafficAgent/infrastructure/configuration/model/BeanServiceContact'
21:07:31.144 [Test worker] DEBUG com.tngtech.archunit.core.importer.JavaClassProcessor - Processing class 'com/uco/TrafficAgent/infrastructure/service/token/ServiceGenerateTokenJWT'
21:07:31.145 [Test worker] DEBUG com.tngtech.archunit.core.importer.JavaClassProcessor - Processing class 'com/uco/TrafficAgent/domain/port/user/RepositoryUser'
21:07:31.146 [Test worker] DEBUG com.tngtech.archunit.core.importer.JavaClassProcessor - Processing class 'com/uco/TrafficAgent/domain/service/report/ServiceSaveReport'
21:07:31.147 [Test worker] DEBUG com.tngtech.archunit.core.importer.JavaClassProcessor - Processing class 'com/uco/TrafficAgent/application/service/contact/consult/ServiceApplicationListAllByProximityContact'
21:07:31.149 [Test worker] DEBUG com.tngtech.archunit.core.importer.JavaClassProcessor - Processing class 'com/uco/TrafficAgent/domain/service/token/ServiceGenerateToken'
21:07:31.150 [Test worker] DEBUG com.tngtech.archunit.core.importer.JavaClassProcessor - Processing class 'com/uco/TrafficAgent/infrastructure/aspect/exception/ExceptionUserUnauthorized'
21:07:31.151 [Test worker] DEBUG com.tngtech.archunit.core.importer.JavaClassProcessor - Processing class 'com/uco/TrafficAgent/infrastructure/repository/user/controller/ComandControllerUser'
21:07:31.152 [Test worker] DEBUG com.tngtech.archunit.core.importer.JavaClassProcessor - Processing class 'com/uco/TrafficAgent/application/service/contact/comand/dto/DtoSaveContact'
21:07:31.154 [Test worker] DEBUG com.tngtech.archunit.core.importer.JavaClassProcessor - Processing class 'com/uco/TrafficAgent/domain/service/contact/ServiceListsAllByProximityContact'
21:07:31.155 [Test worker] DEBUG com.tngtech.archunit.core.importer.JavaClassProcessor - Processing class 'com/uco/TrafficAgent/domain/service/contact/ServiceSaveContact'
21:07:31.157 [Test worker] DEBUG com.tngtech.archunit.core.importer.JavaClassProcessor - Processing class 'com/uco/TrafficAgent/application/encrypted/impl/ServiceEncryptedPasswordImpl'
21:07:31.159 [Test worker] DEBUG com.tngtech.archunit.core.importer.JavaClassProcessor - Processing class 'com/uco/TrafficAgent/application/service/report/comand/dto/DtoSaveReport'
21:07:31.161 [Test worker] DEBUG com.tngtech.archunit.core.importer.JavaClassProcessor - Processing class 'com/uco/TrafficAgent/infrastructure/repository/report/adapter/repository/RepositoryReportDB'
21:07:31.163 [Test worker] DEBUG com.tngtech.archunit.core.importer.JavaClassProcessor - Processing class 'com/uco/TrafficAgent/infrastructure/configuration/general/ConfigurationRestTemplate'
21:07:31.164 [Test worker] DEBUG com.tngtech.archunit.core.importer.JavaClassProcessor - Processing class 'com/uco/TrafficAgent/application/service/login/dto/DtoLogin'
21:07:31.168 [Test worker] DEBUG com.tngtech.archunit.core.importer.JavaClassProcessor - Processing class 'com/uco/TrafficAgent/infrastructure/mapper/user/impl/MapperUserImpl'
21:07:31.170 [Test worker] DEBUG com.tngtech.archunit.core.importer.JavaClassProcessor - Processing class 'com/uco/TrafficAgent/infrastructure/repository/contact/adapter/entity/EntityContact'
21:07:31.194 [Test worker] DEBUG com.tngtech.archunit.core.importer.JavaClassProcessor - Processing class 'com/uco/TrafficAgent/domain/model/Report'
21:07:31.220 [Test worker] DEBUG com.tngtech.archunit.core.importer.JavaClassProcessor - Processing class 'com/uco/TrafficAgent/application/service/report/comand/ServiceApplicationSaveReport'
21:07:31.222 [Test worker] DEBUG com.tngtech.archunit.core.importer.JavaClassProcessor - Processing class 'com/uco/TrafficAgent/domain/model/User'
21:07:31.226 [Test worker] DEBUG com.tngtech.archunit.core.importer.JavaClassProcessor - Processing class 'com/uco/TrafficAgent/infrastructure/repository/contact/adapter/entity/EntityContactEmergency'
21:07:31.230 [Test worker] DEBUG com.tngtech.archunit.core.importer.JavaClassProcessor - Processing class 'com/uco/TrafficAgent/infrastructure/configuration/model/BeanServiceReport'
21:07:31.233 [Test worker] DEBUG com.tngtech.archunit.core.importer.JavaClassProcessor - Processing class 'com/uco/TrafficAgent/infrastructure/repository/report/controller/ComandControllerReport'
21:07:31.245 [Test worker] DEBUG com.tngtech.archunit.core.importer.JavaClassProcessor - Processing class 'com/uco/TrafficAgent/TrafficAgentApplication'
21:07:31.259 [Test worker] DEBUG com.tngtech.archunit.core.importer.JavaClassProcessor - Processing class 'com/uco/TrafficAgent/infrastructure/service/token/ServiceValidateToken'
21:07:31.280 [Test worker] DEBUG com.tngtech.archunit.core.importer.JavaClassProcessor - Processing class 'com/uco/TrafficAgent/domain/service/report/ServiceListAllReportByUser'
21:07:31.281 [Test worker] DEBUG com.tngtech.archunit.core.importer.JavaClassProcessor - Processing class 'com/uco/TrafficAgent/domain/model/TypeIdentification'
21:07:31.283 [Test worker] DEBUG com.tngtech.archunit.core.importer.JavaClassProcessor - Processing class 'com/uco/TrafficAgent/infrastructure/aspect/Secured'
21:07:31.286 [Test worker] DEBUG com.tngtech.archunit.core.importer.JavaClassProcessor - Processing class 'com/uco/TrafficAgent/infrastructure/filter/FilterAuth'
21:07:31.287 [Test worker] DEBUG com.tngtech.archunit.core.importer.JavaClassProcessor - Processing class 'com/uco/TrafficAgent/infrastructure/error/Error'
21:07:31.289 [Test worker] DEBUG com.tngtech.archunit.core.importer.JavaClassProcessor - Processing class 'com/uco/TrafficAgent/infrastructure/repository/user/controller/ConsultControllerUser'
21:07:31.369 [Test worker] DEBUG com.tngtech.archunit.core.importer.JavaClassProcessor - Processing class 'com/uco/TrafficAgent/domain/model/RolUser'
21:07:31.459 [Test worker] DEBUG com.tngtech.archunit.core.importer.JavaClassProcessor - Processing class 'com/uco/TrafficAgent/infrastructure/repository/contact/controller/ConsultControllerContact'
21:07:31.553 [Test worker] DEBUG com.tngtech.archunit.core.importer.JavaClassProcessor - Processing class 'com/uco/TrafficAgent/infrastructure/mapper/MapperInfrastructureObject'
21:07:31.637 [Test worker] DEBUG com.tngtech.archunit.core.importer.JavaClassProcessor - Processing class 'com/uco/TrafficAgent/domain/service/user/ServiceSaveUser'
21:07:31.642 [Test worker] DEBUG com.tngtech.archunit.core.importer.JavaClassProcessor - Processing class 'com/uco/TrafficAgent/domain/validator/ValidatorAttributes'
21:07:31.643 [Test worker] DEBUG com.tngtech.archunit.core.importer.JavaClassProcessor - Processing class 'com/uco/TrafficAgent/application/service/user/comand/ServiceApplicationSaveUser'
21:07:31.645 [Test worker] DEBUG com.tngtech.archunit.core.importer.JavaClassProcessor - Processing class 'com/uco/TrafficAgent/infrastructure/aspect/SecuredAspect'
21:07:31.646 [Test worker] DEBUG com.tngtech.archunit.core.importer.JavaClassProcessor - Processing class 'com/uco/TrafficAgent/infrastructure/service/token/ServiceGetCurrentUserJwt'
21:07:31.671 [Test worker] DEBUG com.tngtech.archunit.core.importer.JavaClassProcessor - Processing class 'com/uco/TrafficAgent/infrastructure/aspect/LogExecutionTime'
21:07:31.752 [Test worker] DEBUG com.tngtech.archunit.core.importer.JavaClassProcessor - Processing class 'com/uco/TrafficAgent/application/mapper/contact/impl/MapperApplicationContactImpl'
21:07:31.755 [Test worker] DEBUG com.tngtech.archunit.core.importer.JavaClassProcessor - Processing class 'com/uco/TrafficAgent/domain/port/type/RepositoryTypeId'
21:07:31.849 [Test worker] DEBUG com.tngtech.archunit.core.importer.JavaClassProcessor - Processing class 'com/uco/TrafficAgent/infrastructure/repository/user/adapter/repository/RepositoryUserDB'
21:07:31.911 [Test worker] DEBUG com.tngtech.archunit.core.importer.JavaClassProcessor - Processing class 'com/uco/TrafficAgent/infrastructure/aspect/LogExecutionAspect'
21:07:31.914 [Test worker] DEBUG com.tngtech.archunit.core.importer.JavaClassProcessor - Processing class 'com/uco/TrafficAgent/infrastructure/repository/user/adapter/entity/EntityUser'
21:07:31.918 [Test worker] DEBUG com.tngtech.archunit.core.importer.JavaClassProcessor - Processing class 'com/uco/TrafficAgent/application/encrypted/ServiceEncryptedPassword'
21:07:31.920 [Test worker] DEBUG com.tngtech.archunit.core.importer.JavaClassProcessor - Processing class 'com/uco/TrafficAgent/infrastructure/configuration/general/ConfigurationRetry'
21:07:31.927 [Test worker] DEBUG com.tngtech.archunit.core.importer.JavaClassProcessor - Processing class 'com/uco/TrafficAgent/domain/service/user/ServiceListAllUser'
21:07:31.930 [Test worker] DEBUG com.tngtech.archunit.core.importer.JavaClassProcessor - Processing class 'com/uco/TrafficAgent/application/service/user/consult/ServiceApplicationListAllUser'
21:07:31.932 [Test worker] DEBUG com.tngtech.archunit.core.importer.JavaClassProcessor - Processing class 'com/uco/TrafficAgent/infrastructure/repository/contact/controller/ComandControllerContact'
21:07:31.940 [Test worker] DEBUG com.tngtech.archunit.core.importer.JavaClassProcessor - Processing class 'com/uco/TrafficAgent/application/service/login/ServiceApplicationLogin'
21:07:31.952 [Test worker] DEBUG com.tngtech.archunit.core.importer.JavaClassProcessor - Processing class 'com/uco/TrafficAgent/domain/service/token/ServiceGetCurrentUser'
21:07:31.962 [Test worker] DEBUG com.tngtech.archunit.core.importer.JavaClassProcessor - Processing class 'com/uco/TrafficAgent/application/service/user/comand/ServiceApplicationUpdateUser'
21:07:31.964 [Test worker] DEBUG com.tngtech.archunit.core.importer.JavaClassProcessor - Processing class 'com/uco/TrafficAgent/infrastructure/repository/user/adapter/repository/jpa/RepositoryUserJpa'
21:07:31.966 [Test worker] DEBUG com.tngtech.archunit.core.importer.JavaClassProcessor - Processing class 'com/uco/TrafficAgent/application/mapper/report/impl/MapperApplicationReportImpl'
21:07:31.971 [Test worker] DEBUG com.tngtech.archunit.core.importer.DependencyResolutionProcess - Automatically resolving transitive class dependencies with the following configuration:
import.dependencyResolutionProcess.maxIterationsForMemberTypes = 1
import.dependencyResolutionProcess.maxIterationsForAccessesToTypes = 1
import.dependencyResolutionProcess.maxIterationsForSupertypes = -1
import.dependencyResolutionProcess.maxIterationsForEnclosingTypes = -1
import.dependencyResolutionProcess.maxIterationsForAnnotationTypes = -1
import.dependencyResolutionProcess.maxIterationsForGenericSignatureTypes = -1
21:07:31.973 [Test worker] DEBUG com.tngtech.archunit.core.importer.JavaClassProcessor - Processing class 'org/springframework/data/repository/query/Param'
21:07:31.975 [Test worker] DEBUG com.tngtech.archunit.core.importer.JavaClassProcessor - Processing class 'io/jsonwebtoken/impl/TextCodec'
21:07:31.976 [Test worker] DEBUG com.tngtech.archunit.core.importer.JavaClassProcessor - Processing class 'org/springframework/web/bind/annotation/RequestParam'
21:07:31.978 [Test worker] DEBUG com.tngtech.archunit.core.importer.JavaClassProcessor - Processing class 'java/util/Arrays'
21:07:31.989 [Test worker] DEBUG com.tngtech.archunit.core.importer.JavaClassProcessor - Processing class 'java/lang/System'
21:07:31.990 [Test worker] DEBUG com.tngtech.archunit.core.importer.JavaClassProcessor - Processing class 'java/time/ZonedDateTime'
21:07:31.993 [Test worker] DEBUG com.tngtech.archunit.core.importer.JavaClassProcessor - Processing class 'org/springframework/beans/factory/annotation/Autowired'
21:07:31.993 [Test worker] DEBUG com.tngtech.archunit.core.importer.JavaClassProcessor - Processing class 'javax/crypto/spec/SecretKeySpec'
21:07:31.994 [Test worker] DEBUG com.tngtech.archunit.core.importer.JavaClassProcessor - Processing class 'java/lang/Record'
21:07:31.994 [Test worker] DEBUG com.tngtech.archunit.core.importer.JavaClassProcessor - Processing class 'java/lang/Integer'
21:07:32.022 [Test worker] DEBUG com.tngtech.archunit.core.importer.JavaClassProcessor - Processing class 'org/springframework/web/context/request/RequestContextHolder'
21:07:32.024 [Test worker] DEBUG com.tngtech.archunit.core.importer.JavaClassProcessor - Processing class 'java/lang/Long'
21:07:32.026 [Test worker] DEBUG com.tngtech.archunit.core.importer.JavaClassProcessor - Processing class 'io/jsonwebtoken/JwtBuilder'
21:07:32.029 [Test worker] DEBUG com.tngtech.archunit.core.importer.JavaClassProcessor - Processing class 'java/time/Duration'
21:07:32.045 [Test worker] DEBUG com.tngtech.archunit.core.importer.JavaClassProcessor - Processing class 'io/jsonwebtoken/SignatureAlgorithm'
21:07:32.046 [Test worker] DEBUG com.tngtech.archunit.core.importer.JavaClassProcessor - Processing class 'org/springframework/stereotype/Repository'
21:07:32.047 [Test worker] DEBUG com.tngtech.archunit.core.importer.JavaClassProcessor - Processing class 'com/auth0/jwt/interfaces/Claim'
21:07:32.049 [Test worker] DEBUG com.tngtech.archunit.core.importer.JavaClassProcessor - Processing class 'org/springframework/web/bind/annotation/PostMapping'
21:07:32.050 [Test worker] DEBUG com.tngtech.archunit.core.importer.JavaClassProcessor - Processing class 'javax/persistence/Entity'
21:07:32.051 [Test worker] DEBUG com.tngtech.archunit.core.importer.JavaClassProcessor - Processing class 'javax/persistence/ManyToOne'
21:07:32.052 [Test worker] DEBUG com.tngtech.archunit.core.importer.JavaClassProcessor - Processing class 'javax/persistence/CascadeType'
21:07:32.053 [Test worker] DEBUG com.tngtech.archunit.core.importer.JavaClassProcessor - Processing class 'org/springframework/web/bind/annotation/RestController'
21:07:32.055 [Test worker] DEBUG com.tngtech.archunit.core.importer.JavaClassProcessor - Processing class 'java/lang/String'
21:07:32.058 [Test worker] DEBUG com.tngtech.archunit.core.importer.JavaClassProcessor - Processing class 'java/lang/Exception'
21:07:32.058 [Test worker] DEBUG com.tngtech.archunit.core.importer.JavaClassProcessor - Processing class 'java/time/ZoneId'
21:07:32.059 [Test worker] DEBUG com.tngtech.archunit.core.importer.JavaClassProcessor - Processing class 'org/aspectj/lang/annotation/Around'
21:07:32.060 [Test worker] DEBUG com.tngtech.archunit.core.importer.JavaClassProcessor - Processing class 'java/util/stream/Stream'
21:07:32.061 [Test worker] DEBUG com.tngtech.archunit.core.importer.JavaClassProcessor - Processing class 'javax/persistence/GeneratedValue'
21:07:32.062 [Test worker] DEBUG com.tngtech.archunit.core.importer.JavaClassProcessor - Processing class 'java/lang/Throwable'
21:07:32.063 [Test worker] DEBUG com.tngtech.archunit.core.importer.JavaClassProcessor - Processing class 'org/springframework/data/jpa/repository/Query'
21:07:32.064 [Test worker] DEBUG com.tngtech.archunit.core.importer.JavaClassProcessor - Processing class 'com/auth0/jwt/JWT'
21:07:32.065 [Test worker] DEBUG com.tngtech.archunit.core.importer.JavaClassProcessor - Processing class 'com/auth0/jwt/interfaces/DecodedJWT'
21:07:32.066 [Test worker] DEBUG com.tngtech.archunit.core.importer.JavaClassProcessor - Processing class 'java/time/LocalDateTime'
21:07:32.069 [Test worker] DEBUG com.tngtech.archunit.core.importer.JavaClassProcessor - Processing class 'org/springframework/web/filter/OncePerRequestFilter'
21:07:32.070 [Test worker] DEBUG com.tngtech.archunit.core.importer.JavaClassProcessor - Processing class 'org/springframework/retry/annotation/EnableRetry'
21:07:32.070 [Test worker] DEBUG com.tngtech.archunit.core.importer.JavaClassProcessor - Processing class 'java/util/ArrayList'
21:07:32.072 [Test worker] DEBUG com.tngtech.archunit.core.importer.JavaClassProcessor - Processing class 'org/springframework/web/bind/annotation/RequestBody'
21:07:32.072 [Test worker] DEBUG com.tngtech.archunit.core.importer.JavaClassProcessor - Processing class 'javax/servlet/http/HttpServletRequest'
21:07:32.073 [Test worker] DEBUG com.tngtech.archunit.core.importer.JavaClassProcessor - Processing class 'javax/persistence/Table'
21:07:32.074 [Test worker] DEBUG com.tngtech.archunit.core.importer.JavaClassProcessor - Processing class 'org/springframework/web/bind/annotation/ExceptionHandler'
21:07:32.075 [Test worker] DEBUG com.tngtech.archunit.core.importer.JavaClassProcessor - Processing class 'org/springframework/web/bind/annotation/ControllerAdvice'
21:07:32.076 [Test worker] DEBUG com.tngtech.archunit.core.importer.JavaClassProcessor - Processing class 'org/springframework/boot/autoconfigure/SpringBootApplication'
21:07:32.077 [Test worker] DEBUG com.tngtech.archunit.core.importer.JavaClassProcessor - Processing class 'javax/persistence/OneToMany'
21:07:32.078 [Test worker] DEBUG com.tngtech.archunit.core.importer.JavaClassProcessor - Processing class 'java/lang/annotation/Target'
21:07:32.078 [Test worker] DEBUG com.tngtech.archunit.core.importer.JavaClassProcessor - Processing class 'java/io/IOException'
21:07:32.079 [Test worker] DEBUG com.tngtech.archunit.core.importer.JavaClassProcessor - Processing class 'java/lang/RuntimeException'
21:07:32.080 [Test worker] DEBUG com.tngtech.archunit.core.importer.JavaClassProcessor - Processing class 'org/springframework/boot/web/client/RestTemplateBuilder'
21:07:32.082 [Test worker] DEBUG com.tngtech.archunit.core.importer.JavaClassProcessor - Processing class 'org/springframework/http/HttpStatus'
21:07:32.083 [Test worker] DEBUG com.tngtech.archunit.core.importer.JavaClassProcessor - Processing class 'javax/persistence/FetchType'
21:07:32.084 [Test worker] DEBUG com.tngtech.archunit.core.importer.JavaClassProcessor - Processing class 'java/lang/IllegalStateException'
21:07:32.085 [Test worker] DEBUG com.tngtech.archunit.core.importer.JavaClassProcessor - Processing class 'io/jsonwebtoken/impl/crypto/DefaultJwtSignatureValidator'
21:07:32.086 [Test worker] DEBUG com.tngtech.archunit.core.importer.JavaClassProcessor - Processing class 'org/springframework/web/bind/annotation/PathVariable'
21:07:32.087 [Test worker] DEBUG com.tngtech.archunit.core.importer.JavaClassProcessor - Processing class 'javax/servlet/FilterChain'
21:07:32.088 [Test worker] DEBUG com.tngtech.archunit.core.importer.JavaClassProcessor - Processing class 'org/springframework/boot/web/servlet/FilterRegistrationBean'
21:07:32.089 [Test worker] DEBUG com.tngtech.archunit.core.importer.JavaClassProcessor - Processing class 'javax/servlet/ServletException'
21:07:32.091 [Test worker] DEBUG com.tngtech.archunit.core.importer.JavaClassProcessor - Processing class 'java/util/Date'
21:07:32.093 [Test worker] DEBUG com.tngtech.archunit.core.importer.JavaClassProcessor - Processing class 'org/slf4j/LoggerFactory'
21:07:32.098 [Test worker] DEBUG com.tngtech.archunit.core.importer.JavaClassProcessor - Processing class 'org/springframework/boot/SpringApplication'
21:07:32.101 [Test worker] DEBUG com.tngtech.archunit.core.importer.JavaClassProcessor - Processing class 'org/springframework/web/bind/annotation/PutMapping'
21:07:32.102 [Test worker] DEBUG com.tngtech.archunit.core.importer.JavaClassProcessor - Processing class 'org/aspectj/lang/annotation/Aspect'
21:07:32.103 [Test worker] DEBUG com.tngtech.archunit.core.importer.JavaClassProcessor - Processing class 'org/springframework/web/bind/annotation/DeleteMapping'
21:07:32.104 [Test worker] DEBUG com.tngtech.archunit.core.importer.JavaClassProcessor - Processing class 'java/lang/reflect/Method'
21:07:32.106 [Test worker] DEBUG com.tngtech.archunit.core.importer.JavaClassProcessor - Processing class 'org/springframework/web/client/RestTemplate'
21:07:32.111 [Test worker] DEBUG com.tngtech.archunit.core.importer.JavaClassProcessor - Processing class 'java/util/concurrent/ConcurrentHashMap'
21:07:32.139 [Test worker] DEBUG com.tngtech.archunit.core.importer.JavaClassProcessor - Processing class 'java/util/UUID'
21:07:32.140 [Test worker] DEBUG com.tngtech.archunit.core.importer.JavaClassProcessor - Processing class 'java/util/stream/Collectors'
21:07:32.144 [Test worker] DEBUG com.tngtech.archunit.core.importer.JavaClassProcessor - Processing class 'org/springframework/context/annotation/Configuration'
21:07:32.149 [Test worker] DEBUG com.tngtech.archunit.core.importer.JavaClassProcessor - Processing class 'javax/persistence/GenerationType'
21:07:32.154 [Test worker] DEBUG com.tngtech.archunit.core.importer.JavaClassProcessor - Processing class 'javax/persistence/Column'
21:07:32.156 [Test worker] DEBUG com.tngtech.archunit.core.importer.JavaClassProcessor - Processing class 'java/util/List'
21:07:32.159 [Test worker] DEBUG com.tngtech.archunit.core.importer.JavaClassProcessor - Processing class 'io/jsonwebtoken/Jwts'
21:07:32.161 [Test worker] DEBUG com.tngtech.archunit.core.importer.JavaClassProcessor - Processing class 'org/springframework/core/env/Environment'
21:07:32.173 [Test worker] DEBUG com.tngtech.archunit.core.importer.JavaClassProcessor - Processing class 'java/lang/annotation/Annotation'
21:07:32.175 [Test worker] DEBUG com.tngtech.archunit.core.importer.JavaClassProcessor - Processing class 'java/util/Optional'
21:07:32.176 [Test worker] DEBUG com.tngtech.archunit.core.importer.JavaClassProcessor - Processing class 'org/springframework/data/jpa/repository/JpaRepository'
21:07:32.181 [Test worker] DEBUG com.tngtech.archunit.core.importer.JavaClassProcessor - Processing class 'org/springframework/web/bind/annotation/RequestMapping'
21:07:32.196 [Test worker] DEBUG com.tngtech.archunit.core.importer.JavaClassProcessor - Processing class 'java/lang/annotation/Retention'
21:07:32.198 [Test worker] DEBUG com.tngtech.archunit.core.importer.JavaClassProcessor - Processing class 'org/springframework/web/bind/annotation/GetMapping'
21:07:32.200 [Test worker] DEBUG com.tngtech.archunit.core.importer.JavaClassProcessor - Processing class 'org/springframework/web/bind/annotation/ResponseStatus'
21:07:32.202 [Test worker] DEBUG com.tngtech.archunit.core.importer.JavaClassProcessor - Processing class 'org/aspectj/lang/JoinPoint'
21:07:32.204 [Test worker] DEBUG com.tngtech.archunit.core.importer.JavaClassProcessor - Processing class 'javax/persistence/Id'
21:07:32.205 [Test worker] DEBUG com.tngtech.archunit.core.importer.JavaClassProcessor - Processing class 'org/slf4j/Logger'
21:07:32.209 [Test worker] DEBUG com.tngtech.archunit.core.importer.JavaClassProcessor - Processing class 'java/util/Iterator'
21:07:32.213 [Test worker] DEBUG com.tngtech.archunit.core.importer.JavaClassProcessor - Processing class 'javax/persistence/JoinColumn'
21:07:32.214 [Test worker] DEBUG com.tngtech.archunit.core.importer.JavaClassProcessor - Processing class 'javax/servlet/http/HttpServletResponse'
21:07:32.216 [Test worker] DEBUG com.tngtech.archunit.core.importer.JavaClassProcessor - Processing class 'org/springframework/web/context/request/ServletRequestAttributes'
21:07:32.220 [Test worker] DEBUG com.tngtech.archunit.core.importer.JavaClassProcessor - Processing class 'java/lang/IllegalArgumentException'
21:07:32.230 [Test worker] DEBUG com.tngtech.archunit.core.importer.JavaClassProcessor - Processing class 'java/lang/annotation/ElementType'
21:07:32.234 [Test worker] DEBUG com.tngtech.archunit.core.importer.JavaClassProcessor - Processing class 'org/springframework/stereotype/Component'
21:07:32.236 [Test worker] DEBUG com.tngtech.archunit.core.importer.JavaClassProcessor - Processing class 'org/aspectj/lang/annotation/Before'
21:07:32.239 [Test worker] DEBUG com.tngtech.archunit.core.importer.JavaClassProcessor - Processing class 'java/lang/Object'
21:07:32.241 [Test worker] DEBUG com.tngtech.archunit.core.importer.JavaClassProcessor - Processing class 'java/lang/Class'
21:07:32.248 [Test worker] DEBUG com.tngtech.archunit.core.importer.JavaClassProcessor - Processing class 'org/springframework/http/ResponseEntity'
21:07:32.251 [Test worker] DEBUG com.tngtech.archunit.core.importer.JavaClassProcessor - Processing class 'org/aspectj/lang/reflect/MethodSignature'
21:07:32.252 [Test worker] DEBUG com.tngtech.archunit.core.importer.JavaClassProcessor - Processing class 'org/springframework/context/annotation/Bean'
21:07:32.253 [Test worker] DEBUG com.tngtech.archunit.core.importer.JavaClassProcessor - Processing class 'java/util/Comparator'
21:07:32.266 [Test worker] DEBUG com.tngtech.archunit.core.importer.JavaClassProcessor - Processing class 'org/apache/commons/codec/digest/DigestUtils'
21:07:32.269 [Test worker] DEBUG com.tngtech.archunit.core.importer.JavaClassProcessor - Processing class 'org/aspectj/lang/ProceedingJoinPoint'
21:07:32.270 [Test worker] DEBUG com.tngtech.archunit.core.importer.JavaClassProcessor - Processing class 'java/lang/annotation/RetentionPolicy'
21:07:32.271 [Test worker] DEBUG com.tngtech.archunit.core.importer.JavaClassProcessor - Processing class 'java/lang/annotation/Inherited'
21:07:32.272 [Test worker] DEBUG com.tngtech.archunit.core.importer.JavaClassProcessor - Processing class 'java/util/DoubleSummaryStatistics'
21:07:32.274 [Test worker] DEBUG com.tngtech.archunit.core.importer.JavaClassProcessor - Processing class 'java/util/function/DoubleConsumer'
21:07:32.277 [Test worker] DEBUG com.tngtech.archunit.core.importer.JavaClassProcessor - Processing class 'java/security/spec/KeySpec'
21:07:32.279 [Test worker] DEBUG com.tngtech.archunit.core.importer.JavaClassProcessor - Processing class 'javax/persistence/ConstraintMode'
21:07:32.296 [Test worker] DEBUG com.tngtech.archunit.core.importer.JavaClassProcessor - Processing class 'org/springframework/core/env/PropertyResolver'
21:07:32.297 [Test worker] DEBUG com.tngtech.archunit.core.importer.JavaClassProcessor - Processing class 'org/springframework/web/filter/GenericFilterBean'
21:07:32.299 [Test worker] DEBUG com.tngtech.archunit.core.importer.JavaClassProcessor - Processing class 'java/util/Map'
21:07:32.300 [Test worker] DEBUG com.tngtech.archunit.core.importer.JavaClassProcessor - Processing class 'java/lang/reflect/Executable'
21:07:32.302 [Test worker] DEBUG com.tngtech.archunit.core.importer.JavaClassProcessor - Processing class 'javax/servlet/Filter'
21:07:32.303 [Test worker] DEBUG com.tngtech.archunit.core.importer.JavaClassProcessor - Processing class 'java/lang/CharSequence'
21:07:32.353 [Test worker] DEBUG com.tngtech.archunit.core.importer.JavaClassProcessor - Processing class 'org/springframework/data/repository/PagingAndSortingRepository'
21:07:32.354 [Test worker] DEBUG com.tngtech.archunit.core.importer.JavaClassProcessor - Processing class 'java/time/chrono/ChronoLocalDateTime'
21:07:32.356 [Test worker] DEBUG com.tngtech.archunit.core.importer.JavaClassProcessor - Processing class 'java/util/Set'
21:07:32.358 [Test worker] DEBUG com.tngtech.archunit.core.importer.JavaClassProcessor - Processing class 'java/io/Serializable'
21:07:32.359 [Test worker] DEBUG com.tngtech.archunit.core.importer.JavaClassProcessor - Processing class 'org/springframework/http/client/ClientHttpRequestInterceptor'
21:07:32.368 [Test worker] DEBUG com.tngtech.archunit.core.importer.JavaClassProcessor - Processing class 'org/springframework/beans/factory/support/BeanNameGenerator'
21:07:32.369 [Test worker] DEBUG com.tngtech.archunit.core.importer.JavaClassProcessor - Processing class 'jdk/internal/ValueBased'
21:07:32.370 [Test worker] DEBUG com.tngtech.archunit.core.importer.JavaClassProcessor - Processing class 'javax/crypto/SecretKey'
21:07:32.371 [Test worker] DEBUG com.tngtech.archunit.core.importer.JavaClassProcessor - Processing class 'org/springframework/http/client/support/InterceptingHttpAccessor'
21:07:32.373 [Test worker] DEBUG com.tngtech.archunit.core.importer.JavaClassProcessor - Processing class 'java/lang/reflect/AnnotatedElement'
21:07:32.374 [Test worker] DEBUG com.tngtech.archunit.core.importer.JavaClassProcessor - Processing class 'java/lang/Double'
21:07:32.376 [Test worker] DEBUG com.tngtech.archunit.core.importer.JavaClassProcessor - Processing class 'org/springframework/http/client/ClientHttpRequestFactory'
21:07:32.377 [Test worker] DEBUG com.tngtech.archunit.core.importer.JavaClassProcessor - Processing class 'org/springframework/boot/web/client/RestTemplateCustomizer'
21:07:32.377 [Test worker] DEBUG com.tngtech.archunit.core.importer.JavaClassProcessor - Processing class 'java/lang/invoke/TypeDescriptor$OfField'
21:07:32.379 [Test worker] DEBUG com.tngtech.archunit.core.importer.JavaClassProcessor - Processing class 'org/springframework/boot/context/TypeExcludeFilter'
21:07:32.381 [Test worker] DEBUG com.tngtech.archunit.core.importer.JavaClassProcessor - Processing class 'org/springframework/boot/web/servlet/AbstractFilterRegistrationBean'
21:07:32.383 [Test worker] DEBUG com.tngtech.archunit.core.importer.JavaClassProcessor - Processing class 'org/springframework/data/repository/NoRepositoryBean'
21:07:32.384 [Test worker] DEBUG com.tngtech.archunit.core.importer.JavaClassProcessor - Processing class 'java/util/RandomAccess'
21:07:32.386 [Test worker] DEBUG com.tngtech.archunit.core.importer.JavaClassProcessor - Processing class 'org/springframework/boot/BootstrapRegistryInitializer'
21:07:32.391 [Test worker] DEBUG com.tngtech.archunit.core.importer.JavaClassProcessor - Processing class 'java/time/temporal/TemporalAmount'
21:07:32.394 [Test worker] DEBUG com.tngtech.archunit.core.importer.JavaClassProcessor - Processing class 'org/springframework/lang/Nullable'
21:07:32.395 [Test worker] DEBUG com.tngtech.archunit.core.importer.JavaClassProcessor - Processing class 'org/springframework/stereotype/Indexed'
21:07:32.397 [Test worker] DEBUG com.tngtech.archunit.core.importer.JavaClassProcessor - Processing class 'java/lang/Number'
21:07:32.398 [Test worker] DEBUG com.tngtech.archunit.core.importer.JavaClassProcessor - Processing class 'java/lang/SafeVarargs'
21:07:32.398 [Test worker] DEBUG com.tngtech.archunit.core.importer.JavaClassProcessor - Processing class 'java/util/Map$Entry'
21:07:32.406 [Test worker] DEBUG com.tngtech.archunit.core.importer.JavaClassProcessor - Processing class 'jdk/internal/vm/annotation/IntrinsicCandidate'
21:07:32.408 [Test worker] DEBUG com.tngtech.archunit.core.importer.JavaClassProcessor - Processing class 'java/util/stream/LongStream'
21:07:32.410 [Test worker] DEBUG com.tngtech.archunit.core.importer.JavaClassProcessor - Processing class 'org/springframework/boot/autoconfigure/EnableAutoConfiguration'
21:07:32.411 [Test worker] DEBUG com.tngtech.archunit.core.importer.JavaClassProcessor - Processing class 'java/lang/Deprecated'
21:07:32.412 [Test worker] DEBUG com.tngtech.archunit.core.importer.JavaClassProcessor - Processing class 'org/springframework/http/HttpMethod'
21:07:32.413 [Test worker] DEBUG com.tngtech.archunit.core.importer.JavaClassProcessor - Processing class 'org/springframework/context/annotation/Import'
21:07:32.415 [Test worker] DEBUG com.tngtech.archunit.core.importer.JavaClassProcessor - Processing class 'javax/persistence/JoinColumns'
21:07:32.416 [Test worker] DEBUG com.tngtech.archunit.core.importer.JavaClassProcessor - Processing class 'org/springframework/web/client/RestOperations'
21:07:32.432 [Test worker] DEBUG com.tngtech.archunit.core.importer.JavaClassProcessor - Processing class 'java/lang/reflect/Field'
21:07:32.436 [Test worker] DEBUG com.tngtech.archunit.core.importer.JavaClassProcessor - Processing class 'com/auth0/jwt/interfaces/Header'
21:07:32.438 [Test worker] DEBUG com.tngtech.archunit.core.importer.JavaClassProcessor - Processing class 'org/springframework/context/annotation/ComponentScan'
21:07:32.439 [Test worker] DEBUG com.tngtech.archunit.core.importer.JavaClassProcessor - Processing class 'java/util/stream/Collector$Characteristics'
21:07:32.440 [Test worker] DEBUG com.tngtech.archunit.core.importer.JavaClassProcessor - Processing class 'java/lang/constant/Constable'
21:07:32.441 [Test worker] DEBUG com.tngtech.archunit.core.importer.JavaClassProcessor - Processing class 'java/time/chrono/ChronoZonedDateTime'
21:07:32.445 [Test worker] DEBUG com.tngtech.archunit.core.importer.JavaClassProcessor - Processing class 'org/springframework/boot/SpringBootConfiguration'
21:07:32.446 [Test worker] DEBUG com.tngtech.archunit.core.importer.JavaClassProcessor - Processing class 'java/lang/Comparable'
21:07:32.446 [Test worker] DEBUG com.tngtech.archunit.core.importer.JavaClassProcessor - Processing class 'java/time/temporal/TemporalAdjuster'
21:07:32.447 [Test worker] DEBUG com.tngtech.archunit.core.importer.JavaClassProcessor - Processing class 'java/net/URL'
21:07:32.448 [Test worker] DEBUG com.tngtech.archunit.core.importer.JavaClassProcessor - Processing class 'java/util/function/IntConsumer'
21:07:32.449 [Test worker] DEBUG com.tngtech.archunit.core.importer.JavaClassProcessor - Processing class 'java/util/AbstractList'
21:07:32.451 [Test worker] DEBUG com.tngtech.archunit.core.importer.JavaClassProcessor - Processing class 'org/springframework/data/annotation/QueryAnnotation'
21:07:32.452 [Test worker] DEBUG com.tngtech.archunit.core.importer.JavaClassProcessor - Processing class 'org/springframework/context/annotation/ComponentScan$Filter'
21:07:32.453 [Test worker] DEBUG com.tngtech.archunit.core.importer.JavaClassProcessor - Processing class 'java/lang/Enum'
21:07:32.455 [Test worker] DEBUG com.tngtech.archunit.core.importer.JavaClassProcessor - Processing class 'io/jsonwebtoken/impl/crypto/JwtSignatureValidator'
21:07:32.468 [Test worker] DEBUG com.tngtech.archunit.core.importer.JavaClassProcessor - Processing class 'org/springframework/web/context/request/RequestAttributes'
21:07:32.469 [Test worker] DEBUG com.tngtech.archunit.core.importer.JavaClassProcessor - Processing class 'java/lang/annotation/Documented'
21:07:32.471 [Test worker] DEBUG com.tngtech.archunit.core.importer.JavaClassProcessor - Processing class 'org/springframework/boot/web/client/RestTemplateRequestCustomizer'
21:07:32.471 [Test worker] DEBUG com.tngtech.archunit.core.importer.JavaClassProcessor - Processing class 'java/lang/Cloneable'
21:07:32.472 [Test worker] DEBUG com.tngtech.archunit.core.importer.JavaClassProcessor - Processing class 'jdk/internal/vm/annotation/ForceInline'
21:07:32.474 [Test worker] DEBUG com.tngtech.archunit.core.importer.JavaClassProcessor - Processing class 'org/springframework/http/HttpHeaders'
21:07:32.481 [Test worker] DEBUG com.tngtech.archunit.core.importer.JavaClassProcessor - Processing class 'javax/persistence/ForeignKey'
21:07:32.482 [Test worker] DEBUG com.tngtech.archunit.core.importer.JavaClassProcessor - Processing class 'java/util/Collection'
21:07:32.484 [Test worker] DEBUG com.tngtech.archunit.core.importer.JavaClassProcessor - Processing class 'org/springframework/web/bind/annotation/RequestMethod'
21:07:32.486 [Test worker] DEBUG com.tngtech.archunit.core.importer.JavaClassProcessor - Processing class 'org/springframework/context/ApplicationListener'
21:07:32.488 [Test worker] DEBUG com.tngtech.archunit.core.importer.JavaClassProcessor - Processing class 'org/springframework/beans/factory/annotation/Autowire'
21:07:32.489 [Test worker] DEBUG com.tngtech.archunit.core.importer.JavaClassProcessor - Processing class 'java/util/stream/DoubleStream'
21:07:32.504 [Test worker] DEBUG com.tngtech.archunit.core.importer.JavaClassProcessor - Processing class 'org/springframework/http/HttpEntity'
21:07:32.506 [Test worker] DEBUG com.tngtech.archunit.core.importer.JavaClassProcessor - Processing class 'java/lang/Class$ReflectionData'
21:07:32.508 [Test worker] DEBUG com.tngtech.archunit.core.importer.JavaClassProcessor - Processing class 'javax/servlet/ServletResponse'
21:07:32.509 [Test worker] DEBUG com.tngtech.archunit.core.importer.JavaClassProcessor - Processing class 'java/lang/reflect/Type'
21:07:32.510 [Test worker] DEBUG com.tngtech.archunit.core.importer.JavaClassProcessor - Processing class 'jdk/internal/reflect/CallerSensitive'
21:07:32.511 [Test worker] DEBUG com.tngtech.archunit.core.importer.JavaClassProcessor - Processing class 'org/springframework/http/converter/HttpMessageConverter'
21:07:32.512 [Test worker] DEBUG com.tngtech.archunit.core.importer.JavaClassProcessor - Processing class 'java/time/LocalDate'
21:07:32.514 [Test worker] DEBUG com.tngtech.archunit.core.importer.JavaClassProcessor - Processing class 'org/springframework/boot/SpringBootExceptionReporter'
21:07:32.515 [Test worker] DEBUG com.tngtech.archunit.core.importer.JavaClassProcessor - Processing class 'java/time/temporal/Temporal'
21:07:32.516 [Test worker] DEBUG com.tngtech.archunit.core.importer.JavaClassProcessor - Processing class 'java/util/stream/IntStream'
21:07:32.519 [Test worker] DEBUG com.tngtech.archunit.core.importer.JavaClassProcessor - Processing class 'org/springframework/context/annotation/EnableAspectJAutoProxy'
21:07:32.525 [Test worker] DEBUG com.tngtech.archunit.core.importer.JavaClassProcessor - Processing class 'java/time/temporal/TemporalUnit'
21:07:32.527 [Test worker] DEBUG com.tngtech.archunit.core.importer.JavaClassProcessor - Processing class 'org/springframework/boot/autoconfigure/AutoConfigurationExcludeFilter'
21:07:32.529 [Test worker] DEBUG com.tngtech.archunit.core.importer.JavaClassProcessor - Processing class 'org/springframework/stereotype/Controller'
21:07:32.530 [Test worker] DEBUG com.tngtech.archunit.core.importer.JavaClassProcessor - Processing class 'org/springframework/web/context/request/AbstractRequestAttributes'
21:07:32.531 [Test worker] DEBUG com.tngtech.archunit.core.importer.JavaClassProcessor - Processing class 'org/springframework/retry/annotation/RetryConfiguration'
21:07:32.532 [Test worker] DEBUG com.tngtech.archunit.core.importer.JavaClassProcessor - Processing class 'java/util/concurrent/ConcurrentMap'
21:07:32.534 [Test worker] DEBUG com.tngtech.archunit.core.importer.JavaClassProcessor - Processing class 'javax/servlet/http/HttpUpgradeHandler'
21:07:32.535 [Test worker] DEBUG com.tngtech.archunit.core.importer.JavaClassProcessor - Processing class 'java/lang/FunctionalInterface'
21:07:32.535 [Test worker] DEBUG com.tngtech.archunit.core.importer.JavaClassProcessor - Processing class 'java/lang/constant/ConstantDesc'
21:07:32.536 [Test worker] DEBUG com.tngtech.archunit.core.importer.JavaClassProcessor - Processing class 'java/lang/annotation/Repeatable'
21:07:32.536 [Test worker] DEBUG com.tngtech.archunit.core.importer.JavaClassProcessor - Processing class 'java/lang/Boolean'
21:07:32.537 [Test worker] DEBUG com.tngtech.archunit.core.importer.JavaClassProcessor - Processing class 'org/aspectj/lang/reflect/CodeSignature'
21:07:32.538 [Test worker] DEBUG com.tngtech.archunit.core.importer.JavaClassProcessor - Processing class 'org/springframework/context/annotation/FilterType'
21:07:32.540 [Test worker] DEBUG com.tngtech.archunit.core.importer.JavaClassProcessor - Processing class 'java/util/LongSummaryStatistics'
21:07:32.541 [Test worker] DEBUG com.tngtech.archunit.core.importer.JavaClassProcessor - Processing class 'java/lang/reflect/GenericDeclaration'
21:07:32.543 [Test worker] DEBUG com.tngtech.archunit.core.importer.JavaClassProcessor - Processing class 'org/springframework/core/annotation/AliasFor'
21:07:32.545 [Test worker] DEBUG com.tngtech.archunit.core.importer.JavaClassProcessor - Processing class 'javax/servlet/ServletRequest'
21:07:32.546 [Test worker] DEBUG com.tngtech.archunit.core.importer.JavaClassProcessor - Processing class 'jdk/internal/vm/annotation/Stable'
21:07:32.547 [Test worker] DEBUG com.tngtech.archunit.core.importer.JavaClassProcessor - Processing class 'org/springframework/core/env/StandardEnvironment'
21:07:32.548 [Test worker] DEBUG com.tngtech.archunit.core.importer.JavaClassProcessor - Processing class 'org/springframework/web/bind/annotation/ResponseBody'
21:07:32.549 [Test worker] DEBUG com.tngtech.archunit.core.importer.JavaClassProcessor - Processing class 'java/util/function/LongConsumer'
21:07:32.549 [Test worker] DEBUG com.tngtech.archunit.core.importer.JavaClassProcessor - Processing class 'java/util/function/Consumer'
21:07:32.550 [Test worker] DEBUG com.tngtech.archunit.core.importer.JavaClassProcessor - Processing class 'io/jsonwebtoken/ClaimsMutator'
21:07:32.552 [Test worker] DEBUG com.tngtech.archunit.core.importer.JavaClassProcessor - Processing class 'org/springframework/data/repository/query/QueryByExampleExecutor'
21:07:32.552 [Test worker] DEBUG com.tngtech.archunit.core.importer.JavaClassProcessor - Processing class 'java/util/AbstractMap'
21:07:32.553 [Test worker] DEBUG com.tngtech.archunit.core.importer.JavaClassProcessor - Processing class 'javax/servlet/http/Part'
21:07:32.554 [Test worker] DEBUG com.tngtech.archunit.core.importer.JavaClassProcessor - Processing class 'java/lang/constant/ClassDesc'
21:07:32.555 [Test worker] DEBUG com.tngtech.archunit.core.importer.JavaClassProcessor - Processing class 'java/util/stream/BaseStream'
21:07:32.555 [Test worker] DEBUG com.tngtech.archunit.core.importer.JavaClassProcessor - Processing class 'java/util/IntSummaryStatistics'
21:07:32.557 [Test worker] DEBUG com.tngtech.archunit.core.importer.JavaClassProcessor - Processing class 'com/auth0/jwt/interfaces/Payload'
21:07:32.558 [Test worker] DEBUG com.tngtech.archunit.core.importer.JavaClassProcessor - Processing class 'org/springframework/context/ApplicationContextInitializer'
21:07:32.560 [Test worker] DEBUG com.tngtech.archunit.core.importer.JavaClassProcessor - Processing class 'org/springframework/web/bind/annotation/Mapping'
21:07:32.561 [Test worker] DEBUG com.tngtech.archunit.core.importer.JavaClassProcessor - Processing class 'org/springframework/data/repository/query/FluentQuery$FetchableFluentQuery'
21:07:32.562 [Test worker] DEBUG com.tngtech.archunit.core.importer.JavaClassProcessor - Processing class 'java/lang/Enum$EnumDesc'
21:07:32.563 [Test worker] DEBUG com.tngtech.archunit.core.importer.JavaClassProcessor - Processing class 'java/util/stream/Collector'
21:07:32.563 [Test worker] DEBUG com.tngtech.archunit.core.importer.JavaClassProcessor - Processing class 'java/lang/invoke/TypeDescriptor'
21:07:32.564 [Test worker] DEBUG com.tngtech.archunit.core.importer.JavaClassProcessor - Processing class 'org/springframework/context/PayloadApplicationEvent'
21:07:32.566 [Test worker] DEBUG com.tngtech.archunit.core.importer.JavaClassProcessor - Processing class 'org/springframework/boot/autoconfigure/AutoConfigurationImportSelector'
21:07:32.567 [Test worker] DEBUG com.tngtech.archunit.core.importer.JavaClassProcessor - Processing class 'org/springframework/aop/IntroductionAdvisor'
21:07:32.568 [Test worker] DEBUG com.tngtech.archunit.core.importer.JavaClassProcessor - Processing class 'java/lang/reflect/Member'
21:07:32.568 [Test worker] DEBUG com.tngtech.archunit.core.importer.JavaClassProcessor - Processing class 'java/util/EventListener'
21:07:32.569 [Test worker] DEBUG com.tngtech.archunit.core.importer.JavaClassProcessor - Processing class 'org/springframework/context/annotation/Role'
21:07:32.570 [Test worker] DEBUG com.tngtech.archunit.core.importer.JavaClassProcessor - Processing class 'org/springframework/beans/factory/DisposableBean'
21:07:32.571 [Test worker] DEBUG com.tngtech.archunit.core.importer.JavaClassProcessor - Processing class 'org/springframework/boot/autoconfigure/AutoConfigurationPackage'
21:07:32.572 [Test worker] DEBUG com.tngtech.archunit.core.importer.JavaClassProcessor - Processing class 'java/time/temporal/TemporalAccessor'
21:07:32.573 [Test worker] DEBUG com.tngtech.archunit.core.importer.JavaClassProcessor - Processing class 'org/springframework/http/client/ClientHttpRequest'
21:07:32.574 [Test worker] DEBUG com.tngtech.archunit.core.importer.JavaClassProcessor - Processing class 'org/springframework/beans/factory/BeanFactoryAware'
21:07:32.576 [Test worker] DEBUG com.tngtech.archunit.core.importer.JavaClassProcessor - Processing class 'org/springframework/core/env/EnvironmentCapable'
21:07:32.577 [Test worker] DEBUG com.tngtech.archunit.core.importer.JavaClassProcessor - Processing class 'org/springframework/boot/web/servlet/DynamicRegistrationBean'
21:07:32.578 [Test worker] DEBUG com.tngtech.archunit.core.importer.JavaClassProcessor - Processing class 'java/net/spi/URLStreamHandlerProvider'
21:07:32.579 [Test worker] DEBUG com.tngtech.archunit.core.importer.JavaClassProcessor - Processing class 'org/springframework/util/MultiValueMap'
21:07:32.580 [Test worker] DEBUG com.tngtech.archunit.core.importer.JavaClassProcessor - Processing class 'org/springframework/context/ApplicationEvent'
21:07:32.581 [Test worker] DEBUG com.tngtech.archunit.core.importer.JavaClassProcessor - Processing class 'javax/servlet/FilterRegistration$Dynamic'
21:07:32.582 [Test worker] DEBUG com.tngtech.archunit.core.importer.JavaClassProcessor - Processing class 'org/springframework/web/context/ServletContextAware'
21:07:32.583 [Test worker] DEBUG com.tngtech.archunit.core.importer.JavaClassProcessor - Processing class 'org/springframework/core/type/filter/TypeFilter'
21:07:32.583 [Test worker] DEBUG com.tngtech.archunit.core.importer.JavaClassProcessor - Processing class 'java/lang/Runnable'
21:07:32.584 [Test worker] DEBUG com.tngtech.archunit.core.importer.JavaClassProcessor - Processing class 'java/lang/AutoCloseable'
21:07:32.584 [Test worker] DEBUG com.tngtech.archunit.core.importer.JavaClassProcessor - Processing class 'java/util/AbstractCollection'
21:07:32.585 [Test worker] DEBUG com.tngtech.archunit.core.importer.JavaClassProcessor - Processing class 'java/util/Locale'
21:07:32.587 [Test worker] DEBUG com.tngtech.archunit.core.importer.JavaClassProcessor - Processing class 'org/springframework/context/ConfigurableApplicationContext'
21:07:32.588 [Test worker] DEBUG com.tngtech.archunit.core.importer.JavaClassProcessor - Processing class 'javax/security/auth/Destroyable'
21:07:32.590 [Test worker] DEBUG com.tngtech.archunit.core.importer.JavaClassProcessor - Processing class 'org/springframework/http/MediaType'
21:07:32.592 [Test worker] DEBUG com.tngtech.archunit.core.importer.JavaClassProcessor - Processing class 'java/util/Locale$LanguageRange'
21:07:32.595 [Test worker] DEBUG com.tngtech.archunit.core.importer.JavaClassProcessor - Processing class 'org/springframework/aop/support/AbstractPointcutAdvisor'
21:07:32.595 [Test worker] DEBUG com.tngtech.archunit.core.importer.JavaClassProcessor - Processing class 'java/security/Key'
21:07:32.596 [Test worker] DEBUG com.tngtech.archunit.core.importer.JavaClassProcessor - Processing class 'java/lang/constant/DynamicConstantDesc'
21:07:32.597 [Test worker] DEBUG com.tngtech.archunit.core.importer.JavaClassProcessor - Processing class 'java/net/URLStreamHandler'
21:07:32.598 [Test worker] DEBUG com.tngtech.archunit.core.importer.JavaClassProcessor - Processing class 'org/springframework/http/client/support/HttpAccessor'
21:07:32.599 [Test worker] DEBUG com.tngtech.archunit.core.importer.JavaClassProcessor - Processing class 'org/springframework/context/annotation/AnnotationScopeMetadataResolver'
21:07:32.600 [Test worker] DEBUG com.tngtech.archunit.core.importer.JavaClassProcessor - Processing class 'org/springframework/beans/factory/BeanClassLoaderAware'
21:07:32.601 [Test worker] DEBUG com.tngtech.archunit.core.importer.JavaClassProcessor - Processing class 'org/aspectj/lang/reflect/MemberSignature'
21:07:32.602 [Test worker] DEBUG com.tngtech.archunit.core.importer.JavaClassProcessor - Processing class 'org/springframework/context/annotation/AspectJAutoProxyRegistrar'
21:07:32.603 [Test worker] DEBUG com.tngtech.archunit.core.importer.JavaClassProcessor - Processing class 'org/springframework/data/repository/CrudRepository'
21:07:32.604 [Test worker] DEBUG com.tngtech.archunit.core.importer.JavaClassProcessor - Processing class 'org/springframework/beans/factory/InitializingBean'
21:07:32.605 [Test worker] DEBUG com.tngtech.archunit.core.importer.JavaClassProcessor - Processing class 'java/lang/Iterable'
21:07:32.605 [Test worker] DEBUG com.tngtech.archunit.core.importer.JavaClassProcessor - Processing class 'java/nio/charset/Charset'
21:07:32.607 [Test worker] DEBUG com.tngtech.archunit.core.importer.JavaClassProcessor - Processing class 'org/springframework/context/annotation/ComponentScans'
21:07:32.610 [Test worker] DEBUG com.tngtech.archunit.core.importer.JavaClassProcessor - Processing class 'org/springframework/boot/web/servlet/ServletRegistrationBean'
21:07:32.612 [Test worker] DEBUG com.tngtech.archunit.core.importer.JavaClassProcessor - Processing class 'org/springframework/retry/RetryListener'
21:07:32.613 [Test worker] DEBUG com.tngtech.archunit.core.importer.JavaClassProcessor - Processing class 'org/springframework/beans/factory/BeanNameAware'
21:07:32.614 [Test worker] DEBUG com.tngtech.archunit.core.importer.JavaClassProcessor - Processing class 'java/time/chrono/ChronoLocalDate'
21:07:32.616 [Test worker] DEBUG com.tngtech.archunit.core.importer.JavaClassProcessor - Processing class 'java/lang/reflect/AccessibleObject'
21:07:32.619 [Test worker] DEBUG com.tngtech.archunit.core.importer.JavaClassProcessor - Processing class 'org/springframework/context/annotation/ScopedProxyMode'
21:07:32.621 [Test worker] DEBUG com.tngtech.archunit.core.importer.JavaClassProcessor - Processing class 'org/springframework/http/HttpRange'
21:07:32.622 [Test worker] DEBUG com.tngtech.archunit.core.importer.JavaClassProcessor - Processing class 'org/springframework/beans/factory/SmartInitializingSingleton'
21:07:32.623 [Test worker] DEBUG com.tngtech.archunit.core.importer.JavaClassProcessor - Processing class 'org/springframework/context/EnvironmentAware'
21:07:32.625 [Test worker] DEBUG com.tngtech.archunit.core.importer.JavaClassProcessor - Processing class 'org/springframework/context/annotation/ScopeMetadataResolver'
21:07:32.626 [Test worker] DEBUG com.tngtech.archunit.core.importer.JavaClassProcessor - Processing class 'javax/servlet/DispatcherType'
21:07:32.628 [Test worker] DEBUG com.tngtech.archunit.core.importer.JavaClassProcessor - Processing class 'org/springframework/core/env/AbstractEnvironment'
21:07:32.629 [Test worker] DEBUG com.tngtech.archunit.core.importer.JavaClassProcessor - Processing class 'org/springframework/boot/autoconfigure/AutoConfigurationImportListener'
21:07:32.630 [Test worker] DEBUG com.tngtech.archunit.core.importer.JavaClassProcessor - Processing class 'java/nio/charset/spi/CharsetProvider'
21:07:32.631 [Test worker] DEBUG com.tngtech.archunit.core.importer.JavaClassProcessor - Processing class 'org/springframework/data/repository/query/FluentQuery'
21:07:32.633 [Test worker] DEBUG com.tngtech.archunit.core.importer.JavaClassProcessor - Processing class 'org/springframework/http/HttpRequest'
21:07:32.634 [Test worker] DEBUG com.tngtech.archunit.core.importer.JavaClassProcessor - Processing class 'org/springframework/boot/web/servlet/RegistrationBean'
21:07:32.635 [Test worker] DEBUG com.tngtech.archunit.core.importer.JavaClassProcessor - Processing class 'javax/servlet/Registration$Dynamic'
21:07:32.636 [Test worker] DEBUG com.tngtech.archunit.core.importer.JavaClassProcessor - Processing class 'java/util/EventObject'
21:07:32.637 [Test worker] DEBUG com.tngtech.archunit.core.importer.JavaClassProcessor - Processing class 'org/springframework/util/MimeType'
21:07:32.638 [Test worker] DEBUG com.tngtech.archunit.core.importer.JavaClassProcessor - Processing class 'java/lang/Character'
21:07:32.642 [Test worker] DEBUG com.tngtech.archunit.core.importer.JavaClassProcessor - Processing class 'org/springframework/data/repository/Repository'
21:07:32.643 [Test worker] DEBUG com.tngtech.archunit.core.importer.JavaClassProcessor - Processing class 'org/springframework/boot/autoconfigure/AutoConfigurationPackages$Registrar'
21:07:32.645 [Test worker] DEBUG com.tngtech.archunit.core.importer.JavaClassProcessor - Processing class 'javax/servlet/ServletRegistration$Dynamic'
21:07:32.646 [Test worker] DEBUG com.tngtech.archunit.core.importer.JavaClassProcessor - Processing class 'java/lang/ThreadLocal'
21:07:32.647 [Test worker] DEBUG com.tngtech.archunit.core.importer.JavaClassProcessor - Processing class 'javax/servlet/Servlet'
21:07:32.648 [Test worker] DEBUG com.tngtech.archunit.core.importer.JavaClassProcessor - Processing class 'org/aspectj/lang/Signature'
21:07:32.649 [Test worker] DEBUG com.tngtech.archunit.core.importer.JavaClassProcessor - Processing class 'javax/servlet/FilterRegistration'
21:07:32.650 [Test worker] DEBUG com.tngtech.archunit.core.importer.JavaClassProcessor - Processing class 'java/net/URLStreamHandlerFactory'
21:07:32.653 [Test worker] DEBUG com.tngtech.archunit.core.importer.JavaClassProcessor - Processing class 'sun/util/locale/LocaleExtensions'
21:07:32.655 [Test worker] DEBUG com.tngtech.archunit.core.importer.JavaClassProcessor - Processing class 'org/springframework/core/Ordered'
21:07:32.658 [Test worker] DEBUG com.tngtech.archunit.core.importer.JavaClassProcessor - Processing class 'org/springframework/aop/PointcutAdvisor'
21:07:32.659 [Test worker] DEBUG com.tngtech.archunit.core.importer.JavaClassProcessor - Processing class 'org/springframework/context/annotation/DeferredImportSelector'
21:07:32.660 [Test worker] DEBUG com.tngtech.archunit.core.importer.JavaClassProcessor - Processing class 'org/springframework/beans/factory/Aware'
21:07:32.661 [Test worker] DEBUG com.tngtech.archunit.core.importer.JavaClassProcessor - Processing class 'org/springframework/core/ResolvableTypeProvider'
21:07:32.662 [Test worker] DEBUG com.tngtech.archunit.core.importer.JavaClassProcessor - Processing class 'org/springframework/core/io/support/ResourceRegion'
21:07:32.664 [Test worker] DEBUG com.tngtech.archunit.core.importer.JavaClassProcessor - Processing class 'org/springframework/aop/IntroductionInfo'
21:07:32.665 [Test worker] DEBUG com.tngtech.archunit.core.importer.JavaClassProcessor - Processing class 'org/springframework/boot/autoconfigure/AutoConfigurationImportFilter'
21:07:32.666 [Test worker] DEBUG com.tngtech.archunit.core.importer.JavaClassProcessor - Processing class 'org/springframework/core/env/ConfigurableEnvironment'
21:07:32.667 [Test worker] DEBUG com.tngtech.archunit.core.importer.JavaClassProcessor - Processing class 'org/springframework/context/annotation/ImportBeanDefinitionRegistrar'
21:07:32.669 [Test worker] DEBUG com.tngtech.archunit.core.importer.JavaClassProcessor - Processing class 'org/springframework/http/client/ClientHttpRequestInitializer'
21:07:32.670 [Test worker] DEBUG com.tngtech.archunit.core.importer.JavaClassProcessor - Processing class 'org/springframework/aop/Advisor'
21:07:32.671 [Test worker] DEBUG com.tngtech.archunit.core.importer.JavaClassProcessor - Processing class 'org/springframework/context/ResourceLoaderAware'
21:07:32.672 [Test worker] DEBUG com.tngtech.archunit.core.importer.JavaClassProcessor - Processing class 'org/springframework/context/ApplicationContext'
21:07:32.674 [Test worker] DEBUG com.tngtech.archunit.core.importer.JavaClassProcessor - Processing class 'org/springframework/context/Lifecycle'
21:07:32.675 [Test worker] DEBUG com.tngtech.archunit.core.importer.JavaClassProcessor - Processing class 'sun/util/locale/BaseLocale'
21:07:32.676 [Test worker] DEBUG com.tngtech.archunit.core.importer.JavaClassProcessor - Processing class 'org/springframework/context/annotation/DeferredImportSelector$Group'
21:07:32.685 [Test worker] DEBUG com.tngtech.archunit.core.importer.JavaClassProcessor - Processing class 'java/io/Closeable'
21:07:32.686 [Test worker] DEBUG com.tngtech.archunit.core.importer.JavaClassProcessor - Processing class 'org/springframework/http/HttpOutputMessage'
21:07:32.688 [Test worker] DEBUG com.tngtech.archunit.core.importer.JavaClassProcessor - Processing class 'sun/util/locale/Extension'
21:07:32.689 [Test worker] DEBUG com.tngtech.archunit.core.importer.JavaClassProcessor - Processing class 'org/springframework/beans/factory/HierarchicalBeanFactory'
21:07:32.691 [Test worker] DEBUG com.tngtech.archunit.core.importer.JavaClassProcessor - Processing class 'javax/servlet/ServletRegistration'
21:07:32.692 [Test worker] DEBUG com.tngtech.archunit.core.importer.JavaClassProcessor - Processing class 'org/springframework/core/env/ConfigurablePropertyResolver'
21:07:32.693 [Test worker] DEBUG com.tngtech.archunit.core.importer.JavaClassProcessor - Processing class 'org/springframework/context/annotation/DeferredImportSelector$Group$Entry'
21:07:32.694 [Test worker] DEBUG com.tngtech.archunit.core.importer.JavaClassProcessor - Processing class 'org/springframework/context/ApplicationEventPublisher'
21:07:32.696 [Test worker] DEBUG com.tngtech.archunit.core.importer.JavaClassProcessor - Processing class 'org/springframework/http/HttpMessage'
21:07:32.697 [Test worker] DEBUG com.tngtech.archunit.core.importer.JavaClassProcessor - Processing class 'org/springframework/context/annotation/ImportSelector'
21:07:32.698 [Test worker] DEBUG com.tngtech.archunit.core.importer.JavaClassProcessor - Processing class 'org/springframework/boot/web/servlet/ServletContextInitializer'
21:07:32.699 [Test worker] DEBUG com.tngtech.archunit.core.importer.JavaClassProcessor - Processing class 'org/springframework/context/MessageSource'
21:07:32.700 [Test worker] DEBUG com.tngtech.archunit.core.importer.JavaClassProcessor - Processing class 'javax/servlet/Registration'
21:07:32.702 [Test worker] DEBUG com.tngtech.archunit.core.importer.JavaClassProcessor - Processing class 'org/springframework/boot/autoconfigure/AutoConfigurationPackages'
21:07:32.703 [Test worker] DEBUG com.tngtech.archunit.core.importer.JavaClassProcessor - Processing class 'org/springframework/boot/context/annotation/DeterminableImports'
21:07:32.704 [Test worker] DEBUG com.tngtech.archunit.core.importer.JavaClassProcessor - Processing class 'sun/util/locale/InternalLocaleBuilder$CaseInsensitiveString'
21:07:32.705 [Test worker] DEBUG com.tngtech.archunit.core.importer.JavaClassProcessor - Processing class 'org/springframework/core/io/support/ResourcePatternResolver'
21:07:32.706 [Test worker] DEBUG com.tngtech.archunit.core.importer.JavaClassProcessor - Processing class 'sun/util/locale/InternalLocaleBuilder$CaseInsensitiveChar'
21:07:32.707 [Test worker] DEBUG com.tngtech.archunit.core.importer.JavaClassProcessor - Processing class 'org/springframework/beans/factory/ListableBeanFactory'
21:07:32.709 [Test worker] DEBUG com.tngtech.archunit.core.importer.JavaClassProcessor - Processing class 'org/springframework/core/io/ResourceLoader'
21:07:32.710 [Test worker] DEBUG com.tngtech.archunit.core.importer.JavaClassProcessor - Processing class 'org/springframework/beans/factory/BeanFactory'
21:07:32.711 [Test worker] DEBUG com.tngtech.archunit.core.importer.JavaClassProcessor - Processing class 'sun/util/locale/InternalLocaleBuilder'
21:07:32.737 [Test worker] DEBUG com.tngtech.archunit.core.importer.JavaClassProcessor - Processing class 'com/auth0/jwt/impl/JWTParser'
21:07:32.739 [Test worker] DEBUG com.tngtech.archunit.core.importer.JavaClassProcessor - Processing class 'com/auth0/jwt/exceptions/JWTDecodeException'
21:07:32.740 [Test worker] DEBUG com.tngtech.archunit.core.importer.JavaClassProcessor - Processing class 'com/auth0/jwt/interfaces/Verification'
21:07:32.742 [Test worker] DEBUG com.tngtech.archunit.core.importer.JavaClassProcessor - Processing class 'com/auth0/jwt/algorithms/Algorithm'
21:07:32.744 [Test worker] DEBUG com.tngtech.archunit.core.importer.JavaClassProcessor - Processing class 'com/auth0/jwt/JWTCreator$Builder'
21:07:32.748 [Test worker] DEBUG com.tngtech.archunit.core.importer.JavaClassProcessor - Processing class 'java/time/Instant'
21:07:32.790 [Test worker] DEBUG com.tngtech.archunit.core.importer.JavaClassProcessor - Processing class 'io/jsonwebtoken/Header'
21:07:32.792 [Test worker] DEBUG com.tngtech.archunit.core.importer.JavaClassProcessor - Processing class 'io/jsonwebtoken/CompressionCodec'
21:07:32.793 [Test worker] DEBUG com.tngtech.archunit.core.importer.JavaClassProcessor - Processing class 'io/jsonwebtoken/Claims'
21:07:32.796 [Test worker] DEBUG com.tngtech.archunit.core.importer.JavaClassProcessor - Processing class 'io/jsonwebtoken/JwsHeader'
21:07:32.799 [Test worker] DEBUG com.tngtech.archunit.core.importer.JavaClassProcessor - Processing class 'io/jsonwebtoken/JwtParser'
21:07:32.827 [Test worker] DEBUG com.tngtech.archunit.core.importer.JavaClassProcessor - Processing class 'io/jsonwebtoken/SignatureException'
21:07:32.952 [Test worker] DEBUG com.tngtech.archunit.core.importer.JavaClassProcessor - Processing class 'io/jsonwebtoken/impl/crypto/SignatureValidator'
21:07:32.953 [Test worker] DEBUG com.tngtech.archunit.core.importer.JavaClassProcessor - Processing class 'io/jsonwebtoken/impl/crypto/SignatureValidatorFactory'
21:07:32.960 [Test worker] DEBUG com.tngtech.archunit.core.importer.JavaClassProcessor - Processing class 'java/lang/ClassValue$ClassValueMap'
21:07:32.961 [Test worker] DEBUG com.tngtech.archunit.core.importer.JavaClassProcessor - Processing class 'java/security/ProtectionDomain'
21:07:32.963 [Test worker] DEBUG com.tngtech.archunit.core.importer.JavaClassProcessor - Processing class 'java/io/ObjectStreamField'
21:07:32.964 [Test worker] DEBUG com.tngtech.archunit.core.importer.JavaClassProcessor - Processing class 'java/lang/ref/SoftReference'
21:07:32.965 [Test worker] DEBUG com.tngtech.archunit.core.importer.JavaClassProcessor - Processing class 'java/lang/Module'
21:07:32.967 [Test worker] DEBUG com.tngtech.archunit.core.importer.JavaClassProcessor - Processing class 'jdk/internal/reflect/ReflectionFactory'
21:07:32.968 [Test worker] DEBUG com.tngtech.archunit.core.importer.JavaClassProcessor - Processing class 'sun/reflect/annotation/AnnotationType'
21:07:32.969 [Test worker] DEBUG com.tngtech.archunit.core.importer.JavaClassProcessor - Processing class 'sun/reflect/generics/repository/ClassRepository'
21:07:32.970 [Test worker] DEBUG com.tngtech.archunit.core.importer.JavaClassProcessor - Processing class 'java/lang/Class$AnnotationData'
21:07:32.971 [Test worker] DEBUG com.tngtech.archunit.core.importer.JavaClassProcessor - Processing class 'java/lang/reflect/Constructor'
21:07:32.972 [Test worker] DEBUG com.tngtech.archunit.core.importer.JavaClassProcessor - Processing class 'java/lang/ClassLoader'
21:07:32.975 [Test worker] DEBUG com.tngtech.archunit.core.importer.JavaClassProcessor - Processing class 'java/lang/reflect/TypeVariable'
21:07:32.976 [Test worker] DEBUG com.tngtech.archunit.core.importer.JavaClassProcessor - Processing class 'java/lang/reflect/AnnotatedType'
21:07:32.978 [Test worker] DEBUG com.tngtech.archunit.core.importer.JavaClassProcessor - Processing class 'java/lang/ClassNotFoundException'
21:07:32.979 [Test worker] DEBUG com.tngtech.archunit.core.importer.JavaClassProcessor - Processing class 'java/lang/NoSuchMethodException'
21:07:32.980 [Test worker] DEBUG com.tngtech.archunit.core.importer.JavaClassProcessor - Processing class 'java/lang/SecurityException'
21:07:32.981 [Test worker] DEBUG com.tngtech.archunit.core.importer.JavaClassProcessor - Processing class 'java/lang/InstantiationException'
21:07:32.981 [Test worker] DEBUG com.tngtech.archunit.core.importer.JavaClassProcessor - Processing class 'java/lang/IllegalAccessException'
21:07:32.982 [Test worker] DEBUG com.tngtech.archunit.core.importer.JavaClassProcessor - Processing class 'java/lang/Package'
21:07:32.984 [Test worker] DEBUG com.tngtech.archunit.core.importer.JavaClassProcessor - Processing class 'java/lang/reflect/RecordComponent'
21:07:32.985 [Test worker] DEBUG com.tngtech.archunit.core.importer.JavaClassProcessor - Processing class 'java/lang/NoSuchFieldException'
21:07:32.986 [Test worker] DEBUG com.tngtech.archunit.core.importer.JavaClassProcessor - Processing class 'java/lang/reflect/GenericArrayType'
21:07:32.986 [Test worker] DEBUG com.tngtech.archunit.core.importer.JavaClassProcessor - Processing class 'java/io/InputStream'
21:07:32.988 [Test worker] DEBUG com.tngtech.archunit.core.importer.JavaClassProcessor - Processing class 'jdk/internal/loader/BuiltinClassLoader'
21:07:32.992 [Test worker] DEBUG com.tngtech.archunit.core.importer.JavaClassProcessor - Processing class 'sun/reflect/generics/factory/GenericsFactory'
21:07:33.157 [Test worker] DEBUG com.tngtech.archunit.core.importer.JavaClassProcessor - Processing class 'java/lang/SecurityManager'
21:07:33.160 [Test worker] DEBUG com.tngtech.archunit.core.importer.JavaClassProcessor - Processing class 'java/lang/Class$EnclosingMethodInfo'
21:07:33.162 [Test worker] DEBUG com.tngtech.archunit.core.importer.JavaClassProcessor - Processing class 'jdk/internal/reflect/ConstantPool'
21:07:33.163 [Test worker] DEBUG com.tngtech.archunit.core.importer.JavaClassProcessor - Processing class 'java/lang/PublicMethods$MethodList'
21:07:33.166 [Test worker] DEBUG com.tngtech.archunit.core.importer.JavaClassProcessor - Processing class 'java/lang/NumberFormatException'
21:07:33.166 [Test worker] DEBUG com.tngtech.archunit.core.importer.JavaClassProcessor - Processing class 'java/lang/invoke/MethodHandles$Lookup'
21:07:33.170 [Test worker] DEBUG com.tngtech.archunit.core.importer.JavaClassProcessor - Processing class 'java/lang/ReflectiveOperationException'
21:07:33.172 [Test worker] DEBUG com.tngtech.archunit.core.importer.JavaClassProcessor - Processing class 'java/lang/CloneNotSupportedException'
21:07:33.173 [Test worker] DEBUG com.tngtech.archunit.core.importer.JavaClassProcessor - Processing class 'java/io/ObjectStreamException'
21:07:33.175 [Test worker] DEBUG com.tngtech.archunit.core.importer.JavaClassProcessor - Processing class 'java/io/ObjectInputStream'
21:07:33.200 [Test worker] DEBUG com.tngtech.archunit.core.importer.JavaClassProcessor - Processing class 'java/util/Spliterator'
21:07:33.200 [Test worker] DEBUG com.tngtech.archunit.core.importer.JavaClassProcessor - Processing class 'java/math/BigInteger'
21:07:33.204 [Test worker] DEBUG com.tngtech.archunit.core.importer.JavaClassProcessor - Processing class 'java/lang/InterruptedException'
21:07:33.207 [Test worker] DEBUG com.tngtech.archunit.core.importer.JavaClassProcessor - Processing class 'java/nio/charset/CharsetDecoder'
21:07:33.208 [Test worker] DEBUG com.tngtech.archunit.core.importer.JavaClassProcessor - Processing class 'sun/nio/cs/ArrayEncoder'
21:07:33.209 [Test worker] DEBUG com.tngtech.archunit.core.importer.JavaClassProcessor - Processing class 'java/io/UnsupportedEncodingException'
21:07:33.209 [Test worker] DEBUG com.tngtech.archunit.core.importer.JavaClassProcessor - Processing class 'java/nio/charset/MalformedInputException'
21:07:33.210 [Test worker] DEBUG com.tngtech.archunit.core.importer.JavaClassProcessor - Processing class 'java/nio/charset/CharacterCodingException'
21:07:33.210 [Test worker] DEBUG com.tngtech.archunit.core.importer.JavaClassProcessor - Processing class 'java/lang/Void'
21:07:33.210 [Test worker] DEBUG com.tngtech.archunit.core.importer.JavaClassProcessor - Processing class 'java/lang/AbstractStringBuilder'
21:07:33.211 [Test worker] DEBUG com.tngtech.archunit.core.importer.JavaClassProcessor - Processing class 'java/lang/StringBuffer'
21:07:33.213 [Test worker] DEBUG com.tngtech.archunit.core.importer.JavaClassProcessor - Processing class 'sun/nio/cs/ArrayDecoder'
21:07:33.214 [Test worker] DEBUG com.tngtech.archunit.core.importer.JavaClassProcessor - Processing class 'java/util/function/Function'
21:07:33.214 [Test worker] DEBUG com.tngtech.archunit.core.importer.JavaClassProcessor - Processing class 'java/nio/charset/UnmappableCharacterException'
21:07:33.215 [Test worker] DEBUG com.tngtech.archunit.core.importer.JavaClassProcessor - Processing class 'java/lang/StringBuilder'
21:07:33.216 [Test worker] DEBUG com.tngtech.archunit.core.importer.JavaClassProcessor - Processing class 'java/lang/ModuleLayer'
21:07:33.217 [Test worker] DEBUG com.tngtech.archunit.core.importer.JavaClassProcessor - Processing class 'java/util/Properties'
21:07:33.218 [Test worker] DEBUG com.tngtech.archunit.core.importer.JavaClassProcessor - Processing class 'java/io/PrintStream'
21:07:33.219 [Test worker] DEBUG com.tngtech.archunit.core.importer.JavaClassProcessor - Processing class 'java/io/Console'
21:07:33.219 [Test worker] DEBUG com.tngtech.archunit.core.importer.JavaClassProcessor - Processing class 'java/io/FileOutputStream'
21:07:33.220 [Test worker] DEBUG com.tngtech.archunit.core.importer.JavaClassProcessor - Processing class 'java/nio/channels/Channel'
21:07:33.221 [Test worker] DEBUG com.tngtech.archunit.core.importer.JavaClassProcessor - Processing class 'java/lang/invoke/StringConcatFactory'
21:07:33.222 [Test worker] DEBUG com.tngtech.archunit.core.importer.JavaClassProcessor - Processing class 'java/lang/System$Logger'
21:07:33.222 [Test worker] DEBUG com.tngtech.archunit.core.importer.JavaClassProcessor - Processing class 'java/util/ResourceBundle'
21:07:33.224 [Test worker] DEBUG com.tngtech.archunit.core.importer.JavaClassProcessor - Processing class 'java/util/concurrent/atomic/AtomicInteger'
21:07:33.225 [Test worker] DEBUG com.tngtech.archunit.core.importer.JavaClassProcessor - Processing class 'java/lang/ThreadLocal$ThreadLocalMap'
21:07:33.226 [Test worker] DEBUG com.tngtech.archunit.core.importer.JavaClassProcessor - Processing class 'java/lang/Thread'
21:07:33.227 [Test worker] DEBUG com.tngtech.archunit.core.importer.JavaClassProcessor - Processing class 'jdk/internal/misc/TerminatingThreadLocal'
21:07:33.228 [Test worker] DEBUG com.tngtech.archunit.core.importer.JavaClassProcessor - Processing class 'java/util/function/Supplier'
21:07:33.229 [Test worker] DEBUG com.tngtech.archunit.core.importer.JavaClassProcessor - Processing class 'java/lang/StackTraceElement'
21:07:33.231 [Test worker] DEBUG com.tngtech.archunit.core.importer.JavaClassProcessor - Processing class 'java/lang/Throwable$PrintStreamOrWriter'
21:07:33.231 [Test worker] DEBUG com.tngtech.archunit.core.importer.JavaClassProcessor - Processing class 'java/io/ObjectOutputStream'
21:07:33.389 [Test worker] DEBUG com.tngtech.archunit.core.importer.JavaClassProcessor - Processing class 'java/io/PrintWriter'
21:07:33.394 [Test worker] DEBUG com.tngtech.archunit.core.importer.JavaClassProcessor - Processing class 'java/lang/constant/DirectMethodHandleDesc'
21:07:33.396 [Test worker] DEBUG com.tngtech.archunit.core.importer.JavaClassProcessor - Processing class 'java/lang/invoke/MethodHandle'
21:07:33.399 [Test worker] DEBUG com.tngtech.archunit.core.importer.JavaClassProcessor - Processing class 'java/lang/ref/WeakReference'
21:07:33.400 [Test worker] DEBUG com.tngtech.archunit.core.importer.JavaClassProcessor - Processing class 'java/lang/reflect/AccessibleObject$Cache'
21:07:33.403 [Test worker] DEBUG com.tngtech.archunit.core.importer.JavaClassProcessor - Processing class 'java/lang/reflect/Parameter'
21:07:33.406 [Test worker] DEBUG com.tngtech.archunit.core.importer.JavaClassProcessor - Processing class 'sun/reflect/generics/repository/ConstructorRepository'
21:07:33.408 [Test worker] DEBUG com.tngtech.archunit.core.importer.JavaClassProcessor - Processing class 'jdk/internal/reflect/FieldAccessor'
21:07:33.408 [Test worker] DEBUG com.tngtech.archunit.core.importer.JavaClassProcessor - Processing class 'sun/reflect/generics/repository/FieldRepository'
21:07:33.410 [Test worker] DEBUG com.tngtech.archunit.core.importer.JavaClassProcessor - Processing class 'sun/reflect/generics/repository/MethodRepository'
21:07:33.411 [Test worker] DEBUG com.tngtech.archunit.core.importer.JavaClassProcessor - Processing class 'jdk/internal/reflect/MethodAccessor'
21:07:33.412 [Test worker] DEBUG com.tngtech.archunit.core.importer.JavaClassProcessor - Processing class 'java/lang/reflect/InvocationTargetException'
21:07:33.412 [Test worker] DEBUG com.tngtech.archunit.core.importer.JavaClassProcessor - Processing class 'sun/reflect/annotation/ExceptionProxy'
21:07:33.413 [Test worker] DEBUG com.tngtech.archunit.core.importer.JavaClassProcessor - Processing class 'sun/reflect/annotation/TypeNotPresentExceptionProxy'
21:07:33.414 [Test worker] DEBUG com.tngtech.archunit.core.importer.JavaClassProcessor - Processing class 'java/util/Hashtable'
21:07:33.416 [Test worker] DEBUG com.tngtech.archunit.core.importer.JavaClassProcessor - Processing class 'java/net/UrlDeserializedState'
21:07:33.417 [Test worker] DEBUG com.tngtech.archunit.core.importer.JavaClassProcessor - Processing class 'java/net/InetAddress'
21:07:33.418 [Test worker] DEBUG com.tngtech.archunit.core.importer.JavaClassProcessor - Processing class 'java/net/URI'
21:07:33.421 [Test worker] DEBUG com.tngtech.archunit.core.importer.JavaClassProcessor - Processing class 'java/net/URISyntaxException'
21:07:33.422 [Test worker] DEBUG com.tngtech.archunit.core.importer.JavaClassProcessor - Processing class 'java/net/MalformedURLException'
21:07:33.422 [Test worker] DEBUG com.tngtech.archunit.core.importer.JavaClassProcessor - Processing class 'java/net/URLConnection'
21:07:33.424 [Test worker] DEBUG com.tngtech.archunit.core.importer.JavaClassProcessor - Processing class 'java/net/Proxy'
21:07:33.425 [Test worker] DEBUG com.tngtech.archunit.core.importer.JavaClassProcessor - Processing class 'java/io/InvalidObjectException'
21:07:33.426 [Test worker] DEBUG com.tngtech.archunit.core.importer.JavaClassProcessor - Processing class 'sun/net/www/protocol/jar/Handler'
21:07:33.428 [Test worker] DEBUG com.tngtech.archunit.core.importer.JavaClassProcessor - Processing class 'java/nio/CharBuffer'
21:07:33.429 [Test worker] DEBUG com.tngtech.archunit.core.importer.JavaClassProcessor - Processing class 'java/nio/ByteBuffer'
21:07:33.431 [Test worker] DEBUG com.tngtech.archunit.core.importer.JavaClassProcessor - Processing class 'java/nio/charset/CharsetEncoder'
21:07:33.499 [Test worker] DEBUG com.tngtech.archunit.core.importer.JavaClassProcessor - Processing class 'java/util/SortedMap'
21:07:33.501 [Test worker] DEBUG com.tngtech.archunit.core.importer.JavaClassProcessor - Processing class 'java/io/DataOutput'
21:07:33.502 [Test worker] DEBUG com.tngtech.archunit.core.importer.JavaClassProcessor - Processing class 'java/math/BigDecimal'
21:07:33.506 [Test worker] DEBUG com.tngtech.archunit.core.importer.JavaClassProcessor - Processing class 'java/time/temporal/ChronoUnit'
21:07:33.508 [Test worker] DEBUG com.tngtech.archunit.core.importer.JavaClassProcessor - Processing class 'java/io/DataInput'
21:07:33.509 [Test worker] DEBUG com.tngtech.archunit.core.importer.JavaClassProcessor - Processing class 'java/time/Clock'
21:07:33.510 [Test worker] DEBUG com.tngtech.archunit.core.importer.JavaClassProcessor - Processing class 'java/time/temporal/TemporalField'
21:07:33.510 [Test worker] DEBUG com.tngtech.archunit.core.importer.JavaClassProcessor - Processing class 'java/time/chrono/ChronoPeriod'
21:07:33.510 [Test worker] DEBUG com.tngtech.archunit.core.importer.JavaClassProcessor - Processing class 'java/time/chrono/Era'
21:07:33.511 [Test worker] DEBUG com.tngtech.archunit.core.importer.JavaClassProcessor - Processing class 'java/time/Period'
21:07:33.512 [Test worker] DEBUG com.tngtech.archunit.core.importer.JavaClassProcessor - Processing class 'java/time/chrono/IsoChronology'
21:07:33.513 [Test worker] DEBUG com.tngtech.archunit.core.importer.JavaClassProcessor - Processing class 'java/time/OffsetDateTime'
21:07:33.514 [Test worker] DEBUG com.tngtech.archunit.core.importer.JavaClassProcessor - Processing class 'java/time/OffsetTime'
21:07:33.515 [Test worker] DEBUG com.tngtech.archunit.core.importer.JavaClassProcessor - Processing class 'java/time/chrono/IsoEra'
21:07:33.516 [Test worker] DEBUG com.tngtech.archunit.core.importer.JavaClassProcessor - Processing class 'java/time/temporal/TemporalQuery'
21:07:33.516 [Test worker] DEBUG com.tngtech.archunit.core.importer.JavaClassProcessor - Processing class 'java/time/format/DateTimeFormatter'
21:07:33.517 [Test worker] DEBUG com.tngtech.archunit.core.importer.JavaClassProcessor - Processing class 'java/time/temporal/ChronoField'
21:07:33.518 [Test worker] DEBUG com.tngtech.archunit.core.importer.JavaClassProcessor - Processing class 'java/time/LocalTime'
21:07:33.519 [Test worker] DEBUG com.tngtech.archunit.core.importer.JavaClassProcessor - Processing class 'java/time/ZoneOffset'
21:07:33.520 [Test worker] DEBUG com.tngtech.archunit.core.importer.JavaClassProcessor - Processing class 'java/time/DayOfWeek'
21:07:33.521 [Test worker] DEBUG com.tngtech.archunit.core.importer.JavaClassProcessor - Processing class 'java/time/Month'
21:07:33.522 [Test worker] DEBUG com.tngtech.archunit.core.importer.JavaClassProcessor - Processing class 'java/time/chrono/Chronology'
21:07:33.523 [Test worker] DEBUG com.tngtech.archunit.core.importer.JavaClassProcessor - Processing class 'java/time/temporal/ValueRange'
21:07:33.525 [Test worker] DEBUG com.tngtech.archunit.core.importer.JavaClassProcessor - Processing class 'java/time/format/TextStyle'
21:07:33.526 [Test worker] DEBUG com.tngtech.archunit.core.importer.JavaClassProcessor - Processing class 'java/time/zone/ZoneRules'
21:07:33.527 [Test worker] DEBUG com.tngtech.archunit.core.importer.JavaClassProcessor - Processing class 'java/time/ZoneRegion'
21:07:33.528 [Test worker] DEBUG com.tngtech.archunit.core.importer.JavaClassProcessor - Processing class 'java/io/ObjectInput'
21:07:33.530 [Test worker] DEBUG com.tngtech.archunit.core.importer.JavaClassProcessor - Processing class 'java/lang/invoke/SerializedLambda'
21:07:33.541 [Test worker] DEBUG com.tngtech.archunit.core.importer.JavaClassProcessor - Processing class 'java/util/ListIterator'
21:07:33.588 [Test worker] DEBUG com.tngtech.archunit.core.importer.JavaClassProcessor - Processing class 'java/util/function/Predicate'
21:07:33.589 [Test worker] DEBUG com.tngtech.archunit.core.importer.JavaClassProcessor - Processing class 'java/util/function/UnaryOperator'
21:07:33.594 [Test worker] DEBUG com.tngtech.archunit.core.importer.JavaClassProcessor - Processing class 'java/util/function/IntToDoubleFunction'
21:07:33.595 [Test worker] DEBUG com.tngtech.archunit.core.importer.JavaClassProcessor - Processing class 'java/util/Spliterator$OfLong'
21:07:33.596 [Test worker] DEBUG com.tngtech.archunit.core.importer.JavaClassProcessor - Processing class 'java/util/Spliterator$OfDouble'
21:07:33.597 [Test worker] DEBUG com.tngtech.archunit.core.importer.JavaClassProcessor - Processing class 'java/util/function/IntFunction'
21:07:33.598 [Test worker] DEBUG com.tngtech.archunit.core.importer.JavaClassProcessor - Processing class 'java/util/Spliterator$OfInt'
21:07:33.601 [Test worker] DEBUG com.tngtech.archunit.core.importer.JavaClassProcessor - Processing class 'java/util/function/DoubleBinaryOperator'
21:07:33.602 [Test worker] DEBUG com.tngtech.archunit.core.importer.JavaClassProcessor - Processing class 'java/util/function/IntToLongFunction'
21:07:33.603 [Test worker] DEBUG com.tngtech.archunit.core.importer.JavaClassProcessor - Processing class 'java/util/function/IntUnaryOperator'
21:07:33.612 [Test worker] DEBUG com.tngtech.archunit.core.importer.JavaClassProcessor - Processing class 'java/util/function/IntBinaryOperator'
21:07:33.613 [Test worker] DEBUG com.tngtech.archunit.core.importer.JavaClassProcessor - Processing class 'java/util/function/BinaryOperator'
21:07:33.615 [Test worker] DEBUG com.tngtech.archunit.core.importer.JavaClassProcessor - Processing class 'java/util/function/LongBinaryOperator'
21:07:33.618 [Test worker] DEBUG com.tngtech.archunit.core.importer.JavaClassProcessor - Processing class 'java/util/function/ToDoubleFunction'
21:07:33.619 [Test worker] DEBUG com.tngtech.archunit.core.importer.JavaClassProcessor - Processing class 'java/util/function/ToIntFunction'
21:07:33.620 [Test worker] DEBUG com.tngtech.archunit.core.importer.JavaClassProcessor - Processing class 'java/util/function/ToLongFunction'
21:07:33.622 [Test worker] DEBUG com.tngtech.archunit.core.importer.JavaClassProcessor - Processing class 'sun/util/calendar/BaseCalendar'
21:07:33.623 [Test worker] DEBUG com.tngtech.archunit.core.importer.JavaClassProcessor - Processing class 'sun/util/calendar/BaseCalendar$Date'
21:07:33.632 [Test worker] DEBUG com.tngtech.archunit.core.importer.JavaClassProcessor - Processing class 'sun/util/calendar/ZoneInfo'
21:07:33.637 [Test worker] DEBUG com.tngtech.archunit.core.importer.JavaClassProcessor - Processing class 'java/util/Locale$FilteringMode'
21:07:33.662 [Test worker] DEBUG com.tngtech.archunit.core.importer.JavaClassProcessor - Processing class 'java/util/MissingResourceException'
21:07:33.665 [Test worker] DEBUG com.tngtech.archunit.core.importer.JavaClassProcessor - Processing class 'java/util/Locale$Category'
21:07:33.666 [Test worker] DEBUG com.tngtech.archunit.core.importer.JavaClassProcessor - Processing class 'java/util/Locale$IsoCountryCode'
21:07:33.667 [Test worker] DEBUG com.tngtech.archunit.core.importer.JavaClassProcessor - Processing class 'java/util/spi/LocaleNameProvider'
21:07:33.668 [Test worker] DEBUG com.tngtech.archunit.core.importer.JavaClassProcessor - Processing class 'sun/util/locale/provider/LocaleResources'
21:07:33.674 [Test worker] DEBUG com.tngtech.archunit.core.importer.JavaClassProcessor - Processing class 'java/util/function/BiFunction'
21:07:33.678 [Test worker] DEBUG com.tngtech.archunit.core.importer.JavaClassProcessor - Processing class 'java/util/ImmutableCollections$AbstractImmutableMap'
21:07:33.679 [Test worker] DEBUG com.tngtech.archunit.core.importer.JavaClassProcessor - Processing class 'java/util/function/BiConsumer'
21:07:33.683 [Test worker] DEBUG com.tngtech.archunit.core.importer.JavaClassProcessor - Processing class 'java/util/KeyValueHolder'
21:07:33.686 [Test worker] DEBUG com.tngtech.archunit.core.importer.JavaClassProcessor - Processing class 'java/util/ImmutableCollections$AbstractImmutableSet'
21:07:33.688 [Test worker] DEBUG com.tngtech.archunit.core.importer.JavaClassProcessor - Processing class 'jdk/internal/access/JavaLangAccess'
21:07:33.691 [Test worker] DEBUG com.tngtech.archunit.core.importer.JavaClassProcessor - Processing class 'java/util/concurrent/ConcurrentHashMap$KeySetView'
21:07:33.692 [Test worker] DEBUG com.tngtech.archunit.core.importer.JavaClassProcessor - Processing class 'java/util/concurrent/ConcurrentHashMap$Node'
21:07:33.694 [Test worker] DEBUG com.tngtech.archunit.core.importer.JavaClassProcessor - Processing class 'java/util/concurrent/ConcurrentHashMap$EntrySetView'
21:07:33.695 [Test worker] DEBUG com.tngtech.archunit.core.importer.JavaClassProcessor - Processing class 'java/util/concurrent/ConcurrentHashMap$ValuesView'
21:07:33.696 [Test worker] DEBUG com.tngtech.archunit.core.importer.JavaClassProcessor - Processing class 'jdk/internal/misc/Unsafe'
21:07:33.705 [Test worker] DEBUG com.tngtech.archunit.core.importer.JavaClassProcessor - Processing class 'java/util/concurrent/ConcurrentHashMap$CounterCell'
21:07:33.708 [Test worker] DEBUG com.tngtech.archunit.core.importer.JavaClassProcessor - Processing class 'java/lang/reflect/ParameterizedType'
21:07:33.709 [Test worker] DEBUG com.tngtech.archunit.core.importer.JavaClassProcessor - Processing class 'java/util/concurrent/ConcurrentHashMap$TreeBin'
21:07:33.731 [Test worker] DEBUG com.tngtech.archunit.core.importer.JavaClassProcessor - Processing class 'java/util/concurrent/ConcurrentHashMap$ReservationNode'
21:07:33.732 [Test worker] DEBUG com.tngtech.archunit.core.importer.JavaClassProcessor - Processing class 'java/util/concurrent/ConcurrentHashMap$ForwardingNode'
21:07:33.734 [Test worker] DEBUG com.tngtech.archunit.core.importer.JavaClassProcessor - Processing class 'java/util/function/ToLongBiFunction'
21:07:33.737 [Test worker] DEBUG com.tngtech.archunit.core.importer.JavaClassProcessor - Processing class 'java/util/function/ToDoubleBiFunction'
21:07:33.739 [Test worker] DEBUG com.tngtech.archunit.core.importer.JavaClassProcessor - Processing class 'java/util/Enumeration'
21:07:33.741 [Test worker] DEBUG com.tngtech.archunit.core.importer.JavaClassProcessor - Processing class 'java/util/function/ToIntBiFunction'
21:07:33.743 [Test worker] DEBUG com.tngtech.archunit.core.importer.JavaClassProcessor - Processing class 'java/util/concurrent/ConcurrentHashMap$Segment'
21:07:33.744 [Test worker] DEBUG com.tngtech.archunit.core.importer.JavaClassProcessor - Processing class 'java/util/concurrent/locks/LockSupport'
21:07:33.748 [Test worker] DEBUG com.tngtech.archunit.core.importer.JavaClassProcessor - Processing class 'java/util/function/DoublePredicate'
21:07:33.749 [Test worker] DEBUG com.tngtech.archunit.core.importer.JavaClassProcessor - Processing class 'java/util/stream/DoubleStream$Builder'
21:07:33.750 [Test worker] DEBUG com.tngtech.archunit.core.importer.JavaClassProcessor - Processing class 'java/util/stream/DoubleStream$DoubleMapMultiConsumer'
21:07:33.751 [Test worker] DEBUG com.tngtech.archunit.core.importer.JavaClassProcessor - Processing class 'java/util/function/DoubleUnaryOperator'
21:07:33.752 [Test worker] DEBUG com.tngtech.archunit.core.importer.JavaClassProcessor - Processing class 'java/util/OptionalDouble'
21:07:33.753 [Test worker] DEBUG com.tngtech.archunit.core.importer.JavaClassProcessor - Processing class 'java/util/function/DoubleToLongFunction'
21:07:33.753 [Test worker] DEBUG com.tngtech.archunit.core.importer.JavaClassProcessor - Processing class 'java/util/function/DoubleToIntFunction'
21:07:33.754 [Test worker] DEBUG com.tngtech.archunit.core.importer.JavaClassProcessor - Processing class 'java/util/function/DoubleFunction'
21:07:33.755 [Test worker] DEBUG com.tngtech.archunit.core.importer.JavaClassProcessor - Processing class 'java/util/function/DoubleSupplier'
21:07:33.755 [Test worker] DEBUG com.tngtech.archunit.core.importer.JavaClassProcessor - Processing class 'java/util/function/ObjDoubleConsumer'
21:07:33.756 [Test worker] DEBUG com.tngtech.archunit.core.importer.JavaClassProcessor - Processing class 'java/util/PrimitiveIterator$OfDouble'
21:07:33.757 [Test worker] DEBUG com.tngtech.archunit.core.importer.JavaClassProcessor - Processing class 'java/util/function/IntPredicate'
21:07:33.758 [Test worker] DEBUG com.tngtech.archunit.core.importer.JavaClassProcessor - Processing class 'java/util/OptionalInt'
21:07:33.759 [Test worker] DEBUG com.tngtech.archunit.core.importer.JavaClassProcessor - Processing class 'java/util/stream/IntStream$Builder'
21:07:33.760 [Test worker] DEBUG com.tngtech.archunit.core.importer.JavaClassProcessor - Processing class 'java/util/stream/IntStream$IntMapMultiConsumer'
21:07:33.761 [Test worker] DEBUG com.tngtech.archunit.core.importer.JavaClassProcessor - Processing class 'java/util/function/ObjIntConsumer'
21:07:33.761 [Test worker] DEBUG com.tngtech.archunit.core.importer.JavaClassProcessor - Processing class 'java/util/PrimitiveIterator$OfInt'
21:07:33.762 [Test worker] DEBUG com.tngtech.archunit.core.importer.JavaClassProcessor - Processing class 'java/util/function/IntSupplier'
21:07:33.763 [Test worker] DEBUG com.tngtech.archunit.core.importer.JavaClassProcessor - Processing class 'java/util/OptionalLong'
21:07:33.765 [Test worker] DEBUG com.tngtech.archunit.core.importer.JavaClassProcessor - Processing class 'java/util/function/LongPredicate'
21:07:33.767 [Test worker] DEBUG com.tngtech.archunit.core.importer.JavaClassProcessor - Processing class 'java/util/function/LongUnaryOperator'
21:07:33.768 [Test worker] DEBUG com.tngtech.archunit.core.importer.JavaClassProcessor - Processing class 'java/util/PrimitiveIterator$OfLong'
21:07:33.772 [Test worker] DEBUG com.tngtech.archunit.core.importer.JavaClassProcessor - Processing class 'java/util/function/ObjLongConsumer'
21:07:33.773 [Test worker] DEBUG com.tngtech.archunit.core.importer.JavaClassProcessor - Processing class 'java/util/stream/LongStream$LongMapMultiConsumer'
21:07:33.774 [Test worker] DEBUG com.tngtech.archunit.core.importer.JavaClassProcessor - Processing class 'java/util/function/LongSupplier'
21:07:33.775 [Test worker] DEBUG com.tngtech.archunit.core.importer.JavaClassProcessor - Processing class 'java/util/function/LongFunction'
21:07:33.776 [Test worker] DEBUG com.tngtech.archunit.core.importer.JavaClassProcessor - Processing class 'java/util/stream/LongStream$Builder'
21:07:33.776 [Test worker] DEBUG com.tngtech.archunit.core.importer.JavaClassProcessor - Processing class 'java/util/function/LongToIntFunction'
21:07:33.778 [Test worker] DEBUG com.tngtech.archunit.core.importer.JavaClassProcessor - Processing class 'java/util/function/LongToDoubleFunction'
21:07:33.779 [Test worker] DEBUG com.tngtech.archunit.core.importer.JavaClassProcessor - Processing class 'java/util/stream/Stream$Builder'
21:07:33.816 [Test worker] DEBUG com.tngtech.archunit.core.importer.JavaClassProcessor - Processing class 'javax/persistence/UniqueConstraint'
21:07:33.818 [Test worker] DEBUG com.tngtech.archunit.core.importer.JavaClassProcessor - Processing class 'javax/persistence/Index'
21:07:33.821 [Test worker] DEBUG com.tngtech.archunit.core.importer.JavaClassProcessor - Processing class 'javax/security/auth/DestroyFailedException'
21:07:33.825 [Test worker] DEBUG com.tngtech.archunit.core.importer.JavaClassProcessor - Processing class 'javax/servlet/FilterConfig'
21:07:33.826 [Test worker] DEBUG com.tngtech.archunit.core.importer.JavaClassProcessor - Processing class 'java/util/EnumSet'
21:07:33.827 [Test worker] DEBUG com.tngtech.archunit.core.importer.JavaClassProcessor - Processing class 'javax/servlet/ServletConfig'
21:07:33.828 [Test worker] DEBUG com.tngtech.archunit.core.importer.JavaClassProcessor - Processing class 'javax/servlet/ServletSecurityElement'
21:07:33.830 [Test worker] DEBUG com.tngtech.archunit.core.importer.JavaClassProcessor - Processing class 'javax/servlet/MultipartConfigElement'
21:07:33.831 [Test worker] DEBUG com.tngtech.archunit.core.importer.JavaClassProcessor - Processing class 'javax/servlet/AsyncContext'
21:07:33.831 [Test worker] DEBUG com.tngtech.archunit.core.importer.JavaClassProcessor - Processing class 'java/io/BufferedReader'
21:07:33.833 [Test worker] DEBUG com.tngtech.archunit.core.importer.JavaClassProcessor - Processing class 'javax/servlet/ServletContext'
21:07:33.834 [Test worker] DEBUG com.tngtech.archunit.core.importer.JavaClassProcessor - Processing class 'javax/servlet/ServletInputStream'
21:07:33.835 [Test worker] DEBUG com.tngtech.archunit.core.importer.JavaClassProcessor - Processing class 'javax/servlet/RequestDispatcher'
21:07:33.836 [Test worker] DEBUG com.tngtech.archunit.core.importer.JavaClassProcessor - Processing class 'javax/servlet/ServletOutputStream'
21:07:33.837 [Test worker] DEBUG com.tngtech.archunit.core.importer.JavaClassProcessor - Processing class 'javax/servlet/http/PushBuilder'
21:07:33.838 [Test worker] DEBUG com.tngtech.archunit.core.importer.JavaClassProcessor - Processing class 'javax/servlet/http/HttpSession'
21:07:33.839 [Test worker] DEBUG com.tngtech.archunit.core.importer.JavaClassProcessor - Processing class 'javax/servlet/http/HttpServletMapping'
21:07:33.840 [Test worker] DEBUG com.tngtech.archunit.core.importer.JavaClassProcessor - Processing class 'java/security/Principal'
21:07:33.841 [Test worker] DEBUG com.tngtech.archunit.core.importer.JavaClassProcessor - Processing class 'javax/servlet/http/Cookie'
21:07:33.848 [Test worker] DEBUG com.tngtech.archunit.core.importer.JavaClassProcessor - Processing class 'javax/servlet/http/WebConnection'
21:07:33.849 [Test worker] DEBUG com.tngtech.archunit.core.importer.JavaClassProcessor - Processing class 'java/security/MessageDigest'
21:07:33.849 [Test worker] DEBUG com.tngtech.archunit.core.importer.JavaClassProcessor - Processing class 'java/nio/file/Path'
21:07:33.851 [Test worker] DEBUG com.tngtech.archunit.core.importer.JavaClassProcessor - Processing class 'java/nio/file/OpenOption'
21:07:33.851 [Test worker] DEBUG com.tngtech.archunit.core.importer.JavaClassProcessor - Processing class 'java/io/File'
21:07:33.852 [Test worker] DEBUG com.tngtech.archunit.core.importer.JavaClassProcessor - Processing class 'java/io/RandomAccessFile'
21:07:33.854 [Test worker] DEBUG com.tngtech.archunit.core.importer.JavaClassProcessor - Processing class 'java/nio/channels/FileChannel'
21:07:33.855 [Test worker] DEBUG com.tngtech.archunit.core.importer.JavaClassProcessor - Processing class 'org/aspectj/lang/reflect/SourceLocation'
21:07:33.856 [Test worker] DEBUG com.tngtech.archunit.core.importer.JavaClassProcessor - Processing class 'org/aspectj/lang/JoinPoint$StaticPart'
21:07:33.857 [Test worker] DEBUG com.tngtech.archunit.core.importer.JavaClassProcessor - Processing class 'org/aspectj/runtime/internal/AroundClosure'
21:07:33.858 [Test worker] DEBUG com.tngtech.archunit.core.importer.JavaClassProcessor - Processing class 'org/slf4j/Marker'
21:07:33.860 [Test worker] DEBUG com.tngtech.archunit.core.importer.JavaClassProcessor - Processing class 'org/slf4j/helpers/SubstituteLoggerFactory'
21:07:33.861 [Test worker] DEBUG com.tngtech.archunit.core.importer.JavaClassProcessor - Processing class 'org/slf4j/helpers/NOPLoggerFactory'
21:07:33.862 [Test worker] DEBUG com.tngtech.archunit.core.importer.JavaClassProcessor - Processing class 'org/slf4j/event/SubstituteLoggingEvent'
21:07:33.863 [Test worker] DEBUG com.tngtech.archunit.core.importer.JavaClassProcessor - Processing class 'org/slf4j/ILoggerFactory'
21:07:33.864 [Test worker] DEBUG com.tngtech.archunit.core.importer.JavaClassProcessor - Processing class 'org/aopalliance/aop/Advice'
21:07:33.865 [Test worker] DEBUG com.tngtech.archunit.core.importer.JavaClassProcessor - Processing class 'org/springframework/aop/ClassFilter'
21:07:33.866 [Test worker] DEBUG com.tngtech.archunit.core.importer.JavaClassProcessor - Processing class 'org/springframework/aop/Pointcut'
21:07:33.868 [Test worker] DEBUG com.tngtech.archunit.core.importer.JavaClassProcessor - Processing class 'org/springframework/beans/factory/NoSuchBeanDefinitionException'
21:07:33.869 [Test worker] DEBUG com.tngtech.archunit.core.importer.JavaClassProcessor - Processing class 'org/springframework/beans/BeansException'
21:07:33.870 [Test worker] DEBUG com.tngtech.archunit.core.importer.JavaClassProcessor - Processing class 'org/springframework/beans/factory/ObjectProvider'
21:07:33.871 [Test worker] DEBUG com.tngtech.archunit.core.importer.JavaClassProcessor - Processing class 'org/springframework/core/ResolvableType'
21:07:33.875 [Test worker] DEBUG com.tngtech.archunit.core.importer.JavaClassProcessor - Processing class 'org/springframework/beans/factory/config/BeanDefinition'
21:07:33.877 [Test worker] DEBUG com.tngtech.archunit.core.importer.JavaClassProcessor - Processing class 'org/springframework/beans/factory/support/BeanDefinitionRegistry'
21:07:33.877 [Test worker] DEBUG com.tngtech.archunit.core.importer.JavaClassProcessor - Processing class 'org/springframework/boot/BootstrapRegistry'
21:07:33.878 [Test worker] DEBUG com.tngtech.archunit.core.importer.JavaClassProcessor - Processing class 'org/springframework/boot/SpringApplicationShutdownHook'
21:07:33.879 [Test worker] DEBUG com.tngtech.archunit.core.importer.JavaClassProcessor - Processing class 'org/springframework/boot/Banner'
21:07:33.895 [Test worker] DEBUG com.tngtech.archunit.core.importer.JavaClassProcessor - Processing class 'org/springframework/core/metrics/ApplicationStartup'
21:07:33.896 [Test worker] DEBUG com.tngtech.archunit.core.importer.JavaClassProcessor - Processing class 'org/apache/commons/logging/Log'
21:07:33.897 [Test worker] DEBUG com.tngtech.archunit.core.importer.JavaClassProcessor - Processing class 'org/springframework/boot/WebApplicationType'
21:07:33.898 [Test worker] DEBUG com.tngtech.archunit.core.importer.JavaClassProcessor - Processing class 'org/springframework/boot/Banner$Mode'
21:07:33.910 [Test worker] DEBUG com.tngtech.archunit.core.importer.JavaClassProcessor - Processing class 'org/springframework/boot/ApplicationContextFactory'
21:07:33.912 [Test worker] DEBUG com.tngtech.archunit.core.importer.JavaClassProcessor - Processing class 'org/springframework/boot/ApplicationArguments'
21:07:33.913 [Test worker] DEBUG com.tngtech.archunit.core.importer.JavaClassProcessor - Processing class 'org/springframework/boot/CommandLineRunner'
21:07:33.914 [Test worker] DEBUG com.tngtech.archunit.core.importer.JavaClassProcessor - Processing class 'org/springframework/boot/ApplicationRunner'
21:07:33.915 [Test worker] DEBUG com.tngtech.archunit.core.importer.JavaClassProcessor - Processing class 'org/springframework/context/support/GenericApplicationContext'
21:07:33.917 [Test worker] DEBUG com.tngtech.archunit.core.importer.JavaClassProcessor - Processing class 'org/springframework/core/io/DefaultResourceLoader'
21:07:33.918 [Test worker] DEBUG com.tngtech.archunit.core.importer.JavaClassProcessor - Processing class 'org/springframework/boot/ExitCodeGenerator'
21:07:33.921 [Test worker] DEBUG com.tngtech.archunit.core.importer.JavaClassProcessor - Processing class 'org/springframework/boot/ApplicationEnvironment'
21:07:33.923 [Test worker] DEBUG com.tngtech.archunit.core.importer.JavaClassProcessor - Processing class 'org/springframework/boot/ApplicationReactiveWebEnvironment'
21:07:33.959 [Test worker] DEBUG com.tngtech.archunit.core.importer.JavaClassProcessor - Processing class 'org/springframework/boot/ApplicationServletEnvironment'
21:07:33.961 [Test worker] DEBUG com.tngtech.archunit.core.importer.JavaClassProcessor - Processing class 'org/springframework/boot/SpringApplicationRunListeners'
21:07:33.962 [Test worker] DEBUG com.tngtech.archunit.core.importer.JavaClassProcessor - Processing class 'org/springframework/boot/BeanDefinitionLoader'
21:07:33.964 [Test worker] DEBUG com.tngtech.archunit.core.importer.JavaClassProcessor - Processing class 'org/springframework/boot/ExitCodeExceptionMapper'
21:07:33.965 [Test worker] DEBUG com.tngtech.archunit.core.importer.JavaClassProcessor - Processing class 'org/springframework/boot/DefaultBootstrapContext'
21:07:33.967 [Test worker] DEBUG com.tngtech.archunit.core.importer.JavaClassProcessor - Processing class 'org/springframework/boot/SpringApplicationRunListener'
21:07:33.969 [Test worker] DEBUG com.tngtech.archunit.core.importer.JavaClassProcessor - Processing class 'org/springframework/boot/SpringBootExceptionHandler'
21:07:33.971 [Test worker] DEBUG com.tngtech.archunit.core.importer.JavaClassProcessor - Processing class 'org/springframework/context/support/AbstractApplicationContext'
21:07:33.975 [Test worker] DEBUG com.tngtech.archunit.core.importer.JavaClassProcessor - Processing class 'org/springframework/boot/SpringApplicationShutdownHandlers'
21:07:33.977 [Test worker] DEBUG com.tngtech.archunit.core.importer.JavaClassProcessor - Processing class 'org/springframework/beans/factory/support/AbstractAutowireCapableBeanFactory'
21:07:33.980 [Test worker] DEBUG com.tngtech.archunit.core.importer.JavaClassProcessor - Processing class 'org/springframework/beans/factory/support/DefaultListableBeanFactory'
21:07:33.983 [Test worker] DEBUG com.tngtech.archunit.core.importer.JavaClassProcessor - Processing class 'org/springframework/core/type/classreading/MetadataReader'
21:07:33.984 [Test worker] DEBUG com.tngtech.archunit.core.importer.JavaClassProcessor - Processing class 'org/springframework/core/type/classreading/MetadataReaderFactory'
21:07:33.985 [Test worker] DEBUG com.tngtech.archunit.core.importer.JavaClassProcessor - Processing class 'org/springframework/boot/autoconfigure/AutoConfigurationMetadata'
21:07:33.986 [Test worker] DEBUG com.tngtech.archunit.core.importer.JavaClassProcessor - Processing class 'org/springframework/boot/autoconfigure/AutoConfigurationImportEvent'
21:07:33.987 [Test worker] DEBUG com.tngtech.archunit.core.importer.JavaClassProcessor - Processing class 'org/springframework/boot/autoconfigure/AutoConfigurationImportSelector$AutoConfigurationEntry'
21:07:33.989 [Test worker] DEBUG com.tngtech.archunit.core.importer.JavaClassProcessor - Processing class 'org/springframework/beans/factory/config/ConfigurableListableBeanFactory'
21:07:33.990 [Test worker] DEBUG com.tngtech.archunit.core.importer.JavaClassProcessor - Processing class 'org/springframework/boot/autoconfigure/AutoConfigurationImportSelector$ConfigurationClassFilter'
21:07:33.991 [Test worker] DEBUG com.tngtech.archunit.core.importer.JavaClassProcessor - Processing class 'org/springframework/core/type/AnnotationMetadata'
21:07:33.993 [Test worker] DEBUG com.tngtech.archunit.core.importer.JavaClassProcessor - Processing class 'org/springframework/core/annotation/AnnotationAttributes'
21:07:34.012 [Test worker] DEBUG com.tngtech.archunit.core.importer.JavaClassProcessor - Processing class 'org/springframework/boot/autoconfigure/AutoConfigurationImportSelector$AutoConfigurationGroup'
21:07:34.018 [Test worker] DEBUG com.tngtech.archunit.core.importer.JavaClassProcessor - Processing class 'org/springframework/boot/autoconfigure/AutoConfigurationPackages$BasePackages'
21:07:34.039 [Test worker] DEBUG com.tngtech.archunit.core.importer.JavaClassProcessor - Processing class 'org/springframework/boot/web/client/BasicAuthentication'
21:07:34.041 [Test worker] DEBUG com.tngtech.archunit.core.importer.JavaClassProcessor - Processing class 'org/springframework/web/client/ResponseErrorHandler'
21:07:34.042 [Test worker] DEBUG com.tngtech.archunit.core.importer.JavaClassProcessor - Processing class 'org/springframework/web/util/UriTemplateHandler'
21:07:34.043 [Test worker] DEBUG com.tngtech.archunit.core.importer.JavaClassProcessor - Processing class 'org/springframework/boot/web/client/RestTemplateBuilder$RequestFactoryCustomizer'
21:07:34.052 [Test worker] DEBUG com.tngtech.archunit.core.importer.JavaClassProcessor - Processing class 'org/springframework/beans/factory/config/AutowireCapableBeanFactory'
21:07:34.054 [Test worker] DEBUG com.tngtech.archunit.core.importer.JavaClassProcessor - Processing class 'org/springframework/beans/factory/config/BeanFactoryPostProcessor'
21:07:34.056 [Test worker] DEBUG com.tngtech.archunit.core.importer.JavaClassProcessor - Processing class 'org/springframework/core/io/ProtocolResolver'
21:07:34.058 [Test worker] DEBUG com.tngtech.archunit.core.importer.JavaClassProcessor - Processing class 'org/springframework/context/NoSuchMessageException'
21:07:34.060 [Test worker] DEBUG com.tngtech.archunit.core.importer.JavaClassProcessor - Processing class 'org/springframework/context/MessageSourceResolvable'
21:07:34.062 [Test worker] DEBUG com.tngtech.archunit.core.importer.JavaClassProcessor - Processing class 'org/springframework/context/annotation/ScopeMetadata'
21:07:34.063 [Test worker] DEBUG com.tngtech.archunit.core.importer.JavaClassProcessor - Processing class 'org/springframework/beans/factory/annotation/AnnotatedBeanDefinition'
21:07:34.065 [Test worker] DEBUG com.tngtech.archunit.core.importer.JavaClassProcessor - Processing class 'org/springframework/context/annotation/Scope'
21:07:34.084 [Test worker] DEBUG com.tngtech.archunit.core.importer.JavaClassProcessor - Processing class 'org/springframework/core/env/MutablePropertySources'
21:07:34.086 [Test worker] DEBUG com.tngtech.archunit.core.importer.JavaClassProcessor - Processing class 'org/springframework/core/env/Profiles'
21:07:34.088 [Test worker] DEBUG com.tngtech.archunit.core.importer.JavaClassProcessor - Processing class 'org/springframework/core/env/MissingRequiredPropertiesException'
21:07:34.090 [Test worker] DEBUG com.tngtech.archunit.core.importer.JavaClassProcessor - Processing class 'org/springframework/core/convert/support/ConfigurableConversionService'
21:07:34.096 [Test worker] DEBUG com.tngtech.archunit.core.importer.JavaClassProcessor - Processing class 'org/springframework/core/io/Resource'
21:07:34.099 [Test worker] DEBUG com.tngtech.archunit.core.importer.JavaClassProcessor - Processing class 'org/springframework/data/domain/Sort'
21:07:34.101 [Test worker] DEBUG com.tngtech.archunit.core.importer.JavaClassProcessor - Processing class 'org/springframework/data/domain/Example'
21:07:34.114 [Test worker] DEBUG com.tngtech.archunit.core.importer.JavaClassProcessor - Processing class 'org/springframework/data/domain/Page'
21:07:34.116 [Test worker] DEBUG com.tngtech.archunit.core.importer.JavaClassProcessor - Processing class 'org/springframework/data/domain/Pageable'
21:07:34.135 [Test worker] DEBUG com.tngtech.archunit.core.importer.JavaClassProcessor - Processing class 'java/text/DecimalFormatSymbols'
21:07:34.137 [Test worker] DEBUG com.tngtech.archunit.core.importer.JavaClassProcessor - Processing class 'java/util/regex/Pattern'
21:07:34.143 [Test worker] DEBUG com.tngtech.archunit.core.importer.JavaClassProcessor - Processing class 'org/springframework/http/ReadOnlyHttpHeaders'
21:07:34.146 [Test worker] DEBUG com.tngtech.archunit.core.importer.JavaClassProcessor - Processing class 'org/springframework/http/ContentDisposition'
21:07:34.148 [Test worker] DEBUG com.tngtech.archunit.core.importer.JavaClassProcessor - Processing class 'java/net/InetSocketAddress'
21:07:34.164 [Test worker] DEBUG com.tngtech.archunit.core.importer.JavaClassProcessor - Processing class 'org/springframework/http/CacheControl'
21:07:34.166 [Test worker] DEBUG com.tngtech.archunit.core.importer.JavaClassProcessor - Processing class 'java/io/OutputStream'
21:07:34.168 [Test worker] DEBUG com.tngtech.archunit.core.importer.JavaClassProcessor - Processing class 'org/springframework/core/io/InputStreamResource'
21:07:34.178 [Test worker] DEBUG com.tngtech.archunit.core.importer.JavaClassProcessor - Processing class 'org/springframework/http/HttpStatus$Series'
21:07:34.181 [Test worker] DEBUG com.tngtech.archunit.core.importer.JavaClassProcessor - Processing class 'org/springframework/http/ResponseEntity$BodyBuilder'
21:07:34.182 [Test worker] DEBUG com.tngtech.archunit.core.importer.JavaClassProcessor - Processing class 'org/springframework/http/ResponseEntity$HeadersBuilder'
21:07:34.184 [Test worker] DEBUG com.tngtech.archunit.core.importer.JavaClassProcessor - Processing class 'org/springframework/http/ResponseEntity$1'
21:07:34.186 [Test worker] DEBUG com.tngtech.archunit.core.importer.JavaClassProcessor - Processing class 'org/springframework/http/client/ClientHttpResponse'
21:07:34.191 [Test worker] DEBUG com.tngtech.archunit.core.importer.JavaClassProcessor - Processing class 'org/springframework/http/client/ClientHttpRequestExecution'
21:07:34.193 [Test worker] DEBUG com.tngtech.archunit.core.importer.JavaClassProcessor - Processing class 'org/springframework/http/HttpInputMessage'
21:07:34.194 [Test worker] DEBUG com.tngtech.archunit.core.importer.JavaClassProcessor - Processing class 'org/springframework/http/converter/HttpMessageNotReadableException'
21:07:34.196 [Test worker] DEBUG com.tngtech.archunit.core.importer.JavaClassProcessor - Processing class 'org/springframework/http/converter/HttpMessageNotWritableException'
21:07:34.197 [Test worker] DEBUG com.tngtech.archunit.core.importer.JavaClassProcessor - Processing class 'org/springframework/retry/RetryContext'
21:07:34.198 [Test worker] DEBUG com.tngtech.archunit.core.importer.JavaClassProcessor - Processing class 'org/springframework/retry/RetryCallback'
21:07:34.200 [Test worker] DEBUG com.tngtech.archunit.core.importer.JavaClassProcessor - Processing class 'org/springframework/retry/backoff/Sleeper'
21:07:34.201 [Test worker] DEBUG com.tngtech.archunit.core.importer.JavaClassProcessor - Processing class 'org/springframework/retry/interceptor/NewMethodArgumentsIdentifier'
21:07:34.202 [Test worker] DEBUG com.tngtech.archunit.core.importer.JavaClassProcessor - Processing class 'org/springframework/retry/annotation/AnnotationAwareRetryOperationsInterceptor'
21:07:34.226 [Test worker] DEBUG com.tngtech.archunit.core.importer.JavaClassProcessor - Processing class 'org/springframework/retry/interceptor/MethodArgumentsKeyGenerator'
21:07:34.227 [Test worker] DEBUG com.tngtech.archunit.core.importer.JavaClassProcessor - Processing class 'org/springframework/retry/policy/RetryContextCache'
21:07:34.228 [Test worker] DEBUG com.tngtech.archunit.core.importer.JavaClassProcessor - Processing class 'org/springframework/retry/interceptor/Retryable'
21:07:34.229 [Test worker] DEBUG com.tngtech.archunit.core.importer.JavaClassProcessor - Processing class 'org/springframework/retry/annotation/Retryable'
21:07:34.231 [Test worker] DEBUG com.tngtech.archunit.core.importer.JavaClassProcessor - Processing class 'java/util/BitSet'
21:07:34.248 [Test worker] DEBUG com.tngtech.archunit.core.importer.JavaClassProcessor - Processing class 'org/springframework/web/client/RestClientException'
21:07:34.250 [Test worker] DEBUG com.tngtech.archunit.core.importer.JavaClassProcessor - Processing class 'org/springframework/web/client/RequestCallback'
21:07:34.252 [Test worker] DEBUG com.tngtech.archunit.core.importer.JavaClassProcessor - Processing class 'org/springframework/web/client/ResponseExtractor'
21:07:34.255 [Test worker] DEBUG com.tngtech.archunit.core.importer.JavaClassProcessor - Processing class 'org/springframework/core/ParameterizedTypeReference'
21:07:34.258 [Test worker] DEBUG com.tngtech.archunit.core.importer.JavaClassProcessor - Processing class 'org/springframework/http/RequestEntity'
21:07:34.264 [Test worker] DEBUG com.tngtech.archunit.core.importer.JavaClassProcessor - Processing class 'org/springframework/web/util/DefaultUriBuilderFactory'
21:07:34.266 [Test worker] DEBUG com.tngtech.archunit.core.importer.JavaClassProcessor - Processing class 'org/springframework/web/util/AbstractUriTemplateHandler'
21:07:34.269 [Test worker] DEBUG com.tngtech.archunit.core.importer.JavaClassProcessor - Processing class 'org/springframework/http/RequestEntity$UriTemplateRequestEntity'
21:07:34.276 [Test worker] DEBUG com.tngtech.archunit.core.importer.JavaClassProcessor - Processing class 'org/springframework/beans/BeanWrapper'
21:07:34.279 [Test worker] DEBUG com.tngtech.archunit.core.importer.JavaClassProcessor - Processing class 'sun/util/locale/UnicodeLocaleExtension'
21:07:34.280 [Test worker] DEBUG com.tngtech.archunit.core.importer.JavaClassProcessor - Processing class 'sun/util/locale/LocaleSyntaxException'
21:07:34.285 [Test worker] DEBUG com.tngtech.archunit.core.importer.JavaClassProcessor - Processing class 'sun/util/locale/LanguageTag'
21:07:34.734 [Test worker] DEBUG com.tngtech.archunit.core.importer.UrlSource$From - Found URLs on sun.boot.class.path: []
21:07:34.758 [Test worker] DEBUG com.tngtech.archunit.core.importer.UrlSource$From - Found URLs on java.class.path: [jar:file:/C:/Users/Usuario/.gradle/caches/7.6.1/workerMain/gradle-worker.jar!/, file:/C:/Users/Usuario/Desktop/TrafficAgent/build/classes/java/test/, file:/C:/Users/Usuario/Desktop/TrafficAgent/build/resources/test/, file:/C:/Users/Usuario/Desktop/TrafficAgent/build/classes/java/main/, file:/C:/Users/Usuario/Desktop/TrafficAgent/build/resources/main/, jar:file:/C:/Users/Usuario/.gradle/caches/modules-2/files-2.1/org.springframework.boot/spring-boot-starter-web/2.6.3/ceb6e909c144daf9e792069f5f0efd105c8712a/spring-boot-starter-web-2.6.3.jar!/, jar:file:/C:/Users/Usuario/.gradle/caches/modules-2/files-2.1/org.springframework.boot/spring-boot-starter-undertow/2.6.3/988095d74254727e400818c46de206242a427de5/spring-boot-starter-undertow-2.6.3.jar!/, jar:file:/C:/Users/Usuario/.gradle/caches/modules-2/files-2.1/org.springframework.boot/spring-boot-starter-data-jpa/2.6.3/74c60a724e4f81c7527b848ee24e91ba6facfe24/spring-boot-starter-data-jpa-2.6.3.jar!/, jar:file:/C:/Users/Usuario/.gradle/caches/modules-2/files-2.1/org.postgresql/postgresql/42.3.1/9ca7df660e875b91c78e3d1608d4d7469ad3470c/postgresql-42.3.1.jar!/, jar:file:/C:/Users/Usuario/.gradle/caches/modules-2/files-2.1/org.springframework.retry/spring-retry/2.0.0/6a7a653901b58eb741692417f33b5bebedbd01f7/spring-retry-2.0.0.jar!/, jar:file:/C:/Users/Usuario/.gradle/caches/modules-2/files-2.1/io.jsonwebtoken/jjwt/0.9.1/54d2abfc3e63a28824d35bf600d6a5d627da681a/jjwt-0.9.1.jar!/, jar:file:/C:/Users/Usuario/.gradle/caches/modules-2/files-2.1/com.auth0/java-jwt/4.2.1/904306772bb7d43750527f84d7b23589a1f9ab12/java-jwt-4.2.1.jar!/, jar:file:/C:/Users/Usuario/.gradle/caches/modules-2/files-2.1/commons-codec/commons-codec/1.15/49d94806b6e3dc933dacbd8acb0fdbab8ebd1e5d/commons-codec-1.15.jar!/, jar:file:/C:/Users/Usuario/.gradle/caches/modules-2/files-2.1/org.springframework.boot/spring-boot-starter-aop/2.6.3/338cbbfe2667aea23d95672093e05b5f54630c5a/spring-boot-starter-aop-2.6.3.jar!/, jar:file:/C:/Users/Usuario/.gradle/caches/modules-2/files-2.1/com.h2database/h2/2.1.214/d5c2005c9e3279201e12d4776c948578b16bf8b2/h2-2.1.214.jar!/, jar:file:/C:/Users/Usuario/.gradle/caches/modules-2/files-2.1/org.springframework.boot/spring-boot-starter-test/2.6.3/1ac659fc8c6d7285218b7ff79d67b87736f4ddf2/spring-boot-starter-test-2.6.3.jar!/, jar:file:/C:/Users/Usuario/.gradle/caches/modules-2/files-2.1/com.tngtech.archunit/archunit-junit5/1.0.0/d381ade9436d047877181fe50f508318e6a5a8/archunit-junit5-1.0.0.jar!/, jar:file:/C:/Users/Usuario/.gradle/caches/modules-2/files-2.1/org.springframework.boot/spring-boot-starter-json/2.6.3/b43885849bde2ad5d436c5acdd43b21730f9c676/spring-boot-starter-json-2.6.3.jar!/, jar:file:/C:/Users/Usuario/.gradle/caches/modules-2/files-2.1/org.springframework.boot/spring-boot-starter-jdbc/2.6.3/17871ef6920a3decad5f10181b2baf198ea2b787/spring-boot-starter-jdbc-2.6.3.jar!/, jar:file:/C:/Users/Usuario/.gradle/caches/modules-2/files-2.1/org.springframework.boot/spring-boot-starter/2.6.3/1211af6e300c0584e01c7a9a75e585ac0aec6ea6/spring-boot-starter-2.6.3.jar!/, jar:file:/C:/Users/Usuario/.gradle/caches/modules-2/files-2.1/org.springframework/spring-webmvc/5.3.15/28307dda4cb5fbeb6f7d7e7c846f464da0eba955/spring-webmvc-5.3.15.jar!/, jar:file:/C:/Users/Usuario/.gradle/caches/modules-2/files-2.1/org.springframework/spring-web/5.3.15/a228b373eff7fe34e868827ab02c91b8bf7a643e/spring-web-5.3.15.jar!/, jar:file:/C:/Users/Usuario/.gradle/caches/modules-2/files-2.1/io.undertow/undertow-websockets-jsr/2.2.14.Final/fffc3ffff1880fd695c22164d37bd16dc1dc4b7e/undertow-websockets-jsr-2.2.14.Final.jar!/, jar:file:/C:/Users/Usuario/.gradle/caches/modules-2/files-2.1/io.undertow/undertow-servlet/2.2.14.Final/8354ab1476d85dec5ee743a0f40b113cf29a55b8/undertow-servlet-2.2.14.Final.jar!/, jar:file:/C:/Users/Usuario/.gradle/caches/modules-2/files-2.1/io.undertow/undertow-core/2.2.14.Final/deb02123fba830230d1837a1e6b3731607196a41/undertow-core-2.2.14.Final.jar!/, jar:file:/C:/Users/Usuario/.gradle/caches/modules-2/files-2.1/jakarta.servlet/jakarta.servlet-api/4.0.4/b8a1142e04838fe54194049c6e7a18dae8f9b960/jakarta.servlet-api-4.0.4.jar!/, jar:file:/C:/Users/Usuario/.gradle/caches/modules-2/files-2.1/jakarta.websocket/jakarta.websocket-api/1.1.2/69c2fdfb75081cc935bc9d6c5616d12b0b73815f/jakarta.websocket-api-1.1.2.jar!/, jar:file:/C:/Users/Usuario/.gradle/caches/modules-2/files-2.1/org.apache.tomcat.embed/tomcat-embed-el/9.0.56/8e4f28f714693ad4e158e61f41371d4e4c6b4e23/tomcat-embed-el-9.0.56.jar!/, jar:file:/C:/Users/Usuario/.gradle/caches/modules-2/files-2.1/jakarta.transaction/jakarta.transaction-api/1.3.3/c4179d48720a1e87202115fbed6089bdc4195405/jakarta.transaction-api-1.3.3.jar!/, jar:file:/C:/Users/Usuario/.gradle/caches/modules-2/files-2.1/jakarta.persistence/jakarta.persistence-api/2.2.3/8f6ea5daedc614f07a3654a455660145286f024e/jakarta.persistence-api-2.2.3.jar!/, jar:file:/C:/Users/Usuario/.gradle/caches/modules-2/files-2.1/org.hibernate/hibernate-core/5.6.4.Final/a21d3a313d8fa4dbf2d05aa50ef3157a8081e83f/hibernate-core-5.6.4.Final.jar!/, jar:file:/C:/Users/Usuario/.gradle/caches/modules-2/files-2.1/org.springframework.data/spring-data-jpa/2.6.1/70eef23d3c1ba594749867edb9c89832da8f923c/spring-data-jpa-2.6.1.jar!/, jar:file:/C:/Users/Usuario/.gradle/caches/modules-2/files-2.1/org.springframework/spring-aspects/5.3.15/d1e42bac0f61ad50f633c13f8bcab905a66313af/spring-aspects-5.3.15.jar!/, jar:file:/C:/Users/Usuario/.gradle/caches/modules-2/files-2.1/org.checkerframework/checker-qual/3.5.0/2f50520c8abea66fbd8d26e481d3aef5c673b510/checker-qual-3.5.0.jar!/, jar:file:/C:/Users/Usuario/.gradle/caches/modules-2/files-2.1/com.fasterxml.jackson.datatype/jackson-datatype-jsr310/2.13.1/1ece5a87b59701328215e0083448b4d451857cbd/jackson-datatype-jsr310-2.13.1.jar!/, jar:file:/C:/Users/Usuario/.gradle/caches/modules-2/files-2.1/com.fasterxml.jackson.module/jackson-module-parameter-names/2.13.1/cbeec2259213c555ef451a2e05f35ed1dbfbf799/jackson-module-parameter-names-2.13.1.jar!/, jar:file:/C:/Users/Usuario/.gradle/caches/modules-2/files-2.1/com.fasterxml.jackson.core/jackson-annotations/2.13.1/1cbcbe4623113e6af92ccaa89884a345270f1a87/jackson-annotations-2.13.1.jar!/, jar:file:/C:/Users/Usuario/.gradle/caches/modules-2/files-2.1/com.fasterxml.jackson.core/jackson-core/2.13.1/51ae921a2ed1e06ca8876f12f32f265e83c0b2b8/jackson-core-2.13.1.jar!/, jar:file:/C:/Users/Usuario/.gradle/caches/modules-2/files-2.1/com.fasterxml.jackson.datatype/jackson-datatype-jdk8/2.13.1/8ecfa9bcd714269fdf22c33f9fd00d0643bd0e21/jackson-datatype-jdk8-2.13.1.jar!/, jar:file:/C:/Users/Usuario/.gradle/caches/modules-2/files-2.1/com.fasterxml.jackson.core/jackson-databind/2.13.1/698b2d2b15d9a1b7aae025f1d9f576842285e7f6/jackson-databind-2.13.1.jar!/, jar:file:/C:/Users/Usuario/.gradle/caches/modules-2/files-2.1/org.springframework.boot/spring-boot-test-autoconfigure/2.6.3/c903465682a6cd69adbc83feb8e8bfa26c51e6ae/spring-boot-test-autoconfigure-2.6.3.jar!/, jar:file:/C:/Users/Usuario/.gradle/caches/modules-2/files-2.1/org.springframework.boot/spring-boot-test/2.6.3/93b38ba8d4f027a7eda8c28dbe8f77b712de1142/spring-boot-test-2.6.3.jar!/, jar:file:/C:/Users/Usuario/.gradle/caches/modules-2/files-2.1/org.springframework.boot/spring-boot-autoconfigure/2.6.3/8bf96f63e9479b5a1c17d1fa05b149bb5ed050e2/spring-boot-autoconfigure-2.6.3.jar!/, jar:file:/C:/Users/Usuario/.gradle/caches/modules-2/files-2.1/org.springframework.boot/spring-boot/2.6.3/f1127e8a70ba7b9f12581e79ea963b739059bf55/spring-boot-2.6.3.jar!/, jar:file:/C:/Users/Usuario/.gradle/caches/modules-2/files-2.1/org.springframework/spring-context/5.3.15/80a12b7dcb3332fbd65c3649249fd35561ffc561/spring-context-5.3.15.jar!/, jar:file:/C:/Users/Usuario/.gradle/caches/modules-2/files-2.1/org.springframework/spring-aop/5.3.15/195966e1f4260f89696e668856ebfd9a1bc76404/spring-aop-5.3.15.jar!/, jar:file:/C:/Users/Usuario/.gradle/caches/modules-2/files-2.1/org.aspectj/aspectjweaver/1.9.7/158f5c255cd3e4408e795b79f7c3fbae9b53b7ca/aspectjweaver-1.9.7.jar!/, jar:file:/C:/Users/Usuario/.gradle/caches/modules-2/files-2.1/com.jayway.jsonpath/json-path/2.6.0/67f565b424f7903a12d4f5b9361b11462ecacdac/json-path-2.6.0.jar!/, jar:file:/C:/Users/Usuario/.gradle/caches/modules-2/files-2.1/org.glassfish.jaxb/jaxb-runtime/2.3.5/a169a961a2bb9ac69517ec1005e451becf5cdfab/jaxb-runtime-2.3.5.jar!/, jar:file:/C:/Users/Usuario/.gradle/caches/modules-2/files-2.1/jakarta.xml.bind/jakarta.xml.bind-api/2.3.3/48e3b9cfc10752fba3521d6511f4165bea951801/jakarta.xml.bind-api-2.3.3.jar!/, jar:file:/C:/Users/Usuario/.gradle/caches/modules-2/files-2.1/org.assertj/assertj-core/3.21.0/27a14d6d22c4e3d58f799fb2a5ca8eaf53e6942a/assertj-core-3.21.0.jar!/, jar:file:/C:/Users/Usuario/.gradle/caches/modules-2/files-2.1/org.hamcrest/hamcrest/2.2/1820c0968dba3a11a1b30669bb1f01978a91dedc/hamcrest-2.2.jar!/, jar:file:/C:/Users/Usuario/.gradle/caches/modules-2/files-2.1/org.mockito/mockito-junit-jupiter/4.0.0/b76de25bd6e5d8f7924d0536729c0076e37e9396/mockito-junit-jupiter-4.0.0.jar!/, jar:file:/C:/Users/Usuario/.gradle/caches/modules-2/files-2.1/org.junit.jupiter/junit-jupiter-params/5.8.2/ddeafe92fc263f895bfb73ffeca7fd56e23c2cce/junit-jupiter-params-5.8.2.jar!/, jar:file:/C:/Users/Usuario/.gradle/caches/modules-2/files-2.1/org.junit.jupiter/junit-jupiter-engine/5.8.2/c598b4328d2f397194d11df3b1648d68d7d990e3/junit-jupiter-engine-5.8.2.jar!/, jar:file:/C:/Users/Usuario/.gradle/caches/modules-2/files-2.1/org.junit.jupiter/junit-jupiter-api/5.8.2/4c21029217adf07e4c0d0c5e192b6bf610c94bdc/junit-jupiter-api-5.8.2.jar!/, jar:file:/C:/Users/Usuario/.gradle/caches/modules-2/files-2.1/com.tngtech.archunit/archunit-junit5-engine/1.0.0/c942ce334f410062298100f834a767f765ac7a8e/archunit-junit5-engine-1.0.0.jar!/, jar:file:/C:/Users/Usuario/.gradle/caches/modules-2/files-2.1/com.tngtech.archunit/archunit-junit5-engine-api/1.0.0/f2fcf7191e65bda73cb14b510e380d0c4e55c9c8/archunit-junit5-engine-api-1.0.0.jar!/, jar:file:/C:/Users/Usuario/.gradle/caches/modules-2/files-2.1/org.junit.platform/junit-platform-engine/1.8.2/b737de09f19864bd136805c84df7999a142fec29/junit-platform-engine-1.8.2.jar!/, jar:file:/C:/Users/Usuario/.gradle/caches/modules-2/files-2.1/org.junit.platform/junit-platform-commons/1.8.2/32c8b8617c1342376fd5af2053da6410d8866861/junit-platform-commons-1.8.2.jar!/, jar:file:/C:/Users/Usuario/.gradle/caches/modules-2/files-2.1/org.junit.jupiter/junit-jupiter/5.8.2/5a817b1e63f1217e5c586090c45e681281f097ad/junit-jupiter-5.8.2.jar!/, jar:file:/C:/Users/Usuario/.gradle/caches/modules-2/files-2.1/org.mockito/mockito-core/4.0.0/f5195e0c4a45716bbd2d1d29173adbd148acce3a/mockito-core-4.0.0.jar!/, jar:file:/C:/Users/Usuario/.gradle/caches/modules-2/files-2.1/org.skyscreamer/jsonassert/1.5.0/6c9d5fe2f59da598d9aefc1cfc6528ff3cf32df3/jsonassert-1.5.0.jar!/, jar:file:/C:/Users/Usuario/.gradle/caches/modules-2/files-2.1/org.springframework/spring-test/5.3.15/1efef59ebbf51bc072d08c5854b1d5cbb1c29b65/spring-test-5.3.15.jar!/, jar:file:/C:/Users/Usuario/.gradle/caches/modules-2/files-2.1/org.springframework/spring-orm/5.3.15/edddfcbf3bd2a3cc8b5316329f16dcf88cec33b5/spring-orm-5.3.15.jar!/, jar:file:/C:/Users/Usuario/.gradle/caches/modules-2/files-2.1/org.springframework/spring-jdbc/5.3.15/2c7883bb9a50e37f177cdc3e064e88325f97bd36/spring-jdbc-5.3.15.jar!/, jar:file:/C:/Users/Usuario/.gradle/caches/modules-2/files-2.1/org.springframework.data/spring-data-commons/2.6.1/ba24a3b88e26191b25031cefb8de458deed05551/spring-data-commons-2.6.1.jar!/, jar:file:/C:/Users/Usuario/.gradle/caches/modules-2/files-2.1/org.springframework/spring-tx/5.3.15/27b8c1f0a896dc2f7d1629556b06f55f2a07351d/spring-tx-5.3.15.jar!/, jar:file:/C:/Users/Usuario/.gradle/caches/modules-2/files-2.1/org.springframework/spring-beans/5.3.15/a88e2ccfe8b131bcff2e643b90d52f6d928e7369/spring-beans-5.3.15.jar!/, jar:file:/C:/Users/Usuario/.gradle/caches/modules-2/files-2.1/org.springframework/spring-expression/5.3.15/362f36bbc4c4b46cc2e4f219df22d08945000c2/spring-expression-5.3.15.jar!/, jar:file:/C:/Users/Usuario/.gradle/caches/modules-2/files-2.1/org.springframework/spring-core/5.3.15/e813c2311465672d3089fc7be8dbbadb04e64d6b/spring-core-5.3.15.jar!/, jar:file:/C:/Users/Usuario/.gradle/caches/modules-2/files-2.1/org.xmlunit/xmlunit-core/2.8.4/35be57989ca80eefa03161b211630e319a8f36c6/xmlunit-core-2.8.4.jar!/, jar:file:/C:/Users/Usuario/.gradle/caches/modules-2/files-2.1/com.tngtech.archunit/archunit-junit5-api/1.0.0/f537a0cb4156e374e436009cf7e8e07062929b32/archunit-junit5-api-1.0.0.jar!/, jar:file:/C:/Users/Usuario/.gradle/caches/modules-2/files-2.1/org.springframework.boot/spring-boot-starter-logging/2.6.3/86599127b1e69a6180014cbeed8297ba26e8c6aa/spring-boot-starter-logging-2.6.3.jar!/, jar:file:/C:/Users/Usuario/.gradle/caches/modules-2/files-2.1/jakarta.annotation/jakarta.annotation-api/1.3.5/59eb84ee0d616332ff44aba065f3888cf002cd2d/jakarta.annotation-api-1.3.5.jar!/, jar:file:/C:/Users/Usuario/.gradle/caches/modules-2/files-2.1/org.yaml/snakeyaml/1.29/6d0cdafb2010f1297e574656551d7145240f6e25/snakeyaml-1.29.jar!/, jar:file:/C:/Users/Usuario/.gradle/caches/modules-2/files-2.1/org.hibernate.common/hibernate-commons-annotations/5.1.2.Final/e59ffdbc6ad09eeb33507b39ffcf287679a498c8/hibernate-commons-annotations-5.1.2.Final.jar!/, jar:file:/C:/Users/Usuario/.gradle/caches/modules-2/files-2.1/org.jboss.xnio/xnio-nio/3.8.4.Final/109d7de9a4d995ed9f46e1409520ace346fe2fc4/xnio-nio-3.8.4.Final.jar!/, jar:file:/C:/Users/Usuario/.gradle/caches/modules-2/files-2.1/org.jboss.xnio/xnio-api/3.8.4.Final/8714f2bf19f6e5fa7e36e8516dcb4606ef152e4d/xnio-api-3.8.4.Final.jar!/, jar:file:/C:/Users/Usuario/.gradle/caches/modules-2/files-2.1/org.wildfly.client/wildfly-client-config/1.0.1.Final/2a803b23c40a0de0f03a90d1fd3755747bc05f4b/wildfly-client-config-1.0.1.Final.jar!/, jar:file:/C:/Users/Usuario/.gradle/caches/modules-2/files-2.1/org.jboss.threads/jboss-threads/3.1.0.Final/9b260c0302f637a84a52d3d118214a3c59217615/jboss-threads-3.1.0.Final.jar!/, jar:file:/C:/Users/Usuario/.gradle/caches/modules-2/files-2.1/org.jboss.logging/jboss-logging/3.4.3.Final/c4bd7e12a745c0e7f6cf98c45cdcdf482fd827ea/jboss-logging-3.4.3.Final.jar!/, jar:file:/C:/Users/Usuario/.gradle/caches/modules-2/files-2.1/com.zaxxer/HikariCP/4.0.3/107cbdf0db6780a065f895ae9d8fbf3bb0e1c21f/HikariCP-4.0.3.jar!/, jar:file:/C:/Users/Usuario/.gradle/caches/modules-2/files-2.1/net.bytebuddy/byte-buddy/1.11.22/8b4c7fa5562a09da1c2a9ab0873cb51f5034d83f/byte-buddy-1.11.22.jar!/, jar:file:/C:/Users/Usuario/.gradle/caches/modules-2/files-2.1/antlr/antlr/2.7.7/83cd2cd674a217ade95a4bb83a8a14f351f48bd0/antlr-2.7.7.jar!/, jar:file:/C:/Users/Usuario/.gradle/caches/modules-2/files-2.1/org.jboss/jandex/2.4.2.Final/1e1c385990b258ff1a24c801e84aebbacf70eb39/jandex-2.4.2.Final.jar!/, jar:file:/C:/Users/Usuario/.gradle/caches/modules-2/files-2.1/com.fasterxml/classmate/1.5.1/3fe0bed568c62df5e89f4f174c101eab25345b6c/classmate-1.5.1.jar!/, jar:file:/C:/Users/Usuario/.gradle/caches/modules-2/files-2.1/com.tngtech.archunit/archunit/1.0.0/27ab69819bc5bb588e9881144763b9a3b1ed15a2/archunit-1.0.0.jar!/, jar:file:/C:/Users/Usuario/.gradle/caches/modules-2/files-2.1/ch.qos.logback/logback-classic/1.2.10/f69d97ef3335c6ab82fc21dfb77ac613f90c1221/logback-classic-1.2.10.jar!/, jar:file:/C:/Users/Usuario/.gradle/caches/modules-2/files-2.1/org.apache.logging.log4j/log4j-to-slf4j/2.17.1/3619fd18278a1a895c1dca8c5be002768071a20e/log4j-to-slf4j-2.17.1.jar!/, jar:file:/C:/Users/Usuario/.gradle/caches/modules-2/files-2.1/org.slf4j/jul-to-slf4j/1.7.33/53fd89b530d41b8f6744c754de1c9b02e82f2d7/jul-to-slf4j-1.7.33.jar!/, jar:file:/C:/Users/Usuario/.gradle/caches/modules-2/files-2.1/org.slf4j/slf4j-api/1.7.33/d375aa1b98d34d5ddf73a3f19eaad66e98975b12/slf4j-api-1.7.33.jar!/, jar:file:/C:/Users/Usuario/.gradle/caches/modules-2/files-2.1/net.minidev/json-smart/2.4.7/8d7f4c1530c07c54930935f3da85f48b83b3c109/json-smart-2.4.7.jar!/, jar:file:/C:/Users/Usuario/.gradle/caches/modules-2/files-2.1/jakarta.activation/jakarta.activation-api/1.2.2/99f53adba383cb1bf7c3862844488574b559621f/jakarta.activation-api-1.2.2.jar!/, jar:file:/C:/Users/Usuario/.gradle/caches/modules-2/files-2.1/net.bytebuddy/byte-buddy-agent/1.11.22/2fbcf3210dfc09b42242e3b66a5281cc5b9adb80/byte-buddy-agent-1.11.22.jar!/, jar:file:/C:/Users/Usuario/.gradle/caches/modules-2/files-2.1/org.objenesis/objenesis/3.2/7fadf57620c8b8abdf7519533e5527367cb51f09/objenesis-3.2.jar!/, jar:file:/C:/Users/Usuario/.gradle/caches/modules-2/files-2.1/com.vaadin.external.google/android-json/0.0.20131108.vaadin1/fa26d351fe62a6a17f5cda1287c1c6110dec413f/android-json-0.0.20131108.vaadin1.jar!/, jar:file:/C:/Users/Usuario/.gradle/caches/modules-2/files-2.1/org.springframework/spring-jcl/5.3.15/88da960b4fcbd28621aea8b9911976adc06afce4/spring-jcl-5.3.15.jar!/, jar:file:/C:/Users/Usuario/.gradle/caches/modules-2/files-2.1/org.wildfly.common/wildfly-common/1.5.2.Final/8eba40cfe86bcfcc223551e75201e6e7574c7c36/wildfly-common-1.5.2.Final.jar!/, jar:file:/C:/Users/Usuario/.gradle/caches/modules-2/files-2.1/org.glassfish.jaxb/txw2/2.3.5/ec8930fa62e7b1758b1664d135f50c7abe86a4a3/txw2-2.3.5.jar!/, jar:file:/C:/Users/Usuario/.gradle/caches/modules-2/files-2.1/com.sun.istack/istack-commons-runtime/3.0.12/cbbe1a62b0cc6c85972e99d52aaee350153dc530/istack-commons-runtime-3.0.12.jar!/, jar:file:/C:/Users/Usuario/.gradle/caches/modules-2/files-2.1/com.sun.activation/jakarta.activation/1.2.2/74548703f9851017ce2f556066659438019e7eb5/jakarta.activation-1.2.2.jar!/, jar:file:/C:/Users/Usuario/.gradle/caches/modules-2/files-2.1/net.minidev/accessors-smart/2.4.7/3970cfc505e6657ca60f3aa57c849f6043000d7a/accessors-smart-2.4.7.jar!/, jar:file:/C:/Users/Usuario/.gradle/caches/modules-2/files-2.1/org.opentest4j/opentest4j/1.2.0/28c11eb91f9b6d8e200631d46e20a7f407f2a046/opentest4j-1.2.0.jar!/, jar:file:/C:/Users/Usuario/.gradle/caches/modules-2/files-2.1/ch.qos.logback/logback-core/1.2.10/5328406bfcae7bcdcc86810fcb2920d2c297170d/logback-core-1.2.10.jar!/, jar:file:/C:/Users/Usuario/.gradle/caches/modules-2/files-2.1/org.apache.logging.log4j/log4j-api/2.17.1/d771af8e336e372fb5399c99edabe0919aeaf5b2/log4j-api-2.17.1.jar!/, jar:file:/C:/Users/Usuario/.gradle/caches/modules-2/files-2.1/org.ow2.asm/asm/9.1/a99500cf6eea30535eeac6be73899d048f8d12a8/asm-9.1.jar!/]
21:07:35.233 [Test worker] DEBUG com.tngtech.archunit.core.importer.JavaClassProcessor - Processing class 'com/uco/TrafficAgent/domain/service/user/ServiceUpdateUser'
21:07:35.236 [Test worker] DEBUG com.tngtech.archunit.core.importer.JavaClassProcessor - Processing class 'com/uco/TrafficAgent/domain/dto/DtoCurrentUser'
21:07:35.250 [Test worker] DEBUG com.tngtech.archunit.core.importer.JavaClassProcessor - Processing class 'com/uco/TrafficAgent/domain/service/contact/ServiceListsAllByProximityContact'
21:07:35.255 [Test worker] DEBUG com.tngtech.archunit.core.importer.JavaClassProcessor - Processing class 'com/uco/TrafficAgent/infrastructure/repository/report/adapter/repository/RepositoryReportDB'
21:07:35.257 [Test worker] DEBUG com.tngtech.archunit.core.importer.JavaClassProcessor - Processing class 'com/uco/TrafficAgent/application/service/report/comand/ServiceApplicationSaveReport'
21:07:35.259 [Test worker] DEBUG com.tngtech.archunit.core.importer.JavaClassProcessor - Processing class 'com/uco/TrafficAgent/domain/dto/DtoContactSummary'
21:07:35.260 [Test worker] DEBUG com.tngtech.archunit.core.importer.JavaClassProcessor - Processing class 'com/uco/TrafficAgent/infrastructure/repository/contact/adapter/repository/RepositoryContactDB'
21:07:35.262 [Test worker] DEBUG com.tngtech.archunit.core.importer.JavaClassProcessor - Processing class 'com/uco/TrafficAgent/application/service/report/comand/dto/DtoSaveReport'
21:07:35.263 [Test worker] DEBUG com.tngtech.archunit.core.importer.JavaClassProcessor - Processing class 'com/uco/TrafficAgent/application/service/login/ServiceApplicationLogin'
21:07:35.264 [Test worker] DEBUG com.tngtech.archunit.core.importer.JavaClassProcessor - Processing class 'com/uco/TrafficAgent/application/mapper/MapperApplicationObject'
21:07:35.265 [Test worker] DEBUG com.tngtech.archunit.core.importer.JavaClassProcessor - Processing class 'com/uco/TrafficAgent/domain/dto/DtoReportSummary'
21:07:35.268 [Test worker] DEBUG com.tngtech.archunit.core.importer.JavaClassProcessor - Processing class 'com/uco/TrafficAgent/infrastructure/repository/contact/adapter/repository/jpa/RepositoryContactJpa'
21:07:35.270 [Test worker] DEBUG com.tngtech.archunit.core.importer.JavaClassProcessor - Processing class 'com/uco/TrafficAgent/infrastructure/repository/report/controller/ConsultControllerReport'
21:07:35.272 [Test worker] DEBUG com.tngtech.archunit.core.importer.JavaClassProcessor - Processing class 'com/uco/TrafficAgent/infrastructure/repository/report/adapter/repository/jpa/RepositoryReportJpa'
21:07:35.274 [Test worker] DEBUG com.tngtech.archunit.core.importer.JavaClassProcessor - Processing class 'com/uco/TrafficAgent/infrastructure/aspect/LogExecutionAspect'
21:07:35.275 [Test worker] DEBUG com.tngtech.archunit.core.importer.JavaClassProcessor - Processing class 'com/uco/TrafficAgent/infrastructure/aspect/service/AuthorizationService'
21:07:35.276 [Test worker] DEBUG com.tngtech.archunit.core.importer.JavaClassProcessor - Processing class 'com/uco/TrafficAgent/infrastructure/service/token/ServiceValidateTokenJWT'
21:07:35.277 [Test worker] DEBUG com.tngtech.archunit.core.importer.JavaClassProcessor - Processing class 'com/uco/TrafficAgent/application/service/user/consult/ServiceApplicationListAllUser'
21:07:35.283 [Test worker] DEBUG com.tngtech.archunit.core.importer.JavaClassProcessor - Processing class 'com/uco/TrafficAgent/application/service/report/consult/ServiceApplicationListAllReportByDate'
21:07:35.284 [Test worker] DEBUG com.tngtech.archunit.core.importer.JavaClassProcessor - Processing class 'com/uco/TrafficAgent/domain/service/token/ServiceEncryptText'
21:07:35.287 [Test worker] DEBUG com.tngtech.archunit.core.importer.JavaClassProcessor - Processing class 'com/uco/TrafficAgent/infrastructure/aspect/Secured'
21:07:35.288 [Test worker] DEBUG com.tngtech.archunit.core.importer.JavaClassProcessor - Processing class 'com/uco/TrafficAgent/domain/service/report/ServiceSaveReport'
21:07:35.289 [Test worker] DEBUG com.tngtech.archunit.core.importer.JavaClassProcessor - Processing class 'com/uco/TrafficAgent/infrastructure/repository/user/controller/ComandControllerUser'
21:07:35.312 [Test worker] DEBUG com.tngtech.archunit.core.importer.JavaClassProcessor - Processing class 'com/uco/TrafficAgent/infrastructure/repository/type/adapter/repository/jpa/RepositoryTypeIdJpa'
21:07:35.313 [Test worker] DEBUG com.tngtech.archunit.core.importer.JavaClassProcessor - Processing class 'com/uco/TrafficAgent/domain/model/Contact'
21:07:35.326 [Test worker] DEBUG com.tngtech.archunit.core.importer.JavaClassProcessor - Processing class 'com/uco/TrafficAgent/infrastructure/service/token/ServiceGenerateTokenJWT'
21:07:35.328 [Test worker] DEBUG com.tngtech.archunit.core.importer.JavaClassProcessor - Processing class 'com/uco/TrafficAgent/TrafficAgentApplication'
21:07:35.331 [Test worker] DEBUG com.tngtech.archunit.core.importer.JavaClassProcessor - Processing class 'com/uco/TrafficAgent/application/service/user/comand/ServiceApplicationSaveUser'
21:07:35.338 [Test worker] DEBUG com.tngtech.archunit.core.importer.JavaClassProcessor - Processing class 'com/uco/TrafficAgent/application/service/user/comand/ServiceApplicationUpdateUser'
21:07:35.343 [Test worker] DEBUG com.tngtech.archunit.core.importer.JavaClassProcessor - Processing class 'com/uco/TrafficAgent/infrastructure/repository/contact/adapter/entity/EntityContactEmergency'
21:07:35.345 [Test worker] DEBUG com.tngtech.archunit.core.importer.JavaClassProcessor - Processing class 'com/uco/TrafficAgent/application/mapper/contact/impl/MapperApplicationContactImpl'
21:07:35.351 [Test worker] DEBUG com.tngtech.archunit.core.importer.JavaClassProcessor - Processing class 'com/uco/TrafficAgent/infrastructure/mapper/MapperInfrastructureObject'
21:07:35.353 [Test worker] DEBUG com.tngtech.archunit.core.importer.JavaClassProcessor - Processing class 'com/uco/TrafficAgent/infrastructure/repository/contact/controller/ComandControllerContact'
21:07:35.363 [Test worker] DEBUG com.tngtech.archunit.core.importer.JavaClassProcessor - Processing class 'com/uco/TrafficAgent/infrastructure/error/ErrorHandler'
21:07:35.365 [Test worker] DEBUG com.tngtech.archunit.core.importer.JavaClassProcessor - Processing class 'com/uco/TrafficAgent/application/service/contact/comand/ServiceApplicationSaveContact'
21:07:35.367 [Test worker] DEBUG com.tngtech.archunit.core.importer.JavaClassProcessor - Processing class 'com/uco/TrafficAgent/infrastructure/configuration/general/ConfigurationSecurity'
21:07:35.369 [Test worker] DEBUG com.tngtech.archunit.core.importer.JavaClassProcessor - Processing class 'com/uco/TrafficAgent/infrastructure/repository/report/adapter/entity/EntityReport'
21:07:35.371 [Test worker] DEBUG com.tngtech.archunit.core.importer.JavaClassProcessor - Processing class 'com/uco/TrafficAgent/infrastructure/repository/contact/adapter/entity/EntityContact'
21:07:35.411 [Test worker] DEBUG com.tngtech.archunit.core.importer.JavaClassProcessor - Processing class 'com/uco/TrafficAgent/infrastructure/repository/type/adapter/repository/RepositoryTypeIdDB'
21:07:35.413 [Test worker] DEBUG com.tngtech.archunit.core.importer.JavaClassProcessor - Processing class 'com/uco/TrafficAgent/application/service/user/comand/dto/DtoUpdateUser'
21:07:35.414 [Test worker] DEBUG com.tngtech.archunit.core.importer.JavaClassProcessor - Processing class 'com/uco/TrafficAgent/infrastructure/repository/user/adapter/repository/RepositoryUserDB'
21:07:35.416 [Test worker] DEBUG com.tngtech.archunit.core.importer.JavaClassProcessor - Processing class 'com/uco/TrafficAgent/infrastructure/filter/FilterAuth'
21:07:35.421 [Test worker] DEBUG com.tngtech.archunit.core.importer.JavaClassProcessor - Processing class 'com/uco/TrafficAgent/domain/model/TypeIdentification'
21:07:35.423 [Test worker] DEBUG com.tngtech.archunit.core.importer.JavaClassProcessor - Processing class 'com/uco/TrafficAgent/domain/service/contact/ServiceSaveContact'
21:07:35.424 [Test worker] DEBUG com.tngtech.archunit.core.importer.JavaClassProcessor - Processing class 'com/uco/TrafficAgent/application/service/login/dto/DtoLogin'
21:07:35.426 [Test worker] DEBUG com.tngtech.archunit.core.importer.JavaClassProcessor - Processing class 'com/uco/TrafficAgent/application/service/user/comand/dto/DtoSaveUser'
21:07:35.428 [Test worker] DEBUG com.tngtech.archunit.core.importer.JavaClassProcessor - Processing class 'com/uco/TrafficAgent/domain/service/token/ServiceGetCurrentUser'
21:07:35.429 [Test worker] DEBUG com.tngtech.archunit.core.importer.JavaClassProcessor - Processing class 'com/uco/TrafficAgent/infrastructure/configuration/model/BeanServiceReport'
21:07:35.431 [Test worker] DEBUG com.tngtech.archunit.core.importer.JavaClassProcessor - Processing class 'com/uco/TrafficAgent/domain/validator/ValidatorAttributes'
21:07:35.433 [Test worker] DEBUG com.tngtech.archunit.core.importer.JavaClassProcessor - Processing class 'com/uco/TrafficAgent/domain/port/contact/RepositoryContact'
21:07:35.434 [Test worker] DEBUG com.tngtech.archunit.core.importer.JavaClassProcessor - Processing class 'com/uco/TrafficAgent/domain/validator/ValidatorObjects'
21:07:35.436 [Test worker] DEBUG com.tngtech.archunit.core.importer.JavaClassProcessor - Processing class 'com/uco/TrafficAgent/domain/port/user/RepositoryUser'
21:07:35.490 [Test worker] DEBUG com.tngtech.archunit.core.importer.JavaClassProcessor - Processing class 'com/uco/TrafficAgent/domain/service/token/ServiceGenerateToken'
21:07:35.493 [Test worker] DEBUG com.tngtech.archunit.core.importer.JavaClassProcessor - Processing class 'com/uco/TrafficAgent/domain/service/user/ServiceListAllUser'
21:07:35.495 [Test worker] DEBUG com.tngtech.archunit.core.importer.JavaClassProcessor - Processing class 'com/uco/TrafficAgent/infrastructure/configuration/general/ConfigurationRetry'
21:07:35.496 [Test worker] DEBUG com.tngtech.archunit.core.importer.JavaClassProcessor - Processing class 'com/uco/TrafficAgent/infrastructure/service/token/ServiceGetCurrentUserJwt'
21:07:35.498 [Test worker] DEBUG com.tngtech.archunit.core.importer.JavaClassProcessor - Processing class 'com/uco/TrafficAgent/domain/service/report/ServiceListAllReportByDate'
21:07:35.499 [Test worker] DEBUG com.tngtech.archunit.core.importer.JavaClassProcessor - Processing class 'com/uco/TrafficAgent/infrastructure/repository/login/controller/ComandControllerLogin'
21:07:35.500 [Test worker] DEBUG com.tngtech.archunit.core.importer.JavaClassProcessor - Processing class 'com/uco/TrafficAgent/infrastructure/repository/user/adapter/repository/jpa/RepositoryUserJpa'
21:07:35.502 [Test worker] DEBUG com.tngtech.archunit.core.importer.JavaClassProcessor - Processing class 'com/uco/TrafficAgent/application/service/user/comand/dto/DtoRolUser'
21:07:35.504 [Test worker] DEBUG com.tngtech.archunit.core.importer.JavaClassProcessor - Processing class 'com/uco/TrafficAgent/infrastructure/repository/contact/controller/ConsultControllerContact'
21:07:35.505 [Test worker] DEBUG com.tngtech.archunit.core.importer.JavaClassProcessor - Processing class 'com/uco/TrafficAgent/infrastructure/repository/user/adapter/entity/EntityUser'
21:07:35.507 [Test worker] DEBUG com.tngtech.archunit.core.importer.JavaClassProcessor - Processing class 'com/uco/TrafficAgent/infrastructure/mapper/user/impl/MapperUserImpl'
21:07:35.511 [Test worker] DEBUG com.tngtech.archunit.core.importer.JavaClassProcessor - Processing class 'com/uco/TrafficAgent/domain/service/user/ServiceDeleteUser'
21:07:35.513 [Test worker] DEBUG com.tngtech.archunit.core.importer.JavaClassProcessor - Processing class 'com/uco/TrafficAgent/domain/model/User'
21:07:35.562 [Test worker] DEBUG com.tngtech.archunit.core.importer.JavaClassProcessor - Processing class 'com/uco/TrafficAgent/infrastructure/configuration/general/ConfigurationRestTemplate'
21:07:35.642 [Test worker] DEBUG com.tngtech.archunit.core.importer.JavaClassProcessor - Processing class 'com/uco/TrafficAgent/infrastructure/error/Error'
21:07:35.644 [Test worker] DEBUG com.tngtech.archunit.core.importer.JavaClassProcessor - Processing class 'com/uco/TrafficAgent/infrastructure/repository/type/adapter/entity/EntityTypeId'
21:07:35.651 [Test worker] DEBUG com.tngtech.archunit.core.importer.JavaClassProcessor - Processing class 'com/uco/TrafficAgent/domain/service/report/ServiceListAllReportByUser'
21:07:35.663 [Test worker] DEBUG com.tngtech.archunit.core.importer.JavaClassProcessor - Processing class 'com/uco/TrafficAgent/application/service/report/consult/ServiceApplicationListAllReportByUser'
21:07:35.668 [Test worker] DEBUG com.tngtech.archunit.core.importer.JavaClassProcessor - Processing class 'com/uco/TrafficAgent/application/service/contact/comand/dto/DtoSaveContact'
21:07:35.684 [Test worker] DEBUG com.tngtech.archunit.core.importer.JavaClassProcessor - Processing class 'com/uco/TrafficAgent/application/mapper/user/impl/MapperApplicationUserImpl'
21:07:35.687 [Test worker] DEBUG com.tngtech.archunit.core.importer.JavaClassProcessor - Processing class 'com/uco/TrafficAgent/infrastructure/aspect/LogExecutionTime'
21:07:35.699 [Test worker] DEBUG com.tngtech.archunit.core.importer.JavaClassProcessor - Processing class 'com/uco/TrafficAgent/infrastructure/aspect/SecuredAspect'
21:07:35.701 [Test worker] DEBUG com.tngtech.archunit.core.importer.JavaClassProcessor - Processing class 'com/uco/TrafficAgent/infrastructure/repository/user/controller/ConsultControllerUser'
21:07:35.760 [Test worker] DEBUG com.tngtech.archunit.core.importer.JavaClassProcessor - Processing class 'com/uco/TrafficAgent/infrastructure/repository/report/controller/ComandControllerReport'
21:07:35.769 [Test worker] DEBUG com.tngtech.archunit.core.importer.JavaClassProcessor - Processing class 'com/uco/TrafficAgent/application/service/contact/consult/ServiceApplicationListAllByProximityContact'
21:07:35.790 [Test worker] DEBUG com.tngtech.archunit.core.importer.JavaClassProcessor - Processing class 'com/uco/TrafficAgent/application/encrypted/ServiceEncryptedPassword'
21:07:35.792 [Test worker] DEBUG com.tngtech.archunit.core.importer.JavaClassProcessor - Processing class 'com/uco/TrafficAgent/domain/model/RolUser'
21:07:35.795 [Test worker] DEBUG com.tngtech.archunit.core.importer.JavaClassProcessor - Processing class 'com/uco/TrafficAgent/domain/model/Report'
21:07:35.830 [Test worker] DEBUG com.tngtech.archunit.core.importer.JavaClassProcessor - Processing class 'com/uco/TrafficAgent/domain/port/type/RepositoryTypeId'
21:07:35.929 [Test worker] DEBUG com.tngtech.archunit.core.importer.JavaClassProcessor - Processing class 'com/uco/TrafficAgent/infrastructure/aspect/exception/ExceptionUserUnauthorized'
21:07:35.959 [Test worker] DEBUG com.tngtech.archunit.core.importer.JavaClassProcessor - Processing class 'com/uco/TrafficAgent/infrastructure/repository/contact/adapter/repository/jpa/RepositoryContactEmergencyJpa'
21:07:35.962 [Test worker] DEBUG com.tngtech.archunit.core.importer.JavaClassProcessor - Processing class 'com/uco/TrafficAgent/domain/port/report/RepositoryReport'
21:07:35.965 [Test worker] DEBUG com.tngtech.archunit.core.importer.JavaClassProcessor - Processing class 'com/uco/TrafficAgent/infrastructure/configuration/model/BeanServiceContact'
21:07:35.967 [Test worker] DEBUG com.tngtech.archunit.core.importer.JavaClassProcessor - Processing class 'com/uco/TrafficAgent/infrastructure/configuration/model/BeanServiceUser'
21:07:35.969 [Test worker] DEBUG com.tngtech.archunit.core.importer.JavaClassProcessor - Processing class 'com/uco/TrafficAgent/infrastructure/repository/rol/adapter/entity/EntityRol'
21:07:35.971 [Test worker] DEBUG com.tngtech.archunit.core.importer.JavaClassProcessor - Processing class 'com/uco/TrafficAgent/application/service/DtoResponse'
21:07:35.972 [Test worker] DEBUG com.tngtech.archunit.core.importer.JavaClassProcessor - Processing class 'com/uco/TrafficAgent/domain/dto/DtoUserSummary'
21:07:35.974 [Test worker] DEBUG com.tngtech.archunit.core.importer.JavaClassProcessor - Processing class 'com/uco/TrafficAgent/application/mapper/report/impl/MapperApplicationReportImpl'
21:07:35.977 [Test worker] DEBUG com.tngtech.archunit.core.importer.JavaClassProcessor - Processing class 'com/uco/TrafficAgent/application/service/user/comand/ServiceApplicationDeleteUser'
21:07:35.980 [Test worker] DEBUG com.tngtech.archunit.core.importer.JavaClassProcessor - Processing class 'com/uco/TrafficAgent/application/encrypted/impl/ServiceEncryptedPasswordImpl'
21:07:35.981 [Test worker] DEBUG com.tngtech.archunit.core.importer.JavaClassProcessor - Processing class 'com/uco/TrafficAgent/domain/service/user/ServiceSaveUser'
21:07:35.983 [Test worker] DEBUG com.tngtech.archunit.core.importer.JavaClassProcessor - Processing class 'com/uco/TrafficAgent/infrastructure/service/token/ServiceValidateToken'
21:07:35.984 [Test worker] DEBUG com.tngtech.archunit.core.importer.DependencyResolutionProcess - Automatically resolving transitive class dependencies with the following configuration:
import.dependencyResolutionProcess.maxIterationsForMemberTypes = 1
import.dependencyResolutionProcess.maxIterationsForAccessesToTypes = 1
import.dependencyResolutionProcess.maxIterationsForSupertypes = -1
import.dependencyResolutionProcess.maxIterationsForEnclosingTypes = -1
import.dependencyResolutionProcess.maxIterationsForAnnotationTypes = -1
import.dependencyResolutionProcess.maxIterationsForGenericSignatureTypes = -1
21:07:36.005 [Test worker] DEBUG com.tngtech.archunit.core.importer.JavaClassProcessor - Processing class 'org/springframework/data/repository/query/Param'
21:07:36.007 [Test worker] DEBUG com.tngtech.archunit.core.importer.JavaClassProcessor - Processing class 'io/jsonwebtoken/impl/TextCodec'
21:07:36.010 [Test worker] DEBUG com.tngtech.archunit.core.importer.JavaClassProcessor - Processing class 'org/springframework/web/bind/annotation/RequestParam'
21:07:36.010 [Test worker] DEBUG com.tngtech.archunit.core.importer.JavaClassProcessor - Processing class 'java/util/Arrays'
21:07:36.014 [Test worker] DEBUG com.tngtech.archunit.core.importer.JavaClassProcessor - Processing class 'java/lang/System'
21:07:36.015 [Test worker] DEBUG com.tngtech.archunit.core.importer.JavaClassProcessor - Processing class 'java/time/ZonedDateTime'
21:07:36.017 [Test worker] DEBUG com.tngtech.archunit.core.importer.JavaClassProcessor - Processing class 'javax/crypto/spec/SecretKeySpec'
21:07:36.019 [Test worker] DEBUG com.tngtech.archunit.core.importer.JavaClassProcessor - Processing class 'org/springframework/beans/factory/annotation/Autowired'
21:07:36.019 [Test worker] DEBUG com.tngtech.archunit.core.importer.JavaClassProcessor - Processing class 'java/lang/Record'
21:07:36.020 [Test worker] DEBUG com.tngtech.archunit.core.importer.JavaClassProcessor - Processing class 'java/lang/Integer'
21:07:36.023 [Test worker] DEBUG com.tngtech.archunit.core.importer.JavaClassProcessor - Processing class 'org/springframework/web/context/request/RequestContextHolder'
21:07:36.024 [Test worker] DEBUG com.tngtech.archunit.core.importer.JavaClassProcessor - Processing class 'java/lang/Long'
21:07:36.027 [Test worker] DEBUG com.tngtech.archunit.core.importer.JavaClassProcessor - Processing class 'io/jsonwebtoken/JwtBuilder'
21:07:36.031 [Test worker] DEBUG com.tngtech.archunit.core.importer.JavaClassProcessor - Processing class 'java/time/Duration'
21:07:36.035 [Test worker] DEBUG com.tngtech.archunit.core.importer.JavaClassProcessor - Processing class 'io/jsonwebtoken/SignatureAlgorithm'
21:07:36.037 [Test worker] DEBUG com.tngtech.archunit.core.importer.JavaClassProcessor - Processing class 'org/springframework/stereotype/Repository'
21:07:36.038 [Test worker] DEBUG com.tngtech.archunit.core.importer.JavaClassProcessor - Processing class 'com/auth0/jwt/interfaces/Claim'
21:07:36.039 [Test worker] DEBUG com.tngtech.archunit.core.importer.JavaClassProcessor - Processing class 'org/springframework/web/bind/annotation/PostMapping'
21:07:36.041 [Test worker] DEBUG com.tngtech.archunit.core.importer.JavaClassProcessor - Processing class 'javax/persistence/Entity'
21:07:36.043 [Test worker] DEBUG com.tngtech.archunit.core.importer.JavaClassProcessor - Processing class 'javax/persistence/ManyToOne'
21:07:36.045 [Test worker] DEBUG com.tngtech.archunit.core.importer.JavaClassProcessor - Processing class 'javax/persistence/CascadeType'
21:07:36.047 [Test worker] DEBUG com.tngtech.archunit.core.importer.JavaClassProcessor - Processing class 'org/springframework/web/bind/annotation/RestController'
21:07:36.048 [Test worker] DEBUG com.tngtech.archunit.core.importer.JavaClassProcessor - Processing class 'java/lang/String'
21:07:36.053 [Test worker] DEBUG com.tngtech.archunit.core.importer.JavaClassProcessor - Processing class 'org/aspectj/lang/annotation/Around'
21:07:36.053 [Test worker] DEBUG com.tngtech.archunit.core.importer.JavaClassProcessor - Processing class 'java/time/ZoneId'
21:07:36.054 [Test worker] DEBUG com.tngtech.archunit.core.importer.JavaClassProcessor - Processing class 'java/lang/Exception'
21:07:36.056 [Test worker] DEBUG com.tngtech.archunit.core.importer.JavaClassProcessor - Processing class 'java/util/stream/Stream'
21:07:36.059 [Test worker] DEBUG com.tngtech.archunit.core.importer.JavaClassProcessor - Processing class 'javax/persistence/GeneratedValue'
21:07:36.061 [Test worker] DEBUG com.tngtech.archunit.core.importer.JavaClassProcessor - Processing class 'java/lang/Throwable'
21:07:36.063 [Test worker] DEBUG com.tngtech.archunit.core.importer.JavaClassProcessor - Processing class 'org/springframework/data/jpa/repository/Query'
21:07:36.064 [Test worker] DEBUG com.tngtech.archunit.core.importer.JavaClassProcessor - Processing class 'com/auth0/jwt/JWT'
21:07:36.065 [Test worker] DEBUG com.tngtech.archunit.core.importer.JavaClassProcessor - Processing class 'com/auth0/jwt/interfaces/DecodedJWT'
21:07:36.066 [Test worker] DEBUG com.tngtech.archunit.core.importer.JavaClassProcessor - Processing class 'java/time/LocalDateTime'
21:07:36.110 [Test worker] DEBUG com.tngtech.archunit.core.importer.JavaClassProcessor - Processing class 'org/springframework/web/filter/OncePerRequestFilter'
21:07:36.243 [Test worker] DEBUG com.tngtech.archunit.core.importer.JavaClassProcessor - Processing class 'org/springframework/retry/annotation/EnableRetry'
21:07:36.245 [Test worker] DEBUG com.tngtech.archunit.core.importer.JavaClassProcessor - Processing class 'java/util/ArrayList'
21:07:36.252 [Test worker] DEBUG com.tngtech.archunit.core.importer.JavaClassProcessor - Processing class 'org/springframework/web/bind/annotation/RequestBody'
21:07:36.254 [Test worker] DEBUG com.tngtech.archunit.core.importer.JavaClassProcessor - Processing class 'javax/servlet/http/HttpServletRequest'
21:07:36.259 [Test worker] DEBUG com.tngtech.archunit.core.importer.JavaClassProcessor - Processing class 'javax/persistence/Table'
21:07:36.262 [Test worker] DEBUG com.tngtech.archunit.core.importer.JavaClassProcessor - Processing class 'org/springframework/web/bind/annotation/ExceptionHandler'
21:07:36.263 [Test worker] DEBUG com.tngtech.archunit.core.importer.JavaClassProcessor - Processing class 'org/springframework/web/bind/annotation/ControllerAdvice'
21:07:36.266 [Test worker] DEBUG com.tngtech.archunit.core.importer.JavaClassProcessor - Processing class 'org/springframework/boot/autoconfigure/SpringBootApplication'
21:07:36.276 [Test worker] DEBUG com.tngtech.archunit.core.importer.JavaClassProcessor - Processing class 'javax/persistence/OneToMany'
21:07:36.279 [Test worker] DEBUG com.tngtech.archunit.core.importer.JavaClassProcessor - Processing class 'java/lang/annotation/Target'
21:07:36.280 [Test worker] DEBUG com.tngtech.archunit.core.importer.JavaClassProcessor - Processing class 'java/io/IOException'
21:07:36.281 [Test worker] DEBUG com.tngtech.archunit.core.importer.JavaClassProcessor - Processing class 'java/lang/RuntimeException'
21:07:36.283 [Test worker] DEBUG com.tngtech.archunit.core.importer.JavaClassProcessor - Processing class 'org/springframework/boot/web/client/RestTemplateBuilder'
21:07:36.286 [Test worker] DEBUG com.tngtech.archunit.core.importer.JavaClassProcessor - Processing class 'org/springframework/http/HttpStatus'
21:07:36.289 [Test worker] DEBUG com.tngtech.archunit.core.importer.JavaClassProcessor - Processing class 'javax/persistence/FetchType'
21:07:36.290 [Test worker] DEBUG com.tngtech.archunit.core.importer.JavaClassProcessor - Processing class 'java/lang/IllegalStateException'
21:07:36.292 [Test worker] DEBUG com.tngtech.archunit.core.importer.JavaClassProcessor - Processing class 'org/springframework/web/bind/annotation/PathVariable'
21:07:36.293 [Test worker] DEBUG com.tngtech.archunit.core.importer.JavaClassProcessor - Processing class 'io/jsonwebtoken/impl/crypto/DefaultJwtSignatureValidator'
21:07:36.295 [Test worker] DEBUG com.tngtech.archunit.core.importer.JavaClassProcessor - Processing class 'javax/servlet/FilterChain'
21:07:36.297 [Test worker] DEBUG com.tngtech.archunit.core.importer.JavaClassProcessor - Processing class 'org/springframework/boot/web/servlet/FilterRegistrationBean'
21:07:36.298 [Test worker] DEBUG com.tngtech.archunit.core.importer.JavaClassProcessor - Processing class 'javax/servlet/ServletException'
21:07:36.299 [Test worker] DEBUG com.tngtech.archunit.core.importer.JavaClassProcessor - Processing class 'java/util/Date'
21:07:36.304 [Test worker] DEBUG com.tngtech.archunit.core.importer.JavaClassProcessor - Processing class 'org/slf4j/LoggerFactory'
21:07:36.307 [Test worker] DEBUG com.tngtech.archunit.core.importer.JavaClassProcessor - Processing class 'org/springframework/boot/SpringApplication'
21:07:36.318 [Test worker] DEBUG com.tngtech.archunit.core.importer.JavaClassProcessor - Processing class 'org/springframework/web/bind/annotation/PutMapping'
21:07:36.320 [Test worker] DEBUG com.tngtech.archunit.core.importer.JavaClassProcessor - Processing class 'org/aspectj/lang/annotation/Aspect'
21:07:36.321 [Test worker] DEBUG com.tngtech.archunit.core.importer.JavaClassProcessor - Processing class 'org/springframework/web/bind/annotation/DeleteMapping'
21:07:36.322 [Test worker] DEBUG com.tngtech.archunit.core.importer.JavaClassProcessor - Processing class 'java/lang/reflect/Method'
21:07:36.324 [Test worker] DEBUG com.tngtech.archunit.core.importer.JavaClassProcessor - Processing class 'org/springframework/web/client/RestTemplate'
21:07:36.327 [Test worker] DEBUG com.tngtech.archunit.core.importer.JavaClassProcessor - Processing class 'java/util/concurrent/ConcurrentHashMap'
21:07:36.330 [Test worker] DEBUG com.tngtech.archunit.core.importer.JavaClassProcessor - Processing class 'java/util/UUID'
21:07:36.331 [Test worker] DEBUG com.tngtech.archunit.core.importer.JavaClassProcessor - Processing class 'java/util/stream/Collectors'
21:07:36.354 [Test worker] DEBUG com.tngtech.archunit.core.importer.JavaClassProcessor - Processing class 'org/springframework/context/annotation/Configuration'
21:07:36.355 [Test worker] DEBUG com.tngtech.archunit.core.importer.JavaClassProcessor - Processing class 'javax/persistence/GenerationType'
21:07:36.355 [Test worker] DEBUG com.tngtech.archunit.core.importer.JavaClassProcessor - Processing class 'javax/persistence/Column'
21:07:36.356 [Test worker] DEBUG com.tngtech.archunit.core.importer.JavaClassProcessor - Processing class 'java/util/List'
21:07:36.357 [Test worker] DEBUG com.tngtech.archunit.core.importer.JavaClassProcessor - Processing class 'io/jsonwebtoken/Jwts'
21:07:36.358 [Test worker] DEBUG com.tngtech.archunit.core.importer.JavaClassProcessor - Processing class 'org/springframework/core/env/Environment'
21:07:36.358 [Test worker] DEBUG com.tngtech.archunit.core.importer.JavaClassProcessor - Processing class 'java/lang/annotation/Annotation'
21:07:36.358 [Test worker] DEBUG com.tngtech.archunit.core.importer.JavaClassProcessor - Processing class 'java/util/Optional'
21:07:36.360 [Test worker] DEBUG com.tngtech.archunit.core.importer.JavaClassProcessor - Processing class 'org/springframework/data/jpa/repository/JpaRepository'
21:07:36.361 [Test worker] DEBUG com.tngtech.archunit.core.importer.JavaClassProcessor - Processing class 'org/springframework/web/bind/annotation/RequestMapping'
21:07:36.361 [Test worker] DEBUG com.tngtech.archunit.core.importer.JavaClassProcessor - Processing class 'java/lang/annotation/Retention'
21:07:36.361 [Test worker] DEBUG com.tngtech.archunit.core.importer.JavaClassProcessor - Processing class 'org/springframework/web/bind/annotation/GetMapping'
21:07:36.363 [Test worker] DEBUG com.tngtech.archunit.core.importer.JavaClassProcessor - Processing class 'org/springframework/web/bind/annotation/ResponseStatus'
21:07:36.364 [Test worker] DEBUG com.tngtech.archunit.core.importer.JavaClassProcessor - Processing class 'org/aspectj/lang/JoinPoint'
21:07:36.364 [Test worker] DEBUG com.tngtech.archunit.core.importer.JavaClassProcessor - Processing class 'javax/persistence/Id'
21:07:36.365 [Test worker] DEBUG com.tngtech.archunit.core.importer.JavaClassProcessor - Processing class 'org/slf4j/Logger'
21:07:36.366 [Test worker] DEBUG com.tngtech.archunit.core.importer.JavaClassProcessor - Processing class 'java/util/Iterator'
21:07:36.366 [Test worker] DEBUG com.tngtech.archunit.core.importer.JavaClassProcessor - Processing class 'javax/persistence/JoinColumn'
21:07:36.367 [Test worker] DEBUG com.tngtech.archunit.core.importer.JavaClassProcessor - Processing class 'javax/servlet/http/HttpServletResponse'
21:07:36.368 [Test worker] DEBUG com.tngtech.archunit.core.importer.JavaClassProcessor - Processing class 'org/springframework/web/context/request/ServletRequestAttributes'
21:07:36.369 [Test worker] DEBUG com.tngtech.archunit.core.importer.JavaClassProcessor - Processing class 'java/lang/IllegalArgumentException'
21:07:36.369 [Test worker] DEBUG com.tngtech.archunit.core.importer.JavaClassProcessor - Processing class 'java/lang/annotation/ElementType'
21:07:36.370 [Test worker] DEBUG com.tngtech.archunit.core.importer.JavaClassProcessor - Processing class 'org/springframework/stereotype/Component'
21:07:36.372 [Test worker] DEBUG com.tngtech.archunit.core.importer.JavaClassProcessor - Processing class 'org/aspectj/lang/annotation/Before'
21:07:36.373 [Test worker] DEBUG com.tngtech.archunit.core.importer.JavaClassProcessor - Processing class 'java/lang/Object'
21:07:36.380 [Test worker] DEBUG com.tngtech.archunit.core.importer.JavaClassProcessor - Processing class 'java/lang/Class'
21:07:36.399 [Test worker] DEBUG com.tngtech.archunit.core.importer.JavaClassProcessor - Processing class 'org/springframework/http/ResponseEntity'
21:07:36.400 [Test worker] DEBUG com.tngtech.archunit.core.importer.JavaClassProcessor - Processing class 'org/aspectj/lang/reflect/MethodSignature'
21:07:36.401 [Test worker] DEBUG com.tngtech.archunit.core.importer.JavaClassProcessor - Processing class 'org/springframework/context/annotation/Bean'
21:07:36.402 [Test worker] DEBUG com.tngtech.archunit.core.importer.JavaClassProcessor - Processing class 'java/util/Comparator'
21:07:36.404 [Test worker] DEBUG com.tngtech.archunit.core.importer.JavaClassProcessor - Processing class 'org/apache/commons/codec/digest/DigestUtils'
21:07:36.407 [Test worker] DEBUG com.tngtech.archunit.core.importer.JavaClassProcessor - Processing class 'org/aspectj/lang/ProceedingJoinPoint'
21:07:36.408 [Test worker] DEBUG com.tngtech.archunit.core.importer.JavaClassProcessor - Processing class 'java/lang/annotation/RetentionPolicy'
21:07:36.408 [Test worker] DEBUG com.tngtech.archunit.core.importer.JavaClassProcessor - Processing class 'java/lang/annotation/Inherited'
21:07:36.409 [Test worker] DEBUG com.tngtech.archunit.core.importer.JavaClassProcessor - Processing class 'java/util/DoubleSummaryStatistics'
21:07:36.409 [Test worker] DEBUG com.tngtech.archunit.core.importer.JavaClassProcessor - Processing class 'java/util/function/DoubleConsumer'
21:07:36.410 [Test worker] DEBUG com.tngtech.archunit.core.importer.JavaClassProcessor - Processing class 'java/security/spec/KeySpec'
21:07:36.411 [Test worker] DEBUG com.tngtech.archunit.core.importer.JavaClassProcessor - Processing class 'javax/persistence/ConstraintMode'
21:07:36.412 [Test worker] DEBUG com.tngtech.archunit.core.importer.JavaClassProcessor - Processing class 'org/springframework/core/env/PropertyResolver'
21:07:36.413 [Test worker] DEBUG com.tngtech.archunit.core.importer.JavaClassProcessor - Processing class 'org/springframework/web/filter/GenericFilterBean'
21:07:36.413 [Test worker] DEBUG com.tngtech.archunit.core.importer.JavaClassProcessor - Processing class 'java/util/Map'
21:07:36.415 [Test worker] DEBUG com.tngtech.archunit.core.importer.JavaClassProcessor - Processing class 'java/lang/reflect/Executable'
21:07:36.444 [Test worker] DEBUG com.tngtech.archunit.core.importer.JavaClassProcessor - Processing class 'javax/servlet/Filter'
21:07:36.445 [Test worker] DEBUG com.tngtech.archunit.core.importer.JavaClassProcessor - Processing class 'java/lang/CharSequence'
21:07:36.447 [Test worker] DEBUG com.tngtech.archunit.core.importer.JavaClassProcessor - Processing class 'org/springframework/data/repository/PagingAndSortingRepository'
21:07:36.448 [Test worker] DEBUG com.tngtech.archunit.core.importer.JavaClassProcessor - Processing class 'java/time/chrono/ChronoLocalDateTime'
21:07:36.450 [Test worker] DEBUG com.tngtech.archunit.core.importer.JavaClassProcessor - Processing class 'java/util/Set'
21:07:36.452 [Test worker] DEBUG com.tngtech.archunit.core.importer.JavaClassProcessor - Processing class 'java/io/Serializable'
21:07:36.453 [Test worker] DEBUG com.tngtech.archunit.core.importer.JavaClassProcessor - Processing class 'org/springframework/http/client/ClientHttpRequestInterceptor'
21:07:36.455 [Test worker] DEBUG com.tngtech.archunit.core.importer.JavaClassProcessor - Processing class 'org/springframework/beans/factory/support/BeanNameGenerator'
21:07:36.455 [Test worker] DEBUG com.tngtech.archunit.core.importer.JavaClassProcessor - Processing class 'jdk/internal/ValueBased'
21:07:36.456 [Test worker] DEBUG com.tngtech.archunit.core.importer.JavaClassProcessor - Processing class 'javax/crypto/SecretKey'
21:07:36.459 [Test worker] DEBUG com.tngtech.archunit.core.importer.JavaClassProcessor - Processing class 'org/springframework/http/client/support/InterceptingHttpAccessor'
21:07:36.460 [Test worker] DEBUG com.tngtech.archunit.core.importer.JavaClassProcessor - Processing class 'java/lang/reflect/AnnotatedElement'
21:07:36.511 [Test worker] DEBUG com.tngtech.archunit.core.importer.JavaClassProcessor - Processing class 'java/lang/Double'
21:07:36.512 [Test worker] DEBUG com.tngtech.archunit.core.importer.JavaClassProcessor - Processing class 'org/springframework/http/client/ClientHttpRequestFactory'
21:07:36.513 [Test worker] DEBUG com.tngtech.archunit.core.importer.JavaClassProcessor - Processing class 'org/springframework/boot/web/client/RestTemplateCustomizer'
21:07:36.513 [Test worker] DEBUG com.tngtech.archunit.core.importer.JavaClassProcessor - Processing class 'java/lang/invoke/TypeDescriptor$OfField'
21:07:36.514 [Test worker] DEBUG com.tngtech.archunit.core.importer.JavaClassProcessor - Processing class 'org/springframework/boot/context/TypeExcludeFilter'
21:07:36.515 [Test worker] DEBUG com.tngtech.archunit.core.importer.JavaClassProcessor - Processing class 'org/springframework/boot/web/servlet/AbstractFilterRegistrationBean'
21:07:36.516 [Test worker] DEBUG com.tngtech.archunit.core.importer.JavaClassProcessor - Processing class 'org/springframework/data/repository/NoRepositoryBean'
21:07:36.516 [Test worker] DEBUG com.tngtech.archunit.core.importer.JavaClassProcessor - Processing class 'java/util/RandomAccess'
21:07:36.517 [Test worker] DEBUG com.tngtech.archunit.core.importer.JavaClassProcessor - Processing class 'org/springframework/boot/BootstrapRegistryInitializer'
21:07:36.517 [Test worker] DEBUG com.tngtech.archunit.core.importer.JavaClassProcessor - Processing class 'java/time/temporal/TemporalAmount'
21:07:36.518 [Test worker] DEBUG com.tngtech.archunit.core.importer.JavaClassProcessor - Processing class 'org/springframework/lang/Nullable'
21:07:36.519 [Test worker] DEBUG com.tngtech.archunit.core.importer.JavaClassProcessor - Processing class 'org/springframework/stereotype/Indexed'
21:07:36.519 [Test worker] DEBUG com.tngtech.archunit.core.importer.JavaClassProcessor - Processing class 'java/lang/Number'
21:07:36.519 [Test worker] DEBUG com.tngtech.archunit.core.importer.JavaClassProcessor - Processing class 'java/lang/SafeVarargs'
21:07:36.520 [Test worker] DEBUG com.tngtech.archunit.core.importer.JavaClassProcessor - Processing class 'java/util/Map$Entry'
21:07:36.520 [Test worker] DEBUG com.tngtech.archunit.core.importer.JavaClassProcessor - Processing class 'jdk/internal/vm/annotation/IntrinsicCandidate'
21:07:36.520 [Test worker] DEBUG com.tngtech.archunit.core.importer.JavaClassProcessor - Processing class 'java/util/stream/LongStream'
21:07:36.522 [Test worker] DEBUG com.tngtech.archunit.core.importer.JavaClassProcessor - Processing class 'org/springframework/boot/autoconfigure/EnableAutoConfiguration'
21:07:36.522 [Test worker] DEBUG com.tngtech.archunit.core.importer.JavaClassProcessor - Processing class 'java/lang/Deprecated'
21:07:36.523 [Test worker] DEBUG com.tngtech.archunit.core.importer.JavaClassProcessor - Processing class 'org/springframework/http/HttpMethod'
21:07:36.524 [Test worker] DEBUG com.tngtech.archunit.core.importer.JavaClassProcessor - Processing class 'org/springframework/context/annotation/Import'
21:07:36.524 [Test worker] DEBUG com.tngtech.archunit.core.importer.JavaClassProcessor - Processing class 'javax/persistence/JoinColumns'
21:07:36.526 [Test worker] DEBUG com.tngtech.archunit.core.importer.JavaClassProcessor - Processing class 'org/springframework/web/client/RestOperations'
21:07:36.527 [Test worker] DEBUG com.tngtech.archunit.core.importer.JavaClassProcessor - Processing class 'java/lang/reflect/Field'
21:07:36.528 [Test worker] DEBUG com.tngtech.archunit.core.importer.JavaClassProcessor - Processing class 'com/auth0/jwt/interfaces/Header'
21:07:36.529 [Test worker] DEBUG com.tngtech.archunit.core.importer.JavaClassProcessor - Processing class 'org/springframework/context/annotation/ComponentScan'
21:07:36.530 [Test worker] DEBUG com.tngtech.archunit.core.importer.JavaClassProcessor - Processing class 'java/util/stream/Collector$Characteristics'
21:07:36.530 [Test worker] DEBUG com.tngtech.archunit.core.importer.JavaClassProcessor - Processing class 'java/lang/constant/Constable'
21:07:36.530 [Test worker] DEBUG com.tngtech.archunit.core.importer.JavaClassProcessor - Processing class 'java/time/chrono/ChronoZonedDateTime'
21:07:36.531 [Test worker] DEBUG com.tngtech.archunit.core.importer.JavaClassProcessor - Processing class 'org/springframework/boot/SpringBootConfiguration'
21:07:36.551 [Test worker] DEBUG com.tngtech.archunit.core.importer.JavaClassProcessor - Processing class 'java/lang/Comparable'
21:07:36.581 [Test worker] DEBUG com.tngtech.archunit.core.importer.JavaClassProcessor - Processing class 'java/time/temporal/TemporalAdjuster'
21:07:36.581 [Test worker] DEBUG com.tngtech.archunit.core.importer.JavaClassProcessor - Processing class 'java/net/URL'
21:07:36.582 [Test worker] DEBUG com.tngtech.archunit.core.importer.JavaClassProcessor - Processing class 'java/util/function/IntConsumer'
21:07:36.583 [Test worker] DEBUG com.tngtech.archunit.core.importer.JavaClassProcessor - Processing class 'java/util/AbstractList'
21:07:36.584 [Test worker] DEBUG com.tngtech.archunit.core.importer.JavaClassProcessor - Processing class 'org/springframework/data/annotation/QueryAnnotation'
21:07:36.585 [Test worker] DEBUG com.tngtech.archunit.core.importer.JavaClassProcessor - Processing class 'org/springframework/context/annotation/ComponentScan$Filter'
21:07:36.585 [Test worker] DEBUG com.tngtech.archunit.core.importer.JavaClassProcessor - Processing class 'java/lang/Enum'
21:07:36.586 [Test worker] DEBUG com.tngtech.archunit.core.importer.JavaClassProcessor - Processing class 'io/jsonwebtoken/impl/crypto/JwtSignatureValidator'
21:07:36.587 [Test worker] DEBUG com.tngtech.archunit.core.importer.JavaClassProcessor - Processing class 'org/springframework/web/context/request/RequestAttributes'
21:07:36.589 [Test worker] DEBUG com.tngtech.archunit.core.importer.JavaClassProcessor - Processing class 'java/lang/annotation/Documented'
21:07:36.590 [Test worker] DEBUG com.tngtech.archunit.core.importer.JavaClassProcessor - Processing class 'org/springframework/boot/web/client/RestTemplateRequestCustomizer'
21:07:36.590 [Test worker] DEBUG com.tngtech.archunit.core.importer.JavaClassProcessor - Processing class 'java/lang/Cloneable'
21:07:36.590 [Test worker] DEBUG com.tngtech.archunit.core.importer.JavaClassProcessor - Processing class 'jdk/internal/vm/annotation/ForceInline'
21:07:36.592 [Test worker] DEBUG com.tngtech.archunit.core.importer.JavaClassProcessor - Processing class 'org/springframework/http/HttpHeaders'
21:07:36.675 [Test worker] DEBUG com.tngtech.archunit.core.importer.JavaClassProcessor - Processing class 'javax/persistence/ForeignKey'
21:07:36.676 [Test worker] DEBUG com.tngtech.archunit.core.importer.JavaClassProcessor - Processing class 'java/util/Collection'
21:07:36.679 [Test worker] DEBUG com.tngtech.archunit.core.importer.JavaClassProcessor - Processing class 'org/springframework/web/bind/annotation/RequestMethod'
21:07:36.680 [Test worker] DEBUG com.tngtech.archunit.core.importer.JavaClassProcessor - Processing class 'org/springframework/context/ApplicationListener'
21:07:36.681 [Test worker] DEBUG com.tngtech.archunit.core.importer.JavaClassProcessor - Processing class 'org/springframework/beans/factory/annotation/Autowire'
21:07:36.682 [Test worker] DEBUG com.tngtech.archunit.core.importer.JavaClassProcessor - Processing class 'java/util/stream/DoubleStream'
21:07:36.683 [Test worker] DEBUG com.tngtech.archunit.core.importer.JavaClassProcessor - Processing class 'org/springframework/http/HttpEntity'
21:07:36.684 [Test worker] DEBUG com.tngtech.archunit.core.importer.JavaClassProcessor - Processing class 'java/lang/Class$ReflectionData'
21:07:36.685 [Test worker] DEBUG com.tngtech.archunit.core.importer.JavaClassProcessor - Processing class 'javax/servlet/ServletResponse'
21:07:36.686 [Test worker] DEBUG com.tngtech.archunit.core.importer.JavaClassProcessor - Processing class 'java/lang/reflect/Type'
21:07:36.687 [Test worker] DEBUG com.tngtech.archunit.core.importer.JavaClassProcessor - Processing class 'jdk/internal/reflect/CallerSensitive'
21:07:36.688 [Test worker] DEBUG com.tngtech.archunit.core.importer.JavaClassProcessor - Processing class 'org/springframework/http/converter/HttpMessageConverter'
21:07:36.689 [Test worker] DEBUG com.tngtech.archunit.core.importer.JavaClassProcessor - Processing class 'java/time/LocalDate'
21:07:36.691 [Test worker] DEBUG com.tngtech.archunit.core.importer.JavaClassProcessor - Processing class 'org/springframework/boot/SpringBootExceptionReporter'
21:07:36.692 [Test worker] DEBUG com.tngtech.archunit.core.importer.JavaClassProcessor - Processing class 'java/time/temporal/Temporal'
21:07:36.693 [Test worker] DEBUG com.tngtech.archunit.core.importer.JavaClassProcessor - Processing class 'java/util/stream/IntStream'
21:07:36.695 [Test worker] DEBUG com.tngtech.archunit.core.importer.JavaClassProcessor - Processing class 'org/springframework/context/annotation/EnableAspectJAutoProxy'
21:07:36.696 [Test worker] DEBUG com.tngtech.archunit.core.importer.JavaClassProcessor - Processing class 'java/time/temporal/TemporalUnit'
21:07:36.697 [Test worker] DEBUG com.tngtech.archunit.core.importer.JavaClassProcessor - Processing class 'org/springframework/boot/autoconfigure/AutoConfigurationExcludeFilter'
21:07:36.698 [Test worker] DEBUG com.tngtech.archunit.core.importer.JavaClassProcessor - Processing class 'org/springframework/stereotype/Controller'
21:07:36.704 [Test worker] DEBUG com.tngtech.archunit.core.importer.JavaClassProcessor - Processing class 'org/springframework/web/context/request/AbstractRequestAttributes'
21:07:36.706 [Test worker] DEBUG com.tngtech.archunit.core.importer.JavaClassProcessor - Processing class 'org/springframework/retry/annotation/RetryConfiguration'
21:07:36.707 [Test worker] DEBUG com.tngtech.archunit.core.importer.JavaClassProcessor - Processing class 'java/util/concurrent/ConcurrentMap'
21:07:36.708 [Test worker] DEBUG com.tngtech.archunit.core.importer.JavaClassProcessor - Processing class 'javax/servlet/http/HttpUpgradeHandler'
21:07:36.709 [Test worker] DEBUG com.tngtech.archunit.core.importer.JavaClassProcessor - Processing class 'java/lang/FunctionalInterface'
21:07:36.710 [Test worker] DEBUG com.tngtech.archunit.core.importer.JavaClassProcessor - Processing class 'java/lang/constant/ConstantDesc'
21:07:36.711 [Test worker] DEBUG com.tngtech.archunit.core.importer.JavaClassProcessor - Processing class 'java/lang/annotation/Repeatable'
21:07:36.711 [Test worker] DEBUG com.tngtech.archunit.core.importer.JavaClassProcessor - Processing class 'java/lang/Boolean'
21:07:36.712 [Test worker] DEBUG com.tngtech.archunit.core.importer.JavaClassProcessor - Processing class 'org/aspectj/lang/reflect/CodeSignature'
21:07:36.712 [Test worker] DEBUG com.tngtech.archunit.core.importer.JavaClassProcessor - Processing class 'org/springframework/context/annotation/FilterType'
21:07:36.713 [Test worker] DEBUG com.tngtech.archunit.core.importer.JavaClassProcessor - Processing class 'java/util/LongSummaryStatistics'
21:07:36.713 [Test worker] DEBUG com.tngtech.archunit.core.importer.JavaClassProcessor - Processing class 'java/lang/reflect/GenericDeclaration'
21:07:36.714 [Test worker] DEBUG com.tngtech.archunit.core.importer.JavaClassProcessor - Processing class 'org/springframework/core/annotation/AliasFor'
21:07:36.714 [Test worker] DEBUG com.tngtech.archunit.core.importer.JavaClassProcessor - Processing class 'javax/servlet/ServletRequest'
21:07:36.715 [Test worker] DEBUG com.tngtech.archunit.core.importer.JavaClassProcessor - Processing class 'jdk/internal/vm/annotation/Stable'
21:07:36.715 [Test worker] DEBUG com.tngtech.archunit.core.importer.JavaClassProcessor - Processing class 'org/springframework/core/env/StandardEnvironment'
21:07:36.717 [Test worker] DEBUG com.tngtech.archunit.core.importer.JavaClassProcessor - Processing class 'org/springframework/web/bind/annotation/ResponseBody'
21:07:36.718 [Test worker] DEBUG com.tngtech.archunit.core.importer.JavaClassProcessor - Processing class 'java/util/function/LongConsumer'
21:07:36.718 [Test worker] DEBUG com.tngtech.archunit.core.importer.JavaClassProcessor - Processing class 'java/util/function/Consumer'
21:07:36.719 [Test worker] DEBUG com.tngtech.archunit.core.importer.JavaClassProcessor - Processing class 'io/jsonwebtoken/ClaimsMutator'
21:07:36.720 [Test worker] DEBUG com.tngtech.archunit.core.importer.JavaClassProcessor - Processing class 'org/springframework/data/repository/query/QueryByExampleExecutor'
21:07:36.720 [Test worker] DEBUG com.tngtech.archunit.core.importer.JavaClassProcessor - Processing class 'java/util/AbstractMap'
21:07:36.721 [Test worker] DEBUG com.tngtech.archunit.core.importer.JavaClassProcessor - Processing class 'javax/servlet/http/Part'
21:07:36.722 [Test worker] DEBUG com.tngtech.archunit.core.importer.JavaClassProcessor - Processing class 'java/lang/constant/ClassDesc'
21:07:36.722 [Test worker] DEBUG com.tngtech.archunit.core.importer.JavaClassProcessor - Processing class 'java/util/stream/BaseStream'
21:07:36.722 [Test worker] DEBUG com.tngtech.archunit.core.importer.JavaClassProcessor - Processing class 'java/util/IntSummaryStatistics'
21:07:36.723 [Test worker] DEBUG com.tngtech.archunit.core.importer.JavaClassProcessor - Processing class 'com/auth0/jwt/interfaces/Payload'
21:07:36.724 [Test worker] DEBUG com.tngtech.archunit.core.importer.JavaClassProcessor - Processing class 'org/springframework/context/ApplicationContextInitializer'
21:07:36.770 [Test worker] DEBUG com.tngtech.archunit.core.importer.JavaClassProcessor - Processing class 'org/springframework/web/bind/annotation/Mapping'
21:07:36.772 [Test worker] DEBUG com.tngtech.archunit.core.importer.JavaClassProcessor - Processing class 'org/springframework/data/repository/query/FluentQuery$FetchableFluentQuery'
21:07:36.773 [Test worker] DEBUG com.tngtech.archunit.core.importer.JavaClassProcessor - Processing class 'java/lang/Enum$EnumDesc'
21:07:36.774 [Test worker] DEBUG com.tngtech.archunit.core.importer.JavaClassProcessor - Processing class 'java/util/stream/Collector'
21:07:36.774 [Test worker] DEBUG com.tngtech.archunit.core.importer.JavaClassProcessor - Processing class 'java/lang/invoke/TypeDescriptor'
21:07:36.775 [Test worker] DEBUG com.tngtech.archunit.core.importer.JavaClassProcessor - Processing class 'org/springframework/context/PayloadApplicationEvent'
21:07:36.778 [Test worker] DEBUG com.tngtech.archunit.core.importer.JavaClassProcessor - Processing class 'org/springframework/boot/autoconfigure/AutoConfigurationImportSelector'
21:07:36.781 [Test worker] DEBUG com.tngtech.archunit.core.importer.JavaClassProcessor - Processing class 'org/springframework/aop/IntroductionAdvisor'
21:07:36.781 [Test worker] DEBUG com.tngtech.archunit.core.importer.JavaClassProcessor - Processing class 'java/lang/reflect/Member'
21:07:36.784 [Test worker] DEBUG com.tngtech.archunit.core.importer.JavaClassProcessor - Processing class 'java/util/EventListener'
21:07:36.785 [Test worker] DEBUG com.tngtech.archunit.core.importer.JavaClassProcessor - Processing class 'org/springframework/context/annotation/Role'
21:07:36.786 [Test worker] DEBUG com.tngtech.archunit.core.importer.JavaClassProcessor - Processing class 'org/springframework/beans/factory/DisposableBean'
21:07:36.787 [Test worker] DEBUG com.tngtech.archunit.core.importer.JavaClassProcessor - Processing class 'org/springframework/boot/autoconfigure/AutoConfigurationPackage'
21:07:36.788 [Test worker] DEBUG com.tngtech.archunit.core.importer.JavaClassProcessor - Processing class 'java/time/temporal/TemporalAccessor'
21:07:36.790 [Test worker] DEBUG com.tngtech.archunit.core.importer.JavaClassProcessor - Processing class 'org/springframework/http/client/ClientHttpRequest'
21:07:36.791 [Test worker] DEBUG com.tngtech.archunit.core.importer.JavaClassProcessor - Processing class 'org/springframework/beans/factory/BeanFactoryAware'
21:07:36.793 [Test worker] DEBUG com.tngtech.archunit.core.importer.JavaClassProcessor - Processing class 'org/springframework/core/env/EnvironmentCapable'
21:07:36.794 [Test worker] DEBUG com.tngtech.archunit.core.importer.JavaClassProcessor - Processing class 'org/springframework/boot/web/servlet/DynamicRegistrationBean'
21:07:36.795 [Test worker] DEBUG com.tngtech.archunit.core.importer.JavaClassProcessor - Processing class 'java/net/spi/URLStreamHandlerProvider'
21:07:36.796 [Test worker] DEBUG com.tngtech.archunit.core.importer.JavaClassProcessor - Processing class 'org/springframework/util/MultiValueMap'
21:07:36.797 [Test worker] DEBUG com.tngtech.archunit.core.importer.JavaClassProcessor - Processing class 'org/springframework/context/ApplicationEvent'
21:07:36.798 [Test worker] DEBUG com.tngtech.archunit.core.importer.JavaClassProcessor - Processing class 'javax/servlet/FilterRegistration$Dynamic'
21:07:36.799 [Test worker] DEBUG com.tngtech.archunit.core.importer.JavaClassProcessor - Processing class 'org/springframework/web/context/ServletContextAware'
21:07:36.799 [Test worker] DEBUG com.tngtech.archunit.core.importer.JavaClassProcessor - Processing class 'org/springframework/core/type/filter/TypeFilter'
21:07:36.800 [Test worker] DEBUG com.tngtech.archunit.core.importer.JavaClassProcessor - Processing class 'java/lang/Runnable'
21:07:36.800 [Test worker] DEBUG com.tngtech.archunit.core.importer.JavaClassProcessor - Processing class 'java/lang/AutoCloseable'
21:07:36.800 [Test worker] DEBUG com.tngtech.archunit.core.importer.JavaClassProcessor - Processing class 'java/util/AbstractCollection'
21:07:36.801 [Test worker] DEBUG com.tngtech.archunit.core.importer.JavaClassProcessor - Processing class 'java/util/Locale'
21:07:36.804 [Test worker] DEBUG com.tngtech.archunit.core.importer.JavaClassProcessor - Processing class 'org/springframework/context/ConfigurableApplicationContext'
21:07:36.808 [Test worker] DEBUG com.tngtech.archunit.core.importer.JavaClassProcessor - Processing class 'javax/security/auth/Destroyable'
21:07:36.810 [Test worker] DEBUG com.tngtech.archunit.core.importer.JavaClassProcessor - Processing class 'org/springframework/http/MediaType'
21:07:36.812 [Test worker] DEBUG com.tngtech.archunit.core.importer.JavaClassProcessor - Processing class 'java/util/Locale$LanguageRange'
21:07:36.813 [Test worker] DEBUG com.tngtech.archunit.core.importer.JavaClassProcessor - Processing class 'org/springframework/aop/support/AbstractPointcutAdvisor'
21:07:36.817 [Test worker] DEBUG com.tngtech.archunit.core.importer.JavaClassProcessor - Processing class 'java/security/Key'
21:07:36.818 [Test worker] DEBUG com.tngtech.archunit.core.importer.JavaClassProcessor - Processing class 'java/lang/constant/DynamicConstantDesc'
21:07:36.824 [Test worker] DEBUG com.tngtech.archunit.core.importer.JavaClassProcessor - Processing class 'java/net/URLStreamHandler'
21:07:36.826 [Test worker] DEBUG com.tngtech.archunit.core.importer.JavaClassProcessor - Processing class 'org/springframework/http/client/support/HttpAccessor'
21:07:36.828 [Test worker] DEBUG com.tngtech.archunit.core.importer.JavaClassProcessor - Processing class 'org/springframework/context/annotation/AnnotationScopeMetadataResolver'
21:07:36.833 [Test worker] DEBUG com.tngtech.archunit.core.importer.JavaClassProcessor - Processing class 'org/springframework/beans/factory/BeanClassLoaderAware'
21:07:36.835 [Test worker] DEBUG com.tngtech.archunit.core.importer.JavaClassProcessor - Processing class 'org/aspectj/lang/reflect/MemberSignature'
21:07:36.836 [Test worker] DEBUG com.tngtech.archunit.core.importer.JavaClassProcessor - Processing class 'org/springframework/context/annotation/AspectJAutoProxyRegistrar'
21:07:36.838 [Test worker] DEBUG com.tngtech.archunit.core.importer.JavaClassProcessor - Processing class 'org/springframework/data/repository/CrudRepository'
21:07:36.840 [Test worker] DEBUG com.tngtech.archunit.core.importer.JavaClassProcessor - Processing class 'org/springframework/beans/factory/InitializingBean'
21:07:36.841 [Test worker] DEBUG com.tngtech.archunit.core.importer.JavaClassProcessor - Processing class 'java/lang/Iterable'
21:07:36.841 [Test worker] DEBUG com.tngtech.archunit.core.importer.JavaClassProcessor - Processing class 'java/nio/charset/Charset'
21:07:36.844 [Test worker] DEBUG com.tngtech.archunit.core.importer.JavaClassProcessor - Processing class 'org/springframework/context/annotation/ComponentScans'
21:07:36.845 [Test worker] DEBUG com.tngtech.archunit.core.importer.JavaClassProcessor - Processing class 'org/springframework/boot/web/servlet/ServletRegistrationBean'
21:07:36.847 [Test worker] DEBUG com.tngtech.archunit.core.importer.JavaClassProcessor - Processing class 'org/springframework/retry/RetryListener'
21:07:36.849 [Test worker] DEBUG com.tngtech.archunit.core.importer.JavaClassProcessor - Processing class 'org/springframework/beans/factory/BeanNameAware'
21:07:36.850 [Test worker] DEBUG com.tngtech.archunit.core.importer.JavaClassProcessor - Processing class 'java/time/chrono/ChronoLocalDate'
21:07:36.851 [Test worker] DEBUG com.tngtech.archunit.core.importer.JavaClassProcessor - Processing class 'java/lang/reflect/AccessibleObject'
21:07:36.854 [Test worker] DEBUG com.tngtech.archunit.core.importer.JavaClassProcessor - Processing class 'org/springframework/context/annotation/ScopedProxyMode'
21:07:36.855 [Test worker] DEBUG com.tngtech.archunit.core.importer.JavaClassProcessor - Processing class 'org/springframework/http/HttpRange'
21:07:36.856 [Test worker] DEBUG com.tngtech.archunit.core.importer.JavaClassProcessor - Processing class 'org/springframework/beans/factory/SmartInitializingSingleton'
21:07:36.857 [Test worker] DEBUG com.tngtech.archunit.core.importer.JavaClassProcessor - Processing class 'org/springframework/context/EnvironmentAware'
21:07:36.858 [Test worker] DEBUG com.tngtech.archunit.core.importer.JavaClassProcessor - Processing class 'org/springframework/context/annotation/ScopeMetadataResolver'
21:07:36.859 [Test worker] DEBUG com.tngtech.archunit.core.importer.JavaClassProcessor - Processing class 'javax/servlet/DispatcherType'
21:07:36.860 [Test worker] DEBUG com.tngtech.archunit.core.importer.JavaClassProcessor - Processing class 'org/springframework/core/env/AbstractEnvironment'
21:07:36.862 [Test worker] DEBUG com.tngtech.archunit.core.importer.JavaClassProcessor - Processing class 'org/springframework/boot/autoconfigure/AutoConfigurationImportListener'
21:07:36.862 [Test worker] DEBUG com.tngtech.archunit.core.importer.JavaClassProcessor - Processing class 'java/nio/charset/spi/CharsetProvider'
21:07:36.863 [Test worker] DEBUG com.tngtech.archunit.core.importer.JavaClassProcessor - Processing class 'org/springframework/data/repository/query/FluentQuery'
21:07:36.864 [Test worker] DEBUG com.tngtech.archunit.core.importer.JavaClassProcessor - Processing class 'org/springframework/http/HttpRequest'
21:07:36.865 [Test worker] DEBUG com.tngtech.archunit.core.importer.JavaClassProcessor - Processing class 'org/springframework/boot/web/servlet/RegistrationBean'
21:07:36.867 [Test worker] DEBUG com.tngtech.archunit.core.importer.JavaClassProcessor - Processing class 'javax/servlet/Registration$Dynamic'
21:07:36.867 [Test worker] DEBUG com.tngtech.archunit.core.importer.JavaClassProcessor - Processing class 'java/util/EventObject'
21:07:36.962 [Test worker] DEBUG com.tngtech.archunit.core.importer.JavaClassProcessor - Processing class 'org/springframework/util/MimeType'
21:07:36.973 [Test worker] DEBUG com.tngtech.archunit.core.importer.JavaClassProcessor - Processing class 'java/lang/Character'
21:07:36.977 [Test worker] DEBUG com.tngtech.archunit.core.importer.JavaClassProcessor - Processing class 'org/springframework/data/repository/Repository'
21:07:36.979 [Test worker] DEBUG com.tngtech.archunit.core.importer.JavaClassProcessor - Processing class 'org/springframework/boot/autoconfigure/AutoConfigurationPackages$Registrar'
21:07:36.982 [Test worker] DEBUG com.tngtech.archunit.core.importer.JavaClassProcessor - Processing class 'javax/servlet/ServletRegistration$Dynamic'
21:07:36.983 [Test worker] DEBUG com.tngtech.archunit.core.importer.JavaClassProcessor - Processing class 'java/lang/ThreadLocal'
21:07:36.985 [Test worker] DEBUG com.tngtech.archunit.core.importer.JavaClassProcessor - Processing class 'javax/servlet/Servlet'
21:07:36.986 [Test worker] DEBUG com.tngtech.archunit.core.importer.JavaClassProcessor - Processing class 'org/aspectj/lang/Signature'
21:07:36.988 [Test worker] DEBUG com.tngtech.archunit.core.importer.JavaClassProcessor - Processing class 'javax/servlet/FilterRegistration'
21:07:36.989 [Test worker] DEBUG com.tngtech.archunit.core.importer.JavaClassProcessor - Processing class 'java/net/URLStreamHandlerFactory'
21:07:36.989 [Test worker] DEBUG com.tngtech.archunit.core.importer.JavaClassProcessor - Processing class 'sun/util/locale/LocaleExtensions'
21:07:36.991 [Test worker] DEBUG com.tngtech.archunit.core.importer.JavaClassProcessor - Processing class 'org/springframework/core/Ordered'
21:07:36.992 [Test worker] DEBUG com.tngtech.archunit.core.importer.JavaClassProcessor - Processing class 'org/springframework/aop/PointcutAdvisor'
21:07:36.993 [Test worker] DEBUG com.tngtech.archunit.core.importer.JavaClassProcessor - Processing class 'org/springframework/context/annotation/DeferredImportSelector'
21:07:36.994 [Test worker] DEBUG com.tngtech.archunit.core.importer.JavaClassProcessor - Processing class 'org/springframework/beans/factory/Aware'
21:07:36.995 [Test worker] DEBUG com.tngtech.archunit.core.importer.JavaClassProcessor - Processing class 'org/springframework/core/ResolvableTypeProvider'
21:07:36.996 [Test worker] DEBUG com.tngtech.archunit.core.importer.JavaClassProcessor - Processing class 'org/springframework/core/io/support/ResourceRegion'
21:07:36.997 [Test worker] DEBUG com.tngtech.archunit.core.importer.JavaClassProcessor - Processing class 'org/springframework/aop/IntroductionInfo'
21:07:36.998 [Test worker] DEBUG com.tngtech.archunit.core.importer.JavaClassProcessor - Processing class 'org/springframework/boot/autoconfigure/AutoConfigurationImportFilter'
21:07:36.999 [Test worker] DEBUG com.tngtech.archunit.core.importer.JavaClassProcessor - Processing class 'org/springframework/core/env/ConfigurableEnvironment'
21:07:37.000 [Test worker] DEBUG com.tngtech.archunit.core.importer.JavaClassProcessor - Processing class 'org/springframework/context/annotation/ImportBeanDefinitionRegistrar'
21:07:37.000 [Test worker] DEBUG com.tngtech.archunit.core.importer.JavaClassProcessor - Processing class 'org/springframework/http/client/ClientHttpRequestInitializer'
21:07:37.001 [Test worker] DEBUG com.tngtech.archunit.core.importer.JavaClassProcessor - Processing class 'org/springframework/aop/Advisor'
21:07:37.002 [Test worker] DEBUG com.tngtech.archunit.core.importer.JavaClassProcessor - Processing class 'org/springframework/context/ResourceLoaderAware'
21:07:37.003 [Test worker] DEBUG com.tngtech.archunit.core.importer.JavaClassProcessor - Processing class 'org/springframework/context/ApplicationContext'
21:07:37.004 [Test worker] DEBUG com.tngtech.archunit.core.importer.JavaClassProcessor - Processing class 'org/springframework/context/Lifecycle'
21:07:37.005 [Test worker] DEBUG com.tngtech.archunit.core.importer.JavaClassProcessor - Processing class 'sun/util/locale/BaseLocale'
21:07:37.006 [Test worker] DEBUG com.tngtech.archunit.core.importer.JavaClassProcessor - Processing class 'org/springframework/context/annotation/DeferredImportSelector$Group'
21:07:37.006 [Test worker] DEBUG com.tngtech.archunit.core.importer.JavaClassProcessor - Processing class 'java/io/Closeable'
21:07:37.007 [Test worker] DEBUG com.tngtech.archunit.core.importer.JavaClassProcessor - Processing class 'org/springframework/http/HttpOutputMessage'
21:07:37.008 [Test worker] DEBUG com.tngtech.archunit.core.importer.JavaClassProcessor - Processing class 'sun/util/locale/Extension'
21:07:37.009 [Test worker] DEBUG com.tngtech.archunit.core.importer.JavaClassProcessor - Processing class 'org/springframework/beans/factory/HierarchicalBeanFactory'
21:07:37.010 [Test worker] DEBUG com.tngtech.archunit.core.importer.JavaClassProcessor - Processing class 'javax/servlet/ServletRegistration'
21:07:37.011 [Test worker] DEBUG com.tngtech.archunit.core.importer.JavaClassProcessor - Processing class 'org/springframework/core/env/ConfigurablePropertyResolver'
21:07:37.012 [Test worker] DEBUG com.tngtech.archunit.core.importer.JavaClassProcessor - Processing class 'org/springframework/context/annotation/DeferredImportSelector$Group$Entry'
21:07:37.013 [Test worker] DEBUG com.tngtech.archunit.core.importer.JavaClassProcessor - Processing class 'org/springframework/context/ApplicationEventPublisher'
21:07:37.014 [Test worker] DEBUG com.tngtech.archunit.core.importer.JavaClassProcessor - Processing class 'org/springframework/http/HttpMessage'
21:07:37.099 [Test worker] DEBUG com.tngtech.archunit.core.importer.JavaClassProcessor - Processing class 'org/springframework/context/annotation/ImportSelector'
21:07:37.107 [Test worker] DEBUG com.tngtech.archunit.core.importer.JavaClassProcessor - Processing class 'org/springframework/boot/web/servlet/ServletContextInitializer'
21:07:37.108 [Test worker] DEBUG com.tngtech.archunit.core.importer.JavaClassProcessor - Processing class 'org/springframework/context/MessageSource'
21:07:37.109 [Test worker] DEBUG com.tngtech.archunit.core.importer.JavaClassProcessor - Processing class 'javax/servlet/Registration'
21:07:37.110 [Test worker] DEBUG com.tngtech.archunit.core.importer.JavaClassProcessor - Processing class 'org/springframework/boot/autoconfigure/AutoConfigurationPackages'
21:07:37.110 [Test worker] DEBUG com.tngtech.archunit.core.importer.JavaClassProcessor - Processing class 'org/springframework/boot/context/annotation/DeterminableImports'
21:07:37.111 [Test worker] DEBUG com.tngtech.archunit.core.importer.JavaClassProcessor - Processing class 'sun/util/locale/InternalLocaleBuilder$CaseInsensitiveString'
21:07:37.112 [Test worker] DEBUG com.tngtech.archunit.core.importer.JavaClassProcessor - Processing class 'org/springframework/core/io/support/ResourcePatternResolver'
21:07:37.112 [Test worker] DEBUG com.tngtech.archunit.core.importer.JavaClassProcessor - Processing class 'sun/util/locale/InternalLocaleBuilder$CaseInsensitiveChar'
21:07:37.113 [Test worker] DEBUG com.tngtech.archunit.core.importer.JavaClassProcessor - Processing class 'org/springframework/beans/factory/ListableBeanFactory'
21:07:37.114 [Test worker] DEBUG com.tngtech.archunit.core.importer.JavaClassProcessor - Processing class 'org/springframework/core/io/ResourceLoader'
21:07:37.114 [Test worker] DEBUG com.tngtech.archunit.core.importer.JavaClassProcessor - Processing class 'org/springframework/beans/factory/BeanFactory'
21:07:37.115 [Test worker] DEBUG com.tngtech.archunit.core.importer.JavaClassProcessor - Processing class 'sun/util/locale/InternalLocaleBuilder'
21:07:37.117 [Test worker] DEBUG com.tngtech.archunit.core.importer.JavaClassProcessor - Processing class 'com/auth0/jwt/impl/JWTParser'
21:07:37.118 [Test worker] DEBUG com.tngtech.archunit.core.importer.JavaClassProcessor - Processing class 'com/auth0/jwt/interfaces/Verification'
21:07:37.119 [Test worker] DEBUG com.tngtech.archunit.core.importer.JavaClassProcessor - Processing class 'com/auth0/jwt/algorithms/Algorithm'
21:07:37.120 [Test worker] DEBUG com.tngtech.archunit.core.importer.JavaClassProcessor - Processing class 'com/auth0/jwt/exceptions/JWTDecodeException'
21:07:37.120 [Test worker] DEBUG com.tngtech.archunit.core.importer.JavaClassProcessor - Processing class 'com/auth0/jwt/JWTCreator$Builder'
21:07:37.122 [Test worker] DEBUG com.tngtech.archunit.core.importer.JavaClassProcessor - Processing class 'java/time/Instant'
21:07:37.133 [Test worker] DEBUG com.tngtech.archunit.core.importer.JavaClassProcessor - Processing class 'io/jsonwebtoken/Header'
21:07:37.135 [Test worker] DEBUG com.tngtech.archunit.core.importer.JavaClassProcessor - Processing class 'io/jsonwebtoken/CompressionCodec'
21:07:37.136 [Test worker] DEBUG com.tngtech.archunit.core.importer.JavaClassProcessor - Processing class 'io/jsonwebtoken/Claims'
21:07:37.137 [Test worker] DEBUG com.tngtech.archunit.core.importer.JavaClassProcessor - Processing class 'io/jsonwebtoken/JwsHeader'
21:07:37.138 [Test worker] DEBUG com.tngtech.archunit.core.importer.JavaClassProcessor - Processing class 'io/jsonwebtoken/JwtParser'
21:07:37.210 [Test worker] DEBUG com.tngtech.archunit.core.importer.JavaClassProcessor - Processing class 'io/jsonwebtoken/SignatureException'
21:07:37.212 [Test worker] DEBUG com.tngtech.archunit.core.importer.JavaClassProcessor - Processing class 'io/jsonwebtoken/impl/crypto/SignatureValidator'
21:07:37.213 [Test worker] DEBUG com.tngtech.archunit.core.importer.JavaClassProcessor - Processing class 'io/jsonwebtoken/impl/crypto/SignatureValidatorFactory'
21:07:37.220 [Test worker] DEBUG com.tngtech.archunit.core.importer.JavaClassProcessor - Processing class 'java/lang/ClassValue$ClassValueMap'
21:07:37.221 [Test worker] DEBUG com.tngtech.archunit.core.importer.JavaClassProcessor - Processing class 'sun/reflect/annotation/AnnotationType'
21:07:37.222 [Test worker] DEBUG com.tngtech.archunit.core.importer.JavaClassProcessor - Processing class 'jdk/internal/reflect/ReflectionFactory'
21:07:37.223 [Test worker] DEBUG com.tngtech.archunit.core.importer.JavaClassProcessor - Processing class 'java/lang/Module'
21:07:37.224 [Test worker] DEBUG com.tngtech.archunit.core.importer.JavaClassProcessor - Processing class 'java/security/ProtectionDomain'
21:07:37.225 [Test worker] DEBUG com.tngtech.archunit.core.importer.JavaClassProcessor - Processing class 'sun/reflect/generics/repository/ClassRepository'
21:07:37.226 [Test worker] DEBUG com.tngtech.archunit.core.importer.JavaClassProcessor - Processing class 'java/io/ObjectStreamField'
21:07:37.227 [Test worker] DEBUG com.tngtech.archunit.core.importer.JavaClassProcessor - Processing class 'java/lang/reflect/Constructor'
21:07:37.228 [Test worker] DEBUG com.tngtech.archunit.core.importer.JavaClassProcessor - Processing class 'java/lang/Class$AnnotationData'
21:07:37.229 [Test worker] DEBUG com.tngtech.archunit.core.importer.JavaClassProcessor - Processing class 'java/lang/ref/SoftReference'
21:07:37.229 [Test worker] DEBUG com.tngtech.archunit.core.importer.JavaClassProcessor - Processing class 'java/lang/ClassLoader'
21:07:37.232 [Test worker] DEBUG com.tngtech.archunit.core.importer.JavaClassProcessor - Processing class 'java/lang/reflect/TypeVariable'
21:07:37.233 [Test worker] DEBUG com.tngtech.archunit.core.importer.JavaClassProcessor - Processing class 'java/lang/reflect/AnnotatedType'
21:07:37.235 [Test worker] DEBUG com.tngtech.archunit.core.importer.JavaClassProcessor - Processing class 'java/lang/SecurityManager'
21:07:37.236 [Test worker] DEBUG com.tngtech.archunit.core.importer.JavaClassProcessor - Processing class 'java/lang/Class$EnclosingMethodInfo'
21:07:37.236 [Test worker] DEBUG com.tngtech.archunit.core.importer.JavaClassProcessor - Processing class 'java/lang/NoSuchMethodException'
21:07:37.237 [Test worker] DEBUG com.tngtech.archunit.core.importer.JavaClassProcessor - Processing class 'java/lang/ClassNotFoundException'
21:07:37.239 [Test worker] DEBUG com.tngtech.archunit.core.importer.JavaClassProcessor - Processing class 'java/lang/SecurityException'
21:07:37.240 [Test worker] DEBUG com.tngtech.archunit.core.importer.JavaClassProcessor - Processing class 'java/lang/reflect/RecordComponent'
21:07:37.241 [Test worker] DEBUG com.tngtech.archunit.core.importer.JavaClassProcessor - Processing class 'java/lang/NoSuchFieldException'
21:07:37.241 [Test worker] DEBUG com.tngtech.archunit.core.importer.JavaClassProcessor - Processing class 'sun/reflect/generics/factory/GenericsFactory'
21:07:37.241 [Test worker] DEBUG com.tngtech.archunit.core.importer.JavaClassProcessor - Processing class 'java/lang/InstantiationException'
21:07:37.242 [Test worker] DEBUG com.tngtech.archunit.core.importer.JavaClassProcessor - Processing class 'java/lang/IllegalAccessException'
21:07:37.242 [Test worker] DEBUG com.tngtech.archunit.core.importer.JavaClassProcessor - Processing class 'java/io/InputStream'
21:07:37.243 [Test worker] DEBUG com.tngtech.archunit.core.importer.JavaClassProcessor - Processing class 'jdk/internal/loader/BuiltinClassLoader'
21:07:37.244 [Test worker] DEBUG com.tngtech.archunit.core.importer.JavaClassProcessor - Processing class 'java/lang/reflect/GenericArrayType'
21:07:37.245 [Test worker] DEBUG com.tngtech.archunit.core.importer.JavaClassProcessor - Processing class 'java/lang/PublicMethods$MethodList'
21:07:37.246 [Test worker] DEBUG com.tngtech.archunit.core.importer.JavaClassProcessor - Processing class 'java/lang/Package'
21:07:37.247 [Test worker] DEBUG com.tngtech.archunit.core.importer.JavaClassProcessor - Processing class 'jdk/internal/reflect/ConstantPool'
21:07:37.249 [Test worker] DEBUG com.tngtech.archunit.core.importer.JavaClassProcessor - Processing class 'java/lang/NumberFormatException'
21:07:37.315 [Test worker] DEBUG com.tngtech.archunit.core.importer.JavaClassProcessor - Processing class 'java/lang/invoke/MethodHandles$Lookup'
21:07:37.319 [Test worker] DEBUG com.tngtech.archunit.core.importer.JavaClassProcessor - Processing class 'java/lang/ReflectiveOperationException'
21:07:37.324 [Test worker] DEBUG com.tngtech.archunit.core.importer.JavaClassProcessor - Processing class 'java/io/ObjectStreamException'
21:07:37.325 [Test worker] DEBUG com.tngtech.archunit.core.importer.JavaClassProcessor - Processing class 'java/lang/CloneNotSupportedException'
21:07:37.326 [Test worker] DEBUG com.tngtech.archunit.core.importer.JavaClassProcessor - Processing class 'java/io/ObjectInputStream'
21:07:37.335 [Test worker] DEBUG com.tngtech.archunit.core.importer.JavaClassProcessor - Processing class 'java/util/Spliterator'
21:07:37.336 [Test worker] DEBUG com.tngtech.archunit.core.importer.JavaClassProcessor - Processing class 'java/math/BigInteger'
21:07:37.340 [Test worker] DEBUG com.tngtech.archunit.core.importer.JavaClassProcessor - Processing class 'java/lang/InterruptedException'
21:07:37.341 [Test worker] DEBUG com.tngtech.archunit.core.importer.JavaClassProcessor - Processing class 'java/lang/StringBuffer'
21:07:37.342 [Test worker] DEBUG com.tngtech.archunit.core.importer.JavaClassProcessor - Processing class 'java/nio/charset/CharsetDecoder'
21:07:37.343 [Test worker] DEBUG com.tngtech.archunit.core.importer.JavaClassProcessor - Processing class 'java/util/function/Function'
21:07:37.344 [Test worker] DEBUG com.tngtech.archunit.core.importer.JavaClassProcessor - Processing class 'java/lang/AbstractStringBuilder'
21:07:37.345 [Test worker] DEBUG com.tngtech.archunit.core.importer.JavaClassProcessor - Processing class 'java/lang/Void'
21:07:37.346 [Test worker] DEBUG com.tngtech.archunit.core.importer.JavaClassProcessor - Processing class 'sun/nio/cs/ArrayDecoder'
21:07:37.346 [Test worker] DEBUG com.tngtech.archunit.core.importer.JavaClassProcessor - Processing class 'java/nio/charset/UnmappableCharacterException'
21:07:37.347 [Test worker] DEBUG com.tngtech.archunit.core.importer.JavaClassProcessor - Processing class 'java/nio/charset/CharacterCodingException'
21:07:37.347 [Test worker] DEBUG com.tngtech.archunit.core.importer.JavaClassProcessor - Processing class 'java/io/UnsupportedEncodingException'
21:07:37.348 [Test worker] DEBUG com.tngtech.archunit.core.importer.JavaClassProcessor - Processing class 'sun/nio/cs/ArrayEncoder'
21:07:37.349 [Test worker] DEBUG com.tngtech.archunit.core.importer.JavaClassProcessor - Processing class 'java/nio/charset/MalformedInputException'
21:07:37.350 [Test worker] DEBUG com.tngtech.archunit.core.importer.JavaClassProcessor - Processing class 'java/lang/StringBuilder'
21:07:37.351 [Test worker] DEBUG com.tngtech.archunit.core.importer.JavaClassProcessor - Processing class 'java/io/PrintStream'
21:07:37.366 [Test worker] DEBUG com.tngtech.archunit.core.importer.JavaClassProcessor - Processing class 'java/lang/ModuleLayer'
21:07:37.367 [Test worker] DEBUG com.tngtech.archunit.core.importer.JavaClassProcessor - Processing class 'java/util/Properties'
21:07:37.368 [Test worker] DEBUG com.tngtech.archunit.core.importer.JavaClassProcessor - Processing class 'java/io/Console'
21:07:37.368 [Test worker] DEBUG com.tngtech.archunit.core.importer.JavaClassProcessor - Processing class 'java/io/FileOutputStream'
21:07:37.369 [Test worker] DEBUG com.tngtech.archunit.core.importer.JavaClassProcessor - Processing class 'java/lang/System$Logger'
21:07:37.369 [Test worker] DEBUG com.tngtech.archunit.core.importer.JavaClassProcessor - Processing class 'java/util/ResourceBundle'
21:07:37.381 [Test worker] DEBUG com.tngtech.archunit.core.importer.JavaClassProcessor - Processing class 'java/lang/invoke/StringConcatFactory'
21:07:37.412 [Test worker] DEBUG com.tngtech.archunit.core.importer.JavaClassProcessor - Processing class 'java/nio/channels/Channel'
21:07:37.414 [Test worker] DEBUG com.tngtech.archunit.core.importer.JavaClassProcessor - Processing class 'java/util/concurrent/atomic/AtomicInteger'
21:07:37.415 [Test worker] DEBUG com.tngtech.archunit.core.importer.JavaClassProcessor - Processing class 'java/util/function/Supplier'
21:07:37.416 [Test worker] DEBUG com.tngtech.archunit.core.importer.JavaClassProcessor - Processing class 'java/lang/ThreadLocal$ThreadLocalMap'
21:07:37.417 [Test worker] DEBUG com.tngtech.archunit.core.importer.JavaClassProcessor - Processing class 'java/lang/Thread'
21:07:37.420 [Test worker] DEBUG com.tngtech.archunit.core.importer.JavaClassProcessor - Processing class 'jdk/internal/misc/TerminatingThreadLocal'
21:07:37.422 [Test worker] DEBUG com.tngtech.archunit.core.importer.JavaClassProcessor - Processing class 'java/lang/StackTraceElement'
21:07:37.424 [Test worker] DEBUG com.tngtech.archunit.core.importer.JavaClassProcessor - Processing class 'java/lang/Throwable$PrintStreamOrWriter'
21:07:37.425 [Test worker] DEBUG com.tngtech.archunit.core.importer.JavaClassProcessor - Processing class 'java/io/ObjectOutputStream'
21:07:37.429 [Test worker] DEBUG com.tngtech.archunit.core.importer.JavaClassProcessor - Processing class 'java/io/PrintWriter'
21:07:37.436 [Test worker] DEBUG com.tngtech.archunit.core.importer.JavaClassProcessor - Processing class 'java/lang/constant/DirectMethodHandleDesc'
21:07:37.438 [Test worker] DEBUG com.tngtech.archunit.core.importer.JavaClassProcessor - Processing class 'java/lang/reflect/AccessibleObject$Cache'
21:07:37.441 [Test worker] DEBUG com.tngtech.archunit.core.importer.JavaClassProcessor - Processing class 'java/lang/invoke/MethodHandle'
21:07:37.443 [Test worker] DEBUG com.tngtech.archunit.core.importer.JavaClassProcessor - Processing class 'java/lang/ref/WeakReference'
21:07:37.445 [Test worker] DEBUG com.tngtech.archunit.core.importer.JavaClassProcessor - Processing class 'java/lang/reflect/Parameter'
21:07:37.448 [Test worker] DEBUG com.tngtech.archunit.core.importer.JavaClassProcessor - Processing class 'sun/reflect/generics/repository/ConstructorRepository'
21:07:37.449 [Test worker] DEBUG com.tngtech.archunit.core.importer.JavaClassProcessor - Processing class 'jdk/internal/reflect/FieldAccessor'
21:07:37.449 [Test worker] DEBUG com.tngtech.archunit.core.importer.JavaClassProcessor - Processing class 'sun/reflect/generics/repository/FieldRepository'
21:07:37.451 [Test worker] DEBUG com.tngtech.archunit.core.importer.JavaClassProcessor - Processing class 'jdk/internal/reflect/MethodAccessor'
21:07:37.451 [Test worker] DEBUG com.tngtech.archunit.core.importer.JavaClassProcessor - Processing class 'sun/reflect/generics/repository/MethodRepository'
21:07:37.452 [Test worker] DEBUG com.tngtech.archunit.core.importer.JavaClassProcessor - Processing class 'sun/reflect/annotation/ExceptionProxy'
21:07:37.452 [Test worker] DEBUG com.tngtech.archunit.core.importer.JavaClassProcessor - Processing class 'sun/reflect/annotation/TypeNotPresentExceptionProxy'
21:07:37.453 [Test worker] DEBUG com.tngtech.archunit.core.importer.JavaClassProcessor - Processing class 'java/lang/reflect/InvocationTargetException'
21:07:37.453 [Test worker] DEBUG com.tngtech.archunit.core.importer.JavaClassProcessor - Processing class 'java/net/InetAddress'
21:07:37.454 [Test worker] DEBUG com.tngtech.archunit.core.importer.JavaClassProcessor - Processing class 'java/net/UrlDeserializedState'
21:07:37.455 [Test worker] DEBUG com.tngtech.archunit.core.importer.JavaClassProcessor - Processing class 'java/util/Hashtable'
21:07:37.456 [Test worker] DEBUG com.tngtech.archunit.core.importer.JavaClassProcessor - Processing class 'java/net/URI'
21:07:37.498 [Test worker] DEBUG com.tngtech.archunit.core.importer.JavaClassProcessor - Processing class 'java/net/MalformedURLException'
21:07:37.498 [Test worker] DEBUG com.tngtech.archunit.core.importer.JavaClassProcessor - Processing class 'java/net/URLConnection'
21:07:37.499 [Test worker] DEBUG com.tngtech.archunit.core.importer.JavaClassProcessor - Processing class 'java/net/Proxy'
21:07:37.500 [Test worker] DEBUG com.tngtech.archunit.core.importer.JavaClassProcessor - Processing class 'java/io/InvalidObjectException'
21:07:37.501 [Test worker] DEBUG com.tngtech.archunit.core.importer.JavaClassProcessor - Processing class 'java/net/URISyntaxException'
21:07:37.502 [Test worker] DEBUG com.tngtech.archunit.core.importer.JavaClassProcessor - Processing class 'sun/net/www/protocol/jar/Handler'
21:07:37.504 [Test worker] DEBUG com.tngtech.archunit.core.importer.JavaClassProcessor - Processing class 'java/nio/charset/CharsetEncoder'
21:07:37.505 [Test worker] DEBUG com.tngtech.archunit.core.importer.JavaClassProcessor - Processing class 'java/nio/CharBuffer'
21:07:37.507 [Test worker] DEBUG com.tngtech.archunit.core.importer.JavaClassProcessor - Processing class 'java/nio/ByteBuffer'
21:07:37.509 [Test worker] DEBUG com.tngtech.archunit.core.importer.JavaClassProcessor - Processing class 'java/util/SortedMap'
21:07:37.510 [Test worker] DEBUG com.tngtech.archunit.core.importer.JavaClassProcessor - Processing class 'java/time/temporal/ChronoUnit'
21:07:37.511 [Test worker] DEBUG com.tngtech.archunit.core.importer.JavaClassProcessor - Processing class 'java/math/BigDecimal'
21:07:37.516 [Test worker] DEBUG com.tngtech.archunit.core.importer.JavaClassProcessor - Processing class 'java/io/DataInput'
21:07:37.518 [Test worker] DEBUG com.tngtech.archunit.core.importer.JavaClassProcessor - Processing class 'java/io/DataOutput'
21:07:37.519 [Test worker] DEBUG com.tngtech.archunit.core.importer.JavaClassProcessor - Processing class 'java/time/Period'
21:07:37.520 [Test worker] DEBUG com.tngtech.archunit.core.importer.JavaClassProcessor - Processing class 'java/time/temporal/TemporalField'
21:07:37.521 [Test worker] DEBUG com.tngtech.archunit.core.importer.JavaClassProcessor - Processing class 'java/time/Month'
21:07:37.523 [Test worker] DEBUG com.tngtech.archunit.core.importer.JavaClassProcessor - Processing class 'java/time/chrono/ChronoPeriod'
21:07:37.523 [Test worker] DEBUG com.tngtech.archunit.core.importer.JavaClassProcessor - Processing class 'java/time/temporal/TemporalQuery'
21:07:37.524 [Test worker] DEBUG com.tngtech.archunit.core.importer.JavaClassProcessor - Processing class 'java/time/temporal/ChronoField'
21:07:37.525 [Test worker] DEBUG com.tngtech.archunit.core.importer.JavaClassProcessor - Processing class 'java/time/OffsetDateTime'
21:07:37.529 [Test worker] DEBUG com.tngtech.archunit.core.importer.JavaClassProcessor - Processing class 'java/time/OffsetTime'
21:07:37.530 [Test worker] DEBUG com.tngtech.archunit.core.importer.JavaClassProcessor - Processing class 'java/time/chrono/IsoEra'
21:07:37.530 [Test worker] DEBUG com.tngtech.archunit.core.importer.JavaClassProcessor - Processing class 'java/time/format/DateTimeFormatter'
21:07:37.543 [Test worker] DEBUG com.tngtech.archunit.core.importer.JavaClassProcessor - Processing class 'java/time/LocalTime'
21:07:37.548 [Test worker] DEBUG com.tngtech.archunit.core.importer.JavaClassProcessor - Processing class 'java/time/chrono/Chronology'
21:07:37.549 [Test worker] DEBUG com.tngtech.archunit.core.importer.JavaClassProcessor - Processing class 'java/time/chrono/IsoChronology'
21:07:37.551 [Test worker] DEBUG com.tngtech.archunit.core.importer.JavaClassProcessor - Processing class 'java/time/DayOfWeek'
21:07:37.553 [Test worker] DEBUG com.tngtech.archunit.core.importer.JavaClassProcessor - Processing class 'java/time/ZoneOffset'
21:07:37.596 [Test worker] DEBUG com.tngtech.archunit.core.importer.JavaClassProcessor - Processing class 'java/time/Clock'
21:07:37.597 [Test worker] DEBUG com.tngtech.archunit.core.importer.JavaClassProcessor - Processing class 'java/time/temporal/ValueRange'
21:07:37.598 [Test worker] DEBUG com.tngtech.archunit.core.importer.JavaClassProcessor - Processing class 'java/time/chrono/Era'
21:07:37.601 [Test worker] DEBUG com.tngtech.archunit.core.importer.JavaClassProcessor - Processing class 'java/time/format/TextStyle'
21:07:37.602 [Test worker] DEBUG com.tngtech.archunit.core.importer.JavaClassProcessor - Processing class 'java/time/zone/ZoneRules'
21:07:37.603 [Test worker] DEBUG com.tngtech.archunit.core.importer.JavaClassProcessor - Processing class 'java/time/ZoneRegion'
21:07:37.604 [Test worker] DEBUG com.tngtech.archunit.core.importer.JavaClassProcessor - Processing class 'java/io/ObjectInput'
21:07:37.605 [Test worker] DEBUG com.tngtech.archunit.core.importer.JavaClassProcessor - Processing class 'java/lang/invoke/SerializedLambda'
21:07:37.608 [Test worker] DEBUG com.tngtech.archunit.core.importer.JavaClassProcessor - Processing class 'java/util/ListIterator'
21:07:37.610 [Test worker] DEBUG com.tngtech.archunit.core.importer.JavaClassProcessor - Processing class 'java/util/function/UnaryOperator'
21:07:37.611 [Test worker] DEBUG com.tngtech.archunit.core.importer.JavaClassProcessor - Processing class 'java/util/function/Predicate'
21:07:37.615 [Test worker] DEBUG com.tngtech.archunit.core.importer.JavaClassProcessor - Processing class 'java/util/function/LongBinaryOperator'
21:07:37.617 [Test worker] DEBUG com.tngtech.archunit.core.importer.JavaClassProcessor - Processing class 'java/util/function/BinaryOperator'
21:07:37.618 [Test worker] DEBUG com.tngtech.archunit.core.importer.JavaClassProcessor - Processing class 'java/util/function/IntBinaryOperator'
21:07:37.618 [Test worker] DEBUG com.tngtech.archunit.core.importer.JavaClassProcessor - Processing class 'java/util/function/DoubleBinaryOperator'
21:07:37.619 [Test worker] DEBUG com.tngtech.archunit.core.importer.JavaClassProcessor - Processing class 'java/util/Spliterator$OfInt'
21:07:37.620 [Test worker] DEBUG com.tngtech.archunit.core.importer.JavaClassProcessor - Processing class 'java/util/function/IntUnaryOperator'
21:07:37.621 [Test worker] DEBUG com.tngtech.archunit.core.importer.JavaClassProcessor - Processing class 'java/util/function/IntToLongFunction'
21:07:37.622 [Test worker] DEBUG com.tngtech.archunit.core.importer.JavaClassProcessor - Processing class 'java/util/Spliterator$OfDouble'
21:07:37.623 [Test worker] DEBUG com.tngtech.archunit.core.importer.JavaClassProcessor - Processing class 'java/util/Spliterator$OfLong'
21:07:37.624 [Test worker] DEBUG com.tngtech.archunit.core.importer.JavaClassProcessor - Processing class 'java/util/function/IntToDoubleFunction'
21:07:37.625 [Test worker] DEBUG com.tngtech.archunit.core.importer.JavaClassProcessor - Processing class 'java/util/function/IntFunction'
21:07:37.628 [Test worker] DEBUG com.tngtech.archunit.core.importer.JavaClassProcessor - Processing class 'java/util/function/ToIntFunction'
21:07:37.628 [Test worker] DEBUG com.tngtech.archunit.core.importer.JavaClassProcessor - Processing class 'java/util/function/ToLongFunction'
21:07:37.629 [Test worker] DEBUG com.tngtech.archunit.core.importer.JavaClassProcessor - Processing class 'java/util/function/ToDoubleFunction'
21:07:37.630 [Test worker] DEBUG com.tngtech.archunit.core.importer.JavaClassProcessor - Processing class 'sun/util/calendar/BaseCalendar'
21:07:37.633 [Test worker] DEBUG com.tngtech.archunit.core.importer.JavaClassProcessor - Processing class 'sun/util/calendar/BaseCalendar$Date'
21:07:37.634 [Test worker] DEBUG com.tngtech.archunit.core.importer.JavaClassProcessor - Processing class 'sun/util/calendar/ZoneInfo'
21:07:37.637 [Test worker] DEBUG com.tngtech.archunit.core.importer.JavaClassProcessor - Processing class 'sun/util/locale/provider/LocaleResources'
21:07:37.638 [Test worker] DEBUG com.tngtech.archunit.core.importer.JavaClassProcessor - Processing class 'java/util/Locale$IsoCountryCode'
21:07:37.686 [Test worker] DEBUG com.tngtech.archunit.core.importer.JavaClassProcessor - Processing class 'java/util/MissingResourceException'
21:07:37.687 [Test worker] DEBUG com.tngtech.archunit.core.importer.JavaClassProcessor - Processing class 'java/util/spi/LocaleNameProvider'
21:07:37.687 [Test worker] DEBUG com.tngtech.archunit.core.importer.JavaClassProcessor - Processing class 'java/util/Locale$FilteringMode'
21:07:37.688 [Test worker] DEBUG com.tngtech.archunit.core.importer.JavaClassProcessor - Processing class 'java/util/Locale$Category'
21:07:37.691 [Test worker] DEBUG com.tngtech.archunit.core.importer.JavaClassProcessor - Processing class 'java/util/function/BiFunction'
21:07:37.693 [Test worker] DEBUG com.tngtech.archunit.core.importer.JavaClassProcessor - Processing class 'java/util/function/BiConsumer'
21:07:37.694 [Test worker] DEBUG com.tngtech.archunit.core.importer.JavaClassProcessor - Processing class 'java/util/ImmutableCollections$AbstractImmutableMap'
21:07:37.695 [Test worker] DEBUG com.tngtech.archunit.core.importer.JavaClassProcessor - Processing class 'java/util/KeyValueHolder'
21:07:37.696 [Test worker] DEBUG com.tngtech.archunit.core.importer.JavaClassProcessor - Processing class 'java/util/ImmutableCollections$AbstractImmutableSet'
21:07:37.697 [Test worker] DEBUG com.tngtech.archunit.core.importer.JavaClassProcessor - Processing class 'jdk/internal/access/JavaLangAccess'
21:07:37.699 [Test worker] DEBUG com.tngtech.archunit.core.importer.JavaClassProcessor - Processing class 'java/util/concurrent/ConcurrentHashMap$CounterCell'
21:07:37.699 [Test worker] DEBUG com.tngtech.archunit.core.importer.JavaClassProcessor - Processing class 'java/util/concurrent/ConcurrentHashMap$Node'
21:07:37.700 [Test worker] DEBUG com.tngtech.archunit.core.importer.JavaClassProcessor - Processing class 'java/util/concurrent/ConcurrentHashMap$ValuesView'
21:07:37.701 [Test worker] DEBUG com.tngtech.archunit.core.importer.JavaClassProcessor - Processing class 'java/util/concurrent/ConcurrentHashMap$KeySetView'
21:07:37.702 [Test worker] DEBUG com.tngtech.archunit.core.importer.JavaClassProcessor - Processing class 'jdk/internal/misc/Unsafe'
21:07:37.706 [Test worker] DEBUG com.tngtech.archunit.core.importer.JavaClassProcessor - Processing class 'java/util/concurrent/ConcurrentHashMap$EntrySetView'
21:07:37.708 [Test worker] DEBUG com.tngtech.archunit.core.importer.JavaClassProcessor - Processing class 'java/util/concurrent/ConcurrentHashMap$TreeBin'
21:07:37.709 [Test worker] DEBUG com.tngtech.archunit.core.importer.JavaClassProcessor - Processing class 'java/util/concurrent/ConcurrentHashMap$ReservationNode'
21:07:37.710 [Test worker] DEBUG com.tngtech.archunit.core.importer.JavaClassProcessor - Processing class 'java/lang/reflect/ParameterizedType'
21:07:37.711 [Test worker] DEBUG com.tngtech.archunit.core.importer.JavaClassProcessor - Processing class 'java/util/Enumeration'
21:07:37.711 [Test worker] DEBUG com.tngtech.archunit.core.importer.JavaClassProcessor - Processing class 'java/util/function/ToIntBiFunction'
21:07:37.713 [Test worker] DEBUG com.tngtech.archunit.core.importer.JavaClassProcessor - Processing class 'java/util/function/ToLongBiFunction'
21:07:37.713 [Test worker] DEBUG com.tngtech.archunit.core.importer.JavaClassProcessor - Processing class 'java/util/function/ToDoubleBiFunction'
21:07:37.714 [Test worker] DEBUG com.tngtech.archunit.core.importer.JavaClassProcessor - Processing class 'java/util/concurrent/ConcurrentHashMap$ForwardingNode'
21:07:37.716 [Test worker] DEBUG com.tngtech.archunit.core.importer.JavaClassProcessor - Processing class 'java/util/concurrent/ConcurrentHashMap$Segment'
21:07:37.718 [Test worker] DEBUG com.tngtech.archunit.core.importer.JavaClassProcessor - Processing class 'java/util/concurrent/locks/LockSupport'
21:07:37.725 [Test worker] DEBUG com.tngtech.archunit.core.importer.JavaClassProcessor - Processing class 'java/util/OptionalDouble'
21:07:37.726 [Test worker] DEBUG com.tngtech.archunit.core.importer.JavaClassProcessor - Processing class 'java/util/function/DoublePredicate'
21:07:37.727 [Test worker] DEBUG com.tngtech.archunit.core.importer.JavaClassProcessor - Processing class 'java/util/function/DoubleSupplier'
21:07:37.728 [Test worker] DEBUG com.tngtech.archunit.core.importer.JavaClassProcessor - Processing class 'java/util/function/DoubleFunction'
21:07:37.728 [Test worker] DEBUG com.tngtech.archunit.core.importer.JavaClassProcessor - Processing class 'java/util/function/DoubleToIntFunction'
21:07:37.751 [Test worker] DEBUG com.tngtech.archunit.core.importer.JavaClassProcessor - Processing class 'java/util/PrimitiveIterator$OfDouble'
21:07:37.755 [Test worker] DEBUG com.tngtech.archunit.core.importer.JavaClassProcessor - Processing class 'java/util/function/DoubleUnaryOperator'
21:07:37.756 [Test worker] DEBUG com.tngtech.archunit.core.importer.JavaClassProcessor - Processing class 'java/util/function/ObjDoubleConsumer'
21:07:37.756 [Test worker] DEBUG com.tngtech.archunit.core.importer.JavaClassProcessor - Processing class 'java/util/stream/DoubleStream$Builder'
21:07:37.757 [Test worker] DEBUG com.tngtech.archunit.core.importer.JavaClassProcessor - Processing class 'java/util/stream/DoubleStream$DoubleMapMultiConsumer'
21:07:37.758 [Test worker] DEBUG com.tngtech.archunit.core.importer.JavaClassProcessor - Processing class 'java/util/function/DoubleToLongFunction'
21:07:37.762 [Test worker] DEBUG com.tngtech.archunit.core.importer.JavaClassProcessor - Processing class 'java/util/PrimitiveIterator$OfInt'
21:07:37.763 [Test worker] DEBUG com.tngtech.archunit.core.importer.JavaClassProcessor - Processing class 'java/util/OptionalInt'
21:07:37.764 [Test worker] DEBUG com.tngtech.archunit.core.importer.JavaClassProcessor - Processing class 'java/util/function/IntPredicate'
21:07:37.765 [Test worker] DEBUG com.tngtech.archunit.core.importer.JavaClassProcessor - Processing class 'java/util/stream/IntStream$Builder'
21:07:37.766 [Test worker] DEBUG com.tngtech.archunit.core.importer.JavaClassProcessor - Processing class 'java/util/function/ObjIntConsumer'
21:07:37.767 [Test worker] DEBUG com.tngtech.archunit.core.importer.JavaClassProcessor - Processing class 'java/util/function/IntSupplier'
21:07:37.767 [Test worker] DEBUG com.tngtech.archunit.core.importer.JavaClassProcessor - Processing class 'java/util/stream/IntStream$IntMapMultiConsumer'
21:07:37.768 [Test worker] DEBUG com.tngtech.archunit.core.importer.JavaClassProcessor - Processing class 'java/util/function/ObjLongConsumer'
21:07:37.769 [Test worker] DEBUG com.tngtech.archunit.core.importer.JavaClassProcessor - Processing class 'java/util/function/LongPredicate'
21:07:37.769 [Test worker] DEBUG com.tngtech.archunit.core.importer.JavaClassProcessor - Processing class 'java/util/function/LongUnaryOperator'
21:07:37.770 [Test worker] DEBUG com.tngtech.archunit.core.importer.JavaClassProcessor - Processing class 'java/util/function/LongFunction'
21:07:37.770 [Test worker] DEBUG com.tngtech.archunit.core.importer.JavaClassProcessor - Processing class 'java/util/stream/LongStream$Builder'
21:07:37.771 [Test worker] DEBUG com.tngtech.archunit.core.importer.JavaClassProcessor - Processing class 'java/util/OptionalLong'
21:07:37.772 [Test worker] DEBUG com.tngtech.archunit.core.importer.JavaClassProcessor - Processing class 'java/util/function/LongToIntFunction'
21:07:37.772 [Test worker] DEBUG com.tngtech.archunit.core.importer.JavaClassProcessor - Processing class 'java/util/function/LongSupplier'
21:07:37.773 [Test worker] DEBUG com.tngtech.archunit.core.importer.JavaClassProcessor - Processing class 'java/util/stream/LongStream$LongMapMultiConsumer'
21:07:37.773 [Test worker] DEBUG com.tngtech.archunit.core.importer.JavaClassProcessor - Processing class 'java/util/function/LongToDoubleFunction'
21:07:37.774 [Test worker] DEBUG com.tngtech.archunit.core.importer.JavaClassProcessor - Processing class 'java/util/PrimitiveIterator$OfLong'
21:07:37.775 [Test worker] DEBUG com.tngtech.archunit.core.importer.JavaClassProcessor - Processing class 'java/util/stream/Stream$Builder'
21:07:37.782 [Test worker] DEBUG com.tngtech.archunit.core.importer.JavaClassProcessor - Processing class 'javax/persistence/UniqueConstraint'
21:07:37.783 [Test worker] DEBUG com.tngtech.archunit.core.importer.JavaClassProcessor - Processing class 'javax/persistence/Index'
21:07:37.784 [Test worker] DEBUG com.tngtech.archunit.core.importer.JavaClassProcessor - Processing class 'javax/security/auth/DestroyFailedException'
21:07:37.786 [Test worker] DEBUG com.tngtech.archunit.core.importer.JavaClassProcessor - Processing class 'javax/servlet/FilterConfig'
21:07:37.786 [Test worker] DEBUG com.tngtech.archunit.core.importer.JavaClassProcessor - Processing class 'java/util/EnumSet'
21:07:37.788 [Test worker] DEBUG com.tngtech.archunit.core.importer.JavaClassProcessor - Processing class 'javax/servlet/ServletConfig'
21:07:37.789 [Test worker] DEBUG com.tngtech.archunit.core.importer.JavaClassProcessor - Processing class 'javax/servlet/MultipartConfigElement'
21:07:37.791 [Test worker] DEBUG com.tngtech.archunit.core.importer.JavaClassProcessor - Processing class 'javax/servlet/ServletSecurityElement'
21:07:37.792 [Test worker] DEBUG com.tngtech.archunit.core.importer.JavaClassProcessor - Processing class 'javax/servlet/AsyncContext'
21:07:37.794 [Test worker] DEBUG com.tngtech.archunit.core.importer.JavaClassProcessor - Processing class 'javax/servlet/RequestDispatcher'
21:07:37.795 [Test worker] DEBUG com.tngtech.archunit.core.importer.JavaClassProcessor - Processing class 'java/io/BufferedReader'
21:07:37.796 [Test worker] DEBUG com.tngtech.archunit.core.importer.JavaClassProcessor - Processing class 'javax/servlet/ServletContext'
21:07:37.825 [Test worker] DEBUG com.tngtech.archunit.core.importer.JavaClassProcessor - Processing class 'javax/servlet/ServletInputStream'
21:07:37.831 [Test worker] DEBUG com.tngtech.archunit.core.importer.JavaClassProcessor - Processing class 'javax/servlet/ServletOutputStream'
21:07:37.834 [Test worker] DEBUG com.tngtech.archunit.core.importer.JavaClassProcessor - Processing class 'javax/servlet/http/Cookie'
21:07:37.836 [Test worker] DEBUG com.tngtech.archunit.core.importer.JavaClassProcessor - Processing class 'javax/servlet/http/PushBuilder'
21:07:37.837 [Test worker] DEBUG com.tngtech.archunit.core.importer.JavaClassProcessor - Processing class 'javax/servlet/http/HttpSession'
21:07:37.838 [Test worker] DEBUG com.tngtech.archunit.core.importer.JavaClassProcessor - Processing class 'java/security/Principal'
21:07:37.840 [Test worker] DEBUG com.tngtech.archunit.core.importer.JavaClassProcessor - Processing class 'javax/servlet/http/HttpServletMapping'
21:07:37.842 [Test worker] DEBUG com.tngtech.archunit.core.importer.JavaClassProcessor - Processing class 'javax/servlet/http/WebConnection'
21:07:37.845 [Test worker] DEBUG com.tngtech.archunit.core.importer.JavaClassProcessor - Processing class 'java/security/MessageDigest'
21:07:37.846 [Test worker] DEBUG com.tngtech.archunit.core.importer.JavaClassProcessor - Processing class 'java/nio/file/Path'
21:07:37.848 [Test worker] DEBUG com.tngtech.archunit.core.importer.JavaClassProcessor - Processing class 'java/nio/file/OpenOption'
21:07:37.849 [Test worker] DEBUG com.tngtech.archunit.core.importer.JavaClassProcessor - Processing class 'java/nio/channels/FileChannel'
21:07:37.851 [Test worker] DEBUG com.tngtech.archunit.core.importer.JavaClassProcessor - Processing class 'java/io/File'
21:07:37.853 [Test worker] DEBUG com.tngtech.archunit.core.importer.JavaClassProcessor - Processing class 'java/io/RandomAccessFile'
21:07:37.861 [Test worker] DEBUG com.tngtech.archunit.core.importer.JavaClassProcessor - Processing class 'org/aspectj/lang/JoinPoint$StaticPart'
21:07:37.862 [Test worker] DEBUG com.tngtech.archunit.core.importer.JavaClassProcessor - Processing class 'org/aspectj/lang/reflect/SourceLocation'
21:07:37.864 [Test worker] DEBUG com.tngtech.archunit.core.importer.JavaClassProcessor - Processing class 'org/aspectj/runtime/internal/AroundClosure'
21:07:37.866 [Test worker] DEBUG com.tngtech.archunit.core.importer.JavaClassProcessor - Processing class 'org/slf4j/Marker'
21:07:37.867 [Test worker] DEBUG com.tngtech.archunit.core.importer.JavaClassProcessor - Processing class 'org/slf4j/helpers/SubstituteLoggerFactory'
21:07:37.868 [Test worker] DEBUG com.tngtech.archunit.core.importer.JavaClassProcessor - Processing class 'org/slf4j/helpers/NOPLoggerFactory'
21:07:37.869 [Test worker] DEBUG com.tngtech.archunit.core.importer.JavaClassProcessor - Processing class 'org/slf4j/event/SubstituteLoggingEvent'
21:07:37.870 [Test worker] DEBUG com.tngtech.archunit.core.importer.JavaClassProcessor - Processing class 'org/slf4j/ILoggerFactory'
21:07:37.871 [Test worker] DEBUG com.tngtech.archunit.core.importer.JavaClassProcessor - Processing class 'org/aopalliance/aop/Advice'
21:07:37.872 [Test worker] DEBUG com.tngtech.archunit.core.importer.JavaClassProcessor - Processing class 'org/springframework/aop/ClassFilter'
21:07:37.872 [Test worker] DEBUG com.tngtech.archunit.core.importer.JavaClassProcessor - Processing class 'org/springframework/aop/Pointcut'
21:07:37.874 [Test worker] DEBUG com.tngtech.archunit.core.importer.JavaClassProcessor - Processing class 'org/springframework/beans/factory/ObjectProvider'
21:07:37.905 [Test worker] DEBUG com.tngtech.archunit.core.importer.JavaClassProcessor - Processing class 'org/springframework/beans/BeansException'
21:07:37.907 [Test worker] DEBUG com.tngtech.archunit.core.importer.JavaClassProcessor - Processing class 'org/springframework/core/ResolvableType'
21:07:37.910 [Test worker] DEBUG com.tngtech.archunit.core.importer.JavaClassProcessor - Processing class 'org/springframework/beans/factory/NoSuchBeanDefinitionException'
21:07:37.915 [Test worker] DEBUG com.tngtech.archunit.core.importer.JavaClassProcessor - Processing class 'org/springframework/beans/factory/config/BeanDefinition'
21:07:37.918 [Test worker] DEBUG com.tngtech.archunit.core.importer.JavaClassProcessor - Processing class 'org/springframework/beans/factory/support/BeanDefinitionRegistry'
21:07:37.920 [Test worker] DEBUG com.tngtech.archunit.core.importer.JavaClassProcessor - Processing class 'org/springframework/boot/BootstrapRegistry'
21:07:37.922 [Test worker] DEBUG com.tngtech.archunit.core.importer.JavaClassProcessor - Processing class 'org/springframework/boot/ApplicationContextFactory'
21:07:37.924 [Test worker] DEBUG com.tngtech.archunit.core.importer.JavaClassProcessor - Processing class 'org/apache/commons/logging/Log'
21:07:37.925 [Test worker] DEBUG com.tngtech.archunit.core.importer.JavaClassProcessor - Processing class 'org/springframework/boot/Banner'
21:07:37.927 [Test worker] DEBUG com.tngtech.archunit.core.importer.JavaClassProcessor - Processing class 'org/springframework/boot/SpringApplicationShutdownHook'
21:07:37.929 [Test worker] DEBUG com.tngtech.archunit.core.importer.JavaClassProcessor - Processing class 'org/springframework/boot/Banner$Mode'
21:07:37.930 [Test worker] DEBUG com.tngtech.archunit.core.importer.JavaClassProcessor - Processing class 'org/springframework/boot/WebApplicationType'
21:07:37.932 [Test worker] DEBUG com.tngtech.archunit.core.importer.JavaClassProcessor - Processing class 'org/springframework/core/metrics/ApplicationStartup'
21:07:37.933 [Test worker] DEBUG com.tngtech.archunit.core.importer.JavaClassProcessor - Processing class 'org/springframework/context/support/AbstractApplicationContext'
21:07:37.935 [Test worker] DEBUG com.tngtech.archunit.core.importer.JavaClassProcessor - Processing class 'org/springframework/boot/CommandLineRunner'
21:07:37.938 [Test worker] DEBUG com.tngtech.archunit.core.importer.JavaClassProcessor - Processing class 'org/springframework/boot/ApplicationArguments'
21:07:37.939 [Test worker] DEBUG com.tngtech.archunit.core.importer.JavaClassProcessor - Processing class 'org/springframework/boot/SpringBootExceptionHandler'
21:07:37.941 [Test worker] DEBUG com.tngtech.archunit.core.importer.JavaClassProcessor - Processing class 'org/springframework/context/support/GenericApplicationContext'
21:07:37.942 [Test worker] DEBUG com.tngtech.archunit.core.importer.JavaClassProcessor - Processing class 'org/springframework/core/io/DefaultResourceLoader'
21:07:37.944 [Test worker] DEBUG com.tngtech.archunit.core.importer.JavaClassProcessor - Processing class 'org/springframework/boot/SpringApplicationRunListeners'
21:07:37.946 [Test worker] DEBUG com.tngtech.archunit.core.importer.JavaClassProcessor - Processing class 'org/springframework/boot/BeanDefinitionLoader'
21:07:37.969 [Test worker] DEBUG com.tngtech.archunit.core.importer.JavaClassProcessor - Processing class 'org/springframework/boot/SpringApplicationShutdownHandlers'
21:07:37.971 [Test worker] DEBUG com.tngtech.archunit.core.importer.JavaClassProcessor - Processing class 'org/springframework/boot/ApplicationRunner'
21:07:37.973 [Test worker] DEBUG com.tngtech.archunit.core.importer.JavaClassProcessor - Processing class 'org/springframework/boot/ExitCodeExceptionMapper'
21:07:37.975 [Test worker] DEBUG com.tngtech.archunit.core.importer.JavaClassProcessor - Processing class 'org/springframework/boot/SpringApplicationRunListener'
21:07:37.978 [Test worker] DEBUG com.tngtech.archunit.core.importer.JavaClassProcessor - Processing class 'org/springframework/boot/ExitCodeGenerator'
21:07:37.979 [Test worker] DEBUG com.tngtech.archunit.core.importer.JavaClassProcessor - Processing class 'org/springframework/boot/ApplicationEnvironment'
21:07:37.981 [Test worker] DEBUG com.tngtech.archunit.core.importer.JavaClassProcessor - Processing class 'org/springframework/boot/ApplicationServletEnvironment'
21:07:37.985 [Test worker] DEBUG com.tngtech.archunit.core.importer.JavaClassProcessor - Processing class 'org/springframework/boot/ApplicationReactiveWebEnvironment'
21:07:37.987 [Test worker] DEBUG com.tngtech.archunit.core.importer.JavaClassProcessor - Processing class 'org/springframework/boot/DefaultBootstrapContext'
21:07:37.990 [Test worker] DEBUG com.tngtech.archunit.core.importer.JavaClassProcessor - Processing class 'org/springframework/beans/factory/support/AbstractAutowireCapableBeanFactory'
21:07:37.992 [Test worker] DEBUG com.tngtech.archunit.core.importer.JavaClassProcessor - Processing class 'org/springframework/beans/factory/support/DefaultListableBeanFactory'
21:07:37.996 [Test worker] DEBUG com.tngtech.archunit.core.importer.JavaClassProcessor - Processing class 'org/springframework/core/type/classreading/MetadataReader'
21:07:37.997 [Test worker] DEBUG com.tngtech.archunit.core.importer.JavaClassProcessor - Processing class 'org/springframework/core/type/classreading/MetadataReaderFactory'
21:07:38.000 [Test worker] DEBUG com.tngtech.archunit.core.importer.JavaClassProcessor - Processing class 'org/springframework/boot/autoconfigure/AutoConfigurationMetadata'
21:07:38.002 [Test worker] DEBUG com.tngtech.archunit.core.importer.JavaClassProcessor - Processing class 'org/springframework/boot/autoconfigure/AutoConfigurationImportEvent'
21:07:38.004 [Test worker] DEBUG com.tngtech.archunit.core.importer.JavaClassProcessor - Processing class 'org/springframework/beans/factory/config/ConfigurableListableBeanFactory'
21:07:38.006 [Test worker] DEBUG com.tngtech.archunit.core.importer.JavaClassProcessor - Processing class 'org/springframework/boot/autoconfigure/AutoConfigurationImportSelector$ConfigurationClassFilter'
21:07:38.027 [Test worker] DEBUG com.tngtech.archunit.core.importer.JavaClassProcessor - Processing class 'org/springframework/boot/autoconfigure/AutoConfigurationImportSelector$AutoConfigurationEntry'
21:07:38.031 [Test worker] DEBUG com.tngtech.archunit.core.importer.JavaClassProcessor - Processing class 'org/springframework/core/type/AnnotationMetadata'
21:07:38.032 [Test worker] DEBUG com.tngtech.archunit.core.importer.JavaClassProcessor - Processing class 'org/springframework/core/annotation/AnnotationAttributes'
21:07:38.036 [Test worker] DEBUG com.tngtech.archunit.core.importer.JavaClassProcessor - Processing class 'org/springframework/boot/autoconfigure/AutoConfigurationImportSelector$AutoConfigurationGroup'
21:07:38.039 [Test worker] DEBUG com.tngtech.archunit.core.importer.JavaClassProcessor - Processing class 'org/springframework/boot/autoconfigure/AutoConfigurationPackages$BasePackages'
21:07:38.042 [Test worker] DEBUG com.tngtech.archunit.core.importer.JavaClassProcessor - Processing class 'org/springframework/boot/web/client/RestTemplateBuilder$RequestFactoryCustomizer'
21:07:38.043 [Test worker] DEBUG com.tngtech.archunit.core.importer.JavaClassProcessor - Processing class 'org/springframework/web/util/UriTemplateHandler'
21:07:38.044 [Test worker] DEBUG com.tngtech.archunit.core.importer.JavaClassProcessor - Processing class 'org/springframework/boot/web/client/BasicAuthentication'
21:07:38.045 [Test worker] DEBUG com.tngtech.archunit.core.importer.JavaClassProcessor - Processing class 'org/springframework/web/client/ResponseErrorHandler'
21:07:38.050 [Test worker] DEBUG com.tngtech.archunit.core.importer.JavaClassProcessor - Processing class 'org/springframework/beans/factory/config/AutowireCapableBeanFactory'
21:07:38.052 [Test worker] DEBUG com.tngtech.archunit.core.importer.JavaClassProcessor - Processing class 'org/springframework/core/io/ProtocolResolver'
21:07:38.053 [Test worker] DEBUG com.tngtech.archunit.core.importer.JavaClassProcessor - Processing class 'org/springframework/beans/factory/config/BeanFactoryPostProcessor'
21:07:38.054 [Test worker] DEBUG com.tngtech.archunit.core.importer.JavaClassProcessor - Processing class 'org/springframework/context/NoSuchMessageException'
21:07:38.054 [Test worker] DEBUG com.tngtech.archunit.core.importer.JavaClassProcessor - Processing class 'org/springframework/context/MessageSourceResolvable'
21:07:38.055 [Test worker] DEBUG com.tngtech.archunit.core.importer.JavaClassProcessor - Processing class 'org/springframework/context/annotation/ScopeMetadata'
21:07:38.056 [Test worker] DEBUG com.tngtech.archunit.core.importer.JavaClassProcessor - Processing class 'org/springframework/beans/factory/annotation/AnnotatedBeanDefinition'
21:07:38.057 [Test worker] DEBUG com.tngtech.archunit.core.importer.JavaClassProcessor - Processing class 'org/springframework/context/annotation/Scope'
21:07:38.063 [Test worker] DEBUG com.tngtech.archunit.core.importer.JavaClassProcessor - Processing class 'org/springframework/core/env/MutablePropertySources'
21:07:38.064 [Test worker] DEBUG com.tngtech.archunit.core.importer.JavaClassProcessor - Processing class 'org/springframework/core/env/Profiles'
21:07:38.065 [Test worker] DEBUG com.tngtech.archunit.core.importer.JavaClassProcessor - Processing class 'org/springframework/core/convert/support/ConfigurableConversionService'
21:07:38.065 [Test worker] DEBUG com.tngtech.archunit.core.importer.JavaClassProcessor - Processing class 'org/springframework/core/env/MissingRequiredPropertiesException'
21:07:38.067 [Test worker] DEBUG com.tngtech.archunit.core.importer.JavaClassProcessor - Processing class 'org/springframework/core/io/Resource'
21:07:38.079 [Test worker] DEBUG com.tngtech.archunit.core.importer.JavaClassProcessor - Processing class 'org/springframework/data/domain/Example'
21:07:38.081 [Test worker] DEBUG com.tngtech.archunit.core.importer.JavaClassProcessor - Processing class 'org/springframework/data/domain/Sort'
21:07:38.084 [Test worker] DEBUG com.tngtech.archunit.core.importer.JavaClassProcessor - Processing class 'org/springframework/data/domain/Page'
21:07:38.086 [Test worker] DEBUG com.tngtech.archunit.core.importer.JavaClassProcessor - Processing class 'org/springframework/data/domain/Pageable'
21:07:38.089 [Test worker] DEBUG com.tngtech.archunit.core.importer.JavaClassProcessor - Processing class 'java/text/DecimalFormatSymbols'
21:07:38.090 [Test worker] DEBUG com.tngtech.archunit.core.importer.JavaClassProcessor - Processing class 'java/util/regex/Pattern'
21:07:38.095 [Test worker] DEBUG com.tngtech.archunit.core.importer.JavaClassProcessor - Processing class 'org/springframework/http/ContentDisposition'
21:07:38.098 [Test worker] DEBUG com.tngtech.archunit.core.importer.JavaClassProcessor - Processing class 'org/springframework/http/ReadOnlyHttpHeaders'
21:07:38.100 [Test worker] DEBUG com.tngtech.archunit.core.importer.JavaClassProcessor - Processing class 'java/net/InetSocketAddress'
21:07:38.103 [Test worker] DEBUG com.tngtech.archunit.core.importer.JavaClassProcessor - Processing class 'org/springframework/http/CacheControl'
21:07:38.107 [Test worker] DEBUG com.tngtech.archunit.core.importer.JavaClassProcessor - Processing class 'java/io/OutputStream'
21:07:38.109 [Test worker] DEBUG com.tngtech.archunit.core.importer.JavaClassProcessor - Processing class 'org/springframework/core/io/InputStreamResource'
21:07:38.111 [Test worker] DEBUG com.tngtech.archunit.core.importer.JavaClassProcessor - Processing class 'org/springframework/http/HttpStatus$Series'
21:07:38.115 [Test worker] DEBUG com.tngtech.archunit.core.importer.JavaClassProcessor - Processing class 'org/springframework/http/ResponseEntity$HeadersBuilder'
21:07:38.119 [Test worker] DEBUG com.tngtech.archunit.core.importer.JavaClassProcessor - Processing class 'org/springframework/http/ResponseEntity$BodyBuilder'
21:07:38.139 [Test worker] DEBUG com.tngtech.archunit.core.importer.JavaClassProcessor - Processing class 'org/springframework/http/ResponseEntity$1'
21:07:38.141 [Test worker] DEBUG com.tngtech.archunit.core.importer.JavaClassProcessor - Processing class 'org/springframework/http/client/ClientHttpResponse'
21:07:38.142 [Test worker] DEBUG com.tngtech.archunit.core.importer.JavaClassProcessor - Processing class 'org/springframework/http/client/ClientHttpRequestExecution'
21:07:38.143 [Test worker] DEBUG com.tngtech.archunit.core.importer.JavaClassProcessor - Processing class 'org/springframework/http/HttpInputMessage'
21:07:38.144 [Test worker] DEBUG com.tngtech.archunit.core.importer.JavaClassProcessor - Processing class 'org/springframework/http/converter/HttpMessageNotReadableException'
21:07:38.146 [Test worker] DEBUG com.tngtech.archunit.core.importer.JavaClassProcessor - Processing class 'org/springframework/http/converter/HttpMessageNotWritableException'
21:07:38.147 [Test worker] DEBUG com.tngtech.archunit.core.importer.JavaClassProcessor - Processing class 'org/springframework/retry/RetryContext'
21:07:38.148 [Test worker] DEBUG com.tngtech.archunit.core.importer.JavaClassProcessor - Processing class 'org/springframework/retry/RetryCallback'
21:07:38.150 [Test worker] DEBUG com.tngtech.archunit.core.importer.JavaClassProcessor - Processing class 'org/springframework/retry/interceptor/NewMethodArgumentsIdentifier'
21:07:38.151 [Test worker] DEBUG com.tngtech.archunit.core.importer.JavaClassProcessor - Processing class 'org/springframework/retry/policy/RetryContextCache'
21:07:38.152 [Test worker] DEBUG com.tngtech.archunit.core.importer.JavaClassProcessor - Processing class 'org/springframework/retry/backoff/Sleeper'
21:07:38.153 [Test worker] DEBUG com.tngtech.archunit.core.importer.JavaClassProcessor - Processing class 'org/springframework/retry/interceptor/MethodArgumentsKeyGenerator'
21:07:38.155 [Test worker] DEBUG com.tngtech.archunit.core.importer.JavaClassProcessor - Processing class 'org/springframework/retry/annotation/AnnotationAwareRetryOperationsInterceptor'
21:07:38.158 [Test worker] DEBUG com.tngtech.archunit.core.importer.JavaClassProcessor - Processing class 'org/springframework/retry/interceptor/Retryable'
21:07:38.160 [Test worker] DEBUG com.tngtech.archunit.core.importer.JavaClassProcessor - Processing class 'org/springframework/retry/annotation/Retryable'
21:07:38.164 [Test worker] DEBUG com.tngtech.archunit.core.importer.JavaClassProcessor - Processing class 'java/util/BitSet'
21:07:38.190 [Test worker] DEBUG com.tngtech.archunit.core.importer.JavaClassProcessor - Processing class 'org/springframework/web/client/RestClientException'
21:07:38.191 [Test worker] DEBUG com.tngtech.archunit.core.importer.JavaClassProcessor - Processing class 'org/springframework/http/RequestEntity'
21:07:38.193 [Test worker] DEBUG com.tngtech.archunit.core.importer.JavaClassProcessor - Processing class 'org/springframework/core/ParameterizedTypeReference'
21:07:38.195 [Test worker] DEBUG com.tngtech.archunit.core.importer.JavaClassProcessor - Processing class 'org/springframework/web/client/RequestCallback'
21:07:38.196 [Test worker] DEBUG com.tngtech.archunit.core.importer.JavaClassProcessor - Processing class 'org/springframework/web/client/ResponseExtractor'
21:07:38.213 [Test worker] DEBUG com.tngtech.archunit.core.importer.JavaClassProcessor - Processing class 'org/springframework/web/util/DefaultUriBuilderFactory'
21:07:38.218 [Test worker] DEBUG com.tngtech.archunit.core.importer.JavaClassProcessor - Processing class 'org/springframework/web/util/AbstractUriTemplateHandler'
21:07:38.221 [Test worker] DEBUG com.tngtech.archunit.core.importer.JavaClassProcessor - Processing class 'org/springframework/http/RequestEntity$UriTemplateRequestEntity'
21:07:38.226 [Test worker] DEBUG com.tngtech.archunit.core.importer.JavaClassProcessor - Processing class 'org/springframework/beans/BeanWrapper'
21:07:38.229 [Test worker] DEBUG com.tngtech.archunit.core.importer.JavaClassProcessor - Processing class 'sun/util/locale/LocaleSyntaxException'
21:07:38.230 [Test worker] DEBUG com.tngtech.archunit.core.importer.JavaClassProcessor - Processing class 'sun/util/locale/LanguageTag'
21:07:38.231 [Test worker] DEBUG com.tngtech.archunit.core.importer.JavaClassProcessor - Processing class 'sun/util/locale/UnicodeLocaleExtension'
21:07:38.475 [Test worker] DEBUG com.tngtech.archunit.core.importer.UrlSource$From - Found URLs on sun.boot.class.path: []
21:07:38.505 [Test worker] DEBUG com.tngtech.archunit.core.importer.UrlSource$From - Found URLs on java.class.path: [jar:file:/C:/Users/Usuario/.gradle/caches/7.6.1/workerMain/gradle-worker.jar!/, file:/C:/Users/Usuario/Desktop/TrafficAgent/build/classes/java/test/, file:/C:/Users/Usuario/Desktop/TrafficAgent/build/resources/test/, file:/C:/Users/Usuario/Desktop/TrafficAgent/build/classes/java/main/, file:/C:/Users/Usuario/Desktop/TrafficAgent/build/resources/main/, jar:file:/C:/Users/Usuario/.gradle/caches/modules-2/files-2.1/org.springframework.boot/spring-boot-starter-web/2.6.3/ceb6e909c144daf9e792069f5f0efd105c8712a/spring-boot-starter-web-2.6.3.jar!/, jar:file:/C:/Users/Usuario/.gradle/caches/modules-2/files-2.1/org.springframework.boot/spring-boot-starter-undertow/2.6.3/988095d74254727e400818c46de206242a427de5/spring-boot-starter-undertow-2.6.3.jar!/, jar:file:/C:/Users/Usuario/.gradle/caches/modules-2/files-2.1/org.springframework.boot/spring-boot-starter-data-jpa/2.6.3/74c60a724e4f81c7527b848ee24e91ba6facfe24/spring-boot-starter-data-jpa-2.6.3.jar!/, jar:file:/C:/Users/Usuario/.gradle/caches/modules-2/files-2.1/org.postgresql/postgresql/42.3.1/9ca7df660e875b91c78e3d1608d4d7469ad3470c/postgresql-42.3.1.jar!/, jar:file:/C:/Users/Usuario/.gradle/caches/modules-2/files-2.1/org.springframework.retry/spring-retry/2.0.0/6a7a653901b58eb741692417f33b5bebedbd01f7/spring-retry-2.0.0.jar!/, jar:file:/C:/Users/Usuario/.gradle/caches/modules-2/files-2.1/io.jsonwebtoken/jjwt/0.9.1/54d2abfc3e63a28824d35bf600d6a5d627da681a/jjwt-0.9.1.jar!/, jar:file:/C:/Users/Usuario/.gradle/caches/modules-2/files-2.1/com.auth0/java-jwt/4.2.1/904306772bb7d43750527f84d7b23589a1f9ab12/java-jwt-4.2.1.jar!/, jar:file:/C:/Users/Usuario/.gradle/caches/modules-2/files-2.1/commons-codec/commons-codec/1.15/49d94806b6e3dc933dacbd8acb0fdbab8ebd1e5d/commons-codec-1.15.jar!/, jar:file:/C:/Users/Usuario/.gradle/caches/modules-2/files-2.1/org.springframework.boot/spring-boot-starter-aop/2.6.3/338cbbfe2667aea23d95672093e05b5f54630c5a/spring-boot-starter-aop-2.6.3.jar!/, jar:file:/C:/Users/Usuario/.gradle/caches/modules-2/files-2.1/com.h2database/h2/2.1.214/d5c2005c9e3279201e12d4776c948578b16bf8b2/h2-2.1.214.jar!/, jar:file:/C:/Users/Usuario/.gradle/caches/modules-2/files-2.1/org.springframework.boot/spring-boot-starter-test/2.6.3/1ac659fc8c6d7285218b7ff79d67b87736f4ddf2/spring-boot-starter-test-2.6.3.jar!/, jar:file:/C:/Users/Usuario/.gradle/caches/modules-2/files-2.1/com.tngtech.archunit/archunit-junit5/1.0.0/d381ade9436d047877181fe50f508318e6a5a8/archunit-junit5-1.0.0.jar!/, jar:file:/C:/Users/Usuario/.gradle/caches/modules-2/files-2.1/org.springframework.boot/spring-boot-starter-json/2.6.3/b43885849bde2ad5d436c5acdd43b21730f9c676/spring-boot-starter-json-2.6.3.jar!/, jar:file:/C:/Users/Usuario/.gradle/caches/modules-2/files-2.1/org.springframework.boot/spring-boot-starter-jdbc/2.6.3/17871ef6920a3decad5f10181b2baf198ea2b787/spring-boot-starter-jdbc-2.6.3.jar!/, jar:file:/C:/Users/Usuario/.gradle/caches/modules-2/files-2.1/org.springframework.boot/spring-boot-starter/2.6.3/1211af6e300c0584e01c7a9a75e585ac0aec6ea6/spring-boot-starter-2.6.3.jar!/, jar:file:/C:/Users/Usuario/.gradle/caches/modules-2/files-2.1/org.springframework/spring-webmvc/5.3.15/28307dda4cb5fbeb6f7d7e7c846f464da0eba955/spring-webmvc-5.3.15.jar!/, jar:file:/C:/Users/Usuario/.gradle/caches/modules-2/files-2.1/org.springframework/spring-web/5.3.15/a228b373eff7fe34e868827ab02c91b8bf7a643e/spring-web-5.3.15.jar!/, jar:file:/C:/Users/Usuario/.gradle/caches/modules-2/files-2.1/io.undertow/undertow-websockets-jsr/2.2.14.Final/fffc3ffff1880fd695c22164d37bd16dc1dc4b7e/undertow-websockets-jsr-2.2.14.Final.jar!/, jar:file:/C:/Users/Usuario/.gradle/caches/modules-2/files-2.1/io.undertow/undertow-servlet/2.2.14.Final/8354ab1476d85dec5ee743a0f40b113cf29a55b8/undertow-servlet-2.2.14.Final.jar!/, jar:file:/C:/Users/Usuario/.gradle/caches/modules-2/files-2.1/io.undertow/undertow-core/2.2.14.Final/deb02123fba830230d1837a1e6b3731607196a41/undertow-core-2.2.14.Final.jar!/, jar:file:/C:/Users/Usuario/.gradle/caches/modules-2/files-2.1/jakarta.servlet/jakarta.servlet-api/4.0.4/b8a1142e04838fe54194049c6e7a18dae8f9b960/jakarta.servlet-api-4.0.4.jar!/, jar:file:/C:/Users/Usuario/.gradle/caches/modules-2/files-2.1/jakarta.websocket/jakarta.websocket-api/1.1.2/69c2fdfb75081cc935bc9d6c5616d12b0b73815f/jakarta.websocket-api-1.1.2.jar!/, jar:file:/C:/Users/Usuario/.gradle/caches/modules-2/files-2.1/org.apache.tomcat.embed/tomcat-embed-el/9.0.56/8e4f28f714693ad4e158e61f41371d4e4c6b4e23/tomcat-embed-el-9.0.56.jar!/, jar:file:/C:/Users/Usuario/.gradle/caches/modules-2/files-2.1/jakarta.transaction/jakarta.transaction-api/1.3.3/c4179d48720a1e87202115fbed6089bdc4195405/jakarta.transaction-api-1.3.3.jar!/, jar:file:/C:/Users/Usuario/.gradle/caches/modules-2/files-2.1/jakarta.persistence/jakarta.persistence-api/2.2.3/8f6ea5daedc614f07a3654a455660145286f024e/jakarta.persistence-api-2.2.3.jar!/, jar:file:/C:/Users/Usuario/.gradle/caches/modules-2/files-2.1/org.hibernate/hibernate-core/5.6.4.Final/a21d3a313d8fa4dbf2d05aa50ef3157a8081e83f/hibernate-core-5.6.4.Final.jar!/, jar:file:/C:/Users/Usuario/.gradle/caches/modules-2/files-2.1/org.springframework.data/spring-data-jpa/2.6.1/70eef23d3c1ba594749867edb9c89832da8f923c/spring-data-jpa-2.6.1.jar!/, jar:file:/C:/Users/Usuario/.gradle/caches/modules-2/files-2.1/org.springframework/spring-aspects/5.3.15/d1e42bac0f61ad50f633c13f8bcab905a66313af/spring-aspects-5.3.15.jar!/, jar:file:/C:/Users/Usuario/.gradle/caches/modules-2/files-2.1/org.checkerframework/checker-qual/3.5.0/2f50520c8abea66fbd8d26e481d3aef5c673b510/checker-qual-3.5.0.jar!/, jar:file:/C:/Users/Usuario/.gradle/caches/modules-2/files-2.1/com.fasterxml.jackson.datatype/jackson-datatype-jsr310/2.13.1/1ece5a87b59701328215e0083448b4d451857cbd/jackson-datatype-jsr310-2.13.1.jar!/, jar:file:/C:/Users/Usuario/.gradle/caches/modules-2/files-2.1/com.fasterxml.jackson.module/jackson-module-parameter-names/2.13.1/cbeec2259213c555ef451a2e05f35ed1dbfbf799/jackson-module-parameter-names-2.13.1.jar!/, jar:file:/C:/Users/Usuario/.gradle/caches/modules-2/files-2.1/com.fasterxml.jackson.core/jackson-annotations/2.13.1/1cbcbe4623113e6af92ccaa89884a345270f1a87/jackson-annotations-2.13.1.jar!/, jar:file:/C:/Users/Usuario/.gradle/caches/modules-2/files-2.1/com.fasterxml.jackson.core/jackson-core/2.13.1/51ae921a2ed1e06ca8876f12f32f265e83c0b2b8/jackson-core-2.13.1.jar!/, jar:file:/C:/Users/Usuario/.gradle/caches/modules-2/files-2.1/com.fasterxml.jackson.datatype/jackson-datatype-jdk8/2.13.1/8ecfa9bcd714269fdf22c33f9fd00d0643bd0e21/jackson-datatype-jdk8-2.13.1.jar!/, jar:file:/C:/Users/Usuario/.gradle/caches/modules-2/files-2.1/com.fasterxml.jackson.core/jackson-databind/2.13.1/698b2d2b15d9a1b7aae025f1d9f576842285e7f6/jackson-databind-2.13.1.jar!/, jar:file:/C:/Users/Usuario/.gradle/caches/modules-2/files-2.1/org.springframework.boot/spring-boot-test-autoconfigure/2.6.3/c903465682a6cd69adbc83feb8e8bfa26c51e6ae/spring-boot-test-autoconfigure-2.6.3.jar!/, jar:file:/C:/Users/Usuario/.gradle/caches/modules-2/files-2.1/org.springframework.boot/spring-boot-test/2.6.3/93b38ba8d4f027a7eda8c28dbe8f77b712de1142/spring-boot-test-2.6.3.jar!/, jar:file:/C:/Users/Usuario/.gradle/caches/modules-2/files-2.1/org.springframework.boot/spring-boot-autoconfigure/2.6.3/8bf96f63e9479b5a1c17d1fa05b149bb5ed050e2/spring-boot-autoconfigure-2.6.3.jar!/, jar:file:/C:/Users/Usuario/.gradle/caches/modules-2/files-2.1/org.springframework.boot/spring-boot/2.6.3/f1127e8a70ba7b9f12581e79ea963b739059bf55/spring-boot-2.6.3.jar!/, jar:file:/C:/Users/Usuario/.gradle/caches/modules-2/files-2.1/org.springframework/spring-context/5.3.15/80a12b7dcb3332fbd65c3649249fd35561ffc561/spring-context-5.3.15.jar!/, jar:file:/C:/Users/Usuario/.gradle/caches/modules-2/files-2.1/org.springframework/spring-aop/5.3.15/195966e1f4260f89696e668856ebfd9a1bc76404/spring-aop-5.3.15.jar!/, jar:file:/C:/Users/Usuario/.gradle/caches/modules-2/files-2.1/org.aspectj/aspectjweaver/1.9.7/158f5c255cd3e4408e795b79f7c3fbae9b53b7ca/aspectjweaver-1.9.7.jar!/, jar:file:/C:/Users/Usuario/.gradle/caches/modules-2/files-2.1/com.jayway.jsonpath/json-path/2.6.0/67f565b424f7903a12d4f5b9361b11462ecacdac/json-path-2.6.0.jar!/, jar:file:/C:/Users/Usuario/.gradle/caches/modules-2/files-2.1/org.glassfish.jaxb/jaxb-runtime/2.3.5/a169a961a2bb9ac69517ec1005e451becf5cdfab/jaxb-runtime-2.3.5.jar!/, jar:file:/C:/Users/Usuario/.gradle/caches/modules-2/files-2.1/jakarta.xml.bind/jakarta.xml.bind-api/2.3.3/48e3b9cfc10752fba3521d6511f4165bea951801/jakarta.xml.bind-api-2.3.3.jar!/, jar:file:/C:/Users/Usuario/.gradle/caches/modules-2/files-2.1/org.assertj/assertj-core/3.21.0/27a14d6d22c4e3d58f799fb2a5ca8eaf53e6942a/assertj-core-3.21.0.jar!/, jar:file:/C:/Users/Usuario/.gradle/caches/modules-2/files-2.1/org.hamcrest/hamcrest/2.2/1820c0968dba3a11a1b30669bb1f01978a91dedc/hamcrest-2.2.jar!/, jar:file:/C:/Users/Usuario/.gradle/caches/modules-2/files-2.1/org.mockito/mockito-junit-jupiter/4.0.0/b76de25bd6e5d8f7924d0536729c0076e37e9396/mockito-junit-jupiter-4.0.0.jar!/, jar:file:/C:/Users/Usuario/.gradle/caches/modules-2/files-2.1/org.junit.jupiter/junit-jupiter-params/5.8.2/ddeafe92fc263f895bfb73ffeca7fd56e23c2cce/junit-jupiter-params-5.8.2.jar!/, jar:file:/C:/Users/Usuario/.gradle/caches/modules-2/files-2.1/org.junit.jupiter/junit-jupiter-engine/5.8.2/c598b4328d2f397194d11df3b1648d68d7d990e3/junit-jupiter-engine-5.8.2.jar!/, jar:file:/C:/Users/Usuario/.gradle/caches/modules-2/files-2.1/org.junit.jupiter/junit-jupiter-api/5.8.2/4c21029217adf07e4c0d0c5e192b6bf610c94bdc/junit-jupiter-api-5.8.2.jar!/, jar:file:/C:/Users/Usuario/.gradle/caches/modules-2/files-2.1/com.tngtech.archunit/archunit-junit5-engine/1.0.0/c942ce334f410062298100f834a767f765ac7a8e/archunit-junit5-engine-1.0.0.jar!/, jar:file:/C:/Users/Usuario/.gradle/caches/modules-2/files-2.1/com.tngtech.archunit/archunit-junit5-engine-api/1.0.0/f2fcf7191e65bda73cb14b510e380d0c4e55c9c8/archunit-junit5-engine-api-1.0.0.jar!/, jar:file:/C:/Users/Usuario/.gradle/caches/modules-2/files-2.1/org.junit.platform/junit-platform-engine/1.8.2/b737de09f19864bd136805c84df7999a142fec29/junit-platform-engine-1.8.2.jar!/, jar:file:/C:/Users/Usuario/.gradle/caches/modules-2/files-2.1/org.junit.platform/junit-platform-commons/1.8.2/32c8b8617c1342376fd5af2053da6410d8866861/junit-platform-commons-1.8.2.jar!/, jar:file:/C:/Users/Usuario/.gradle/caches/modules-2/files-2.1/org.junit.jupiter/junit-jupiter/5.8.2/5a817b1e63f1217e5c586090c45e681281f097ad/junit-jupiter-5.8.2.jar!/, jar:file:/C:/Users/Usuario/.gradle/caches/modules-2/files-2.1/org.mockito/mockito-core/4.0.0/f5195e0c4a45716bbd2d1d29173adbd148acce3a/mockito-core-4.0.0.jar!/, jar:file:/C:/Users/Usuario/.gradle/caches/modules-2/files-2.1/org.skyscreamer/jsonassert/1.5.0/6c9d5fe2f59da598d9aefc1cfc6528ff3cf32df3/jsonassert-1.5.0.jar!/, jar:file:/C:/Users/Usuario/.gradle/caches/modules-2/files-2.1/org.springframework/spring-test/5.3.15/1efef59ebbf51bc072d08c5854b1d5cbb1c29b65/spring-test-5.3.15.jar!/, jar:file:/C:/Users/Usuario/.gradle/caches/modules-2/files-2.1/org.springframework/spring-orm/5.3.15/edddfcbf3bd2a3cc8b5316329f16dcf88cec33b5/spring-orm-5.3.15.jar!/, jar:file:/C:/Users/Usuario/.gradle/caches/modules-2/files-2.1/org.springframework/spring-jdbc/5.3.15/2c7883bb9a50e37f177cdc3e064e88325f97bd36/spring-jdbc-5.3.15.jar!/, jar:file:/C:/Users/Usuario/.gradle/caches/modules-2/files-2.1/org.springframework.data/spring-data-commons/2.6.1/ba24a3b88e26191b25031cefb8de458deed05551/spring-data-commons-2.6.1.jar!/, jar:file:/C:/Users/Usuario/.gradle/caches/modules-2/files-2.1/org.springframework/spring-tx/5.3.15/27b8c1f0a896dc2f7d1629556b06f55f2a07351d/spring-tx-5.3.15.jar!/, jar:file:/C:/Users/Usuario/.gradle/caches/modules-2/files-2.1/org.springframework/spring-beans/5.3.15/a88e2ccfe8b131bcff2e643b90d52f6d928e7369/spring-beans-5.3.15.jar!/, jar:file:/C:/Users/Usuario/.gradle/caches/modules-2/files-2.1/org.springframework/spring-expression/5.3.15/362f36bbc4c4b46cc2e4f219df22d08945000c2/spring-expression-5.3.15.jar!/, jar:file:/C:/Users/Usuario/.gradle/caches/modules-2/files-2.1/org.springframework/spring-core/5.3.15/e813c2311465672d3089fc7be8dbbadb04e64d6b/spring-core-5.3.15.jar!/, jar:file:/C:/Users/Usuario/.gradle/caches/modules-2/files-2.1/org.xmlunit/xmlunit-core/2.8.4/35be57989ca80eefa03161b211630e319a8f36c6/xmlunit-core-2.8.4.jar!/, jar:file:/C:/Users/Usuario/.gradle/caches/modules-2/files-2.1/com.tngtech.archunit/archunit-junit5-api/1.0.0/f537a0cb4156e374e436009cf7e8e07062929b32/archunit-junit5-api-1.0.0.jar!/, jar:file:/C:/Users/Usuario/.gradle/caches/modules-2/files-2.1/org.springframework.boot/spring-boot-starter-logging/2.6.3/86599127b1e69a6180014cbeed8297ba26e8c6aa/spring-boot-starter-logging-2.6.3.jar!/, jar:file:/C:/Users/Usuario/.gradle/caches/modules-2/files-2.1/jakarta.annotation/jakarta.annotation-api/1.3.5/59eb84ee0d616332ff44aba065f3888cf002cd2d/jakarta.annotation-api-1.3.5.jar!/, jar:file:/C:/Users/Usuario/.gradle/caches/modules-2/files-2.1/org.yaml/snakeyaml/1.29/6d0cdafb2010f1297e574656551d7145240f6e25/snakeyaml-1.29.jar!/, jar:file:/C:/Users/Usuario/.gradle/caches/modules-2/files-2.1/org.hibernate.common/hibernate-commons-annotations/5.1.2.Final/e59ffdbc6ad09eeb33507b39ffcf287679a498c8/hibernate-commons-annotations-5.1.2.Final.jar!/, jar:file:/C:/Users/Usuario/.gradle/caches/modules-2/files-2.1/org.jboss.xnio/xnio-nio/3.8.4.Final/109d7de9a4d995ed9f46e1409520ace346fe2fc4/xnio-nio-3.8.4.Final.jar!/, jar:file:/C:/Users/Usuario/.gradle/caches/modules-2/files-2.1/org.jboss.xnio/xnio-api/3.8.4.Final/8714f2bf19f6e5fa7e36e8516dcb4606ef152e4d/xnio-api-3.8.4.Final.jar!/, jar:file:/C:/Users/Usuario/.gradle/caches/modules-2/files-2.1/org.wildfly.client/wildfly-client-config/1.0.1.Final/2a803b23c40a0de0f03a90d1fd3755747bc05f4b/wildfly-client-config-1.0.1.Final.jar!/, jar:file:/C:/Users/Usuario/.gradle/caches/modules-2/files-2.1/org.jboss.threads/jboss-threads/3.1.0.Final/9b260c0302f637a84a52d3d118214a3c59217615/jboss-threads-3.1.0.Final.jar!/, jar:file:/C:/Users/Usuario/.gradle/caches/modules-2/files-2.1/org.jboss.logging/jboss-logging/3.4.3.Final/c4bd7e12a745c0e7f6cf98c45cdcdf482fd827ea/jboss-logging-3.4.3.Final.jar!/, jar:file:/C:/Users/Usuario/.gradle/caches/modules-2/files-2.1/com.zaxxer/HikariCP/4.0.3/107cbdf0db6780a065f895ae9d8fbf3bb0e1c21f/HikariCP-4.0.3.jar!/, jar:file:/C:/Users/Usuario/.gradle/caches/modules-2/files-2.1/net.bytebuddy/byte-buddy/1.11.22/8b4c7fa5562a09da1c2a9ab0873cb51f5034d83f/byte-buddy-1.11.22.jar!/, jar:file:/C:/Users/Usuario/.gradle/caches/modules-2/files-2.1/antlr/antlr/2.7.7/83cd2cd674a217ade95a4bb83a8a14f351f48bd0/antlr-2.7.7.jar!/, jar:file:/C:/Users/Usuario/.gradle/caches/modules-2/files-2.1/org.jboss/jandex/2.4.2.Final/1e1c385990b258ff1a24c801e84aebbacf70eb39/jandex-2.4.2.Final.jar!/, jar:file:/C:/Users/Usuario/.gradle/caches/modules-2/files-2.1/com.fasterxml/classmate/1.5.1/3fe0bed568c62df5e89f4f174c101eab25345b6c/classmate-1.5.1.jar!/, jar:file:/C:/Users/Usuario/.gradle/caches/modules-2/files-2.1/com.tngtech.archunit/archunit/1.0.0/27ab69819bc5bb588e9881144763b9a3b1ed15a2/archunit-1.0.0.jar!/, jar:file:/C:/Users/Usuario/.gradle/caches/modules-2/files-2.1/ch.qos.logback/logback-classic/1.2.10/f69d97ef3335c6ab82fc21dfb77ac613f90c1221/logback-classic-1.2.10.jar!/, jar:file:/C:/Users/Usuario/.gradle/caches/modules-2/files-2.1/org.apache.logging.log4j/log4j-to-slf4j/2.17.1/3619fd18278a1a895c1dca8c5be002768071a20e/log4j-to-slf4j-2.17.1.jar!/, jar:file:/C:/Users/Usuario/.gradle/caches/modules-2/files-2.1/org.slf4j/jul-to-slf4j/1.7.33/53fd89b530d41b8f6744c754de1c9b02e82f2d7/jul-to-slf4j-1.7.33.jar!/, jar:file:/C:/Users/Usuario/.gradle/caches/modules-2/files-2.1/org.slf4j/slf4j-api/1.7.33/d375aa1b98d34d5ddf73a3f19eaad66e98975b12/slf4j-api-1.7.33.jar!/, jar:file:/C:/Users/Usuario/.gradle/caches/modules-2/files-2.1/net.minidev/json-smart/2.4.7/8d7f4c1530c07c54930935f3da85f48b83b3c109/json-smart-2.4.7.jar!/, jar:file:/C:/Users/Usuario/.gradle/caches/modules-2/files-2.1/jakarta.activation/jakarta.activation-api/1.2.2/99f53adba383cb1bf7c3862844488574b559621f/jakarta.activation-api-1.2.2.jar!/, jar:file:/C:/Users/Usuario/.gradle/caches/modules-2/files-2.1/net.bytebuddy/byte-buddy-agent/1.11.22/2fbcf3210dfc09b42242e3b66a5281cc5b9adb80/byte-buddy-agent-1.11.22.jar!/, jar:file:/C:/Users/Usuario/.gradle/caches/modules-2/files-2.1/org.objenesis/objenesis/3.2/7fadf57620c8b8abdf7519533e5527367cb51f09/objenesis-3.2.jar!/, jar:file:/C:/Users/Usuario/.gradle/caches/modules-2/files-2.1/com.vaadin.external.google/android-json/0.0.20131108.vaadin1/fa26d351fe62a6a17f5cda1287c1c6110dec413f/android-json-0.0.20131108.vaadin1.jar!/, jar:file:/C:/Users/Usuario/.gradle/caches/modules-2/files-2.1/org.springframework/spring-jcl/5.3.15/88da960b4fcbd28621aea8b9911976adc06afce4/spring-jcl-5.3.15.jar!/, jar:file:/C:/Users/Usuario/.gradle/caches/modules-2/files-2.1/org.wildfly.common/wildfly-common/1.5.2.Final/8eba40cfe86bcfcc223551e75201e6e7574c7c36/wildfly-common-1.5.2.Final.jar!/, jar:file:/C:/Users/Usuario/.gradle/caches/modules-2/files-2.1/org.glassfish.jaxb/txw2/2.3.5/ec8930fa62e7b1758b1664d135f50c7abe86a4a3/txw2-2.3.5.jar!/, jar:file:/C:/Users/Usuario/.gradle/caches/modules-2/files-2.1/com.sun.istack/istack-commons-runtime/3.0.12/cbbe1a62b0cc6c85972e99d52aaee350153dc530/istack-commons-runtime-3.0.12.jar!/, jar:file:/C:/Users/Usuario/.gradle/caches/modules-2/files-2.1/com.sun.activation/jakarta.activation/1.2.2/74548703f9851017ce2f556066659438019e7eb5/jakarta.activation-1.2.2.jar!/, jar:file:/C:/Users/Usuario/.gradle/caches/modules-2/files-2.1/net.minidev/accessors-smart/2.4.7/3970cfc505e6657ca60f3aa57c849f6043000d7a/accessors-smart-2.4.7.jar!/, jar:file:/C:/Users/Usuario/.gradle/caches/modules-2/files-2.1/org.opentest4j/opentest4j/1.2.0/28c11eb91f9b6d8e200631d46e20a7f407f2a046/opentest4j-1.2.0.jar!/, jar:file:/C:/Users/Usuario/.gradle/caches/modules-2/files-2.1/ch.qos.logback/logback-core/1.2.10/5328406bfcae7bcdcc86810fcb2920d2c297170d/logback-core-1.2.10.jar!/, jar:file:/C:/Users/Usuario/.gradle/caches/modules-2/files-2.1/org.apache.logging.log4j/log4j-api/2.17.1/d771af8e336e372fb5399c99edabe0919aeaf5b2/log4j-api-2.17.1.jar!/, jar:file:/C:/Users/Usuario/.gradle/caches/modules-2/files-2.1/org.ow2.asm/asm/9.1/a99500cf6eea30535eeac6be73899d048f8d12a8/asm-9.1.jar!/]
21:07:38.627 [Test worker] DEBUG com.tngtech.archunit.core.importer.JavaClassProcessor - Processing class 'com/uco/TrafficAgent/infrastructure/configuration/general/ConfigurationRetry'
21:07:38.629 [Test worker] DEBUG com.tngtech.archunit.core.importer.JavaClassProcessor - Processing class 'com/uco/TrafficAgent/application/service/report/comand/ServiceApplicationSaveReport'
21:07:38.631 [Test worker] DEBUG com.tngtech.archunit.core.importer.JavaClassProcessor - Processing class 'com/uco/TrafficAgent/application/mapper/user/impl/MapperApplicationUserImpl'
21:07:38.656 [Test worker] DEBUG com.tngtech.archunit.core.importer.JavaClassProcessor - Processing class 'com/uco/TrafficAgent/domain/port/type/RepositoryTypeId'
21:07:38.657 [Test worker] DEBUG com.tngtech.archunit.core.importer.JavaClassProcessor - Processing class 'com/uco/TrafficAgent/application/service/user/comand/dto/DtoRolUser'
21:07:38.659 [Test worker] DEBUG com.tngtech.archunit.core.importer.JavaClassProcessor - Processing class 'com/uco/TrafficAgent/domain/service/token/ServiceGetCurrentUser'
21:07:38.675 [Test worker] DEBUG com.tngtech.archunit.core.importer.JavaClassProcessor - Processing class 'com/uco/TrafficAgent/infrastructure/repository/report/controller/ComandControllerReport'
21:07:38.677 [Test worker] DEBUG com.tngtech.archunit.core.importer.JavaClassProcessor - Processing class 'com/uco/TrafficAgent/application/service/login/ServiceApplicationLogin'
21:07:38.699 [Test worker] DEBUG com.tngtech.archunit.core.importer.JavaClassProcessor - Processing class 'com/uco/TrafficAgent/application/service/report/consult/ServiceApplicationListAllReportByUser'
21:07:38.704 [Test worker] DEBUG com.tngtech.archunit.core.importer.JavaClassProcessor - Processing class 'com/uco/TrafficAgent/infrastructure/filter/FilterAuth'
21:07:38.715 [Test worker] DEBUG com.tngtech.archunit.core.importer.JavaClassProcessor - Processing class 'com/uco/TrafficAgent/infrastructure/repository/contact/adapter/entity/EntityContactEmergency'
21:07:38.718 [Test worker] DEBUG com.tngtech.archunit.core.importer.JavaClassProcessor - Processing class 'com/uco/TrafficAgent/application/mapper/MapperApplicationObject'
21:07:38.719 [Test worker] DEBUG com.tngtech.archunit.core.importer.JavaClassProcessor - Processing class 'com/uco/TrafficAgent/infrastructure/repository/user/controller/ConsultControllerUser'
21:07:38.721 [Test worker] DEBUG com.tngtech.archunit.core.importer.JavaClassProcessor - Processing class 'com/uco/TrafficAgent/infrastructure/repository/report/controller/ConsultControllerReport'
21:07:38.723 [Test worker] DEBUG com.tngtech.archunit.core.importer.JavaClassProcessor - Processing class 'com/uco/TrafficAgent/infrastructure/aspect/Secured'
21:07:38.725 [Test worker] DEBUG com.tngtech.archunit.core.importer.JavaClassProcessor - Processing class 'com/uco/TrafficAgent/infrastructure/configuration/model/BeanServiceContact'
21:07:38.727 [Test worker] DEBUG com.tngtech.archunit.core.importer.JavaClassProcessor - Processing class 'com/uco/TrafficAgent/domain/service/report/ServiceSaveReport'
21:07:38.728 [Test worker] DEBUG com.tngtech.archunit.core.importer.JavaClassProcessor - Processing class 'com/uco/TrafficAgent/infrastructure/aspect/LogExecutionTime'
21:07:38.731 [Test worker] DEBUG com.tngtech.archunit.core.importer.JavaClassProcessor - Processing class 'com/uco/TrafficAgent/infrastructure/aspect/SecuredAspect'
21:07:38.743 [Test worker] DEBUG com.tngtech.archunit.core.importer.JavaClassProcessor - Processing class 'com/uco/TrafficAgent/infrastructure/repository/report/adapter/repository/RepositoryReportDB'
21:07:38.756 [Test worker] DEBUG com.tngtech.archunit.core.importer.JavaClassProcessor - Processing class 'com/uco/TrafficAgent/domain/model/Contact'
21:07:38.759 [Test worker] DEBUG com.tngtech.archunit.core.importer.JavaClassProcessor - Processing class 'com/uco/TrafficAgent/infrastructure/repository/contact/adapter/repository/jpa/RepositoryContactJpa'
21:07:38.761 [Test worker] DEBUG com.tngtech.archunit.core.importer.JavaClassProcessor - Processing class 'com/uco/TrafficAgent/infrastructure/repository/contact/controller/ComandControllerContact'
21:07:38.763 [Test worker] DEBUG com.tngtech.archunit.core.importer.JavaClassProcessor - Processing class 'com/uco/TrafficAgent/application/service/user/comand/ServiceApplicationSaveUser'
21:07:38.764 [Test worker] DEBUG com.tngtech.archunit.core.importer.JavaClassProcessor - Processing class 'com/uco/TrafficAgent/infrastructure/repository/report/adapter/entity/EntityReport'
21:07:38.765 [Test worker] DEBUG com.tngtech.archunit.core.importer.JavaClassProcessor - Processing class 'com/uco/TrafficAgent/domain/port/user/RepositoryUser'
21:07:38.766 [Test worker] DEBUG com.tngtech.archunit.core.importer.JavaClassProcessor - Processing class 'com/uco/TrafficAgent/infrastructure/repository/contact/adapter/entity/EntityContact'
21:07:38.768 [Test worker] DEBUG com.tngtech.archunit.core.importer.JavaClassProcessor - Processing class 'com/uco/TrafficAgent/infrastructure/repository/user/adapter/entity/EntityUser'
21:07:38.770 [Test worker] DEBUG com.tngtech.archunit.core.importer.JavaClassProcessor - Processing class 'com/uco/TrafficAgent/application/service/contact/comand/ServiceApplicationSaveContact'
21:07:38.771 [Test worker] DEBUG com.tngtech.archunit.core.importer.JavaClassProcessor - Processing class 'com/uco/TrafficAgent/domain/service/token/ServiceEncryptText'
21:07:38.772 [Test worker] DEBUG com.tngtech.archunit.core.importer.JavaClassProcessor - Processing class 'com/uco/TrafficAgent/infrastructure/aspect/LogExecutionAspect'
21:07:38.773 [Test worker] DEBUG com.tngtech.archunit.core.importer.JavaClassProcessor - Processing class 'com/uco/TrafficAgent/infrastructure/repository/report/adapter/repository/jpa/RepositoryReportJpa'
21:07:38.775 [Test worker] DEBUG com.tngtech.archunit.core.importer.JavaClassProcessor - Processing class 'com/uco/TrafficAgent/infrastructure/repository/type/adapter/repository/jpa/RepositoryTypeIdJpa'
21:07:38.776 [Test worker] DEBUG com.tngtech.archunit.core.importer.JavaClassProcessor - Processing class 'com/uco/TrafficAgent/infrastructure/repository/user/adapter/repository/jpa/RepositoryUserJpa'
21:07:38.777 [Test worker] DEBUG com.tngtech.archunit.core.importer.JavaClassProcessor - Processing class 'com/uco/TrafficAgent/infrastructure/repository/type/adapter/entity/EntityTypeId'
21:07:38.778 [Test worker] DEBUG com.tngtech.archunit.core.importer.JavaClassProcessor - Processing class 'com/uco/TrafficAgent/application/service/DtoResponse'
21:07:38.782 [Test worker] DEBUG com.tngtech.archunit.core.importer.JavaClassProcessor - Processing class 'com/uco/TrafficAgent/infrastructure/error/Error'
21:07:38.784 [Test worker] DEBUG com.tngtech.archunit.core.importer.JavaClassProcessor - Processing class 'com/uco/TrafficAgent/application/service/user/comand/dto/DtoUpdateUser'
21:07:38.786 [Test worker] DEBUG com.tngtech.archunit.core.importer.JavaClassProcessor - Processing class 'com/uco/TrafficAgent/infrastructure/repository/contact/controller/ConsultControllerContact'
21:07:38.787 [Test worker] DEBUG com.tngtech.archunit.core.importer.JavaClassProcessor - Processing class 'com/uco/TrafficAgent/TrafficAgentApplication'
21:07:38.788 [Test worker] DEBUG com.tngtech.archunit.core.importer.JavaClassProcessor - Processing class 'com/uco/TrafficAgent/infrastructure/configuration/model/BeanServiceReport'
21:07:38.790 [Test worker] DEBUG com.tngtech.archunit.core.importer.JavaClassProcessor - Processing class 'com/uco/TrafficAgent/infrastructure/repository/contact/adapter/repository/RepositoryContactDB'
21:07:38.791 [Test worker] DEBUG com.tngtech.archunit.core.importer.JavaClassProcessor - Processing class 'com/uco/TrafficAgent/application/service/user/comand/dto/DtoSaveUser'
21:07:38.793 [Test worker] DEBUG com.tngtech.archunit.core.importer.JavaClassProcessor - Processing class 'com/uco/TrafficAgent/infrastructure/service/token/ServiceGetCurrentUserJwt'
21:07:38.794 [Test worker] DEBUG com.tngtech.archunit.core.importer.JavaClassProcessor - Processing class 'com/uco/TrafficAgent/domain/dto/DtoUserSummary'
21:07:38.795 [Test worker] DEBUG com.tngtech.archunit.core.importer.JavaClassProcessor - Processing class 'com/uco/TrafficAgent/domain/service/token/ServiceGenerateToken'
21:07:38.796 [Test worker] DEBUG com.tngtech.archunit.core.importer.JavaClassProcessor - Processing class 'com/uco/TrafficAgent/application/service/user/comand/ServiceApplicationDeleteUser'
21:07:38.797 [Test worker] DEBUG com.tngtech.archunit.core.importer.JavaClassProcessor - Processing class 'com/uco/TrafficAgent/domain/service/user/ServiceListAllUser'
21:07:38.798 [Test worker] DEBUG com.tngtech.archunit.core.importer.JavaClassProcessor - Processing class 'com/uco/TrafficAgent/application/mapper/contact/impl/MapperApplicationContactImpl'
21:07:38.799 [Test worker] DEBUG com.tngtech.archunit.core.importer.JavaClassProcessor - Processing class 'com/uco/TrafficAgent/application/service/login/dto/DtoLogin'
21:07:38.801 [Test worker] DEBUG com.tngtech.archunit.core.importer.JavaClassProcessor - Processing class 'com/uco/TrafficAgent/domain/service/user/ServiceSaveUser'
21:07:38.802 [Test worker] DEBUG com.tngtech.archunit.core.importer.JavaClassProcessor - Processing class 'com/uco/TrafficAgent/domain/validator/ValidatorAttributes'
21:07:38.803 [Test worker] DEBUG com.tngtech.archunit.core.importer.JavaClassProcessor - Processing class 'com/uco/TrafficAgent/domain/service/user/ServiceUpdateUser'
21:07:38.805 [Test worker] DEBUG com.tngtech.archunit.core.importer.JavaClassProcessor - Processing class 'com/uco/TrafficAgent/domain/dto/DtoReportSummary'
21:07:38.807 [Test worker] DEBUG com.tngtech.archunit.core.importer.JavaClassProcessor - Processing class 'com/uco/TrafficAgent/domain/service/user/ServiceDeleteUser'
21:07:38.809 [Test worker] DEBUG com.tngtech.archunit.core.importer.JavaClassProcessor - Processing class 'com/uco/TrafficAgent/infrastructure/repository/user/adapter/repository/RepositoryUserDB'
21:07:38.812 [Test worker] DEBUG com.tngtech.archunit.core.importer.JavaClassProcessor - Processing class 'com/uco/TrafficAgent/infrastructure/aspect/exception/ExceptionUserUnauthorized'
21:07:38.813 [Test worker] DEBUG com.tngtech.archunit.core.importer.JavaClassProcessor - Processing class 'com/uco/TrafficAgent/infrastructure/configuration/general/ConfigurationSecurity'
21:07:38.814 [Test worker] DEBUG com.tngtech.archunit.core.importer.JavaClassProcessor - Processing class 'com/uco/TrafficAgent/infrastructure/configuration/general/ConfigurationRestTemplate'
21:07:38.816 [Test worker] DEBUG com.tngtech.archunit.core.importer.JavaClassProcessor - Processing class 'com/uco/TrafficAgent/infrastructure/aspect/service/AuthorizationService'
21:07:38.817 [Test worker] DEBUG com.tngtech.archunit.core.importer.JavaClassProcessor - Processing class 'com/uco/TrafficAgent/infrastructure/service/token/ServiceGenerateTokenJWT'
21:07:38.819 [Test worker] DEBUG com.tngtech.archunit.core.importer.JavaClassProcessor - Processing class 'com/uco/TrafficAgent/application/encrypted/ServiceEncryptedPassword'
21:07:38.820 [Test worker] DEBUG com.tngtech.archunit.core.importer.JavaClassProcessor - Processing class 'com/uco/TrafficAgent/application/service/user/comand/ServiceApplicationUpdateUser'
21:07:38.822 [Test worker] DEBUG com.tngtech.archunit.core.importer.JavaClassProcessor - Processing class 'com/uco/TrafficAgent/domain/model/Report'
21:07:38.824 [Test worker] DEBUG com.tngtech.archunit.core.importer.JavaClassProcessor - Processing class 'com/uco/TrafficAgent/infrastructure/repository/rol/adapter/entity/EntityRol'
21:07:38.825 [Test worker] DEBUG com.tngtech.archunit.core.importer.JavaClassProcessor - Processing class 'com/uco/TrafficAgent/domain/service/report/ServiceListAllReportByUser'
21:07:38.826 [Test worker] DEBUG com.tngtech.archunit.core.importer.JavaClassProcessor - Processing class 'com/uco/TrafficAgent/application/service/report/consult/ServiceApplicationListAllReportByDate'
21:07:38.827 [Test worker] DEBUG com.tngtech.archunit.core.importer.JavaClassProcessor - Processing class 'com/uco/TrafficAgent/infrastructure/mapper/MapperInfrastructureObject'
21:07:38.828 [Test worker] DEBUG com.tngtech.archunit.core.importer.JavaClassProcessor - Processing class 'com/uco/TrafficAgent/infrastructure/service/token/ServiceValidateToken'
21:07:38.830 [Test worker] DEBUG com.tngtech.archunit.core.importer.JavaClassProcessor - Processing class 'com/uco/TrafficAgent/infrastructure/error/ErrorHandler'
21:07:38.831 [Test worker] DEBUG com.tngtech.archunit.core.importer.JavaClassProcessor - Processing class 'com/uco/TrafficAgent/application/encrypted/impl/ServiceEncryptedPasswordImpl'
21:07:38.833 [Test worker] DEBUG com.tngtech.archunit.core.importer.JavaClassProcessor - Processing class 'com/uco/TrafficAgent/domain/model/TypeIdentification'
21:07:38.834 [Test worker] DEBUG com.tngtech.archunit.core.importer.JavaClassProcessor - Processing class 'com/uco/TrafficAgent/domain/validator/ValidatorObjects'
21:07:38.835 [Test worker] DEBUG com.tngtech.archunit.core.importer.JavaClassProcessor - Processing class 'com/uco/TrafficAgent/domain/model/RolUser'
21:07:38.836 [Test worker] DEBUG com.tngtech.archunit.core.importer.JavaClassProcessor - Processing class 'com/uco/TrafficAgent/infrastructure/repository/contact/adapter/repository/jpa/RepositoryContactEmergencyJpa'
21:07:38.837 [Test worker] DEBUG com.tngtech.archunit.core.importer.JavaClassProcessor - Processing class 'com/uco/TrafficAgent/domain/model/User'
21:07:38.839 [Test worker] DEBUG com.tngtech.archunit.core.importer.JavaClassProcessor - Processing class 'com/uco/TrafficAgent/infrastructure/service/token/ServiceValidateTokenJWT'
21:07:38.840 [Test worker] DEBUG com.tngtech.archunit.core.importer.JavaClassProcessor - Processing class 'com/uco/TrafficAgent/domain/service/contact/ServiceListsAllByProximityContact'
21:07:38.841 [Test worker] DEBUG com.tngtech.archunit.core.importer.JavaClassProcessor - Processing class 'com/uco/TrafficAgent/infrastructure/repository/user/controller/ComandControllerUser'
21:07:38.842 [Test worker] DEBUG com.tngtech.archunit.core.importer.JavaClassProcessor - Processing class 'com/uco/TrafficAgent/domain/port/report/RepositoryReport'
21:07:38.844 [Test worker] DEBUG com.tngtech.archunit.core.importer.JavaClassProcessor - Processing class 'com/uco/TrafficAgent/infrastructure/repository/type/adapter/repository/RepositoryTypeIdDB'
21:07:38.845 [Test worker] DEBUG com.tngtech.archunit.core.importer.JavaClassProcessor - Processing class 'com/uco/TrafficAgent/infrastructure/repository/login/controller/ComandControllerLogin'
21:07:38.847 [Test worker] DEBUG com.tngtech.archunit.core.importer.JavaClassProcessor - Processing class 'com/uco/TrafficAgent/domain/dto/DtoContactSummary'
21:07:38.849 [Test worker] DEBUG com.tngtech.archunit.core.importer.JavaClassProcessor - Processing class 'com/uco/TrafficAgent/domain/port/contact/RepositoryContact'
21:07:38.851 [Test worker] DEBUG com.tngtech.archunit.core.importer.JavaClassProcessor - Processing class 'com/uco/TrafficAgent/application/service/report/comand/dto/DtoSaveReport'
21:07:38.853 [Test worker] DEBUG com.tngtech.archunit.core.importer.JavaClassProcessor - Processing class 'com/uco/TrafficAgent/domain/service/contact/ServiceSaveContact'
21:07:38.854 [Test worker] DEBUG com.tngtech.archunit.core.importer.JavaClassProcessor - Processing class 'com/uco/TrafficAgent/domain/service/report/ServiceListAllReportByDate'
21:07:38.857 [Test worker] DEBUG com.tngtech.archunit.core.importer.JavaClassProcessor - Processing class 'com/uco/TrafficAgent/application/service/contact/comand/dto/DtoSaveContact'
21:07:38.859 [Test worker] DEBUG com.tngtech.archunit.core.importer.JavaClassProcessor - Processing class 'com/uco/TrafficAgent/application/service/user/consult/ServiceApplicationListAllUser'
21:07:38.861 [Test worker] DEBUG com.tngtech.archunit.core.importer.JavaClassProcessor - Processing class 'com/uco/TrafficAgent/application/service/contact/consult/ServiceApplicationListAllByProximityContact'
21:07:38.863 [Test worker] DEBUG com.tngtech.archunit.core.importer.JavaClassProcessor - Processing class 'com/uco/TrafficAgent/domain/dto/DtoCurrentUser'
21:07:38.866 [Test worker] DEBUG com.tngtech.archunit.core.importer.JavaClassProcessor - Processing class 'com/uco/TrafficAgent/infrastructure/mapper/user/impl/MapperUserImpl'
21:07:38.868 [Test worker] DEBUG com.tngtech.archunit.core.importer.JavaClassProcessor - Processing class 'com/uco/TrafficAgent/application/mapper/report/impl/MapperApplicationReportImpl'
21:07:38.869 [Test worker] DEBUG com.tngtech.archunit.core.importer.JavaClassProcessor - Processing class 'com/uco/TrafficAgent/infrastructure/configuration/model/BeanServiceUser'
21:07:38.871 [Test worker] DEBUG com.tngtech.archunit.core.importer.DependencyResolutionProcess - Automatically resolving transitive class dependencies with the following configuration:
import.dependencyResolutionProcess.maxIterationsForMemberTypes = 1
import.dependencyResolutionProcess.maxIterationsForAccessesToTypes = 1
import.dependencyResolutionProcess.maxIterationsForSupertypes = -1
import.dependencyResolutionProcess.maxIterationsForEnclosingTypes = -1
import.dependencyResolutionProcess.maxIterationsForAnnotationTypes = -1
import.dependencyResolutionProcess.maxIterationsForGenericSignatureTypes = -1
21:07:38.885 [Test worker] DEBUG com.tngtech.archunit.core.importer.JavaClassProcessor - Processing class 'org/springframework/data/repository/query/Param'
21:07:38.887 [Test worker] DEBUG com.tngtech.archunit.core.importer.JavaClassProcessor - Processing class 'io/jsonwebtoken/impl/TextCodec'
21:07:38.888 [Test worker] DEBUG com.tngtech.archunit.core.importer.JavaClassProcessor - Processing class 'java/util/Arrays'
21:07:38.896 [Test worker] DEBUG com.tngtech.archunit.core.importer.JavaClassProcessor - Processing class 'org/springframework/web/bind/annotation/RequestParam'
21:07:38.898 [Test worker] DEBUG com.tngtech.archunit.core.importer.JavaClassProcessor - Processing class 'java/lang/System'
21:07:38.900 [Test worker] DEBUG com.tngtech.archunit.core.importer.JavaClassProcessor - Processing class 'java/time/ZonedDateTime'
21:07:38.903 [Test worker] DEBUG com.tngtech.archunit.core.importer.JavaClassProcessor - Processing class 'org/springframework/beans/factory/annotation/Autowired'
21:07:38.910 [Test worker] DEBUG com.tngtech.archunit.core.importer.JavaClassProcessor - Processing class 'javax/crypto/spec/SecretKeySpec'
21:07:38.911 [Test worker] DEBUG com.tngtech.archunit.core.importer.JavaClassProcessor - Processing class 'java/lang/Record'
21:07:38.911 [Test worker] DEBUG com.tngtech.archunit.core.importer.JavaClassProcessor - Processing class 'java/lang/Integer'
21:07:38.913 [Test worker] DEBUG com.tngtech.archunit.core.importer.JavaClassProcessor - Processing class 'org/springframework/web/context/request/RequestContextHolder'
21:07:38.914 [Test worker] DEBUG com.tngtech.archunit.core.importer.JavaClassProcessor - Processing class 'java/lang/Long'
21:07:38.916 [Test worker] DEBUG com.tngtech.archunit.core.importer.JavaClassProcessor - Processing class 'java/time/Duration'
21:07:38.917 [Test worker] DEBUG com.tngtech.archunit.core.importer.JavaClassProcessor - Processing class 'io/jsonwebtoken/JwtBuilder'
21:07:38.919 [Test worker] DEBUG com.tngtech.archunit.core.importer.JavaClassProcessor - Processing class 'io/jsonwebtoken/SignatureAlgorithm'
21:07:38.920 [Test worker] DEBUG com.tngtech.archunit.core.importer.JavaClassProcessor - Processing class 'org/springframework/stereotype/Repository'
21:07:38.921 [Test worker] DEBUG com.tngtech.archunit.core.importer.JavaClassProcessor - Processing class 'com/auth0/jwt/interfaces/Claim'
21:07:38.923 [Test worker] DEBUG com.tngtech.archunit.core.importer.JavaClassProcessor - Processing class 'org/springframework/web/bind/annotation/PostMapping'
21:07:38.929 [Test worker] DEBUG com.tngtech.archunit.core.importer.JavaClassProcessor - Processing class 'javax/persistence/Entity'
21:07:38.930 [Test worker] DEBUG com.tngtech.archunit.core.importer.JavaClassProcessor - Processing class 'javax/persistence/ManyToOne'
21:07:38.932 [Test worker] DEBUG com.tngtech.archunit.core.importer.JavaClassProcessor - Processing class 'javax/persistence/CascadeType'
21:07:38.935 [Test worker] DEBUG com.tngtech.archunit.core.importer.JavaClassProcessor - Processing class 'org/springframework/web/bind/annotation/RestController'
21:07:38.936 [Test worker] DEBUG com.tngtech.archunit.core.importer.JavaClassProcessor - Processing class 'java/lang/String'
21:07:38.940 [Test worker] DEBUG com.tngtech.archunit.core.importer.JavaClassProcessor - Processing class 'org/aspectj/lang/annotation/Around'
21:07:38.940 [Test worker] DEBUG com.tngtech.archunit.core.importer.JavaClassProcessor - Processing class 'java/time/ZoneId'
21:07:38.941 [Test worker] DEBUG com.tngtech.archunit.core.importer.JavaClassProcessor - Processing class 'java/lang/Exception'
21:07:38.941 [Test worker] DEBUG com.tngtech.archunit.core.importer.JavaClassProcessor - Processing class 'java/util/stream/Stream'
21:07:38.944 [Test worker] DEBUG com.tngtech.archunit.core.importer.JavaClassProcessor - Processing class 'javax/persistence/GeneratedValue'
21:07:38.945 [Test worker] DEBUG com.tngtech.archunit.core.importer.JavaClassProcessor - Processing class 'java/lang/Throwable'
21:07:38.947 [Test worker] DEBUG com.tngtech.archunit.core.importer.JavaClassProcessor - Processing class 'org/springframework/data/jpa/repository/Query'
21:07:38.949 [Test worker] DEBUG com.tngtech.archunit.core.importer.JavaClassProcessor - Processing class 'com/auth0/jwt/JWT'
21:07:38.967 [Test worker] DEBUG com.tngtech.archunit.core.importer.JavaClassProcessor - Processing class 'com/auth0/jwt/interfaces/DecodedJWT'
21:07:38.968 [Test worker] DEBUG com.tngtech.archunit.core.importer.JavaClassProcessor - Processing class 'java/time/LocalDateTime'
21:07:38.972 [Test worker] DEBUG com.tngtech.archunit.core.importer.JavaClassProcessor - Processing class 'org/springframework/web/filter/OncePerRequestFilter'
21:07:38.975 [Test worker] DEBUG com.tngtech.archunit.core.importer.JavaClassProcessor - Processing class 'org/springframework/retry/annotation/EnableRetry'
21:07:38.977 [Test worker] DEBUG com.tngtech.archunit.core.importer.JavaClassProcessor - Processing class 'java/util/ArrayList'
21:07:38.979 [Test worker] DEBUG com.tngtech.archunit.core.importer.JavaClassProcessor - Processing class 'org/springframework/web/bind/annotation/RequestBody'
21:07:38.981 [Test worker] DEBUG com.tngtech.archunit.core.importer.JavaClassProcessor - Processing class 'javax/servlet/http/HttpServletRequest'
21:07:38.982 [Test worker] DEBUG com.tngtech.archunit.core.importer.JavaClassProcessor - Processing class 'javax/persistence/Table'
21:07:38.983 [Test worker] DEBUG com.tngtech.archunit.core.importer.JavaClassProcessor - Processing class 'org/springframework/web/bind/annotation/ExceptionHandler'
21:07:38.984 [Test worker] DEBUG com.tngtech.archunit.core.importer.JavaClassProcessor - Processing class 'org/springframework/web/bind/annotation/ControllerAdvice'
21:07:38.985 [Test worker] DEBUG com.tngtech.archunit.core.importer.JavaClassProcessor - Processing class 'org/springframework/boot/autoconfigure/SpringBootApplication'
21:07:38.988 [Test worker] DEBUG com.tngtech.archunit.core.importer.JavaClassProcessor - Processing class 'javax/persistence/OneToMany'
21:07:38.989 [Test worker] DEBUG com.tngtech.archunit.core.importer.JavaClassProcessor - Processing class 'java/io/IOException'
21:07:38.998 [Test worker] DEBUG com.tngtech.archunit.core.importer.JavaClassProcessor - Processing class 'java/lang/annotation/Target'
21:07:38.999 [Test worker] DEBUG com.tngtech.archunit.core.importer.JavaClassProcessor - Processing class 'java/lang/RuntimeException'
21:07:39.001 [Test worker] DEBUG com.tngtech.archunit.core.importer.JavaClassProcessor - Processing class 'org/springframework/boot/web/client/RestTemplateBuilder'
21:07:39.005 [Test worker] DEBUG com.tngtech.archunit.core.importer.JavaClassProcessor - Processing class 'org/springframework/http/HttpStatus'
21:07:39.007 [Test worker] DEBUG com.tngtech.archunit.core.importer.JavaClassProcessor - Processing class 'javax/persistence/FetchType'
21:07:39.007 [Test worker] DEBUG com.tngtech.archunit.core.importer.JavaClassProcessor - Processing class 'java/lang/IllegalStateException'
21:07:39.008 [Test worker] DEBUG com.tngtech.archunit.core.importer.JavaClassProcessor - Processing class 'org/springframework/web/bind/annotation/PathVariable'
21:07:39.010 [Test worker] DEBUG com.tngtech.archunit.core.importer.JavaClassProcessor - Processing class 'io/jsonwebtoken/impl/crypto/DefaultJwtSignatureValidator'
21:07:39.011 [Test worker] DEBUG com.tngtech.archunit.core.importer.JavaClassProcessor - Processing class 'javax/servlet/FilterChain'
21:07:39.012 [Test worker] DEBUG com.tngtech.archunit.core.importer.JavaClassProcessor - Processing class 'org/springframework/boot/web/servlet/FilterRegistrationBean'
21:07:39.014 [Test worker] DEBUG com.tngtech.archunit.core.importer.JavaClassProcessor - Processing class 'javax/servlet/ServletException'
21:07:39.014 [Test worker] DEBUG com.tngtech.archunit.core.importer.JavaClassProcessor - Processing class 'java/util/Date'
21:07:39.017 [Test worker] DEBUG com.tngtech.archunit.core.importer.JavaClassProcessor - Processing class 'org/slf4j/LoggerFactory'
21:07:39.019 [Test worker] DEBUG com.tngtech.archunit.core.importer.JavaClassProcessor - Processing class 'org/springframework/boot/SpringApplication'
21:07:39.021 [Test worker] DEBUG com.tngtech.archunit.core.importer.JavaClassProcessor - Processing class 'org/springframework/web/bind/annotation/PutMapping'
21:07:39.022 [Test worker] DEBUG com.tngtech.archunit.core.importer.JavaClassProcessor - Processing class 'org/aspectj/lang/annotation/Aspect'
21:07:39.023 [Test worker] DEBUG com.tngtech.archunit.core.importer.JavaClassProcessor - Processing class 'java/lang/reflect/Method'
21:07:39.031 [Test worker] DEBUG com.tngtech.archunit.core.importer.JavaClassProcessor - Processing class 'org/springframework/web/bind/annotation/DeleteMapping'
21:07:39.035 [Test worker] DEBUG com.tngtech.archunit.core.importer.JavaClassProcessor - Processing class 'org/springframework/web/client/RestTemplate'
21:07:39.037 [Test worker] DEBUG com.tngtech.archunit.core.importer.JavaClassProcessor - Processing class 'java/util/concurrent/ConcurrentHashMap'
21:07:39.040 [Test worker] DEBUG com.tngtech.archunit.core.importer.JavaClassProcessor - Processing class 'java/util/UUID'
21:07:39.040 [Test worker] DEBUG com.tngtech.archunit.core.importer.JavaClassProcessor - Processing class 'java/util/stream/Collectors'
21:07:39.044 [Test worker] DEBUG com.tngtech.archunit.core.importer.JavaClassProcessor - Processing class 'org/springframework/context/annotation/Configuration'
21:07:39.045 [Test worker] DEBUG com.tngtech.archunit.core.importer.JavaClassProcessor - Processing class 'javax/persistence/GenerationType'
21:07:39.045 [Test worker] DEBUG com.tngtech.archunit.core.importer.JavaClassProcessor - Processing class 'javax/persistence/Column'
21:07:39.064 [Test worker] DEBUG com.tngtech.archunit.core.importer.JavaClassProcessor - Processing class 'java/util/List'
21:07:39.067 [Test worker] DEBUG com.tngtech.archunit.core.importer.JavaClassProcessor - Processing class 'io/jsonwebtoken/Jwts'
21:07:39.068 [Test worker] DEBUG com.tngtech.archunit.core.importer.JavaClassProcessor - Processing class 'org/springframework/core/env/Environment'
21:07:39.068 [Test worker] DEBUG com.tngtech.archunit.core.importer.JavaClassProcessor - Processing class 'java/lang/annotation/Annotation'
21:07:39.068 [Test worker] DEBUG com.tngtech.archunit.core.importer.JavaClassProcessor - Processing class 'java/util/Optional'
21:07:39.167 [Test worker] DEBUG com.tngtech.archunit.core.importer.JavaClassProcessor - Processing class 'org/springframework/data/jpa/repository/JpaRepository'
21:07:39.172 [Test worker] DEBUG com.tngtech.archunit.core.importer.JavaClassProcessor - Processing class 'org/springframework/web/bind/annotation/RequestMapping'
21:07:39.176 [Test worker] DEBUG com.tngtech.archunit.core.importer.JavaClassProcessor - Processing class 'java/lang/annotation/Retention'
21:07:39.180 [Test worker] DEBUG com.tngtech.archunit.core.importer.JavaClassProcessor - Processing class 'org/springframework/web/bind/annotation/GetMapping'
21:07:39.181 [Test worker] DEBUG com.tngtech.archunit.core.importer.JavaClassProcessor - Processing class 'org/springframework/web/bind/annotation/ResponseStatus'
21:07:39.182 [Test worker] DEBUG com.tngtech.archunit.core.importer.JavaClassProcessor - Processing class 'org/aspectj/lang/JoinPoint'
21:07:39.183 [Test worker] DEBUG com.tngtech.archunit.core.importer.JavaClassProcessor - Processing class 'javax/persistence/Id'
21:07:39.185 [Test worker] DEBUG com.tngtech.archunit.core.importer.JavaClassProcessor - Processing class 'org/slf4j/Logger'
21:07:39.186 [Test worker] DEBUG com.tngtech.archunit.core.importer.JavaClassProcessor - Processing class 'java/util/Iterator'
21:07:39.187 [Test worker] DEBUG com.tngtech.archunit.core.importer.JavaClassProcessor - Processing class 'javax/persistence/JoinColumn'
21:07:39.201 [Test worker] DEBUG com.tngtech.archunit.core.importer.JavaClassProcessor - Processing class 'javax/servlet/http/HttpServletResponse'
21:07:39.203 [Test worker] DEBUG com.tngtech.archunit.core.importer.JavaClassProcessor - Processing class 'org/springframework/web/context/request/ServletRequestAttributes'
21:07:39.205 [Test worker] DEBUG com.tngtech.archunit.core.importer.JavaClassProcessor - Processing class 'java/lang/annotation/ElementType'
21:07:39.206 [Test worker] DEBUG com.tngtech.archunit.core.importer.JavaClassProcessor - Processing class 'java/lang/IllegalArgumentException'
21:07:39.209 [Test worker] DEBUG com.tngtech.archunit.core.importer.JavaClassProcessor - Processing class 'org/springframework/stereotype/Component'
21:07:39.210 [Test worker] DEBUG com.tngtech.archunit.core.importer.JavaClassProcessor - Processing class 'org/aspectj/lang/annotation/Before'
21:07:39.215 [Test worker] DEBUG com.tngtech.archunit.core.importer.JavaClassProcessor - Processing class 'java/lang/Object'
21:07:39.217 [Test worker] DEBUG com.tngtech.archunit.core.importer.JavaClassProcessor - Processing class 'org/aspectj/lang/reflect/MethodSignature'
21:07:39.218 [Test worker] DEBUG com.tngtech.archunit.core.importer.JavaClassProcessor - Processing class 'java/lang/Class'
21:07:39.240 [Test worker] DEBUG com.tngtech.archunit.core.importer.JavaClassProcessor - Processing class 'org/springframework/http/ResponseEntity'
21:07:39.241 [Test worker] DEBUG com.tngtech.archunit.core.importer.JavaClassProcessor - Processing class 'org/springframework/context/annotation/Bean'
21:07:39.242 [Test worker] DEBUG com.tngtech.archunit.core.importer.JavaClassProcessor - Processing class 'java/util/Comparator'
21:07:39.243 [Test worker] DEBUG com.tngtech.archunit.core.importer.JavaClassProcessor - Processing class 'org/apache/commons/codec/digest/DigestUtils'
21:07:39.245 [Test worker] DEBUG com.tngtech.archunit.core.importer.JavaClassProcessor - Processing class 'org/aspectj/lang/ProceedingJoinPoint'
21:07:39.245 [Test worker] DEBUG com.tngtech.archunit.core.importer.JavaClassProcessor - Processing class 'java/lang/annotation/RetentionPolicy'
21:07:39.246 [Test worker] DEBUG com.tngtech.archunit.core.importer.JavaClassProcessor - Processing class 'java/lang/annotation/Inherited'
21:07:39.246 [Test worker] DEBUG com.tngtech.archunit.core.importer.JavaClassProcessor - Processing class 'java/util/DoubleSummaryStatistics'
21:07:39.246 [Test worker] DEBUG com.tngtech.archunit.core.importer.JavaClassProcessor - Processing class 'java/util/function/DoubleConsumer'
21:07:39.247 [Test worker] DEBUG com.tngtech.archunit.core.importer.JavaClassProcessor - Processing class 'java/security/spec/KeySpec'
21:07:39.247 [Test worker] DEBUG com.tngtech.archunit.core.importer.JavaClassProcessor - Processing class 'javax/persistence/ConstraintMode'
21:07:39.267 [Test worker] DEBUG com.tngtech.archunit.core.importer.JavaClassProcessor - Processing class 'org/springframework/core/env/PropertyResolver'
21:07:39.268 [Test worker] DEBUG com.tngtech.archunit.core.importer.JavaClassProcessor - Processing class 'org/springframework/web/filter/GenericFilterBean'
21:07:39.268 [Test worker] DEBUG com.tngtech.archunit.core.importer.JavaClassProcessor - Processing class 'java/util/Map'
21:07:39.325 [Test worker] DEBUG com.tngtech.archunit.core.importer.JavaClassProcessor - Processing class 'java/lang/reflect/Executable'
21:07:39.327 [Test worker] DEBUG com.tngtech.archunit.core.importer.JavaClassProcessor - Processing class 'javax/servlet/Filter'
21:07:39.327 [Test worker] DEBUG com.tngtech.archunit.core.importer.JavaClassProcessor - Processing class 'java/lang/CharSequence'
21:07:39.328 [Test worker] DEBUG com.tngtech.archunit.core.importer.JavaClassProcessor - Processing class 'org/springframework/data/repository/PagingAndSortingRepository'
21:07:39.336 [Test worker] DEBUG com.tngtech.archunit.core.importer.JavaClassProcessor - Processing class 'java/time/chrono/ChronoLocalDateTime'
21:07:39.336 [Test worker] DEBUG com.tngtech.archunit.core.importer.JavaClassProcessor - Processing class 'java/util/Set'
21:07:39.337 [Test worker] DEBUG com.tngtech.archunit.core.importer.JavaClassProcessor - Processing class 'java/io/Serializable'
21:07:39.337 [Test worker] DEBUG com.tngtech.archunit.core.importer.JavaClassProcessor - Processing class 'org/springframework/http/client/ClientHttpRequestInterceptor'
21:07:39.338 [Test worker] DEBUG com.tngtech.archunit.core.importer.JavaClassProcessor - Processing class 'org/springframework/beans/factory/support/BeanNameGenerator'
21:07:39.338 [Test worker] DEBUG com.tngtech.archunit.core.importer.JavaClassProcessor - Processing class 'jdk/internal/ValueBased'
21:07:39.338 [Test worker] DEBUG com.tngtech.archunit.core.importer.JavaClassProcessor - Processing class 'javax/crypto/SecretKey'
21:07:39.339 [Test worker] DEBUG com.tngtech.archunit.core.importer.JavaClassProcessor - Processing class 'org/springframework/http/client/support/InterceptingHttpAccessor'
21:07:39.339 [Test worker] DEBUG com.tngtech.archunit.core.importer.JavaClassProcessor - Processing class 'java/lang/reflect/AnnotatedElement'
21:07:39.340 [Test worker] DEBUG com.tngtech.archunit.core.importer.JavaClassProcessor - Processing class 'java/lang/Double'
21:07:39.341 [Test worker] DEBUG com.tngtech.archunit.core.importer.JavaClassProcessor - Processing class 'org/springframework/http/client/ClientHttpRequestFactory'
21:07:39.358 [Test worker] DEBUG com.tngtech.archunit.core.importer.JavaClassProcessor - Processing class 'org/springframework/boot/web/client/RestTemplateCustomizer'
21:07:39.358 [Test worker] DEBUG com.tngtech.archunit.core.importer.JavaClassProcessor - Processing class 'java/lang/invoke/TypeDescriptor$OfField'
21:07:39.359 [Test worker] DEBUG com.tngtech.archunit.core.importer.JavaClassProcessor - Processing class 'org/springframework/boot/context/TypeExcludeFilter'
21:07:39.360 [Test worker] DEBUG com.tngtech.archunit.core.importer.JavaClassProcessor - Processing class 'org/springframework/boot/web/servlet/AbstractFilterRegistrationBean'
21:07:39.361 [Test worker] DEBUG com.tngtech.archunit.core.importer.JavaClassProcessor - Processing class 'org/springframework/data/repository/NoRepositoryBean'
21:07:39.361 [Test worker] DEBUG com.tngtech.archunit.core.importer.JavaClassProcessor - Processing class 'java/util/RandomAccess'
21:07:39.362 [Test worker] DEBUG com.tngtech.archunit.core.importer.JavaClassProcessor - Processing class 'org/springframework/boot/BootstrapRegistryInitializer'
21:07:39.362 [Test worker] DEBUG com.tngtech.archunit.core.importer.JavaClassProcessor - Processing class 'java/time/temporal/TemporalAmount'
21:07:39.362 [Test worker] DEBUG com.tngtech.archunit.core.importer.JavaClassProcessor - Processing class 'org/springframework/lang/Nullable'
21:07:39.363 [Test worker] DEBUG com.tngtech.archunit.core.importer.JavaClassProcessor - Processing class 'org/springframework/stereotype/Indexed'
21:07:39.363 [Test worker] DEBUG com.tngtech.archunit.core.importer.JavaClassProcessor - Processing class 'java/lang/Number'
21:07:39.363 [Test worker] DEBUG com.tngtech.archunit.core.importer.JavaClassProcessor - Processing class 'java/lang/SafeVarargs'
21:07:39.379 [Test worker] DEBUG com.tngtech.archunit.core.importer.JavaClassProcessor - Processing class 'java/util/Map$Entry'
21:07:39.380 [Test worker] DEBUG com.tngtech.archunit.core.importer.JavaClassProcessor - Processing class 'jdk/internal/vm/annotation/IntrinsicCandidate'
21:07:39.381 [Test worker] DEBUG com.tngtech.archunit.core.importer.JavaClassProcessor - Processing class 'java/util/stream/LongStream'
21:07:39.383 [Test worker] DEBUG com.tngtech.archunit.core.importer.JavaClassProcessor - Processing class 'org/springframework/boot/autoconfigure/EnableAutoConfiguration'
21:07:39.385 [Test worker] DEBUG com.tngtech.archunit.core.importer.JavaClassProcessor - Processing class 'java/lang/Deprecated'
21:07:39.385 [Test worker] DEBUG com.tngtech.archunit.core.importer.JavaClassProcessor - Processing class 'org/springframework/http/HttpMethod'
21:07:39.388 [Test worker] DEBUG com.tngtech.archunit.core.importer.JavaClassProcessor - Processing class 'org/springframework/context/annotation/Import'
21:07:39.389 [Test worker] DEBUG com.tngtech.archunit.core.importer.JavaClassProcessor - Processing class 'javax/persistence/JoinColumns'
21:07:39.390 [Test worker] DEBUG com.tngtech.archunit.core.importer.JavaClassProcessor - Processing class 'org/springframework/web/client/RestOperations'
21:07:39.419 [Test worker] DEBUG com.tngtech.archunit.core.importer.JavaClassProcessor - Processing class 'java/lang/reflect/Field'
21:07:39.421 [Test worker] DEBUG com.tngtech.archunit.core.importer.JavaClassProcessor - Processing class 'com/auth0/jwt/interfaces/Header'
21:07:39.421 [Test worker] DEBUG com.tngtech.archunit.core.importer.JavaClassProcessor - Processing class 'org/springframework/context/annotation/ComponentScan'
21:07:39.422 [Test worker] DEBUG com.tngtech.archunit.core.importer.JavaClassProcessor - Processing class 'java/util/stream/Collector$Characteristics'
21:07:39.422 [Test worker] DEBUG com.tngtech.archunit.core.importer.JavaClassProcessor - Processing class 'java/lang/constant/Constable'
21:07:39.422 [Test worker] DEBUG com.tngtech.archunit.core.importer.JavaClassProcessor - Processing class 'java/time/chrono/ChronoZonedDateTime'
21:07:39.423 [Test worker] DEBUG com.tngtech.archunit.core.importer.JavaClassProcessor - Processing class 'org/springframework/boot/SpringBootConfiguration'
21:07:39.424 [Test worker] DEBUG com.tngtech.archunit.core.importer.JavaClassProcessor - Processing class 'java/lang/Comparable'
21:07:39.424 [Test worker] DEBUG com.tngtech.archunit.core.importer.JavaClassProcessor - Processing class 'java/time/temporal/TemporalAdjuster'
21:07:39.424 [Test worker] DEBUG com.tngtech.archunit.core.importer.JavaClassProcessor - Processing class 'java/net/URL'
21:07:39.425 [Test worker] DEBUG com.tngtech.archunit.core.importer.JavaClassProcessor - Processing class 'java/util/function/IntConsumer'
21:07:39.425 [Test worker] DEBUG com.tngtech.archunit.core.importer.JavaClassProcessor - Processing class 'java/util/AbstractList'
21:07:39.426 [Test worker] DEBUG com.tngtech.archunit.core.importer.JavaClassProcessor - Processing class 'org/springframework/data/annotation/QueryAnnotation'
21:07:39.426 [Test worker] DEBUG com.tngtech.archunit.core.importer.JavaClassProcessor - Processing class 'org/springframework/context/annotation/ComponentScan$Filter'
21:07:39.486 [Test worker] DEBUG com.tngtech.archunit.core.importer.JavaClassProcessor - Processing class 'java/lang/Enum'
21:07:39.487 [Test worker] DEBUG com.tngtech.archunit.core.importer.JavaClassProcessor - Processing class 'io/jsonwebtoken/impl/crypto/JwtSignatureValidator'
21:07:39.488 [Test worker] DEBUG com.tngtech.archunit.core.importer.JavaClassProcessor - Processing class 'org/springframework/web/context/request/RequestAttributes'
21:07:39.489 [Test worker] DEBUG com.tngtech.archunit.core.importer.JavaClassProcessor - Processing class 'java/lang/annotation/Documented'
21:07:39.490 [Test worker] DEBUG com.tngtech.archunit.core.importer.JavaClassProcessor - Processing class 'org/springframework/boot/web/client/RestTemplateRequestCustomizer'
21:07:39.491 [Test worker] DEBUG com.tngtech.archunit.core.importer.JavaClassProcessor - Processing class 'java/lang/Cloneable'
21:07:39.491 [Test worker] DEBUG com.tngtech.archunit.core.importer.JavaClassProcessor - Processing class 'jdk/internal/vm/annotation/ForceInline'
21:07:39.493 [Test worker] DEBUG com.tngtech.archunit.core.importer.JavaClassProcessor - Processing class 'org/springframework/http/HttpHeaders'
21:07:39.497 [Test worker] DEBUG com.tngtech.archunit.core.importer.JavaClassProcessor - Processing class 'javax/persistence/ForeignKey'
21:07:39.516 [Test worker] DEBUG com.tngtech.archunit.core.importer.JavaClassProcessor - Processing class 'java/util/Collection'
21:07:39.518 [Test worker] DEBUG com.tngtech.archunit.core.importer.JavaClassProcessor - Processing class 'org/springframework/web/bind/annotation/RequestMethod'
21:07:39.520 [Test worker] DEBUG com.tngtech.archunit.core.importer.JavaClassProcessor - Processing class 'org/springframework/context/ApplicationListener'
21:07:39.521 [Test worker] DEBUG com.tngtech.archunit.core.importer.JavaClassProcessor - Processing class 'org/springframework/beans/factory/annotation/Autowire'
21:07:39.522 [Test worker] DEBUG com.tngtech.archunit.core.importer.JavaClassProcessor - Processing class 'java/util/stream/DoubleStream'
21:07:39.524 [Test worker] DEBUG com.tngtech.archunit.core.importer.JavaClassProcessor - Processing class 'org/springframework/http/HttpEntity'
21:07:39.525 [Test worker] DEBUG com.tngtech.archunit.core.importer.JavaClassProcessor - Processing class 'java/lang/Class$ReflectionData'
21:07:39.527 [Test worker] DEBUG com.tngtech.archunit.core.importer.JavaClassProcessor - Processing class 'javax/servlet/ServletResponse'
21:07:39.527 [Test worker] DEBUG com.tngtech.archunit.core.importer.JavaClassProcessor - Processing class 'java/lang/reflect/Type'
21:07:39.530 [Test worker] DEBUG com.tngtech.archunit.core.importer.JavaClassProcessor - Processing class 'jdk/internal/reflect/CallerSensitive'
21:07:39.531 [Test worker] DEBUG com.tngtech.archunit.core.importer.JavaClassProcessor - Processing class 'org/springframework/http/converter/HttpMessageConverter'
21:07:39.532 [Test worker] DEBUG com.tngtech.archunit.core.importer.JavaClassProcessor - Processing class 'java/time/LocalDate'
21:07:39.534 [Test worker] DEBUG com.tngtech.archunit.core.importer.JavaClassProcessor - Processing class 'org/springframework/boot/SpringBootExceptionReporter'
21:07:39.536 [Test worker] DEBUG com.tngtech.archunit.core.importer.JavaClassProcessor - Processing class 'java/time/temporal/Temporal'
21:07:39.537 [Test worker] DEBUG com.tngtech.archunit.core.importer.JavaClassProcessor - Processing class 'java/util/stream/IntStream'
21:07:39.538 [Test worker] DEBUG com.tngtech.archunit.core.importer.JavaClassProcessor - Processing class 'org/springframework/context/annotation/EnableAspectJAutoProxy'
21:07:39.539 [Test worker] DEBUG com.tngtech.archunit.core.importer.JavaClassProcessor - Processing class 'java/time/temporal/TemporalUnit'
21:07:39.540 [Test worker] DEBUG com.tngtech.archunit.core.importer.JavaClassProcessor - Processing class 'org/springframework/boot/autoconfigure/AutoConfigurationExcludeFilter'
21:07:39.541 [Test worker] DEBUG com.tngtech.archunit.core.importer.JavaClassProcessor - Processing class 'org/springframework/stereotype/Controller'
21:07:39.543 [Test worker] DEBUG com.tngtech.archunit.core.importer.JavaClassProcessor - Processing class 'org/springframework/web/context/request/AbstractRequestAttributes'
21:07:39.544 [Test worker] DEBUG com.tngtech.archunit.core.importer.JavaClassProcessor - Processing class 'org/springframework/retry/annotation/RetryConfiguration'
21:07:39.545 [Test worker] DEBUG com.tngtech.archunit.core.importer.JavaClassProcessor - Processing class 'java/util/concurrent/ConcurrentMap'
21:07:39.546 [Test worker] DEBUG com.tngtech.archunit.core.importer.JavaClassProcessor - Processing class 'javax/servlet/http/HttpUpgradeHandler'
21:07:39.546 [Test worker] DEBUG com.tngtech.archunit.core.importer.JavaClassProcessor - Processing class 'java/lang/FunctionalInterface'
21:07:39.547 [Test worker] DEBUG com.tngtech.archunit.core.importer.JavaClassProcessor - Processing class 'java/lang/constant/ConstantDesc'
21:07:39.548 [Test worker] DEBUG com.tngtech.archunit.core.importer.JavaClassProcessor - Processing class 'java/lang/annotation/Repeatable'
21:07:39.549 [Test worker] DEBUG com.tngtech.archunit.core.importer.JavaClassProcessor - Processing class 'java/lang/Boolean'
21:07:39.551 [Test worker] DEBUG com.tngtech.archunit.core.importer.JavaClassProcessor - Processing class 'org/aspectj/lang/reflect/CodeSignature'
21:07:39.553 [Test worker] DEBUG com.tngtech.archunit.core.importer.JavaClassProcessor - Processing class 'org/springframework/context/annotation/FilterType'
21:07:39.553 [Test worker] DEBUG com.tngtech.archunit.core.importer.JavaClassProcessor - Processing class 'java/util/LongSummaryStatistics'
21:07:39.554 [Test worker] DEBUG com.tngtech.archunit.core.importer.JavaClassProcessor - Processing class 'java/lang/reflect/GenericDeclaration'
21:07:39.557 [Test worker] DEBUG com.tngtech.archunit.core.importer.JavaClassProcessor - Processing class 'org/springframework/core/annotation/AliasFor'
21:07:39.566 [Test worker] DEBUG com.tngtech.archunit.core.importer.JavaClassProcessor - Processing class 'javax/servlet/ServletRequest'
21:07:39.567 [Test worker] DEBUG com.tngtech.archunit.core.importer.JavaClassProcessor - Processing class 'jdk/internal/vm/annotation/Stable'
21:07:39.569 [Test worker] DEBUG com.tngtech.archunit.core.importer.JavaClassProcessor - Processing class 'org/springframework/core/env/StandardEnvironment'
21:07:39.570 [Test worker] DEBUG com.tngtech.archunit.core.importer.JavaClassProcessor - Processing class 'org/springframework/web/bind/annotation/ResponseBody'
21:07:39.571 [Test worker] DEBUG com.tngtech.archunit.core.importer.JavaClassProcessor - Processing class 'java/util/function/LongConsumer'
21:07:39.572 [Test worker] DEBUG com.tngtech.archunit.core.importer.JavaClassProcessor - Processing class 'java/util/function/Consumer'
21:07:39.574 [Test worker] DEBUG com.tngtech.archunit.core.importer.JavaClassProcessor - Processing class 'io/jsonwebtoken/ClaimsMutator'
21:07:39.576 [Test worker] DEBUG com.tngtech.archunit.core.importer.JavaClassProcessor - Processing class 'org/springframework/data/repository/query/QueryByExampleExecutor'
21:07:39.577 [Test worker] DEBUG com.tngtech.archunit.core.importer.JavaClassProcessor - Processing class 'java/util/AbstractMap'
21:07:39.578 [Test worker] DEBUG com.tngtech.archunit.core.importer.JavaClassProcessor - Processing class 'javax/servlet/http/Part'
21:07:39.589 [Test worker] DEBUG com.tngtech.archunit.core.importer.JavaClassProcessor - Processing class 'java/lang/constant/ClassDesc'
21:07:39.589 [Test worker] DEBUG com.tngtech.archunit.core.importer.JavaClassProcessor - Processing class 'java/util/stream/BaseStream'
21:07:39.590 [Test worker] DEBUG com.tngtech.archunit.core.importer.JavaClassProcessor - Processing class 'java/util/IntSummaryStatistics'
21:07:39.591 [Test worker] DEBUG com.tngtech.archunit.core.importer.JavaClassProcessor - Processing class 'com/auth0/jwt/interfaces/Payload'
21:07:39.592 [Test worker] DEBUG com.tngtech.archunit.core.importer.JavaClassProcessor - Processing class 'org/springframework/context/ApplicationContextInitializer'
21:07:39.593 [Test worker] DEBUG com.tngtech.archunit.core.importer.JavaClassProcessor - Processing class 'org/springframework/web/bind/annotation/Mapping'
21:07:39.594 [Test worker] DEBUG com.tngtech.archunit.core.importer.JavaClassProcessor - Processing class 'org/springframework/data/repository/query/FluentQuery$FetchableFluentQuery'
21:07:39.595 [Test worker] DEBUG com.tngtech.archunit.core.importer.JavaClassProcessor - Processing class 'java/lang/Enum$EnumDesc'
21:07:39.595 [Test worker] DEBUG com.tngtech.archunit.core.importer.JavaClassProcessor - Processing class 'java/util/stream/Collector'
21:07:39.596 [Test worker] DEBUG com.tngtech.archunit.core.importer.JavaClassProcessor - Processing class 'java/lang/invoke/TypeDescriptor'
21:07:39.597 [Test worker] DEBUG com.tngtech.archunit.core.importer.JavaClassProcessor - Processing class 'org/springframework/context/PayloadApplicationEvent'
21:07:39.598 [Test worker] DEBUG com.tngtech.archunit.core.importer.JavaClassProcessor - Processing class 'org/springframework/boot/autoconfigure/AutoConfigurationImportSelector'
21:07:39.599 [Test worker] DEBUG com.tngtech.archunit.core.importer.JavaClassProcessor - Processing class 'org/springframework/aop/IntroductionAdvisor'
21:07:39.600 [Test worker] DEBUG com.tngtech.archunit.core.importer.JavaClassProcessor - Processing class 'java/lang/reflect/Member'
21:07:39.600 [Test worker] DEBUG com.tngtech.archunit.core.importer.JavaClassProcessor - Processing class 'java/util/EventListener'
21:07:39.601 [Test worker] DEBUG com.tngtech.archunit.core.importer.JavaClassProcessor - Processing class 'org/springframework/context/annotation/Role'
21:07:39.602 [Test worker] DEBUG com.tngtech.archunit.core.importer.JavaClassProcessor - Processing class 'org/springframework/beans/factory/DisposableBean'
21:07:39.603 [Test worker] DEBUG com.tngtech.archunit.core.importer.JavaClassProcessor - Processing class 'org/springframework/boot/autoconfigure/AutoConfigurationPackage'
21:07:39.605 [Test worker] DEBUG com.tngtech.archunit.core.importer.JavaClassProcessor - Processing class 'java/time/temporal/TemporalAccessor'
21:07:39.606 [Test worker] DEBUG com.tngtech.archunit.core.importer.JavaClassProcessor - Processing class 'org/springframework/http/client/ClientHttpRequest'
21:07:39.607 [Test worker] DEBUG com.tngtech.archunit.core.importer.JavaClassProcessor - Processing class 'org/springframework/beans/factory/BeanFactoryAware'
21:07:39.608 [Test worker] DEBUG com.tngtech.archunit.core.importer.JavaClassProcessor - Processing class 'org/springframework/core/env/EnvironmentCapable'
21:07:39.609 [Test worker] DEBUG com.tngtech.archunit.core.importer.JavaClassProcessor - Processing class 'org/springframework/boot/web/servlet/DynamicRegistrationBean'
21:07:39.609 [Test worker] DEBUG com.tngtech.archunit.core.importer.JavaClassProcessor - Processing class 'java/net/spi/URLStreamHandlerProvider'
21:07:39.617 [Test worker] DEBUG com.tngtech.archunit.core.importer.JavaClassProcessor - Processing class 'org/springframework/util/MultiValueMap'
21:07:39.618 [Test worker] DEBUG com.tngtech.archunit.core.importer.JavaClassProcessor - Processing class 'org/springframework/context/ApplicationEvent'
21:07:39.619 [Test worker] DEBUG com.tngtech.archunit.core.importer.JavaClassProcessor - Processing class 'javax/servlet/FilterRegistration$Dynamic'
21:07:39.620 [Test worker] DEBUG com.tngtech.archunit.core.importer.JavaClassProcessor - Processing class 'org/springframework/web/context/ServletContextAware'
21:07:39.621 [Test worker] DEBUG com.tngtech.archunit.core.importer.JavaClassProcessor - Processing class 'org/springframework/core/type/filter/TypeFilter'
21:07:39.622 [Test worker] DEBUG com.tngtech.archunit.core.importer.JavaClassProcessor - Processing class 'java/lang/Runnable'
21:07:39.622 [Test worker] DEBUG com.tngtech.archunit.core.importer.JavaClassProcessor - Processing class 'java/lang/AutoCloseable'
21:07:39.623 [Test worker] DEBUG com.tngtech.archunit.core.importer.JavaClassProcessor - Processing class 'java/util/AbstractCollection'
21:07:39.624 [Test worker] DEBUG com.tngtech.archunit.core.importer.JavaClassProcessor - Processing class 'java/util/Locale'
21:07:39.625 [Test worker] DEBUG com.tngtech.archunit.core.importer.JavaClassProcessor - Processing class 'org/springframework/context/ConfigurableApplicationContext'
21:07:39.626 [Test worker] DEBUG com.tngtech.archunit.core.importer.JavaClassProcessor - Processing class 'javax/security/auth/Destroyable'
21:07:39.627 [Test worker] DEBUG com.tngtech.archunit.core.importer.JavaClassProcessor - Processing class 'org/springframework/http/MediaType'
21:07:39.789 [Test worker] DEBUG com.tngtech.archunit.core.importer.JavaClassProcessor - Processing class 'java/util/Locale$LanguageRange'
21:07:39.791 [Test worker] DEBUG com.tngtech.archunit.core.importer.JavaClassProcessor - Processing class 'org/springframework/aop/support/AbstractPointcutAdvisor'
21:07:39.791 [Test worker] DEBUG com.tngtech.archunit.core.importer.JavaClassProcessor - Processing class 'java/security/Key'
21:07:39.797 [Test worker] DEBUG com.tngtech.archunit.core.importer.JavaClassProcessor - Processing class 'java/lang/constant/DynamicConstantDesc'
21:07:39.798 [Test worker] DEBUG com.tngtech.archunit.core.importer.JavaClassProcessor - Processing class 'java/net/URLStreamHandler'
21:07:39.799 [Test worker] DEBUG com.tngtech.archunit.core.importer.JavaClassProcessor - Processing class 'org/springframework/http/client/support/HttpAccessor'
21:07:39.800 [Test worker] DEBUG com.tngtech.archunit.core.importer.JavaClassProcessor - Processing class 'org/springframework/context/annotation/AnnotationScopeMetadataResolver'
21:07:39.801 [Test worker] DEBUG com.tngtech.archunit.core.importer.JavaClassProcessor - Processing class 'org/springframework/beans/factory/BeanClassLoaderAware'
21:07:39.802 [Test worker] DEBUG com.tngtech.archunit.core.importer.JavaClassProcessor - Processing class 'org/aspectj/lang/reflect/MemberSignature'
21:07:39.803 [Test worker] DEBUG com.tngtech.archunit.core.importer.JavaClassProcessor - Processing class 'org/springframework/context/annotation/AspectJAutoProxyRegistrar'
21:07:39.804 [Test worker] DEBUG com.tngtech.archunit.core.importer.JavaClassProcessor - Processing class 'org/springframework/data/repository/CrudRepository'
21:07:39.805 [Test worker] DEBUG com.tngtech.archunit.core.importer.JavaClassProcessor - Processing class 'org/springframework/beans/factory/InitializingBean'
21:07:39.806 [Test worker] DEBUG com.tngtech.archunit.core.importer.JavaClassProcessor - Processing class 'java/lang/Iterable'
21:07:39.806 [Test worker] DEBUG com.tngtech.archunit.core.importer.JavaClassProcessor - Processing class 'java/nio/charset/Charset'
21:07:39.808 [Test worker] DEBUG com.tngtech.archunit.core.importer.JavaClassProcessor - Processing class 'org/springframework/context/annotation/ComponentScans'
21:07:39.811 [Test worker] DEBUG com.tngtech.archunit.core.importer.JavaClassProcessor - Processing class 'org/springframework/boot/web/servlet/ServletRegistrationBean'
21:07:39.812 [Test worker] DEBUG com.tngtech.archunit.core.importer.JavaClassProcessor - Processing class 'org/springframework/retry/RetryListener'
21:07:39.814 [Test worker] DEBUG com.tngtech.archunit.core.importer.JavaClassProcessor - Processing class 'org/springframework/beans/factory/BeanNameAware'
21:07:39.815 [Test worker] DEBUG com.tngtech.archunit.core.importer.JavaClassProcessor - Processing class 'java/time/chrono/ChronoLocalDate'
21:07:39.816 [Test worker] DEBUG com.tngtech.archunit.core.importer.JavaClassProcessor - Processing class 'java/lang/reflect/AccessibleObject'
21:07:39.817 [Test worker] DEBUG com.tngtech.archunit.core.importer.JavaClassProcessor - Processing class 'org/springframework/context/annotation/ScopedProxyMode'
21:07:39.819 [Test worker] DEBUG com.tngtech.archunit.core.importer.JavaClassProcessor - Processing class 'org/springframework/http/HttpRange'
21:07:39.820 [Test worker] DEBUG com.tngtech.archunit.core.importer.JavaClassProcessor - Processing class 'org/springframework/beans/factory/SmartInitializingSingleton'
21:07:39.821 [Test worker] DEBUG com.tngtech.archunit.core.importer.JavaClassProcessor - Processing class 'org/springframework/context/EnvironmentAware'
21:07:39.822 [Test worker] DEBUG com.tngtech.archunit.core.importer.JavaClassProcessor - Processing class 'org/springframework/context/annotation/ScopeMetadataResolver'
21:07:39.823 [Test worker] DEBUG com.tngtech.archunit.core.importer.JavaClassProcessor - Processing class 'javax/servlet/DispatcherType'
21:07:39.825 [Test worker] DEBUG com.tngtech.archunit.core.importer.JavaClassProcessor - Processing class 'org/springframework/core/env/AbstractEnvironment'
21:07:39.826 [Test worker] DEBUG com.tngtech.archunit.core.importer.JavaClassProcessor - Processing class 'org/springframework/boot/autoconfigure/AutoConfigurationImportListener'
21:07:39.827 [Test worker] DEBUG com.tngtech.archunit.core.importer.JavaClassProcessor - Processing class 'java/nio/charset/spi/CharsetProvider'
21:07:39.828 [Test worker] DEBUG com.tngtech.archunit.core.importer.JavaClassProcessor - Processing class 'org/springframework/data/repository/query/FluentQuery'
21:07:39.829 [Test worker] DEBUG com.tngtech.archunit.core.importer.JavaClassProcessor - Processing class 'org/springframework/http/HttpRequest'
21:07:39.830 [Test worker] DEBUG com.tngtech.archunit.core.importer.JavaClassProcessor - Processing class 'org/springframework/boot/web/servlet/RegistrationBean'
21:07:39.831 [Test worker] DEBUG com.tngtech.archunit.core.importer.JavaClassProcessor - Processing class 'javax/servlet/Registration$Dynamic'
21:07:39.832 [Test worker] DEBUG com.tngtech.archunit.core.importer.JavaClassProcessor - Processing class 'java/util/EventObject'
21:07:39.833 [Test worker] DEBUG com.tngtech.archunit.core.importer.JavaClassProcessor - Processing class 'org/springframework/util/MimeType'
21:07:39.834 [Test worker] DEBUG com.tngtech.archunit.core.importer.JavaClassProcessor - Processing class 'java/lang/Character'
21:07:39.836 [Test worker] DEBUG com.tngtech.archunit.core.importer.JavaClassProcessor - Processing class 'org/springframework/data/repository/Repository'
21:07:39.837 [Test worker] DEBUG com.tngtech.archunit.core.importer.JavaClassProcessor - Processing class 'org/springframework/boot/autoconfigure/AutoConfigurationPackages$Registrar'
21:07:39.838 [Test worker] DEBUG com.tngtech.archunit.core.importer.JavaClassProcessor - Processing class 'javax/servlet/ServletRegistration$Dynamic'
21:07:39.971 [Test worker] DEBUG com.tngtech.archunit.core.importer.JavaClassProcessor - Processing class 'java/lang/ThreadLocal'
21:07:39.973 [Test worker] DEBUG com.tngtech.archunit.core.importer.JavaClassProcessor - Processing class 'javax/servlet/Servlet'
21:07:39.973 [Test worker] DEBUG com.tngtech.archunit.core.importer.JavaClassProcessor - Processing class 'org/aspectj/lang/Signature'
21:07:39.974 [Test worker] DEBUG com.tngtech.archunit.core.importer.JavaClassProcessor - Processing class 'javax/servlet/FilterRegistration'
21:07:39.975 [Test worker] DEBUG com.tngtech.archunit.core.importer.JavaClassProcessor - Processing class 'java/net/URLStreamHandlerFactory'
21:07:39.975 [Test worker] DEBUG com.tngtech.archunit.core.importer.JavaClassProcessor - Processing class 'sun/util/locale/LocaleExtensions'
21:07:39.976 [Test worker] DEBUG com.tngtech.archunit.core.importer.JavaClassProcessor - Processing class 'org/springframework/core/Ordered'
21:07:39.977 [Test worker] DEBUG com.tngtech.archunit.core.importer.JavaClassProcessor - Processing class 'org/springframework/aop/PointcutAdvisor'
21:07:39.978 [Test worker] DEBUG com.tngtech.archunit.core.importer.JavaClassProcessor - Processing class 'org/springframework/context/annotation/DeferredImportSelector'
21:07:39.979 [Test worker] DEBUG com.tngtech.archunit.core.importer.JavaClassProcessor - Processing class 'org/springframework/beans/factory/Aware'
21:07:39.980 [Test worker] DEBUG com.tngtech.archunit.core.importer.JavaClassProcessor - Processing class 'org/springframework/core/ResolvableTypeProvider'
21:07:39.981 [Test worker] DEBUG com.tngtech.archunit.core.importer.JavaClassProcessor - Processing class 'org/springframework/core/io/support/ResourceRegion'
21:07:39.982 [Test worker] DEBUG com.tngtech.archunit.core.importer.JavaClassProcessor - Processing class 'org/springframework/aop/IntroductionInfo'
21:07:39.983 [Test worker] DEBUG com.tngtech.archunit.core.importer.JavaClassProcessor - Processing class 'org/springframework/boot/autoconfigure/AutoConfigurationImportFilter'
21:07:39.984 [Test worker] DEBUG com.tngtech.archunit.core.importer.JavaClassProcessor - Processing class 'org/springframework/core/env/ConfigurableEnvironment'
21:07:39.985 [Test worker] DEBUG com.tngtech.archunit.core.importer.JavaClassProcessor - Processing class 'org/springframework/context/annotation/ImportBeanDefinitionRegistrar'
21:07:39.986 [Test worker] DEBUG com.tngtech.archunit.core.importer.JavaClassProcessor - Processing class 'org/springframework/http/client/ClientHttpRequestInitializer'
21:07:39.992 [Test worker] DEBUG com.tngtech.archunit.core.importer.JavaClassProcessor - Processing class 'org/springframework/aop/Advisor'
21:07:39.993 [Test worker] DEBUG com.tngtech.archunit.core.importer.JavaClassProcessor - Processing class 'org/springframework/context/ResourceLoaderAware'
21:07:39.994 [Test worker] DEBUG com.tngtech.archunit.core.importer.JavaClassProcessor - Processing class 'org/springframework/context/ApplicationContext'
21:07:39.995 [Test worker] DEBUG com.tngtech.archunit.core.importer.JavaClassProcessor - Processing class 'org/springframework/context/Lifecycle'
21:07:39.995 [Test worker] DEBUG com.tngtech.archunit.core.importer.JavaClassProcessor - Processing class 'sun/util/locale/BaseLocale'
21:07:39.997 [Test worker] DEBUG com.tngtech.archunit.core.importer.JavaClassProcessor - Processing class 'org/springframework/context/annotation/DeferredImportSelector$Group'
21:07:39.997 [Test worker] DEBUG com.tngtech.archunit.core.importer.JavaClassProcessor - Processing class 'java/io/Closeable'
21:07:39.998 [Test worker] DEBUG com.tngtech.archunit.core.importer.JavaClassProcessor - Processing class 'org/springframework/http/HttpOutputMessage'
21:07:39.999 [Test worker] DEBUG com.tngtech.archunit.core.importer.JavaClassProcessor - Processing class 'sun/util/locale/Extension'
21:07:39.999 [Test worker] DEBUG com.tngtech.archunit.core.importer.JavaClassProcessor - Processing class 'org/springframework/beans/factory/HierarchicalBeanFactory'
21:07:40.000 [Test worker] DEBUG com.tngtech.archunit.core.importer.JavaClassProcessor - Processing class 'javax/servlet/ServletRegistration'
21:07:40.001 [Test worker] DEBUG com.tngtech.archunit.core.importer.JavaClassProcessor - Processing class 'org/springframework/core/env/ConfigurablePropertyResolver'
21:07:40.002 [Test worker] DEBUG com.tngtech.archunit.core.importer.JavaClassProcessor - Processing class 'org/springframework/context/annotation/DeferredImportSelector$Group$Entry'
21:07:40.003 [Test worker] DEBUG com.tngtech.archunit.core.importer.JavaClassProcessor - Processing class 'org/springframework/context/ApplicationEventPublisher'
21:07:40.004 [Test worker] DEBUG com.tngtech.archunit.core.importer.JavaClassProcessor - Processing class 'org/springframework/http/HttpMessage'
21:07:40.005 [Test worker] DEBUG com.tngtech.archunit.core.importer.JavaClassProcessor - Processing class 'org/springframework/context/annotation/ImportSelector'
21:07:40.006 [Test worker] DEBUG com.tngtech.archunit.core.importer.JavaClassProcessor - Processing class 'org/springframework/boot/web/servlet/ServletContextInitializer'
21:07:40.007 [Test worker] DEBUG com.tngtech.archunit.core.importer.JavaClassProcessor - Processing class 'org/springframework/context/MessageSource'
21:07:40.007 [Test worker] DEBUG com.tngtech.archunit.core.importer.JavaClassProcessor - Processing class 'javax/servlet/Registration'
21:07:40.019 [Test worker] DEBUG com.tngtech.archunit.core.importer.JavaClassProcessor - Processing class 'org/springframework/boot/autoconfigure/AutoConfigurationPackages'
21:07:40.020 [Test worker] DEBUG com.tngtech.archunit.core.importer.JavaClassProcessor - Processing class 'org/springframework/boot/context/annotation/DeterminableImports'
21:07:40.021 [Test worker] DEBUG com.tngtech.archunit.core.importer.JavaClassProcessor - Processing class 'sun/util/locale/InternalLocaleBuilder$CaseInsensitiveString'
21:07:40.087 [Test worker] DEBUG com.tngtech.archunit.core.importer.JavaClassProcessor - Processing class 'org/springframework/core/io/support/ResourcePatternResolver'
21:07:40.088 [Test worker] DEBUG com.tngtech.archunit.core.importer.JavaClassProcessor - Processing class 'sun/util/locale/InternalLocaleBuilder$CaseInsensitiveChar'
21:07:40.089 [Test worker] DEBUG com.tngtech.archunit.core.importer.JavaClassProcessor - Processing class 'org/springframework/beans/factory/ListableBeanFactory'
21:07:40.090 [Test worker] DEBUG com.tngtech.archunit.core.importer.JavaClassProcessor - Processing class 'org/springframework/core/io/ResourceLoader'
21:07:40.091 [Test worker] DEBUG com.tngtech.archunit.core.importer.JavaClassProcessor - Processing class 'org/springframework/beans/factory/BeanFactory'
21:07:40.092 [Test worker] DEBUG com.tngtech.archunit.core.importer.JavaClassProcessor - Processing class 'sun/util/locale/InternalLocaleBuilder'
21:07:40.103 [Test worker] DEBUG com.tngtech.archunit.core.importer.JavaClassProcessor - Processing class 'com/auth0/jwt/impl/JWTParser'
21:07:40.104 [Test worker] DEBUG com.tngtech.archunit.core.importer.JavaClassProcessor - Processing class 'com/auth0/jwt/exceptions/JWTDecodeException'
21:07:40.179 [Test worker] DEBUG com.tngtech.archunit.core.importer.JavaClassProcessor - Processing class 'com/auth0/jwt/interfaces/Verification'
21:07:40.180 [Test worker] DEBUG com.tngtech.archunit.core.importer.JavaClassProcessor - Processing class 'com/auth0/jwt/algorithms/Algorithm'
21:07:40.182 [Test worker] DEBUG com.tngtech.archunit.core.importer.JavaClassProcessor - Processing class 'com/auth0/jwt/JWTCreator$Builder'
21:07:40.184 [Test worker] DEBUG com.tngtech.archunit.core.importer.JavaClassProcessor - Processing class 'java/time/Instant'
21:07:40.195 [Test worker] DEBUG com.tngtech.archunit.core.importer.JavaClassProcessor - Processing class 'io/jsonwebtoken/CompressionCodec'
21:07:40.196 [Test worker] DEBUG com.tngtech.archunit.core.importer.JavaClassProcessor - Processing class 'io/jsonwebtoken/Claims'
21:07:40.198 [Test worker] DEBUG com.tngtech.archunit.core.importer.JavaClassProcessor - Processing class 'io/jsonwebtoken/Header'
21:07:40.199 [Test worker] DEBUG com.tngtech.archunit.core.importer.JavaClassProcessor - Processing class 'io/jsonwebtoken/JwtParser'
21:07:40.200 [Test worker] DEBUG com.tngtech.archunit.core.importer.JavaClassProcessor - Processing class 'io/jsonwebtoken/JwsHeader'
21:07:40.202 [Test worker] DEBUG com.tngtech.archunit.core.importer.JavaClassProcessor - Processing class 'io/jsonwebtoken/SignatureException'
21:07:40.203 [Test worker] DEBUG com.tngtech.archunit.core.importer.JavaClassProcessor - Processing class 'io/jsonwebtoken/impl/crypto/SignatureValidator'
21:07:40.205 [Test worker] DEBUG com.tngtech.archunit.core.importer.JavaClassProcessor - Processing class 'io/jsonwebtoken/impl/crypto/SignatureValidatorFactory'
21:07:40.210 [Test worker] DEBUG com.tngtech.archunit.core.importer.JavaClassProcessor - Processing class 'sun/reflect/annotation/AnnotationType'
21:07:40.211 [Test worker] DEBUG com.tngtech.archunit.core.importer.JavaClassProcessor - Processing class 'java/lang/reflect/Constructor'
21:07:40.339 [Test worker] DEBUG com.tngtech.archunit.core.importer.JavaClassProcessor - Processing class 'sun/reflect/generics/repository/ClassRepository'
21:07:40.340 [Test worker] DEBUG com.tngtech.archunit.core.importer.JavaClassProcessor - Processing class 'java/io/ObjectStreamField'
21:07:40.341 [Test worker] DEBUG com.tngtech.archunit.core.importer.JavaClassProcessor - Processing class 'java/security/ProtectionDomain'
21:07:40.341 [Test worker] DEBUG com.tngtech.archunit.core.importer.JavaClassProcessor - Processing class 'java/lang/ClassValue$ClassValueMap'
21:07:40.342 [Test worker] DEBUG com.tngtech.archunit.core.importer.JavaClassProcessor - Processing class 'java/lang/Module'
21:07:40.343 [Test worker] DEBUG com.tngtech.archunit.core.importer.JavaClassProcessor - Processing class 'java/lang/Class$AnnotationData'
21:07:40.343 [Test worker] DEBUG com.tngtech.archunit.core.importer.JavaClassProcessor - Processing class 'java/lang/ref/SoftReference'
21:07:40.343 [Test worker] DEBUG com.tngtech.archunit.core.importer.JavaClassProcessor - Processing class 'jdk/internal/reflect/ReflectionFactory'
21:07:40.344 [Test worker] DEBUG com.tngtech.archunit.core.importer.JavaClassProcessor - Processing class 'java/lang/ClassLoader'
21:07:40.378 [Test worker] DEBUG com.tngtech.archunit.core.importer.JavaClassProcessor - Processing class 'java/lang/NoSuchMethodException'
21:07:40.381 [Test worker] DEBUG com.tngtech.archunit.core.importer.JavaClassProcessor - Processing class 'java/lang/ClassNotFoundException'
21:07:40.382 [Test worker] DEBUG com.tngtech.archunit.core.importer.JavaClassProcessor - Processing class 'java/lang/SecurityException'
21:07:40.383 [Test worker] DEBUG com.tngtech.archunit.core.importer.JavaClassProcessor - Processing class 'sun/reflect/generics/factory/GenericsFactory'
21:07:40.388 [Test worker] DEBUG com.tngtech.archunit.core.importer.JavaClassProcessor - Processing class 'java/lang/reflect/RecordComponent'
21:07:40.391 [Test worker] DEBUG com.tngtech.archunit.core.importer.JavaClassProcessor - Processing class 'java/lang/reflect/AnnotatedType'
21:07:40.392 [Test worker] DEBUG com.tngtech.archunit.core.importer.JavaClassProcessor - Processing class 'java/lang/SecurityManager'
21:07:40.393 [Test worker] DEBUG com.tngtech.archunit.core.importer.JavaClassProcessor - Processing class 'java/lang/Class$EnclosingMethodInfo'
21:07:40.394 [Test worker] DEBUG com.tngtech.archunit.core.importer.JavaClassProcessor - Processing class 'java/lang/reflect/GenericArrayType'
21:07:40.394 [Test worker] DEBUG com.tngtech.archunit.core.importer.JavaClassProcessor - Processing class 'java/lang/NoSuchFieldException'
21:07:40.396 [Test worker] DEBUG com.tngtech.archunit.core.importer.JavaClassProcessor - Processing class 'java/lang/reflect/TypeVariable'
21:07:40.397 [Test worker] DEBUG com.tngtech.archunit.core.importer.JavaClassProcessor - Processing class 'java/lang/Package'
21:07:40.398 [Test worker] DEBUG com.tngtech.archunit.core.importer.JavaClassProcessor - Processing class 'java/io/InputStream'
21:07:40.400 [Test worker] DEBUG com.tngtech.archunit.core.importer.JavaClassProcessor - Processing class 'jdk/internal/loader/BuiltinClassLoader'
21:07:40.401 [Test worker] DEBUG com.tngtech.archunit.core.importer.JavaClassProcessor - Processing class 'jdk/internal/reflect/ConstantPool'
21:07:40.402 [Test worker] DEBUG com.tngtech.archunit.core.importer.JavaClassProcessor - Processing class 'java/lang/InstantiationException'
21:07:40.403 [Test worker] DEBUG com.tngtech.archunit.core.importer.JavaClassProcessor - Processing class 'java/lang/IllegalAccessException'
21:07:40.404 [Test worker] DEBUG com.tngtech.archunit.core.importer.JavaClassProcessor - Processing class 'java/lang/PublicMethods$MethodList'
21:07:40.406 [Test worker] DEBUG com.tngtech.archunit.core.importer.JavaClassProcessor - Processing class 'java/lang/NumberFormatException'
21:07:40.407 [Test worker] DEBUG com.tngtech.archunit.core.importer.JavaClassProcessor - Processing class 'java/lang/invoke/MethodHandles$Lookup'
21:07:40.409 [Test worker] DEBUG com.tngtech.archunit.core.importer.JavaClassProcessor - Processing class 'java/lang/ReflectiveOperationException'
21:07:40.410 [Test worker] DEBUG com.tngtech.archunit.core.importer.JavaClassProcessor - Processing class 'java/lang/CloneNotSupportedException'
21:07:40.411 [Test worker] DEBUG com.tngtech.archunit.core.importer.JavaClassProcessor - Processing class 'java/io/ObjectStreamException'
21:07:40.411 [Test worker] DEBUG com.tngtech.archunit.core.importer.JavaClassProcessor - Processing class 'java/io/ObjectInputStream'
21:07:40.414 [Test worker] DEBUG com.tngtech.archunit.core.importer.JavaClassProcessor - Processing class 'java/util/Spliterator'
21:07:40.415 [Test worker] DEBUG com.tngtech.archunit.core.importer.JavaClassProcessor - Processing class 'java/math/BigInteger'
21:07:40.418 [Test worker] DEBUG com.tngtech.archunit.core.importer.JavaClassProcessor - Processing class 'java/lang/InterruptedException'
21:07:40.419 [Test worker] DEBUG com.tngtech.archunit.core.importer.JavaClassProcessor - Processing class 'java/io/UnsupportedEncodingException'
21:07:40.420 [Test worker] DEBUG com.tngtech.archunit.core.importer.JavaClassProcessor - Processing class 'java/nio/charset/CharsetDecoder'
21:07:40.421 [Test worker] DEBUG com.tngtech.archunit.core.importer.JavaClassProcessor - Processing class 'java/nio/charset/MalformedInputException'
21:07:40.421 [Test worker] DEBUG com.tngtech.archunit.core.importer.JavaClassProcessor - Processing class 'java/nio/charset/CharacterCodingException'
21:07:40.422 [Test worker] DEBUG com.tngtech.archunit.core.importer.JavaClassProcessor - Processing class 'java/lang/AbstractStringBuilder'
21:07:40.423 [Test worker] DEBUG com.tngtech.archunit.core.importer.JavaClassProcessor - Processing class 'java/lang/StringBuffer'
21:07:40.493 [Test worker] DEBUG com.tngtech.archunit.core.importer.JavaClassProcessor - Processing class 'sun/nio/cs/ArrayEncoder'
21:07:40.493 [Test worker] DEBUG com.tngtech.archunit.core.importer.JavaClassProcessor - Processing class 'java/util/function/Function'
21:07:40.494 [Test worker] DEBUG com.tngtech.archunit.core.importer.JavaClassProcessor - Processing class 'java/nio/charset/UnmappableCharacterException'
21:07:40.495 [Test worker] DEBUG com.tngtech.archunit.core.importer.JavaClassProcessor - Processing class 'java/lang/Void'
21:07:40.495 [Test worker] DEBUG com.tngtech.archunit.core.importer.JavaClassProcessor - Processing class 'sun/nio/cs/ArrayDecoder'
21:07:40.496 [Test worker] DEBUG com.tngtech.archunit.core.importer.JavaClassProcessor - Processing class 'java/lang/StringBuilder'
21:07:40.497 [Test worker] DEBUG com.tngtech.archunit.core.importer.JavaClassProcessor - Processing class 'java/io/PrintStream'
21:07:40.498 [Test worker] DEBUG com.tngtech.archunit.core.importer.JavaClassProcessor - Processing class 'java/util/Properties'
21:07:40.502 [Test worker] DEBUG com.tngtech.archunit.core.importer.JavaClassProcessor - Processing class 'java/lang/ModuleLayer'
21:07:40.503 [Test worker] DEBUG com.tngtech.archunit.core.importer.JavaClassProcessor - Processing class 'java/io/Console'
21:07:40.504 [Test worker] DEBUG com.tngtech.archunit.core.importer.JavaClassProcessor - Processing class 'java/lang/System$Logger'
21:07:40.505 [Test worker] DEBUG com.tngtech.archunit.core.importer.JavaClassProcessor - Processing class 'java/util/ResourceBundle'
21:07:40.506 [Test worker] DEBUG com.tngtech.archunit.core.importer.JavaClassProcessor - Processing class 'java/io/FileOutputStream'
21:07:40.508 [Test worker] DEBUG com.tngtech.archunit.core.importer.JavaClassProcessor - Processing class 'java/nio/channels/Channel'
21:07:40.509 [Test worker] DEBUG com.tngtech.archunit.core.importer.JavaClassProcessor - Processing class 'java/lang/invoke/StringConcatFactory'
21:07:40.510 [Test worker] DEBUG com.tngtech.archunit.core.importer.JavaClassProcessor - Processing class 'java/util/concurrent/atomic/AtomicInteger'
21:07:40.511 [Test worker] DEBUG com.tngtech.archunit.core.importer.JavaClassProcessor - Processing class 'java/lang/Thread'
21:07:40.512 [Test worker] DEBUG com.tngtech.archunit.core.importer.JavaClassProcessor - Processing class 'java/lang/ThreadLocal$ThreadLocalMap'
21:07:40.513 [Test worker] DEBUG com.tngtech.archunit.core.importer.JavaClassProcessor - Processing class 'jdk/internal/misc/TerminatingThreadLocal'
21:07:40.514 [Test worker] DEBUG com.tngtech.archunit.core.importer.JavaClassProcessor - Processing class 'java/util/function/Supplier'
21:07:40.515 [Test worker] DEBUG com.tngtech.archunit.core.importer.JavaClassProcessor - Processing class 'java/lang/StackTraceElement'
21:07:40.517 [Test worker] DEBUG com.tngtech.archunit.core.importer.JavaClassProcessor - Processing class 'java/io/ObjectOutputStream'
21:07:40.519 [Test worker] DEBUG com.tngtech.archunit.core.importer.JavaClassProcessor - Processing class 'java/lang/Throwable$PrintStreamOrWriter'
21:07:40.520 [Test worker] DEBUG com.tngtech.archunit.core.importer.JavaClassProcessor - Processing class 'java/io/PrintWriter'
21:07:40.525 [Test worker] DEBUG com.tngtech.archunit.core.importer.JavaClassProcessor - Processing class 'java/lang/constant/DirectMethodHandleDesc'
21:07:40.526 [Test worker] DEBUG com.tngtech.archunit.core.importer.JavaClassProcessor - Processing class 'java/lang/reflect/AccessibleObject$Cache'
21:07:40.527 [Test worker] DEBUG com.tngtech.archunit.core.importer.JavaClassProcessor - Processing class 'java/lang/invoke/MethodHandle'
21:07:40.528 [Test worker] DEBUG com.tngtech.archunit.core.importer.JavaClassProcessor - Processing class 'java/lang/ref/WeakReference'
21:07:40.537 [Test worker] DEBUG com.tngtech.archunit.core.importer.JavaClassProcessor - Processing class 'java/lang/reflect/Parameter'
21:07:40.543 [Test worker] DEBUG com.tngtech.archunit.core.importer.JavaClassProcessor - Processing class 'sun/reflect/generics/repository/ConstructorRepository'
21:07:40.545 [Test worker] DEBUG com.tngtech.archunit.core.importer.JavaClassProcessor - Processing class 'sun/reflect/generics/repository/FieldRepository'
21:07:40.546 [Test worker] DEBUG com.tngtech.archunit.core.importer.JavaClassProcessor - Processing class 'jdk/internal/reflect/FieldAccessor'
21:07:40.856 [Test worker] DEBUG com.tngtech.archunit.core.importer.JavaClassProcessor - Processing class 'jdk/internal/reflect/MethodAccessor'
21:07:40.857 [Test worker] DEBUG com.tngtech.archunit.core.importer.JavaClassProcessor - Processing class 'sun/reflect/generics/repository/MethodRepository'
21:07:40.857 [Test worker] DEBUG com.tngtech.archunit.core.importer.JavaClassProcessor - Processing class 'java/lang/reflect/InvocationTargetException'
21:07:40.861 [Test worker] DEBUG com.tngtech.archunit.core.importer.JavaClassProcessor - Processing class 'sun/reflect/annotation/ExceptionProxy'
21:07:40.865 [Test worker] DEBUG com.tngtech.archunit.core.importer.JavaClassProcessor - Processing class 'sun/reflect/annotation/TypeNotPresentExceptionProxy'
21:07:40.866 [Test worker] DEBUG com.tngtech.archunit.core.importer.JavaClassProcessor - Processing class 'java/net/InetAddress'
21:07:40.868 [Test worker] DEBUG com.tngtech.archunit.core.importer.JavaClassProcessor - Processing class 'java/net/UrlDeserializedState'
21:07:40.869 [Test worker] DEBUG com.tngtech.archunit.core.importer.JavaClassProcessor - Processing class 'java/util/Hashtable'
21:07:40.871 [Test worker] DEBUG com.tngtech.archunit.core.importer.JavaClassProcessor - Processing class 'java/net/URI'
21:07:40.874 [Test worker] DEBUG com.tngtech.archunit.core.importer.JavaClassProcessor - Processing class 'java/net/MalformedURLException'
21:07:40.874 [Test worker] DEBUG com.tngtech.archunit.core.importer.JavaClassProcessor - Processing class 'java/io/InvalidObjectException'
21:07:40.875 [Test worker] DEBUG com.tngtech.archunit.core.importer.JavaClassProcessor - Processing class 'java/net/URISyntaxException'
21:07:40.876 [Test worker] DEBUG com.tngtech.archunit.core.importer.JavaClassProcessor - Processing class 'java/net/URLConnection'
21:07:40.878 [Test worker] DEBUG com.tngtech.archunit.core.importer.JavaClassProcessor - Processing class 'java/net/Proxy'
21:07:40.879 [Test worker] DEBUG com.tngtech.archunit.core.importer.JavaClassProcessor - Processing class 'sun/net/www/protocol/jar/Handler'
21:07:40.880 [Test worker] DEBUG com.tngtech.archunit.core.importer.JavaClassProcessor - Processing class 'java/nio/charset/CharsetEncoder'
21:07:40.882 [Test worker] DEBUG com.tngtech.archunit.core.importer.JavaClassProcessor - Processing class 'java/nio/CharBuffer'
21:07:40.883 [Test worker] DEBUG com.tngtech.archunit.core.importer.JavaClassProcessor - Processing class 'java/nio/ByteBuffer'
21:07:40.885 [Test worker] DEBUG com.tngtech.archunit.core.importer.JavaClassProcessor - Processing class 'java/util/SortedMap'
21:07:40.913 [Test worker] DEBUG com.tngtech.archunit.core.importer.JavaClassProcessor - Processing class 'java/io/DataInput'
21:07:40.913 [Test worker] DEBUG com.tngtech.archunit.core.importer.JavaClassProcessor - Processing class 'java/math/BigDecimal'
21:07:40.916 [Test worker] DEBUG com.tngtech.archunit.core.importer.JavaClassProcessor - Processing class 'java/time/temporal/ChronoUnit'
21:07:40.921 [Test worker] DEBUG com.tngtech.archunit.core.importer.JavaClassProcessor - Processing class 'java/io/DataOutput'
21:07:40.922 [Test worker] DEBUG com.tngtech.archunit.core.importer.JavaClassProcessor - Processing class 'java/time/Period'
21:07:40.924 [Test worker] DEBUG com.tngtech.archunit.core.importer.JavaClassProcessor - Processing class 'java/time/chrono/Chronology'
21:07:40.925 [Test worker] DEBUG com.tngtech.archunit.core.importer.JavaClassProcessor - Processing class 'java/time/temporal/TemporalField'
21:07:40.925 [Test worker] DEBUG com.tngtech.archunit.core.importer.JavaClassProcessor - Processing class 'java/time/temporal/ChronoField'
21:07:40.926 [Test worker] DEBUG com.tngtech.archunit.core.importer.JavaClassProcessor - Processing class 'java/time/chrono/IsoEra'
21:07:40.927 [Test worker] DEBUG com.tngtech.archunit.core.importer.JavaClassProcessor - Processing class 'java/time/Month'
21:07:40.928 [Test worker] DEBUG com.tngtech.archunit.core.importer.JavaClassProcessor - Processing class 'java/time/temporal/TemporalQuery'
21:07:40.929 [Test worker] DEBUG com.tngtech.archunit.core.importer.JavaClassProcessor - Processing class 'java/time/ZoneOffset'
21:07:40.929 [Test worker] DEBUG com.tngtech.archunit.core.importer.JavaClassProcessor - Processing class 'java/time/OffsetDateTime'
21:07:40.931 [Test worker] DEBUG com.tngtech.archunit.core.importer.JavaClassProcessor - Processing class 'java/time/OffsetTime'
21:07:40.944 [Test worker] DEBUG com.tngtech.archunit.core.importer.JavaClassProcessor - Processing class 'java/time/DayOfWeek'
21:07:40.945 [Test worker] DEBUG com.tngtech.archunit.core.importer.JavaClassProcessor - Processing class 'java/time/LocalTime'
21:07:40.946 [Test worker] DEBUG com.tngtech.archunit.core.importer.JavaClassProcessor - Processing class 'java/time/format/DateTimeFormatter'
21:07:41.005 [Test worker] DEBUG com.tngtech.archunit.core.importer.JavaClassProcessor - Processing class 'java/time/Clock'
21:07:41.006 [Test worker] DEBUG com.tngtech.archunit.core.importer.JavaClassProcessor - Processing class 'java/time/temporal/ValueRange'
21:07:41.006 [Test worker] DEBUG com.tngtech.archunit.core.importer.JavaClassProcessor - Processing class 'java/time/chrono/IsoChronology'
21:07:41.007 [Test worker] DEBUG com.tngtech.archunit.core.importer.JavaClassProcessor - Processing class 'java/time/chrono/ChronoPeriod'
21:07:41.008 [Test worker] DEBUG com.tngtech.archunit.core.importer.JavaClassProcessor - Processing class 'java/time/chrono/Era'
21:07:41.010 [Test worker] DEBUG com.tngtech.archunit.core.importer.JavaClassProcessor - Processing class 'java/time/format/TextStyle'
21:07:41.011 [Test worker] DEBUG com.tngtech.archunit.core.importer.JavaClassProcessor - Processing class 'java/time/zone/ZoneRules'
21:07:41.012 [Test worker] DEBUG com.tngtech.archunit.core.importer.JavaClassProcessor - Processing class 'java/time/ZoneRegion'
21:07:41.013 [Test worker] DEBUG com.tngtech.archunit.core.importer.JavaClassProcessor - Processing class 'java/io/ObjectInput'
21:07:41.014 [Test worker] DEBUG com.tngtech.archunit.core.importer.JavaClassProcessor - Processing class 'java/lang/invoke/SerializedLambda'
21:07:41.017 [Test worker] DEBUG com.tngtech.archunit.core.importer.JavaClassProcessor - Processing class 'java/util/ListIterator'
21:07:41.018 [Test worker] DEBUG com.tngtech.archunit.core.importer.JavaClassProcessor - Processing class 'java/util/function/Predicate'
21:07:41.019 [Test worker] DEBUG com.tngtech.archunit.core.importer.JavaClassProcessor - Processing class 'java/util/function/UnaryOperator'
21:07:41.021 [Test worker] DEBUG com.tngtech.archunit.core.importer.JavaClassProcessor - Processing class 'java/util/function/IntFunction'
21:07:41.023 [Test worker] DEBUG com.tngtech.archunit.core.importer.JavaClassProcessor - Processing class 'java/util/Spliterator$OfLong'
21:07:41.024 [Test worker] DEBUG com.tngtech.archunit.core.importer.JavaClassProcessor - Processing class 'java/util/Spliterator$OfInt'
21:07:41.025 [Test worker] DEBUG com.tngtech.archunit.core.importer.JavaClassProcessor - Processing class 'java/util/function/IntBinaryOperator'
21:07:41.026 [Test worker] DEBUG com.tngtech.archunit.core.importer.JavaClassProcessor - Processing class 'java/util/function/IntToLongFunction'
21:07:41.026 [Test worker] DEBUG com.tngtech.archunit.core.importer.JavaClassProcessor - Processing class 'java/util/function/IntToDoubleFunction'
21:07:41.027 [Test worker] DEBUG com.tngtech.archunit.core.importer.JavaClassProcessor - Processing class 'java/util/Spliterator$OfDouble'
21:07:41.045 [Test worker] DEBUG com.tngtech.archunit.core.importer.JavaClassProcessor - Processing class 'java/util/function/DoubleBinaryOperator'
21:07:41.045 [Test worker] DEBUG com.tngtech.archunit.core.importer.JavaClassProcessor - Processing class 'java/util/function/IntUnaryOperator'
21:07:41.046 [Test worker] DEBUG com.tngtech.archunit.core.importer.JavaClassProcessor - Processing class 'java/util/function/LongBinaryOperator'
21:07:41.047 [Test worker] DEBUG com.tngtech.archunit.core.importer.JavaClassProcessor - Processing class 'java/util/function/BinaryOperator'
21:07:41.048 [Test worker] DEBUG com.tngtech.archunit.core.importer.JavaClassProcessor - Processing class 'java/util/function/ToIntFunction'
21:07:41.049 [Test worker] DEBUG com.tngtech.archunit.core.importer.JavaClassProcessor - Processing class 'java/util/function/ToDoubleFunction'
21:07:41.049 [Test worker] DEBUG com.tngtech.archunit.core.importer.JavaClassProcessor - Processing class 'java/util/function/ToLongFunction'
21:07:41.049 [Test worker] DEBUG com.tngtech.archunit.core.importer.JavaClassProcessor - Processing class 'sun/util/calendar/BaseCalendar'
21:07:41.050 [Test worker] DEBUG com.tngtech.archunit.core.importer.JavaClassProcessor - Processing class 'sun/util/calendar/BaseCalendar$Date'
21:07:41.050 [Test worker] DEBUG com.tngtech.archunit.core.importer.JavaClassProcessor - Processing class 'sun/util/calendar/ZoneInfo'
21:07:41.053 [Test worker] DEBUG com.tngtech.archunit.core.importer.JavaClassProcessor - Processing class 'java/util/Locale$Category'
21:07:41.054 [Test worker] DEBUG com.tngtech.archunit.core.importer.JavaClassProcessor - Processing class 'java/util/Locale$FilteringMode'
21:07:41.054 [Test worker] DEBUG com.tngtech.archunit.core.importer.JavaClassProcessor - Processing class 'java/util/Locale$IsoCountryCode'
21:07:41.054 [Test worker] DEBUG com.tngtech.archunit.core.importer.JavaClassProcessor - Processing class 'java/util/MissingResourceException'
21:07:41.054 [Test worker] DEBUG com.tngtech.archunit.core.importer.JavaClassProcessor - Processing class 'sun/util/locale/provider/LocaleResources'
21:07:41.055 [Test worker] DEBUG com.tngtech.archunit.core.importer.JavaClassProcessor - Processing class 'java/util/spi/LocaleNameProvider'
21:07:41.056 [Test worker] DEBUG com.tngtech.archunit.core.importer.JavaClassProcessor - Processing class 'java/util/function/BiFunction'
21:07:41.056 [Test worker] DEBUG com.tngtech.archunit.core.importer.JavaClassProcessor - Processing class 'java/util/function/BiConsumer'
21:07:41.057 [Test worker] DEBUG com.tngtech.archunit.core.importer.JavaClassProcessor - Processing class 'java/util/ImmutableCollections$AbstractImmutableMap'
21:07:41.059 [Test worker] DEBUG com.tngtech.archunit.core.importer.JavaClassProcessor - Processing class 'java/util/KeyValueHolder'
21:07:41.060 [Test worker] DEBUG com.tngtech.archunit.core.importer.JavaClassProcessor - Processing class 'java/util/ImmutableCollections$AbstractImmutableSet'
21:07:41.060 [Test worker] DEBUG com.tngtech.archunit.core.importer.JavaClassProcessor - Processing class 'jdk/internal/access/JavaLangAccess'
21:07:41.091 [Test worker] DEBUG com.tngtech.archunit.core.importer.JavaClassProcessor - Processing class 'java/util/concurrent/ConcurrentHashMap$CounterCell'
21:07:41.092 [Test worker] DEBUG com.tngtech.archunit.core.importer.JavaClassProcessor - Processing class 'java/util/concurrent/ConcurrentHashMap$KeySetView'
21:07:41.093 [Test worker] DEBUG com.tngtech.archunit.core.importer.JavaClassProcessor - Processing class 'java/util/concurrent/ConcurrentHashMap$Node'
21:07:41.094 [Test worker] DEBUG com.tngtech.archunit.core.importer.JavaClassProcessor - Processing class 'jdk/internal/misc/Unsafe'
21:07:41.099 [Test worker] DEBUG com.tngtech.archunit.core.importer.JavaClassProcessor - Processing class 'java/util/concurrent/ConcurrentHashMap$EntrySetView'
21:07:41.102 [Test worker] DEBUG com.tngtech.archunit.core.importer.JavaClassProcessor - Processing class 'java/util/concurrent/ConcurrentHashMap$ValuesView'
21:07:41.103 [Test worker] DEBUG com.tngtech.archunit.core.importer.JavaClassProcessor - Processing class 'java/util/concurrent/ConcurrentHashMap$TreeBin'
21:07:41.104 [Test worker] DEBUG com.tngtech.archunit.core.importer.JavaClassProcessor - Processing class 'java/util/concurrent/ConcurrentHashMap$ReservationNode'
21:07:41.105 [Test worker] DEBUG com.tngtech.archunit.core.importer.JavaClassProcessor - Processing class 'java/util/function/ToIntBiFunction'
21:07:41.106 [Test worker] DEBUG com.tngtech.archunit.core.importer.JavaClassProcessor - Processing class 'java/util/function/ToDoubleBiFunction'
21:07:41.107 [Test worker] DEBUG com.tngtech.archunit.core.importer.JavaClassProcessor - Processing class 'java/util/concurrent/ConcurrentHashMap$ForwardingNode'
21:07:41.108 [Test worker] DEBUG com.tngtech.archunit.core.importer.JavaClassProcessor - Processing class 'java/util/function/ToLongBiFunction'
21:07:41.109 [Test worker] DEBUG com.tngtech.archunit.core.importer.JavaClassProcessor - Processing class 'java/util/Enumeration'
21:07:41.110 [Test worker] DEBUG com.tngtech.archunit.core.importer.JavaClassProcessor - Processing class 'java/lang/reflect/ParameterizedType'
21:07:41.120 [Test worker] DEBUG com.tngtech.archunit.core.importer.JavaClassProcessor - Processing class 'java/util/concurrent/ConcurrentHashMap$Segment'
21:07:41.121 [Test worker] DEBUG com.tngtech.archunit.core.importer.JavaClassProcessor - Processing class 'java/util/concurrent/locks/LockSupport'
21:07:41.135 [Test worker] DEBUG com.tngtech.archunit.core.importer.JavaClassProcessor - Processing class 'java/util/function/DoubleFunction'
21:07:41.136 [Test worker] DEBUG com.tngtech.archunit.core.importer.JavaClassProcessor - Processing class 'java/util/OptionalDouble'
21:07:41.137 [Test worker] DEBUG com.tngtech.archunit.core.importer.JavaClassProcessor - Processing class 'java/util/function/ObjDoubleConsumer'
21:07:41.137 [Test worker] DEBUG com.tngtech.archunit.core.importer.JavaClassProcessor - Processing class 'java/util/function/DoubleUnaryOperator'
21:07:41.138 [Test worker] DEBUG com.tngtech.archunit.core.importer.JavaClassProcessor - Processing class 'java/util/function/DoublePredicate'
21:07:41.139 [Test worker] DEBUG com.tngtech.archunit.core.importer.JavaClassProcessor - Processing class 'java/util/function/DoubleToLongFunction'
21:07:41.139 [Test worker] DEBUG com.tngtech.archunit.core.importer.JavaClassProcessor - Processing class 'java/util/PrimitiveIterator$OfDouble'
21:07:41.140 [Test worker] DEBUG com.tngtech.archunit.core.importer.JavaClassProcessor - Processing class 'java/util/stream/DoubleStream$Builder'
21:07:41.140 [Test worker] DEBUG com.tngtech.archunit.core.importer.JavaClassProcessor - Processing class 'java/util/stream/DoubleStream$DoubleMapMultiConsumer'
21:07:41.140 [Test worker] DEBUG com.tngtech.archunit.core.importer.JavaClassProcessor - Processing class 'java/util/function/DoubleToIntFunction'
21:07:41.141 [Test worker] DEBUG com.tngtech.archunit.core.importer.JavaClassProcessor - Processing class 'java/util/function/DoubleSupplier'
21:07:41.141 [Test worker] DEBUG com.tngtech.archunit.core.importer.JavaClassProcessor - Processing class 'java/util/function/IntPredicate'
21:07:41.142 [Test worker] DEBUG com.tngtech.archunit.core.importer.JavaClassProcessor - Processing class 'java/util/function/ObjIntConsumer'
21:07:41.142 [Test worker] DEBUG com.tngtech.archunit.core.importer.JavaClassProcessor - Processing class 'java/util/OptionalInt'
21:07:41.143 [Test worker] DEBUG com.tngtech.archunit.core.importer.JavaClassProcessor - Processing class 'java/util/stream/IntStream$Builder'
21:07:41.144 [Test worker] DEBUG com.tngtech.archunit.core.importer.JavaClassProcessor - Processing class 'java/util/function/IntSupplier'
21:07:41.145 [Test worker] DEBUG com.tngtech.archunit.core.importer.JavaClassProcessor - Processing class 'java/util/PrimitiveIterator$OfInt'
21:07:41.146 [Test worker] DEBUG com.tngtech.archunit.core.importer.JavaClassProcessor - Processing class 'java/util/stream/IntStream$IntMapMultiConsumer'
21:07:41.147 [Test worker] DEBUG com.tngtech.archunit.core.importer.JavaClassProcessor - Processing class 'java/util/function/LongPredicate'
21:07:41.148 [Test worker] DEBUG com.tngtech.archunit.core.importer.JavaClassProcessor - Processing class 'java/util/function/LongToIntFunction'
21:07:41.149 [Test worker] DEBUG com.tngtech.archunit.core.importer.JavaClassProcessor - Processing class 'java/util/function/LongFunction'
21:07:41.149 [Test worker] DEBUG com.tngtech.archunit.core.importer.JavaClassProcessor - Processing class 'java/util/stream/LongStream$LongMapMultiConsumer'
21:07:41.150 [Test worker] DEBUG com.tngtech.archunit.core.importer.JavaClassProcessor - Processing class 'java/util/OptionalLong'
21:07:41.151 [Test worker] DEBUG com.tngtech.archunit.core.importer.JavaClassProcessor - Processing class 'java/util/stream/LongStream$Builder'
21:07:41.151 [Test worker] DEBUG com.tngtech.archunit.core.importer.JavaClassProcessor - Processing class 'java/util/function/LongUnaryOperator'
21:07:41.152 [Test worker] DEBUG com.tngtech.archunit.core.importer.JavaClassProcessor - Processing class 'java/util/PrimitiveIterator$OfLong'
21:07:41.174 [Test worker] DEBUG com.tngtech.archunit.core.importer.JavaClassProcessor - Processing class 'java/util/function/LongSupplier'
21:07:41.174 [Test worker] DEBUG com.tngtech.archunit.core.importer.JavaClassProcessor - Processing class 'java/util/function/LongToDoubleFunction'
21:07:41.175 [Test worker] DEBUG com.tngtech.archunit.core.importer.JavaClassProcessor - Processing class 'java/util/function/ObjLongConsumer'
21:07:41.177 [Test worker] DEBUG com.tngtech.archunit.core.importer.JavaClassProcessor - Processing class 'java/util/stream/Stream$Builder'
21:07:41.187 [Test worker] DEBUG com.tngtech.archunit.core.importer.JavaClassProcessor - Processing class 'javax/persistence/Index'
21:07:41.189 [Test worker] DEBUG com.tngtech.archunit.core.importer.JavaClassProcessor - Processing class 'javax/persistence/UniqueConstraint'
21:07:41.189 [Test worker] DEBUG com.tngtech.archunit.core.importer.JavaClassProcessor - Processing class 'javax/security/auth/DestroyFailedException'
21:07:41.191 [Test worker] DEBUG com.tngtech.archunit.core.importer.JavaClassProcessor - Processing class 'javax/servlet/FilterConfig'
21:07:41.191 [Test worker] DEBUG com.tngtech.archunit.core.importer.JavaClassProcessor - Processing class 'java/util/EnumSet'
21:07:41.193 [Test worker] DEBUG com.tngtech.archunit.core.importer.JavaClassProcessor - Processing class 'javax/servlet/ServletConfig'
21:07:41.194 [Test worker] DEBUG com.tngtech.archunit.core.importer.JavaClassProcessor - Processing class 'javax/servlet/ServletSecurityElement'
21:07:41.196 [Test worker] DEBUG com.tngtech.archunit.core.importer.JavaClassProcessor - Processing class 'javax/servlet/MultipartConfigElement'
21:07:41.197 [Test worker] DEBUG com.tngtech.archunit.core.importer.JavaClassProcessor - Processing class 'javax/servlet/ServletInputStream'
21:07:41.198 [Test worker] DEBUG com.tngtech.archunit.core.importer.JavaClassProcessor - Processing class 'javax/servlet/AsyncContext'
21:07:41.199 [Test worker] DEBUG com.tngtech.archunit.core.importer.JavaClassProcessor - Processing class 'java/io/BufferedReader'
21:07:41.201 [Test worker] DEBUG com.tngtech.archunit.core.importer.JavaClassProcessor - Processing class 'javax/servlet/ServletContext'
21:07:41.202 [Test worker] DEBUG com.tngtech.archunit.core.importer.JavaClassProcessor - Processing class 'javax/servlet/RequestDispatcher'
21:07:41.204 [Test worker] DEBUG com.tngtech.archunit.core.importer.JavaClassProcessor - Processing class 'javax/servlet/ServletOutputStream'
21:07:41.208 [Test worker] DEBUG com.tngtech.archunit.core.importer.JavaClassProcessor - Processing class 'javax/servlet/http/PushBuilder'
21:07:41.209 [Test worker] DEBUG com.tngtech.archunit.core.importer.JavaClassProcessor - Processing class 'javax/servlet/http/HttpSession'
21:07:41.227 [Test worker] DEBUG com.tngtech.archunit.core.importer.JavaClassProcessor - Processing class 'javax/servlet/http/Cookie'
21:07:41.229 [Test worker] DEBUG com.tngtech.archunit.core.importer.JavaClassProcessor - Processing class 'javax/servlet/http/HttpServletMapping'
21:07:41.230 [Test worker] DEBUG com.tngtech.archunit.core.importer.JavaClassProcessor - Processing class 'java/security/Principal'
21:07:41.235 [Test worker] DEBUG com.tngtech.archunit.core.importer.JavaClassProcessor - Processing class 'javax/servlet/http/WebConnection'
21:07:41.236 [Test worker] DEBUG com.tngtech.archunit.core.importer.JavaClassProcessor - Processing class 'java/security/MessageDigest'
21:07:41.236 [Test worker] DEBUG com.tngtech.archunit.core.importer.JavaClassProcessor - Processing class 'java/io/RandomAccessFile'
21:07:41.237 [Test worker] DEBUG com.tngtech.archunit.core.importer.JavaClassProcessor - Processing class 'java/nio/file/Path'
21:07:41.239 [Test worker] DEBUG com.tngtech.archunit.core.importer.JavaClassProcessor - Processing class 'java/nio/file/OpenOption'
21:07:41.239 [Test worker] DEBUG com.tngtech.archunit.core.importer.JavaClassProcessor - Processing class 'java/io/File'
21:07:41.240 [Test worker] DEBUG com.tngtech.archunit.core.importer.JavaClassProcessor - Processing class 'java/nio/channels/FileChannel'
21:07:41.249 [Test worker] DEBUG com.tngtech.archunit.core.importer.JavaClassProcessor - Processing class 'org/aspectj/lang/JoinPoint$StaticPart'
21:07:41.251 [Test worker] DEBUG com.tngtech.archunit.core.importer.JavaClassProcessor - Processing class 'org/aspectj/lang/reflect/SourceLocation'
21:07:41.253 [Test worker] DEBUG com.tngtech.archunit.core.importer.JavaClassProcessor - Processing class 'org/aspectj/runtime/internal/AroundClosure'
21:07:41.256 [Test worker] DEBUG com.tngtech.archunit.core.importer.JavaClassProcessor - Processing class 'org/slf4j/Marker'
21:07:41.259 [Test worker] DEBUG com.tngtech.archunit.core.importer.JavaClassProcessor - Processing class 'org/slf4j/helpers/NOPLoggerFactory'
21:07:41.261 [Test worker] DEBUG com.tngtech.archunit.core.importer.JavaClassProcessor - Processing class 'org/slf4j/helpers/SubstituteLoggerFactory'
21:07:41.262 [Test worker] DEBUG com.tngtech.archunit.core.importer.JavaClassProcessor - Processing class 'org/slf4j/ILoggerFactory'
21:07:41.264 [Test worker] DEBUG com.tngtech.archunit.core.importer.JavaClassProcessor - Processing class 'org/slf4j/event/SubstituteLoggingEvent'
21:07:41.266 [Test worker] DEBUG com.tngtech.archunit.core.importer.JavaClassProcessor - Processing class 'org/aopalliance/aop/Advice'
21:07:41.267 [Test worker] DEBUG com.tngtech.archunit.core.importer.JavaClassProcessor - Processing class 'org/springframework/aop/ClassFilter'
21:07:41.271 [Test worker] DEBUG com.tngtech.archunit.core.importer.JavaClassProcessor - Processing class 'org/springframework/aop/Pointcut'
21:07:41.272 [Test worker] DEBUG com.tngtech.archunit.core.importer.JavaClassProcessor - Processing class 'org/springframework/beans/BeansException'
21:07:41.274 [Test worker] DEBUG com.tngtech.archunit.core.importer.JavaClassProcessor - Processing class 'org/springframework/beans/factory/NoSuchBeanDefinitionException'
21:07:41.275 [Test worker] DEBUG com.tngtech.archunit.core.importer.JavaClassProcessor - Processing class 'org/springframework/beans/factory/ObjectProvider'
21:07:41.277 [Test worker] DEBUG com.tngtech.archunit.core.importer.JavaClassProcessor - Processing class 'org/springframework/core/ResolvableType'
21:07:41.281 [Test worker] DEBUG com.tngtech.archunit.core.importer.JavaClassProcessor - Processing class 'org/springframework/beans/factory/config/BeanDefinition'
21:07:41.282 [Test worker] DEBUG com.tngtech.archunit.core.importer.JavaClassProcessor - Processing class 'org/springframework/beans/factory/support/BeanDefinitionRegistry'
21:07:41.283 [Test worker] DEBUG com.tngtech.archunit.core.importer.JavaClassProcessor - Processing class 'org/springframework/boot/BootstrapRegistry'
21:07:41.294 [Test worker] DEBUG com.tngtech.archunit.core.importer.JavaClassProcessor - Processing class 'org/springframework/boot/Banner'
21:07:41.299 [Test worker] DEBUG com.tngtech.archunit.core.importer.JavaClassProcessor - Processing class 'org/springframework/core/metrics/ApplicationStartup'
21:07:41.300 [Test worker] DEBUG com.tngtech.archunit.core.importer.JavaClassProcessor - Processing class 'org/springframework/boot/Banner$Mode'
21:07:41.301 [Test worker] DEBUG com.tngtech.archunit.core.importer.JavaClassProcessor - Processing class 'org/springframework/boot/WebApplicationType'
21:07:41.302 [Test worker] DEBUG com.tngtech.archunit.core.importer.JavaClassProcessor - Processing class 'org/springframework/boot/SpringApplicationShutdownHook'
21:07:41.304 [Test worker] DEBUG com.tngtech.archunit.core.importer.JavaClassProcessor - Processing class 'org/springframework/boot/ApplicationContextFactory'
21:07:41.305 [Test worker] DEBUG com.tngtech.archunit.core.importer.JavaClassProcessor - Processing class 'org/apache/commons/logging/Log'
21:07:41.306 [Test worker] DEBUG com.tngtech.archunit.core.importer.JavaClassProcessor - Processing class 'org/springframework/boot/ApplicationRunner'
21:07:41.307 [Test worker] DEBUG com.tngtech.archunit.core.importer.JavaClassProcessor - Processing class 'org/springframework/boot/ApplicationArguments'
21:07:41.309 [Test worker] DEBUG com.tngtech.archunit.core.importer.JavaClassProcessor - Processing class 'org/springframework/boot/ApplicationEnvironment'
21:07:41.311 [Test worker] DEBUG com.tngtech.archunit.core.importer.JavaClassProcessor - Processing class 'org/springframework/boot/ApplicationReactiveWebEnvironment'
21:07:41.312 [Test worker] DEBUG com.tngtech.archunit.core.importer.JavaClassProcessor - Processing class 'org/springframework/boot/ApplicationServletEnvironment'
21:07:41.315 [Test worker] DEBUG com.tngtech.archunit.core.importer.JavaClassProcessor - Processing class 'org/springframework/boot/CommandLineRunner'
21:07:41.317 [Test worker] DEBUG com.tngtech.archunit.core.importer.JavaClassProcessor - Processing class 'org/springframework/boot/DefaultBootstrapContext'
21:07:41.320 [Test worker] DEBUG com.tngtech.archunit.core.importer.JavaClassProcessor - Processing class 'org/springframework/boot/ExitCodeGenerator'
21:07:41.322 [Test worker] DEBUG com.tngtech.archunit.core.importer.JavaClassProcessor - Processing class 'org/springframework/context/support/GenericApplicationContext'
21:07:41.324 [Test worker] DEBUG com.tngtech.archunit.core.importer.JavaClassProcessor - Processing class 'org/springframework/core/io/DefaultResourceLoader'
21:07:41.325 [Test worker] DEBUG com.tngtech.archunit.core.importer.JavaClassProcessor - Processing class 'org/springframework/boot/ExitCodeExceptionMapper'
21:07:41.327 [Test worker] DEBUG com.tngtech.archunit.core.importer.JavaClassProcessor - Processing class 'org/springframework/boot/SpringBootExceptionHandler'
21:07:41.328 [Test worker] DEBUG com.tngtech.archunit.core.importer.JavaClassProcessor - Processing class 'org/springframework/boot/BeanDefinitionLoader'
21:07:41.330 [Test worker] DEBUG com.tngtech.archunit.core.importer.JavaClassProcessor - Processing class 'org/springframework/context/support/AbstractApplicationContext'
21:07:41.333 [Test worker] DEBUG com.tngtech.archunit.core.importer.JavaClassProcessor - Processing class 'org/springframework/boot/SpringApplicationRunListeners'
21:07:41.338 [Test worker] DEBUG com.tngtech.archunit.core.importer.JavaClassProcessor - Processing class 'org/springframework/boot/SpringApplicationRunListener'
21:07:41.339 [Test worker] DEBUG com.tngtech.archunit.core.importer.JavaClassProcessor - Processing class 'org/springframework/boot/SpringApplicationShutdownHandlers'
21:07:41.350 [Test worker] DEBUG com.tngtech.archunit.core.importer.JavaClassProcessor - Processing class 'org/springframework/beans/factory/support/AbstractAutowireCapableBeanFactory'
21:07:41.356 [Test worker] DEBUG com.tngtech.archunit.core.importer.JavaClassProcessor - Processing class 'org/springframework/beans/factory/support/DefaultListableBeanFactory'
21:07:41.363 [Test worker] DEBUG com.tngtech.archunit.core.importer.JavaClassProcessor - Processing class 'org/springframework/core/type/classreading/MetadataReader'
21:07:41.364 [Test worker] DEBUG com.tngtech.archunit.core.importer.JavaClassProcessor - Processing class 'org/springframework/core/type/classreading/MetadataReaderFactory'
21:07:41.366 [Test worker] DEBUG com.tngtech.archunit.core.importer.JavaClassProcessor - Processing class 'org/springframework/boot/autoconfigure/AutoConfigurationMetadata'
21:07:41.368 [Test worker] DEBUG com.tngtech.archunit.core.importer.JavaClassProcessor - Processing class 'org/springframework/boot/autoconfigure/AutoConfigurationImportEvent'
21:07:41.369 [Test worker] DEBUG com.tngtech.archunit.core.importer.JavaClassProcessor - Processing class 'org/springframework/boot/autoconfigure/AutoConfigurationImportSelector$AutoConfigurationEntry'
21:07:41.371 [Test worker] DEBUG com.tngtech.archunit.core.importer.JavaClassProcessor - Processing class 'org/springframework/boot/autoconfigure/AutoConfigurationImportSelector$ConfigurationClassFilter'
21:07:41.373 [Test worker] DEBUG com.tngtech.archunit.core.importer.JavaClassProcessor - Processing class 'org/springframework/beans/factory/config/ConfigurableListableBeanFactory'
21:07:41.374 [Test worker] DEBUG com.tngtech.archunit.core.importer.JavaClassProcessor - Processing class 'org/springframework/core/type/AnnotationMetadata'
21:07:41.375 [Test worker] DEBUG com.tngtech.archunit.core.importer.JavaClassProcessor - Processing class 'org/springframework/core/annotation/AnnotationAttributes'
21:07:41.379 [Test worker] DEBUG com.tngtech.archunit.core.importer.JavaClassProcessor - Processing class 'org/springframework/boot/autoconfigure/AutoConfigurationImportSelector$AutoConfigurationGroup'
21:07:41.382 [Test worker] DEBUG com.tngtech.archunit.core.importer.JavaClassProcessor - Processing class 'org/springframework/boot/autoconfigure/AutoConfigurationPackages$BasePackages'
21:07:41.386 [Test worker] DEBUG com.tngtech.archunit.core.importer.JavaClassProcessor - Processing class 'org/springframework/web/client/ResponseErrorHandler'
21:07:41.387 [Test worker] DEBUG com.tngtech.archunit.core.importer.JavaClassProcessor - Processing class 'org/springframework/boot/web/client/BasicAuthentication'
21:07:41.389 [Test worker] DEBUG com.tngtech.archunit.core.importer.JavaClassProcessor - Processing class 'org/springframework/web/util/UriTemplateHandler'
21:07:41.390 [Test worker] DEBUG com.tngtech.archunit.core.importer.JavaClassProcessor - Processing class 'org/springframework/boot/web/client/RestTemplateBuilder$RequestFactoryCustomizer'
21:07:41.401 [Test worker] DEBUG com.tngtech.archunit.core.importer.JavaClassProcessor - Processing class 'org/springframework/beans/factory/config/AutowireCapableBeanFactory'
21:07:41.405 [Test worker] DEBUG com.tngtech.archunit.core.importer.JavaClassProcessor - Processing class 'org/springframework/core/io/ProtocolResolver'
21:07:41.407 [Test worker] DEBUG com.tngtech.archunit.core.importer.JavaClassProcessor - Processing class 'org/springframework/beans/factory/config/BeanFactoryPostProcessor'
21:07:41.409 [Test worker] DEBUG com.tngtech.archunit.core.importer.JavaClassProcessor - Processing class 'org/springframework/context/NoSuchMessageException'
21:07:41.410 [Test worker] DEBUG com.tngtech.archunit.core.importer.JavaClassProcessor - Processing class 'org/springframework/context/MessageSourceResolvable'
21:07:41.413 [Test worker] DEBUG com.tngtech.archunit.core.importer.JavaClassProcessor - Processing class 'org/springframework/context/annotation/ScopeMetadata'
21:07:41.414 [Test worker] DEBUG com.tngtech.archunit.core.importer.JavaClassProcessor - Processing class 'org/springframework/beans/factory/annotation/AnnotatedBeanDefinition'
21:07:41.416 [Test worker] DEBUG com.tngtech.archunit.core.importer.JavaClassProcessor - Processing class 'org/springframework/context/annotation/Scope'
21:07:41.425 [Test worker] DEBUG com.tngtech.archunit.core.importer.JavaClassProcessor - Processing class 'org/springframework/core/env/MutablePropertySources'
21:07:41.426 [Test worker] DEBUG com.tngtech.archunit.core.importer.JavaClassProcessor - Processing class 'org/springframework/core/env/MissingRequiredPropertiesException'
21:07:41.427 [Test worker] DEBUG com.tngtech.archunit.core.importer.JavaClassProcessor - Processing class 'org/springframework/core/convert/support/ConfigurableConversionService'
21:07:41.429 [Test worker] DEBUG com.tngtech.archunit.core.importer.JavaClassProcessor - Processing class 'org/springframework/core/env/Profiles'
21:07:41.430 [Test worker] DEBUG com.tngtech.archunit.core.importer.JavaClassProcessor - Processing class 'org/springframework/core/io/Resource'
21:07:41.433 [Test worker] DEBUG com.tngtech.archunit.core.importer.JavaClassProcessor - Processing class 'org/springframework/data/domain/Sort'
21:07:41.434 [Test worker] DEBUG com.tngtech.archunit.core.importer.JavaClassProcessor - Processing class 'org/springframework/data/domain/Example'
21:07:41.436 [Test worker] DEBUG com.tngtech.archunit.core.importer.JavaClassProcessor - Processing class 'org/springframework/data/domain/Page'
21:07:41.437 [Test worker] DEBUG com.tngtech.archunit.core.importer.JavaClassProcessor - Processing class 'org/springframework/data/domain/Pageable'
21:07:41.442 [Test worker] DEBUG com.tngtech.archunit.core.importer.JavaClassProcessor - Processing class 'java/text/DecimalFormatSymbols'
21:07:41.443 [Test worker] DEBUG com.tngtech.archunit.core.importer.JavaClassProcessor - Processing class 'java/util/regex/Pattern'
21:07:41.446 [Test worker] DEBUG com.tngtech.archunit.core.importer.JavaClassProcessor - Processing class 'java/net/InetSocketAddress'
21:07:41.447 [Test worker] DEBUG com.tngtech.archunit.core.importer.JavaClassProcessor - Processing class 'org/springframework/http/ContentDisposition'
21:07:41.449 [Test worker] DEBUG com.tngtech.archunit.core.importer.JavaClassProcessor - Processing class 'org/springframework/http/CacheControl'
21:07:41.451 [Test worker] DEBUG com.tngtech.archunit.core.importer.JavaClassProcessor - Processing class 'org/springframework/http/ReadOnlyHttpHeaders'
21:07:41.455 [Test worker] DEBUG com.tngtech.archunit.core.importer.JavaClassProcessor - Processing class 'java/io/OutputStream'
21:07:41.457 [Test worker] DEBUG com.tngtech.archunit.core.importer.JavaClassProcessor - Processing class 'org/springframework/core/io/InputStreamResource'
21:07:41.459 [Test worker] DEBUG com.tngtech.archunit.core.importer.JavaClassProcessor - Processing class 'org/springframework/http/HttpStatus$Series'
21:07:41.461 [Test worker] DEBUG com.tngtech.archunit.core.importer.JavaClassProcessor - Processing class 'org/springframework/http/ResponseEntity$BodyBuilder'
21:07:41.463 [Test worker] DEBUG com.tngtech.archunit.core.importer.JavaClassProcessor - Processing class 'org/springframework/http/ResponseEntity$HeadersBuilder'
21:07:41.464 [Test worker] DEBUG com.tngtech.archunit.core.importer.JavaClassProcessor - Processing class 'org/springframework/http/ResponseEntity$1'
21:07:41.466 [Test worker] DEBUG com.tngtech.archunit.core.importer.JavaClassProcessor - Processing class 'org/springframework/http/client/ClientHttpResponse'
21:07:41.467 [Test worker] DEBUG com.tngtech.archunit.core.importer.JavaClassProcessor - Processing class 'org/springframework/http/client/ClientHttpRequestExecution'
21:07:41.468 [Test worker] DEBUG com.tngtech.archunit.core.importer.JavaClassProcessor - Processing class 'org/springframework/http/converter/HttpMessageNotWritableException'
21:07:41.469 [Test worker] DEBUG com.tngtech.archunit.core.importer.JavaClassProcessor - Processing class 'org/springframework/http/HttpInputMessage'
21:07:41.471 [Test worker] DEBUG com.tngtech.archunit.core.importer.JavaClassProcessor - Processing class 'org/springframework/http/converter/HttpMessageNotReadableException'
21:07:41.489 [Test worker] DEBUG com.tngtech.archunit.core.importer.JavaClassProcessor - Processing class 'org/springframework/retry/RetryContext'
21:07:41.490 [Test worker] DEBUG com.tngtech.archunit.core.importer.JavaClassProcessor - Processing class 'org/springframework/retry/RetryCallback'
21:07:41.491 [Test worker] DEBUG com.tngtech.archunit.core.importer.JavaClassProcessor - Processing class 'org/springframework/retry/policy/RetryContextCache'
21:07:41.492 [Test worker] DEBUG com.tngtech.archunit.core.importer.JavaClassProcessor - Processing class 'org/springframework/retry/annotation/AnnotationAwareRetryOperationsInterceptor'
21:07:41.503 [Test worker] DEBUG com.tngtech.archunit.core.importer.JavaClassProcessor - Processing class 'org/springframework/retry/backoff/Sleeper'
21:07:41.539 [Test worker] DEBUG com.tngtech.archunit.core.importer.JavaClassProcessor - Processing class 'org/springframework/retry/interceptor/MethodArgumentsKeyGenerator'
21:07:41.541 [Test worker] DEBUG com.tngtech.archunit.core.importer.JavaClassProcessor - Processing class 'org/springframework/retry/interceptor/NewMethodArgumentsIdentifier'
21:07:41.544 [Test worker] DEBUG com.tngtech.archunit.core.importer.JavaClassProcessor - Processing class 'org/springframework/retry/annotation/Retryable'
21:07:41.546 [Test worker] DEBUG com.tngtech.archunit.core.importer.JavaClassProcessor - Processing class 'org/springframework/retry/interceptor/Retryable'
21:07:41.547 [Test worker] DEBUG com.tngtech.archunit.core.importer.JavaClassProcessor - Processing class 'java/util/BitSet'
21:07:41.554 [Test worker] DEBUG com.tngtech.archunit.core.importer.JavaClassProcessor - Processing class 'org/springframework/web/client/RestClientException'
21:07:41.555 [Test worker] DEBUG com.tngtech.archunit.core.importer.JavaClassProcessor - Processing class 'org/springframework/http/RequestEntity'
21:07:41.589 [Test worker] DEBUG com.tngtech.archunit.core.importer.JavaClassProcessor - Processing class 'org/springframework/core/ParameterizedTypeReference'
21:07:41.592 [Test worker] DEBUG com.tngtech.archunit.core.importer.JavaClassProcessor - Processing class 'org/springframework/web/client/RequestCallback'
21:07:41.593 [Test worker] DEBUG com.tngtech.archunit.core.importer.JavaClassProcessor - Processing class 'org/springframework/web/client/ResponseExtractor'
21:07:41.598 [Test worker] DEBUG com.tngtech.archunit.core.importer.JavaClassProcessor - Processing class 'org/springframework/web/util/DefaultUriBuilderFactory'
21:07:41.606 [Test worker] DEBUG com.tngtech.archunit.core.importer.JavaClassProcessor - Processing class 'org/springframework/http/RequestEntity$UriTemplateRequestEntity'
21:07:41.608 [Test worker] DEBUG com.tngtech.archunit.core.importer.JavaClassProcessor - Processing class 'org/springframework/web/util/AbstractUriTemplateHandler'
21:07:41.621 [Test worker] DEBUG com.tngtech.archunit.core.importer.JavaClassProcessor - Processing class 'org/springframework/beans/BeanWrapper'
21:07:41.623 [Test worker] DEBUG com.tngtech.archunit.core.importer.JavaClassProcessor - Processing class 'sun/util/locale/LocaleSyntaxException'
21:07:41.624 [Test worker] DEBUG com.tngtech.archunit.core.importer.JavaClassProcessor - Processing class 'sun/util/locale/UnicodeLocaleExtension'
21:07:41.625 [Test worker] DEBUG com.tngtech.archunit.core.importer.JavaClassProcessor - Processing class 'sun/util/locale/LanguageTag'
]]></system-out>
  <system-err><![CDATA[]]></system-err>
</testsuite>
