<?xml version="1.0" encoding="UTF-8"?>
<testsuite name="com.uco.TrafficAgent.domain.dto.DtoContactSummaryTest" tests="1" skipped="0" failures="0" errors="0" timestamp="2023-06-02T20:51:30" hostname="DESKTOP-7IOCUQU" time="0.018">
  <properties/>
  <testcase name="validateCreationSuccessful()" classname="com.uco.TrafficAgent.domain.dto.DtoContactSummaryTest" time="0.018"/>
  <system-out><![CDATA[]]></system-out>
  <system-err><![CDATA[]]></system-err>
</testsuite>
