<?xml version="1.0" encoding="UTF-8"?>
<testsuite name="com.uco.TrafficAgent.domain.model.UserTest" tests="12" skipped="0" failures="0" errors="0" timestamp="2023-04-30T21:04:38" hostname="DESKTOP-LLM13DE" time="0.01">
  <properties/>
  <testcase name="validateFieldsMissingPassword()" classname="com.uco.TrafficAgent.domain.model.UserTest" time="0.0"/>
  <testcase name="validateFieldsMissingFullName()" classname="com.uco.TrafficAgent.domain.model.UserTest" time="0.001"/>
  <testcase name="validateContainNumberCellPhone()" classname="com.uco.TrafficAgent.domain.model.UserTest" time="0.001"/>
  <testcase name="validateFieldsIdentificationNull()" classname="com.uco.TrafficAgent.domain.model.UserTest" time="0.0"/>
  <testcase name="validateFieldsIdentificationType()" classname="com.uco.TrafficAgent.domain.model.UserTest" time="0.0"/>
  <testcase name="validateFieldsMissingCellPhone()" classname="com.uco.TrafficAgent.domain.model.UserTest" time="0.0"/>
  <testcase name="validateContainNumberIdentification()" classname="com.uco.TrafficAgent.domain.model.UserTest" time="0.0"/>
  <testcase name="validateFieldsCellPhoneNull()" classname="com.uco.TrafficAgent.domain.model.UserTest" time="0.0"/>
  <testcase name="validateCreationSuccessful()" classname="com.uco.TrafficAgent.domain.model.UserTest" time="0.0"/>
  <testcase name="validateFieldsPasswordNull()" classname="com.uco.TrafficAgent.domain.model.UserTest" time="0.001"/>
  <testcase name="validateFieldsFullNameNull()" classname="com.uco.TrafficAgent.domain.model.UserTest" time="0.001"/>
  <testcase name="validateFieldsMissingIdentification()" classname="com.uco.TrafficAgent.domain.model.UserTest" time="0.001"/>
  <system-out><![CDATA[]]></system-out>
  <system-err><![CDATA[]]></system-err>
</testsuite>
