<?xml version="1.0" encoding="UTF-8"?>
<testsuite name="com.uco.TrafficAgent.infrastructure.controller.report.consult.ConsultReportTests" tests="4" skipped="0" failures="0" errors="0" timestamp="2023-05-24T02:08:51" hostname="DESKTOP-7IOCUQU" time="9.971">
  <properties/>
  <testcase name="consultAllReportByDate()" classname="com.uco.TrafficAgent.infrastructure.controller.report.consult.ConsultReportTests" time="0.117"/>
  <testcase name="consultAllReportByUser()" classname="com.uco.TrafficAgent.infrastructure.controller.report.consult.ConsultReportTests" time="0.097"/>
  <testcase name="consultAllEmptyByDate()" classname="com.uco.TrafficAgent.infrastructure.controller.report.consult.ConsultReportTests" time="0.048"/>
  <testcase name="consultAllEmptyByUser()" classname="com.uco.TrafficAgent.infrastructure.controller.report.consult.ConsultReportTests" time="0.205"/>
  <system-out><![CDATA[2023-05-23 21:08:47.083  INFO 21908 --- [    Test worker] o.s.t.c.support.AbstractContextLoader    : Could not detect default resource locations for test class [com.uco.TrafficAgent.infrastructure.controller.report.consult.ConsultReportTests]: no resource found for suffixes {-context.xml, Context.groovy}.
2023-05-23 21:08:47.089  INFO 21908 --- [    Test worker] .b.t.c.SpringBootTestContextBootstrapper : Loaded default TestExecutionListener class names from location [META-INF/spring.factories]: [org.springframework.boot.test.autoconfigure.restdocs.RestDocsTestExecutionListener, org.springframework.boot.test.autoconfigure.web.client.MockRestServiceServerResetTestExecutionListener, org.springframework.boot.test.autoconfigure.web.servlet.MockMvcPrintOnlyOnFailureTestExecutionListener, org.springframework.boot.test.autoconfigure.web.servlet.WebDriverTestExecutionListener, org.springframework.boot.test.autoconfigure.webservices.client.MockWebServiceServerTestExecutionListener, org.springframework.boot.test.mock.mockito.MockitoTestExecutionListener, org.springframework.boot.test.mock.mockito.ResetMocksTestExecutionListener, org.springframework.test.context.web.ServletTestExecutionListener, org.springframework.test.context.support.DirtiesContextBeforeModesTestExecutionListener, org.springframework.test.context.event.ApplicationEventsTestExecutionListener, org.springframework.test.context.support.DependencyInjectionTestExecutionListener, org.springframework.test.context.support.DirtiesContextTestExecutionListener, org.springframework.test.context.transaction.TransactionalTestExecutionListener, org.springframework.test.context.jdbc.SqlScriptsTestExecutionListener, org.springframework.test.context.event.EventPublishingTestExecutionListener]
2023-05-23 21:08:47.089  INFO 21908 --- [    Test worker] .b.t.c.SpringBootTestContextBootstrapper : Using TestExecutionListeners: [org.springframework.test.context.web.ServletTestExecutionListener@cc793c8, org.springframework.test.context.support.DirtiesContextBeforeModesTestExecutionListener@7bd3cb86, org.springframework.test.context.event.ApplicationEventsTestExecutionListener@49dd4f8e, org.springframework.boot.test.mock.mockito.MockitoTestExecutionListener@735c3fa2, org.springframework.boot.test.autoconfigure.SpringBootDependencyInjectionTestExecutionListener@4335bbd2, org.springframework.test.context.support.DirtiesContextTestExecutionListener@265fc7c9, org.springframework.test.context.transaction.TransactionalTestExecutionListener@55d4db3, org.springframework.test.context.jdbc.SqlScriptsTestExecutionListener@176ec395, org.springframework.test.context.event.EventPublishingTestExecutionListener@796b1181, org.springframework.boot.test.autoconfigure.restdocs.RestDocsTestExecutionListener@2152f0ea, org.springframework.boot.test.autoconfigure.web.client.MockRestServiceServerResetTestExecutionListener@4e8d11a6, org.springframework.boot.test.autoconfigure.web.servlet.MockMvcPrintOnlyOnFailureTestExecutionListener@2f1e1189, org.springframework.boot.test.autoconfigure.web.servlet.WebDriverTestExecutionListener@ed8eaf2, org.springframework.boot.test.autoconfigure.webservices.client.MockWebServiceServerTestExecutionListener@38bb9e63, org.springframework.boot.test.mock.mockito.ResetMocksTestExecutionListener@1e1da8f3]

  .   ____          _            __ _ _
 /\\ / ___'_ __ _ _(_)_ __  __ _ \ \ \ \
( ( )\___ | '_ | '_| | '_ \/ _` | \ \ \ \
 \\/  ___)| |_)| | | | | || (_| |  ) ) ) )
  '  |____| .__|_| |_|_| |_\__, | / / / /
 =========|_|==============|___/=/_/_/_/
 :: Spring Boot ::                (v2.6.3)

2023-05-23 21:08:47.146  INFO 21908 --- [    Test worker] c.u.T.i.c.r.consult.ConsultReportTests   : Starting ConsultReportTests using Java 17 on DESKTOP-7IOCUQU with PID 21908 (started by Usuario in C:\Users\Usuario\Desktop\TrafficAgent)
2023-05-23 21:08:47.146  INFO 21908 --- [    Test worker] c.u.T.i.c.r.consult.ConsultReportTests   : The following profiles are active: test
2023-05-23 21:08:47.967  INFO 21908 --- [    Test worker] .s.d.r.c.RepositoryConfigurationDelegate : Bootstrapping Spring Data JPA repositories in DEFAULT mode.
2023-05-23 21:08:48.425  INFO 21908 --- [    Test worker] .s.d.r.c.RepositoryConfigurationDelegate : Finished Spring Data repository scanning in 456 ms. Found 5 JPA repository interfaces.
2023-05-23 21:08:48.937  INFO 21908 --- [    Test worker] o.hibernate.jpa.internal.util.LogHelper  : HHH000204: Processing PersistenceUnitInfo [name: default]
2023-05-23 21:08:48.992  INFO 21908 --- [    Test worker] com.zaxxer.hikari.HikariDataSource       : HikariPool-6 - Starting...
2023-05-23 21:08:48.994  INFO 21908 --- [    Test worker] com.zaxxer.hikari.HikariDataSource       : HikariPool-6 - Start completed.
2023-05-23 21:08:48.994  INFO 21908 --- [    Test worker] org.hibernate.dialect.Dialect            : HHH000400: Using dialect: org.hibernate.dialect.H2Dialect
2023-05-23 21:08:49.295  INFO 21908 --- [    Test worker] o.h.e.t.j.p.i.JtaPlatformInitiator       : HHH000490: Using JtaPlatform implementation: [org.hibernate.engine.transaction.jta.platform.internal.NoJtaPlatform]
2023-05-23 21:08:49.295  INFO 21908 --- [    Test worker] j.LocalContainerEntityManagerFactoryBean : Initialized JPA EntityManagerFactory for persistence unit 'default'
2023-05-23 21:08:50.509  WARN 21908 --- [    Test worker] JpaBaseConfiguration$JpaWebConfiguration : spring.jpa.open-in-view is enabled by default. Therefore, database queries may be performed during view rendering. Explicitly configure spring.jpa.open-in-view to disable this warning
2023-05-23 21:08:51.384  INFO 21908 --- [    Test worker] o.s.b.t.m.w.SpringBootMockServletContext : Initializing Spring TestDispatcherServlet ''
2023-05-23 21:08:51.384  INFO 21908 --- [    Test worker] o.s.t.web.servlet.TestDispatcherServlet  : Initializing Servlet ''
2023-05-23 21:08:51.385  INFO 21908 --- [    Test worker] o.s.t.web.servlet.TestDispatcherServlet  : Completed initialization in 1 ms
2023-05-23 21:08:51.397  INFO 21908 --- [    Test worker] c.u.T.i.c.r.consult.ConsultReportTests   : Started ConsultReportTests in 4.305 seconds (JVM running for 109.952)
2023-05-23 21:08:51.446  INFO 21908 --- [    Test worker] c.u.T.i.aspect.LogExecutionAspect        : DtoResponse com.uco.TrafficAgent.infrastructure.repository.login.controller.ComandControllerLogin.login(DtoLogin) executed in 25ms
2023-05-23 21:08:51.521  INFO 21908 --- [    Test worker] j.LocalContainerEntityManagerFactoryBean : Closing JPA EntityManagerFactory for persistence unit 'default'
2023-05-23 21:08:51.522  INFO 21908 --- [    Test worker] com.zaxxer.hikari.HikariDataSource       : HikariPool-6 - Shutdown initiated...
2023-05-23 21:08:51.525  INFO 21908 --- [    Test worker] com.zaxxer.hikari.HikariDataSource       : HikariPool-6 - Shutdown completed.

  .   ____          _            __ _ _
 /\\ / ___'_ __ _ _(_)_ __  __ _ \ \ \ \
( ( )\___ | '_ | '_| | '_ \/ _` | \ \ \ \
 \\/  ___)| |_)| | | | | || (_| |  ) ) ) )
  '  |____| .__|_| |_|_| |_\__, | / / / /
 =========|_|==============|___/=/_/_/_/
 :: Spring Boot ::                (v2.6.3)

2023-05-23 21:08:51.612  INFO 21908 --- [    Test worker] c.u.T.i.c.r.consult.ConsultReportTests   : Starting ConsultReportTests using Java 17 on DESKTOP-7IOCUQU with PID 21908 (started by Usuario in C:\Users\Usuario\Desktop\TrafficAgent)
2023-05-23 21:08:51.613  INFO 21908 --- [    Test worker] c.u.T.i.c.r.consult.ConsultReportTests   : The following profiles are active: test
2023-05-23 21:08:52.183  INFO 21908 --- [    Test worker] .s.d.r.c.RepositoryConfigurationDelegate : Bootstrapping Spring Data JPA repositories in DEFAULT mode.
2023-05-23 21:08:52.325  INFO 21908 --- [    Test worker] .s.d.r.c.RepositoryConfigurationDelegate : Finished Spring Data repository scanning in 141 ms. Found 5 JPA repository interfaces.
2023-05-23 21:08:52.741  INFO 21908 --- [    Test worker] o.hibernate.jpa.internal.util.LogHelper  : HHH000204: Processing PersistenceUnitInfo [name: default]
2023-05-23 21:08:52.755  INFO 21908 --- [    Test worker] com.zaxxer.hikari.HikariDataSource       : HikariPool-7 - Starting...
2023-05-23 21:08:52.758  INFO 21908 --- [    Test worker] com.zaxxer.hikari.HikariDataSource       : HikariPool-7 - Start completed.
2023-05-23 21:08:52.758  INFO 21908 --- [    Test worker] org.hibernate.dialect.Dialect            : HHH000400: Using dialect: org.hibernate.dialect.H2Dialect
2023-05-23 21:08:52.948  INFO 21908 --- [    Test worker] o.h.e.t.j.p.i.JtaPlatformInitiator       : HHH000490: Using JtaPlatform implementation: [org.hibernate.engine.transaction.jta.platform.internal.NoJtaPlatform]
2023-05-23 21:08:52.949  INFO 21908 --- [    Test worker] j.LocalContainerEntityManagerFactoryBean : Initialized JPA EntityManagerFactory for persistence unit 'default'
2023-05-23 21:08:53.918  WARN 21908 --- [    Test worker] JpaBaseConfiguration$JpaWebConfiguration : spring.jpa.open-in-view is enabled by default. Therefore, database queries may be performed during view rendering. Explicitly configure spring.jpa.open-in-view to disable this warning
2023-05-23 21:08:54.549  INFO 21908 --- [    Test worker] o.s.b.t.m.w.SpringBootMockServletContext : Initializing Spring TestDispatcherServlet ''
2023-05-23 21:08:54.549  INFO 21908 --- [    Test worker] o.s.t.web.servlet.TestDispatcherServlet  : Initializing Servlet ''
2023-05-23 21:08:54.551  INFO 21908 --- [    Test worker] o.s.t.web.servlet.TestDispatcherServlet  : Completed initialization in 1 ms
2023-05-23 21:08:54.570  INFO 21908 --- [    Test worker] c.u.T.i.c.r.consult.ConsultReportTests   : Started ConsultReportTests in 3.041 seconds (JVM running for 113.125)
2023-05-23 21:08:54.634  INFO 21908 --- [    Test worker] c.u.T.i.aspect.LogExecutionAspect        : DtoResponse com.uco.TrafficAgent.infrastructure.repository.login.controller.ComandControllerLogin.login(DtoLogin) executed in 26ms
2023-05-23 21:08:54.681  INFO 21908 --- [    Test worker] j.LocalContainerEntityManagerFactoryBean : Closing JPA EntityManagerFactory for persistence unit 'default'
2023-05-23 21:08:54.682  INFO 21908 --- [    Test worker] com.zaxxer.hikari.HikariDataSource       : HikariPool-7 - Shutdown initiated...
2023-05-23 21:08:54.687  INFO 21908 --- [    Test worker] com.zaxxer.hikari.HikariDataSource       : HikariPool-7 - Shutdown completed.

  .   ____          _            __ _ _
 /\\ / ___'_ __ _ _(_)_ __  __ _ \ \ \ \
( ( )\___ | '_ | '_| | '_ \/ _` | \ \ \ \
 \\/  ___)| |_)| | | | | || (_| |  ) ) ) )
  '  |____| .__|_| |_|_| |_\__, | / / / /
 =========|_|==============|___/=/_/_/_/
 :: Spring Boot ::                (v2.6.3)

2023-05-23 21:08:54.740  INFO 21908 --- [    Test worker] c.u.T.i.c.r.consult.ConsultReportTests   : Starting ConsultReportTests using Java 17 on DESKTOP-7IOCUQU with PID 21908 (started by Usuario in C:\Users\Usuario\Desktop\TrafficAgent)
2023-05-23 21:08:54.741  INFO 21908 --- [    Test worker] c.u.T.i.c.r.consult.ConsultReportTests   : The following profiles are active: test
2023-05-23 21:08:55.362  INFO 21908 --- [    Test worker] .s.d.r.c.RepositoryConfigurationDelegate : Bootstrapping Spring Data JPA repositories in DEFAULT mode.
2023-05-23 21:08:55.523  INFO 21908 --- [    Test worker] .s.d.r.c.RepositoryConfigurationDelegate : Finished Spring Data repository scanning in 160 ms. Found 5 JPA repository interfaces.
2023-05-23 21:08:56.085  INFO 21908 --- [    Test worker] o.hibernate.jpa.internal.util.LogHelper  : HHH000204: Processing PersistenceUnitInfo [name: default]
2023-05-23 21:08:56.097  INFO 21908 --- [    Test worker] com.zaxxer.hikari.HikariDataSource       : HikariPool-8 - Starting...
2023-05-23 21:08:56.099  INFO 21908 --- [    Test worker] com.zaxxer.hikari.HikariDataSource       : HikariPool-8 - Start completed.
2023-05-23 21:08:56.099  INFO 21908 --- [    Test worker] org.hibernate.dialect.Dialect            : HHH000400: Using dialect: org.hibernate.dialect.H2Dialect
2023-05-23 21:08:56.333  INFO 21908 --- [    Test worker] o.h.e.t.j.p.i.JtaPlatformInitiator       : HHH000490: Using JtaPlatform implementation: [org.hibernate.engine.transaction.jta.platform.internal.NoJtaPlatform]
2023-05-23 21:08:56.335  INFO 21908 --- [    Test worker] j.LocalContainerEntityManagerFactoryBean : Initialized JPA EntityManagerFactory for persistence unit 'default'
2023-05-23 21:08:57.195  WARN 21908 --- [    Test worker] JpaBaseConfiguration$JpaWebConfiguration : spring.jpa.open-in-view is enabled by default. Therefore, database queries may be performed during view rendering. Explicitly configure spring.jpa.open-in-view to disable this warning
2023-05-23 21:08:57.679  INFO 21908 --- [    Test worker] o.s.b.t.m.w.SpringBootMockServletContext : Initializing Spring TestDispatcherServlet ''
2023-05-23 21:08:57.679  INFO 21908 --- [    Test worker] o.s.t.web.servlet.TestDispatcherServlet  : Initializing Servlet ''
2023-05-23 21:08:57.681  INFO 21908 --- [    Test worker] o.s.t.web.servlet.TestDispatcherServlet  : Completed initialization in 2 ms
2023-05-23 21:08:57.699  INFO 21908 --- [    Test worker] c.u.T.i.c.r.consult.ConsultReportTests   : Started ConsultReportTests in 3.009 seconds (JVM running for 116.253)
2023-05-23 21:08:57.730  INFO 21908 --- [    Test worker] c.u.T.i.aspect.LogExecutionAspect        : DtoResponse com.uco.TrafficAgent.infrastructure.repository.login.controller.ComandControllerLogin.login(DtoLogin) executed in 11ms
2023-05-23 21:08:57.754  INFO 21908 --- [    Test worker] j.LocalContainerEntityManagerFactoryBean : Closing JPA EntityManagerFactory for persistence unit 'default'
2023-05-23 21:08:57.755  INFO 21908 --- [    Test worker] com.zaxxer.hikari.HikariDataSource       : HikariPool-8 - Shutdown initiated...
2023-05-23 21:08:57.757  INFO 21908 --- [    Test worker] com.zaxxer.hikari.HikariDataSource       : HikariPool-8 - Shutdown completed.

  .   ____          _            __ _ _
 /\\ / ___'_ __ _ _(_)_ __  __ _ \ \ \ \
( ( )\___ | '_ | '_| | '_ \/ _` | \ \ \ \
 \\/  ___)| |_)| | | | | || (_| |  ) ) ) )
  '  |____| .__|_| |_|_| |_\__, | / / / /
 =========|_|==============|___/=/_/_/_/
 :: Spring Boot ::                (v2.6.3)

2023-05-23 21:08:57.807  INFO 21908 --- [    Test worker] c.u.T.i.c.r.consult.ConsultReportTests   : Starting ConsultReportTests using Java 17 on DESKTOP-7IOCUQU with PID 21908 (started by Usuario in C:\Users\Usuario\Desktop\TrafficAgent)
2023-05-23 21:08:57.807  INFO 21908 --- [    Test worker] c.u.T.i.c.r.consult.ConsultReportTests   : The following profiles are active: test
2023-05-23 21:08:58.506  INFO 21908 --- [    Test worker] .s.d.r.c.RepositoryConfigurationDelegate : Bootstrapping Spring Data JPA repositories in DEFAULT mode.
2023-05-23 21:08:58.677  INFO 21908 --- [    Test worker] .s.d.r.c.RepositoryConfigurationDelegate : Finished Spring Data repository scanning in 169 ms. Found 5 JPA repository interfaces.
2023-05-23 21:08:59.099  INFO 21908 --- [    Test worker] o.hibernate.jpa.internal.util.LogHelper  : HHH000204: Processing PersistenceUnitInfo [name: default]
2023-05-23 21:08:59.116  INFO 21908 --- [    Test worker] com.zaxxer.hikari.HikariDataSource       : HikariPool-9 - Starting...
2023-05-23 21:08:59.118  INFO 21908 --- [    Test worker] com.zaxxer.hikari.HikariDataSource       : HikariPool-9 - Start completed.
2023-05-23 21:08:59.120  INFO 21908 --- [    Test worker] org.hibernate.dialect.Dialect            : HHH000400: Using dialect: org.hibernate.dialect.H2Dialect
2023-05-23 21:08:59.364  INFO 21908 --- [    Test worker] o.h.e.t.j.p.i.JtaPlatformInitiator       : HHH000490: Using JtaPlatform implementation: [org.hibernate.engine.transaction.jta.platform.internal.NoJtaPlatform]
2023-05-23 21:08:59.364  INFO 21908 --- [    Test worker] j.LocalContainerEntityManagerFactoryBean : Initialized JPA EntityManagerFactory for persistence unit 'default'
2023-05-23 21:09:00.452  WARN 21908 --- [    Test worker] JpaBaseConfiguration$JpaWebConfiguration : spring.jpa.open-in-view is enabled by default. Therefore, database queries may be performed during view rendering. Explicitly configure spring.jpa.open-in-view to disable this warning
2023-05-23 21:09:01.148  INFO 21908 --- [    Test worker] o.s.b.t.m.w.SpringBootMockServletContext : Initializing Spring TestDispatcherServlet ''
2023-05-23 21:09:01.148  INFO 21908 --- [    Test worker] o.s.t.web.servlet.TestDispatcherServlet  : Initializing Servlet ''
2023-05-23 21:09:01.149  INFO 21908 --- [    Test worker] o.s.t.web.servlet.TestDispatcherServlet  : Completed initialization in 1 ms
2023-05-23 21:09:01.163  INFO 21908 --- [    Test worker] c.u.T.i.c.r.consult.ConsultReportTests   : Started ConsultReportTests in 3.403 seconds (JVM running for 119.717)
2023-05-23 21:09:01.239  INFO 21908 --- [    Test worker] c.u.T.i.aspect.LogExecutionAspect        : DtoResponse com.uco.TrafficAgent.infrastructure.repository.login.controller.ComandControllerLogin.login(DtoLogin) executed in 30ms
2023-05-23 21:09:01.333  INFO 21908 --- [    Test worker] j.LocalContainerEntityManagerFactoryBean : Closing JPA EntityManagerFactory for persistence unit 'default'
2023-05-23 21:09:01.333  INFO 21908 --- [    Test worker] com.zaxxer.hikari.HikariDataSource       : HikariPool-9 - Shutdown initiated...
2023-05-23 21:09:01.379  INFO 21908 --- [    Test worker] com.zaxxer.hikari.HikariDataSource       : HikariPool-9 - Shutdown completed.
]]></system-out>
  <system-err><![CDATA[]]></system-err>
</testsuite>
