<?xml version="1.0" encoding="UTF-8"?>
<testsuite name="com.uco.TrafficAgent.infrastructure.controller.report.comand.ComandReportTest" tests="1" skipped="0" failures="0" errors="0" timestamp="2023-05-24T02:08:46" hostname="DESKTOP-7IOCUQU" time="0.282">
  <properties/>
  <testcase name="createReportSuccessful()" classname="com.uco.TrafficAgent.infrastructure.controller.report.comand.ComandReportTest" time="0.282"/>
  <system-out><![CDATA[2023-05-23 21:08:42.231  INFO 21908 --- [    Test worker] o.s.t.c.support.AbstractContextLoader    : Could not detect default resource locations for test class [com.uco.TrafficAgent.infrastructure.controller.report.comand.ComandReportTest]: no resource found for suffixes {-context.xml, Context.groovy}.
2023-05-23 21:08:42.236  INFO 21908 --- [    Test worker] .b.t.c.SpringBootTestContextBootstrapper : Loaded default TestExecutionListener class names from location [META-INF/spring.factories]: [org.springframework.boot.test.autoconfigure.restdocs.RestDocsTestExecutionListener, org.springframework.boot.test.autoconfigure.web.client.MockRestServiceServerResetTestExecutionListener, org.springframework.boot.test.autoconfigure.web.servlet.MockMvcPrintOnlyOnFailureTestExecutionListener, org.springframework.boot.test.autoconfigure.web.servlet.WebDriverTestExecutionListener, org.springframework.boot.test.autoconfigure.webservices.client.MockWebServiceServerTestExecutionListener, org.springframework.boot.test.mock.mockito.MockitoTestExecutionListener, org.springframework.boot.test.mock.mockito.ResetMocksTestExecutionListener, org.springframework.test.context.web.ServletTestExecutionListener, org.springframework.test.context.support.DirtiesContextBeforeModesTestExecutionListener, org.springframework.test.context.event.ApplicationEventsTestExecutionListener, org.springframework.test.context.support.DependencyInjectionTestExecutionListener, org.springframework.test.context.support.DirtiesContextTestExecutionListener, org.springframework.test.context.transaction.TransactionalTestExecutionListener, org.springframework.test.context.jdbc.SqlScriptsTestExecutionListener, org.springframework.test.context.event.EventPublishingTestExecutionListener]
2023-05-23 21:08:42.237  INFO 21908 --- [    Test worker] .b.t.c.SpringBootTestContextBootstrapper : Using TestExecutionListeners: [org.springframework.test.context.web.ServletTestExecutionListener@95a4cff, org.springframework.test.context.support.DirtiesContextBeforeModesTestExecutionListener@6f0c6f2f, org.springframework.test.context.event.ApplicationEventsTestExecutionListener@3fb99f22, org.springframework.boot.test.mock.mockito.MockitoTestExecutionListener@5cd2325b, org.springframework.boot.test.autoconfigure.SpringBootDependencyInjectionTestExecutionListener@7b4b08a, org.springframework.test.context.support.DirtiesContextTestExecutionListener@bcdd244, org.springframework.test.context.transaction.TransactionalTestExecutionListener@787e1c90, org.springframework.test.context.jdbc.SqlScriptsTestExecutionListener@35f3a92e, org.springframework.test.context.event.EventPublishingTestExecutionListener@17617ffa, org.springframework.boot.test.autoconfigure.restdocs.RestDocsTestExecutionListener@725bc0a0, org.springframework.boot.test.autoconfigure.web.client.MockRestServiceServerResetTestExecutionListener@7ac9d8e7, org.springframework.boot.test.autoconfigure.web.servlet.MockMvcPrintOnlyOnFailureTestExecutionListener@52dba449, org.springframework.boot.test.autoconfigure.web.servlet.WebDriverTestExecutionListener@4ed99f47, org.springframework.boot.test.autoconfigure.webservices.client.MockWebServiceServerTestExecutionListener@62ab18fc, org.springframework.boot.test.mock.mockito.ResetMocksTestExecutionListener@5611eaae]

  .   ____          _            __ _ _
 /\\ / ___'_ __ _ _(_)_ __  __ _ \ \ \ \
( ( )\___ | '_ | '_| | '_ \/ _` | \ \ \ \
 \\/  ___)| |_)| | | | | || (_| |  ) ) ) )
  '  |____| .__|_| |_|_| |_\__, | / / / /
 =========|_|==============|___/=/_/_/_/
 :: Spring Boot ::                (v2.6.3)

2023-05-23 21:08:42.327  INFO 21908 --- [    Test worker] c.u.T.i.c.r.comand.ComandReportTest      : Starting ComandReportTest using Java 17 on DESKTOP-7IOCUQU with PID 21908 (started by Usuario in C:\Users\Usuario\Desktop\TrafficAgent)
2023-05-23 21:08:42.328  INFO 21908 --- [    Test worker] c.u.T.i.c.r.comand.ComandReportTest      : The following profiles are active: test
2023-05-23 21:08:43.296  INFO 21908 --- [    Test worker] .s.d.r.c.RepositoryConfigurationDelegate : Bootstrapping Spring Data JPA repositories in DEFAULT mode.
2023-05-23 21:08:43.516  INFO 21908 --- [    Test worker] .s.d.r.c.RepositoryConfigurationDelegate : Finished Spring Data repository scanning in 219 ms. Found 5 JPA repository interfaces.
2023-05-23 21:08:44.138  INFO 21908 --- [    Test worker] o.hibernate.jpa.internal.util.LogHelper  : HHH000204: Processing PersistenceUnitInfo [name: default]
2023-05-23 21:08:44.158  INFO 21908 --- [    Test worker] com.zaxxer.hikari.HikariDataSource       : HikariPool-5 - Starting...
2023-05-23 21:08:44.159  INFO 21908 --- [    Test worker] com.zaxxer.hikari.HikariDataSource       : HikariPool-5 - Start completed.
2023-05-23 21:08:44.160  INFO 21908 --- [    Test worker] org.hibernate.dialect.Dialect            : HHH000400: Using dialect: org.hibernate.dialect.H2Dialect
2023-05-23 21:08:44.682  INFO 21908 --- [    Test worker] o.h.e.t.j.p.i.JtaPlatformInitiator       : HHH000490: Using JtaPlatform implementation: [org.hibernate.engine.transaction.jta.platform.internal.NoJtaPlatform]
2023-05-23 21:08:44.683  INFO 21908 --- [    Test worker] j.LocalContainerEntityManagerFactoryBean : Initialized JPA EntityManagerFactory for persistence unit 'default'
2023-05-23 21:08:45.999  WARN 21908 --- [    Test worker] JpaBaseConfiguration$JpaWebConfiguration : spring.jpa.open-in-view is enabled by default. Therefore, database queries may be performed during view rendering. Explicitly configure spring.jpa.open-in-view to disable this warning
2023-05-23 21:08:46.768  INFO 21908 --- [    Test worker] o.s.b.t.m.w.SpringBootMockServletContext : Initializing Spring TestDispatcherServlet ''
2023-05-23 21:08:46.768  INFO 21908 --- [    Test worker] o.s.t.web.servlet.TestDispatcherServlet  : Initializing Servlet ''
2023-05-23 21:08:46.769  INFO 21908 --- [    Test worker] o.s.t.web.servlet.TestDispatcherServlet  : Completed initialization in 1 ms
2023-05-23 21:08:46.790  INFO 21908 --- [    Test worker] c.u.T.i.c.r.comand.ComandReportTest      : Started ComandReportTest in 4.549 seconds (JVM running for 105.345)
2023-05-23 21:08:46.837  INFO 21908 --- [    Test worker] c.u.T.i.aspect.LogExecutionAspect        : DtoResponse com.uco.TrafficAgent.infrastructure.repository.login.controller.ComandControllerLogin.login(DtoLogin) executed in 29ms
2023-05-23 21:08:47.074  INFO 21908 --- [    Test worker] j.LocalContainerEntityManagerFactoryBean : Closing JPA EntityManagerFactory for persistence unit 'default'
2023-05-23 21:08:47.075  INFO 21908 --- [    Test worker] com.zaxxer.hikari.HikariDataSource       : HikariPool-5 - Shutdown initiated...
2023-05-23 21:08:47.079  INFO 21908 --- [    Test worker] com.zaxxer.hikari.HikariDataSource       : HikariPool-5 - Shutdown completed.
]]></system-out>
  <system-err><![CDATA[]]></system-err>
</testsuite>
