<?xml version="1.0" encoding="UTF-8"?>
<testsuite name="com.uco.TrafficAgent.infrastructure.controller.contact.comand.ComandContactTest" tests="2" skipped="0" failures="0" errors="0" timestamp="2023-05-14T20:24:57" hostname="SANTIAGOP-CARDE" time="1.455">
  <properties/>
  <testcase name="noCreateContactBecauseItWasAlreadyCreatedWhitSameNumberPhone()" classname="com.uco.TrafficAgent.infrastructure.controller.contact.comand.ComandContactTest" time="0.44"/>
  <testcase name="createContactSuccessful()" classname="com.uco.TrafficAgent.infrastructure.controller.contact.comand.ComandContactTest" time="0.069"/>
  <system-out><![CDATA[15:24:53.154 [Test worker] DEBUG org.springframework.test.context.BootstrapUtils - Instantiating CacheAwareContextLoaderDelegate from class [org.springframework.test.context.cache.DefaultCacheAwareContextLoaderDelegate]
15:24:53.163 [Test worker] DEBUG org.springframework.test.context.BootstrapUtils - Instantiating BootstrapContext using constructor [public org.springframework.test.context.support.DefaultBootstrapContext(java.lang.Class,org.springframework.test.context.CacheAwareContextLoaderDelegate)]
15:24:53.200 [Test worker] DEBUG org.springframework.test.context.BootstrapUtils - Instantiating TestContextBootstrapper for test class [com.uco.TrafficAgent.infrastructure.controller.contact.comand.ComandContactTest] from class [org.springframework.boot.test.context.SpringBootTestContextBootstrapper]
15:24:53.217 [Test worker] DEBUG org.springframework.test.context.support.AbstractContextLoader - Did not detect default resource location for test class [com.uco.TrafficAgent.infrastructure.controller.contact.comand.ComandContactTest]: class path resource [com/uco/TrafficAgent/infrastructure/controller/contact/comand/ComandContactTest-context.xml] does not exist
15:24:53.217 [Test worker] DEBUG org.springframework.test.context.support.AbstractContextLoader - Did not detect default resource location for test class [com.uco.TrafficAgent.infrastructure.controller.contact.comand.ComandContactTest]: class path resource [com/uco/TrafficAgent/infrastructure/controller/contact/comand/ComandContactTestContext.groovy] does not exist
15:24:53.217 [Test worker] INFO org.springframework.test.context.support.AbstractContextLoader - Could not detect default resource locations for test class [com.uco.TrafficAgent.infrastructure.controller.contact.comand.ComandContactTest]: no resource found for suffixes {-context.xml, Context.groovy}.
15:24:53.365 [Test worker] DEBUG org.springframework.boot.test.context.SpringBootTestContextBootstrapper - @TestExecutionListeners is not present for class [com.uco.TrafficAgent.infrastructure.controller.contact.comand.ComandContactTest]: using defaults.
15:24:53.366 [Test worker] INFO org.springframework.boot.test.context.SpringBootTestContextBootstrapper - Loaded default TestExecutionListener class names from location [META-INF/spring.factories]: [org.springframework.boot.test.autoconfigure.restdocs.RestDocsTestExecutionListener, org.springframework.boot.test.autoconfigure.web.client.MockRestServiceServerResetTestExecutionListener, org.springframework.boot.test.autoconfigure.web.servlet.MockMvcPrintOnlyOnFailureTestExecutionListener, org.springframework.boot.test.autoconfigure.web.servlet.WebDriverTestExecutionListener, org.springframework.boot.test.autoconfigure.webservices.client.MockWebServiceServerTestExecutionListener, org.springframework.boot.test.mock.mockito.MockitoTestExecutionListener, org.springframework.boot.test.mock.mockito.ResetMocksTestExecutionListener, org.springframework.test.context.web.ServletTestExecutionListener, org.springframework.test.context.support.DirtiesContextBeforeModesTestExecutionListener, org.springframework.test.context.event.ApplicationEventsTestExecutionListener, org.springframework.test.context.support.DependencyInjectionTestExecutionListener, org.springframework.test.context.support.DirtiesContextTestExecutionListener, org.springframework.test.context.transaction.TransactionalTestExecutionListener, org.springframework.test.context.jdbc.SqlScriptsTestExecutionListener, org.springframework.test.context.event.EventPublishingTestExecutionListener]
15:24:53.382 [Test worker] INFO org.springframework.boot.test.context.SpringBootTestContextBootstrapper - Using TestExecutionListeners: [org.springframework.test.context.web.ServletTestExecutionListener@5ab4edb4, org.springframework.test.context.support.DirtiesContextBeforeModesTestExecutionListener@73e9abe9, org.springframework.test.context.event.ApplicationEventsTestExecutionListener@f7bbab2, org.springframework.boot.test.mock.mockito.MockitoTestExecutionListener@3f384837, org.springframework.boot.test.autoconfigure.SpringBootDependencyInjectionTestExecutionListener@421ccb29, org.springframework.test.context.support.DirtiesContextTestExecutionListener@7c149660, org.springframework.test.context.transaction.TransactionalTestExecutionListener@2e680d7a, org.springframework.test.context.jdbc.SqlScriptsTestExecutionListener@536c8170, org.springframework.test.context.event.EventPublishingTestExecutionListener@778d4db7, org.springframework.boot.test.autoconfigure.restdocs.RestDocsTestExecutionListener@2f7262b0, org.springframework.boot.test.autoconfigure.web.client.MockRestServiceServerResetTestExecutionListener@411fa9f9, org.springframework.boot.test.autoconfigure.web.servlet.MockMvcPrintOnlyOnFailureTestExecutionListener@764fd7ab, org.springframework.boot.test.autoconfigure.web.servlet.WebDriverTestExecutionListener@6b32dc20, org.springframework.boot.test.autoconfigure.webservices.client.MockWebServiceServerTestExecutionListener@57695414, org.springframework.boot.test.mock.mockito.ResetMocksTestExecutionListener@6b056f61]
15:24:53.385 [Test worker] DEBUG org.springframework.test.context.support.AbstractDirtiesContextTestExecutionListener - Before test class: context [DefaultTestContext@4948d3ef testClass = ComandContactTest, testInstance = [null], testMethod = [null], testException = [null], mergedContextConfiguration = [WebMergedContextConfiguration@5a5703b2 testClass = ComandContactTest, locations = '{}', classes = '{class com.uco.TrafficAgent.infrastructure.ApplicationMock}', contextInitializerClasses = '[]', activeProfiles = '{test}', propertySourceLocations = '{}', propertySourceProperties = '{org.springframework.boot.test.context.SpringBootTestContextBootstrapper=true}', contextCustomizers = set[org.springframework.boot.test.autoconfigure.actuate.metrics.MetricsExportContextCustomizerFactory$DisableMetricExportContextCustomizer@412d6ae3, org.springframework.boot.test.autoconfigure.properties.PropertyMappingContextCustomizer@4b3fa0b3, org.springframework.boot.test.autoconfigure.web.servlet.WebDriverContextCustomizerFactory$Customizer@4b925384, [ImportsContextCustomizer@3f6375ee key = [org.springframework.boot.test.autoconfigure.web.servlet.MockMvcAutoConfiguration, org.springframework.boot.test.autoconfigure.web.servlet.MockMvcWebClientAutoConfiguration, org.springframework.boot.test.autoconfigure.web.servlet.MockMvcWebDriverAutoConfiguration, org.springframework.boot.autoconfigure.security.oauth2.client.servlet.OAuth2ClientAutoConfiguration, org.springframework.boot.autoconfigure.security.oauth2.resource.servlet.OAuth2ResourceServerAutoConfiguration, org.springframework.boot.autoconfigure.security.servlet.SecurityAutoConfiguration, org.springframework.boot.autoconfigure.security.servlet.SecurityFilterAutoConfiguration, org.springframework.boot.autoconfigure.security.servlet.UserDetailsServiceAutoConfiguration, org.springframework.boot.test.autoconfigure.web.servlet.MockMvcSecurityConfiguration, org.springframework.boot.test.autoconfigure.web.reactive.WebTestClientAutoConfiguration]], org.springframework.boot.test.context.filter.ExcludeFilterContextCustomizer@565eae80, org.springframework.boot.test.json.DuplicateJsonObjectContextCustomizerFactory$DuplicateJsonObjectContextCustomizer@84cba81, org.springframework.boot.test.mock.mockito.MockitoContextCustomizer@0, org.springframework.boot.test.web.client.TestRestTemplateContextCustomizer@2e139467, org.springframework.boot.test.context.SpringBootTestArgs@1, org.springframework.boot.test.context.SpringBootTestWebEnvironment@20765ed5], resourceBasePath = 'src/main/webapp', contextLoader = 'org.springframework.boot.test.context.SpringBootContextLoader', parent = [null]], attributes = map['org.springframework.test.context.web.ServletTestExecutionListener.activateListener' -> true]], class annotated with @DirtiesContext [true] with mode [AFTER_EACH_TEST_METHOD].

  .   ____          _            __ _ _
 /\\ / ___'_ __ _ _(_)_ __  __ _ \ \ \ \
( ( )\___ | '_ | '_| | '_ \/ _` | \ \ \ \
 \\/  ___)| |_)| | | | | || (_| |  ) ) ) )
  '  |____| .__|_| |_|_| |_\__, | / / / /
 =========|_|==============|___/=/_/_/_/
 :: Spring Boot ::                (v2.6.3)

2023-05-14 15:24:53.724  INFO 16268 --- [    Test worker] c.u.T.i.c.c.comand.ComandContactTest     : Starting ComandContactTest using Java 18.0.2 on SANTIAGOP-CARDENAS with PID 16268 (started by santiago.cardenas in C:\Users\santiago.cardenas\Desktop\TrafficAgent\TrafficAgent)
2023-05-14 15:24:53.725  INFO 16268 --- [    Test worker] c.u.T.i.c.c.comand.ComandContactTest     : The following profiles are active: test
2023-05-14 15:24:54.263  INFO 16268 --- [    Test worker] .s.d.r.c.RepositoryConfigurationDelegate : Bootstrapping Spring Data JPA repositories in DEFAULT mode.
2023-05-14 15:24:54.360  INFO 16268 --- [    Test worker] .s.d.r.c.RepositoryConfigurationDelegate : Finished Spring Data repository scanning in 87 ms. Found 5 JPA repository interfaces.
2023-05-14 15:24:55.140  INFO 16268 --- [    Test worker] o.hibernate.jpa.internal.util.LogHelper  : HHH000204: Processing PersistenceUnitInfo [name: default]
2023-05-14 15:24:55.218  INFO 16268 --- [    Test worker] org.hibernate.Version                    : HHH000412: Hibernate ORM core version 5.6.4.Final
2023-05-14 15:24:55.269  INFO 16268 --- [    Test worker] o.hibernate.annotations.common.Version   : HCANN000001: Hibernate Commons Annotations {5.1.2.Final}
2023-05-14 15:24:55.387  INFO 16268 --- [    Test worker] com.zaxxer.hikari.HikariDataSource       : HikariPool-1 - Starting...
2023-05-14 15:24:55.709  INFO 16268 --- [    Test worker] com.zaxxer.hikari.HikariDataSource       : HikariPool-1 - Start completed.
2023-05-14 15:24:55.732  INFO 16268 --- [    Test worker] org.hibernate.dialect.Dialect            : HHH000400: Using dialect: org.hibernate.dialect.H2Dialect
2023-05-14 15:24:56.321  INFO 16268 --- [    Test worker] o.h.e.t.j.p.i.JtaPlatformInitiator       : HHH000490: Using JtaPlatform implementation: [org.hibernate.engine.transaction.jta.platform.internal.NoJtaPlatform]
2023-05-14 15:24:56.329  INFO 16268 --- [    Test worker] j.LocalContainerEntityManagerFactoryBean : Initialized JPA EntityManagerFactory for persistence unit 'default'
2023-05-14 15:24:57.094  WARN 16268 --- [    Test worker] JpaBaseConfiguration$JpaWebConfiguration : spring.jpa.open-in-view is enabled by default. Therefore, database queries may be performed during view rendering. Explicitly configure spring.jpa.open-in-view to disable this warning
2023-05-14 15:24:57.681  INFO 16268 --- [    Test worker] o.s.b.t.m.w.SpringBootMockServletContext : Initializing Spring TestDispatcherServlet ''
2023-05-14 15:24:57.681  INFO 16268 --- [    Test worker] o.s.t.web.servlet.TestDispatcherServlet  : Initializing Servlet ''
2023-05-14 15:24:57.682  INFO 16268 --- [    Test worker] o.s.t.web.servlet.TestDispatcherServlet  : Completed initialization in 1 ms
2023-05-14 15:24:57.699  INFO 16268 --- [    Test worker] c.u.T.i.c.c.comand.ComandContactTest     : Started ComandContactTest in 4.283 seconds (JVM running for 9.099)
2023-05-14 15:24:58.157  INFO 16268 --- [    Test worker] j.LocalContainerEntityManagerFactoryBean : Closing JPA EntityManagerFactory for persistence unit 'default'
2023-05-14 15:24:58.158  INFO 16268 --- [    Test worker] com.zaxxer.hikari.HikariDataSource       : HikariPool-1 - Shutdown initiated...
2023-05-14 15:24:58.159  INFO 16268 --- [    Test worker] com.zaxxer.hikari.HikariDataSource       : HikariPool-1 - Shutdown completed.

  .   ____          _            __ _ _
 /\\ / ___'_ __ _ _(_)_ __  __ _ \ \ \ \
( ( )\___ | '_ | '_| | '_ \/ _` | \ \ \ \
 \\/  ___)| |_)| | | | | || (_| |  ) ) ) )
  '  |____| .__|_| |_|_| |_\__, | / / / /
 =========|_|==============|___/=/_/_/_/
 :: Spring Boot ::                (v2.6.3)

2023-05-14 15:24:58.181  INFO 16268 --- [    Test worker] c.u.T.i.c.c.comand.ComandContactTest     : Starting ComandContactTest using Java 18.0.2 on SANTIAGOP-CARDENAS with PID 16268 (started by santiago.cardenas in C:\Users\santiago.cardenas\Desktop\TrafficAgent\TrafficAgent)
2023-05-14 15:24:58.181  INFO 16268 --- [    Test worker] c.u.T.i.c.c.comand.ComandContactTest     : The following profiles are active: test
2023-05-14 15:24:58.337  INFO 16268 --- [    Test worker] .s.d.r.c.RepositoryConfigurationDelegate : Bootstrapping Spring Data JPA repositories in DEFAULT mode.
2023-05-14 15:24:58.383  INFO 16268 --- [    Test worker] .s.d.r.c.RepositoryConfigurationDelegate : Finished Spring Data repository scanning in 45 ms. Found 5 JPA repository interfaces.
2023-05-14 15:24:58.544  INFO 16268 --- [    Test worker] o.hibernate.jpa.internal.util.LogHelper  : HHH000204: Processing PersistenceUnitInfo [name: default]
2023-05-14 15:24:58.550  INFO 16268 --- [    Test worker] com.zaxxer.hikari.HikariDataSource       : HikariPool-2 - Starting...
2023-05-14 15:24:58.551  INFO 16268 --- [    Test worker] com.zaxxer.hikari.HikariDataSource       : HikariPool-2 - Start completed.
2023-05-14 15:24:58.552  INFO 16268 --- [    Test worker] org.hibernate.dialect.Dialect            : HHH000400: Using dialect: org.hibernate.dialect.H2Dialect
2023-05-14 15:24:58.624  INFO 16268 --- [    Test worker] o.h.e.t.j.p.i.JtaPlatformInitiator       : HHH000490: Using JtaPlatform implementation: [org.hibernate.engine.transaction.jta.platform.internal.NoJtaPlatform]
2023-05-14 15:24:58.625  INFO 16268 --- [    Test worker] j.LocalContainerEntityManagerFactoryBean : Initialized JPA EntityManagerFactory for persistence unit 'default'
2023-05-14 15:24:58.846  WARN 16268 --- [    Test worker] JpaBaseConfiguration$JpaWebConfiguration : spring.jpa.open-in-view is enabled by default. Therefore, database queries may be performed during view rendering. Explicitly configure spring.jpa.open-in-view to disable this warning
2023-05-14 15:24:59.097  INFO 16268 --- [    Test worker] o.s.b.t.m.w.SpringBootMockServletContext : Initializing Spring TestDispatcherServlet ''
2023-05-14 15:24:59.097  INFO 16268 --- [    Test worker] o.s.t.web.servlet.TestDispatcherServlet  : Initializing Servlet ''
2023-05-14 15:24:59.098  INFO 16268 --- [    Test worker] o.s.t.web.servlet.TestDispatcherServlet  : Completed initialization in 1 ms
2023-05-14 15:24:59.102  INFO 16268 --- [    Test worker] c.u.T.i.c.c.comand.ComandContactTest     : Started ComandContactTest in 0.941 seconds (JVM running for 10.502)
2023-05-14 15:24:59.174  INFO 16268 --- [    Test worker] j.LocalContainerEntityManagerFactoryBean : Closing JPA EntityManagerFactory for persistence unit 'default'
2023-05-14 15:24:59.174  INFO 16268 --- [    Test worker] com.zaxxer.hikari.HikariDataSource       : HikariPool-2 - Shutdown initiated...
2023-05-14 15:24:59.175  INFO 16268 --- [    Test worker] com.zaxxer.hikari.HikariDataSource       : HikariPool-2 - Shutdown completed.
]]></system-out>
  <system-err><![CDATA[]]></system-err>
</testsuite>
