<?xml version="1.0" encoding="UTF-8"?>
<testsuite name="com.uco.TrafficAgent.domain.model.ReportTest" tests="6" skipped="0" failures="0" errors="0" timestamp="2023-05-24T02:07:42" hostname="DESKTOP-7IOCUQU" time="0.088">
  <properties/>
  <testcase name="validateFieldUserNull()" classname="com.uco.TrafficAgent.domain.model.ReportTest" time="0.052"/>
  <testcase name="validateFieldsMissingUrl()" classname="com.uco.TrafficAgent.domain.model.ReportTest" time="0.002"/>
  <testcase name="validateCreationSuccessful()" classname="com.uco.TrafficAgent.domain.model.ReportTest" time="0.003"/>
  <testcase name="validateFieldUrlNull()" classname="com.uco.TrafficAgent.domain.model.ReportTest" time="0.003"/>
  <testcase name="validateFieldsDescriptionNull()" classname="com.uco.TrafficAgent.domain.model.ReportTest" time="0.004"/>
  <testcase name="validateFieldsMissingDescription()" classname="com.uco.TrafficAgent.domain.model.ReportTest" time="0.003"/>
  <system-out><![CDATA[]]></system-out>
  <system-err><![CDATA[]]></system-err>
</testsuite>
