<?xml version="1.0" encoding="UTF-8"?>
<testsuite name="com.uco.TrafficAgent.domain.model.ReportTest" tests="6" skipped="0" failures="0" errors="0" timestamp="2023-05-14T20:24:52" hostname="SANTIAGOP-CARDE" time="0.009">
  <properties/>
  <testcase name="validateFieldUserNull()" classname="com.uco.TrafficAgent.domain.model.ReportTest" time="0.004"/>
  <testcase name="validateFieldsMissingUrl()" classname="com.uco.TrafficAgent.domain.model.ReportTest" time="0.001"/>
  <testcase name="validateCreationSuccessful()" classname="com.uco.TrafficAgent.domain.model.ReportTest" time="0.0"/>
  <testcase name="validateFieldUrlNull()" classname="com.uco.TrafficAgent.domain.model.ReportTest" time="0.001"/>
  <testcase name="validateFieldsDescriptionNull()" classname="com.uco.TrafficAgent.domain.model.ReportTest" time="0.001"/>
  <testcase name="validateFieldsMissingDescription()" classname="com.uco.TrafficAgent.domain.model.ReportTest" time="0.001"/>
  <system-out><![CDATA[]]></system-out>
  <system-err><![CDATA[]]></system-err>
</testsuite>
