<?xml version="1.0" encoding="UTF-8"?>
<testsuite name="com.uco.TrafficAgent.infrastructure.controller.user.consult.ConsultUserTests" tests="1" skipped="0" failures="0" errors="0" timestamp="2023-04-30T21:05:00" hostname="DESKTOP-LLM13DE" time="0.018">
  <properties/>
  <testcase name="consultAllUsers()" classname="com.uco.TrafficAgent.infrastructure.controller.user.consult.ConsultUserTests" time="0.018"/>
  <system-out><![CDATA[2023-04-30 16:05:00.165  INFO 16844 --- [    Test worker] o.s.t.c.support.AbstractContextLoader    : Could not detect default resource locations for test class [com.uco.TrafficAgent.infrastructure.controller.user.consult.ConsultUserTests]: no resource found for suffixes {-context.xml, Context.groovy}.
2023-04-30 16:05:00.168  INFO 16844 --- [    Test worker] .b.t.c.SpringBootTestContextBootstrapper : Loaded default TestExecutionListener class names from location [META-INF/spring.factories]: [org.springframework.boot.test.autoconfigure.restdocs.RestDocsTestExecutionListener, org.springframework.boot.test.autoconfigure.web.client.MockRestServiceServerResetTestExecutionListener, org.springframework.boot.test.autoconfigure.web.servlet.MockMvcPrintOnlyOnFailureTestExecutionListener, org.springframework.boot.test.autoconfigure.web.servlet.WebDriverTestExecutionListener, org.springframework.boot.test.autoconfigure.webservices.client.MockWebServiceServerTestExecutionListener, org.springframework.boot.test.mock.mockito.MockitoTestExecutionListener, org.springframework.boot.test.mock.mockito.ResetMocksTestExecutionListener, org.springframework.test.context.web.ServletTestExecutionListener, org.springframework.test.context.support.DirtiesContextBeforeModesTestExecutionListener, org.springframework.test.context.event.ApplicationEventsTestExecutionListener, org.springframework.test.context.support.DependencyInjectionTestExecutionListener, org.springframework.test.context.support.DirtiesContextTestExecutionListener, org.springframework.test.context.transaction.TransactionalTestExecutionListener, org.springframework.test.context.jdbc.SqlScriptsTestExecutionListener, org.springframework.test.context.event.EventPublishingTestExecutionListener]
2023-04-30 16:05:00.168  INFO 16844 --- [    Test worker] .b.t.c.SpringBootTestContextBootstrapper : Using TestExecutionListeners: [org.springframework.test.context.web.ServletTestExecutionListener@7e24897f, org.springframework.test.context.support.DirtiesContextBeforeModesTestExecutionListener@7de13f93, org.springframework.test.context.event.ApplicationEventsTestExecutionListener@7c3a94e, org.springframework.boot.test.mock.mockito.MockitoTestExecutionListener@2d7972c8, org.springframework.boot.test.autoconfigure.SpringBootDependencyInjectionTestExecutionListener@77cc6969, org.springframework.test.context.support.DirtiesContextTestExecutionListener@3a5cda4, org.springframework.test.context.transaction.TransactionalTestExecutionListener@19368d47, org.springframework.test.context.jdbc.SqlScriptsTestExecutionListener@7f3f439b, org.springframework.test.context.event.EventPublishingTestExecutionListener@6b2cea34, org.springframework.boot.test.autoconfigure.restdocs.RestDocsTestExecutionListener@4649d218, org.springframework.boot.test.autoconfigure.web.client.MockRestServiceServerResetTestExecutionListener@6b383323, org.springframework.boot.test.autoconfigure.web.servlet.MockMvcPrintOnlyOnFailureTestExecutionListener@6e9e8644, org.springframework.boot.test.autoconfigure.web.servlet.WebDriverTestExecutionListener@626face9, org.springframework.boot.test.autoconfigure.webservices.client.MockWebServiceServerTestExecutionListener@6abe6bae, org.springframework.boot.test.mock.mockito.ResetMocksTestExecutionListener@40b5ecf1]

  .   ____          _            __ _ _
 /\\ / ___'_ __ _ _(_)_ __  __ _ \ \ \ \
( ( )\___ | '_ | '_| | '_ \/ _` | \ \ \ \
 \\/  ___)| |_)| | | | | || (_| |  ) ) ) )
  '  |____| .__|_| |_|_| |_\__, | / / / /
 =========|_|==============|___/=/_/_/_/
 :: Spring Boot ::                (v2.6.3)

2023-04-30 16:05:00.186  INFO 16844 --- [    Test worker] c.u.T.i.c.user.consult.ConsultUserTests  : Starting ConsultUserTests using Java 17.0.6 on DESKTOP-LLM13DE with PID 16844 (started by mateo in C:\Users\mateo\OneDrive\Escritorio\proyectos\software 4\TrafficAgent)
2023-04-30 16:05:00.187  INFO 16844 --- [    Test worker] c.u.T.i.c.user.consult.ConsultUserTests  : The following profiles are active: test
2023-04-30 16:05:00.333  INFO 16844 --- [    Test worker] .s.d.r.c.RepositoryConfigurationDelegate : Bootstrapping Spring Data JPA repositories in DEFAULT mode.
2023-04-30 16:05:00.374  INFO 16844 --- [    Test worker] .s.d.r.c.RepositoryConfigurationDelegate : Finished Spring Data repository scanning in 41 ms. Found 5 JPA repository interfaces.
2023-04-30 16:05:00.488  INFO 16844 --- [    Test worker] o.hibernate.jpa.internal.util.LogHelper  : HHH000204: Processing PersistenceUnitInfo [name: default]
2023-04-30 16:05:00.494  INFO 16844 --- [    Test worker] com.zaxxer.hikari.HikariDataSource       : HikariPool-15 - Starting...
2023-04-30 16:05:00.494  INFO 16844 --- [    Test worker] com.zaxxer.hikari.HikariDataSource       : HikariPool-15 - Start completed.
2023-04-30 16:05:00.495  INFO 16844 --- [    Test worker] org.hibernate.dialect.Dialect            : HHH000400: Using dialect: org.hibernate.dialect.H2Dialect
2023-04-30 16:05:00.543  INFO 16844 --- [    Test worker] o.h.e.t.j.p.i.JtaPlatformInitiator       : HHH000490: Using JtaPlatform implementation: [org.hibernate.engine.transaction.jta.platform.internal.NoJtaPlatform]
2023-04-30 16:05:00.543  INFO 16844 --- [    Test worker] j.LocalContainerEntityManagerFactoryBean : Initialized JPA EntityManagerFactory for persistence unit 'default'
2023-04-30 16:05:00.735  WARN 16844 --- [    Test worker] JpaBaseConfiguration$JpaWebConfiguration : spring.jpa.open-in-view is enabled by default. Therefore, database queries may be performed during view rendering. Explicitly configure spring.jpa.open-in-view to disable this warning
2023-04-30 16:05:00.941  INFO 16844 --- [    Test worker] o.s.b.t.m.w.SpringBootMockServletContext : Initializing Spring TestDispatcherServlet ''
2023-04-30 16:05:00.941  INFO 16844 --- [    Test worker] o.s.t.web.servlet.TestDispatcherServlet  : Initializing Servlet ''
2023-04-30 16:05:00.942  INFO 16844 --- [    Test worker] o.s.t.web.servlet.TestDispatcherServlet  : Completed initialization in 1 ms
2023-04-30 16:05:00.946  INFO 16844 --- [    Test worker] c.u.T.i.c.user.consult.ConsultUserTests  : Started ConsultUserTests in 0.777 seconds (JVM running for 27.216)
2023-04-30 16:05:00.966  INFO 16844 --- [    Test worker] j.LocalContainerEntityManagerFactoryBean : Closing JPA EntityManagerFactory for persistence unit 'default'
2023-04-30 16:05:00.966  INFO 16844 --- [    Test worker] com.zaxxer.hikari.HikariDataSource       : HikariPool-15 - Shutdown initiated...
2023-04-30 16:05:00.967  INFO 16844 --- [    Test worker] com.zaxxer.hikari.HikariDataSource       : HikariPool-15 - Shutdown completed.
]]></system-out>
  <system-err><![CDATA[]]></system-err>
</testsuite>
