<?xml version="1.0" encoding="UTF-8"?>
<testsuite name="com.uco.TrafficAgent.domain.service.report.ServiceListAllReportByDateTest" tests="2" skipped="0" failures="0" errors="0" timestamp="2023-06-02T20:51:32" hostname="DESKTOP-7IOCUQU" time="0.067">
  <properties/>
  <testcase name="findReportsSuccessfulByDate()" classname="com.uco.TrafficAgent.domain.service.report.ServiceListAllReportByDateTest" time="0.062"/>
  <testcase name="noFindReport()" classname="com.uco.TrafficAgent.domain.service.report.ServiceListAllReportByDateTest" time="0.004"/>
  <system-out><![CDATA[]]></system-out>
  <system-err><![CDATA[]]></system-err>
</testsuite>
