<?xml version="1.0" encoding="UTF-8"?>
<testsuite name="com.uco.TrafficAgent.domain.service.contact.ServiceFindListContactByProximityTest" tests="2" skipped="0" failures="0" errors="0" timestamp="2023-06-02T15:41:49" hostname="SANTIAGOP-CARDE" time="0.621">
  <properties/>
  <testcase name="noFindContact()" classname="com.uco.TrafficAgent.domain.service.contact.ServiceFindListContactByProximityTest" time="0.617"/>
  <testcase name="findContactSuccessful()" classname="com.uco.TrafficAgent.domain.service.contact.ServiceFindListContactByProximityTest" time="0.004"/>
  <system-out><![CDATA[]]></system-out>
  <system-err><![CDATA[]]></system-err>
</testsuite>
