<?xml version="1.0" encoding="UTF-8"?>
<testsuite name="com.uco.TrafficAgent.domain.service.user.ServiceUpdateUserTest" tests="2" skipped="0" failures="0" errors="0" timestamp="2023-05-21T15:11:40" hostname="DESKTOP-7IOCUQU" time="0.102">
  <properties/>
  <testcase name="updateUserSuccessful()" classname="com.uco.TrafficAgent.domain.service.user.ServiceUpdateUserTest" time="0.094"/>
  <testcase name="updateUserNoSuccessful()" classname="com.uco.TrafficAgent.domain.service.user.ServiceUpdateUserTest" time="0.007"/>
  <system-out><![CDATA[]]></system-out>
  <system-err><![CDATA[]]></system-err>
</testsuite>
