<?xml version="1.0" encoding="UTF-8"?>
<testsuite name="com.uco.TrafficAgent.domain.model.ReportTest" tests="6" skipped="0" failures="0" errors="0" timestamp="2023-05-21T15:11:23" hostname="DESKTOP-7IOCUQU" time="0.447">
  <properties/>
  <testcase name="validateFieldUserNull()" classname="com.uco.TrafficAgent.domain.model.ReportTest" time="0.435"/>
  <testcase name="validateFieldsMissingUrl()" classname="com.uco.TrafficAgent.domain.model.ReportTest" time="0.001"/>
  <testcase name="validateCreationSuccessful()" classname="com.uco.TrafficAgent.domain.model.ReportTest" time="0.002"/>
  <testcase name="validateFieldUrlNull()" classname="com.uco.TrafficAgent.domain.model.ReportTest" time="0.001"/>
  <testcase name="validateFieldsDescriptionNull()" classname="com.uco.TrafficAgent.domain.model.ReportTest" time="0.002"/>
  <testcase name="validateFieldsMissingDescription()" classname="com.uco.TrafficAgent.domain.model.ReportTest" time="0.001"/>
  <system-out><![CDATA[]]></system-out>
  <system-err><![CDATA[]]></system-err>
</testsuite>
