<?xml version="1.0" encoding="UTF-8"?>
<testsuite name="com.uco.TrafficAgent.domain.model.ReportTest" tests="6" skipped="0" failures="0" errors="0" timestamp="2023-04-30T20:17:49" hostname="DESKTOP-LLM13DE" time="0.01">
  <properties/>
  <testcase name="validateFieldUserNull()" classname="com.uco.TrafficAgent.domain.model.ReportTest" time="0.005"/>
  <testcase name="validateFieldsMissingUrl()" classname="com.uco.TrafficAgent.domain.model.ReportTest" time="0.001"/>
  <testcase name="validateCreationSuccessful()" classname="com.uco.TrafficAgent.domain.model.ReportTest" time="0.001"/>
  <testcase name="validateFieldUrlNull()" classname="com.uco.TrafficAgent.domain.model.ReportTest" time="0.001"/>
  <testcase name="validateFieldsDescriptionNull()" classname="com.uco.TrafficAgent.domain.model.ReportTest" time="0.001"/>
  <testcase name="validateFieldsMissingDescription()" classname="com.uco.TrafficAgent.domain.model.ReportTest" time="0.0"/>
  <system-out><![CDATA[]]></system-out>
  <system-err><![CDATA[]]></system-err>
</testsuite>
