<?xml version="1.0" encoding="UTF-8"?>
<testsuite name="com.uco.TrafficAgent.infrastructure.controller.report.consult.ConsultReportTests" tests="4" skipped="0" failures="0" errors="0" timestamp="2023-06-02T15:42:02" hostname="SANTIAGOP-CARDE" time="2.656">
  <properties/>
  <testcase name="consultAllReportByDate()" classname="com.uco.TrafficAgent.infrastructure.controller.report.consult.ConsultReportTests" time="0.043"/>
  <testcase name="consultAllReportByUser()" classname="com.uco.TrafficAgent.infrastructure.controller.report.consult.ConsultReportTests" time="0.034"/>
  <testcase name="consultAllEmptyByDate()" classname="com.uco.TrafficAgent.infrastructure.controller.report.consult.ConsultReportTests" time="0.029"/>
  <testcase name="consultAllEmptyByUser()" classname="com.uco.TrafficAgent.infrastructure.controller.report.consult.ConsultReportTests" time="0.026"/>
  <system-out><![CDATA[2023-06-02 10:42:01.700  INFO 19400 --- [    Test worker] o.s.t.c.support.AbstractContextLoader    : Could not detect default resource locations for test class [com.uco.TrafficAgent.infrastructure.controller.report.consult.ConsultReportTests]: no resource found for suffixes {-context.xml, Context.groovy}.
2023-06-02 10:42:01.703  INFO 19400 --- [    Test worker] .b.t.c.SpringBootTestContextBootstrapper : Loaded default TestExecutionListener class names from location [META-INF/spring.factories]: [org.springframework.boot.test.autoconfigure.restdocs.RestDocsTestExecutionListener, org.springframework.boot.test.autoconfigure.web.client.MockRestServiceServerResetTestExecutionListener, org.springframework.boot.test.autoconfigure.web.servlet.MockMvcPrintOnlyOnFailureTestExecutionListener, org.springframework.boot.test.autoconfigure.web.servlet.WebDriverTestExecutionListener, org.springframework.boot.test.autoconfigure.webservices.client.MockWebServiceServerTestExecutionListener, org.springframework.boot.test.mock.mockito.MockitoTestExecutionListener, org.springframework.boot.test.mock.mockito.ResetMocksTestExecutionListener, org.springframework.test.context.web.ServletTestExecutionListener, org.springframework.test.context.support.DirtiesContextBeforeModesTestExecutionListener, org.springframework.test.context.event.ApplicationEventsTestExecutionListener, org.springframework.test.context.support.DependencyInjectionTestExecutionListener, org.springframework.test.context.support.DirtiesContextTestExecutionListener, org.springframework.test.context.transaction.TransactionalTestExecutionListener, org.springframework.test.context.jdbc.SqlScriptsTestExecutionListener, org.springframework.test.context.event.EventPublishingTestExecutionListener]
2023-06-02 10:42:01.703  INFO 19400 --- [    Test worker] .b.t.c.SpringBootTestContextBootstrapper : Using TestExecutionListeners: [org.springframework.test.context.web.ServletTestExecutionListener@1bd23f1, org.springframework.test.context.support.DirtiesContextBeforeModesTestExecutionListener@38369ee4, org.springframework.test.context.event.ApplicationEventsTestExecutionListener@70ed53fd, org.springframework.boot.test.mock.mockito.MockitoTestExecutionListener@1f377bb4, org.springframework.boot.test.autoconfigure.SpringBootDependencyInjectionTestExecutionListener@777d7108, org.springframework.test.context.support.DirtiesContextTestExecutionListener@7bb010bd, org.springframework.test.context.transaction.TransactionalTestExecutionListener@61d8c68d, org.springframework.test.context.jdbc.SqlScriptsTestExecutionListener@4596ebd9, org.springframework.test.context.event.EventPublishingTestExecutionListener@597f2752, org.springframework.boot.test.autoconfigure.restdocs.RestDocsTestExecutionListener@2231e138, org.springframework.boot.test.autoconfigure.web.client.MockRestServiceServerResetTestExecutionListener@5faa75d, org.springframework.boot.test.autoconfigure.web.servlet.MockMvcPrintOnlyOnFailureTestExecutionListener@77c04c18, org.springframework.boot.test.autoconfigure.web.servlet.WebDriverTestExecutionListener@5725a005, org.springframework.boot.test.autoconfigure.webservices.client.MockWebServiceServerTestExecutionListener@7ab0b3f8, org.springframework.boot.test.mock.mockito.ResetMocksTestExecutionListener@2aa023bc]

  .   ____          _            __ _ _
 /\\ / ___'_ __ _ _(_)_ __  __ _ \ \ \ \
( ( )\___ | '_ | '_| | '_ \/ _` | \ \ \ \
 \\/  ___)| |_)| | | | | || (_| |  ) ) ) )
  '  |____| .__|_| |_|_| |_\__, | / / / /
 =========|_|==============|___/=/_/_/_/
 :: Spring Boot ::                (v2.6.3)

2023-06-02 10:42:01.725  INFO 19400 --- [    Test worker] c.u.T.i.c.r.consult.ConsultReportTests   : Starting ConsultReportTests using Java 18.0.2 on SANTIAGOP-CARDENAS with PID 19400 (started by santiago.cardenas in C:\Users\santiago.cardenas\Desktop\TrafficAgent\TrafficAgent)
2023-06-02 10:42:01.725  INFO 19400 --- [    Test worker] c.u.T.i.c.r.consult.ConsultReportTests   : The following profiles are active: test
2023-06-02 10:42:01.874  INFO 19400 --- [    Test worker] .s.d.r.c.RepositoryConfigurationDelegate : Bootstrapping Spring Data JPA repositories in DEFAULT mode.
2023-06-02 10:42:01.929  INFO 19400 --- [    Test worker] .s.d.r.c.RepositoryConfigurationDelegate : Finished Spring Data repository scanning in 55 ms. Found 5 JPA repository interfaces.
2023-06-02 10:42:02.072  INFO 19400 --- [    Test worker] o.hibernate.jpa.internal.util.LogHelper  : HHH000204: Processing PersistenceUnitInfo [name: default]
2023-06-02 10:42:02.079  INFO 19400 --- [    Test worker] com.zaxxer.hikari.HikariDataSource       : HikariPool-6 - Starting...
2023-06-02 10:42:02.080  INFO 19400 --- [    Test worker] com.zaxxer.hikari.HikariDataSource       : HikariPool-6 - Start completed.
2023-06-02 10:42:02.080  INFO 19400 --- [    Test worker] org.hibernate.dialect.Dialect            : HHH000400: Using dialect: org.hibernate.dialect.H2Dialect
2023-06-02 10:42:02.149  INFO 19400 --- [    Test worker] o.h.e.t.j.p.i.JtaPlatformInitiator       : HHH000490: Using JtaPlatform implementation: [org.hibernate.engine.transaction.jta.platform.internal.NoJtaPlatform]
2023-06-02 10:42:02.150  INFO 19400 --- [    Test worker] j.LocalContainerEntityManagerFactoryBean : Initialized JPA EntityManagerFactory for persistence unit 'default'
2023-06-02 10:42:02.466  WARN 19400 --- [    Test worker] JpaBaseConfiguration$JpaWebConfiguration : spring.jpa.open-in-view is enabled by default. Therefore, database queries may be performed during view rendering. Explicitly configure spring.jpa.open-in-view to disable this warning
2023-06-02 10:42:02.664  INFO 19400 --- [    Test worker] o.s.b.t.m.w.SpringBootMockServletContext : Initializing Spring TestDispatcherServlet ''
2023-06-02 10:42:02.664  INFO 19400 --- [    Test worker] o.s.t.web.servlet.TestDispatcherServlet  : Initializing Servlet ''
2023-06-02 10:42:02.665  INFO 19400 --- [    Test worker] o.s.t.web.servlet.TestDispatcherServlet  : Completed initialization in 1 ms
2023-06-02 10:42:02.668  INFO 19400 --- [    Test worker] c.u.T.i.c.r.consult.ConsultReportTests   : Started ConsultReportTests in 0.963 seconds (JVM running for 17.759)
2023-06-02 10:42:02.680  INFO 19400 --- [    Test worker] c.u.T.i.aspect.LogExecutionAspect        : DtoResponse com.uco.TrafficAgent.infrastructure.repository.login.controller.ComandControllerLogin.login(DtoLogin) executed in 6ms
2023-06-02 10:42:02.713  INFO 19400 --- [    Test worker] j.LocalContainerEntityManagerFactoryBean : Closing JPA EntityManagerFactory for persistence unit 'default'
2023-06-02 10:42:02.713  INFO 19400 --- [    Test worker] com.zaxxer.hikari.HikariDataSource       : HikariPool-6 - Shutdown initiated...
2023-06-02 10:42:02.714  INFO 19400 --- [    Test worker] com.zaxxer.hikari.HikariDataSource       : HikariPool-6 - Shutdown completed.

  .   ____          _            __ _ _
 /\\ / ___'_ __ _ _(_)_ __  __ _ \ \ \ \
( ( )\___ | '_ | '_| | '_ \/ _` | \ \ \ \
 \\/  ___)| |_)| | | | | || (_| |  ) ) ) )
  '  |____| .__|_| |_|_| |_\__, | / / / /
 =========|_|==============|___/=/_/_/_/
 :: Spring Boot ::                (v2.6.3)

2023-06-02 10:42:02.744  INFO 19400 --- [    Test worker] c.u.T.i.c.r.consult.ConsultReportTests   : Starting ConsultReportTests using Java 18.0.2 on SANTIAGOP-CARDENAS with PID 19400 (started by santiago.cardenas in C:\Users\santiago.cardenas\Desktop\TrafficAgent\TrafficAgent)
2023-06-02 10:42:02.744  INFO 19400 --- [    Test worker] c.u.T.i.c.r.consult.ConsultReportTests   : The following profiles are active: test
2023-06-02 10:42:02.900  INFO 19400 --- [    Test worker] .s.d.r.c.RepositoryConfigurationDelegate : Bootstrapping Spring Data JPA repositories in DEFAULT mode.
2023-06-02 10:42:02.941  INFO 19400 --- [    Test worker] .s.d.r.c.RepositoryConfigurationDelegate : Finished Spring Data repository scanning in 40 ms. Found 5 JPA repository interfaces.
2023-06-02 10:42:03.065  INFO 19400 --- [    Test worker] o.hibernate.jpa.internal.util.LogHelper  : HHH000204: Processing PersistenceUnitInfo [name: default]
2023-06-02 10:42:03.070  INFO 19400 --- [    Test worker] com.zaxxer.hikari.HikariDataSource       : HikariPool-7 - Starting...
2023-06-02 10:42:03.071  INFO 19400 --- [    Test worker] com.zaxxer.hikari.HikariDataSource       : HikariPool-7 - Start completed.
2023-06-02 10:42:03.071  INFO 19400 --- [    Test worker] org.hibernate.dialect.Dialect            : HHH000400: Using dialect: org.hibernate.dialect.H2Dialect
2023-06-02 10:42:03.138  INFO 19400 --- [    Test worker] o.h.e.t.j.p.i.JtaPlatformInitiator       : HHH000490: Using JtaPlatform implementation: [org.hibernate.engine.transaction.jta.platform.internal.NoJtaPlatform]
2023-06-02 10:42:03.138  INFO 19400 --- [    Test worker] j.LocalContainerEntityManagerFactoryBean : Initialized JPA EntityManagerFactory for persistence unit 'default'
2023-06-02 10:42:03.491  WARN 19400 --- [    Test worker] JpaBaseConfiguration$JpaWebConfiguration : spring.jpa.open-in-view is enabled by default. Therefore, database queries may be performed during view rendering. Explicitly configure spring.jpa.open-in-view to disable this warning
2023-06-02 10:42:03.667  INFO 19400 --- [    Test worker] o.s.b.t.m.w.SpringBootMockServletContext : Initializing Spring TestDispatcherServlet ''
2023-06-02 10:42:03.667  INFO 19400 --- [    Test worker] o.s.t.web.servlet.TestDispatcherServlet  : Initializing Servlet ''
2023-06-02 10:42:03.667  INFO 19400 --- [    Test worker] o.s.t.web.servlet.TestDispatcherServlet  : Completed initialization in 0 ms
2023-06-02 10:42:03.673  INFO 19400 --- [    Test worker] c.u.T.i.c.r.consult.ConsultReportTests   : Started ConsultReportTests in 0.956 seconds (JVM running for 18.763)
2023-06-02 10:42:03.688  INFO 19400 --- [    Test worker] c.u.T.i.aspect.LogExecutionAspect        : DtoResponse com.uco.TrafficAgent.infrastructure.repository.login.controller.ComandControllerLogin.login(DtoLogin) executed in 7ms
2023-06-02 10:42:03.708  INFO 19400 --- [    Test worker] j.LocalContainerEntityManagerFactoryBean : Closing JPA EntityManagerFactory for persistence unit 'default'
2023-06-02 10:42:03.708  INFO 19400 --- [    Test worker] com.zaxxer.hikari.HikariDataSource       : HikariPool-7 - Shutdown initiated...
2023-06-02 10:42:03.709  INFO 19400 --- [    Test worker] com.zaxxer.hikari.HikariDataSource       : HikariPool-7 - Shutdown completed.

  .   ____          _            __ _ _
 /\\ / ___'_ __ _ _(_)_ __  __ _ \ \ \ \
( ( )\___ | '_ | '_| | '_ \/ _` | \ \ \ \
 \\/  ___)| |_)| | | | | || (_| |  ) ) ) )
  '  |____| .__|_| |_|_| |_\__, | / / / /
 =========|_|==============|___/=/_/_/_/
 :: Spring Boot ::                (v2.6.3)

2023-06-02 10:42:03.727  INFO 19400 --- [    Test worker] c.u.T.i.c.r.consult.ConsultReportTests   : Starting ConsultReportTests using Java 18.0.2 on SANTIAGOP-CARDENAS with PID 19400 (started by santiago.cardenas in C:\Users\santiago.cardenas\Desktop\TrafficAgent\TrafficAgent)
2023-06-02 10:42:03.727  INFO 19400 --- [    Test worker] c.u.T.i.c.r.consult.ConsultReportTests   : The following profiles are active: test
2023-06-02 10:42:03.864  INFO 19400 --- [    Test worker] .s.d.r.c.RepositoryConfigurationDelegate : Bootstrapping Spring Data JPA repositories in DEFAULT mode.
2023-06-02 10:42:03.903  INFO 19400 --- [    Test worker] .s.d.r.c.RepositoryConfigurationDelegate : Finished Spring Data repository scanning in 38 ms. Found 5 JPA repository interfaces.
2023-06-02 10:42:04.025  INFO 19400 --- [    Test worker] o.hibernate.jpa.internal.util.LogHelper  : HHH000204: Processing PersistenceUnitInfo [name: default]
2023-06-02 10:42:04.031  INFO 19400 --- [    Test worker] com.zaxxer.hikari.HikariDataSource       : HikariPool-8 - Starting...
2023-06-02 10:42:04.032  INFO 19400 --- [    Test worker] com.zaxxer.hikari.HikariDataSource       : HikariPool-8 - Start completed.
2023-06-02 10:42:04.032  INFO 19400 --- [    Test worker] org.hibernate.dialect.Dialect            : HHH000400: Using dialect: org.hibernate.dialect.H2Dialect
2023-06-02 10:42:04.097  INFO 19400 --- [    Test worker] o.h.e.t.j.p.i.JtaPlatformInitiator       : HHH000490: Using JtaPlatform implementation: [org.hibernate.engine.transaction.jta.platform.internal.NoJtaPlatform]
2023-06-02 10:42:04.097  INFO 19400 --- [    Test worker] j.LocalContainerEntityManagerFactoryBean : Initialized JPA EntityManagerFactory for persistence unit 'default'
2023-06-02 10:42:04.365  WARN 19400 --- [    Test worker] JpaBaseConfiguration$JpaWebConfiguration : spring.jpa.open-in-view is enabled by default. Therefore, database queries may be performed during view rendering. Explicitly configure spring.jpa.open-in-view to disable this warning
2023-06-02 10:42:04.516  INFO 19400 --- [    Test worker] o.s.b.t.m.w.SpringBootMockServletContext : Initializing Spring TestDispatcherServlet ''
2023-06-02 10:42:04.516  INFO 19400 --- [    Test worker] o.s.t.web.servlet.TestDispatcherServlet  : Initializing Servlet ''
2023-06-02 10:42:04.517  INFO 19400 --- [    Test worker] o.s.t.web.servlet.TestDispatcherServlet  : Completed initialization in 0 ms
2023-06-02 10:42:04.520  INFO 19400 --- [    Test worker] c.u.T.i.c.r.consult.ConsultReportTests   : Started ConsultReportTests in 0.809 seconds (JVM running for 19.61)
2023-06-02 10:42:04.532  INFO 19400 --- [    Test worker] c.u.T.i.aspect.LogExecutionAspect        : DtoResponse com.uco.TrafficAgent.infrastructure.repository.login.controller.ComandControllerLogin.login(DtoLogin) executed in 6ms
2023-06-02 10:42:04.549  INFO 19400 --- [    Test worker] j.LocalContainerEntityManagerFactoryBean : Closing JPA EntityManagerFactory for persistence unit 'default'
2023-06-02 10:42:04.549  INFO 19400 --- [    Test worker] com.zaxxer.hikari.HikariDataSource       : HikariPool-8 - Shutdown initiated...
2023-06-02 10:42:04.550  INFO 19400 --- [    Test worker] com.zaxxer.hikari.HikariDataSource       : HikariPool-8 - Shutdown completed.

  .   ____          _            __ _ _
 /\\ / ___'_ __ _ _(_)_ __  __ _ \ \ \ \
( ( )\___ | '_ | '_| | '_ \/ _` | \ \ \ \
 \\/  ___)| |_)| | | | | || (_| |  ) ) ) )
  '  |____| .__|_| |_|_| |_\__, | / / / /
 =========|_|==============|___/=/_/_/_/
 :: Spring Boot ::                (v2.6.3)

2023-06-02 10:42:04.568  INFO 19400 --- [    Test worker] c.u.T.i.c.r.consult.ConsultReportTests   : Starting ConsultReportTests using Java 18.0.2 on SANTIAGOP-CARDENAS with PID 19400 (started by santiago.cardenas in C:\Users\santiago.cardenas\Desktop\TrafficAgent\TrafficAgent)
2023-06-02 10:42:04.568  INFO 19400 --- [    Test worker] c.u.T.i.c.r.consult.ConsultReportTests   : The following profiles are active: test
2023-06-02 10:42:04.689  INFO 19400 --- [    Test worker] .s.d.r.c.RepositoryConfigurationDelegate : Bootstrapping Spring Data JPA repositories in DEFAULT mode.
2023-06-02 10:42:04.736  INFO 19400 --- [    Test worker] .s.d.r.c.RepositoryConfigurationDelegate : Finished Spring Data repository scanning in 46 ms. Found 5 JPA repository interfaces.
2023-06-02 10:42:04.855  INFO 19400 --- [    Test worker] o.hibernate.jpa.internal.util.LogHelper  : HHH000204: Processing PersistenceUnitInfo [name: default]
2023-06-02 10:42:04.859  INFO 19400 --- [    Test worker] com.zaxxer.hikari.HikariDataSource       : HikariPool-9 - Starting...
2023-06-02 10:42:04.859  INFO 19400 --- [    Test worker] com.zaxxer.hikari.HikariDataSource       : HikariPool-9 - Start completed.
2023-06-02 10:42:04.859  INFO 19400 --- [    Test worker] org.hibernate.dialect.Dialect            : HHH000400: Using dialect: org.hibernate.dialect.H2Dialect
2023-06-02 10:42:04.913  INFO 19400 --- [    Test worker] o.h.e.t.j.p.i.JtaPlatformInitiator       : HHH000490: Using JtaPlatform implementation: [org.hibernate.engine.transaction.jta.platform.internal.NoJtaPlatform]
2023-06-02 10:42:04.913  INFO 19400 --- [    Test worker] j.LocalContainerEntityManagerFactoryBean : Initialized JPA EntityManagerFactory for persistence unit 'default'
2023-06-02 10:42:05.135  WARN 19400 --- [    Test worker] JpaBaseConfiguration$JpaWebConfiguration : spring.jpa.open-in-view is enabled by default. Therefore, database queries may be performed during view rendering. Explicitly configure spring.jpa.open-in-view to disable this warning
2023-06-02 10:42:05.296  INFO 19400 --- [    Test worker] o.s.b.t.m.w.SpringBootMockServletContext : Initializing Spring TestDispatcherServlet ''
2023-06-02 10:42:05.296  INFO 19400 --- [    Test worker] o.s.t.web.servlet.TestDispatcherServlet  : Initializing Servlet ''
2023-06-02 10:42:05.297  INFO 19400 --- [    Test worker] o.s.t.web.servlet.TestDispatcherServlet  : Completed initialization in 1 ms
2023-06-02 10:42:05.300  INFO 19400 --- [    Test worker] c.u.T.i.c.r.consult.ConsultReportTests   : Started ConsultReportTests in 0.748 seconds (JVM running for 20.39)
2023-06-02 10:42:05.310  INFO 19400 --- [    Test worker] c.u.T.i.aspect.LogExecutionAspect        : DtoResponse com.uco.TrafficAgent.infrastructure.repository.login.controller.ComandControllerLogin.login(DtoLogin) executed in 6ms
2023-06-02 10:42:05.323  INFO 19400 --- [    Test worker] j.LocalContainerEntityManagerFactoryBean : Closing JPA EntityManagerFactory for persistence unit 'default'
2023-06-02 10:42:05.324  INFO 19400 --- [    Test worker] com.zaxxer.hikari.HikariDataSource       : HikariPool-9 - Shutdown initiated...
2023-06-02 10:42:05.327  INFO 19400 --- [    Test worker] com.zaxxer.hikari.HikariDataSource       : HikariPool-9 - Shutdown completed.
]]></system-out>
  <system-err><![CDATA[]]></system-err>
</testsuite>
