<?xml version="1.0" encoding="UTF-8"?>
<testsuite name="com.uco.TrafficAgent.domain.dto.DtoUserSummaryTest" tests="1" skipped="0" failures="0" errors="0" timestamp="2023-05-14T20:24:52" hostname="SANTIAGOP-CARDE" time="0.001">
  <properties/>
  <testcase name="validateCreationSuccessful()" classname="com.uco.TrafficAgent.domain.dto.DtoUserSummaryTest" time="0.001"/>
  <system-out><![CDATA[]]></system-out>
  <system-err><![CDATA[]]></system-err>
</testsuite>
