<?xml version="1.0" encoding="UTF-8"?>
<testsuite name="com.uco.TrafficAgent.infrastructure.controller.contact.consult.ConsultContactByProximityTests" tests="2" skipped="0" failures="0" errors="0" timestamp="2023-05-21T15:12:26" hostname="DESKTOP-7IOCUQU" time="7.532">
  <properties/>
  <testcase name="consultAllContact()" classname="com.uco.TrafficAgent.infrastructure.controller.contact.consult.ConsultContactByProximityTests" time="0.773"/>
  <testcase name="consultAllEmpty()" classname="com.uco.TrafficAgent.infrastructure.controller.contact.consult.ConsultContactByProximityTests" time="0.207"/>
  <system-out><![CDATA[2023-05-21 10:12:20.722  INFO 14832 --- [    Test worker] o.s.t.c.support.AbstractContextLoader    : Could not detect default resource locations for test class [com.uco.TrafficAgent.infrastructure.controller.contact.consult.ConsultContactByProximityTests]: no resource found for suffixes {-context.xml, Context.groovy}.
2023-05-21 10:12:20.729  INFO 14832 --- [    Test worker] .b.t.c.SpringBootTestContextBootstrapper : Loaded default TestExecutionListener class names from location [META-INF/spring.factories]: [org.springframework.boot.test.autoconfigure.restdocs.RestDocsTestExecutionListener, org.springframework.boot.test.autoconfigure.web.client.MockRestServiceServerResetTestExecutionListener, org.springframework.boot.test.autoconfigure.web.servlet.MockMvcPrintOnlyOnFailureTestExecutionListener, org.springframework.boot.test.autoconfigure.web.servlet.WebDriverTestExecutionListener, org.springframework.boot.test.autoconfigure.webservices.client.MockWebServiceServerTestExecutionListener, org.springframework.boot.test.mock.mockito.MockitoTestExecutionListener, org.springframework.boot.test.mock.mockito.ResetMocksTestExecutionListener, org.springframework.test.context.web.ServletTestExecutionListener, org.springframework.test.context.support.DirtiesContextBeforeModesTestExecutionListener, org.springframework.test.context.event.ApplicationEventsTestExecutionListener, org.springframework.test.context.support.DependencyInjectionTestExecutionListener, org.springframework.test.context.support.DirtiesContextTestExecutionListener, org.springframework.test.context.transaction.TransactionalTestExecutionListener, org.springframework.test.context.jdbc.SqlScriptsTestExecutionListener, org.springframework.test.context.event.EventPublishingTestExecutionListener]
2023-05-21 10:12:20.730  INFO 14832 --- [    Test worker] .b.t.c.SpringBootTestContextBootstrapper : Using TestExecutionListeners: [org.springframework.test.context.web.ServletTestExecutionListener@32e2fb70, org.springframework.test.context.support.DirtiesContextBeforeModesTestExecutionListener@6abb5e8b, org.springframework.test.context.event.ApplicationEventsTestExecutionListener@4d53b3fe, org.springframework.boot.test.mock.mockito.MockitoTestExecutionListener@2e2e4c7b, org.springframework.boot.test.autoconfigure.SpringBootDependencyInjectionTestExecutionListener@bb21bb5, org.springframework.test.context.support.DirtiesContextTestExecutionListener@3bcd534e, org.springframework.test.context.transaction.TransactionalTestExecutionListener@6bd1db8a, org.springframework.test.context.jdbc.SqlScriptsTestExecutionListener@37401f1f, org.springframework.test.context.event.EventPublishingTestExecutionListener@2cb4c5f1, org.springframework.boot.test.autoconfigure.restdocs.RestDocsTestExecutionListener@7db2a40a, org.springframework.boot.test.autoconfigure.web.client.MockRestServiceServerResetTestExecutionListener@18da3dbd, org.springframework.boot.test.autoconfigure.web.servlet.MockMvcPrintOnlyOnFailureTestExecutionListener@2f55715e, org.springframework.boot.test.autoconfigure.web.servlet.WebDriverTestExecutionListener@25c4b208, org.springframework.boot.test.autoconfigure.webservices.client.MockWebServiceServerTestExecutionListener@4d3ec04e, org.springframework.boot.test.mock.mockito.ResetMocksTestExecutionListener@4403b81]

  .   ____          _            __ _ _
 /\\ / ___'_ __ _ _(_)_ __  __ _ \ \ \ \
( ( )\___ | '_ | '_| | '_ \/ _` | \ \ \ \
 \\/  ___)| |_)| | | | | || (_| |  ) ) ) )
  '  |____| .__|_| |_|_| |_\__, | / / / /
 =========|_|==============|___/=/_/_/_/
 :: Spring Boot ::                (v2.6.3)

2023-05-21 10:12:20.833  INFO 14832 --- [    Test worker] T.i.c.c.c.ConsultContactByProximityTests : Starting ConsultContactByProximityTests using Java 17 on DESKTOP-7IOCUQU with PID 14832 (started by Usuario in C:\Users\Usuario\Desktop\TrafficAgent)
2023-05-21 10:12:20.834  INFO 14832 --- [    Test worker] T.i.c.c.c.ConsultContactByProximityTests : The following profiles are active: test
2023-05-21 10:12:22.037  INFO 14832 --- [    Test worker] .s.d.r.c.RepositoryConfigurationDelegate : Bootstrapping Spring Data JPA repositories in DEFAULT mode.
2023-05-21 10:12:22.365  INFO 14832 --- [    Test worker] .s.d.r.c.RepositoryConfigurationDelegate : Finished Spring Data repository scanning in 326 ms. Found 5 JPA repository interfaces.
2023-05-21 10:12:23.338  INFO 14832 --- [    Test worker] o.hibernate.jpa.internal.util.LogHelper  : HHH000204: Processing PersistenceUnitInfo [name: default]
2023-05-21 10:12:23.383  INFO 14832 --- [    Test worker] com.zaxxer.hikari.HikariDataSource       : HikariPool-3 - Starting...
2023-05-21 10:12:23.386  INFO 14832 --- [    Test worker] com.zaxxer.hikari.HikariDataSource       : HikariPool-3 - Start completed.
2023-05-21 10:12:23.387  INFO 14832 --- [    Test worker] org.hibernate.dialect.Dialect            : HHH000400: Using dialect: org.hibernate.dialect.H2Dialect
2023-05-21 10:12:23.860  INFO 14832 --- [    Test worker] o.h.e.t.j.p.i.JtaPlatformInitiator       : HHH000490: Using JtaPlatform implementation: [org.hibernate.engine.transaction.jta.platform.internal.NoJtaPlatform]
2023-05-21 10:12:23.861  INFO 14832 --- [    Test worker] j.LocalContainerEntityManagerFactoryBean : Initialized JPA EntityManagerFactory for persistence unit 'default'
2023-05-21 10:12:25.510  WARN 14832 --- [    Test worker] JpaBaseConfiguration$JpaWebConfiguration : spring.jpa.open-in-view is enabled by default. Therefore, database queries may be performed during view rendering. Explicitly configure spring.jpa.open-in-view to disable this warning
2023-05-21 10:12:26.564  INFO 14832 --- [    Test worker] o.s.b.t.m.w.SpringBootMockServletContext : Initializing Spring TestDispatcherServlet ''
2023-05-21 10:12:26.564  INFO 14832 --- [    Test worker] o.s.t.web.servlet.TestDispatcherServlet  : Initializing Servlet ''
2023-05-21 10:12:26.566  INFO 14832 --- [    Test worker] o.s.t.web.servlet.TestDispatcherServlet  : Completed initialization in 2 ms
2023-05-21 10:12:26.581  INFO 14832 --- [    Test worker] T.i.c.c.c.ConsultContactByProximityTests : Started ConsultContactByProximityTests in 5.848 seconds (JVM running for 109.983)
2023-05-21 10:12:26.805  INFO 14832 --- [    Test worker] c.u.T.i.aspect.LogExecutionAspect        : DtoResponse com.uco.TrafficAgent.infrastructure.repository.login.controller.ComandControllerLogin.login(DtoLogin) executed in 64ms
2023-05-21 10:12:27.281  INFO 14832 --- [    Test worker] j.LocalContainerEntityManagerFactoryBean : Closing JPA EntityManagerFactory for persistence unit 'default'
2023-05-21 10:12:27.289  INFO 14832 --- [    Test worker] com.zaxxer.hikari.HikariDataSource       : HikariPool-3 - Shutdown initiated...
2023-05-21 10:12:27.364  INFO 14832 --- [    Test worker] com.zaxxer.hikari.HikariDataSource       : HikariPool-3 - Shutdown completed.

  .   ____          _            __ _ _
 /\\ / ___'_ __ _ _(_)_ __  __ _ \ \ \ \
( ( )\___ | '_ | '_| | '_ \/ _` | \ \ \ \
 \\/  ___)| |_)| | | | | || (_| |  ) ) ) )
  '  |____| .__|_| |_|_| |_\__, | / / / /
 =========|_|==============|___/=/_/_/_/
 :: Spring Boot ::                (v2.6.3)

2023-05-21 10:12:27.491  INFO 14832 --- [    Test worker] T.i.c.c.c.ConsultContactByProximityTests : Starting ConsultContactByProximityTests using Java 17 on DESKTOP-7IOCUQU with PID 14832 (started by Usuario in C:\Users\Usuario\Desktop\TrafficAgent)
2023-05-21 10:12:27.492  INFO 14832 --- [    Test worker] T.i.c.c.c.ConsultContactByProximityTests : The following profiles are active: test
2023-05-21 10:12:29.018  INFO 14832 --- [    Test worker] .s.d.r.c.RepositoryConfigurationDelegate : Bootstrapping Spring Data JPA repositories in DEFAULT mode.
2023-05-21 10:12:29.733  INFO 14832 --- [    Test worker] .s.d.r.c.RepositoryConfigurationDelegate : Finished Spring Data repository scanning in 714 ms. Found 5 JPA repository interfaces.
2023-05-21 10:12:30.443  INFO 14832 --- [    Test worker] o.hibernate.jpa.internal.util.LogHelper  : HHH000204: Processing PersistenceUnitInfo [name: default]
2023-05-21 10:12:30.500  INFO 14832 --- [    Test worker] com.zaxxer.hikari.HikariDataSource       : HikariPool-4 - Starting...
2023-05-21 10:12:30.503  INFO 14832 --- [    Test worker] com.zaxxer.hikari.HikariDataSource       : HikariPool-4 - Start completed.
2023-05-21 10:12:30.504  INFO 14832 --- [    Test worker] org.hibernate.dialect.Dialect            : HHH000400: Using dialect: org.hibernate.dialect.H2Dialect
2023-05-21 10:12:31.137  INFO 14832 --- [    Test worker] o.h.e.t.j.p.i.JtaPlatformInitiator       : HHH000490: Using JtaPlatform implementation: [org.hibernate.engine.transaction.jta.platform.internal.NoJtaPlatform]
2023-05-21 10:12:31.137  INFO 14832 --- [    Test worker] j.LocalContainerEntityManagerFactoryBean : Initialized JPA EntityManagerFactory for persistence unit 'default'
2023-05-21 10:12:32.889  WARN 14832 --- [    Test worker] JpaBaseConfiguration$JpaWebConfiguration : spring.jpa.open-in-view is enabled by default. Therefore, database queries may be performed during view rendering. Explicitly configure spring.jpa.open-in-view to disable this warning
2023-05-21 10:12:33.884  INFO 14832 --- [    Test worker] o.s.b.t.m.w.SpringBootMockServletContext : Initializing Spring TestDispatcherServlet ''
2023-05-21 10:12:33.885  INFO 14832 --- [    Test worker] o.s.t.web.servlet.TestDispatcherServlet  : Initializing Servlet ''
2023-05-21 10:12:33.888  INFO 14832 --- [    Test worker] o.s.t.web.servlet.TestDispatcherServlet  : Completed initialization in 2 ms
2023-05-21 10:12:33.908  INFO 14832 --- [    Test worker] T.i.c.c.c.ConsultContactByProximityTests : Started ConsultContactByProximityTests in 6.539 seconds (JVM running for 117.309)
2023-05-21 10:12:33.974  INFO 14832 --- [    Test worker] c.u.T.i.aspect.LogExecutionAspect        : DtoResponse com.uco.TrafficAgent.infrastructure.repository.login.controller.ComandControllerLogin.login(DtoLogin) executed in 49ms
2023-05-21 10:12:34.095  INFO 14832 --- [    Test worker] j.LocalContainerEntityManagerFactoryBean : Closing JPA EntityManagerFactory for persistence unit 'default'
2023-05-21 10:12:34.096  INFO 14832 --- [    Test worker] com.zaxxer.hikari.HikariDataSource       : HikariPool-4 - Shutdown initiated...
2023-05-21 10:12:34.123  INFO 14832 --- [    Test worker] com.zaxxer.hikari.HikariDataSource       : HikariPool-4 - Shutdown completed.
]]></system-out>
  <system-err><![CDATA[]]></system-err>
</testsuite>
