<?xml version="1.0" encoding="UTF-8"?>
<testsuite name="com.uco.TrafficAgent.infrastructure.controller.report.consult.ConsultReportTests" tests="4" skipped="0" failures="0" errors="0" timestamp="2023-06-02T20:52:02" hostname="DESKTOP-7IOCUQU" time="8.264">
  <properties/>
  <testcase name="consultAllReportByDate()" classname="com.uco.TrafficAgent.infrastructure.controller.report.consult.ConsultReportTests" time="0.119"/>
  <testcase name="consultAllReportByUser()" classname="com.uco.TrafficAgent.infrastructure.controller.report.consult.ConsultReportTests" time="0.066"/>
  <testcase name="consultAllEmptyByDate()" classname="com.uco.TrafficAgent.infrastructure.controller.report.consult.ConsultReportTests" time="0.064"/>
  <testcase name="consultAllEmptyByUser()" classname="com.uco.TrafficAgent.infrastructure.controller.report.consult.ConsultReportTests" time="0.05"/>
  <system-out><![CDATA[2023-06-02 15:51:59.381  INFO 8552 --- [    Test worker] o.s.t.c.support.AbstractContextLoader    : Could not detect default resource locations for test class [com.uco.TrafficAgent.infrastructure.controller.report.consult.ConsultReportTests]: no resource found for suffixes {-context.xml, Context.groovy}.
2023-06-02 15:51:59.387  INFO 8552 --- [    Test worker] .b.t.c.SpringBootTestContextBootstrapper : Loaded default TestExecutionListener class names from location [META-INF/spring.factories]: [org.springframework.boot.test.autoconfigure.restdocs.RestDocsTestExecutionListener, org.springframework.boot.test.autoconfigure.web.client.MockRestServiceServerResetTestExecutionListener, org.springframework.boot.test.autoconfigure.web.servlet.MockMvcPrintOnlyOnFailureTestExecutionListener, org.springframework.boot.test.autoconfigure.web.servlet.WebDriverTestExecutionListener, org.springframework.boot.test.autoconfigure.webservices.client.MockWebServiceServerTestExecutionListener, org.springframework.boot.test.mock.mockito.MockitoTestExecutionListener, org.springframework.boot.test.mock.mockito.ResetMocksTestExecutionListener, org.springframework.test.context.web.ServletTestExecutionListener, org.springframework.test.context.support.DirtiesContextBeforeModesTestExecutionListener, org.springframework.test.context.event.ApplicationEventsTestExecutionListener, org.springframework.test.context.support.DependencyInjectionTestExecutionListener, org.springframework.test.context.support.DirtiesContextTestExecutionListener, org.springframework.test.context.transaction.TransactionalTestExecutionListener, org.springframework.test.context.jdbc.SqlScriptsTestExecutionListener, org.springframework.test.context.event.EventPublishingTestExecutionListener]
2023-06-02 15:51:59.388  INFO 8552 --- [    Test worker] .b.t.c.SpringBootTestContextBootstrapper : Using TestExecutionListeners: [org.springframework.test.context.web.ServletTestExecutionListener@273ca7cc, org.springframework.test.context.support.DirtiesContextBeforeModesTestExecutionListener@1f7553b4, org.springframework.test.context.event.ApplicationEventsTestExecutionListener@6b0680b8, org.springframework.boot.test.mock.mockito.MockitoTestExecutionListener@1b38c6f2, org.springframework.boot.test.autoconfigure.SpringBootDependencyInjectionTestExecutionListener@59f8009e, org.springframework.test.context.support.DirtiesContextTestExecutionListener@6ca500e6, org.springframework.test.context.transaction.TransactionalTestExecutionListener@33794e8a, org.springframework.test.context.jdbc.SqlScriptsTestExecutionListener@6eab0141, org.springframework.test.context.event.EventPublishingTestExecutionListener@774e00fa, org.springframework.boot.test.autoconfigure.restdocs.RestDocsTestExecutionListener@33a89cc5, org.springframework.boot.test.autoconfigure.web.client.MockRestServiceServerResetTestExecutionListener@4adc8924, org.springframework.boot.test.autoconfigure.web.servlet.MockMvcPrintOnlyOnFailureTestExecutionListener@7c4b2837, org.springframework.boot.test.autoconfigure.web.servlet.WebDriverTestExecutionListener@7b05be94, org.springframework.boot.test.autoconfigure.webservices.client.MockWebServiceServerTestExecutionListener@c3c4b85, org.springframework.boot.test.mock.mockito.ResetMocksTestExecutionListener@2207768f]

  .   ____          _            __ _ _
 /\\ / ___'_ __ _ _(_)_ __  __ _ \ \ \ \
( ( )\___ | '_ | '_| | '_ \/ _` | \ \ \ \
 \\/  ___)| |_)| | | | | || (_| |  ) ) ) )
  '  |____| .__|_| |_|_| |_\__, | / / / /
 =========|_|==============|___/=/_/_/_/
 :: Spring Boot ::                (v2.6.3)

2023-06-02 15:51:59.436  INFO 8552 --- [    Test worker] c.u.T.i.c.r.consult.ConsultReportTests   : Starting ConsultReportTests using Java 17.0.7 on DESKTOP-7IOCUQU with PID 8552 (started by Usuario in C:\Users\Usuario\Desktop\TrafficAgent)
2023-06-02 15:51:59.436  INFO 8552 --- [    Test worker] c.u.T.i.c.r.consult.ConsultReportTests   : The following profiles are active: test
2023-06-02 15:51:59.875  INFO 8552 --- [    Test worker] .s.d.r.c.RepositoryConfigurationDelegate : Bootstrapping Spring Data JPA repositories in DEFAULT mode.
2023-06-02 15:51:59.983  INFO 8552 --- [    Test worker] .s.d.r.c.RepositoryConfigurationDelegate : Finished Spring Data repository scanning in 107 ms. Found 5 JPA repository interfaces.
2023-06-02 15:52:00.322  INFO 8552 --- [    Test worker] o.hibernate.jpa.internal.util.LogHelper  : HHH000204: Processing PersistenceUnitInfo [name: default]
2023-06-02 15:52:00.336  INFO 8552 --- [    Test worker] com.zaxxer.hikari.HikariDataSource       : HikariPool-5 - Starting...
2023-06-02 15:52:00.338  INFO 8552 --- [    Test worker] com.zaxxer.hikari.HikariDataSource       : HikariPool-5 - Start completed.
2023-06-02 15:52:00.339  INFO 8552 --- [    Test worker] org.hibernate.dialect.Dialect            : HHH000400: Using dialect: org.hibernate.dialect.H2Dialect
2023-06-02 15:52:00.520  INFO 8552 --- [    Test worker] o.h.e.t.j.p.i.JtaPlatformInitiator       : HHH000490: Using JtaPlatform implementation: [org.hibernate.engine.transaction.jta.platform.internal.NoJtaPlatform]
2023-06-02 15:52:00.520  INFO 8552 --- [    Test worker] j.LocalContainerEntityManagerFactoryBean : Initialized JPA EntityManagerFactory for persistence unit 'default'
2023-06-02 15:52:01.409  WARN 8552 --- [    Test worker] JpaBaseConfiguration$JpaWebConfiguration : spring.jpa.open-in-view is enabled by default. Therefore, database queries may be performed during view rendering. Explicitly configure spring.jpa.open-in-view to disable this warning
2023-06-02 15:52:01.573  INFO 8552 --- [    Test worker] o.s.b.a.w.s.WelcomePageHandlerMapping    : Adding welcome page template: index
2023-06-02 15:52:02.077  INFO 8552 --- [    Test worker] o.s.b.t.m.w.SpringBootMockServletContext : Initializing Spring TestDispatcherServlet ''
2023-06-02 15:52:02.077  INFO 8552 --- [    Test worker] o.s.t.web.servlet.TestDispatcherServlet  : Initializing Servlet ''
2023-06-02 15:52:02.078  INFO 8552 --- [    Test worker] o.s.t.web.servlet.TestDispatcherServlet  : Completed initialization in 1 ms
2023-06-02 15:52:02.089  INFO 8552 --- [    Test worker] c.u.T.i.c.r.consult.ConsultReportTests   : Started ConsultReportTests in 2.697 seconds (JVM running for 47.423)
2023-06-02 15:52:02.116  INFO 8552 --- [    Test worker] c.u.T.i.aspect.LogExecutionAspect        : DtoResponse com.uco.TrafficAgent.infrastructure.repository.login.controller.ComandControllerLogin.login(DtoLogin) executed in 13ms
2023-06-02 15:52:02.209  INFO 8552 --- [    Test worker] j.LocalContainerEntityManagerFactoryBean : Closing JPA EntityManagerFactory for persistence unit 'default'
2023-06-02 15:52:02.210  INFO 8552 --- [    Test worker] com.zaxxer.hikari.HikariDataSource       : HikariPool-5 - Shutdown initiated...
2023-06-02 15:52:02.213  INFO 8552 --- [    Test worker] com.zaxxer.hikari.HikariDataSource       : HikariPool-5 - Shutdown completed.

  .   ____          _            __ _ _
 /\\ / ___'_ __ _ _(_)_ __  __ _ \ \ \ \
( ( )\___ | '_ | '_| | '_ \/ _` | \ \ \ \
 \\/  ___)| |_)| | | | | || (_| |  ) ) ) )
  '  |____| .__|_| |_|_| |_\__, | / / / /
 =========|_|==============|___/=/_/_/_/
 :: Spring Boot ::                (v2.6.3)

2023-06-02 15:52:02.263  INFO 8552 --- [    Test worker] c.u.T.i.c.r.consult.ConsultReportTests   : Starting ConsultReportTests using Java 17.0.7 on DESKTOP-7IOCUQU with PID 8552 (started by Usuario in C:\Users\Usuario\Desktop\TrafficAgent)
2023-06-02 15:52:02.263  INFO 8552 --- [    Test worker] c.u.T.i.c.r.consult.ConsultReportTests   : The following profiles are active: test
2023-06-02 15:52:02.673  INFO 8552 --- [    Test worker] .s.d.r.c.RepositoryConfigurationDelegate : Bootstrapping Spring Data JPA repositories in DEFAULT mode.
2023-06-02 15:52:02.761  INFO 8552 --- [    Test worker] .s.d.r.c.RepositoryConfigurationDelegate : Finished Spring Data repository scanning in 86 ms. Found 5 JPA repository interfaces.
2023-06-02 15:52:03.198  INFO 8552 --- [    Test worker] o.hibernate.jpa.internal.util.LogHelper  : HHH000204: Processing PersistenceUnitInfo [name: default]
2023-06-02 15:52:03.217  INFO 8552 --- [    Test worker] com.zaxxer.hikari.HikariDataSource       : HikariPool-6 - Starting...
2023-06-02 15:52:03.219  INFO 8552 --- [    Test worker] com.zaxxer.hikari.HikariDataSource       : HikariPool-6 - Start completed.
2023-06-02 15:52:03.220  INFO 8552 --- [    Test worker] org.hibernate.dialect.Dialect            : HHH000400: Using dialect: org.hibernate.dialect.H2Dialect
2023-06-02 15:52:03.368  INFO 8552 --- [    Test worker] o.h.e.t.j.p.i.JtaPlatformInitiator       : HHH000490: Using JtaPlatform implementation: [org.hibernate.engine.transaction.jta.platform.internal.NoJtaPlatform]
2023-06-02 15:52:03.369  INFO 8552 --- [    Test worker] j.LocalContainerEntityManagerFactoryBean : Initialized JPA EntityManagerFactory for persistence unit 'default'
2023-06-02 15:52:04.280  WARN 8552 --- [    Test worker] JpaBaseConfiguration$JpaWebConfiguration : spring.jpa.open-in-view is enabled by default. Therefore, database queries may be performed during view rendering. Explicitly configure spring.jpa.open-in-view to disable this warning
2023-06-02 15:52:04.439  INFO 8552 --- [    Test worker] o.s.b.a.w.s.WelcomePageHandlerMapping    : Adding welcome page template: index
2023-06-02 15:52:04.859  INFO 8552 --- [    Test worker] o.s.b.t.m.w.SpringBootMockServletContext : Initializing Spring TestDispatcherServlet ''
2023-06-02 15:52:04.861  INFO 8552 --- [    Test worker] o.s.t.web.servlet.TestDispatcherServlet  : Initializing Servlet ''
2023-06-02 15:52:04.863  INFO 8552 --- [    Test worker] o.s.t.web.servlet.TestDispatcherServlet  : Completed initialization in 1 ms
2023-06-02 15:52:04.877  INFO 8552 --- [    Test worker] c.u.T.i.c.r.consult.ConsultReportTests   : Started ConsultReportTests in 2.661 seconds (JVM running for 50.211)
2023-06-02 15:52:04.905  INFO 8552 --- [    Test worker] c.u.T.i.aspect.LogExecutionAspect        : DtoResponse com.uco.TrafficAgent.infrastructure.repository.login.controller.ComandControllerLogin.login(DtoLogin) executed in 13ms
2023-06-02 15:52:04.948  INFO 8552 --- [    Test worker] j.LocalContainerEntityManagerFactoryBean : Closing JPA EntityManagerFactory for persistence unit 'default'
2023-06-02 15:52:04.948  INFO 8552 --- [    Test worker] com.zaxxer.hikari.HikariDataSource       : HikariPool-6 - Shutdown initiated...
2023-06-02 15:52:04.950  INFO 8552 --- [    Test worker] com.zaxxer.hikari.HikariDataSource       : HikariPool-6 - Shutdown completed.

  .   ____          _            __ _ _
 /\\ / ___'_ __ _ _(_)_ __  __ _ \ \ \ \
( ( )\___ | '_ | '_| | '_ \/ _` | \ \ \ \
 \\/  ___)| |_)| | | | | || (_| |  ) ) ) )
  '  |____| .__|_| |_|_| |_\__, | / / / /
 =========|_|==============|___/=/_/_/_/
 :: Spring Boot ::                (v2.6.3)

2023-06-02 15:52:04.993  INFO 8552 --- [    Test worker] c.u.T.i.c.r.consult.ConsultReportTests   : Starting ConsultReportTests using Java 17.0.7 on DESKTOP-7IOCUQU with PID 8552 (started by Usuario in C:\Users\Usuario\Desktop\TrafficAgent)
2023-06-02 15:52:04.994  INFO 8552 --- [    Test worker] c.u.T.i.c.r.consult.ConsultReportTests   : The following profiles are active: test
2023-06-02 15:52:05.441  INFO 8552 --- [    Test worker] .s.d.r.c.RepositoryConfigurationDelegate : Bootstrapping Spring Data JPA repositories in DEFAULT mode.
2023-06-02 15:52:05.540  INFO 8552 --- [    Test worker] .s.d.r.c.RepositoryConfigurationDelegate : Finished Spring Data repository scanning in 99 ms. Found 5 JPA repository interfaces.
2023-06-02 15:52:05.857  INFO 8552 --- [    Test worker] o.hibernate.jpa.internal.util.LogHelper  : HHH000204: Processing PersistenceUnitInfo [name: default]
2023-06-02 15:52:05.878  INFO 8552 --- [    Test worker] com.zaxxer.hikari.HikariDataSource       : HikariPool-7 - Starting...
2023-06-02 15:52:05.879  INFO 8552 --- [    Test worker] com.zaxxer.hikari.HikariDataSource       : HikariPool-7 - Start completed.
2023-06-02 15:52:05.880  INFO 8552 --- [    Test worker] org.hibernate.dialect.Dialect            : HHH000400: Using dialect: org.hibernate.dialect.H2Dialect
2023-06-02 15:52:06.082  INFO 8552 --- [    Test worker] o.h.e.t.j.p.i.JtaPlatformInitiator       : HHH000490: Using JtaPlatform implementation: [org.hibernate.engine.transaction.jta.platform.internal.NoJtaPlatform]
2023-06-02 15:52:06.082  INFO 8552 --- [    Test worker] j.LocalContainerEntityManagerFactoryBean : Initialized JPA EntityManagerFactory for persistence unit 'default'
2023-06-02 15:52:06.964  WARN 8552 --- [    Test worker] JpaBaseConfiguration$JpaWebConfiguration : spring.jpa.open-in-view is enabled by default. Therefore, database queries may be performed during view rendering. Explicitly configure spring.jpa.open-in-view to disable this warning
2023-06-02 15:52:07.158  INFO 8552 --- [    Test worker] o.s.b.a.w.s.WelcomePageHandlerMapping    : Adding welcome page template: index
2023-06-02 15:52:07.590  INFO 8552 --- [    Test worker] o.s.b.t.m.w.SpringBootMockServletContext : Initializing Spring TestDispatcherServlet ''
2023-06-02 15:52:07.590  INFO 8552 --- [    Test worker] o.s.t.web.servlet.TestDispatcherServlet  : Initializing Servlet ''
2023-06-02 15:52:07.591  INFO 8552 --- [    Test worker] o.s.t.web.servlet.TestDispatcherServlet  : Completed initialization in 1 ms
2023-06-02 15:52:07.604  INFO 8552 --- [    Test worker] c.u.T.i.c.r.consult.ConsultReportTests   : Started ConsultReportTests in 2.652 seconds (JVM running for 52.939)
2023-06-02 15:52:07.636  INFO 8552 --- [    Test worker] c.u.T.i.aspect.LogExecutionAspect        : DtoResponse com.uco.TrafficAgent.infrastructure.repository.login.controller.ComandControllerLogin.login(DtoLogin) executed in 15ms
2023-06-02 15:52:07.674  INFO 8552 --- [    Test worker] j.LocalContainerEntityManagerFactoryBean : Closing JPA EntityManagerFactory for persistence unit 'default'
2023-06-02 15:52:07.674  INFO 8552 --- [    Test worker] com.zaxxer.hikari.HikariDataSource       : HikariPool-7 - Shutdown initiated...
2023-06-02 15:52:07.676  INFO 8552 --- [    Test worker] com.zaxxer.hikari.HikariDataSource       : HikariPool-7 - Shutdown completed.

  .   ____          _            __ _ _
 /\\ / ___'_ __ _ _(_)_ __  __ _ \ \ \ \
( ( )\___ | '_ | '_| | '_ \/ _` | \ \ \ \
 \\/  ___)| |_)| | | | | || (_| |  ) ) ) )
  '  |____| .__|_| |_|_| |_\__, | / / / /
 =========|_|==============|___/=/_/_/_/
 :: Spring Boot ::                (v2.6.3)

2023-06-02 15:52:07.726  INFO 8552 --- [    Test worker] c.u.T.i.c.r.consult.ConsultReportTests   : Starting ConsultReportTests using Java 17.0.7 on DESKTOP-7IOCUQU with PID 8552 (started by Usuario in C:\Users\Usuario\Desktop\TrafficAgent)
2023-06-02 15:52:07.726  INFO 8552 --- [    Test worker] c.u.T.i.c.r.consult.ConsultReportTests   : The following profiles are active: test
2023-06-02 15:52:08.145  INFO 8552 --- [    Test worker] .s.d.r.c.RepositoryConfigurationDelegate : Bootstrapping Spring Data JPA repositories in DEFAULT mode.
2023-06-02 15:52:08.247  INFO 8552 --- [    Test worker] .s.d.r.c.RepositoryConfigurationDelegate : Finished Spring Data repository scanning in 102 ms. Found 5 JPA repository interfaces.
2023-06-02 15:52:08.604  INFO 8552 --- [    Test worker] o.hibernate.jpa.internal.util.LogHelper  : HHH000204: Processing PersistenceUnitInfo [name: default]
2023-06-02 15:52:08.617  INFO 8552 --- [    Test worker] com.zaxxer.hikari.HikariDataSource       : HikariPool-8 - Starting...
2023-06-02 15:52:08.618  INFO 8552 --- [    Test worker] com.zaxxer.hikari.HikariDataSource       : HikariPool-8 - Start completed.
2023-06-02 15:52:08.619  INFO 8552 --- [    Test worker] org.hibernate.dialect.Dialect            : HHH000400: Using dialect: org.hibernate.dialect.H2Dialect
2023-06-02 15:52:08.787  INFO 8552 --- [    Test worker] o.h.e.t.j.p.i.JtaPlatformInitiator       : HHH000490: Using JtaPlatform implementation: [org.hibernate.engine.transaction.jta.platform.internal.NoJtaPlatform]
2023-06-02 15:52:08.787  INFO 8552 --- [    Test worker] j.LocalContainerEntityManagerFactoryBean : Initialized JPA EntityManagerFactory for persistence unit 'default'
2023-06-02 15:52:09.655  WARN 8552 --- [    Test worker] JpaBaseConfiguration$JpaWebConfiguration : spring.jpa.open-in-view is enabled by default. Therefore, database queries may be performed during view rendering. Explicitly configure spring.jpa.open-in-view to disable this warning
2023-06-02 15:52:09.856  INFO 8552 --- [    Test worker] o.s.b.a.w.s.WelcomePageHandlerMapping    : Adding welcome page template: index
2023-06-02 15:52:10.289  INFO 8552 --- [    Test worker] o.s.b.t.m.w.SpringBootMockServletContext : Initializing Spring TestDispatcherServlet ''
2023-06-02 15:52:10.289  INFO 8552 --- [    Test worker] o.s.t.web.servlet.TestDispatcherServlet  : Initializing Servlet ''
2023-06-02 15:52:10.290  INFO 8552 --- [    Test worker] o.s.t.web.servlet.TestDispatcherServlet  : Completed initialization in 1 ms
2023-06-02 15:52:10.302  INFO 8552 --- [    Test worker] c.u.T.i.c.r.consult.ConsultReportTests   : Started ConsultReportTests in 2.623 seconds (JVM running for 55.637)
2023-06-02 15:52:10.327  INFO 8552 --- [    Test worker] c.u.T.i.aspect.LogExecutionAspect        : DtoResponse com.uco.TrafficAgent.infrastructure.repository.login.controller.ComandControllerLogin.login(DtoLogin) executed in 11ms
2023-06-02 15:52:10.355  INFO 8552 --- [    Test worker] j.LocalContainerEntityManagerFactoryBean : Closing JPA EntityManagerFactory for persistence unit 'default'
2023-06-02 15:52:10.356  INFO 8552 --- [    Test worker] com.zaxxer.hikari.HikariDataSource       : HikariPool-8 - Shutdown initiated...
2023-06-02 15:52:10.358  INFO 8552 --- [    Test worker] com.zaxxer.hikari.HikariDataSource       : HikariPool-8 - Shutdown completed.
]]></system-out>
  <system-err><![CDATA[]]></system-err>
</testsuite>
