<?xml version="1.0" encoding="UTF-8"?>
<testsuite name="com.uco.TrafficAgent.domain.service.user.ServiceUpdateUserTest" tests="2" skipped="0" failures="0" errors="0" timestamp="2023-05-14T20:24:53" hostname="SANTIAGOP-CARDE" time="0.006">
  <properties/>
  <testcase name="updateUserSuccessful()" classname="com.uco.TrafficAgent.domain.service.user.ServiceUpdateUserTest" time="0.004"/>
  <testcase name="updateUserNoSuccessful()" classname="com.uco.TrafficAgent.domain.service.user.ServiceUpdateUserTest" time="0.001"/>
  <system-out><![CDATA[]]></system-out>
  <system-err><![CDATA[]]></system-err>
</testsuite>
