<?xml version="1.0" encoding="UTF-8"?>
<testsuite name="com.uco.TrafficAgent.infrastructure.controller.user.comand.ComandUserTest" tests="10" skipped="0" failures="0" errors="0" timestamp="2023-06-02T15:42:06" hostname="SANTIAGOP-CARDE" time="6.689">
  <properties/>
  <testcase name="noUpdateUserPasswordSizeIncorrect()" classname="com.uco.TrafficAgent.infrastructure.controller.user.comand.ComandUserTest" time="0.022"/>
  <testcase name="updateUserSuccessful()" classname="com.uco.TrafficAgent.infrastructure.controller.user.comand.ComandUserTest" time="0.057"/>
  <testcase name="noCreateUserBecauseItWasAlreadyCreated()" classname="com.uco.TrafficAgent.infrastructure.controller.user.comand.ComandUserTest" time="0.016"/>
  <testcase name="createUserSuccessful()" classname="com.uco.TrafficAgent.infrastructure.controller.user.comand.ComandUserTest" time="0.027"/>
  <testcase name="deleteUserSuccessful()" classname="com.uco.TrafficAgent.infrastructure.controller.user.comand.ComandUserTest" time="0.032"/>
  <testcase name="noCreateUserPasswordIncorrect()" classname="com.uco.TrafficAgent.infrastructure.controller.user.comand.ComandUserTest" time="0.01"/>
  <testcase name="noDeleteUserBecauseNoExists()" classname="com.uco.TrafficAgent.infrastructure.controller.user.comand.ComandUserTest" time="0.02"/>
  <testcase name="noUpdateUserBecauseNoExists()" classname="com.uco.TrafficAgent.infrastructure.controller.user.comand.ComandUserTest" time="0.03"/>
  <testcase name="noCreateUserPasswordSizeIncorrect()" classname="com.uco.TrafficAgent.infrastructure.controller.user.comand.ComandUserTest" time="0.009"/>
  <testcase name="noUpdateUserPasswordPasswordIncorrect()" classname="com.uco.TrafficAgent.infrastructure.controller.user.comand.ComandUserTest" time="0.022"/>
  <system-out><![CDATA[2023-06-02 10:42:05.329  INFO 19400 --- [    Test worker] o.s.t.c.support.AbstractContextLoader    : Could not detect default resource locations for test class [com.uco.TrafficAgent.infrastructure.controller.user.comand.ComandUserTest]: no resource found for suffixes {-context.xml, Context.groovy}.
2023-06-02 10:42:05.333  INFO 19400 --- [    Test worker] .b.t.c.SpringBootTestContextBootstrapper : Loaded default TestExecutionListener class names from location [META-INF/spring.factories]: [org.springframework.boot.test.autoconfigure.restdocs.RestDocsTestExecutionListener, org.springframework.boot.test.autoconfigure.web.client.MockRestServiceServerResetTestExecutionListener, org.springframework.boot.test.autoconfigure.web.servlet.MockMvcPrintOnlyOnFailureTestExecutionListener, org.springframework.boot.test.autoconfigure.web.servlet.WebDriverTestExecutionListener, org.springframework.boot.test.autoconfigure.webservices.client.MockWebServiceServerTestExecutionListener, org.springframework.boot.test.mock.mockito.MockitoTestExecutionListener, org.springframework.boot.test.mock.mockito.ResetMocksTestExecutionListener, org.springframework.test.context.web.ServletTestExecutionListener, org.springframework.test.context.support.DirtiesContextBeforeModesTestExecutionListener, org.springframework.test.context.event.ApplicationEventsTestExecutionListener, org.springframework.test.context.support.DependencyInjectionTestExecutionListener, org.springframework.test.context.support.DirtiesContextTestExecutionListener, org.springframework.test.context.transaction.TransactionalTestExecutionListener, org.springframework.test.context.jdbc.SqlScriptsTestExecutionListener, org.springframework.test.context.event.EventPublishingTestExecutionListener]
2023-06-02 10:42:05.333  INFO 19400 --- [    Test worker] .b.t.c.SpringBootTestContextBootstrapper : Using TestExecutionListeners: [org.springframework.test.context.web.ServletTestExecutionListener@3e118047, org.springframework.test.context.support.DirtiesContextBeforeModesTestExecutionListener@326aaf1f, org.springframework.test.context.event.ApplicationEventsTestExecutionListener@762463b3, org.springframework.boot.test.mock.mockito.MockitoTestExecutionListener@eb8bbdd, org.springframework.boot.test.autoconfigure.SpringBootDependencyInjectionTestExecutionListener@3c1911f5, org.springframework.test.context.support.DirtiesContextTestExecutionListener@5b6c433e, org.springframework.test.context.transaction.TransactionalTestExecutionListener@e809a1b, org.springframework.test.context.jdbc.SqlScriptsTestExecutionListener@452dae45, org.springframework.test.context.event.EventPublishingTestExecutionListener@31cf99ac, org.springframework.boot.test.autoconfigure.restdocs.RestDocsTestExecutionListener@8034918, org.springframework.boot.test.autoconfigure.web.client.MockRestServiceServerResetTestExecutionListener@2595a41, org.springframework.boot.test.autoconfigure.web.servlet.MockMvcPrintOnlyOnFailureTestExecutionListener@2aae83c9, org.springframework.boot.test.autoconfigure.web.servlet.WebDriverTestExecutionListener@67616dc9, org.springframework.boot.test.autoconfigure.webservices.client.MockWebServiceServerTestExecutionListener@7538a3b4, org.springframework.boot.test.mock.mockito.ResetMocksTestExecutionListener@3d7b7400]

  .   ____          _            __ _ _
 /\\ / ___'_ __ _ _(_)_ __  __ _ \ \ \ \
( ( )\___ | '_ | '_| | '_ \/ _` | \ \ \ \
 \\/  ___)| |_)| | | | | || (_| |  ) ) ) )
  '  |____| .__|_| |_|_| |_\__, | / / / /
 =========|_|==============|___/=/_/_/_/
 :: Spring Boot ::                (v2.6.3)

2023-06-02 10:42:05.350  INFO 19400 --- [    Test worker] c.u.T.i.c.user.comand.ComandUserTest     : Starting ComandUserTest using Java 18.0.2 on SANTIAGOP-CARDENAS with PID 19400 (started by santiago.cardenas in C:\Users\santiago.cardenas\Desktop\TrafficAgent\TrafficAgent)
2023-06-02 10:42:05.350  INFO 19400 --- [    Test worker] c.u.T.i.c.user.comand.ComandUserTest     : The following profiles are active: test
2023-06-02 10:42:05.494  INFO 19400 --- [    Test worker] .s.d.r.c.RepositoryConfigurationDelegate : Bootstrapping Spring Data JPA repositories in DEFAULT mode.
2023-06-02 10:42:05.534  INFO 19400 --- [    Test worker] .s.d.r.c.RepositoryConfigurationDelegate : Finished Spring Data repository scanning in 38 ms. Found 5 JPA repository interfaces.
2023-06-02 10:42:05.624  INFO 19400 --- [    Test worker] o.hibernate.jpa.internal.util.LogHelper  : HHH000204: Processing PersistenceUnitInfo [name: default]
2023-06-02 10:42:05.631  INFO 19400 --- [    Test worker] com.zaxxer.hikari.HikariDataSource       : HikariPool-10 - Starting...
2023-06-02 10:42:05.632  INFO 19400 --- [    Test worker] com.zaxxer.hikari.HikariDataSource       : HikariPool-10 - Start completed.
2023-06-02 10:42:05.633  INFO 19400 --- [    Test worker] org.hibernate.dialect.Dialect            : HHH000400: Using dialect: org.hibernate.dialect.H2Dialect
2023-06-02 10:42:05.687  INFO 19400 --- [    Test worker] o.h.e.t.j.p.i.JtaPlatformInitiator       : HHH000490: Using JtaPlatform implementation: [org.hibernate.engine.transaction.jta.platform.internal.NoJtaPlatform]
2023-06-02 10:42:05.687  INFO 19400 --- [    Test worker] j.LocalContainerEntityManagerFactoryBean : Initialized JPA EntityManagerFactory for persistence unit 'default'
2023-06-02 10:42:05.916  WARN 19400 --- [    Test worker] JpaBaseConfiguration$JpaWebConfiguration : spring.jpa.open-in-view is enabled by default. Therefore, database queries may be performed during view rendering. Explicitly configure spring.jpa.open-in-view to disable this warning
2023-06-02 10:42:06.063  INFO 19400 --- [    Test worker] o.s.b.t.m.w.SpringBootMockServletContext : Initializing Spring TestDispatcherServlet ''
2023-06-02 10:42:06.063  INFO 19400 --- [    Test worker] o.s.t.web.servlet.TestDispatcherServlet  : Initializing Servlet ''
2023-06-02 10:42:06.064  INFO 19400 --- [    Test worker] o.s.t.web.servlet.TestDispatcherServlet  : Completed initialization in 1 ms
2023-06-02 10:42:06.068  INFO 19400 --- [    Test worker] c.u.T.i.c.user.comand.ComandUserTest     : Started ComandUserTest in 0.734 seconds (JVM running for 21.159)
2023-06-02 10:42:06.079  INFO 19400 --- [    Test worker] c.u.T.i.aspect.LogExecutionAspect        : DtoResponse com.uco.TrafficAgent.infrastructure.repository.login.controller.ComandControllerLogin.login(DtoLogin) executed in 5ms
2023-06-02 10:42:06.092  INFO 19400 --- [    Test worker] j.LocalContainerEntityManagerFactoryBean : Closing JPA EntityManagerFactory for persistence unit 'default'
2023-06-02 10:42:06.093  INFO 19400 --- [    Test worker] com.zaxxer.hikari.HikariDataSource       : HikariPool-10 - Shutdown initiated...
2023-06-02 10:42:06.093  INFO 19400 --- [    Test worker] com.zaxxer.hikari.HikariDataSource       : HikariPool-10 - Shutdown completed.

  .   ____          _            __ _ _
 /\\ / ___'_ __ _ _(_)_ __  __ _ \ \ \ \
( ( )\___ | '_ | '_| | '_ \/ _` | \ \ \ \
 \\/  ___)| |_)| | | | | || (_| |  ) ) ) )
  '  |____| .__|_| |_|_| |_\__, | / / / /
 =========|_|==============|___/=/_/_/_/
 :: Spring Boot ::                (v2.6.3)

2023-06-02 10:42:06.108  INFO 19400 --- [    Test worker] c.u.T.i.c.user.comand.ComandUserTest     : Starting ComandUserTest using Java 18.0.2 on SANTIAGOP-CARDENAS with PID 19400 (started by santiago.cardenas in C:\Users\santiago.cardenas\Desktop\TrafficAgent\TrafficAgent)
2023-06-02 10:42:06.108  INFO 19400 --- [    Test worker] c.u.T.i.c.user.comand.ComandUserTest     : The following profiles are active: test
2023-06-02 10:42:06.229  INFO 19400 --- [    Test worker] .s.d.r.c.RepositoryConfigurationDelegate : Bootstrapping Spring Data JPA repositories in DEFAULT mode.
2023-06-02 10:42:06.268  INFO 19400 --- [    Test worker] .s.d.r.c.RepositoryConfigurationDelegate : Finished Spring Data repository scanning in 39 ms. Found 5 JPA repository interfaces.
2023-06-02 10:42:06.387  INFO 19400 --- [    Test worker] o.hibernate.jpa.internal.util.LogHelper  : HHH000204: Processing PersistenceUnitInfo [name: default]
2023-06-02 10:42:06.391  INFO 19400 --- [    Test worker] com.zaxxer.hikari.HikariDataSource       : HikariPool-11 - Starting...
2023-06-02 10:42:06.391  INFO 19400 --- [    Test worker] com.zaxxer.hikari.HikariDataSource       : HikariPool-11 - Start completed.
2023-06-02 10:42:06.391  INFO 19400 --- [    Test worker] org.hibernate.dialect.Dialect            : HHH000400: Using dialect: org.hibernate.dialect.H2Dialect
2023-06-02 10:42:06.454  INFO 19400 --- [    Test worker] o.h.e.t.j.p.i.JtaPlatformInitiator       : HHH000490: Using JtaPlatform implementation: [org.hibernate.engine.transaction.jta.platform.internal.NoJtaPlatform]
2023-06-02 10:42:06.454  INFO 19400 --- [    Test worker] j.LocalContainerEntityManagerFactoryBean : Initialized JPA EntityManagerFactory for persistence unit 'default'
2023-06-02 10:42:06.701  WARN 19400 --- [    Test worker] JpaBaseConfiguration$JpaWebConfiguration : spring.jpa.open-in-view is enabled by default. Therefore, database queries may be performed during view rendering. Explicitly configure spring.jpa.open-in-view to disable this warning
2023-06-02 10:42:06.852  INFO 19400 --- [    Test worker] o.s.b.t.m.w.SpringBootMockServletContext : Initializing Spring TestDispatcherServlet ''
2023-06-02 10:42:06.852  INFO 19400 --- [    Test worker] o.s.t.web.servlet.TestDispatcherServlet  : Initializing Servlet ''
2023-06-02 10:42:06.853  INFO 19400 --- [    Test worker] o.s.t.web.servlet.TestDispatcherServlet  : Completed initialization in 1 ms
2023-06-02 10:42:06.856  INFO 19400 --- [    Test worker] c.u.T.i.c.user.comand.ComandUserTest     : Started ComandUserTest in 0.761 seconds (JVM running for 21.946)
2023-06-02 10:42:06.882  INFO 19400 --- [    Test worker] c.u.T.i.aspect.LogExecutionAspect        : DtoResponse com.uco.TrafficAgent.infrastructure.repository.login.controller.ComandControllerLogin.login(DtoLogin) executed in 6ms
2023-06-02 10:42:06.912  INFO 19400 --- [    Test worker] j.LocalContainerEntityManagerFactoryBean : Closing JPA EntityManagerFactory for persistence unit 'default'
2023-06-02 10:42:06.913  INFO 19400 --- [    Test worker] com.zaxxer.hikari.HikariDataSource       : HikariPool-11 - Shutdown initiated...
2023-06-02 10:42:06.913  INFO 19400 --- [    Test worker] com.zaxxer.hikari.HikariDataSource       : HikariPool-11 - Shutdown completed.

  .   ____          _            __ _ _
 /\\ / ___'_ __ _ _(_)_ __  __ _ \ \ \ \
( ( )\___ | '_ | '_| | '_ \/ _` | \ \ \ \
 \\/  ___)| |_)| | | | | || (_| |  ) ) ) )
  '  |____| .__|_| |_|_| |_\__, | / / / /
 =========|_|==============|___/=/_/_/_/
 :: Spring Boot ::                (v2.6.3)

2023-06-02 10:42:06.934  INFO 19400 --- [    Test worker] c.u.T.i.c.user.comand.ComandUserTest     : Starting ComandUserTest using Java 18.0.2 on SANTIAGOP-CARDENAS with PID 19400 (started by santiago.cardenas in C:\Users\santiago.cardenas\Desktop\TrafficAgent\TrafficAgent)
2023-06-02 10:42:06.934  INFO 19400 --- [    Test worker] c.u.T.i.c.user.comand.ComandUserTest     : The following profiles are active: test
2023-06-02 10:42:07.050  INFO 19400 --- [    Test worker] .s.d.r.c.RepositoryConfigurationDelegate : Bootstrapping Spring Data JPA repositories in DEFAULT mode.
2023-06-02 10:42:07.091  INFO 19400 --- [    Test worker] .s.d.r.c.RepositoryConfigurationDelegate : Finished Spring Data repository scanning in 40 ms. Found 5 JPA repository interfaces.
2023-06-02 10:42:07.189  INFO 19400 --- [    Test worker] o.hibernate.jpa.internal.util.LogHelper  : HHH000204: Processing PersistenceUnitInfo [name: default]
2023-06-02 10:42:07.194  INFO 19400 --- [    Test worker] com.zaxxer.hikari.HikariDataSource       : HikariPool-12 - Starting...
2023-06-02 10:42:07.194  INFO 19400 --- [    Test worker] com.zaxxer.hikari.HikariDataSource       : HikariPool-12 - Start completed.
2023-06-02 10:42:07.195  INFO 19400 --- [    Test worker] org.hibernate.dialect.Dialect            : HHH000400: Using dialect: org.hibernate.dialect.H2Dialect
2023-06-02 10:42:07.245  INFO 19400 --- [    Test worker] o.h.e.t.j.p.i.JtaPlatformInitiator       : HHH000490: Using JtaPlatform implementation: [org.hibernate.engine.transaction.jta.platform.internal.NoJtaPlatform]
2023-06-02 10:42:07.245  INFO 19400 --- [    Test worker] j.LocalContainerEntityManagerFactoryBean : Initialized JPA EntityManagerFactory for persistence unit 'default'
2023-06-02 10:42:07.472  WARN 19400 --- [    Test worker] JpaBaseConfiguration$JpaWebConfiguration : spring.jpa.open-in-view is enabled by default. Therefore, database queries may be performed during view rendering. Explicitly configure spring.jpa.open-in-view to disable this warning
2023-06-02 10:42:07.626  INFO 19400 --- [    Test worker] o.s.b.t.m.w.SpringBootMockServletContext : Initializing Spring TestDispatcherServlet ''
2023-06-02 10:42:07.626  INFO 19400 --- [    Test worker] o.s.t.web.servlet.TestDispatcherServlet  : Initializing Servlet ''
2023-06-02 10:42:07.626  INFO 19400 --- [    Test worker] o.s.t.web.servlet.TestDispatcherServlet  : Completed initialization in 0 ms
2023-06-02 10:42:07.634  INFO 19400 --- [    Test worker] c.u.T.i.c.user.comand.ComandUserTest     : Started ComandUserTest in 0.718 seconds (JVM running for 22.723)
2023-06-02 10:42:07.651  INFO 19400 --- [    Test worker] j.LocalContainerEntityManagerFactoryBean : Closing JPA EntityManagerFactory for persistence unit 'default'
2023-06-02 10:42:07.651  INFO 19400 --- [    Test worker] com.zaxxer.hikari.HikariDataSource       : HikariPool-12 - Shutdown initiated...
2023-06-02 10:42:07.651  INFO 19400 --- [    Test worker] com.zaxxer.hikari.HikariDataSource       : HikariPool-12 - Shutdown completed.

  .   ____          _            __ _ _
 /\\ / ___'_ __ _ _(_)_ __  __ _ \ \ \ \
( ( )\___ | '_ | '_| | '_ \/ _` | \ \ \ \
 \\/  ___)| |_)| | | | | || (_| |  ) ) ) )
  '  |____| .__|_| |_|_| |_\__, | / / / /
 =========|_|==============|___/=/_/_/_/
 :: Spring Boot ::                (v2.6.3)

2023-06-02 10:42:07.666  INFO 19400 --- [    Test worker] c.u.T.i.c.user.comand.ComandUserTest     : Starting ComandUserTest using Java 18.0.2 on SANTIAGOP-CARDENAS with PID 19400 (started by santiago.cardenas in C:\Users\santiago.cardenas\Desktop\TrafficAgent\TrafficAgent)
2023-06-02 10:42:07.666  INFO 19400 --- [    Test worker] c.u.T.i.c.user.comand.ComandUserTest     : The following profiles are active: test
2023-06-02 10:42:07.781  INFO 19400 --- [    Test worker] .s.d.r.c.RepositoryConfigurationDelegate : Bootstrapping Spring Data JPA repositories in DEFAULT mode.
2023-06-02 10:42:07.819  INFO 19400 --- [    Test worker] .s.d.r.c.RepositoryConfigurationDelegate : Finished Spring Data repository scanning in 37 ms. Found 5 JPA repository interfaces.
2023-06-02 10:42:07.921  INFO 19400 --- [    Test worker] o.hibernate.jpa.internal.util.LogHelper  : HHH000204: Processing PersistenceUnitInfo [name: default]
2023-06-02 10:42:07.926  INFO 19400 --- [    Test worker] com.zaxxer.hikari.HikariDataSource       : HikariPool-13 - Starting...
2023-06-02 10:42:07.927  INFO 19400 --- [    Test worker] com.zaxxer.hikari.HikariDataSource       : HikariPool-13 - Start completed.
2023-06-02 10:42:07.927  INFO 19400 --- [    Test worker] org.hibernate.dialect.Dialect            : HHH000400: Using dialect: org.hibernate.dialect.H2Dialect
2023-06-02 10:42:07.975  INFO 19400 --- [    Test worker] o.h.e.t.j.p.i.JtaPlatformInitiator       : HHH000490: Using JtaPlatform implementation: [org.hibernate.engine.transaction.jta.platform.internal.NoJtaPlatform]
2023-06-02 10:42:07.975  INFO 19400 --- [    Test worker] j.LocalContainerEntityManagerFactoryBean : Initialized JPA EntityManagerFactory for persistence unit 'default'
2023-06-02 10:42:08.211  WARN 19400 --- [    Test worker] JpaBaseConfiguration$JpaWebConfiguration : spring.jpa.open-in-view is enabled by default. Therefore, database queries may be performed during view rendering. Explicitly configure spring.jpa.open-in-view to disable this warning
2023-06-02 10:42:08.364  INFO 19400 --- [    Test worker] o.s.b.t.m.w.SpringBootMockServletContext : Initializing Spring TestDispatcherServlet ''
2023-06-02 10:42:08.364  INFO 19400 --- [    Test worker] o.s.t.web.servlet.TestDispatcherServlet  : Initializing Servlet ''
2023-06-02 10:42:08.364  INFO 19400 --- [    Test worker] o.s.t.web.servlet.TestDispatcherServlet  : Completed initialization in 0 ms
2023-06-02 10:42:08.370  INFO 19400 --- [    Test worker] c.u.T.i.c.user.comand.ComandUserTest     : Started ComandUserTest in 0.717 seconds (JVM running for 23.46)
2023-06-02 10:42:08.398  INFO 19400 --- [    Test worker] j.LocalContainerEntityManagerFactoryBean : Closing JPA EntityManagerFactory for persistence unit 'default'
2023-06-02 10:42:08.398  INFO 19400 --- [    Test worker] com.zaxxer.hikari.HikariDataSource       : HikariPool-13 - Shutdown initiated...
2023-06-02 10:42:08.401  INFO 19400 --- [    Test worker] com.zaxxer.hikari.HikariDataSource       : HikariPool-13 - Shutdown completed.

  .   ____          _            __ _ _
 /\\ / ___'_ __ _ _(_)_ __  __ _ \ \ \ \
( ( )\___ | '_ | '_| | '_ \/ _` | \ \ \ \
 \\/  ___)| |_)| | | | | || (_| |  ) ) ) )
  '  |____| .__|_| |_|_| |_\__, | / / / /
 =========|_|==============|___/=/_/_/_/
 :: Spring Boot ::                (v2.6.3)

2023-06-02 10:42:08.418  INFO 19400 --- [    Test worker] c.u.T.i.c.user.comand.ComandUserTest     : Starting ComandUserTest using Java 18.0.2 on SANTIAGOP-CARDENAS with PID 19400 (started by santiago.cardenas in C:\Users\santiago.cardenas\Desktop\TrafficAgent\TrafficAgent)
2023-06-02 10:42:08.418  INFO 19400 --- [    Test worker] c.u.T.i.c.user.comand.ComandUserTest     : The following profiles are active: test
2023-06-02 10:42:08.556  INFO 19400 --- [    Test worker] .s.d.r.c.RepositoryConfigurationDelegate : Bootstrapping Spring Data JPA repositories in DEFAULT mode.
2023-06-02 10:42:08.596  INFO 19400 --- [    Test worker] .s.d.r.c.RepositoryConfigurationDelegate : Finished Spring Data repository scanning in 39 ms. Found 5 JPA repository interfaces.
2023-06-02 10:42:08.679  INFO 19400 --- [    Test worker] o.hibernate.jpa.internal.util.LogHelper  : HHH000204: Processing PersistenceUnitInfo [name: default]
2023-06-02 10:42:08.684  INFO 19400 --- [    Test worker] com.zaxxer.hikari.HikariDataSource       : HikariPool-14 - Starting...
2023-06-02 10:42:08.684  INFO 19400 --- [    Test worker] com.zaxxer.hikari.HikariDataSource       : HikariPool-14 - Start completed.
2023-06-02 10:42:08.684  INFO 19400 --- [    Test worker] org.hibernate.dialect.Dialect            : HHH000400: Using dialect: org.hibernate.dialect.H2Dialect
2023-06-02 10:42:08.737  INFO 19400 --- [    Test worker] o.h.e.t.j.p.i.JtaPlatformInitiator       : HHH000490: Using JtaPlatform implementation: [org.hibernate.engine.transaction.jta.platform.internal.NoJtaPlatform]
2023-06-02 10:42:08.737  INFO 19400 --- [    Test worker] j.LocalContainerEntityManagerFactoryBean : Initialized JPA EntityManagerFactory for persistence unit 'default'
2023-06-02 10:42:09.002  WARN 19400 --- [    Test worker] JpaBaseConfiguration$JpaWebConfiguration : spring.jpa.open-in-view is enabled by default. Therefore, database queries may be performed during view rendering. Explicitly configure spring.jpa.open-in-view to disable this warning
2023-06-02 10:42:09.135  INFO 19400 --- [    Test worker] o.s.b.t.m.w.SpringBootMockServletContext : Initializing Spring TestDispatcherServlet ''
2023-06-02 10:42:09.135  INFO 19400 --- [    Test worker] o.s.t.web.servlet.TestDispatcherServlet  : Initializing Servlet ''
2023-06-02 10:42:09.135  INFO 19400 --- [    Test worker] o.s.t.web.servlet.TestDispatcherServlet  : Completed initialization in 0 ms
2023-06-02 10:42:09.138  INFO 19400 --- [    Test worker] c.u.T.i.c.user.comand.ComandUserTest     : Started ComandUserTest in 0.736 seconds (JVM running for 24.229)
2023-06-02 10:42:09.148  INFO 19400 --- [    Test worker] c.u.T.i.aspect.LogExecutionAspect        : DtoResponse com.uco.TrafficAgent.infrastructure.repository.login.controller.ComandControllerLogin.login(DtoLogin) executed in 4ms
2023-06-02 10:42:09.171  INFO 19400 --- [    Test worker] j.LocalContainerEntityManagerFactoryBean : Closing JPA EntityManagerFactory for persistence unit 'default'
2023-06-02 10:42:09.172  INFO 19400 --- [    Test worker] com.zaxxer.hikari.HikariDataSource       : HikariPool-14 - Shutdown initiated...
2023-06-02 10:42:09.173  INFO 19400 --- [    Test worker] com.zaxxer.hikari.HikariDataSource       : HikariPool-14 - Shutdown completed.

  .   ____          _            __ _ _
 /\\ / ___'_ __ _ _(_)_ __  __ _ \ \ \ \
( ( )\___ | '_ | '_| | '_ \/ _` | \ \ \ \
 \\/  ___)| |_)| | | | | || (_| |  ) ) ) )
  '  |____| .__|_| |_|_| |_\__, | / / / /
 =========|_|==============|___/=/_/_/_/
 :: Spring Boot ::                (v2.6.3)

2023-06-02 10:42:09.188  INFO 19400 --- [    Test worker] c.u.T.i.c.user.comand.ComandUserTest     : Starting ComandUserTest using Java 18.0.2 on SANTIAGOP-CARDENAS with PID 19400 (started by santiago.cardenas in C:\Users\santiago.cardenas\Desktop\TrafficAgent\TrafficAgent)
2023-06-02 10:42:09.188  INFO 19400 --- [    Test worker] c.u.T.i.c.user.comand.ComandUserTest     : The following profiles are active: test
2023-06-02 10:42:09.320  INFO 19400 --- [    Test worker] .s.d.r.c.RepositoryConfigurationDelegate : Bootstrapping Spring Data JPA repositories in DEFAULT mode.
2023-06-02 10:42:09.363  INFO 19400 --- [    Test worker] .s.d.r.c.RepositoryConfigurationDelegate : Finished Spring Data repository scanning in 42 ms. Found 5 JPA repository interfaces.
2023-06-02 10:42:09.488  INFO 19400 --- [    Test worker] o.hibernate.jpa.internal.util.LogHelper  : HHH000204: Processing PersistenceUnitInfo [name: default]
2023-06-02 10:42:09.493  INFO 19400 --- [    Test worker] com.zaxxer.hikari.HikariDataSource       : HikariPool-15 - Starting...
2023-06-02 10:42:09.494  INFO 19400 --- [    Test worker] com.zaxxer.hikari.HikariDataSource       : HikariPool-15 - Start completed.
2023-06-02 10:42:09.494  INFO 19400 --- [    Test worker] org.hibernate.dialect.Dialect            : HHH000400: Using dialect: org.hibernate.dialect.H2Dialect
2023-06-02 10:42:09.550  INFO 19400 --- [    Test worker] o.h.e.t.j.p.i.JtaPlatformInitiator       : HHH000490: Using JtaPlatform implementation: [org.hibernate.engine.transaction.jta.platform.internal.NoJtaPlatform]
2023-06-02 10:42:09.550  INFO 19400 --- [    Test worker] j.LocalContainerEntityManagerFactoryBean : Initialized JPA EntityManagerFactory for persistence unit 'default'
2023-06-02 10:42:09.786  WARN 19400 --- [    Test worker] JpaBaseConfiguration$JpaWebConfiguration : spring.jpa.open-in-view is enabled by default. Therefore, database queries may be performed during view rendering. Explicitly configure spring.jpa.open-in-view to disable this warning
2023-06-02 10:42:09.937  INFO 19400 --- [    Test worker] o.s.b.t.m.w.SpringBootMockServletContext : Initializing Spring TestDispatcherServlet ''
2023-06-02 10:42:09.937  INFO 19400 --- [    Test worker] o.s.t.web.servlet.TestDispatcherServlet  : Initializing Servlet ''
2023-06-02 10:42:09.937  INFO 19400 --- [    Test worker] o.s.t.web.servlet.TestDispatcherServlet  : Completed initialization in 0 ms
2023-06-02 10:42:09.940  INFO 19400 --- [    Test worker] c.u.T.i.c.user.comand.ComandUserTest     : Started ComandUserTest in 0.765 seconds (JVM running for 25.03)
2023-06-02 10:42:09.951  INFO 19400 --- [    Test worker] j.LocalContainerEntityManagerFactoryBean : Closing JPA EntityManagerFactory for persistence unit 'default'
2023-06-02 10:42:09.951  INFO 19400 --- [    Test worker] com.zaxxer.hikari.HikariDataSource       : HikariPool-15 - Shutdown initiated...
2023-06-02 10:42:09.952  INFO 19400 --- [    Test worker] com.zaxxer.hikari.HikariDataSource       : HikariPool-15 - Shutdown completed.

  .   ____          _            __ _ _
 /\\ / ___'_ __ _ _(_)_ __  __ _ \ \ \ \
( ( )\___ | '_ | '_| | '_ \/ _` | \ \ \ \
 \\/  ___)| |_)| | | | | || (_| |  ) ) ) )
  '  |____| .__|_| |_|_| |_\__, | / / / /
 =========|_|==============|___/=/_/_/_/
 :: Spring Boot ::                (v2.6.3)

2023-06-02 10:42:09.966  INFO 19400 --- [    Test worker] c.u.T.i.c.user.comand.ComandUserTest     : Starting ComandUserTest using Java 18.0.2 on SANTIAGOP-CARDENAS with PID 19400 (started by santiago.cardenas in C:\Users\santiago.cardenas\Desktop\TrafficAgent\TrafficAgent)
2023-06-02 10:42:09.966  INFO 19400 --- [    Test worker] c.u.T.i.c.user.comand.ComandUserTest     : The following profiles are active: test
2023-06-02 10:42:10.094  INFO 19400 --- [    Test worker] .s.d.r.c.RepositoryConfigurationDelegate : Bootstrapping Spring Data JPA repositories in DEFAULT mode.
2023-06-02 10:42:10.133  INFO 19400 --- [    Test worker] .s.d.r.c.RepositoryConfigurationDelegate : Finished Spring Data repository scanning in 39 ms. Found 5 JPA repository interfaces.
2023-06-02 10:42:10.223  INFO 19400 --- [    Test worker] o.hibernate.jpa.internal.util.LogHelper  : HHH000204: Processing PersistenceUnitInfo [name: default]
2023-06-02 10:42:10.229  INFO 19400 --- [    Test worker] com.zaxxer.hikari.HikariDataSource       : HikariPool-16 - Starting...
2023-06-02 10:42:10.230  INFO 19400 --- [    Test worker] com.zaxxer.hikari.HikariDataSource       : HikariPool-16 - Start completed.
2023-06-02 10:42:10.230  INFO 19400 --- [    Test worker] org.hibernate.dialect.Dialect            : HHH000400: Using dialect: org.hibernate.dialect.H2Dialect
2023-06-02 10:42:10.269  INFO 19400 --- [    Test worker] o.h.e.t.j.p.i.JtaPlatformInitiator       : HHH000490: Using JtaPlatform implementation: [org.hibernate.engine.transaction.jta.platform.internal.NoJtaPlatform]
2023-06-02 10:42:10.269  INFO 19400 --- [    Test worker] j.LocalContainerEntityManagerFactoryBean : Initialized JPA EntityManagerFactory for persistence unit 'default'
2023-06-02 10:42:10.499  WARN 19400 --- [    Test worker] JpaBaseConfiguration$JpaWebConfiguration : spring.jpa.open-in-view is enabled by default. Therefore, database queries may be performed during view rendering. Explicitly configure spring.jpa.open-in-view to disable this warning
2023-06-02 10:42:10.641  INFO 19400 --- [    Test worker] o.s.b.t.m.w.SpringBootMockServletContext : Initializing Spring TestDispatcherServlet ''
2023-06-02 10:42:10.641  INFO 19400 --- [    Test worker] o.s.t.web.servlet.TestDispatcherServlet  : Initializing Servlet ''
2023-06-02 10:42:10.642  INFO 19400 --- [    Test worker] o.s.t.web.servlet.TestDispatcherServlet  : Completed initialization in 1 ms
2023-06-02 10:42:10.646  INFO 19400 --- [    Test worker] c.u.T.i.c.user.comand.ComandUserTest     : Started ComandUserTest in 0.693 seconds (JVM running for 25.736)
2023-06-02 10:42:10.654  INFO 19400 --- [    Test worker] c.u.T.i.aspect.LogExecutionAspect        : DtoResponse com.uco.TrafficAgent.infrastructure.repository.login.controller.ComandControllerLogin.login(DtoLogin) executed in 4ms
2023-06-02 10:42:10.666  INFO 19400 --- [    Test worker] j.LocalContainerEntityManagerFactoryBean : Closing JPA EntityManagerFactory for persistence unit 'default'
2023-06-02 10:42:10.666  INFO 19400 --- [    Test worker] com.zaxxer.hikari.HikariDataSource       : HikariPool-16 - Shutdown initiated...
2023-06-02 10:42:10.667  INFO 19400 --- [    Test worker] com.zaxxer.hikari.HikariDataSource       : HikariPool-16 - Shutdown completed.

  .   ____          _            __ _ _
 /\\ / ___'_ __ _ _(_)_ __  __ _ \ \ \ \
( ( )\___ | '_ | '_| | '_ \/ _` | \ \ \ \
 \\/  ___)| |_)| | | | | || (_| |  ) ) ) )
  '  |____| .__|_| |_|_| |_\__, | / / / /
 =========|_|==============|___/=/_/_/_/
 :: Spring Boot ::                (v2.6.3)

2023-06-02 10:42:10.680  INFO 19400 --- [    Test worker] c.u.T.i.c.user.comand.ComandUserTest     : Starting ComandUserTest using Java 18.0.2 on SANTIAGOP-CARDENAS with PID 19400 (started by santiago.cardenas in C:\Users\santiago.cardenas\Desktop\TrafficAgent\TrafficAgent)
2023-06-02 10:42:10.681  INFO 19400 --- [    Test worker] c.u.T.i.c.user.comand.ComandUserTest     : The following profiles are active: test
2023-06-02 10:42:10.802  INFO 19400 --- [    Test worker] .s.d.r.c.RepositoryConfigurationDelegate : Bootstrapping Spring Data JPA repositories in DEFAULT mode.
2023-06-02 10:42:10.852  INFO 19400 --- [    Test worker] .s.d.r.c.RepositoryConfigurationDelegate : Finished Spring Data repository scanning in 49 ms. Found 5 JPA repository interfaces.
2023-06-02 10:42:10.948  INFO 19400 --- [    Test worker] o.hibernate.jpa.internal.util.LogHelper  : HHH000204: Processing PersistenceUnitInfo [name: default]
2023-06-02 10:42:10.953  INFO 19400 --- [    Test worker] com.zaxxer.hikari.HikariDataSource       : HikariPool-17 - Starting...
2023-06-02 10:42:10.953  INFO 19400 --- [    Test worker] com.zaxxer.hikari.HikariDataSource       : HikariPool-17 - Start completed.
2023-06-02 10:42:10.953  INFO 19400 --- [    Test worker] org.hibernate.dialect.Dialect            : HHH000400: Using dialect: org.hibernate.dialect.H2Dialect
2023-06-02 10:42:11.003  INFO 19400 --- [    Test worker] o.h.e.t.j.p.i.JtaPlatformInitiator       : HHH000490: Using JtaPlatform implementation: [org.hibernate.engine.transaction.jta.platform.internal.NoJtaPlatform]
2023-06-02 10:42:11.003  INFO 19400 --- [    Test worker] j.LocalContainerEntityManagerFactoryBean : Initialized JPA EntityManagerFactory for persistence unit 'default'
2023-06-02 10:42:11.193  WARN 19400 --- [    Test worker] JpaBaseConfiguration$JpaWebConfiguration : spring.jpa.open-in-view is enabled by default. Therefore, database queries may be performed during view rendering. Explicitly configure spring.jpa.open-in-view to disable this warning
2023-06-02 10:42:11.354  INFO 19400 --- [    Test worker] o.s.b.t.m.w.SpringBootMockServletContext : Initializing Spring TestDispatcherServlet ''
2023-06-02 10:42:11.354  INFO 19400 --- [    Test worker] o.s.t.web.servlet.TestDispatcherServlet  : Initializing Servlet ''
2023-06-02 10:42:11.355  INFO 19400 --- [    Test worker] o.s.t.web.servlet.TestDispatcherServlet  : Completed initialization in 1 ms
2023-06-02 10:42:11.358  INFO 19400 --- [    Test worker] c.u.T.i.c.user.comand.ComandUserTest     : Started ComandUserTest in 0.69 seconds (JVM running for 26.449)
2023-06-02 10:42:11.370  INFO 19400 --- [    Test worker] c.u.T.i.aspect.LogExecutionAspect        : DtoResponse com.uco.TrafficAgent.infrastructure.repository.login.controller.ComandControllerLogin.login(DtoLogin) executed in 5ms
2023-06-02 10:42:11.388  INFO 19400 --- [    Test worker] j.LocalContainerEntityManagerFactoryBean : Closing JPA EntityManagerFactory for persistence unit 'default'
2023-06-02 10:42:11.389  INFO 19400 --- [    Test worker] com.zaxxer.hikari.HikariDataSource       : HikariPool-17 - Shutdown initiated...
2023-06-02 10:42:11.389  INFO 19400 --- [    Test worker] com.zaxxer.hikari.HikariDataSource       : HikariPool-17 - Shutdown completed.

  .   ____          _            __ _ _
 /\\ / ___'_ __ _ _(_)_ __  __ _ \ \ \ \
( ( )\___ | '_ | '_| | '_ \/ _` | \ \ \ \
 \\/  ___)| |_)| | | | | || (_| |  ) ) ) )
  '  |____| .__|_| |_|_| |_\__, | / / / /
 =========|_|==============|___/=/_/_/_/
 :: Spring Boot ::                (v2.6.3)

2023-06-02 10:42:11.405  INFO 19400 --- [    Test worker] c.u.T.i.c.user.comand.ComandUserTest     : Starting ComandUserTest using Java 18.0.2 on SANTIAGOP-CARDENAS with PID 19400 (started by santiago.cardenas in C:\Users\santiago.cardenas\Desktop\TrafficAgent\TrafficAgent)
2023-06-02 10:42:11.406  INFO 19400 --- [    Test worker] c.u.T.i.c.user.comand.ComandUserTest     : The following profiles are active: test
2023-06-02 10:42:11.536  INFO 19400 --- [    Test worker] .s.d.r.c.RepositoryConfigurationDelegate : Bootstrapping Spring Data JPA repositories in DEFAULT mode.
2023-06-02 10:42:11.580  INFO 19400 --- [    Test worker] .s.d.r.c.RepositoryConfigurationDelegate : Finished Spring Data repository scanning in 44 ms. Found 5 JPA repository interfaces.
2023-06-02 10:42:11.667  INFO 19400 --- [    Test worker] o.hibernate.jpa.internal.util.LogHelper  : HHH000204: Processing PersistenceUnitInfo [name: default]
2023-06-02 10:42:11.672  INFO 19400 --- [    Test worker] com.zaxxer.hikari.HikariDataSource       : HikariPool-18 - Starting...
2023-06-02 10:42:11.673  INFO 19400 --- [    Test worker] com.zaxxer.hikari.HikariDataSource       : HikariPool-18 - Start completed.
2023-06-02 10:42:11.673  INFO 19400 --- [    Test worker] org.hibernate.dialect.Dialect            : HHH000400: Using dialect: org.hibernate.dialect.H2Dialect
2023-06-02 10:42:11.716  INFO 19400 --- [    Test worker] o.h.e.t.j.p.i.JtaPlatformInitiator       : HHH000490: Using JtaPlatform implementation: [org.hibernate.engine.transaction.jta.platform.internal.NoJtaPlatform]
2023-06-02 10:42:11.716  INFO 19400 --- [    Test worker] j.LocalContainerEntityManagerFactoryBean : Initialized JPA EntityManagerFactory for persistence unit 'default'
2023-06-02 10:42:11.921  WARN 19400 --- [    Test worker] JpaBaseConfiguration$JpaWebConfiguration : spring.jpa.open-in-view is enabled by default. Therefore, database queries may be performed during view rendering. Explicitly configure spring.jpa.open-in-view to disable this warning
2023-06-02 10:42:12.078  INFO 19400 --- [    Test worker] o.s.b.t.m.w.SpringBootMockServletContext : Initializing Spring TestDispatcherServlet ''
2023-06-02 10:42:12.078  INFO 19400 --- [    Test worker] o.s.t.web.servlet.TestDispatcherServlet  : Initializing Servlet ''
2023-06-02 10:42:12.079  INFO 19400 --- [    Test worker] o.s.t.web.servlet.TestDispatcherServlet  : Completed initialization in 1 ms
2023-06-02 10:42:12.082  INFO 19400 --- [    Test worker] c.u.T.i.c.user.comand.ComandUserTest     : Started ComandUserTest in 0.691 seconds (JVM running for 27.173)
2023-06-02 10:42:12.093  INFO 19400 --- [    Test worker] j.LocalContainerEntityManagerFactoryBean : Closing JPA EntityManagerFactory for persistence unit 'default'
2023-06-02 10:42:12.093  INFO 19400 --- [    Test worker] com.zaxxer.hikari.HikariDataSource       : HikariPool-18 - Shutdown initiated...
2023-06-02 10:42:12.094  INFO 19400 --- [    Test worker] com.zaxxer.hikari.HikariDataSource       : HikariPool-18 - Shutdown completed.

  .   ____          _            __ _ _
 /\\ / ___'_ __ _ _(_)_ __  __ _ \ \ \ \
( ( )\___ | '_ | '_| | '_ \/ _` | \ \ \ \
 \\/  ___)| |_)| | | | | || (_| |  ) ) ) )
  '  |____| .__|_| |_|_| |_\__, | / / / /
 =========|_|==============|___/=/_/_/_/
 :: Spring Boot ::                (v2.6.3)

2023-06-02 10:42:12.111  INFO 19400 --- [    Test worker] c.u.T.i.c.user.comand.ComandUserTest     : Starting ComandUserTest using Java 18.0.2 on SANTIAGOP-CARDENAS with PID 19400 (started by santiago.cardenas in C:\Users\santiago.cardenas\Desktop\TrafficAgent\TrafficAgent)
2023-06-02 10:42:12.111  INFO 19400 --- [    Test worker] c.u.T.i.c.user.comand.ComandUserTest     : The following profiles are active: test
2023-06-02 10:42:12.231  INFO 19400 --- [    Test worker] .s.d.r.c.RepositoryConfigurationDelegate : Bootstrapping Spring Data JPA repositories in DEFAULT mode.
2023-06-02 10:42:12.270  INFO 19400 --- [    Test worker] .s.d.r.c.RepositoryConfigurationDelegate : Finished Spring Data repository scanning in 40 ms. Found 5 JPA repository interfaces.
2023-06-02 10:42:12.357  INFO 19400 --- [    Test worker] o.hibernate.jpa.internal.util.LogHelper  : HHH000204: Processing PersistenceUnitInfo [name: default]
2023-06-02 10:42:12.360  INFO 19400 --- [    Test worker] com.zaxxer.hikari.HikariDataSource       : HikariPool-19 - Starting...
2023-06-02 10:42:12.361  INFO 19400 --- [    Test worker] com.zaxxer.hikari.HikariDataSource       : HikariPool-19 - Start completed.
2023-06-02 10:42:12.361  INFO 19400 --- [    Test worker] org.hibernate.dialect.Dialect            : HHH000400: Using dialect: org.hibernate.dialect.H2Dialect
2023-06-02 10:42:12.406  INFO 19400 --- [    Test worker] o.h.e.t.j.p.i.JtaPlatformInitiator       : HHH000490: Using JtaPlatform implementation: [org.hibernate.engine.transaction.jta.platform.internal.NoJtaPlatform]
2023-06-02 10:42:12.406  INFO 19400 --- [    Test worker] j.LocalContainerEntityManagerFactoryBean : Initialized JPA EntityManagerFactory for persistence unit 'default'
2023-06-02 10:42:12.598  WARN 19400 --- [    Test worker] JpaBaseConfiguration$JpaWebConfiguration : spring.jpa.open-in-view is enabled by default. Therefore, database queries may be performed during view rendering. Explicitly configure spring.jpa.open-in-view to disable this warning
2023-06-02 10:42:12.732  INFO 19400 --- [    Test worker] o.s.b.t.m.w.SpringBootMockServletContext : Initializing Spring TestDispatcherServlet ''
2023-06-02 10:42:12.732  INFO 19400 --- [    Test worker] o.s.t.web.servlet.TestDispatcherServlet  : Initializing Servlet ''
2023-06-02 10:42:12.732  INFO 19400 --- [    Test worker] o.s.t.web.servlet.TestDispatcherServlet  : Completed initialization in 0 ms
2023-06-02 10:42:12.735  INFO 19400 --- [    Test worker] c.u.T.i.c.user.comand.ComandUserTest     : Started ComandUserTest in 0.639 seconds (JVM running for 27.825)
2023-06-02 10:42:12.744  INFO 19400 --- [    Test worker] c.u.T.i.aspect.LogExecutionAspect        : DtoResponse com.uco.TrafficAgent.infrastructure.repository.login.controller.ComandControllerLogin.login(DtoLogin) executed in 4ms
2023-06-02 10:42:12.758  INFO 19400 --- [    Test worker] j.LocalContainerEntityManagerFactoryBean : Closing JPA EntityManagerFactory for persistence unit 'default'
2023-06-02 10:42:12.758  INFO 19400 --- [    Test worker] com.zaxxer.hikari.HikariDataSource       : HikariPool-19 - Shutdown initiated...
2023-06-02 10:42:12.759  INFO 19400 --- [    Test worker] com.zaxxer.hikari.HikariDataSource       : HikariPool-19 - Shutdown completed.
]]></system-out>
  <system-err><![CDATA[]]></system-err>
</testsuite>
