<?xml version="1.0" encoding="UTF-8"?>
<testsuite name="com.uco.TrafficAgent.domain.service.user.ServiceSaveUserTest" tests="2" skipped="0" failures="0" errors="0" timestamp="2023-06-02T20:51:32" hostname="DESKTOP-7IOCUQU" time="0.009">
  <properties/>
  <testcase name="noCreateUser()" classname="com.uco.TrafficAgent.domain.service.user.ServiceSaveUserTest" time="0.005"/>
  <testcase name="createUserSuccessful()" classname="com.uco.TrafficAgent.domain.service.user.ServiceSaveUserTest" time="0.003"/>
  <system-out><![CDATA[]]></system-out>
  <system-err><![CDATA[]]></system-err>
</testsuite>
