<?xml version="1.0" encoding="UTF-8"?>
<testsuite name="com.uco.TrafficAgent.architecture.ArchitectureCleanTest" tests="4" skipped="0" failures="0" errors="0" timestamp="2023-06-02T15:41:48" hostname="SANTIAGOP-CARDE" time="1.334">
  <properties/>
  <testcase name="layersChecks()" classname="com.uco.TrafficAgent.architecture.ArchitectureCleanTest" time="0.192"/>
  <testcase name="contractShouldBeOnlyInterface()" classname="com.uco.TrafficAgent.architecture.ArchitectureCleanTest" time="0.003"/>
  <testcase name="controllersWithAnnotation()" classname="com.uco.TrafficAgent.architecture.ArchitectureCleanTest" time="0.013"/>
  <testcase name="domainDependsOnlyJava()" classname="com.uco.TrafficAgent.architecture.ArchitectureCleanTest" time="0.005"/>
  <system-out><![CDATA[10:41:46.310 [Test worker] INFO com.tngtech.archunit.core.PluginLoader - Detected Java version 18.0.2
10:41:46.328 [Test worker] DEBUG com.tngtech.archunit.core.PluginLoader - Current Java version is compatible to JAVA_9 => Loading Plugin com.tngtech.archunit.core.importer.ModuleImportPlugin
10:41:46.357 [Test worker] DEBUG com.tngtech.archunit.core.importer.UrlSource$From - Found URLs on sun.boot.class.path: []
10:41:46.368 [Test worker] DEBUG com.tngtech.archunit.core.importer.UrlSource$From - Found URLs on java.class.path: [jar:file:/C:/Users/santiago.cardenas/.gradle/caches/7.6.1/workerMain/gradle-worker.jar!/, file:/C:/Users/santiago.cardenas/Desktop/TrafficAgent/TrafficAgent/build/classes/java/test/, file:/C:/Users/santiago.cardenas/Desktop/TrafficAgent/TrafficAgent/build/resources/test/, file:/C:/Users/santiago.cardenas/Desktop/TrafficAgent/TrafficAgent/build/classes/java/main/, file:/C:/Users/santiago.cardenas/Desktop/TrafficAgent/TrafficAgent/build/resources/main/, jar:file:/C:/Users/santiago.cardenas/.gradle/caches/modules-2/files-2.1/org.springframework.boot/spring-boot-starter-web/2.6.3/ceb6e909c144daf9e792069f5f0efd105c8712a/spring-boot-starter-web-2.6.3.jar!/, jar:file:/C:/Users/santiago.cardenas/.gradle/caches/modules-2/files-2.1/org.springframework.boot/spring-boot-starter-undertow/2.6.3/988095d74254727e400818c46de206242a427de5/spring-boot-starter-undertow-2.6.3.jar!/, jar:file:/C:/Users/santiago.cardenas/.gradle/caches/modules-2/files-2.1/org.springframework.boot/spring-boot-starter-data-jpa/2.6.3/74c60a724e4f81c7527b848ee24e91ba6facfe24/spring-boot-starter-data-jpa-2.6.3.jar!/, jar:file:/C:/Users/santiago.cardenas/.gradle/caches/modules-2/files-2.1/org.postgresql/postgresql/42.3.1/9ca7df660e875b91c78e3d1608d4d7469ad3470c/postgresql-42.3.1.jar!/, jar:file:/C:/Users/santiago.cardenas/.gradle/caches/modules-2/files-2.1/org.springframework.retry/spring-retry/2.0.0/6a7a653901b58eb741692417f33b5bebedbd01f7/spring-retry-2.0.0.jar!/, jar:file:/C:/Users/santiago.cardenas/.gradle/caches/modules-2/files-2.1/io.jsonwebtoken/jjwt/0.9.1/54d2abfc3e63a28824d35bf600d6a5d627da681a/jjwt-0.9.1.jar!/, jar:file:/C:/Users/santiago.cardenas/.gradle/caches/modules-2/files-2.1/com.auth0/java-jwt/4.2.1/904306772bb7d43750527f84d7b23589a1f9ab12/java-jwt-4.2.1.jar!/, jar:file:/C:/Users/santiago.cardenas/.gradle/caches/modules-2/files-2.1/commons-codec/commons-codec/1.15/49d94806b6e3dc933dacbd8acb0fdbab8ebd1e5d/commons-codec-1.15.jar!/, jar:file:/C:/Users/santiago.cardenas/.gradle/caches/modules-2/files-2.1/org.springframework.boot/spring-boot-starter-aop/2.6.3/338cbbfe2667aea23d95672093e05b5f54630c5a/spring-boot-starter-aop-2.6.3.jar!/, jar:file:/C:/Users/santiago.cardenas/.gradle/caches/modules-2/files-2.1/com.h2database/h2/2.1.214/d5c2005c9e3279201e12d4776c948578b16bf8b2/h2-2.1.214.jar!/, jar:file:/C:/Users/santiago.cardenas/.gradle/caches/modules-2/files-2.1/org.springframework.boot/spring-boot-starter-test/2.6.3/1ac659fc8c6d7285218b7ff79d67b87736f4ddf2/spring-boot-starter-test-2.6.3.jar!/, jar:file:/C:/Users/santiago.cardenas/.gradle/caches/modules-2/files-2.1/com.tngtech.archunit/archunit-junit5/1.0.0/d381ade9436d047877181fe50f508318e6a5a8/archunit-junit5-1.0.0.jar!/, jar:file:/C:/Users/santiago.cardenas/.gradle/caches/modules-2/files-2.1/org.springframework.boot/spring-boot-starter-json/2.6.3/b43885849bde2ad5d436c5acdd43b21730f9c676/spring-boot-starter-json-2.6.3.jar!/, jar:file:/C:/Users/santiago.cardenas/.gradle/caches/modules-2/files-2.1/org.springframework.boot/spring-boot-starter-jdbc/2.6.3/17871ef6920a3decad5f10181b2baf198ea2b787/spring-boot-starter-jdbc-2.6.3.jar!/, jar:file:/C:/Users/santiago.cardenas/.gradle/caches/modules-2/files-2.1/org.springframework.boot/spring-boot-starter/2.6.3/1211af6e300c0584e01c7a9a75e585ac0aec6ea6/spring-boot-starter-2.6.3.jar!/, jar:file:/C:/Users/santiago.cardenas/.gradle/caches/modules-2/files-2.1/org.springframework/spring-webmvc/5.3.15/28307dda4cb5fbeb6f7d7e7c846f464da0eba955/spring-webmvc-5.3.15.jar!/, jar:file:/C:/Users/santiago.cardenas/.gradle/caches/modules-2/files-2.1/org.springframework/spring-web/5.3.15/a228b373eff7fe34e868827ab02c91b8bf7a643e/spring-web-5.3.15.jar!/, jar:file:/C:/Users/santiago.cardenas/.gradle/caches/modules-2/files-2.1/io.undertow/undertow-websockets-jsr/2.2.14.Final/fffc3ffff1880fd695c22164d37bd16dc1dc4b7e/undertow-websockets-jsr-2.2.14.Final.jar!/, jar:file:/C:/Users/santiago.cardenas/.gradle/caches/modules-2/files-2.1/io.undertow/undertow-servlet/2.2.14.Final/8354ab1476d85dec5ee743a0f40b113cf29a55b8/undertow-servlet-2.2.14.Final.jar!/, jar:file:/C:/Users/santiago.cardenas/.gradle/caches/modules-2/files-2.1/io.undertow/undertow-core/2.2.14.Final/deb02123fba830230d1837a1e6b3731607196a41/undertow-core-2.2.14.Final.jar!/, jar:file:/C:/Users/santiago.cardenas/.gradle/caches/modules-2/files-2.1/jakarta.servlet/jakarta.servlet-api/4.0.4/b8a1142e04838fe54194049c6e7a18dae8f9b960/jakarta.servlet-api-4.0.4.jar!/, jar:file:/C:/Users/santiago.cardenas/.gradle/caches/modules-2/files-2.1/jakarta.websocket/jakarta.websocket-api/1.1.2/69c2fdfb75081cc935bc9d6c5616d12b0b73815f/jakarta.websocket-api-1.1.2.jar!/, jar:file:/C:/Users/santiago.cardenas/.gradle/caches/modules-2/files-2.1/org.apache.tomcat.embed/tomcat-embed-el/9.0.56/8e4f28f714693ad4e158e61f41371d4e4c6b4e23/tomcat-embed-el-9.0.56.jar!/, jar:file:/C:/Users/santiago.cardenas/.gradle/caches/modules-2/files-2.1/jakarta.transaction/jakarta.transaction-api/1.3.3/c4179d48720a1e87202115fbed6089bdc4195405/jakarta.transaction-api-1.3.3.jar!/, jar:file:/C:/Users/santiago.cardenas/.gradle/caches/modules-2/files-2.1/jakarta.persistence/jakarta.persistence-api/2.2.3/8f6ea5daedc614f07a3654a455660145286f024e/jakarta.persistence-api-2.2.3.jar!/, jar:file:/C:/Users/santiago.cardenas/.gradle/caches/modules-2/files-2.1/org.hibernate/hibernate-core/5.6.4.Final/a21d3a313d8fa4dbf2d05aa50ef3157a8081e83f/hibernate-core-5.6.4.Final.jar!/, jar:file:/C:/Users/santiago.cardenas/.gradle/caches/modules-2/files-2.1/org.springframework.data/spring-data-jpa/2.6.1/70eef23d3c1ba594749867edb9c89832da8f923c/spring-data-jpa-2.6.1.jar!/, jar:file:/C:/Users/santiago.cardenas/.gradle/caches/modules-2/files-2.1/org.springframework/spring-aspects/5.3.15/d1e42bac0f61ad50f633c13f8bcab905a66313af/spring-aspects-5.3.15.jar!/, jar:file:/C:/Users/santiago.cardenas/.gradle/caches/modules-2/files-2.1/org.checkerframework/checker-qual/3.5.0/2f50520c8abea66fbd8d26e481d3aef5c673b510/checker-qual-3.5.0.jar!/, jar:file:/C:/Users/santiago.cardenas/.gradle/caches/modules-2/files-2.1/com.fasterxml.jackson.datatype/jackson-datatype-jsr310/2.13.1/1ece5a87b59701328215e0083448b4d451857cbd/jackson-datatype-jsr310-2.13.1.jar!/, jar:file:/C:/Users/santiago.cardenas/.gradle/caches/modules-2/files-2.1/com.fasterxml.jackson.module/jackson-module-parameter-names/2.13.1/cbeec2259213c555ef451a2e05f35ed1dbfbf799/jackson-module-parameter-names-2.13.1.jar!/, jar:file:/C:/Users/santiago.cardenas/.gradle/caches/modules-2/files-2.1/com.fasterxml.jackson.core/jackson-annotations/2.13.1/1cbcbe4623113e6af92ccaa89884a345270f1a87/jackson-annotations-2.13.1.jar!/, jar:file:/C:/Users/santiago.cardenas/.gradle/caches/modules-2/files-2.1/com.fasterxml.jackson.core/jackson-core/2.13.1/51ae921a2ed1e06ca8876f12f32f265e83c0b2b8/jackson-core-2.13.1.jar!/, jar:file:/C:/Users/santiago.cardenas/.gradle/caches/modules-2/files-2.1/com.fasterxml.jackson.datatype/jackson-datatype-jdk8/2.13.1/8ecfa9bcd714269fdf22c33f9fd00d0643bd0e21/jackson-datatype-jdk8-2.13.1.jar!/, jar:file:/C:/Users/santiago.cardenas/.gradle/caches/modules-2/files-2.1/com.fasterxml.jackson.core/jackson-databind/2.13.1/698b2d2b15d9a1b7aae025f1d9f576842285e7f6/jackson-databind-2.13.1.jar!/, jar:file:/C:/Users/santiago.cardenas/.gradle/caches/modules-2/files-2.1/org.springframework.boot/spring-boot-test-autoconfigure/2.6.3/c903465682a6cd69adbc83feb8e8bfa26c51e6ae/spring-boot-test-autoconfigure-2.6.3.jar!/, jar:file:/C:/Users/santiago.cardenas/.gradle/caches/modules-2/files-2.1/org.springframework.boot/spring-boot-test/2.6.3/93b38ba8d4f027a7eda8c28dbe8f77b712de1142/spring-boot-test-2.6.3.jar!/, jar:file:/C:/Users/santiago.cardenas/.gradle/caches/modules-2/files-2.1/org.springframework.boot/spring-boot-autoconfigure/2.6.3/8bf96f63e9479b5a1c17d1fa05b149bb5ed050e2/spring-boot-autoconfigure-2.6.3.jar!/, jar:file:/C:/Users/santiago.cardenas/.gradle/caches/modules-2/files-2.1/org.springframework.boot/spring-boot/2.6.3/f1127e8a70ba7b9f12581e79ea963b739059bf55/spring-boot-2.6.3.jar!/, jar:file:/C:/Users/santiago.cardenas/.gradle/caches/modules-2/files-2.1/org.springframework/spring-context/5.3.15/80a12b7dcb3332fbd65c3649249fd35561ffc561/spring-context-5.3.15.jar!/, jar:file:/C:/Users/santiago.cardenas/.gradle/caches/modules-2/files-2.1/org.springframework/spring-aop/5.3.15/195966e1f4260f89696e668856ebfd9a1bc76404/spring-aop-5.3.15.jar!/, jar:file:/C:/Users/santiago.cardenas/.gradle/caches/modules-2/files-2.1/org.aspectj/aspectjweaver/1.9.7/158f5c255cd3e4408e795b79f7c3fbae9b53b7ca/aspectjweaver-1.9.7.jar!/, jar:file:/C:/Users/santiago.cardenas/.gradle/caches/modules-2/files-2.1/com.jayway.jsonpath/json-path/2.6.0/67f565b424f7903a12d4f5b9361b11462ecacdac/json-path-2.6.0.jar!/, jar:file:/C:/Users/santiago.cardenas/.gradle/caches/modules-2/files-2.1/org.glassfish.jaxb/jaxb-runtime/2.3.5/a169a961a2bb9ac69517ec1005e451becf5cdfab/jaxb-runtime-2.3.5.jar!/, jar:file:/C:/Users/santiago.cardenas/.gradle/caches/modules-2/files-2.1/jakarta.xml.bind/jakarta.xml.bind-api/2.3.3/48e3b9cfc10752fba3521d6511f4165bea951801/jakarta.xml.bind-api-2.3.3.jar!/, jar:file:/C:/Users/santiago.cardenas/.gradle/caches/modules-2/files-2.1/org.assertj/assertj-core/3.21.0/27a14d6d22c4e3d58f799fb2a5ca8eaf53e6942a/assertj-core-3.21.0.jar!/, jar:file:/C:/Users/santiago.cardenas/.gradle/caches/modules-2/files-2.1/org.hamcrest/hamcrest/2.2/1820c0968dba3a11a1b30669bb1f01978a91dedc/hamcrest-2.2.jar!/, jar:file:/C:/Users/santiago.cardenas/.gradle/caches/modules-2/files-2.1/org.mockito/mockito-junit-jupiter/4.0.0/b76de25bd6e5d8f7924d0536729c0076e37e9396/mockito-junit-jupiter-4.0.0.jar!/, jar:file:/C:/Users/santiago.cardenas/.gradle/caches/modules-2/files-2.1/org.junit.jupiter/junit-jupiter-params/5.8.2/ddeafe92fc263f895bfb73ffeca7fd56e23c2cce/junit-jupiter-params-5.8.2.jar!/, jar:file:/C:/Users/santiago.cardenas/.gradle/caches/modules-2/files-2.1/org.junit.jupiter/junit-jupiter-engine/5.8.2/c598b4328d2f397194d11df3b1648d68d7d990e3/junit-jupiter-engine-5.8.2.jar!/, jar:file:/C:/Users/santiago.cardenas/.gradle/caches/modules-2/files-2.1/org.junit.jupiter/junit-jupiter-api/5.8.2/4c21029217adf07e4c0d0c5e192b6bf610c94bdc/junit-jupiter-api-5.8.2.jar!/, jar:file:/C:/Users/santiago.cardenas/.gradle/caches/modules-2/files-2.1/com.tngtech.archunit/archunit-junit5-engine/1.0.0/c942ce334f410062298100f834a767f765ac7a8e/archunit-junit5-engine-1.0.0.jar!/, jar:file:/C:/Users/santiago.cardenas/.gradle/caches/modules-2/files-2.1/com.tngtech.archunit/archunit-junit5-engine-api/1.0.0/f2fcf7191e65bda73cb14b510e380d0c4e55c9c8/archunit-junit5-engine-api-1.0.0.jar!/, jar:file:/C:/Users/santiago.cardenas/.gradle/caches/modules-2/files-2.1/org.junit.platform/junit-platform-engine/1.8.2/b737de09f19864bd136805c84df7999a142fec29/junit-platform-engine-1.8.2.jar!/, jar:file:/C:/Users/santiago.cardenas/.gradle/caches/modules-2/files-2.1/org.junit.platform/junit-platform-commons/1.8.2/32c8b8617c1342376fd5af2053da6410d8866861/junit-platform-commons-1.8.2.jar!/, jar:file:/C:/Users/santiago.cardenas/.gradle/caches/modules-2/files-2.1/org.junit.jupiter/junit-jupiter/5.8.2/5a817b1e63f1217e5c586090c45e681281f097ad/junit-jupiter-5.8.2.jar!/, jar:file:/C:/Users/santiago.cardenas/.gradle/caches/modules-2/files-2.1/org.mockito/mockito-core/4.0.0/f5195e0c4a45716bbd2d1d29173adbd148acce3a/mockito-core-4.0.0.jar!/, jar:file:/C:/Users/santiago.cardenas/.gradle/caches/modules-2/files-2.1/org.skyscreamer/jsonassert/1.5.0/6c9d5fe2f59da598d9aefc1cfc6528ff3cf32df3/jsonassert-1.5.0.jar!/, jar:file:/C:/Users/santiago.cardenas/.gradle/caches/modules-2/files-2.1/org.springframework/spring-test/5.3.15/1efef59ebbf51bc072d08c5854b1d5cbb1c29b65/spring-test-5.3.15.jar!/, jar:file:/C:/Users/santiago.cardenas/.gradle/caches/modules-2/files-2.1/org.springframework/spring-orm/5.3.15/edddfcbf3bd2a3cc8b5316329f16dcf88cec33b5/spring-orm-5.3.15.jar!/, jar:file:/C:/Users/santiago.cardenas/.gradle/caches/modules-2/files-2.1/org.springframework/spring-jdbc/5.3.15/2c7883bb9a50e37f177cdc3e064e88325f97bd36/spring-jdbc-5.3.15.jar!/, jar:file:/C:/Users/santiago.cardenas/.gradle/caches/modules-2/files-2.1/org.springframework.data/spring-data-commons/2.6.1/ba24a3b88e26191b25031cefb8de458deed05551/spring-data-commons-2.6.1.jar!/, jar:file:/C:/Users/santiago.cardenas/.gradle/caches/modules-2/files-2.1/org.springframework/spring-tx/5.3.15/27b8c1f0a896dc2f7d1629556b06f55f2a07351d/spring-tx-5.3.15.jar!/, jar:file:/C:/Users/santiago.cardenas/.gradle/caches/modules-2/files-2.1/org.springframework/spring-beans/5.3.15/a88e2ccfe8b131bcff2e643b90d52f6d928e7369/spring-beans-5.3.15.jar!/, jar:file:/C:/Users/santiago.cardenas/.gradle/caches/modules-2/files-2.1/org.springframework/spring-expression/5.3.15/362f36bbc4c4b46cc2e4f219df22d08945000c2/spring-expression-5.3.15.jar!/, jar:file:/C:/Users/santiago.cardenas/.gradle/caches/modules-2/files-2.1/org.springframework/spring-core/5.3.15/e813c2311465672d3089fc7be8dbbadb04e64d6b/spring-core-5.3.15.jar!/, jar:file:/C:/Users/santiago.cardenas/.gradle/caches/modules-2/files-2.1/org.xmlunit/xmlunit-core/2.8.4/35be57989ca80eefa03161b211630e319a8f36c6/xmlunit-core-2.8.4.jar!/, jar:file:/C:/Users/santiago.cardenas/.gradle/caches/modules-2/files-2.1/com.tngtech.archunit/archunit-junit5-api/1.0.0/f537a0cb4156e374e436009cf7e8e07062929b32/archunit-junit5-api-1.0.0.jar!/, jar:file:/C:/Users/santiago.cardenas/.gradle/caches/modules-2/files-2.1/org.springframework.boot/spring-boot-starter-logging/2.6.3/86599127b1e69a6180014cbeed8297ba26e8c6aa/spring-boot-starter-logging-2.6.3.jar!/, jar:file:/C:/Users/santiago.cardenas/.gradle/caches/modules-2/files-2.1/jakarta.annotation/jakarta.annotation-api/1.3.5/59eb84ee0d616332ff44aba065f3888cf002cd2d/jakarta.annotation-api-1.3.5.jar!/, jar:file:/C:/Users/santiago.cardenas/.gradle/caches/modules-2/files-2.1/org.yaml/snakeyaml/1.29/6d0cdafb2010f1297e574656551d7145240f6e25/snakeyaml-1.29.jar!/, jar:file:/C:/Users/santiago.cardenas/.gradle/caches/modules-2/files-2.1/org.hibernate.common/hibernate-commons-annotations/5.1.2.Final/e59ffdbc6ad09eeb33507b39ffcf287679a498c8/hibernate-commons-annotations-5.1.2.Final.jar!/, jar:file:/C:/Users/santiago.cardenas/.gradle/caches/modules-2/files-2.1/org.jboss.xnio/xnio-nio/3.8.4.Final/109d7de9a4d995ed9f46e1409520ace346fe2fc4/xnio-nio-3.8.4.Final.jar!/, jar:file:/C:/Users/santiago.cardenas/.gradle/caches/modules-2/files-2.1/org.jboss.xnio/xnio-api/3.8.4.Final/8714f2bf19f6e5fa7e36e8516dcb4606ef152e4d/xnio-api-3.8.4.Final.jar!/, jar:file:/C:/Users/santiago.cardenas/.gradle/caches/modules-2/files-2.1/org.wildfly.client/wildfly-client-config/1.0.1.Final/2a803b23c40a0de0f03a90d1fd3755747bc05f4b/wildfly-client-config-1.0.1.Final.jar!/, jar:file:/C:/Users/santiago.cardenas/.gradle/caches/modules-2/files-2.1/org.jboss.threads/jboss-threads/3.1.0.Final/9b260c0302f637a84a52d3d118214a3c59217615/jboss-threads-3.1.0.Final.jar!/, jar:file:/C:/Users/santiago.cardenas/.gradle/caches/modules-2/files-2.1/org.jboss.logging/jboss-logging/3.4.3.Final/c4bd7e12a745c0e7f6cf98c45cdcdf482fd827ea/jboss-logging-3.4.3.Final.jar!/, jar:file:/C:/Users/santiago.cardenas/.gradle/caches/modules-2/files-2.1/com.zaxxer/HikariCP/4.0.3/107cbdf0db6780a065f895ae9d8fbf3bb0e1c21f/HikariCP-4.0.3.jar!/, jar:file:/C:/Users/santiago.cardenas/.gradle/caches/modules-2/files-2.1/net.bytebuddy/byte-buddy/1.11.22/8b4c7fa5562a09da1c2a9ab0873cb51f5034d83f/byte-buddy-1.11.22.jar!/, jar:file:/C:/Users/santiago.cardenas/.gradle/caches/modules-2/files-2.1/antlr/antlr/2.7.7/83cd2cd674a217ade95a4bb83a8a14f351f48bd0/antlr-2.7.7.jar!/, jar:file:/C:/Users/santiago.cardenas/.gradle/caches/modules-2/files-2.1/org.jboss/jandex/2.4.2.Final/1e1c385990b258ff1a24c801e84aebbacf70eb39/jandex-2.4.2.Final.jar!/, jar:file:/C:/Users/santiago.cardenas/.gradle/caches/modules-2/files-2.1/com.fasterxml/classmate/1.5.1/3fe0bed568c62df5e89f4f174c101eab25345b6c/classmate-1.5.1.jar!/, jar:file:/C:/Users/santiago.cardenas/.gradle/caches/modules-2/files-2.1/com.tngtech.archunit/archunit/1.0.0/27ab69819bc5bb588e9881144763b9a3b1ed15a2/archunit-1.0.0.jar!/, jar:file:/C:/Users/santiago.cardenas/.gradle/caches/modules-2/files-2.1/ch.qos.logback/logback-classic/1.2.10/f69d97ef3335c6ab82fc21dfb77ac613f90c1221/logback-classic-1.2.10.jar!/, jar:file:/C:/Users/santiago.cardenas/.gradle/caches/modules-2/files-2.1/org.apache.logging.log4j/log4j-to-slf4j/2.17.1/3619fd18278a1a895c1dca8c5be002768071a20e/log4j-to-slf4j-2.17.1.jar!/, jar:file:/C:/Users/santiago.cardenas/.gradle/caches/modules-2/files-2.1/org.slf4j/jul-to-slf4j/1.7.33/53fd89b530d41b8f6744c754de1c9b02e82f2d7/jul-to-slf4j-1.7.33.jar!/, jar:file:/C:/Users/santiago.cardenas/.gradle/caches/modules-2/files-2.1/org.slf4j/slf4j-api/1.7.33/d375aa1b98d34d5ddf73a3f19eaad66e98975b12/slf4j-api-1.7.33.jar!/, jar:file:/C:/Users/santiago.cardenas/.gradle/caches/modules-2/files-2.1/net.minidev/json-smart/2.4.7/8d7f4c1530c07c54930935f3da85f48b83b3c109/json-smart-2.4.7.jar!/, jar:file:/C:/Users/santiago.cardenas/.gradle/caches/modules-2/files-2.1/jakarta.activation/jakarta.activation-api/1.2.2/99f53adba383cb1bf7c3862844488574b559621f/jakarta.activation-api-1.2.2.jar!/, jar:file:/C:/Users/santiago.cardenas/.gradle/caches/modules-2/files-2.1/net.bytebuddy/byte-buddy-agent/1.11.22/2fbcf3210dfc09b42242e3b66a5281cc5b9adb80/byte-buddy-agent-1.11.22.jar!/, jar:file:/C:/Users/santiago.cardenas/.gradle/caches/modules-2/files-2.1/org.objenesis/objenesis/3.2/7fadf57620c8b8abdf7519533e5527367cb51f09/objenesis-3.2.jar!/, jar:file:/C:/Users/santiago.cardenas/.gradle/caches/modules-2/files-2.1/com.vaadin.external.google/android-json/0.0.20131108.vaadin1/fa26d351fe62a6a17f5cda1287c1c6110dec413f/android-json-0.0.20131108.vaadin1.jar!/, jar:file:/C:/Users/santiago.cardenas/.gradle/caches/modules-2/files-2.1/org.springframework/spring-jcl/5.3.15/88da960b4fcbd28621aea8b9911976adc06afce4/spring-jcl-5.3.15.jar!/, jar:file:/C:/Users/santiago.cardenas/.gradle/caches/modules-2/files-2.1/org.wildfly.common/wildfly-common/1.5.2.Final/8eba40cfe86bcfcc223551e75201e6e7574c7c36/wildfly-common-1.5.2.Final.jar!/, jar:file:/C:/Users/santiago.cardenas/.gradle/caches/modules-2/files-2.1/org.glassfish.jaxb/txw2/2.3.5/ec8930fa62e7b1758b1664d135f50c7abe86a4a3/txw2-2.3.5.jar!/, jar:file:/C:/Users/santiago.cardenas/.gradle/caches/modules-2/files-2.1/com.sun.istack/istack-commons-runtime/3.0.12/cbbe1a62b0cc6c85972e99d52aaee350153dc530/istack-commons-runtime-3.0.12.jar!/, jar:file:/C:/Users/santiago.cardenas/.gradle/caches/modules-2/files-2.1/com.sun.activation/jakarta.activation/1.2.2/74548703f9851017ce2f556066659438019e7eb5/jakarta.activation-1.2.2.jar!/, jar:file:/C:/Users/santiago.cardenas/.gradle/caches/modules-2/files-2.1/net.minidev/accessors-smart/2.4.7/3970cfc505e6657ca60f3aa57c849f6043000d7a/accessors-smart-2.4.7.jar!/, jar:file:/C:/Users/santiago.cardenas/.gradle/caches/modules-2/files-2.1/org.opentest4j/opentest4j/1.2.0/28c11eb91f9b6d8e200631d46e20a7f407f2a046/opentest4j-1.2.0.jar!/, jar:file:/C:/Users/santiago.cardenas/.gradle/caches/modules-2/files-2.1/ch.qos.logback/logback-core/1.2.10/5328406bfcae7bcdcc86810fcb2920d2c297170d/logback-core-1.2.10.jar!/, jar:file:/C:/Users/santiago.cardenas/.gradle/caches/modules-2/files-2.1/org.apache.logging.log4j/log4j-api/2.17.1/d771af8e336e372fb5399c99edabe0919aeaf5b2/log4j-api-2.17.1.jar!/, jar:file:/C:/Users/santiago.cardenas/.gradle/caches/modules-2/files-2.1/org.ow2.asm/asm/9.1/a99500cf6eea30535eeac6be73899d048f8d12a8/asm-9.1.jar!/]
10:41:46.999 [Test worker] DEBUG com.tngtech.archunit.ArchConfiguration - No configuration found in classpath at archunit.properties => Using default configuration
10:41:47.060 [Test worker] DEBUG com.tngtech.archunit.core.importer.JavaClassProcessor - Processing class 'com/uco/TrafficAgent/infrastructure/error/Error'
10:41:47.178 [Test worker] DEBUG com.tngtech.archunit.core.importer.JavaClassProcessor - Processing class 'com/uco/TrafficAgent/infrastructure/configuration/model/BeanServiceContact'
10:41:47.185 [Test worker] DEBUG com.tngtech.archunit.core.importer.JavaClassProcessor - Processing class 'com/uco/TrafficAgent/domain/port/user/RepositoryUser'
10:41:47.196 [Test worker] DEBUG com.tngtech.archunit.core.importer.JavaClassProcessor - Processing class 'com/uco/TrafficAgent/infrastructure/repository/report/controller/ConsultControllerReport'
10:41:47.202 [Test worker] DEBUG com.tngtech.archunit.core.importer.JavaClassProcessor - Processing class 'com/uco/TrafficAgent/domain/service/user/ServiceListAllUser'
10:41:47.203 [Test worker] DEBUG com.tngtech.archunit.core.importer.JavaClassProcessor - Processing class 'com/uco/TrafficAgent/infrastructure/aspect/exception/ExceptionUserUnauthorized'
10:41:47.205 [Test worker] DEBUG com.tngtech.archunit.core.importer.JavaClassProcessor - Processing class 'com/uco/TrafficAgent/application/service/login/dto/DtoLogin'
10:41:47.206 [Test worker] DEBUG com.tngtech.archunit.core.importer.JavaClassProcessor - Processing class 'com/uco/TrafficAgent/application/mapper/MapperApplicationObject'
10:41:47.209 [Test worker] DEBUG com.tngtech.archunit.core.importer.JavaClassProcessor - Processing class 'com/uco/TrafficAgent/infrastructure/service/token/ServiceGenerateTokenJWT'
10:41:47.213 [Test worker] DEBUG com.tngtech.archunit.core.importer.JavaClassProcessor - Processing class 'com/uco/TrafficAgent/application/service/report/comand/ServiceApplicationSaveReport'
10:41:47.214 [Test worker] DEBUG com.tngtech.archunit.core.importer.JavaClassProcessor - Processing class 'com/uco/TrafficAgent/application/service/report/consult/ServiceApplicationListAllReportByDate'
10:41:47.215 [Test worker] DEBUG com.tngtech.archunit.core.importer.JavaClassProcessor - Processing class 'com/uco/TrafficAgent/domain/dto/DtoUserSummary'
10:41:47.216 [Test worker] DEBUG com.tngtech.archunit.core.importer.JavaClassProcessor - Processing class 'com/uco/TrafficAgent/infrastructure/configuration/model/BeanServiceReport'
10:41:47.217 [Test worker] DEBUG com.tngtech.archunit.core.importer.JavaClassProcessor - Processing class 'com/uco/TrafficAgent/infrastructure/configuration/general/ConfigurationRetry'
10:41:47.218 [Test worker] DEBUG com.tngtech.archunit.core.importer.JavaClassProcessor - Processing class 'com/uco/TrafficAgent/infrastructure/repository/user/controller/ConsultControllerUser'
10:41:47.219 [Test worker] DEBUG com.tngtech.archunit.core.importer.JavaClassProcessor - Processing class 'com/uco/TrafficAgent/domain/service/report/ServiceSaveReport'
10:41:47.221 [Test worker] DEBUG com.tngtech.archunit.core.importer.JavaClassProcessor - Processing class 'com/uco/TrafficAgent/infrastructure/aspect/service/AuthorizationService'
10:41:47.225 [Test worker] DEBUG com.tngtech.archunit.core.importer.JavaClassProcessor - Processing class 'com/uco/TrafficAgent/infrastructure/repository/contact/adapter/repository/jpa/RepositoryContactJpa'
10:41:47.227 [Test worker] DEBUG com.tngtech.archunit.core.importer.JavaClassProcessor - Processing class 'com/uco/TrafficAgent/application/service/user/comand/dto/DtoRolUser'
10:41:47.228 [Test worker] DEBUG com.tngtech.archunit.core.importer.JavaClassProcessor - Processing class 'com/uco/TrafficAgent/domain/model/Contact'
10:41:47.230 [Test worker] DEBUG com.tngtech.archunit.core.importer.JavaClassProcessor - Processing class 'com/uco/TrafficAgent/domain/validator/ValidatorObjects'
10:41:47.231 [Test worker] DEBUG com.tngtech.archunit.core.importer.JavaClassProcessor - Processing class 'com/uco/TrafficAgent/application/service/user/comand/ServiceApplicationUpdateUser'
10:41:47.232 [Test worker] DEBUG com.tngtech.archunit.core.importer.JavaClassProcessor - Processing class 'com/uco/TrafficAgent/domain/service/contact/ServiceSaveContact'
10:41:47.233 [Test worker] DEBUG com.tngtech.archunit.core.importer.JavaClassProcessor - Processing class 'com/uco/TrafficAgent/infrastructure/aspect/SecuredAspect'
10:41:47.235 [Test worker] DEBUG com.tngtech.archunit.core.importer.JavaClassProcessor - Processing class 'com/uco/TrafficAgent/infrastructure/repository/report/adapter/entity/EntityReport'
10:41:47.238 [Test worker] DEBUG com.tngtech.archunit.core.importer.JavaClassProcessor - Processing class 'com/uco/TrafficAgent/infrastructure/filter/FilterAuth'
10:41:47.241 [Test worker] DEBUG com.tngtech.archunit.core.importer.JavaClassProcessor - Processing class 'com/uco/TrafficAgent/domain/model/TypeIdentification'
10:41:47.241 [Test worker] DEBUG com.tngtech.archunit.core.importer.JavaClassProcessor - Processing class 'com/uco/TrafficAgent/application/service/contact/comand/ServiceApplicationSaveContact'
10:41:47.242 [Test worker] DEBUG com.tngtech.archunit.core.importer.JavaClassProcessor - Processing class 'com/uco/TrafficAgent/application/service/DtoResponse'
10:41:47.243 [Test worker] DEBUG com.tngtech.archunit.core.importer.JavaClassProcessor - Processing class 'com/uco/TrafficAgent/application/service/user/comand/dto/DtoUpdateUser'
10:41:47.245 [Test worker] DEBUG com.tngtech.archunit.core.importer.JavaClassProcessor - Processing class 'com/uco/TrafficAgent/infrastructure/repository/type/adapter/repository/RepositoryTypeIdDB'
10:41:47.246 [Test worker] DEBUG com.tngtech.archunit.core.importer.JavaClassProcessor - Processing class 'com/uco/TrafficAgent/domain/service/token/ServiceEncryptText'
10:41:47.246 [Test worker] DEBUG com.tngtech.archunit.core.importer.JavaClassProcessor - Processing class 'com/uco/TrafficAgent/domain/service/user/ServiceUpdateUser'
10:41:47.247 [Test worker] DEBUG com.tngtech.archunit.core.importer.JavaClassProcessor - Processing class 'com/uco/TrafficAgent/domain/dto/DtoReportSummary'
10:41:47.249 [Test worker] DEBUG com.tngtech.archunit.core.importer.JavaClassProcessor - Processing class 'com/uco/TrafficAgent/infrastructure/mapper/user/impl/MapperUserImpl'
10:41:47.251 [Test worker] DEBUG com.tngtech.archunit.core.importer.JavaClassProcessor - Processing class 'com/uco/TrafficAgent/domain/service/contact/ServiceListsAllByProximityContact'
10:41:47.253 [Test worker] DEBUG com.tngtech.archunit.core.importer.JavaClassProcessor - Processing class 'com/uco/TrafficAgent/infrastructure/repository/report/adapter/repository/RepositoryReportDB'
10:41:47.255 [Test worker] DEBUG com.tngtech.archunit.core.importer.JavaClassProcessor - Processing class 'com/uco/TrafficAgent/domain/dto/DtoCurrentUser'
10:41:47.256 [Test worker] DEBUG com.tngtech.archunit.core.importer.JavaClassProcessor - Processing class 'com/uco/TrafficAgent/domain/model/User'
10:41:47.258 [Test worker] DEBUG com.tngtech.archunit.core.importer.JavaClassProcessor - Processing class 'com/uco/TrafficAgent/application/service/contact/consult/ServiceApplicationListAllByProximityContact'
10:41:47.260 [Test worker] DEBUG com.tngtech.archunit.core.importer.JavaClassProcessor - Processing class 'com/uco/TrafficAgent/infrastructure/aspect/LogExecutionTime'
10:41:47.264 [Test worker] DEBUG com.tngtech.archunit.core.importer.JavaClassProcessor - Processing class 'com/uco/TrafficAgent/infrastructure/repository/contact/adapter/repository/RepositoryContactDB'
10:41:47.267 [Test worker] DEBUG com.tngtech.archunit.core.importer.JavaClassProcessor - Processing class 'com/uco/TrafficAgent/TrafficAgentApplication'
10:41:47.269 [Test worker] DEBUG com.tngtech.archunit.core.importer.JavaClassProcessor - Processing class 'com/uco/TrafficAgent/domain/service/user/ServiceDeleteUser'
10:41:47.270 [Test worker] DEBUG com.tngtech.archunit.core.importer.JavaClassProcessor - Processing class 'com/uco/TrafficAgent/infrastructure/repository/contact/controller/ConsultControllerContact'
10:41:47.272 [Test worker] DEBUG com.tngtech.archunit.core.importer.JavaClassProcessor - Processing class 'com/uco/TrafficAgent/infrastructure/configuration/general/ConfigurationSecurity'
10:41:47.273 [Test worker] DEBUG com.tngtech.archunit.core.importer.JavaClassProcessor - Processing class 'com/uco/TrafficAgent/application/mapper/user/impl/MapperApplicationUserImpl'
10:41:47.274 [Test worker] DEBUG com.tngtech.archunit.core.importer.JavaClassProcessor - Processing class 'com/uco/TrafficAgent/infrastructure/repository/contact/controller/ComandControllerContact'
10:41:47.275 [Test worker] DEBUG com.tngtech.archunit.core.importer.JavaClassProcessor - Processing class 'com/uco/TrafficAgent/infrastructure/repository/user/adapter/entity/EntityUser'
10:41:47.277 [Test worker] DEBUG com.tngtech.archunit.core.importer.JavaClassProcessor - Processing class 'com/uco/TrafficAgent/domain/service/token/ServiceGetCurrentUser'
10:41:47.279 [Test worker] DEBUG com.tngtech.archunit.core.importer.JavaClassProcessor - Processing class 'com/uco/TrafficAgent/application/service/user/comand/ServiceApplicationDeleteUser'
10:41:47.281 [Test worker] DEBUG com.tngtech.archunit.core.importer.JavaClassProcessor - Processing class 'com/uco/TrafficAgent/infrastructure/error/ErrorHandler'
10:41:47.282 [Test worker] DEBUG com.tngtech.archunit.core.importer.JavaClassProcessor - Processing class 'com/uco/TrafficAgent/infrastructure/repository/login/controller/ComandControllerLogin'
10:41:47.284 [Test worker] DEBUG com.tngtech.archunit.core.importer.JavaClassProcessor - Processing class 'com/uco/TrafficAgent/application/service/user/comand/dto/DtoSaveUser'
10:41:47.285 [Test worker] DEBUG com.tngtech.archunit.core.importer.JavaClassProcessor - Processing class 'com/uco/TrafficAgent/application/service/contact/comand/dto/DtoSaveContact'
10:41:47.287 [Test worker] DEBUG com.tngtech.archunit.core.importer.JavaClassProcessor - Processing class 'com/uco/TrafficAgent/domain/dto/DtoContactSummary'
10:41:47.288 [Test worker] DEBUG com.tngtech.archunit.core.importer.JavaClassProcessor - Processing class 'com/uco/TrafficAgent/infrastructure/repository/report/controller/ComandControllerReport'
10:41:47.289 [Test worker] DEBUG com.tngtech.archunit.core.importer.JavaClassProcessor - Processing class 'com/uco/TrafficAgent/infrastructure/repository/type/adapter/entity/EntityTypeId'
10:41:47.289 [Test worker] DEBUG com.tngtech.archunit.core.importer.JavaClassProcessor - Processing class 'com/uco/TrafficAgent/domain/port/contact/RepositoryContact'
10:41:47.291 [Test worker] DEBUG com.tngtech.archunit.core.importer.JavaClassProcessor - Processing class 'com/uco/TrafficAgent/application/service/login/ServiceApplicationLogin'
10:41:47.292 [Test worker] DEBUG com.tngtech.archunit.core.importer.JavaClassProcessor - Processing class 'com/uco/TrafficAgent/domain/service/report/ServiceListAllReportByDate'
10:41:47.292 [Test worker] DEBUG com.tngtech.archunit.core.importer.JavaClassProcessor - Processing class 'com/uco/TrafficAgent/domain/port/report/RepositoryReport'
10:41:47.293 [Test worker] DEBUG com.tngtech.archunit.core.importer.JavaClassProcessor - Processing class 'com/uco/TrafficAgent/infrastructure/repository/contact/adapter/entity/EntityContactEmergency'
10:41:47.294 [Test worker] DEBUG com.tngtech.archunit.core.importer.JavaClassProcessor - Processing class 'com/uco/TrafficAgent/infrastructure/repository/contact/adapter/repository/jpa/RepositoryContactEmergencyJpa'
10:41:47.295 [Test worker] DEBUG com.tngtech.archunit.core.importer.JavaClassProcessor - Processing class 'com/uco/TrafficAgent/application/service/user/comand/ServiceApplicationSaveUser'
10:41:47.296 [Test worker] DEBUG com.tngtech.archunit.core.importer.JavaClassProcessor - Processing class 'com/uco/TrafficAgent/domain/model/Report'
10:41:47.298 [Test worker] DEBUG com.tngtech.archunit.core.importer.JavaClassProcessor - Processing class 'com/uco/TrafficAgent/infrastructure/configuration/general/ConfigurationRestTemplate'
10:41:47.299 [Test worker] DEBUG com.tngtech.archunit.core.importer.JavaClassProcessor - Processing class 'com/uco/TrafficAgent/domain/model/RolUser'
10:41:47.299 [Test worker] DEBUG com.tngtech.archunit.core.importer.JavaClassProcessor - Processing class 'com/uco/TrafficAgent/domain/port/type/RepositoryTypeId'
10:41:47.299 [Test worker] DEBUG com.tngtech.archunit.core.importer.JavaClassProcessor - Processing class 'com/uco/TrafficAgent/domain/service/report/ServiceListAllReportByUser'
10:41:47.301 [Test worker] DEBUG com.tngtech.archunit.core.importer.JavaClassProcessor - Processing class 'com/uco/TrafficAgent/infrastructure/repository/report/adapter/repository/jpa/RepositoryReportJpa'
10:41:47.301 [Test worker] DEBUG com.tngtech.archunit.core.importer.JavaClassProcessor - Processing class 'com/uco/TrafficAgent/application/mapper/report/impl/MapperApplicationReportImpl'
10:41:47.302 [Test worker] DEBUG com.tngtech.archunit.core.importer.JavaClassProcessor - Processing class 'com/uco/TrafficAgent/infrastructure/repository/user/adapter/repository/jpa/RepositoryUserJpa'
10:41:47.303 [Test worker] DEBUG com.tngtech.archunit.core.importer.JavaClassProcessor - Processing class 'com/uco/TrafficAgent/infrastructure/service/token/ServiceValidateTokenJWT'
10:41:47.303 [Test worker] DEBUG com.tngtech.archunit.core.importer.JavaClassProcessor - Processing class 'com/uco/TrafficAgent/application/service/report/consult/ServiceApplicationListAllReportByUser'
10:41:47.304 [Test worker] DEBUG com.tngtech.archunit.core.importer.JavaClassProcessor - Processing class 'com/uco/TrafficAgent/infrastructure/configuration/model/BeanServiceUser'
10:41:47.305 [Test worker] DEBUG com.tngtech.archunit.core.importer.JavaClassProcessor - Processing class 'com/uco/TrafficAgent/infrastructure/service/token/ServiceValidateToken'
10:41:47.305 [Test worker] DEBUG com.tngtech.archunit.core.importer.JavaClassProcessor - Processing class 'com/uco/TrafficAgent/domain/validator/ValidatorAttributes'
10:41:47.307 [Test worker] DEBUG com.tngtech.archunit.core.importer.JavaClassProcessor - Processing class 'com/uco/TrafficAgent/application/encrypted/impl/ServiceEncryptedPasswordImpl'
10:41:47.308 [Test worker] DEBUG com.tngtech.archunit.core.importer.JavaClassProcessor - Processing class 'com/uco/TrafficAgent/application/encrypted/ServiceEncryptedPassword'
10:41:47.308 [Test worker] DEBUG com.tngtech.archunit.core.importer.JavaClassProcessor - Processing class 'com/uco/TrafficAgent/infrastructure/repository/user/adapter/repository/RepositoryUserDB'
10:41:47.310 [Test worker] DEBUG com.tngtech.archunit.core.importer.JavaClassProcessor - Processing class 'com/uco/TrafficAgent/infrastructure/repository/user/controller/ComandControllerUser'
10:41:47.310 [Test worker] DEBUG com.tngtech.archunit.core.importer.JavaClassProcessor - Processing class 'com/uco/TrafficAgent/application/mapper/contact/impl/MapperApplicationContactImpl'
10:41:47.311 [Test worker] DEBUG com.tngtech.archunit.core.importer.JavaClassProcessor - Processing class 'com/uco/TrafficAgent/domain/service/token/ServiceGenerateToken'
10:41:47.312 [Test worker] DEBUG com.tngtech.archunit.core.importer.JavaClassProcessor - Processing class 'com/uco/TrafficAgent/infrastructure/mapper/MapperInfrastructureObject'
10:41:47.312 [Test worker] DEBUG com.tngtech.archunit.core.importer.JavaClassProcessor - Processing class 'com/uco/TrafficAgent/infrastructure/aspect/Secured'
10:41:47.313 [Test worker] DEBUG com.tngtech.archunit.core.importer.JavaClassProcessor - Processing class 'com/uco/TrafficAgent/infrastructure/aspect/LogExecutionAspect'
10:41:47.315 [Test worker] DEBUG com.tngtech.archunit.core.importer.JavaClassProcessor - Processing class 'com/uco/TrafficAgent/infrastructure/repository/contact/adapter/entity/EntityContact'
10:41:47.317 [Test worker] DEBUG com.tngtech.archunit.core.importer.JavaClassProcessor - Processing class 'com/uco/TrafficAgent/infrastructure/repository/type/adapter/repository/jpa/RepositoryTypeIdJpa'
10:41:47.318 [Test worker] DEBUG com.tngtech.archunit.core.importer.JavaClassProcessor - Processing class 'com/uco/TrafficAgent/application/service/user/consult/ServiceApplicationListAllUser'
10:41:47.318 [Test worker] DEBUG com.tngtech.archunit.core.importer.JavaClassProcessor - Processing class 'com/uco/TrafficAgent/infrastructure/repository/rol/adapter/entity/EntityRol'
10:41:47.319 [Test worker] DEBUG com.tngtech.archunit.core.importer.JavaClassProcessor - Processing class 'com/uco/TrafficAgent/domain/service/user/ServiceSaveUser'
10:41:47.319 [Test worker] DEBUG com.tngtech.archunit.core.importer.JavaClassProcessor - Processing class 'com/uco/TrafficAgent/application/service/report/comand/dto/DtoSaveReport'
10:41:47.322 [Test worker] DEBUG com.tngtech.archunit.core.importer.JavaClassProcessor - Processing class 'com/uco/TrafficAgent/infrastructure/service/token/ServiceGetCurrentUserJwt'
10:41:47.332 [Test worker] DEBUG com.tngtech.archunit.core.importer.DependencyResolutionProcess - Automatically resolving transitive class dependencies with the following configuration:
import.dependencyResolutionProcess.maxIterationsForMemberTypes = 1
import.dependencyResolutionProcess.maxIterationsForAccessesToTypes = 1
import.dependencyResolutionProcess.maxIterationsForSupertypes = -1
import.dependencyResolutionProcess.maxIterationsForEnclosingTypes = -1
import.dependencyResolutionProcess.maxIterationsForAnnotationTypes = -1
import.dependencyResolutionProcess.maxIterationsForGenericSignatureTypes = -1
10:41:47.333 [Test worker] DEBUG com.tngtech.archunit.core.importer.JavaClassProcessor - Processing class 'io/jsonwebtoken/impl/TextCodec'
10:41:47.335 [Test worker] DEBUG com.tngtech.archunit.core.importer.JavaClassProcessor - Processing class 'org/springframework/data/repository/query/Param'
10:41:47.337 [Test worker] DEBUG com.tngtech.archunit.core.importer.JavaClassProcessor - Processing class 'java/util/Arrays'
10:41:47.354 [Test worker] DEBUG com.tngtech.archunit.core.importer.JavaClassProcessor - Processing class 'org/springframework/web/bind/annotation/RequestParam'
10:41:47.355 [Test worker] DEBUG com.tngtech.archunit.core.importer.JavaClassProcessor - Processing class 'java/lang/System'
10:41:47.358 [Test worker] DEBUG com.tngtech.archunit.core.importer.JavaClassProcessor - Processing class 'java/time/ZonedDateTime'
10:41:47.362 [Test worker] DEBUG com.tngtech.archunit.core.importer.JavaClassProcessor - Processing class 'org/springframework/beans/factory/annotation/Autowired'
10:41:47.363 [Test worker] DEBUG com.tngtech.archunit.core.importer.JavaClassProcessor - Processing class 'javax/crypto/spec/SecretKeySpec'
10:41:47.364 [Test worker] DEBUG com.tngtech.archunit.core.importer.JavaClassProcessor - Processing class 'java/lang/Record'
10:41:47.364 [Test worker] DEBUG com.tngtech.archunit.core.importer.JavaClassProcessor - Processing class 'java/lang/Integer'
10:41:47.367 [Test worker] DEBUG com.tngtech.archunit.core.importer.JavaClassProcessor - Processing class 'org/springframework/web/context/request/RequestContextHolder'
10:41:47.368 [Test worker] DEBUG com.tngtech.archunit.core.importer.JavaClassProcessor - Processing class 'java/lang/Long'
10:41:47.370 [Test worker] DEBUG com.tngtech.archunit.core.importer.JavaClassProcessor - Processing class 'io/jsonwebtoken/JwtBuilder'
10:41:47.371 [Test worker] DEBUG com.tngtech.archunit.core.importer.JavaClassProcessor - Processing class 'java/time/Duration'
10:41:47.373 [Test worker] DEBUG com.tngtech.archunit.core.importer.JavaClassProcessor - Processing class 'io/jsonwebtoken/SignatureAlgorithm'
10:41:47.374 [Test worker] DEBUG com.tngtech.archunit.core.importer.JavaClassProcessor - Processing class 'org/springframework/stereotype/Repository'
10:41:47.375 [Test worker] DEBUG com.tngtech.archunit.core.importer.JavaClassProcessor - Processing class 'com/auth0/jwt/interfaces/Claim'
10:41:47.378 [Test worker] DEBUG com.tngtech.archunit.core.importer.JavaClassProcessor - Processing class 'javax/persistence/Entity'
10:41:47.379 [Test worker] DEBUG com.tngtech.archunit.core.importer.JavaClassProcessor - Processing class 'org/springframework/web/bind/annotation/PostMapping'
10:41:47.382 [Test worker] DEBUG com.tngtech.archunit.core.importer.JavaClassProcessor - Processing class 'javax/persistence/ManyToOne'
10:41:47.383 [Test worker] DEBUG com.tngtech.archunit.core.importer.JavaClassProcessor - Processing class 'javax/persistence/CascadeType'
10:41:47.384 [Test worker] DEBUG com.tngtech.archunit.core.importer.JavaClassProcessor - Processing class 'org/springframework/web/bind/annotation/RestController'
10:41:47.385 [Test worker] DEBUG com.tngtech.archunit.core.importer.JavaClassProcessor - Processing class 'java/lang/String'
10:41:47.389 [Test worker] DEBUG com.tngtech.archunit.core.importer.JavaClassProcessor - Processing class 'java/time/ZoneId'
10:41:47.389 [Test worker] DEBUG com.tngtech.archunit.core.importer.JavaClassProcessor - Processing class 'java/lang/Exception'
10:41:47.390 [Test worker] DEBUG com.tngtech.archunit.core.importer.JavaClassProcessor - Processing class 'org/aspectj/lang/annotation/Around'
10:41:47.391 [Test worker] DEBUG com.tngtech.archunit.core.importer.JavaClassProcessor - Processing class 'java/util/stream/Stream'
10:41:47.393 [Test worker] DEBUG com.tngtech.archunit.core.importer.JavaClassProcessor - Processing class 'javax/persistence/GeneratedValue'
10:41:47.395 [Test worker] DEBUG com.tngtech.archunit.core.importer.JavaClassProcessor - Processing class 'java/lang/Throwable'
10:41:47.398 [Test worker] DEBUG com.tngtech.archunit.core.importer.JavaClassProcessor - Processing class 'com/auth0/jwt/JWT'
10:41:47.399 [Test worker] DEBUG com.tngtech.archunit.core.importer.JavaClassProcessor - Processing class 'org/springframework/data/jpa/repository/Query'
10:41:47.399 [Test worker] DEBUG com.tngtech.archunit.core.importer.JavaClassProcessor - Processing class 'com/auth0/jwt/interfaces/DecodedJWT'
10:41:47.399 [Test worker] DEBUG com.tngtech.archunit.core.importer.JavaClassProcessor - Processing class 'java/time/LocalDateTime'
10:41:47.402 [Test worker] DEBUG com.tngtech.archunit.core.importer.JavaClassProcessor - Processing class 'org/springframework/web/filter/OncePerRequestFilter'
10:41:47.403 [Test worker] DEBUG com.tngtech.archunit.core.importer.JavaClassProcessor - Processing class 'org/springframework/retry/annotation/EnableRetry'
10:41:47.403 [Test worker] DEBUG com.tngtech.archunit.core.importer.JavaClassProcessor - Processing class 'java/util/ArrayList'
10:41:47.405 [Test worker] DEBUG com.tngtech.archunit.core.importer.JavaClassProcessor - Processing class 'org/springframework/web/bind/annotation/RequestBody'
10:41:47.407 [Test worker] DEBUG com.tngtech.archunit.core.importer.JavaClassProcessor - Processing class 'javax/servlet/http/HttpServletRequest'
10:41:47.409 [Test worker] DEBUG com.tngtech.archunit.core.importer.JavaClassProcessor - Processing class 'javax/persistence/Table'
10:41:47.411 [Test worker] DEBUG com.tngtech.archunit.core.importer.JavaClassProcessor - Processing class 'org/springframework/web/bind/annotation/ExceptionHandler'
10:41:47.412 [Test worker] DEBUG com.tngtech.archunit.core.importer.JavaClassProcessor - Processing class 'org/springframework/web/bind/annotation/ControllerAdvice'
10:41:47.414 [Test worker] DEBUG com.tngtech.archunit.core.importer.JavaClassProcessor - Processing class 'org/springframework/boot/autoconfigure/SpringBootApplication'
10:41:47.416 [Test worker] DEBUG com.tngtech.archunit.core.importer.JavaClassProcessor - Processing class 'javax/persistence/OneToMany'
10:41:47.417 [Test worker] DEBUG com.tngtech.archunit.core.importer.JavaClassProcessor - Processing class 'java/io/IOException'
10:41:47.417 [Test worker] DEBUG com.tngtech.archunit.core.importer.JavaClassProcessor - Processing class 'java/lang/annotation/Target'
10:41:47.418 [Test worker] DEBUG com.tngtech.archunit.core.importer.JavaClassProcessor - Processing class 'java/lang/RuntimeException'
10:41:47.419 [Test worker] DEBUG com.tngtech.archunit.core.importer.JavaClassProcessor - Processing class 'org/springframework/boot/web/client/RestTemplateBuilder'
10:41:47.422 [Test worker] DEBUG com.tngtech.archunit.core.importer.JavaClassProcessor - Processing class 'org/springframework/http/HttpStatus'
10:41:47.424 [Test worker] DEBUG com.tngtech.archunit.core.importer.JavaClassProcessor - Processing class 'javax/persistence/FetchType'
10:41:47.425 [Test worker] DEBUG com.tngtech.archunit.core.importer.JavaClassProcessor - Processing class 'org/springframework/web/bind/annotation/PathVariable'
10:41:47.425 [Test worker] DEBUG com.tngtech.archunit.core.importer.JavaClassProcessor - Processing class 'java/lang/IllegalStateException'
10:41:47.426 [Test worker] DEBUG com.tngtech.archunit.core.importer.JavaClassProcessor - Processing class 'io/jsonwebtoken/impl/crypto/DefaultJwtSignatureValidator'
10:41:47.427 [Test worker] DEBUG com.tngtech.archunit.core.importer.JavaClassProcessor - Processing class 'javax/servlet/FilterChain'
10:41:47.429 [Test worker] DEBUG com.tngtech.archunit.core.importer.JavaClassProcessor - Processing class 'org/springframework/boot/web/servlet/FilterRegistrationBean'
10:41:47.430 [Test worker] DEBUG com.tngtech.archunit.core.importer.JavaClassProcessor - Processing class 'javax/servlet/ServletException'
10:41:47.431 [Test worker] DEBUG com.tngtech.archunit.core.importer.JavaClassProcessor - Processing class 'java/util/Date'
10:41:47.433 [Test worker] DEBUG com.tngtech.archunit.core.importer.JavaClassProcessor - Processing class 'org/slf4j/LoggerFactory'
10:41:47.435 [Test worker] DEBUG com.tngtech.archunit.core.importer.JavaClassProcessor - Processing class 'org/springframework/boot/SpringApplication'
10:41:47.439 [Test worker] DEBUG com.tngtech.archunit.core.importer.JavaClassProcessor - Processing class 'org/springframework/web/bind/annotation/PutMapping'
10:41:47.440 [Test worker] DEBUG com.tngtech.archunit.core.importer.JavaClassProcessor - Processing class 'org/aspectj/lang/annotation/Aspect'
10:41:47.440 [Test worker] DEBUG com.tngtech.archunit.core.importer.JavaClassProcessor - Processing class 'java/lang/reflect/Method'
10:41:47.444 [Test worker] DEBUG com.tngtech.archunit.core.importer.JavaClassProcessor - Processing class 'org/springframework/web/bind/annotation/DeleteMapping'
10:41:47.445 [Test worker] DEBUG com.tngtech.archunit.core.importer.JavaClassProcessor - Processing class 'org/springframework/web/client/RestTemplate'
10:41:47.450 [Test worker] DEBUG com.tngtech.archunit.core.importer.JavaClassProcessor - Processing class 'java/util/concurrent/ConcurrentHashMap'
10:41:47.455 [Test worker] DEBUG com.tngtech.archunit.core.importer.JavaClassProcessor - Processing class 'java/util/UUID'
10:41:47.456 [Test worker] DEBUG com.tngtech.archunit.core.importer.JavaClassProcessor - Processing class 'java/util/stream/Collectors'
10:41:47.460 [Test worker] DEBUG com.tngtech.archunit.core.importer.JavaClassProcessor - Processing class 'org/springframework/context/annotation/Configuration'
10:41:47.461 [Test worker] DEBUG com.tngtech.archunit.core.importer.JavaClassProcessor - Processing class 'javax/persistence/GenerationType'
10:41:47.462 [Test worker] DEBUG com.tngtech.archunit.core.importer.JavaClassProcessor - Processing class 'javax/persistence/Column'
10:41:47.463 [Test worker] DEBUG com.tngtech.archunit.core.importer.JavaClassProcessor - Processing class 'java/util/List'
10:41:47.465 [Test worker] DEBUG com.tngtech.archunit.core.importer.JavaClassProcessor - Processing class 'io/jsonwebtoken/Jwts'
10:41:47.466 [Test worker] DEBUG com.tngtech.archunit.core.importer.JavaClassProcessor - Processing class 'org/springframework/core/env/Environment'
10:41:47.466 [Test worker] DEBUG com.tngtech.archunit.core.importer.JavaClassProcessor - Processing class 'java/lang/annotation/Annotation'
10:41:47.466 [Test worker] DEBUG com.tngtech.archunit.core.importer.JavaClassProcessor - Processing class 'java/util/Optional'
10:41:47.467 [Test worker] DEBUG com.tngtech.archunit.core.importer.JavaClassProcessor - Processing class 'org/springframework/data/jpa/repository/JpaRepository'
10:41:47.468 [Test worker] DEBUG com.tngtech.archunit.core.importer.JavaClassProcessor - Processing class 'org/springframework/web/bind/annotation/RequestMapping'
10:41:47.469 [Test worker] DEBUG com.tngtech.archunit.core.importer.JavaClassProcessor - Processing class 'java/lang/annotation/Retention'
10:41:47.469 [Test worker] DEBUG com.tngtech.archunit.core.importer.JavaClassProcessor - Processing class 'org/springframework/web/bind/annotation/GetMapping'
10:41:47.470 [Test worker] DEBUG com.tngtech.archunit.core.importer.JavaClassProcessor - Processing class 'org/aspectj/lang/JoinPoint'
10:41:47.471 [Test worker] DEBUG com.tngtech.archunit.core.importer.JavaClassProcessor - Processing class 'org/springframework/web/bind/annotation/ResponseStatus'
10:41:47.472 [Test worker] DEBUG com.tngtech.archunit.core.importer.JavaClassProcessor - Processing class 'javax/persistence/Id'
10:41:47.472 [Test worker] DEBUG com.tngtech.archunit.core.importer.JavaClassProcessor - Processing class 'org/slf4j/Logger'
10:41:47.473 [Test worker] DEBUG com.tngtech.archunit.core.importer.JavaClassProcessor - Processing class 'java/util/Iterator'
10:41:47.474 [Test worker] DEBUG com.tngtech.archunit.core.importer.JavaClassProcessor - Processing class 'javax/persistence/JoinColumn'
10:41:47.475 [Test worker] DEBUG com.tngtech.archunit.core.importer.JavaClassProcessor - Processing class 'javax/servlet/http/HttpServletResponse'
10:41:47.476 [Test worker] DEBUG com.tngtech.archunit.core.importer.JavaClassProcessor - Processing class 'org/springframework/web/context/request/ServletRequestAttributes'
10:41:47.477 [Test worker] DEBUG com.tngtech.archunit.core.importer.JavaClassProcessor - Processing class 'java/lang/IllegalArgumentException'
10:41:47.478 [Test worker] DEBUG com.tngtech.archunit.core.importer.JavaClassProcessor - Processing class 'java/lang/annotation/ElementType'
10:41:47.481 [Test worker] DEBUG com.tngtech.archunit.core.importer.JavaClassProcessor - Processing class 'org/springframework/stereotype/Component'
10:41:47.482 [Test worker] DEBUG com.tngtech.archunit.core.importer.JavaClassProcessor - Processing class 'org/aspectj/lang/annotation/Before'
10:41:47.483 [Test worker] DEBUG com.tngtech.archunit.core.importer.JavaClassProcessor - Processing class 'java/lang/Object'
10:41:47.484 [Test worker] DEBUG com.tngtech.archunit.core.importer.JavaClassProcessor - Processing class 'org/aspectj/lang/reflect/MethodSignature'
10:41:47.485 [Test worker] DEBUG com.tngtech.archunit.core.importer.JavaClassProcessor - Processing class 'java/lang/Class'
10:41:47.489 [Test worker] DEBUG com.tngtech.archunit.core.importer.JavaClassProcessor - Processing class 'org/springframework/http/ResponseEntity'
10:41:47.490 [Test worker] DEBUG com.tngtech.archunit.core.importer.JavaClassProcessor - Processing class 'org/springframework/context/annotation/Bean'
10:41:47.491 [Test worker] DEBUG com.tngtech.archunit.core.importer.JavaClassProcessor - Processing class 'java/util/Comparator'
10:41:47.492 [Test worker] DEBUG com.tngtech.archunit.core.importer.JavaClassProcessor - Processing class 'org/apache/commons/codec/digest/DigestUtils'
10:41:47.494 [Test worker] DEBUG com.tngtech.archunit.core.importer.JavaClassProcessor - Processing class 'org/aspectj/lang/ProceedingJoinPoint'
10:41:47.495 [Test worker] DEBUG com.tngtech.archunit.core.importer.JavaClassProcessor - Processing class 'java/lang/annotation/RetentionPolicy'
10:41:47.496 [Test worker] DEBUG com.tngtech.archunit.core.importer.JavaClassProcessor - Processing class 'java/lang/annotation/Inherited'
10:41:47.497 [Test worker] DEBUG com.tngtech.archunit.core.importer.JavaClassProcessor - Processing class 'java/util/DoubleSummaryStatistics'
10:41:47.497 [Test worker] DEBUG com.tngtech.archunit.core.importer.JavaClassProcessor - Processing class 'java/util/function/DoubleConsumer'
10:41:47.497 [Test worker] DEBUG com.tngtech.archunit.core.importer.JavaClassProcessor - Processing class 'java/security/spec/KeySpec'
10:41:47.498 [Test worker] DEBUG com.tngtech.archunit.core.importer.JavaClassProcessor - Processing class 'javax/persistence/ConstraintMode'
10:41:47.499 [Test worker] DEBUG com.tngtech.archunit.core.importer.JavaClassProcessor - Processing class 'org/springframework/core/env/PropertyResolver'
10:41:47.499 [Test worker] DEBUG com.tngtech.archunit.core.importer.JavaClassProcessor - Processing class 'org/springframework/web/filter/GenericFilterBean'
10:41:47.500 [Test worker] DEBUG com.tngtech.archunit.core.importer.JavaClassProcessor - Processing class 'java/util/Map'
10:41:47.501 [Test worker] DEBUG com.tngtech.archunit.core.importer.JavaClassProcessor - Processing class 'java/lang/reflect/Executable'
10:41:47.502 [Test worker] DEBUG com.tngtech.archunit.core.importer.JavaClassProcessor - Processing class 'javax/servlet/Filter'
10:41:47.503 [Test worker] DEBUG com.tngtech.archunit.core.importer.JavaClassProcessor - Processing class 'jdk/internal/reflect/CallerSensitiveAdapter'
10:41:47.503 [Test worker] DEBUG com.tngtech.archunit.core.importer.JavaClassProcessor - Processing class 'java/lang/CharSequence'
10:41:47.504 [Test worker] DEBUG com.tngtech.archunit.core.importer.JavaClassProcessor - Processing class 'org/springframework/data/repository/PagingAndSortingRepository'
10:41:47.504 [Test worker] DEBUG com.tngtech.archunit.core.importer.JavaClassProcessor - Processing class 'java/time/chrono/ChronoLocalDateTime'
10:41:47.505 [Test worker] DEBUG com.tngtech.archunit.core.importer.JavaClassProcessor - Processing class 'java/util/Set'
10:41:47.506 [Test worker] DEBUG com.tngtech.archunit.core.importer.JavaClassProcessor - Processing class 'java/io/Serializable'
10:41:47.506 [Test worker] DEBUG com.tngtech.archunit.core.importer.JavaClassProcessor - Processing class 'org/springframework/http/client/ClientHttpRequestInterceptor'
10:41:47.507 [Test worker] DEBUG com.tngtech.archunit.core.importer.JavaClassProcessor - Processing class 'org/springframework/beans/factory/support/BeanNameGenerator'
10:41:47.507 [Test worker] DEBUG com.tngtech.archunit.core.importer.JavaClassProcessor - Processing class 'jdk/internal/ValueBased'
10:41:47.507 [Test worker] DEBUG com.tngtech.archunit.core.importer.JavaClassProcessor - Processing class 'javax/crypto/SecretKey'
10:41:47.508 [Test worker] DEBUG com.tngtech.archunit.core.importer.JavaClassProcessor - Processing class 'org/springframework/http/client/support/InterceptingHttpAccessor'
10:41:47.508 [Test worker] DEBUG com.tngtech.archunit.core.importer.JavaClassProcessor - Processing class 'java/lang/reflect/AnnotatedElement'
10:41:47.509 [Test worker] DEBUG com.tngtech.archunit.core.importer.JavaClassProcessor - Processing class 'java/lang/Double'
10:41:47.510 [Test worker] DEBUG com.tngtech.archunit.core.importer.JavaClassProcessor - Processing class 'org/springframework/http/client/ClientHttpRequestFactory'
10:41:47.511 [Test worker] DEBUG com.tngtech.archunit.core.importer.JavaClassProcessor - Processing class 'org/springframework/boot/web/client/RestTemplateCustomizer'
10:41:47.512 [Test worker] DEBUG com.tngtech.archunit.core.importer.JavaClassProcessor - Processing class 'java/lang/invoke/TypeDescriptor$OfField'
10:41:47.513 [Test worker] DEBUG com.tngtech.archunit.core.importer.JavaClassProcessor - Processing class 'org/springframework/boot/context/TypeExcludeFilter'
10:41:47.514 [Test worker] DEBUG com.tngtech.archunit.core.importer.JavaClassProcessor - Processing class 'org/springframework/boot/web/servlet/AbstractFilterRegistrationBean'
10:41:47.516 [Test worker] DEBUG com.tngtech.archunit.core.importer.JavaClassProcessor - Processing class 'org/springframework/data/repository/NoRepositoryBean'
10:41:47.517 [Test worker] DEBUG com.tngtech.archunit.core.importer.JavaClassProcessor - Processing class 'java/util/RandomAccess'
10:41:47.517 [Test worker] DEBUG com.tngtech.archunit.core.importer.JavaClassProcessor - Processing class 'org/springframework/boot/BootstrapRegistryInitializer'
10:41:47.518 [Test worker] DEBUG com.tngtech.archunit.core.importer.JavaClassProcessor - Processing class 'java/time/temporal/TemporalAmount'
10:41:47.518 [Test worker] DEBUG com.tngtech.archunit.core.importer.JavaClassProcessor - Processing class 'org/springframework/lang/Nullable'
10:41:47.519 [Test worker] DEBUG com.tngtech.archunit.core.importer.JavaClassProcessor - Processing class 'org/springframework/stereotype/Indexed'
10:41:47.519 [Test worker] DEBUG com.tngtech.archunit.core.importer.JavaClassProcessor - Processing class 'java/lang/Number'
10:41:47.519 [Test worker] DEBUG com.tngtech.archunit.core.importer.JavaClassProcessor - Processing class 'java/lang/SafeVarargs'
10:41:47.519 [Test worker] DEBUG com.tngtech.archunit.core.importer.JavaClassProcessor - Processing class 'java/util/Map$Entry'
10:41:47.519 [Test worker] DEBUG com.tngtech.archunit.core.importer.JavaClassProcessor - Processing class 'jdk/internal/vm/annotation/IntrinsicCandidate'
10:41:47.520 [Test worker] DEBUG com.tngtech.archunit.core.importer.JavaClassProcessor - Processing class 'java/util/stream/LongStream'
10:41:47.521 [Test worker] DEBUG com.tngtech.archunit.core.importer.JavaClassProcessor - Processing class 'org/springframework/boot/autoconfigure/EnableAutoConfiguration'
10:41:47.521 [Test worker] DEBUG com.tngtech.archunit.core.importer.JavaClassProcessor - Processing class 'java/lang/Deprecated'
10:41:47.522 [Test worker] DEBUG com.tngtech.archunit.core.importer.JavaClassProcessor - Processing class 'org/springframework/http/HttpMethod'
10:41:47.522 [Test worker] DEBUG com.tngtech.archunit.core.importer.JavaClassProcessor - Processing class 'org/springframework/context/annotation/Import'
10:41:47.523 [Test worker] DEBUG com.tngtech.archunit.core.importer.JavaClassProcessor - Processing class 'javax/persistence/JoinColumns'
10:41:47.523 [Test worker] DEBUG com.tngtech.archunit.core.importer.JavaClassProcessor - Processing class 'org/springframework/web/client/RestOperations'
10:41:47.524 [Test worker] DEBUG com.tngtech.archunit.core.importer.JavaClassProcessor - Processing class 'java/lang/reflect/Field'
10:41:47.526 [Test worker] DEBUG com.tngtech.archunit.core.importer.JavaClassProcessor - Processing class 'com/auth0/jwt/interfaces/Header'
10:41:47.527 [Test worker] DEBUG com.tngtech.archunit.core.importer.JavaClassProcessor - Processing class 'org/springframework/context/annotation/ComponentScan'
10:41:47.528 [Test worker] DEBUG com.tngtech.archunit.core.importer.JavaClassProcessor - Processing class 'java/util/stream/Collector$Characteristics'
10:41:47.528 [Test worker] DEBUG com.tngtech.archunit.core.importer.JavaClassProcessor - Processing class 'java/lang/constant/Constable'
10:41:47.529 [Test worker] DEBUG com.tngtech.archunit.core.importer.JavaClassProcessor - Processing class 'java/time/chrono/ChronoZonedDateTime'
10:41:47.531 [Test worker] DEBUG com.tngtech.archunit.core.importer.JavaClassProcessor - Processing class 'org/springframework/boot/SpringBootConfiguration'
10:41:47.532 [Test worker] DEBUG com.tngtech.archunit.core.importer.JavaClassProcessor - Processing class 'java/lang/Comparable'
10:41:47.532 [Test worker] DEBUG com.tngtech.archunit.core.importer.JavaClassProcessor - Processing class 'java/time/temporal/TemporalAdjuster'
10:41:47.532 [Test worker] DEBUG com.tngtech.archunit.core.importer.JavaClassProcessor - Processing class 'java/net/URL'
10:41:47.533 [Test worker] DEBUG com.tngtech.archunit.core.importer.JavaClassProcessor - Processing class 'java/util/function/IntConsumer'
10:41:47.534 [Test worker] DEBUG com.tngtech.archunit.core.importer.JavaClassProcessor - Processing class 'java/util/AbstractList'
10:41:47.535 [Test worker] DEBUG com.tngtech.archunit.core.importer.JavaClassProcessor - Processing class 'org/springframework/data/annotation/QueryAnnotation'
10:41:47.535 [Test worker] DEBUG com.tngtech.archunit.core.importer.JavaClassProcessor - Processing class 'org/springframework/context/annotation/ComponentScan$Filter'
10:41:47.535 [Test worker] DEBUG com.tngtech.archunit.core.importer.JavaClassProcessor - Processing class 'java/lang/Enum'
10:41:47.536 [Test worker] DEBUG com.tngtech.archunit.core.importer.JavaClassProcessor - Processing class 'io/jsonwebtoken/impl/crypto/JwtSignatureValidator'
10:41:47.537 [Test worker] DEBUG com.tngtech.archunit.core.importer.JavaClassProcessor - Processing class 'org/springframework/web/context/request/RequestAttributes'
10:41:47.537 [Test worker] DEBUG com.tngtech.archunit.core.importer.JavaClassProcessor - Processing class 'java/lang/annotation/Documented'
10:41:47.537 [Test worker] DEBUG com.tngtech.archunit.core.importer.JavaClassProcessor - Processing class 'org/springframework/boot/web/client/RestTemplateRequestCustomizer'
10:41:47.538 [Test worker] DEBUG com.tngtech.archunit.core.importer.JavaClassProcessor - Processing class 'java/lang/Cloneable'
10:41:47.538 [Test worker] DEBUG com.tngtech.archunit.core.importer.JavaClassProcessor - Processing class 'jdk/internal/vm/annotation/ForceInline'
10:41:47.539 [Test worker] DEBUG com.tngtech.archunit.core.importer.JavaClassProcessor - Processing class 'org/springframework/http/HttpHeaders'
10:41:47.541 [Test worker] DEBUG com.tngtech.archunit.core.importer.JavaClassProcessor - Processing class 'javax/persistence/ForeignKey'
10:41:47.541 [Test worker] DEBUG com.tngtech.archunit.core.importer.JavaClassProcessor - Processing class 'java/util/Collection'
10:41:47.542 [Test worker] DEBUG com.tngtech.archunit.core.importer.JavaClassProcessor - Processing class 'org/springframework/web/bind/annotation/RequestMethod'
10:41:47.543 [Test worker] DEBUG com.tngtech.archunit.core.importer.JavaClassProcessor - Processing class 'org/springframework/context/ApplicationListener'
10:41:47.543 [Test worker] DEBUG com.tngtech.archunit.core.importer.JavaClassProcessor - Processing class 'org/springframework/beans/factory/annotation/Autowire'
10:41:47.544 [Test worker] DEBUG com.tngtech.archunit.core.importer.JavaClassProcessor - Processing class 'java/util/stream/DoubleStream'
10:41:47.546 [Test worker] DEBUG com.tngtech.archunit.core.importer.JavaClassProcessor - Processing class 'org/springframework/http/HttpEntity'
10:41:47.547 [Test worker] DEBUG com.tngtech.archunit.core.importer.JavaClassProcessor - Processing class 'java/lang/Class$ReflectionData'
10:41:47.547 [Test worker] DEBUG com.tngtech.archunit.core.importer.JavaClassProcessor - Processing class 'javax/servlet/ServletResponse'
10:41:47.548 [Test worker] DEBUG com.tngtech.archunit.core.importer.JavaClassProcessor - Processing class 'java/lang/reflect/Type'
10:41:47.548 [Test worker] DEBUG com.tngtech.archunit.core.importer.JavaClassProcessor - Processing class 'jdk/internal/reflect/CallerSensitive'
10:41:47.548 [Test worker] DEBUG com.tngtech.archunit.core.importer.JavaClassProcessor - Processing class 'org/springframework/http/converter/HttpMessageConverter'
10:41:47.549 [Test worker] DEBUG com.tngtech.archunit.core.importer.JavaClassProcessor - Processing class 'java/time/LocalDate'
10:41:47.551 [Test worker] DEBUG com.tngtech.archunit.core.importer.JavaClassProcessor - Processing class 'org/springframework/boot/SpringBootExceptionReporter'
10:41:47.552 [Test worker] DEBUG com.tngtech.archunit.core.importer.JavaClassProcessor - Processing class 'java/time/temporal/Temporal'
10:41:47.552 [Test worker] DEBUG com.tngtech.archunit.core.importer.JavaClassProcessor - Processing class 'java/util/stream/IntStream'
10:41:47.553 [Test worker] DEBUG com.tngtech.archunit.core.importer.JavaClassProcessor - Processing class 'org/springframework/context/annotation/EnableAspectJAutoProxy'
10:41:47.554 [Test worker] DEBUG com.tngtech.archunit.core.importer.JavaClassProcessor - Processing class 'java/time/temporal/TemporalUnit'
10:41:47.555 [Test worker] DEBUG com.tngtech.archunit.core.importer.JavaClassProcessor - Processing class 'org/springframework/boot/autoconfigure/AutoConfigurationExcludeFilter'
10:41:47.555 [Test worker] DEBUG com.tngtech.archunit.core.importer.JavaClassProcessor - Processing class 'org/springframework/stereotype/Controller'
10:41:47.556 [Test worker] DEBUG com.tngtech.archunit.core.importer.JavaClassProcessor - Processing class 'org/springframework/web/context/request/AbstractRequestAttributes'
10:41:47.556 [Test worker] DEBUG com.tngtech.archunit.core.importer.JavaClassProcessor - Processing class 'org/springframework/retry/annotation/RetryConfiguration'
10:41:47.557 [Test worker] DEBUG com.tngtech.archunit.core.importer.JavaClassProcessor - Processing class 'java/util/concurrent/ConcurrentMap'
10:41:47.558 [Test worker] DEBUG com.tngtech.archunit.core.importer.JavaClassProcessor - Processing class 'javax/servlet/http/HttpUpgradeHandler'
10:41:47.558 [Test worker] DEBUG com.tngtech.archunit.core.importer.JavaClassProcessor - Processing class 'java/lang/FunctionalInterface'
10:41:47.558 [Test worker] DEBUG com.tngtech.archunit.core.importer.JavaClassProcessor - Processing class 'java/lang/constant/ConstantDesc'
10:41:47.558 [Test worker] DEBUG com.tngtech.archunit.core.importer.JavaClassProcessor - Processing class 'java/lang/annotation/Repeatable'
10:41:47.559 [Test worker] DEBUG com.tngtech.archunit.core.importer.JavaClassProcessor - Processing class 'java/lang/Boolean'
10:41:47.559 [Test worker] DEBUG com.tngtech.archunit.core.importer.JavaClassProcessor - Processing class 'org/aspectj/lang/reflect/CodeSignature'
10:41:47.559 [Test worker] DEBUG com.tngtech.archunit.core.importer.JavaClassProcessor - Processing class 'org/springframework/context/annotation/FilterType'
10:41:47.560 [Test worker] DEBUG com.tngtech.archunit.core.importer.JavaClassProcessor - Processing class 'java/util/LongSummaryStatistics'
10:41:47.560 [Test worker] DEBUG com.tngtech.archunit.core.importer.JavaClassProcessor - Processing class 'java/lang/reflect/GenericDeclaration'
10:41:47.561 [Test worker] DEBUG com.tngtech.archunit.core.importer.JavaClassProcessor - Processing class 'org/springframework/core/annotation/AliasFor'
10:41:47.562 [Test worker] DEBUG com.tngtech.archunit.core.importer.JavaClassProcessor - Processing class 'javax/servlet/ServletRequest'
10:41:47.563 [Test worker] DEBUG com.tngtech.archunit.core.importer.JavaClassProcessor - Processing class 'jdk/internal/vm/annotation/Stable'
10:41:47.564 [Test worker] DEBUG com.tngtech.archunit.core.importer.JavaClassProcessor - Processing class 'org/springframework/core/env/StandardEnvironment'
10:41:47.564 [Test worker] DEBUG com.tngtech.archunit.core.importer.JavaClassProcessor - Processing class 'org/springframework/web/bind/annotation/ResponseBody'
10:41:47.565 [Test worker] DEBUG com.tngtech.archunit.core.importer.JavaClassProcessor - Processing class 'java/util/function/LongConsumer'
10:41:47.565 [Test worker] DEBUG com.tngtech.archunit.core.importer.JavaClassProcessor - Processing class 'java/util/function/Consumer'
10:41:47.566 [Test worker] DEBUG com.tngtech.archunit.core.importer.JavaClassProcessor - Processing class 'io/jsonwebtoken/ClaimsMutator'
10:41:47.567 [Test worker] DEBUG com.tngtech.archunit.core.importer.JavaClassProcessor - Processing class 'org/springframework/data/repository/query/QueryByExampleExecutor'
10:41:47.568 [Test worker] DEBUG com.tngtech.archunit.core.importer.JavaClassProcessor - Processing class 'java/util/AbstractMap'
10:41:47.568 [Test worker] DEBUG com.tngtech.archunit.core.importer.JavaClassProcessor - Processing class 'javax/servlet/http/Part'
10:41:47.569 [Test worker] DEBUG com.tngtech.archunit.core.importer.JavaClassProcessor - Processing class 'java/lang/constant/ClassDesc'
10:41:47.570 [Test worker] DEBUG com.tngtech.archunit.core.importer.JavaClassProcessor - Processing class 'java/util/stream/BaseStream'
10:41:47.570 [Test worker] DEBUG com.tngtech.archunit.core.importer.JavaClassProcessor - Processing class 'java/util/IntSummaryStatistics'
10:41:47.571 [Test worker] DEBUG com.tngtech.archunit.core.importer.JavaClassProcessor - Processing class 'com/auth0/jwt/interfaces/Payload'
10:41:47.572 [Test worker] DEBUG com.tngtech.archunit.core.importer.JavaClassProcessor - Processing class 'org/springframework/context/ApplicationContextInitializer'
10:41:47.572 [Test worker] DEBUG com.tngtech.archunit.core.importer.JavaClassProcessor - Processing class 'org/springframework/web/bind/annotation/Mapping'
10:41:47.572 [Test worker] DEBUG com.tngtech.archunit.core.importer.JavaClassProcessor - Processing class 'org/springframework/data/repository/query/FluentQuery$FetchableFluentQuery'
10:41:47.573 [Test worker] DEBUG com.tngtech.archunit.core.importer.JavaClassProcessor - Processing class 'java/lang/Enum$EnumDesc'
10:41:47.573 [Test worker] DEBUG com.tngtech.archunit.core.importer.JavaClassProcessor - Processing class 'java/util/stream/Collector'
10:41:47.574 [Test worker] DEBUG com.tngtech.archunit.core.importer.JavaClassProcessor - Processing class 'java/lang/invoke/TypeDescriptor'
10:41:47.574 [Test worker] DEBUG com.tngtech.archunit.core.importer.JavaClassProcessor - Processing class 'org/springframework/context/PayloadApplicationEvent'
10:41:47.575 [Test worker] DEBUG com.tngtech.archunit.core.importer.JavaClassProcessor - Processing class 'org/springframework/boot/autoconfigure/AutoConfigurationImportSelector'
10:41:47.576 [Test worker] DEBUG com.tngtech.archunit.core.importer.JavaClassProcessor - Processing class 'org/springframework/aop/IntroductionAdvisor'
10:41:47.576 [Test worker] DEBUG com.tngtech.archunit.core.importer.JavaClassProcessor - Processing class 'java/lang/reflect/Member'
10:41:47.576 [Test worker] DEBUG com.tngtech.archunit.core.importer.JavaClassProcessor - Processing class 'java/util/EventListener'
10:41:47.576 [Test worker] DEBUG com.tngtech.archunit.core.importer.JavaClassProcessor - Processing class 'org/springframework/context/annotation/Role'
10:41:47.577 [Test worker] DEBUG com.tngtech.archunit.core.importer.JavaClassProcessor - Processing class 'org/springframework/beans/factory/DisposableBean'
10:41:47.577 [Test worker] DEBUG com.tngtech.archunit.core.importer.JavaClassProcessor - Processing class 'org/springframework/boot/autoconfigure/AutoConfigurationPackage'
10:41:47.578 [Test worker] DEBUG com.tngtech.archunit.core.importer.JavaClassProcessor - Processing class 'java/time/temporal/TemporalAccessor'
10:41:47.578 [Test worker] DEBUG com.tngtech.archunit.core.importer.JavaClassProcessor - Processing class 'org/springframework/http/client/ClientHttpRequest'
10:41:47.579 [Test worker] DEBUG com.tngtech.archunit.core.importer.JavaClassProcessor - Processing class 'org/springframework/beans/factory/BeanFactoryAware'
10:41:47.579 [Test worker] DEBUG com.tngtech.archunit.core.importer.JavaClassProcessor - Processing class 'org/springframework/core/env/EnvironmentCapable'
10:41:47.580 [Test worker] DEBUG com.tngtech.archunit.core.importer.JavaClassProcessor - Processing class 'org/springframework/boot/web/servlet/DynamicRegistrationBean'
10:41:47.580 [Test worker] DEBUG com.tngtech.archunit.core.importer.JavaClassProcessor - Processing class 'java/net/spi/URLStreamHandlerProvider'
10:41:47.580 [Test worker] DEBUG com.tngtech.archunit.core.importer.JavaClassProcessor - Processing class 'org/springframework/util/MultiValueMap'
10:41:47.581 [Test worker] DEBUG com.tngtech.archunit.core.importer.JavaClassProcessor - Processing class 'org/springframework/context/ApplicationEvent'
10:41:47.581 [Test worker] DEBUG com.tngtech.archunit.core.importer.JavaClassProcessor - Processing class 'javax/servlet/FilterRegistration$Dynamic'
10:41:47.582 [Test worker] DEBUG com.tngtech.archunit.core.importer.JavaClassProcessor - Processing class 'org/springframework/web/context/ServletContextAware'
10:41:47.582 [Test worker] DEBUG com.tngtech.archunit.core.importer.JavaClassProcessor - Processing class 'org/springframework/core/type/filter/TypeFilter'
10:41:47.583 [Test worker] DEBUG com.tngtech.archunit.core.importer.JavaClassProcessor - Processing class 'java/lang/Runnable'
10:41:47.583 [Test worker] DEBUG com.tngtech.archunit.core.importer.JavaClassProcessor - Processing class 'java/lang/AutoCloseable'
10:41:47.583 [Test worker] DEBUG com.tngtech.archunit.core.importer.JavaClassProcessor - Processing class 'java/util/AbstractCollection'
10:41:47.584 [Test worker] DEBUG com.tngtech.archunit.core.importer.JavaClassProcessor - Processing class 'java/util/Locale'
10:41:47.585 [Test worker] DEBUG com.tngtech.archunit.core.importer.JavaClassProcessor - Processing class 'org/springframework/context/ConfigurableApplicationContext'
10:41:47.586 [Test worker] DEBUG com.tngtech.archunit.core.importer.JavaClassProcessor - Processing class 'javax/security/auth/Destroyable'
10:41:47.587 [Test worker] DEBUG com.tngtech.archunit.core.importer.JavaClassProcessor - Processing class 'org/springframework/http/MediaType'
10:41:47.588 [Test worker] DEBUG com.tngtech.archunit.core.importer.JavaClassProcessor - Processing class 'java/util/Locale$LanguageRange'
10:41:47.590 [Test worker] DEBUG com.tngtech.archunit.core.importer.JavaClassProcessor - Processing class 'org/springframework/aop/support/AbstractPointcutAdvisor'
10:41:47.590 [Test worker] DEBUG com.tngtech.archunit.core.importer.JavaClassProcessor - Processing class 'java/security/Key'
10:41:47.592 [Test worker] DEBUG com.tngtech.archunit.core.importer.JavaClassProcessor - Processing class 'java/lang/constant/DynamicConstantDesc'
10:41:47.593 [Test worker] DEBUG com.tngtech.archunit.core.importer.JavaClassProcessor - Processing class 'java/net/URLStreamHandler'
10:41:47.593 [Test worker] DEBUG com.tngtech.archunit.core.importer.JavaClassProcessor - Processing class 'org/springframework/http/client/support/HttpAccessor'
10:41:47.595 [Test worker] DEBUG com.tngtech.archunit.core.importer.JavaClassProcessor - Processing class 'org/springframework/context/annotation/AnnotationScopeMetadataResolver'
10:41:47.595 [Test worker] DEBUG com.tngtech.archunit.core.importer.JavaClassProcessor - Processing class 'org/springframework/beans/factory/BeanClassLoaderAware'
10:41:47.596 [Test worker] DEBUG com.tngtech.archunit.core.importer.JavaClassProcessor - Processing class 'org/aspectj/lang/reflect/MemberSignature'
10:41:47.596 [Test worker] DEBUG com.tngtech.archunit.core.importer.JavaClassProcessor - Processing class 'org/springframework/context/annotation/AspectJAutoProxyRegistrar'
10:41:47.596 [Test worker] DEBUG com.tngtech.archunit.core.importer.JavaClassProcessor - Processing class 'org/springframework/data/repository/CrudRepository'
10:41:47.597 [Test worker] DEBUG com.tngtech.archunit.core.importer.JavaClassProcessor - Processing class 'org/springframework/beans/factory/InitializingBean'
10:41:47.597 [Test worker] DEBUG com.tngtech.archunit.core.importer.JavaClassProcessor - Processing class 'java/lang/Iterable'
10:41:47.597 [Test worker] DEBUG com.tngtech.archunit.core.importer.JavaClassProcessor - Processing class 'java/nio/charset/Charset'
10:41:47.598 [Test worker] DEBUG com.tngtech.archunit.core.importer.JavaClassProcessor - Processing class 'org/springframework/context/annotation/ComponentScans'
10:41:47.599 [Test worker] DEBUG com.tngtech.archunit.core.importer.JavaClassProcessor - Processing class 'org/springframework/boot/web/servlet/ServletRegistrationBean'
10:41:47.599 [Test worker] DEBUG com.tngtech.archunit.core.importer.JavaClassProcessor - Processing class 'org/springframework/retry/RetryListener'
10:41:47.600 [Test worker] DEBUG com.tngtech.archunit.core.importer.JavaClassProcessor - Processing class 'org/springframework/beans/factory/BeanNameAware'
10:41:47.600 [Test worker] DEBUG com.tngtech.archunit.core.importer.JavaClassProcessor - Processing class 'java/time/chrono/ChronoLocalDate'
10:41:47.600 [Test worker] DEBUG com.tngtech.archunit.core.importer.JavaClassProcessor - Processing class 'java/lang/reflect/AccessibleObject'
10:41:47.602 [Test worker] DEBUG com.tngtech.archunit.core.importer.JavaClassProcessor - Processing class 'org/springframework/context/annotation/ScopedProxyMode'
10:41:47.602 [Test worker] DEBUG com.tngtech.archunit.core.importer.JavaClassProcessor - Processing class 'org/springframework/http/HttpRange'
10:41:47.603 [Test worker] DEBUG com.tngtech.archunit.core.importer.JavaClassProcessor - Processing class 'org/springframework/beans/factory/SmartInitializingSingleton'
10:41:47.603 [Test worker] DEBUG com.tngtech.archunit.core.importer.JavaClassProcessor - Processing class 'org/springframework/context/EnvironmentAware'
10:41:47.604 [Test worker] DEBUG com.tngtech.archunit.core.importer.JavaClassProcessor - Processing class 'org/springframework/context/annotation/ScopeMetadataResolver'
10:41:47.604 [Test worker] DEBUG com.tngtech.archunit.core.importer.JavaClassProcessor - Processing class 'javax/servlet/DispatcherType'
10:41:47.605 [Test worker] DEBUG com.tngtech.archunit.core.importer.JavaClassProcessor - Processing class 'org/springframework/core/env/AbstractEnvironment'
10:41:47.606 [Test worker] DEBUG com.tngtech.archunit.core.importer.JavaClassProcessor - Processing class 'org/springframework/boot/autoconfigure/AutoConfigurationImportListener'
10:41:47.606 [Test worker] DEBUG com.tngtech.archunit.core.importer.JavaClassProcessor - Processing class 'java/nio/charset/spi/CharsetProvider'
10:41:47.607 [Test worker] DEBUG com.tngtech.archunit.core.importer.JavaClassProcessor - Processing class 'org/springframework/data/repository/query/FluentQuery'
10:41:47.607 [Test worker] DEBUG com.tngtech.archunit.core.importer.JavaClassProcessor - Processing class 'org/springframework/http/HttpRequest'
10:41:47.608 [Test worker] DEBUG com.tngtech.archunit.core.importer.JavaClassProcessor - Processing class 'org/springframework/boot/web/servlet/RegistrationBean'
10:41:47.608 [Test worker] DEBUG com.tngtech.archunit.core.importer.JavaClassProcessor - Processing class 'javax/servlet/Registration$Dynamic'
10:41:47.608 [Test worker] DEBUG com.tngtech.archunit.core.importer.JavaClassProcessor - Processing class 'java/util/EventObject'
10:41:47.610 [Test worker] DEBUG com.tngtech.archunit.core.importer.JavaClassProcessor - Processing class 'org/springframework/util/MimeType'
10:41:47.611 [Test worker] DEBUG com.tngtech.archunit.core.importer.JavaClassProcessor - Processing class 'java/lang/Character'
10:41:47.612 [Test worker] DEBUG com.tngtech.archunit.core.importer.JavaClassProcessor - Processing class 'org/springframework/data/repository/Repository'
10:41:47.613 [Test worker] DEBUG com.tngtech.archunit.core.importer.JavaClassProcessor - Processing class 'org/springframework/boot/autoconfigure/AutoConfigurationPackages$Registrar'
10:41:47.613 [Test worker] DEBUG com.tngtech.archunit.core.importer.JavaClassProcessor - Processing class 'javax/servlet/ServletRegistration$Dynamic'
10:41:47.614 [Test worker] DEBUG com.tngtech.archunit.core.importer.JavaClassProcessor - Processing class 'java/lang/ThreadLocal'
10:41:47.614 [Test worker] DEBUG com.tngtech.archunit.core.importer.JavaClassProcessor - Processing class 'javax/servlet/Servlet'
10:41:47.616 [Test worker] DEBUG com.tngtech.archunit.core.importer.JavaClassProcessor - Processing class 'org/aspectj/lang/Signature'
10:41:47.616 [Test worker] DEBUG com.tngtech.archunit.core.importer.JavaClassProcessor - Processing class 'javax/servlet/FilterRegistration'
10:41:47.617 [Test worker] DEBUG com.tngtech.archunit.core.importer.JavaClassProcessor - Processing class 'java/net/URLStreamHandlerFactory'
10:41:47.617 [Test worker] DEBUG com.tngtech.archunit.core.importer.JavaClassProcessor - Processing class 'sun/util/locale/LocaleExtensions'
10:41:47.617 [Test worker] DEBUG com.tngtech.archunit.core.importer.JavaClassProcessor - Processing class 'org/springframework/core/Ordered'
10:41:47.618 [Test worker] DEBUG com.tngtech.archunit.core.importer.JavaClassProcessor - Processing class 'org/springframework/aop/PointcutAdvisor'
10:41:47.618 [Test worker] DEBUG com.tngtech.archunit.core.importer.JavaClassProcessor - Processing class 'org/springframework/context/annotation/DeferredImportSelector'
10:41:47.619 [Test worker] DEBUG com.tngtech.archunit.core.importer.JavaClassProcessor - Processing class 'org/springframework/beans/factory/Aware'
10:41:47.619 [Test worker] DEBUG com.tngtech.archunit.core.importer.JavaClassProcessor - Processing class 'org/springframework/core/ResolvableTypeProvider'
10:41:47.619 [Test worker] DEBUG com.tngtech.archunit.core.importer.JavaClassProcessor - Processing class 'org/springframework/core/io/support/ResourceRegion'
10:41:47.619 [Test worker] DEBUG com.tngtech.archunit.core.importer.JavaClassProcessor - Processing class 'org/springframework/aop/IntroductionInfo'
10:41:47.620 [Test worker] DEBUG com.tngtech.archunit.core.importer.JavaClassProcessor - Processing class 'org/springframework/boot/autoconfigure/AutoConfigurationImportFilter'
10:41:47.620 [Test worker] DEBUG com.tngtech.archunit.core.importer.JavaClassProcessor - Processing class 'org/springframework/core/env/ConfigurableEnvironment'
10:41:47.620 [Test worker] DEBUG com.tngtech.archunit.core.importer.JavaClassProcessor - Processing class 'org/springframework/context/annotation/ImportBeanDefinitionRegistrar'
10:41:47.621 [Test worker] DEBUG com.tngtech.archunit.core.importer.JavaClassProcessor - Processing class 'org/springframework/http/client/ClientHttpRequestInitializer'
10:41:47.621 [Test worker] DEBUG com.tngtech.archunit.core.importer.JavaClassProcessor - Processing class 'org/springframework/aop/Advisor'
10:41:47.621 [Test worker] DEBUG com.tngtech.archunit.core.importer.JavaClassProcessor - Processing class 'org/springframework/context/ResourceLoaderAware'
10:41:47.622 [Test worker] DEBUG com.tngtech.archunit.core.importer.JavaClassProcessor - Processing class 'org/springframework/context/ApplicationContext'
10:41:47.622 [Test worker] DEBUG com.tngtech.archunit.core.importer.JavaClassProcessor - Processing class 'org/springframework/context/Lifecycle'
10:41:47.622 [Test worker] DEBUG com.tngtech.archunit.core.importer.JavaClassProcessor - Processing class 'sun/util/locale/BaseLocale'
10:41:47.623 [Test worker] DEBUG com.tngtech.archunit.core.importer.JavaClassProcessor - Processing class 'org/springframework/context/annotation/DeferredImportSelector$Group'
10:41:47.623 [Test worker] DEBUG com.tngtech.archunit.core.importer.JavaClassProcessor - Processing class 'java/io/Closeable'
10:41:47.624 [Test worker] DEBUG com.tngtech.archunit.core.importer.JavaClassProcessor - Processing class 'org/springframework/http/HttpOutputMessage'
10:41:47.624 [Test worker] DEBUG com.tngtech.archunit.core.importer.JavaClassProcessor - Processing class 'sun/util/locale/Extension'
10:41:47.624 [Test worker] DEBUG com.tngtech.archunit.core.importer.JavaClassProcessor - Processing class 'org/springframework/beans/factory/HierarchicalBeanFactory'
10:41:47.624 [Test worker] DEBUG com.tngtech.archunit.core.importer.JavaClassProcessor - Processing class 'javax/servlet/ServletRegistration'
10:41:47.625 [Test worker] DEBUG com.tngtech.archunit.core.importer.JavaClassProcessor - Processing class 'org/springframework/core/env/ConfigurablePropertyResolver'
10:41:47.625 [Test worker] DEBUG com.tngtech.archunit.core.importer.JavaClassProcessor - Processing class 'org/springframework/context/annotation/DeferredImportSelector$Group$Entry'
10:41:47.626 [Test worker] DEBUG com.tngtech.archunit.core.importer.JavaClassProcessor - Processing class 'org/springframework/context/ApplicationEventPublisher'
10:41:47.626 [Test worker] DEBUG com.tngtech.archunit.core.importer.JavaClassProcessor - Processing class 'org/springframework/http/HttpMessage'
10:41:47.626 [Test worker] DEBUG com.tngtech.archunit.core.importer.JavaClassProcessor - Processing class 'org/springframework/context/annotation/ImportSelector'
10:41:47.628 [Test worker] DEBUG com.tngtech.archunit.core.importer.JavaClassProcessor - Processing class 'org/springframework/boot/web/servlet/ServletContextInitializer'
10:41:47.628 [Test worker] DEBUG com.tngtech.archunit.core.importer.JavaClassProcessor - Processing class 'org/springframework/context/MessageSource'
10:41:47.629 [Test worker] DEBUG com.tngtech.archunit.core.importer.JavaClassProcessor - Processing class 'javax/servlet/Registration'
10:41:47.629 [Test worker] DEBUG com.tngtech.archunit.core.importer.JavaClassProcessor - Processing class 'org/springframework/boot/autoconfigure/AutoConfigurationPackages'
10:41:47.629 [Test worker] DEBUG com.tngtech.archunit.core.importer.JavaClassProcessor - Processing class 'org/springframework/boot/context/annotation/DeterminableImports'
10:41:47.630 [Test worker] DEBUG com.tngtech.archunit.core.importer.JavaClassProcessor - Processing class 'sun/util/locale/InternalLocaleBuilder$CaseInsensitiveString'
10:41:47.630 [Test worker] DEBUG com.tngtech.archunit.core.importer.JavaClassProcessor - Processing class 'org/springframework/core/io/support/ResourcePatternResolver'
10:41:47.631 [Test worker] DEBUG com.tngtech.archunit.core.importer.JavaClassProcessor - Processing class 'sun/util/locale/InternalLocaleBuilder$CaseInsensitiveChar'
10:41:47.631 [Test worker] DEBUG com.tngtech.archunit.core.importer.JavaClassProcessor - Processing class 'org/springframework/beans/factory/ListableBeanFactory'
10:41:47.632 [Test worker] DEBUG com.tngtech.archunit.core.importer.JavaClassProcessor - Processing class 'org/springframework/core/io/ResourceLoader'
10:41:47.633 [Test worker] DEBUG com.tngtech.archunit.core.importer.JavaClassProcessor - Processing class 'org/springframework/beans/factory/BeanFactory'
10:41:47.633 [Test worker] DEBUG com.tngtech.archunit.core.importer.JavaClassProcessor - Processing class 'sun/util/locale/InternalLocaleBuilder'
10:41:47.656 [Test worker] DEBUG com.tngtech.archunit.core.importer.JavaClassProcessor - Processing class 'com/auth0/jwt/impl/JWTParser'
10:41:47.661 [Test worker] DEBUG com.tngtech.archunit.core.importer.JavaClassProcessor - Processing class 'com/auth0/jwt/exceptions/JWTDecodeException'
10:41:47.664 [Test worker] DEBUG com.tngtech.archunit.core.importer.JavaClassProcessor - Processing class 'com/auth0/jwt/JWTCreator$Builder'
10:41:47.665 [Test worker] DEBUG com.tngtech.archunit.core.importer.JavaClassProcessor - Processing class 'com/auth0/jwt/interfaces/Verification'
10:41:47.666 [Test worker] DEBUG com.tngtech.archunit.core.importer.JavaClassProcessor - Processing class 'com/auth0/jwt/algorithms/Algorithm'
10:41:47.672 [Test worker] DEBUG com.tngtech.archunit.core.importer.JavaClassProcessor - Processing class 'java/time/Instant'
10:41:47.699 [Test worker] DEBUG com.tngtech.archunit.core.importer.JavaClassProcessor - Processing class 'io/jsonwebtoken/Header'
10:41:47.701 [Test worker] DEBUG com.tngtech.archunit.core.importer.JavaClassProcessor - Processing class 'io/jsonwebtoken/Claims'
10:41:47.702 [Test worker] DEBUG com.tngtech.archunit.core.importer.JavaClassProcessor - Processing class 'io/jsonwebtoken/CompressionCodec'
10:41:47.703 [Test worker] DEBUG com.tngtech.archunit.core.importer.JavaClassProcessor - Processing class 'io/jsonwebtoken/JwsHeader'
10:41:47.703 [Test worker] DEBUG com.tngtech.archunit.core.importer.JavaClassProcessor - Processing class 'io/jsonwebtoken/JwtParser'
10:41:47.705 [Test worker] DEBUG com.tngtech.archunit.core.importer.JavaClassProcessor - Processing class 'io/jsonwebtoken/SignatureException'
10:41:47.705 [Test worker] DEBUG com.tngtech.archunit.core.importer.JavaClassProcessor - Processing class 'io/jsonwebtoken/impl/crypto/SignatureValidator'
10:41:47.706 [Test worker] DEBUG com.tngtech.archunit.core.importer.JavaClassProcessor - Processing class 'io/jsonwebtoken/impl/crypto/SignatureValidatorFactory'
10:41:47.709 [Test worker] DEBUG com.tngtech.archunit.core.importer.JavaClassProcessor - Processing class 'java/lang/Module'
10:41:47.710 [Test worker] DEBUG com.tngtech.archunit.core.importer.JavaClassProcessor - Processing class 'java/lang/ref/SoftReference'
10:41:47.711 [Test worker] DEBUG com.tngtech.archunit.core.importer.JavaClassProcessor - Processing class 'java/lang/reflect/Constructor'
10:41:47.713 [Test worker] DEBUG com.tngtech.archunit.core.importer.JavaClassProcessor - Processing class 'java/lang/Class$AnnotationData'
10:41:47.713 [Test worker] DEBUG com.tngtech.archunit.core.importer.JavaClassProcessor - Processing class 'java/lang/ClassLoader'
10:41:47.714 [Test worker] DEBUG com.tngtech.archunit.core.importer.JavaClassProcessor - Processing class 'sun/reflect/annotation/AnnotationType'
10:41:47.715 [Test worker] DEBUG com.tngtech.archunit.core.importer.JavaClassProcessor - Processing class 'jdk/internal/reflect/ReflectionFactory'
10:41:47.716 [Test worker] DEBUG com.tngtech.archunit.core.importer.JavaClassProcessor - Processing class 'java/lang/ClassValue$ClassValueMap'
10:41:47.716 [Test worker] DEBUG com.tngtech.archunit.core.importer.JavaClassProcessor - Processing class 'sun/reflect/generics/repository/ClassRepository'
10:41:47.717 [Test worker] DEBUG com.tngtech.archunit.core.importer.JavaClassProcessor - Processing class 'java/io/ObjectStreamField'
10:41:47.717 [Test worker] DEBUG com.tngtech.archunit.core.importer.JavaClassProcessor - Processing class 'java/security/ProtectionDomain'
10:41:47.718 [Test worker] DEBUG com.tngtech.archunit.core.importer.JavaClassProcessor - Processing class 'java/lang/SecurityManager'
10:41:47.719 [Test worker] DEBUG com.tngtech.archunit.core.importer.JavaClassProcessor - Processing class 'java/lang/SecurityException'
10:41:47.719 [Test worker] DEBUG com.tngtech.archunit.core.importer.JavaClassProcessor - Processing class 'java/lang/Class$EnclosingMethodInfo'
10:41:47.720 [Test worker] DEBUG com.tngtech.archunit.core.importer.JavaClassProcessor - Processing class 'java/lang/PublicMethods$MethodList'
10:41:47.721 [Test worker] DEBUG com.tngtech.archunit.core.importer.JavaClassProcessor - Processing class 'java/lang/ClassNotFoundException'
10:41:47.721 [Test worker] DEBUG com.tngtech.archunit.core.importer.JavaClassProcessor - Processing class 'java/lang/NoSuchMethodException'
10:41:47.722 [Test worker] DEBUG com.tngtech.archunit.core.importer.JavaClassProcessor - Processing class 'java/lang/reflect/TypeVariable'
10:41:47.723 [Test worker] DEBUG com.tngtech.archunit.core.importer.JavaClassProcessor - Processing class 'java/lang/reflect/RecordComponent'
10:41:47.723 [Test worker] DEBUG com.tngtech.archunit.core.importer.JavaClassProcessor - Processing class 'java/lang/reflect/GenericArrayType'
10:41:47.724 [Test worker] DEBUG com.tngtech.archunit.core.importer.JavaClassProcessor - Processing class 'java/lang/reflect/AnnotatedType'
10:41:47.725 [Test worker] DEBUG com.tngtech.archunit.core.importer.JavaClassProcessor - Processing class 'java/lang/NoSuchFieldException'
10:41:47.725 [Test worker] DEBUG com.tngtech.archunit.core.importer.JavaClassProcessor - Processing class 'sun/reflect/generics/factory/GenericsFactory'
10:41:47.726 [Test worker] DEBUG com.tngtech.archunit.core.importer.JavaClassProcessor - Processing class 'java/lang/InstantiationException'
10:41:47.726 [Test worker] DEBUG com.tngtech.archunit.core.importer.JavaClassProcessor - Processing class 'java/lang/IllegalAccessException'
10:41:47.726 [Test worker] DEBUG com.tngtech.archunit.core.importer.JavaClassProcessor - Processing class 'jdk/internal/reflect/ConstantPool'
10:41:47.727 [Test worker] DEBUG com.tngtech.archunit.core.importer.JavaClassProcessor - Processing class 'java/io/InputStream'
10:41:47.728 [Test worker] DEBUG com.tngtech.archunit.core.importer.JavaClassProcessor - Processing class 'jdk/internal/loader/BuiltinClassLoader'
10:41:47.729 [Test worker] DEBUG com.tngtech.archunit.core.importer.JavaClassProcessor - Processing class 'java/lang/Package'
10:41:47.732 [Test worker] DEBUG com.tngtech.archunit.core.importer.JavaClassProcessor - Processing class 'java/lang/NumberFormatException'
10:41:47.732 [Test worker] DEBUG com.tngtech.archunit.core.importer.JavaClassProcessor - Processing class 'java/lang/invoke/MethodHandles$Lookup'
10:41:47.733 [Test worker] DEBUG com.tngtech.archunit.core.importer.JavaClassProcessor - Processing class 'java/lang/ReflectiveOperationException'
10:41:47.735 [Test worker] DEBUG com.tngtech.archunit.core.importer.JavaClassProcessor - Processing class 'java/lang/CloneNotSupportedException'
10:41:47.736 [Test worker] DEBUG com.tngtech.archunit.core.importer.JavaClassProcessor - Processing class 'java/io/ObjectInputStream'
10:41:47.737 [Test worker] DEBUG com.tngtech.archunit.core.importer.JavaClassProcessor - Processing class 'java/io/ObjectStreamException'
10:41:47.739 [Test worker] DEBUG com.tngtech.archunit.core.importer.JavaClassProcessor - Processing class 'java/util/Spliterator'
10:41:47.740 [Test worker] DEBUG com.tngtech.archunit.core.importer.JavaClassProcessor - Processing class 'java/math/BigInteger'
10:41:47.742 [Test worker] DEBUG com.tngtech.archunit.core.importer.JavaClassProcessor - Processing class 'java/lang/InterruptedException'
10:41:47.743 [Test worker] DEBUG com.tngtech.archunit.core.importer.JavaClassProcessor - Processing class 'java/lang/AbstractStringBuilder'
10:41:47.744 [Test worker] DEBUG com.tngtech.archunit.core.importer.JavaClassProcessor - Processing class 'sun/nio/cs/ArrayEncoder'
10:41:47.744 [Test worker] DEBUG com.tngtech.archunit.core.importer.JavaClassProcessor - Processing class 'java/nio/charset/MalformedInputException'
10:41:47.744 [Test worker] DEBUG com.tngtech.archunit.core.importer.JavaClassProcessor - Processing class 'java/nio/charset/CharacterCodingException'
10:41:47.745 [Test worker] DEBUG com.tngtech.archunit.core.importer.JavaClassProcessor - Processing class 'java/util/function/Function'
10:41:47.746 [Test worker] DEBUG com.tngtech.archunit.core.importer.JavaClassProcessor - Processing class 'java/io/UnsupportedEncodingException'
10:41:47.746 [Test worker] DEBUG com.tngtech.archunit.core.importer.JavaClassProcessor - Processing class 'java/lang/Void'
10:41:47.747 [Test worker] DEBUG com.tngtech.archunit.core.importer.JavaClassProcessor - Processing class 'java/nio/charset/UnmappableCharacterException'
10:41:47.747 [Test worker] DEBUG com.tngtech.archunit.core.importer.JavaClassProcessor - Processing class 'java/lang/StringBuffer'
10:41:47.748 [Test worker] DEBUG com.tngtech.archunit.core.importer.JavaClassProcessor - Processing class 'sun/nio/cs/ArrayDecoder'
10:41:47.748 [Test worker] DEBUG com.tngtech.archunit.core.importer.JavaClassProcessor - Processing class 'java/nio/charset/CharsetDecoder'
10:41:47.749 [Test worker] DEBUG com.tngtech.archunit.core.importer.JavaClassProcessor - Processing class 'java/lang/StringBuilder'
10:41:47.751 [Test worker] DEBUG com.tngtech.archunit.core.importer.JavaClassProcessor - Processing class 'java/io/PrintStream'
10:41:47.751 [Test worker] DEBUG com.tngtech.archunit.core.importer.JavaClassProcessor - Processing class 'java/io/Console'
10:41:47.752 [Test worker] DEBUG com.tngtech.archunit.core.importer.JavaClassProcessor - Processing class 'java/lang/ModuleLayer'
10:41:47.752 [Test worker] DEBUG com.tngtech.archunit.core.importer.JavaClassProcessor - Processing class 'java/util/Properties'
10:41:47.753 [Test worker] DEBUG com.tngtech.archunit.core.importer.JavaClassProcessor - Processing class 'java/lang/invoke/StringConcatFactory'
10:41:47.753 [Test worker] DEBUG com.tngtech.archunit.core.importer.JavaClassProcessor - Processing class 'java/nio/channels/Channel'
10:41:47.754 [Test worker] DEBUG com.tngtech.archunit.core.importer.JavaClassProcessor - Processing class 'java/lang/System$Logger'
10:41:47.754 [Test worker] DEBUG com.tngtech.archunit.core.importer.JavaClassProcessor - Processing class 'java/util/ResourceBundle'
10:41:47.754 [Test worker] DEBUG com.tngtech.archunit.core.importer.JavaClassProcessor - Processing class 'java/io/FileOutputStream'
10:41:47.755 [Test worker] DEBUG com.tngtech.archunit.core.importer.JavaClassProcessor - Processing class 'java/util/concurrent/atomic/AtomicInteger'
10:41:47.755 [Test worker] DEBUG com.tngtech.archunit.core.importer.JavaClassProcessor - Processing class 'jdk/internal/misc/TerminatingThreadLocal'
10:41:47.756 [Test worker] DEBUG com.tngtech.archunit.core.importer.JavaClassProcessor - Processing class 'java/lang/ThreadLocal$ThreadLocalMap'
10:41:47.756 [Test worker] DEBUG com.tngtech.archunit.core.importer.JavaClassProcessor - Processing class 'java/lang/Thread'
10:41:47.757 [Test worker] DEBUG com.tngtech.archunit.core.importer.JavaClassProcessor - Processing class 'java/util/function/Supplier'
10:41:47.757 [Test worker] DEBUG com.tngtech.archunit.core.importer.JavaClassProcessor - Processing class 'java/lang/StackTraceElement'
10:41:47.758 [Test worker] DEBUG com.tngtech.archunit.core.importer.JavaClassProcessor - Processing class 'java/io/ObjectOutputStream'
10:41:47.759 [Test worker] DEBUG com.tngtech.archunit.core.importer.JavaClassProcessor - Processing class 'java/lang/Throwable$PrintStreamOrWriter'
10:41:47.759 [Test worker] DEBUG com.tngtech.archunit.core.importer.JavaClassProcessor - Processing class 'java/io/PrintWriter'
10:41:47.761 [Test worker] DEBUG com.tngtech.archunit.core.importer.JavaClassProcessor - Processing class 'java/lang/constant/DirectMethodHandleDesc'
10:41:47.762 [Test worker] DEBUG com.tngtech.archunit.core.importer.JavaClassProcessor - Processing class 'java/lang/reflect/AccessibleObject$Cache'
10:41:47.763 [Test worker] DEBUG com.tngtech.archunit.core.importer.JavaClassProcessor - Processing class 'java/lang/invoke/MethodHandle'
10:41:47.764 [Test worker] DEBUG com.tngtech.archunit.core.importer.JavaClassProcessor - Processing class 'java/lang/ref/WeakReference'
10:41:47.764 [Test worker] DEBUG com.tngtech.archunit.core.importer.JavaClassProcessor - Processing class 'java/lang/reflect/Parameter'
10:41:47.766 [Test worker] DEBUG com.tngtech.archunit.core.importer.JavaClassProcessor - Processing class 'sun/reflect/generics/repository/ConstructorRepository'
10:41:47.766 [Test worker] DEBUG com.tngtech.archunit.core.importer.JavaClassProcessor - Processing class 'sun/reflect/generics/repository/FieldRepository'
10:41:47.766 [Test worker] DEBUG com.tngtech.archunit.core.importer.JavaClassProcessor - Processing class 'jdk/internal/reflect/FieldAccessor'
10:41:47.767 [Test worker] DEBUG com.tngtech.archunit.core.importer.JavaClassProcessor - Processing class 'sun/reflect/generics/repository/MethodRepository'
10:41:47.767 [Test worker] DEBUG com.tngtech.archunit.core.importer.JavaClassProcessor - Processing class 'jdk/internal/reflect/MethodAccessor'
10:41:47.768 [Test worker] DEBUG com.tngtech.archunit.core.importer.JavaClassProcessor - Processing class 'java/lang/reflect/InvocationTargetException'
10:41:47.768 [Test worker] DEBUG com.tngtech.archunit.core.importer.JavaClassProcessor - Processing class 'sun/reflect/annotation/ExceptionProxy'
10:41:47.768 [Test worker] DEBUG com.tngtech.archunit.core.importer.JavaClassProcessor - Processing class 'sun/reflect/annotation/TypeNotPresentExceptionProxy'
10:41:47.769 [Test worker] DEBUG com.tngtech.archunit.core.importer.JavaClassProcessor - Processing class 'java/net/UrlDeserializedState'
10:41:47.769 [Test worker] DEBUG com.tngtech.archunit.core.importer.JavaClassProcessor - Processing class 'java/util/Hashtable'
10:41:47.770 [Test worker] DEBUG com.tngtech.archunit.core.importer.JavaClassProcessor - Processing class 'java/net/InetAddress'
10:41:47.771 [Test worker] DEBUG com.tngtech.archunit.core.importer.JavaClassProcessor - Processing class 'java/net/URI'
10:41:47.772 [Test worker] DEBUG com.tngtech.archunit.core.importer.JavaClassProcessor - Processing class 'java/net/MalformedURLException'
10:41:47.772 [Test worker] DEBUG com.tngtech.archunit.core.importer.JavaClassProcessor - Processing class 'java/net/URISyntaxException'
10:41:47.772 [Test worker] DEBUG com.tngtech.archunit.core.importer.JavaClassProcessor - Processing class 'java/net/URLConnection'
10:41:47.773 [Test worker] DEBUG com.tngtech.archunit.core.importer.JavaClassProcessor - Processing class 'java/net/Proxy'
10:41:47.773 [Test worker] DEBUG com.tngtech.archunit.core.importer.JavaClassProcessor - Processing class 'java/io/InvalidObjectException'
10:41:47.773 [Test worker] DEBUG com.tngtech.archunit.core.importer.JavaClassProcessor - Processing class 'sun/net/www/protocol/jar/Handler'
10:41:47.774 [Test worker] DEBUG com.tngtech.archunit.core.importer.JavaClassProcessor - Processing class 'java/nio/ByteBuffer'
10:41:47.774 [Test worker] DEBUG com.tngtech.archunit.core.importer.JavaClassProcessor - Processing class 'java/nio/CharBuffer'
10:41:47.775 [Test worker] DEBUG com.tngtech.archunit.core.importer.JavaClassProcessor - Processing class 'java/nio/charset/CharsetEncoder'
10:41:47.775 [Test worker] DEBUG com.tngtech.archunit.core.importer.JavaClassProcessor - Processing class 'java/util/SortedMap'
10:41:47.776 [Test worker] DEBUG com.tngtech.archunit.core.importer.JavaClassProcessor - Processing class 'java/io/DataOutput'
10:41:47.776 [Test worker] DEBUG com.tngtech.archunit.core.importer.JavaClassProcessor - Processing class 'java/time/temporal/ChronoUnit'
10:41:47.777 [Test worker] DEBUG com.tngtech.archunit.core.importer.JavaClassProcessor - Processing class 'java/io/DataInput'
10:41:47.777 [Test worker] DEBUG com.tngtech.archunit.core.importer.JavaClassProcessor - Processing class 'java/math/BigDecimal'
10:41:47.783 [Test worker] DEBUG com.tngtech.archunit.core.importer.JavaClassProcessor - Processing class 'java/time/Period'
10:41:47.785 [Test worker] DEBUG com.tngtech.archunit.core.importer.JavaClassProcessor - Processing class 'java/time/LocalTime'
10:41:47.787 [Test worker] DEBUG com.tngtech.archunit.core.importer.JavaClassProcessor - Processing class 'java/time/ZoneOffset'
10:41:47.788 [Test worker] DEBUG com.tngtech.archunit.core.importer.JavaClassProcessor - Processing class 'java/time/OffsetDateTime'
10:41:47.790 [Test worker] DEBUG com.tngtech.archunit.core.importer.JavaClassProcessor - Processing class 'java/time/OffsetTime'
10:41:47.792 [Test worker] DEBUG com.tngtech.archunit.core.importer.JavaClassProcessor - Processing class 'java/time/chrono/Chronology'
10:41:47.792 [Test worker] DEBUG com.tngtech.archunit.core.importer.JavaClassProcessor - Processing class 'java/time/Clock'
10:41:47.793 [Test worker] DEBUG com.tngtech.archunit.core.importer.JavaClassProcessor - Processing class 'java/time/format/DateTimeFormatter'
10:41:47.794 [Test worker] DEBUG com.tngtech.archunit.core.importer.JavaClassProcessor - Processing class 'java/time/temporal/TemporalField'
10:41:47.795 [Test worker] DEBUG com.tngtech.archunit.core.importer.JavaClassProcessor - Processing class 'java/time/chrono/IsoChronology'
10:41:47.796 [Test worker] DEBUG com.tngtech.archunit.core.importer.JavaClassProcessor - Processing class 'java/time/temporal/TemporalQuery'
10:41:47.796 [Test worker] DEBUG com.tngtech.archunit.core.importer.JavaClassProcessor - Processing class 'java/time/chrono/Era'
10:41:47.797 [Test worker] DEBUG com.tngtech.archunit.core.importer.JavaClassProcessor - Processing class 'java/time/Month'
10:41:47.797 [Test worker] DEBUG com.tngtech.archunit.core.importer.JavaClassProcessor - Processing class 'java/time/DayOfWeek'
10:41:47.798 [Test worker] DEBUG com.tngtech.archunit.core.importer.JavaClassProcessor - Processing class 'java/time/temporal/ChronoField'
10:41:47.799 [Test worker] DEBUG com.tngtech.archunit.core.importer.JavaClassProcessor - Processing class 'java/time/chrono/IsoEra'
10:41:47.800 [Test worker] DEBUG com.tngtech.archunit.core.importer.JavaClassProcessor - Processing class 'java/time/chrono/ChronoPeriod'
10:41:47.801 [Test worker] DEBUG com.tngtech.archunit.core.importer.JavaClassProcessor - Processing class 'java/time/temporal/ValueRange'
10:41:47.802 [Test worker] DEBUG com.tngtech.archunit.core.importer.JavaClassProcessor - Processing class 'java/time/zone/ZoneRules'
10:41:47.803 [Test worker] DEBUG com.tngtech.archunit.core.importer.JavaClassProcessor - Processing class 'java/time/format/TextStyle'
10:41:47.803 [Test worker] DEBUG com.tngtech.archunit.core.importer.JavaClassProcessor - Processing class 'java/time/ZoneRegion'
10:41:47.804 [Test worker] DEBUG com.tngtech.archunit.core.importer.JavaClassProcessor - Processing class 'java/io/ObjectInput'
10:41:47.805 [Test worker] DEBUG com.tngtech.archunit.core.importer.JavaClassProcessor - Processing class 'java/lang/invoke/SerializedLambda'
10:41:47.807 [Test worker] DEBUG com.tngtech.archunit.core.importer.JavaClassProcessor - Processing class 'java/util/ListIterator'
10:41:47.807 [Test worker] DEBUG com.tngtech.archunit.core.importer.JavaClassProcessor - Processing class 'java/util/function/Predicate'
10:41:47.808 [Test worker] DEBUG com.tngtech.archunit.core.importer.JavaClassProcessor - Processing class 'java/util/function/UnaryOperator'
10:41:47.809 [Test worker] DEBUG com.tngtech.archunit.core.importer.JavaClassProcessor - Processing class 'java/util/function/BinaryOperator'
10:41:47.809 [Test worker] DEBUG com.tngtech.archunit.core.importer.JavaClassProcessor - Processing class 'java/util/Spliterator$OfInt'
10:41:47.811 [Test worker] DEBUG com.tngtech.archunit.core.importer.JavaClassProcessor - Processing class 'java/util/Spliterator$OfLong'
10:41:47.812 [Test worker] DEBUG com.tngtech.archunit.core.importer.JavaClassProcessor - Processing class 'java/util/function/IntToDoubleFunction'
10:41:47.812 [Test worker] DEBUG com.tngtech.archunit.core.importer.JavaClassProcessor - Processing class 'java/util/function/DoubleBinaryOperator'
10:41:47.812 [Test worker] DEBUG com.tngtech.archunit.core.importer.JavaClassProcessor - Processing class 'java/util/function/IntFunction'
10:41:47.813 [Test worker] DEBUG com.tngtech.archunit.core.importer.JavaClassProcessor - Processing class 'java/util/function/IntToLongFunction'
10:41:47.814 [Test worker] DEBUG com.tngtech.archunit.core.importer.JavaClassProcessor - Processing class 'java/util/function/IntUnaryOperator'
10:41:47.814 [Test worker] DEBUG com.tngtech.archunit.core.importer.JavaClassProcessor - Processing class 'java/util/function/LongBinaryOperator'
10:41:47.815 [Test worker] DEBUG com.tngtech.archunit.core.importer.JavaClassProcessor - Processing class 'java/util/Spliterator$OfDouble'
10:41:47.815 [Test worker] DEBUG com.tngtech.archunit.core.importer.JavaClassProcessor - Processing class 'java/util/function/IntBinaryOperator'
10:41:47.817 [Test worker] DEBUG com.tngtech.archunit.core.importer.JavaClassProcessor - Processing class 'java/util/function/ToDoubleFunction'
10:41:47.817 [Test worker] DEBUG com.tngtech.archunit.core.importer.JavaClassProcessor - Processing class 'java/util/function/ToIntFunction'
10:41:47.817 [Test worker] DEBUG com.tngtech.archunit.core.importer.JavaClassProcessor - Processing class 'java/util/function/ToLongFunction'
10:41:47.818 [Test worker] DEBUG com.tngtech.archunit.core.importer.JavaClassProcessor - Processing class 'sun/util/calendar/BaseCalendar'
10:41:47.818 [Test worker] DEBUG com.tngtech.archunit.core.importer.JavaClassProcessor - Processing class 'sun/util/calendar/BaseCalendar$Date'
10:41:47.819 [Test worker] DEBUG com.tngtech.archunit.core.importer.JavaClassProcessor - Processing class 'sun/util/calendar/ZoneInfo'
10:41:47.821 [Test worker] DEBUG com.tngtech.archunit.core.importer.JavaClassProcessor - Processing class 'java/util/Locale$IsoCountryCode'
10:41:47.821 [Test worker] DEBUG com.tngtech.archunit.core.importer.JavaClassProcessor - Processing class 'java/util/spi/LocaleNameProvider'
10:41:47.822 [Test worker] DEBUG com.tngtech.archunit.core.importer.JavaClassProcessor - Processing class 'java/util/Locale$FilteringMode'
10:41:47.822 [Test worker] DEBUG com.tngtech.archunit.core.importer.JavaClassProcessor - Processing class 'java/util/MissingResourceException'
10:41:47.822 [Test worker] DEBUG com.tngtech.archunit.core.importer.JavaClassProcessor - Processing class 'java/util/Locale$Category'
10:41:47.823 [Test worker] DEBUG com.tngtech.archunit.core.importer.JavaClassProcessor - Processing class 'sun/util/locale/provider/LocaleResources'
10:41:47.825 [Test worker] DEBUG com.tngtech.archunit.core.importer.JavaClassProcessor - Processing class 'java/util/function/BiFunction'
10:41:47.826 [Test worker] DEBUG com.tngtech.archunit.core.importer.JavaClassProcessor - Processing class 'java/util/ImmutableCollections$AbstractImmutableMap'
10:41:47.827 [Test worker] DEBUG com.tngtech.archunit.core.importer.JavaClassProcessor - Processing class 'java/util/function/BiConsumer'
10:41:47.829 [Test worker] DEBUG com.tngtech.archunit.core.importer.JavaClassProcessor - Processing class 'java/util/KeyValueHolder'
10:41:47.829 [Test worker] DEBUG com.tngtech.archunit.core.importer.JavaClassProcessor - Processing class 'java/util/ImmutableCollections$AbstractImmutableSet'
10:41:47.831 [Test worker] DEBUG com.tngtech.archunit.core.importer.JavaClassProcessor - Processing class 'jdk/internal/access/JavaLangAccess'
10:41:47.831 [Test worker] DEBUG com.tngtech.archunit.core.importer.JavaClassProcessor - Processing class 'java/util/concurrent/ConcurrentHashMap$KeySetView'
10:41:47.831 [Test worker] DEBUG com.tngtech.archunit.core.importer.JavaClassProcessor - Processing class 'java/util/concurrent/ConcurrentHashMap$ValuesView'
10:41:47.831 [Test worker] DEBUG com.tngtech.archunit.core.importer.JavaClassProcessor - Processing class 'java/util/concurrent/ConcurrentHashMap$Node'
10:41:47.832 [Test worker] DEBUG com.tngtech.archunit.core.importer.JavaClassProcessor - Processing class 'jdk/internal/misc/Unsafe'
10:41:47.835 [Test worker] DEBUG com.tngtech.archunit.core.importer.JavaClassProcessor - Processing class 'java/util/concurrent/ConcurrentHashMap$CounterCell'
10:41:47.835 [Test worker] DEBUG com.tngtech.archunit.core.importer.JavaClassProcessor - Processing class 'java/util/concurrent/ConcurrentHashMap$EntrySetView'
10:41:47.836 [Test worker] DEBUG com.tngtech.archunit.core.importer.JavaClassProcessor - Processing class 'java/util/concurrent/ConcurrentHashMap$TreeBin'
10:41:47.837 [Test worker] DEBUG com.tngtech.archunit.core.importer.JavaClassProcessor - Processing class 'java/util/concurrent/ConcurrentHashMap$ReservationNode'
10:41:47.837 [Test worker] DEBUG com.tngtech.archunit.core.importer.JavaClassProcessor - Processing class 'java/util/Enumeration'
10:41:47.837 [Test worker] DEBUG com.tngtech.archunit.core.importer.JavaClassProcessor - Processing class 'java/util/function/ToLongBiFunction'
10:41:47.837 [Test worker] DEBUG com.tngtech.archunit.core.importer.JavaClassProcessor - Processing class 'java/util/function/ToDoubleBiFunction'
10:41:47.838 [Test worker] DEBUG com.tngtech.archunit.core.importer.JavaClassProcessor - Processing class 'java/util/concurrent/ConcurrentHashMap$ForwardingNode'
10:41:47.838 [Test worker] DEBUG com.tngtech.archunit.core.importer.JavaClassProcessor - Processing class 'java/lang/reflect/ParameterizedType'
10:41:47.839 [Test worker] DEBUG com.tngtech.archunit.core.importer.JavaClassProcessor - Processing class 'java/util/function/ToIntBiFunction'
10:41:47.840 [Test worker] DEBUG com.tngtech.archunit.core.importer.JavaClassProcessor - Processing class 'java/util/concurrent/locks/LockSupport'
10:41:47.840 [Test worker] DEBUG com.tngtech.archunit.core.importer.JavaClassProcessor - Processing class 'java/util/concurrent/ConcurrentHashMap$Segment'
10:41:47.845 [Test worker] DEBUG com.tngtech.archunit.core.importer.JavaClassProcessor - Processing class 'java/util/function/DoublePredicate'
10:41:47.845 [Test worker] DEBUG com.tngtech.archunit.core.importer.JavaClassProcessor - Processing class 'java/util/stream/DoubleStream$Builder'
10:41:47.845 [Test worker] DEBUG com.tngtech.archunit.core.importer.JavaClassProcessor - Processing class 'java/util/function/DoubleUnaryOperator'
10:41:47.845 [Test worker] DEBUG com.tngtech.archunit.core.importer.JavaClassProcessor - Processing class 'java/util/OptionalDouble'
10:41:47.846 [Test worker] DEBUG com.tngtech.archunit.core.importer.JavaClassProcessor - Processing class 'java/util/function/DoubleSupplier'
10:41:47.846 [Test worker] DEBUG com.tngtech.archunit.core.importer.JavaClassProcessor - Processing class 'java/util/function/DoubleToLongFunction'
10:41:47.846 [Test worker] DEBUG com.tngtech.archunit.core.importer.JavaClassProcessor - Processing class 'java/util/stream/DoubleStream$DoubleMapMultiConsumer'
10:41:47.846 [Test worker] DEBUG com.tngtech.archunit.core.importer.JavaClassProcessor - Processing class 'java/util/function/DoubleFunction'
10:41:47.846 [Test worker] DEBUG com.tngtech.archunit.core.importer.JavaClassProcessor - Processing class 'java/util/PrimitiveIterator$OfDouble'
10:41:47.847 [Test worker] DEBUG com.tngtech.archunit.core.importer.JavaClassProcessor - Processing class 'java/util/function/ObjDoubleConsumer'
10:41:47.847 [Test worker] DEBUG com.tngtech.archunit.core.importer.JavaClassProcessor - Processing class 'java/util/function/DoubleToIntFunction'
10:41:47.847 [Test worker] DEBUG com.tngtech.archunit.core.importer.JavaClassProcessor - Processing class 'java/util/function/IntPredicate'
10:41:47.847 [Test worker] DEBUG com.tngtech.archunit.core.importer.JavaClassProcessor - Processing class 'java/util/PrimitiveIterator$OfInt'
10:41:47.848 [Test worker] DEBUG com.tngtech.archunit.core.importer.JavaClassProcessor - Processing class 'java/util/stream/IntStream$Builder'
10:41:47.848 [Test worker] DEBUG com.tngtech.archunit.core.importer.JavaClassProcessor - Processing class 'java/util/function/ObjIntConsumer'
10:41:47.848 [Test worker] DEBUG com.tngtech.archunit.core.importer.JavaClassProcessor - Processing class 'java/util/OptionalInt'
10:41:47.848 [Test worker] DEBUG com.tngtech.archunit.core.importer.JavaClassProcessor - Processing class 'java/util/stream/IntStream$IntMapMultiConsumer'
10:41:47.848 [Test worker] DEBUG com.tngtech.archunit.core.importer.JavaClassProcessor - Processing class 'java/util/function/IntSupplier'
10:41:47.849 [Test worker] DEBUG com.tngtech.archunit.core.importer.JavaClassProcessor - Processing class 'java/util/OptionalLong'
10:41:47.849 [Test worker] DEBUG com.tngtech.archunit.core.importer.JavaClassProcessor - Processing class 'java/util/function/LongPredicate'
10:41:47.849 [Test worker] DEBUG com.tngtech.archunit.core.importer.JavaClassProcessor - Processing class 'java/util/function/LongFunction'
10:41:47.849 [Test worker] DEBUG com.tngtech.archunit.core.importer.JavaClassProcessor - Processing class 'java/util/function/LongToDoubleFunction'
10:41:47.849 [Test worker] DEBUG com.tngtech.archunit.core.importer.JavaClassProcessor - Processing class 'java/util/function/ObjLongConsumer'
10:41:47.849 [Test worker] DEBUG com.tngtech.archunit.core.importer.JavaClassProcessor - Processing class 'java/util/function/LongUnaryOperator'
10:41:47.849 [Test worker] DEBUG com.tngtech.archunit.core.importer.JavaClassProcessor - Processing class 'java/util/function/LongToIntFunction'
10:41:47.849 [Test worker] DEBUG com.tngtech.archunit.core.importer.JavaClassProcessor - Processing class 'java/util/stream/LongStream$Builder'
10:41:47.850 [Test worker] DEBUG com.tngtech.archunit.core.importer.JavaClassProcessor - Processing class 'java/util/function/LongSupplier'
10:41:47.850 [Test worker] DEBUG com.tngtech.archunit.core.importer.JavaClassProcessor - Processing class 'java/util/stream/LongStream$LongMapMultiConsumer'
10:41:47.850 [Test worker] DEBUG com.tngtech.archunit.core.importer.JavaClassProcessor - Processing class 'java/util/PrimitiveIterator$OfLong'
10:41:47.851 [Test worker] DEBUG com.tngtech.archunit.core.importer.JavaClassProcessor - Processing class 'java/util/stream/Stream$Builder'
10:41:47.854 [Test worker] DEBUG com.tngtech.archunit.core.importer.JavaClassProcessor - Processing class 'javax/persistence/Index'
10:41:47.855 [Test worker] DEBUG com.tngtech.archunit.core.importer.JavaClassProcessor - Processing class 'javax/persistence/UniqueConstraint'
10:41:47.855 [Test worker] DEBUG com.tngtech.archunit.core.importer.JavaClassProcessor - Processing class 'javax/security/auth/DestroyFailedException'
10:41:47.856 [Test worker] DEBUG com.tngtech.archunit.core.importer.JavaClassProcessor - Processing class 'javax/servlet/FilterConfig'
10:41:47.856 [Test worker] DEBUG com.tngtech.archunit.core.importer.JavaClassProcessor - Processing class 'java/util/EnumSet'
10:41:47.857 [Test worker] DEBUG com.tngtech.archunit.core.importer.JavaClassProcessor - Processing class 'javax/servlet/ServletConfig'
10:41:47.858 [Test worker] DEBUG com.tngtech.archunit.core.importer.JavaClassProcessor - Processing class 'javax/servlet/ServletSecurityElement'
10:41:47.858 [Test worker] DEBUG com.tngtech.archunit.core.importer.JavaClassProcessor - Processing class 'javax/servlet/MultipartConfigElement'
10:41:47.858 [Test worker] DEBUG com.tngtech.archunit.core.importer.JavaClassProcessor - Processing class 'java/io/BufferedReader'
10:41:47.859 [Test worker] DEBUG com.tngtech.archunit.core.importer.JavaClassProcessor - Processing class 'javax/servlet/ServletInputStream'
10:41:47.859 [Test worker] DEBUG com.tngtech.archunit.core.importer.JavaClassProcessor - Processing class 'javax/servlet/AsyncContext'
10:41:47.860 [Test worker] DEBUG com.tngtech.archunit.core.importer.JavaClassProcessor - Processing class 'javax/servlet/ServletContext'
10:41:47.861 [Test worker] DEBUG com.tngtech.archunit.core.importer.JavaClassProcessor - Processing class 'javax/servlet/RequestDispatcher'
10:41:47.862 [Test worker] DEBUG com.tngtech.archunit.core.importer.JavaClassProcessor - Processing class 'javax/servlet/ServletOutputStream'
10:41:47.862 [Test worker] DEBUG com.tngtech.archunit.core.importer.JavaClassProcessor - Processing class 'javax/servlet/http/PushBuilder'
10:41:47.863 [Test worker] DEBUG com.tngtech.archunit.core.importer.JavaClassProcessor - Processing class 'javax/servlet/http/HttpSession'
10:41:47.863 [Test worker] DEBUG com.tngtech.archunit.core.importer.JavaClassProcessor - Processing class 'javax/servlet/http/HttpServletMapping'
10:41:47.864 [Test worker] DEBUG com.tngtech.archunit.core.importer.JavaClassProcessor - Processing class 'javax/servlet/http/Cookie'
10:41:47.864 [Test worker] DEBUG com.tngtech.archunit.core.importer.JavaClassProcessor - Processing class 'java/security/Principal'
10:41:47.865 [Test worker] DEBUG com.tngtech.archunit.core.importer.JavaClassProcessor - Processing class 'javax/servlet/http/WebConnection'
10:41:47.865 [Test worker] DEBUG com.tngtech.archunit.core.importer.JavaClassProcessor - Processing class 'java/security/MessageDigest'
10:41:47.866 [Test worker] DEBUG com.tngtech.archunit.core.importer.JavaClassProcessor - Processing class 'java/io/RandomAccessFile'
10:41:47.866 [Test worker] DEBUG com.tngtech.archunit.core.importer.JavaClassProcessor - Processing class 'java/io/File'
10:41:47.867 [Test worker] DEBUG com.tngtech.archunit.core.importer.JavaClassProcessor - Processing class 'java/nio/file/Path'
10:41:47.867 [Test worker] DEBUG com.tngtech.archunit.core.importer.JavaClassProcessor - Processing class 'java/nio/file/OpenOption'
10:41:47.867 [Test worker] DEBUG com.tngtech.archunit.core.importer.JavaClassProcessor - Processing class 'java/nio/channels/FileChannel'
10:41:47.868 [Test worker] DEBUG com.tngtech.archunit.core.importer.JavaClassProcessor - Processing class 'org/aspectj/lang/JoinPoint$StaticPart'
10:41:47.869 [Test worker] DEBUG com.tngtech.archunit.core.importer.JavaClassProcessor - Processing class 'org/aspectj/lang/reflect/SourceLocation'
10:41:47.869 [Test worker] DEBUG com.tngtech.archunit.core.importer.JavaClassProcessor - Processing class 'org/aspectj/runtime/internal/AroundClosure'
10:41:47.869 [Test worker] DEBUG com.tngtech.archunit.core.importer.JavaClassProcessor - Processing class 'org/slf4j/Marker'
10:41:47.870 [Test worker] DEBUG com.tngtech.archunit.core.importer.JavaClassProcessor - Processing class 'org/slf4j/helpers/NOPLoggerFactory'
10:41:47.870 [Test worker] DEBUG com.tngtech.archunit.core.importer.JavaClassProcessor - Processing class 'org/slf4j/helpers/SubstituteLoggerFactory'
10:41:47.871 [Test worker] DEBUG com.tngtech.archunit.core.importer.JavaClassProcessor - Processing class 'org/slf4j/event/SubstituteLoggingEvent'
10:41:47.871 [Test worker] DEBUG com.tngtech.archunit.core.importer.JavaClassProcessor - Processing class 'org/slf4j/ILoggerFactory'
10:41:47.872 [Test worker] DEBUG com.tngtech.archunit.core.importer.JavaClassProcessor - Processing class 'org/aopalliance/aop/Advice'
10:41:47.872 [Test worker] DEBUG com.tngtech.archunit.core.importer.JavaClassProcessor - Processing class 'org/springframework/aop/ClassFilter'
10:41:47.873 [Test worker] DEBUG com.tngtech.archunit.core.importer.JavaClassProcessor - Processing class 'org/springframework/aop/Pointcut'
10:41:47.873 [Test worker] DEBUG com.tngtech.archunit.core.importer.JavaClassProcessor - Processing class 'org/springframework/beans/factory/ObjectProvider'
10:41:47.874 [Test worker] DEBUG com.tngtech.archunit.core.importer.JavaClassProcessor - Processing class 'org/springframework/beans/factory/NoSuchBeanDefinitionException'
10:41:47.874 [Test worker] DEBUG com.tngtech.archunit.core.importer.JavaClassProcessor - Processing class 'org/springframework/beans/BeansException'
10:41:47.875 [Test worker] DEBUG com.tngtech.archunit.core.importer.JavaClassProcessor - Processing class 'org/springframework/core/ResolvableType'
10:41:47.878 [Test worker] DEBUG com.tngtech.archunit.core.importer.JavaClassProcessor - Processing class 'org/springframework/beans/factory/config/BeanDefinition'
10:41:47.879 [Test worker] DEBUG com.tngtech.archunit.core.importer.JavaClassProcessor - Processing class 'org/springframework/beans/factory/support/BeanDefinitionRegistry'
10:41:47.879 [Test worker] DEBUG com.tngtech.archunit.core.importer.JavaClassProcessor - Processing class 'org/springframework/boot/BootstrapRegistry'
10:41:47.880 [Test worker] DEBUG com.tngtech.archunit.core.importer.JavaClassProcessor - Processing class 'org/springframework/boot/ApplicationContextFactory'
10:41:47.880 [Test worker] DEBUG com.tngtech.archunit.core.importer.JavaClassProcessor - Processing class 'org/springframework/boot/Banner$Mode'
10:41:47.880 [Test worker] DEBUG com.tngtech.archunit.core.importer.JavaClassProcessor - Processing class 'org/springframework/boot/Banner'
10:41:47.881 [Test worker] DEBUG com.tngtech.archunit.core.importer.JavaClassProcessor - Processing class 'org/springframework/boot/WebApplicationType'
10:41:47.882 [Test worker] DEBUG com.tngtech.archunit.core.importer.JavaClassProcessor - Processing class 'org/springframework/core/metrics/ApplicationStartup'
10:41:47.882 [Test worker] DEBUG com.tngtech.archunit.core.importer.JavaClassProcessor - Processing class 'org/springframework/boot/SpringApplicationShutdownHook'
10:41:47.884 [Test worker] DEBUG com.tngtech.archunit.core.importer.JavaClassProcessor - Processing class 'org/apache/commons/logging/Log'
10:41:47.884 [Test worker] DEBUG com.tngtech.archunit.core.importer.JavaClassProcessor - Processing class 'org/springframework/boot/SpringBootExceptionHandler'
10:41:47.885 [Test worker] DEBUG com.tngtech.archunit.core.importer.JavaClassProcessor - Processing class 'org/springframework/boot/BeanDefinitionLoader'
10:41:47.886 [Test worker] DEBUG com.tngtech.archunit.core.importer.JavaClassProcessor - Processing class 'org/springframework/boot/ExitCodeGenerator'
10:41:47.886 [Test worker] DEBUG com.tngtech.archunit.core.importer.JavaClassProcessor - Processing class 'org/springframework/boot/SpringApplicationRunListeners'
10:41:47.887 [Test worker] DEBUG com.tngtech.archunit.core.importer.JavaClassProcessor - Processing class 'org/springframework/boot/DefaultBootstrapContext'
10:41:47.887 [Test worker] DEBUG com.tngtech.archunit.core.importer.JavaClassProcessor - Processing class 'org/springframework/boot/ApplicationArguments'
10:41:47.888 [Test worker] DEBUG com.tngtech.archunit.core.importer.JavaClassProcessor - Processing class 'org/springframework/boot/SpringApplicationRunListener'
10:41:47.888 [Test worker] DEBUG com.tngtech.archunit.core.importer.JavaClassProcessor - Processing class 'org/springframework/beans/factory/support/AbstractAutowireCapableBeanFactory'
10:41:47.890 [Test worker] DEBUG com.tngtech.archunit.core.importer.JavaClassProcessor - Processing class 'org/springframework/beans/factory/support/DefaultListableBeanFactory'
10:41:47.891 [Test worker] DEBUG com.tngtech.archunit.core.importer.JavaClassProcessor - Processing class 'org/springframework/boot/ApplicationRunner'
10:41:47.892 [Test worker] DEBUG com.tngtech.archunit.core.importer.JavaClassProcessor - Processing class 'org/springframework/boot/CommandLineRunner'
10:41:47.893 [Test worker] DEBUG com.tngtech.archunit.core.importer.JavaClassProcessor - Processing class 'org/springframework/context/support/GenericApplicationContext'
10:41:47.893 [Test worker] DEBUG com.tngtech.archunit.core.importer.JavaClassProcessor - Processing class 'org/springframework/core/io/DefaultResourceLoader'
10:41:47.895 [Test worker] DEBUG com.tngtech.archunit.core.importer.JavaClassProcessor - Processing class 'org/springframework/boot/ApplicationReactiveWebEnvironment'
10:41:47.895 [Test worker] DEBUG com.tngtech.archunit.core.importer.JavaClassProcessor - Processing class 'org/springframework/boot/ApplicationServletEnvironment'
10:41:47.895 [Test worker] DEBUG com.tngtech.archunit.core.importer.JavaClassProcessor - Processing class 'org/springframework/boot/ApplicationEnvironment'
10:41:47.896 [Test worker] DEBUG com.tngtech.archunit.core.importer.JavaClassProcessor - Processing class 'org/springframework/context/support/AbstractApplicationContext'
10:41:47.897 [Test worker] DEBUG com.tngtech.archunit.core.importer.JavaClassProcessor - Processing class 'org/springframework/boot/SpringApplicationShutdownHandlers'
10:41:47.898 [Test worker] DEBUG com.tngtech.archunit.core.importer.JavaClassProcessor - Processing class 'org/springframework/boot/ExitCodeExceptionMapper'
10:41:47.899 [Test worker] DEBUG com.tngtech.archunit.core.importer.JavaClassProcessor - Processing class 'org/springframework/core/type/classreading/MetadataReader'
10:41:47.900 [Test worker] DEBUG com.tngtech.archunit.core.importer.JavaClassProcessor - Processing class 'org/springframework/core/type/classreading/MetadataReaderFactory'
10:41:47.900 [Test worker] DEBUG com.tngtech.archunit.core.importer.JavaClassProcessor - Processing class 'org/springframework/boot/autoconfigure/AutoConfigurationMetadata'
10:41:47.900 [Test worker] DEBUG com.tngtech.archunit.core.importer.JavaClassProcessor - Processing class 'org/springframework/boot/autoconfigure/AutoConfigurationImportEvent'
10:41:47.901 [Test worker] DEBUG com.tngtech.archunit.core.importer.JavaClassProcessor - Processing class 'org/springframework/boot/autoconfigure/AutoConfigurationImportSelector$AutoConfigurationEntry'
10:41:47.901 [Test worker] DEBUG com.tngtech.archunit.core.importer.JavaClassProcessor - Processing class 'org/springframework/beans/factory/config/ConfigurableListableBeanFactory'
10:41:47.901 [Test worker] DEBUG com.tngtech.archunit.core.importer.JavaClassProcessor - Processing class 'org/springframework/boot/autoconfigure/AutoConfigurationImportSelector$ConfigurationClassFilter'
10:41:47.902 [Test worker] DEBUG com.tngtech.archunit.core.importer.JavaClassProcessor - Processing class 'org/springframework/core/annotation/AnnotationAttributes'
10:41:47.903 [Test worker] DEBUG com.tngtech.archunit.core.importer.JavaClassProcessor - Processing class 'org/springframework/core/type/AnnotationMetadata'
10:41:47.903 [Test worker] DEBUG com.tngtech.archunit.core.importer.JavaClassProcessor - Processing class 'org/springframework/boot/autoconfigure/AutoConfigurationImportSelector$AutoConfigurationGroup'
10:41:47.904 [Test worker] DEBUG com.tngtech.archunit.core.importer.JavaClassProcessor - Processing class 'org/springframework/boot/autoconfigure/AutoConfigurationPackages$BasePackages'
10:41:47.905 [Test worker] DEBUG com.tngtech.archunit.core.importer.JavaClassProcessor - Processing class 'org/springframework/web/util/UriTemplateHandler'
10:41:47.906 [Test worker] DEBUG com.tngtech.archunit.core.importer.JavaClassProcessor - Processing class 'org/springframework/web/client/ResponseErrorHandler'
10:41:47.906 [Test worker] DEBUG com.tngtech.archunit.core.importer.JavaClassProcessor - Processing class 'org/springframework/boot/web/client/RestTemplateBuilder$RequestFactoryCustomizer'
10:41:47.906 [Test worker] DEBUG com.tngtech.archunit.core.importer.JavaClassProcessor - Processing class 'org/springframework/boot/web/client/BasicAuthentication'
10:41:47.909 [Test worker] DEBUG com.tngtech.archunit.core.importer.JavaClassProcessor - Processing class 'org/springframework/beans/factory/config/AutowireCapableBeanFactory'
10:41:47.912 [Test worker] DEBUG com.tngtech.archunit.core.importer.JavaClassProcessor - Processing class 'org/springframework/beans/factory/config/BeanFactoryPostProcessor'
10:41:47.912 [Test worker] DEBUG com.tngtech.archunit.core.importer.JavaClassProcessor - Processing class 'org/springframework/core/io/ProtocolResolver'
10:41:47.913 [Test worker] DEBUG com.tngtech.archunit.core.importer.JavaClassProcessor - Processing class 'org/springframework/context/NoSuchMessageException'
10:41:47.913 [Test worker] DEBUG com.tngtech.archunit.core.importer.JavaClassProcessor - Processing class 'org/springframework/context/MessageSourceResolvable'
10:41:47.914 [Test worker] DEBUG com.tngtech.archunit.core.importer.JavaClassProcessor - Processing class 'org/springframework/context/annotation/ScopeMetadata'
10:41:47.914 [Test worker] DEBUG com.tngtech.archunit.core.importer.JavaClassProcessor - Processing class 'org/springframework/beans/factory/annotation/AnnotatedBeanDefinition'
10:41:47.914 [Test worker] DEBUG com.tngtech.archunit.core.importer.JavaClassProcessor - Processing class 'org/springframework/context/annotation/Scope'
10:41:47.918 [Test worker] DEBUG com.tngtech.archunit.core.importer.JavaClassProcessor - Processing class 'org/springframework/core/env/MutablePropertySources'
10:41:47.919 [Test worker] DEBUG com.tngtech.archunit.core.importer.JavaClassProcessor - Processing class 'org/springframework/core/convert/support/ConfigurableConversionService'
10:41:47.919 [Test worker] DEBUG com.tngtech.archunit.core.importer.JavaClassProcessor - Processing class 'org/springframework/core/env/Profiles'
10:41:47.920 [Test worker] DEBUG com.tngtech.archunit.core.importer.JavaClassProcessor - Processing class 'org/springframework/core/env/MissingRequiredPropertiesException'
10:41:47.921 [Test worker] DEBUG com.tngtech.archunit.core.importer.JavaClassProcessor - Processing class 'org/springframework/core/io/Resource'
10:41:47.921 [Test worker] DEBUG com.tngtech.archunit.core.importer.JavaClassProcessor - Processing class 'org/springframework/data/domain/Example'
10:41:47.922 [Test worker] DEBUG com.tngtech.archunit.core.importer.JavaClassProcessor - Processing class 'org/springframework/data/domain/Sort'
10:41:47.923 [Test worker] DEBUG com.tngtech.archunit.core.importer.JavaClassProcessor - Processing class 'org/springframework/data/domain/Page'
10:41:47.924 [Test worker] DEBUG com.tngtech.archunit.core.importer.JavaClassProcessor - Processing class 'org/springframework/data/domain/Pageable'
10:41:47.925 [Test worker] DEBUG com.tngtech.archunit.core.importer.JavaClassProcessor - Processing class 'java/text/DecimalFormatSymbols'
10:41:47.926 [Test worker] DEBUG com.tngtech.archunit.core.importer.JavaClassProcessor - Processing class 'java/util/regex/Pattern'
10:41:47.928 [Test worker] DEBUG com.tngtech.archunit.core.importer.JavaClassProcessor - Processing class 'org/springframework/http/ReadOnlyHttpHeaders'
10:41:47.928 [Test worker] DEBUG com.tngtech.archunit.core.importer.JavaClassProcessor - Processing class 'java/net/InetSocketAddress'
10:41:47.929 [Test worker] DEBUG com.tngtech.archunit.core.importer.JavaClassProcessor - Processing class 'org/springframework/http/ContentDisposition'
10:41:47.929 [Test worker] DEBUG com.tngtech.archunit.core.importer.JavaClassProcessor - Processing class 'org/springframework/http/CacheControl'
10:41:47.931 [Test worker] DEBUG com.tngtech.archunit.core.importer.JavaClassProcessor - Processing class 'java/io/OutputStream'
10:41:47.932 [Test worker] DEBUG com.tngtech.archunit.core.importer.JavaClassProcessor - Processing class 'org/springframework/core/io/InputStreamResource'
10:41:47.933 [Test worker] DEBUG com.tngtech.archunit.core.importer.JavaClassProcessor - Processing class 'org/springframework/http/HttpStatus$Series'
10:41:47.934 [Test worker] DEBUG com.tngtech.archunit.core.importer.JavaClassProcessor - Processing class 'org/springframework/http/ResponseEntity$BodyBuilder'
10:41:47.934 [Test worker] DEBUG com.tngtech.archunit.core.importer.JavaClassProcessor - Processing class 'org/springframework/http/ResponseEntity$HeadersBuilder'
10:41:47.935 [Test worker] DEBUG com.tngtech.archunit.core.importer.JavaClassProcessor - Processing class 'org/springframework/http/ResponseEntity$1'
10:41:47.936 [Test worker] DEBUG com.tngtech.archunit.core.importer.JavaClassProcessor - Processing class 'org/springframework/http/client/ClientHttpResponse'
10:41:47.936 [Test worker] DEBUG com.tngtech.archunit.core.importer.JavaClassProcessor - Processing class 'org/springframework/http/client/ClientHttpRequestExecution'
10:41:47.937 [Test worker] DEBUG com.tngtech.archunit.core.importer.JavaClassProcessor - Processing class 'org/springframework/http/HttpInputMessage'
10:41:47.937 [Test worker] DEBUG com.tngtech.archunit.core.importer.JavaClassProcessor - Processing class 'org/springframework/http/converter/HttpMessageNotReadableException'
10:41:47.937 [Test worker] DEBUG com.tngtech.archunit.core.importer.JavaClassProcessor - Processing class 'org/springframework/http/converter/HttpMessageNotWritableException'
10:41:47.938 [Test worker] DEBUG com.tngtech.archunit.core.importer.JavaClassProcessor - Processing class 'org/springframework/retry/RetryContext'
10:41:47.938 [Test worker] DEBUG com.tngtech.archunit.core.importer.JavaClassProcessor - Processing class 'org/springframework/retry/RetryCallback'
10:41:47.939 [Test worker] DEBUG com.tngtech.archunit.core.importer.JavaClassProcessor - Processing class 'org/springframework/retry/annotation/AnnotationAwareRetryOperationsInterceptor'
10:41:47.941 [Test worker] DEBUG com.tngtech.archunit.core.importer.JavaClassProcessor - Processing class 'org/springframework/retry/backoff/Sleeper'
10:41:47.941 [Test worker] DEBUG com.tngtech.archunit.core.importer.JavaClassProcessor - Processing class 'org/springframework/retry/interceptor/MethodArgumentsKeyGenerator'
10:41:47.942 [Test worker] DEBUG com.tngtech.archunit.core.importer.JavaClassProcessor - Processing class 'org/springframework/retry/interceptor/NewMethodArgumentsIdentifier'
10:41:47.942 [Test worker] DEBUG com.tngtech.archunit.core.importer.JavaClassProcessor - Processing class 'org/springframework/retry/policy/RetryContextCache'
10:41:47.943 [Test worker] DEBUG com.tngtech.archunit.core.importer.JavaClassProcessor - Processing class 'org/springframework/retry/interceptor/Retryable'
10:41:47.943 [Test worker] DEBUG com.tngtech.archunit.core.importer.JavaClassProcessor - Processing class 'org/springframework/retry/annotation/Retryable'
10:41:47.944 [Test worker] DEBUG com.tngtech.archunit.core.importer.JavaClassProcessor - Processing class 'java/util/BitSet'
10:41:47.947 [Test worker] DEBUG com.tngtech.archunit.core.importer.JavaClassProcessor - Processing class 'org/springframework/http/RequestEntity'
10:41:47.948 [Test worker] DEBUG com.tngtech.archunit.core.importer.JavaClassProcessor - Processing class 'org/springframework/web/client/RestClientException'
10:41:47.949 [Test worker] DEBUG com.tngtech.archunit.core.importer.JavaClassProcessor - Processing class 'org/springframework/core/ParameterizedTypeReference'
10:41:47.949 [Test worker] DEBUG com.tngtech.archunit.core.importer.JavaClassProcessor - Processing class 'org/springframework/web/client/RequestCallback'
10:41:47.949 [Test worker] DEBUG com.tngtech.archunit.core.importer.JavaClassProcessor - Processing class 'org/springframework/web/client/ResponseExtractor'
10:41:47.951 [Test worker] DEBUG com.tngtech.archunit.core.importer.JavaClassProcessor - Processing class 'org/springframework/http/RequestEntity$UriTemplateRequestEntity'
10:41:47.952 [Test worker] DEBUG com.tngtech.archunit.core.importer.JavaClassProcessor - Processing class 'org/springframework/web/util/DefaultUriBuilderFactory'
10:41:47.953 [Test worker] DEBUG com.tngtech.archunit.core.importer.JavaClassProcessor - Processing class 'org/springframework/web/util/AbstractUriTemplateHandler'
10:41:47.954 [Test worker] DEBUG com.tngtech.archunit.core.importer.JavaClassProcessor - Processing class 'org/springframework/beans/BeanWrapper'
10:41:47.956 [Test worker] DEBUG com.tngtech.archunit.core.importer.JavaClassProcessor - Processing class 'sun/util/locale/LocaleSyntaxException'
10:41:47.956 [Test worker] DEBUG com.tngtech.archunit.core.importer.JavaClassProcessor - Processing class 'sun/util/locale/UnicodeLocaleExtension'
10:41:47.956 [Test worker] DEBUG com.tngtech.archunit.core.importer.JavaClassProcessor - Processing class 'sun/util/locale/LanguageTag'
10:41:48.235 [Test worker] DEBUG com.tngtech.archunit.core.importer.UrlSource$From - Found URLs on sun.boot.class.path: []
10:41:48.241 [Test worker] DEBUG com.tngtech.archunit.core.importer.UrlSource$From - Found URLs on java.class.path: [jar:file:/C:/Users/santiago.cardenas/.gradle/caches/7.6.1/workerMain/gradle-worker.jar!/, file:/C:/Users/santiago.cardenas/Desktop/TrafficAgent/TrafficAgent/build/classes/java/test/, file:/C:/Users/santiago.cardenas/Desktop/TrafficAgent/TrafficAgent/build/resources/test/, file:/C:/Users/santiago.cardenas/Desktop/TrafficAgent/TrafficAgent/build/classes/java/main/, file:/C:/Users/santiago.cardenas/Desktop/TrafficAgent/TrafficAgent/build/resources/main/, jar:file:/C:/Users/santiago.cardenas/.gradle/caches/modules-2/files-2.1/org.springframework.boot/spring-boot-starter-web/2.6.3/ceb6e909c144daf9e792069f5f0efd105c8712a/spring-boot-starter-web-2.6.3.jar!/, jar:file:/C:/Users/santiago.cardenas/.gradle/caches/modules-2/files-2.1/org.springframework.boot/spring-boot-starter-undertow/2.6.3/988095d74254727e400818c46de206242a427de5/spring-boot-starter-undertow-2.6.3.jar!/, jar:file:/C:/Users/santiago.cardenas/.gradle/caches/modules-2/files-2.1/org.springframework.boot/spring-boot-starter-data-jpa/2.6.3/74c60a724e4f81c7527b848ee24e91ba6facfe24/spring-boot-starter-data-jpa-2.6.3.jar!/, jar:file:/C:/Users/santiago.cardenas/.gradle/caches/modules-2/files-2.1/org.postgresql/postgresql/42.3.1/9ca7df660e875b91c78e3d1608d4d7469ad3470c/postgresql-42.3.1.jar!/, jar:file:/C:/Users/santiago.cardenas/.gradle/caches/modules-2/files-2.1/org.springframework.retry/spring-retry/2.0.0/6a7a653901b58eb741692417f33b5bebedbd01f7/spring-retry-2.0.0.jar!/, jar:file:/C:/Users/santiago.cardenas/.gradle/caches/modules-2/files-2.1/io.jsonwebtoken/jjwt/0.9.1/54d2abfc3e63a28824d35bf600d6a5d627da681a/jjwt-0.9.1.jar!/, jar:file:/C:/Users/santiago.cardenas/.gradle/caches/modules-2/files-2.1/com.auth0/java-jwt/4.2.1/904306772bb7d43750527f84d7b23589a1f9ab12/java-jwt-4.2.1.jar!/, jar:file:/C:/Users/santiago.cardenas/.gradle/caches/modules-2/files-2.1/commons-codec/commons-codec/1.15/49d94806b6e3dc933dacbd8acb0fdbab8ebd1e5d/commons-codec-1.15.jar!/, jar:file:/C:/Users/santiago.cardenas/.gradle/caches/modules-2/files-2.1/org.springframework.boot/spring-boot-starter-aop/2.6.3/338cbbfe2667aea23d95672093e05b5f54630c5a/spring-boot-starter-aop-2.6.3.jar!/, jar:file:/C:/Users/santiago.cardenas/.gradle/caches/modules-2/files-2.1/com.h2database/h2/2.1.214/d5c2005c9e3279201e12d4776c948578b16bf8b2/h2-2.1.214.jar!/, jar:file:/C:/Users/santiago.cardenas/.gradle/caches/modules-2/files-2.1/org.springframework.boot/spring-boot-starter-test/2.6.3/1ac659fc8c6d7285218b7ff79d67b87736f4ddf2/spring-boot-starter-test-2.6.3.jar!/, jar:file:/C:/Users/santiago.cardenas/.gradle/caches/modules-2/files-2.1/com.tngtech.archunit/archunit-junit5/1.0.0/d381ade9436d047877181fe50f508318e6a5a8/archunit-junit5-1.0.0.jar!/, jar:file:/C:/Users/santiago.cardenas/.gradle/caches/modules-2/files-2.1/org.springframework.boot/spring-boot-starter-json/2.6.3/b43885849bde2ad5d436c5acdd43b21730f9c676/spring-boot-starter-json-2.6.3.jar!/, jar:file:/C:/Users/santiago.cardenas/.gradle/caches/modules-2/files-2.1/org.springframework.boot/spring-boot-starter-jdbc/2.6.3/17871ef6920a3decad5f10181b2baf198ea2b787/spring-boot-starter-jdbc-2.6.3.jar!/, jar:file:/C:/Users/santiago.cardenas/.gradle/caches/modules-2/files-2.1/org.springframework.boot/spring-boot-starter/2.6.3/1211af6e300c0584e01c7a9a75e585ac0aec6ea6/spring-boot-starter-2.6.3.jar!/, jar:file:/C:/Users/santiago.cardenas/.gradle/caches/modules-2/files-2.1/org.springframework/spring-webmvc/5.3.15/28307dda4cb5fbeb6f7d7e7c846f464da0eba955/spring-webmvc-5.3.15.jar!/, jar:file:/C:/Users/santiago.cardenas/.gradle/caches/modules-2/files-2.1/org.springframework/spring-web/5.3.15/a228b373eff7fe34e868827ab02c91b8bf7a643e/spring-web-5.3.15.jar!/, jar:file:/C:/Users/santiago.cardenas/.gradle/caches/modules-2/files-2.1/io.undertow/undertow-websockets-jsr/2.2.14.Final/fffc3ffff1880fd695c22164d37bd16dc1dc4b7e/undertow-websockets-jsr-2.2.14.Final.jar!/, jar:file:/C:/Users/santiago.cardenas/.gradle/caches/modules-2/files-2.1/io.undertow/undertow-servlet/2.2.14.Final/8354ab1476d85dec5ee743a0f40b113cf29a55b8/undertow-servlet-2.2.14.Final.jar!/, jar:file:/C:/Users/santiago.cardenas/.gradle/caches/modules-2/files-2.1/io.undertow/undertow-core/2.2.14.Final/deb02123fba830230d1837a1e6b3731607196a41/undertow-core-2.2.14.Final.jar!/, jar:file:/C:/Users/santiago.cardenas/.gradle/caches/modules-2/files-2.1/jakarta.servlet/jakarta.servlet-api/4.0.4/b8a1142e04838fe54194049c6e7a18dae8f9b960/jakarta.servlet-api-4.0.4.jar!/, jar:file:/C:/Users/santiago.cardenas/.gradle/caches/modules-2/files-2.1/jakarta.websocket/jakarta.websocket-api/1.1.2/69c2fdfb75081cc935bc9d6c5616d12b0b73815f/jakarta.websocket-api-1.1.2.jar!/, jar:file:/C:/Users/santiago.cardenas/.gradle/caches/modules-2/files-2.1/org.apache.tomcat.embed/tomcat-embed-el/9.0.56/8e4f28f714693ad4e158e61f41371d4e4c6b4e23/tomcat-embed-el-9.0.56.jar!/, jar:file:/C:/Users/santiago.cardenas/.gradle/caches/modules-2/files-2.1/jakarta.transaction/jakarta.transaction-api/1.3.3/c4179d48720a1e87202115fbed6089bdc4195405/jakarta.transaction-api-1.3.3.jar!/, jar:file:/C:/Users/santiago.cardenas/.gradle/caches/modules-2/files-2.1/jakarta.persistence/jakarta.persistence-api/2.2.3/8f6ea5daedc614f07a3654a455660145286f024e/jakarta.persistence-api-2.2.3.jar!/, jar:file:/C:/Users/santiago.cardenas/.gradle/caches/modules-2/files-2.1/org.hibernate/hibernate-core/5.6.4.Final/a21d3a313d8fa4dbf2d05aa50ef3157a8081e83f/hibernate-core-5.6.4.Final.jar!/, jar:file:/C:/Users/santiago.cardenas/.gradle/caches/modules-2/files-2.1/org.springframework.data/spring-data-jpa/2.6.1/70eef23d3c1ba594749867edb9c89832da8f923c/spring-data-jpa-2.6.1.jar!/, jar:file:/C:/Users/santiago.cardenas/.gradle/caches/modules-2/files-2.1/org.springframework/spring-aspects/5.3.15/d1e42bac0f61ad50f633c13f8bcab905a66313af/spring-aspects-5.3.15.jar!/, jar:file:/C:/Users/santiago.cardenas/.gradle/caches/modules-2/files-2.1/org.checkerframework/checker-qual/3.5.0/2f50520c8abea66fbd8d26e481d3aef5c673b510/checker-qual-3.5.0.jar!/, jar:file:/C:/Users/santiago.cardenas/.gradle/caches/modules-2/files-2.1/com.fasterxml.jackson.datatype/jackson-datatype-jsr310/2.13.1/1ece5a87b59701328215e0083448b4d451857cbd/jackson-datatype-jsr310-2.13.1.jar!/, jar:file:/C:/Users/santiago.cardenas/.gradle/caches/modules-2/files-2.1/com.fasterxml.jackson.module/jackson-module-parameter-names/2.13.1/cbeec2259213c555ef451a2e05f35ed1dbfbf799/jackson-module-parameter-names-2.13.1.jar!/, jar:file:/C:/Users/santiago.cardenas/.gradle/caches/modules-2/files-2.1/com.fasterxml.jackson.core/jackson-annotations/2.13.1/1cbcbe4623113e6af92ccaa89884a345270f1a87/jackson-annotations-2.13.1.jar!/, jar:file:/C:/Users/santiago.cardenas/.gradle/caches/modules-2/files-2.1/com.fasterxml.jackson.core/jackson-core/2.13.1/51ae921a2ed1e06ca8876f12f32f265e83c0b2b8/jackson-core-2.13.1.jar!/, jar:file:/C:/Users/santiago.cardenas/.gradle/caches/modules-2/files-2.1/com.fasterxml.jackson.datatype/jackson-datatype-jdk8/2.13.1/8ecfa9bcd714269fdf22c33f9fd00d0643bd0e21/jackson-datatype-jdk8-2.13.1.jar!/, jar:file:/C:/Users/santiago.cardenas/.gradle/caches/modules-2/files-2.1/com.fasterxml.jackson.core/jackson-databind/2.13.1/698b2d2b15d9a1b7aae025f1d9f576842285e7f6/jackson-databind-2.13.1.jar!/, jar:file:/C:/Users/santiago.cardenas/.gradle/caches/modules-2/files-2.1/org.springframework.boot/spring-boot-test-autoconfigure/2.6.3/c903465682a6cd69adbc83feb8e8bfa26c51e6ae/spring-boot-test-autoconfigure-2.6.3.jar!/, jar:file:/C:/Users/santiago.cardenas/.gradle/caches/modules-2/files-2.1/org.springframework.boot/spring-boot-test/2.6.3/93b38ba8d4f027a7eda8c28dbe8f77b712de1142/spring-boot-test-2.6.3.jar!/, jar:file:/C:/Users/santiago.cardenas/.gradle/caches/modules-2/files-2.1/org.springframework.boot/spring-boot-autoconfigure/2.6.3/8bf96f63e9479b5a1c17d1fa05b149bb5ed050e2/spring-boot-autoconfigure-2.6.3.jar!/, jar:file:/C:/Users/santiago.cardenas/.gradle/caches/modules-2/files-2.1/org.springframework.boot/spring-boot/2.6.3/f1127e8a70ba7b9f12581e79ea963b739059bf55/spring-boot-2.6.3.jar!/, jar:file:/C:/Users/santiago.cardenas/.gradle/caches/modules-2/files-2.1/org.springframework/spring-context/5.3.15/80a12b7dcb3332fbd65c3649249fd35561ffc561/spring-context-5.3.15.jar!/, jar:file:/C:/Users/santiago.cardenas/.gradle/caches/modules-2/files-2.1/org.springframework/spring-aop/5.3.15/195966e1f4260f89696e668856ebfd9a1bc76404/spring-aop-5.3.15.jar!/, jar:file:/C:/Users/santiago.cardenas/.gradle/caches/modules-2/files-2.1/org.aspectj/aspectjweaver/1.9.7/158f5c255cd3e4408e795b79f7c3fbae9b53b7ca/aspectjweaver-1.9.7.jar!/, jar:file:/C:/Users/santiago.cardenas/.gradle/caches/modules-2/files-2.1/com.jayway.jsonpath/json-path/2.6.0/67f565b424f7903a12d4f5b9361b11462ecacdac/json-path-2.6.0.jar!/, jar:file:/C:/Users/santiago.cardenas/.gradle/caches/modules-2/files-2.1/org.glassfish.jaxb/jaxb-runtime/2.3.5/a169a961a2bb9ac69517ec1005e451becf5cdfab/jaxb-runtime-2.3.5.jar!/, jar:file:/C:/Users/santiago.cardenas/.gradle/caches/modules-2/files-2.1/jakarta.xml.bind/jakarta.xml.bind-api/2.3.3/48e3b9cfc10752fba3521d6511f4165bea951801/jakarta.xml.bind-api-2.3.3.jar!/, jar:file:/C:/Users/santiago.cardenas/.gradle/caches/modules-2/files-2.1/org.assertj/assertj-core/3.21.0/27a14d6d22c4e3d58f799fb2a5ca8eaf53e6942a/assertj-core-3.21.0.jar!/, jar:file:/C:/Users/santiago.cardenas/.gradle/caches/modules-2/files-2.1/org.hamcrest/hamcrest/2.2/1820c0968dba3a11a1b30669bb1f01978a91dedc/hamcrest-2.2.jar!/, jar:file:/C:/Users/santiago.cardenas/.gradle/caches/modules-2/files-2.1/org.mockito/mockito-junit-jupiter/4.0.0/b76de25bd6e5d8f7924d0536729c0076e37e9396/mockito-junit-jupiter-4.0.0.jar!/, jar:file:/C:/Users/santiago.cardenas/.gradle/caches/modules-2/files-2.1/org.junit.jupiter/junit-jupiter-params/5.8.2/ddeafe92fc263f895bfb73ffeca7fd56e23c2cce/junit-jupiter-params-5.8.2.jar!/, jar:file:/C:/Users/santiago.cardenas/.gradle/caches/modules-2/files-2.1/org.junit.jupiter/junit-jupiter-engine/5.8.2/c598b4328d2f397194d11df3b1648d68d7d990e3/junit-jupiter-engine-5.8.2.jar!/, jar:file:/C:/Users/santiago.cardenas/.gradle/caches/modules-2/files-2.1/org.junit.jupiter/junit-jupiter-api/5.8.2/4c21029217adf07e4c0d0c5e192b6bf610c94bdc/junit-jupiter-api-5.8.2.jar!/, jar:file:/C:/Users/santiago.cardenas/.gradle/caches/modules-2/files-2.1/com.tngtech.archunit/archunit-junit5-engine/1.0.0/c942ce334f410062298100f834a767f765ac7a8e/archunit-junit5-engine-1.0.0.jar!/, jar:file:/C:/Users/santiago.cardenas/.gradle/caches/modules-2/files-2.1/com.tngtech.archunit/archunit-junit5-engine-api/1.0.0/f2fcf7191e65bda73cb14b510e380d0c4e55c9c8/archunit-junit5-engine-api-1.0.0.jar!/, jar:file:/C:/Users/santiago.cardenas/.gradle/caches/modules-2/files-2.1/org.junit.platform/junit-platform-engine/1.8.2/b737de09f19864bd136805c84df7999a142fec29/junit-platform-engine-1.8.2.jar!/, jar:file:/C:/Users/santiago.cardenas/.gradle/caches/modules-2/files-2.1/org.junit.platform/junit-platform-commons/1.8.2/32c8b8617c1342376fd5af2053da6410d8866861/junit-platform-commons-1.8.2.jar!/, jar:file:/C:/Users/santiago.cardenas/.gradle/caches/modules-2/files-2.1/org.junit.jupiter/junit-jupiter/5.8.2/5a817b1e63f1217e5c586090c45e681281f097ad/junit-jupiter-5.8.2.jar!/, jar:file:/C:/Users/santiago.cardenas/.gradle/caches/modules-2/files-2.1/org.mockito/mockito-core/4.0.0/f5195e0c4a45716bbd2d1d29173adbd148acce3a/mockito-core-4.0.0.jar!/, jar:file:/C:/Users/santiago.cardenas/.gradle/caches/modules-2/files-2.1/org.skyscreamer/jsonassert/1.5.0/6c9d5fe2f59da598d9aefc1cfc6528ff3cf32df3/jsonassert-1.5.0.jar!/, jar:file:/C:/Users/santiago.cardenas/.gradle/caches/modules-2/files-2.1/org.springframework/spring-test/5.3.15/1efef59ebbf51bc072d08c5854b1d5cbb1c29b65/spring-test-5.3.15.jar!/, jar:file:/C:/Users/santiago.cardenas/.gradle/caches/modules-2/files-2.1/org.springframework/spring-orm/5.3.15/edddfcbf3bd2a3cc8b5316329f16dcf88cec33b5/spring-orm-5.3.15.jar!/, jar:file:/C:/Users/santiago.cardenas/.gradle/caches/modules-2/files-2.1/org.springframework/spring-jdbc/5.3.15/2c7883bb9a50e37f177cdc3e064e88325f97bd36/spring-jdbc-5.3.15.jar!/, jar:file:/C:/Users/santiago.cardenas/.gradle/caches/modules-2/files-2.1/org.springframework.data/spring-data-commons/2.6.1/ba24a3b88e26191b25031cefb8de458deed05551/spring-data-commons-2.6.1.jar!/, jar:file:/C:/Users/santiago.cardenas/.gradle/caches/modules-2/files-2.1/org.springframework/spring-tx/5.3.15/27b8c1f0a896dc2f7d1629556b06f55f2a07351d/spring-tx-5.3.15.jar!/, jar:file:/C:/Users/santiago.cardenas/.gradle/caches/modules-2/files-2.1/org.springframework/spring-beans/5.3.15/a88e2ccfe8b131bcff2e643b90d52f6d928e7369/spring-beans-5.3.15.jar!/, jar:file:/C:/Users/santiago.cardenas/.gradle/caches/modules-2/files-2.1/org.springframework/spring-expression/5.3.15/362f36bbc4c4b46cc2e4f219df22d08945000c2/spring-expression-5.3.15.jar!/, jar:file:/C:/Users/santiago.cardenas/.gradle/caches/modules-2/files-2.1/org.springframework/spring-core/5.3.15/e813c2311465672d3089fc7be8dbbadb04e64d6b/spring-core-5.3.15.jar!/, jar:file:/C:/Users/santiago.cardenas/.gradle/caches/modules-2/files-2.1/org.xmlunit/xmlunit-core/2.8.4/35be57989ca80eefa03161b211630e319a8f36c6/xmlunit-core-2.8.4.jar!/, jar:file:/C:/Users/santiago.cardenas/.gradle/caches/modules-2/files-2.1/com.tngtech.archunit/archunit-junit5-api/1.0.0/f537a0cb4156e374e436009cf7e8e07062929b32/archunit-junit5-api-1.0.0.jar!/, jar:file:/C:/Users/santiago.cardenas/.gradle/caches/modules-2/files-2.1/org.springframework.boot/spring-boot-starter-logging/2.6.3/86599127b1e69a6180014cbeed8297ba26e8c6aa/spring-boot-starter-logging-2.6.3.jar!/, jar:file:/C:/Users/santiago.cardenas/.gradle/caches/modules-2/files-2.1/jakarta.annotation/jakarta.annotation-api/1.3.5/59eb84ee0d616332ff44aba065f3888cf002cd2d/jakarta.annotation-api-1.3.5.jar!/, jar:file:/C:/Users/santiago.cardenas/.gradle/caches/modules-2/files-2.1/org.yaml/snakeyaml/1.29/6d0cdafb2010f1297e574656551d7145240f6e25/snakeyaml-1.29.jar!/, jar:file:/C:/Users/santiago.cardenas/.gradle/caches/modules-2/files-2.1/org.hibernate.common/hibernate-commons-annotations/5.1.2.Final/e59ffdbc6ad09eeb33507b39ffcf287679a498c8/hibernate-commons-annotations-5.1.2.Final.jar!/, jar:file:/C:/Users/santiago.cardenas/.gradle/caches/modules-2/files-2.1/org.jboss.xnio/xnio-nio/3.8.4.Final/109d7de9a4d995ed9f46e1409520ace346fe2fc4/xnio-nio-3.8.4.Final.jar!/, jar:file:/C:/Users/santiago.cardenas/.gradle/caches/modules-2/files-2.1/org.jboss.xnio/xnio-api/3.8.4.Final/8714f2bf19f6e5fa7e36e8516dcb4606ef152e4d/xnio-api-3.8.4.Final.jar!/, jar:file:/C:/Users/santiago.cardenas/.gradle/caches/modules-2/files-2.1/org.wildfly.client/wildfly-client-config/1.0.1.Final/2a803b23c40a0de0f03a90d1fd3755747bc05f4b/wildfly-client-config-1.0.1.Final.jar!/, jar:file:/C:/Users/santiago.cardenas/.gradle/caches/modules-2/files-2.1/org.jboss.threads/jboss-threads/3.1.0.Final/9b260c0302f637a84a52d3d118214a3c59217615/jboss-threads-3.1.0.Final.jar!/, jar:file:/C:/Users/santiago.cardenas/.gradle/caches/modules-2/files-2.1/org.jboss.logging/jboss-logging/3.4.3.Final/c4bd7e12a745c0e7f6cf98c45cdcdf482fd827ea/jboss-logging-3.4.3.Final.jar!/, jar:file:/C:/Users/santiago.cardenas/.gradle/caches/modules-2/files-2.1/com.zaxxer/HikariCP/4.0.3/107cbdf0db6780a065f895ae9d8fbf3bb0e1c21f/HikariCP-4.0.3.jar!/, jar:file:/C:/Users/santiago.cardenas/.gradle/caches/modules-2/files-2.1/net.bytebuddy/byte-buddy/1.11.22/8b4c7fa5562a09da1c2a9ab0873cb51f5034d83f/byte-buddy-1.11.22.jar!/, jar:file:/C:/Users/santiago.cardenas/.gradle/caches/modules-2/files-2.1/antlr/antlr/2.7.7/83cd2cd674a217ade95a4bb83a8a14f351f48bd0/antlr-2.7.7.jar!/, jar:file:/C:/Users/santiago.cardenas/.gradle/caches/modules-2/files-2.1/org.jboss/jandex/2.4.2.Final/1e1c385990b258ff1a24c801e84aebbacf70eb39/jandex-2.4.2.Final.jar!/, jar:file:/C:/Users/santiago.cardenas/.gradle/caches/modules-2/files-2.1/com.fasterxml/classmate/1.5.1/3fe0bed568c62df5e89f4f174c101eab25345b6c/classmate-1.5.1.jar!/, jar:file:/C:/Users/santiago.cardenas/.gradle/caches/modules-2/files-2.1/com.tngtech.archunit/archunit/1.0.0/27ab69819bc5bb588e9881144763b9a3b1ed15a2/archunit-1.0.0.jar!/, jar:file:/C:/Users/santiago.cardenas/.gradle/caches/modules-2/files-2.1/ch.qos.logback/logback-classic/1.2.10/f69d97ef3335c6ab82fc21dfb77ac613f90c1221/logback-classic-1.2.10.jar!/, jar:file:/C:/Users/santiago.cardenas/.gradle/caches/modules-2/files-2.1/org.apache.logging.log4j/log4j-to-slf4j/2.17.1/3619fd18278a1a895c1dca8c5be002768071a20e/log4j-to-slf4j-2.17.1.jar!/, jar:file:/C:/Users/santiago.cardenas/.gradle/caches/modules-2/files-2.1/org.slf4j/jul-to-slf4j/1.7.33/53fd89b530d41b8f6744c754de1c9b02e82f2d7/jul-to-slf4j-1.7.33.jar!/, jar:file:/C:/Users/santiago.cardenas/.gradle/caches/modules-2/files-2.1/org.slf4j/slf4j-api/1.7.33/d375aa1b98d34d5ddf73a3f19eaad66e98975b12/slf4j-api-1.7.33.jar!/, jar:file:/C:/Users/santiago.cardenas/.gradle/caches/modules-2/files-2.1/net.minidev/json-smart/2.4.7/8d7f4c1530c07c54930935f3da85f48b83b3c109/json-smart-2.4.7.jar!/, jar:file:/C:/Users/santiago.cardenas/.gradle/caches/modules-2/files-2.1/jakarta.activation/jakarta.activation-api/1.2.2/99f53adba383cb1bf7c3862844488574b559621f/jakarta.activation-api-1.2.2.jar!/, jar:file:/C:/Users/santiago.cardenas/.gradle/caches/modules-2/files-2.1/net.bytebuddy/byte-buddy-agent/1.11.22/2fbcf3210dfc09b42242e3b66a5281cc5b9adb80/byte-buddy-agent-1.11.22.jar!/, jar:file:/C:/Users/santiago.cardenas/.gradle/caches/modules-2/files-2.1/org.objenesis/objenesis/3.2/7fadf57620c8b8abdf7519533e5527367cb51f09/objenesis-3.2.jar!/, jar:file:/C:/Users/santiago.cardenas/.gradle/caches/modules-2/files-2.1/com.vaadin.external.google/android-json/0.0.20131108.vaadin1/fa26d351fe62a6a17f5cda1287c1c6110dec413f/android-json-0.0.20131108.vaadin1.jar!/, jar:file:/C:/Users/santiago.cardenas/.gradle/caches/modules-2/files-2.1/org.springframework/spring-jcl/5.3.15/88da960b4fcbd28621aea8b9911976adc06afce4/spring-jcl-5.3.15.jar!/, jar:file:/C:/Users/santiago.cardenas/.gradle/caches/modules-2/files-2.1/org.wildfly.common/wildfly-common/1.5.2.Final/8eba40cfe86bcfcc223551e75201e6e7574c7c36/wildfly-common-1.5.2.Final.jar!/, jar:file:/C:/Users/santiago.cardenas/.gradle/caches/modules-2/files-2.1/org.glassfish.jaxb/txw2/2.3.5/ec8930fa62e7b1758b1664d135f50c7abe86a4a3/txw2-2.3.5.jar!/, jar:file:/C:/Users/santiago.cardenas/.gradle/caches/modules-2/files-2.1/com.sun.istack/istack-commons-runtime/3.0.12/cbbe1a62b0cc6c85972e99d52aaee350153dc530/istack-commons-runtime-3.0.12.jar!/, jar:file:/C:/Users/santiago.cardenas/.gradle/caches/modules-2/files-2.1/com.sun.activation/jakarta.activation/1.2.2/74548703f9851017ce2f556066659438019e7eb5/jakarta.activation-1.2.2.jar!/, jar:file:/C:/Users/santiago.cardenas/.gradle/caches/modules-2/files-2.1/net.minidev/accessors-smart/2.4.7/3970cfc505e6657ca60f3aa57c849f6043000d7a/accessors-smart-2.4.7.jar!/, jar:file:/C:/Users/santiago.cardenas/.gradle/caches/modules-2/files-2.1/org.opentest4j/opentest4j/1.2.0/28c11eb91f9b6d8e200631d46e20a7f407f2a046/opentest4j-1.2.0.jar!/, jar:file:/C:/Users/santiago.cardenas/.gradle/caches/modules-2/files-2.1/ch.qos.logback/logback-core/1.2.10/5328406bfcae7bcdcc86810fcb2920d2c297170d/logback-core-1.2.10.jar!/, jar:file:/C:/Users/santiago.cardenas/.gradle/caches/modules-2/files-2.1/org.apache.logging.log4j/log4j-api/2.17.1/d771af8e336e372fb5399c99edabe0919aeaf5b2/log4j-api-2.17.1.jar!/, jar:file:/C:/Users/santiago.cardenas/.gradle/caches/modules-2/files-2.1/org.ow2.asm/asm/9.1/a99500cf6eea30535eeac6be73899d048f8d12a8/asm-9.1.jar!/]
10:41:48.275 [Test worker] DEBUG com.tngtech.archunit.core.importer.JavaClassProcessor - Processing class 'com/uco/TrafficAgent/infrastructure/error/ErrorHandler'
10:41:48.276 [Test worker] DEBUG com.tngtech.archunit.core.importer.JavaClassProcessor - Processing class 'com/uco/TrafficAgent/domain/service/token/ServiceGenerateToken'
10:41:48.276 [Test worker] DEBUG com.tngtech.archunit.core.importer.JavaClassProcessor - Processing class 'com/uco/TrafficAgent/infrastructure/repository/rol/adapter/entity/EntityRol'
10:41:48.278 [Test worker] DEBUG com.tngtech.archunit.core.importer.JavaClassProcessor - Processing class 'com/uco/TrafficAgent/domain/service/report/ServiceListAllReportByUser'
10:41:48.278 [Test worker] DEBUG com.tngtech.archunit.core.importer.JavaClassProcessor - Processing class 'com/uco/TrafficAgent/infrastructure/repository/report/adapter/repository/RepositoryReportDB'
10:41:48.278 [Test worker] DEBUG com.tngtech.archunit.core.importer.JavaClassProcessor - Processing class 'com/uco/TrafficAgent/domain/port/report/RepositoryReport'
10:41:48.279 [Test worker] DEBUG com.tngtech.archunit.core.importer.JavaClassProcessor - Processing class 'com/uco/TrafficAgent/domain/service/report/ServiceListAllReportByDate'
10:41:48.279 [Test worker] DEBUG com.tngtech.archunit.core.importer.JavaClassProcessor - Processing class 'com/uco/TrafficAgent/domain/service/user/ServiceSaveUser'
10:41:48.279 [Test worker] DEBUG com.tngtech.archunit.core.importer.JavaClassProcessor - Processing class 'com/uco/TrafficAgent/infrastructure/error/Error'
10:41:48.279 [Test worker] DEBUG com.tngtech.archunit.core.importer.JavaClassProcessor - Processing class 'com/uco/TrafficAgent/application/service/user/comand/ServiceApplicationDeleteUser'
10:41:48.280 [Test worker] DEBUG com.tngtech.archunit.core.importer.JavaClassProcessor - Processing class 'com/uco/TrafficAgent/domain/service/user/ServiceListAllUser'
10:41:48.280 [Test worker] DEBUG com.tngtech.archunit.core.importer.JavaClassProcessor - Processing class 'com/uco/TrafficAgent/infrastructure/repository/report/controller/ComandControllerReport'
10:41:48.280 [Test worker] DEBUG com.tngtech.archunit.core.importer.JavaClassProcessor - Processing class 'com/uco/TrafficAgent/application/service/DtoResponse'
10:41:48.281 [Test worker] DEBUG com.tngtech.archunit.core.importer.JavaClassProcessor - Processing class 'com/uco/TrafficAgent/application/service/login/dto/DtoLogin'
10:41:48.281 [Test worker] DEBUG com.tngtech.archunit.core.importer.JavaClassProcessor - Processing class 'com/uco/TrafficAgent/infrastructure/configuration/general/ConfigurationSecurity'
10:41:48.281 [Test worker] DEBUG com.tngtech.archunit.core.importer.JavaClassProcessor - Processing class 'com/uco/TrafficAgent/infrastructure/configuration/model/BeanServiceUser'
10:41:48.281 [Test worker] DEBUG com.tngtech.archunit.core.importer.JavaClassProcessor - Processing class 'com/uco/TrafficAgent/infrastructure/repository/user/adapter/entity/EntityUser'
10:41:48.281 [Test worker] DEBUG com.tngtech.archunit.core.importer.JavaClassProcessor - Processing class 'com/uco/TrafficAgent/application/encrypted/impl/ServiceEncryptedPasswordImpl'
10:41:48.281 [Test worker] DEBUG com.tngtech.archunit.core.importer.JavaClassProcessor - Processing class 'com/uco/TrafficAgent/infrastructure/aspect/LogExecutionTime'
10:41:48.281 [Test worker] DEBUG com.tngtech.archunit.core.importer.JavaClassProcessor - Processing class 'com/uco/TrafficAgent/infrastructure/aspect/service/AuthorizationService'
10:41:48.282 [Test worker] DEBUG com.tngtech.archunit.core.importer.JavaClassProcessor - Processing class 'com/uco/TrafficAgent/infrastructure/repository/type/adapter/repository/jpa/RepositoryTypeIdJpa'
10:41:48.282 [Test worker] DEBUG com.tngtech.archunit.core.importer.JavaClassProcessor - Processing class 'com/uco/TrafficAgent/application/mapper/contact/impl/MapperApplicationContactImpl'
10:41:48.282 [Test worker] DEBUG com.tngtech.archunit.core.importer.JavaClassProcessor - Processing class 'com/uco/TrafficAgent/infrastructure/mapper/MapperInfrastructureObject'
10:41:48.283 [Test worker] DEBUG com.tngtech.archunit.core.importer.JavaClassProcessor - Processing class 'com/uco/TrafficAgent/infrastructure/repository/type/adapter/entity/EntityTypeId'
10:41:48.283 [Test worker] DEBUG com.tngtech.archunit.core.importer.JavaClassProcessor - Processing class 'com/uco/TrafficAgent/infrastructure/repository/contact/adapter/repository/RepositoryContactDB'
10:41:48.283 [Test worker] DEBUG com.tngtech.archunit.core.importer.JavaClassProcessor - Processing class 'com/uco/TrafficAgent/infrastructure/repository/user/adapter/repository/jpa/RepositoryUserJpa'
10:41:48.284 [Test worker] DEBUG com.tngtech.archunit.core.importer.JavaClassProcessor - Processing class 'com/uco/TrafficAgent/application/service/report/comand/ServiceApplicationSaveReport'
10:41:48.284 [Test worker] DEBUG com.tngtech.archunit.core.importer.JavaClassProcessor - Processing class 'com/uco/TrafficAgent/domain/service/token/ServiceEncryptText'
10:41:48.284 [Test worker] DEBUG com.tngtech.archunit.core.importer.JavaClassProcessor - Processing class 'com/uco/TrafficAgent/application/service/login/ServiceApplicationLogin'
10:41:48.284 [Test worker] DEBUG com.tngtech.archunit.core.importer.JavaClassProcessor - Processing class 'com/uco/TrafficAgent/infrastructure/mapper/user/impl/MapperUserImpl'
10:41:48.285 [Test worker] DEBUG com.tngtech.archunit.core.importer.JavaClassProcessor - Processing class 'com/uco/TrafficAgent/infrastructure/service/token/ServiceGenerateTokenJWT'
10:41:48.285 [Test worker] DEBUG com.tngtech.archunit.core.importer.JavaClassProcessor - Processing class 'com/uco/TrafficAgent/infrastructure/aspect/exception/ExceptionUserUnauthorized'
10:41:48.285 [Test worker] DEBUG com.tngtech.archunit.core.importer.JavaClassProcessor - Processing class 'com/uco/TrafficAgent/infrastructure/repository/login/controller/ComandControllerLogin'
10:41:48.286 [Test worker] DEBUG com.tngtech.archunit.core.importer.JavaClassProcessor - Processing class 'com/uco/TrafficAgent/application/service/contact/comand/ServiceApplicationSaveContact'
10:41:48.286 [Test worker] DEBUG com.tngtech.archunit.core.importer.JavaClassProcessor - Processing class 'com/uco/TrafficAgent/domain/validator/ValidatorObjects'
10:41:48.286 [Test worker] DEBUG com.tngtech.archunit.core.importer.JavaClassProcessor - Processing class 'com/uco/TrafficAgent/application/service/report/comand/dto/DtoSaveReport'
10:41:48.286 [Test worker] DEBUG com.tngtech.archunit.core.importer.JavaClassProcessor - Processing class 'com/uco/TrafficAgent/infrastructure/aspect/SecuredAspect'
10:41:48.287 [Test worker] DEBUG com.tngtech.archunit.core.importer.JavaClassProcessor - Processing class 'com/uco/TrafficAgent/infrastructure/service/token/ServiceGetCurrentUserJwt'
10:41:48.287 [Test worker] DEBUG com.tngtech.archunit.core.importer.JavaClassProcessor - Processing class 'com/uco/TrafficAgent/infrastructure/repository/contact/controller/ComandControllerContact'
10:41:48.287 [Test worker] DEBUG com.tngtech.archunit.core.importer.JavaClassProcessor - Processing class 'com/uco/TrafficAgent/infrastructure/configuration/model/BeanServiceReport'
10:41:48.288 [Test worker] DEBUG com.tngtech.archunit.core.importer.JavaClassProcessor - Processing class 'com/uco/TrafficAgent/application/service/contact/consult/ServiceApplicationListAllByProximityContact'
10:41:48.288 [Test worker] DEBUG com.tngtech.archunit.core.importer.JavaClassProcessor - Processing class 'com/uco/TrafficAgent/application/service/user/comand/ServiceApplicationSaveUser'
10:41:48.288 [Test worker] DEBUG com.tngtech.archunit.core.importer.JavaClassProcessor - Processing class 'com/uco/TrafficAgent/infrastructure/repository/user/controller/ComandControllerUser'
10:41:48.289 [Test worker] DEBUG com.tngtech.archunit.core.importer.JavaClassProcessor - Processing class 'com/uco/TrafficAgent/infrastructure/repository/user/adapter/repository/RepositoryUserDB'
10:41:48.289 [Test worker] DEBUG com.tngtech.archunit.core.importer.JavaClassProcessor - Processing class 'com/uco/TrafficAgent/domain/model/User'
10:41:48.289 [Test worker] DEBUG com.tngtech.archunit.core.importer.JavaClassProcessor - Processing class 'com/uco/TrafficAgent/domain/model/Report'
10:41:48.289 [Test worker] DEBUG com.tngtech.archunit.core.importer.JavaClassProcessor - Processing class 'com/uco/TrafficAgent/infrastructure/repository/contact/controller/ConsultControllerContact'
10:41:48.291 [Test worker] DEBUG com.tngtech.archunit.core.importer.JavaClassProcessor - Processing class 'com/uco/TrafficAgent/domain/dto/DtoReportSummary'
10:41:48.291 [Test worker] DEBUG com.tngtech.archunit.core.importer.JavaClassProcessor - Processing class 'com/uco/TrafficAgent/application/mapper/MapperApplicationObject'
10:41:48.291 [Test worker] DEBUG com.tngtech.archunit.core.importer.JavaClassProcessor - Processing class 'com/uco/TrafficAgent/infrastructure/repository/contact/adapter/repository/jpa/RepositoryContactEmergencyJpa'
10:41:48.291 [Test worker] DEBUG com.tngtech.archunit.core.importer.JavaClassProcessor - Processing class 'com/uco/TrafficAgent/application/service/user/comand/dto/DtoSaveUser'
10:41:48.292 [Test worker] DEBUG com.tngtech.archunit.core.importer.JavaClassProcessor - Processing class 'com/uco/TrafficAgent/application/encrypted/ServiceEncryptedPassword'
10:41:48.292 [Test worker] DEBUG com.tngtech.archunit.core.importer.JavaClassProcessor - Processing class 'com/uco/TrafficAgent/infrastructure/repository/user/controller/ConsultControllerUser'
10:41:48.292 [Test worker] DEBUG com.tngtech.archunit.core.importer.JavaClassProcessor - Processing class 'com/uco/TrafficAgent/infrastructure/repository/report/adapter/entity/EntityReport'
10:41:48.292 [Test worker] DEBUG com.tngtech.archunit.core.importer.JavaClassProcessor - Processing class 'com/uco/TrafficAgent/application/service/report/consult/ServiceApplicationListAllReportByDate'
10:41:48.293 [Test worker] DEBUG com.tngtech.archunit.core.importer.JavaClassProcessor - Processing class 'com/uco/TrafficAgent/domain/service/token/ServiceGetCurrentUser'
10:41:48.293 [Test worker] DEBUG com.tngtech.archunit.core.importer.JavaClassProcessor - Processing class 'com/uco/TrafficAgent/domain/service/contact/ServiceSaveContact'
10:41:48.293 [Test worker] DEBUG com.tngtech.archunit.core.importer.JavaClassProcessor - Processing class 'com/uco/TrafficAgent/infrastructure/service/token/ServiceValidateToken'
10:41:48.293 [Test worker] DEBUG com.tngtech.archunit.core.importer.JavaClassProcessor - Processing class 'com/uco/TrafficAgent/infrastructure/configuration/general/ConfigurationRetry'
10:41:48.294 [Test worker] DEBUG com.tngtech.archunit.core.importer.JavaClassProcessor - Processing class 'com/uco/TrafficAgent/application/mapper/report/impl/MapperApplicationReportImpl'
10:41:48.294 [Test worker] DEBUG com.tngtech.archunit.core.importer.JavaClassProcessor - Processing class 'com/uco/TrafficAgent/infrastructure/aspect/Secured'
10:41:48.294 [Test worker] DEBUG com.tngtech.archunit.core.importer.JavaClassProcessor - Processing class 'com/uco/TrafficAgent/domain/dto/DtoContactSummary'
10:41:48.294 [Test worker] DEBUG com.tngtech.archunit.core.importer.JavaClassProcessor - Processing class 'com/uco/TrafficAgent/infrastructure/repository/report/controller/ConsultControllerReport'
10:41:48.294 [Test worker] DEBUG com.tngtech.archunit.core.importer.JavaClassProcessor - Processing class 'com/uco/TrafficAgent/domain/validator/ValidatorAttributes'
10:41:48.294 [Test worker] DEBUG com.tngtech.archunit.core.importer.JavaClassProcessor - Processing class 'com/uco/TrafficAgent/application/service/contact/comand/dto/DtoSaveContact'
10:41:48.295 [Test worker] DEBUG com.tngtech.archunit.core.importer.JavaClassProcessor - Processing class 'com/uco/TrafficAgent/domain/port/type/RepositoryTypeId'
10:41:48.295 [Test worker] DEBUG com.tngtech.archunit.core.importer.JavaClassProcessor - Processing class 'com/uco/TrafficAgent/domain/service/user/ServiceUpdateUser'
10:41:48.295 [Test worker] DEBUG com.tngtech.archunit.core.importer.JavaClassProcessor - Processing class 'com/uco/TrafficAgent/infrastructure/repository/report/adapter/repository/jpa/RepositoryReportJpa'
10:41:48.296 [Test worker] DEBUG com.tngtech.archunit.core.importer.JavaClassProcessor - Processing class 'com/uco/TrafficAgent/application/service/report/consult/ServiceApplicationListAllReportByUser'
10:41:48.296 [Test worker] DEBUG com.tngtech.archunit.core.importer.JavaClassProcessor - Processing class 'com/uco/TrafficAgent/application/service/user/comand/dto/DtoRolUser'
10:41:48.296 [Test worker] DEBUG com.tngtech.archunit.core.importer.JavaClassProcessor - Processing class 'com/uco/TrafficAgent/domain/service/report/ServiceSaveReport'
10:41:48.297 [Test worker] DEBUG com.tngtech.archunit.core.importer.JavaClassProcessor - Processing class 'com/uco/TrafficAgent/application/mapper/user/impl/MapperApplicationUserImpl'
10:41:48.297 [Test worker] DEBUG com.tngtech.archunit.core.importer.JavaClassProcessor - Processing class 'com/uco/TrafficAgent/domain/dto/DtoUserSummary'
10:41:48.297 [Test worker] DEBUG com.tngtech.archunit.core.importer.JavaClassProcessor - Processing class 'com/uco/TrafficAgent/infrastructure/repository/type/adapter/repository/RepositoryTypeIdDB'
10:41:48.298 [Test worker] DEBUG com.tngtech.archunit.core.importer.JavaClassProcessor - Processing class 'com/uco/TrafficAgent/application/service/user/consult/ServiceApplicationListAllUser'
10:41:48.298 [Test worker] DEBUG com.tngtech.archunit.core.importer.JavaClassProcessor - Processing class 'com/uco/TrafficAgent/domain/port/user/RepositoryUser'
10:41:48.299 [Test worker] DEBUG com.tngtech.archunit.core.importer.JavaClassProcessor - Processing class 'com/uco/TrafficAgent/infrastructure/filter/FilterAuth'
10:41:48.299 [Test worker] DEBUG com.tngtech.archunit.core.importer.JavaClassProcessor - Processing class 'com/uco/TrafficAgent/infrastructure/configuration/model/BeanServiceContact'
10:41:48.299 [Test worker] DEBUG com.tngtech.archunit.core.importer.JavaClassProcessor - Processing class 'com/uco/TrafficAgent/infrastructure/repository/contact/adapter/entity/EntityContactEmergency'
10:41:48.301 [Test worker] DEBUG com.tngtech.archunit.core.importer.JavaClassProcessor - Processing class 'com/uco/TrafficAgent/domain/model/Contact'
10:41:48.301 [Test worker] DEBUG com.tngtech.archunit.core.importer.JavaClassProcessor - Processing class 'com/uco/TrafficAgent/application/service/user/comand/ServiceApplicationUpdateUser'
10:41:48.301 [Test worker] DEBUG com.tngtech.archunit.core.importer.JavaClassProcessor - Processing class 'com/uco/TrafficAgent/TrafficAgentApplication'
10:41:48.302 [Test worker] DEBUG com.tngtech.archunit.core.importer.JavaClassProcessor - Processing class 'com/uco/TrafficAgent/application/service/user/comand/dto/DtoUpdateUser'
10:41:48.302 [Test worker] DEBUG com.tngtech.archunit.core.importer.JavaClassProcessor - Processing class 'com/uco/TrafficAgent/domain/model/TypeIdentification'
10:41:48.302 [Test worker] DEBUG com.tngtech.archunit.core.importer.JavaClassProcessor - Processing class 'com/uco/TrafficAgent/infrastructure/repository/contact/adapter/entity/EntityContact'
10:41:48.303 [Test worker] DEBUG com.tngtech.archunit.core.importer.JavaClassProcessor - Processing class 'com/uco/TrafficAgent/domain/model/RolUser'
10:41:48.303 [Test worker] DEBUG com.tngtech.archunit.core.importer.JavaClassProcessor - Processing class 'com/uco/TrafficAgent/domain/port/contact/RepositoryContact'
10:41:48.303 [Test worker] DEBUG com.tngtech.archunit.core.importer.JavaClassProcessor - Processing class 'com/uco/TrafficAgent/infrastructure/aspect/LogExecutionAspect'
10:41:48.304 [Test worker] DEBUG com.tngtech.archunit.core.importer.JavaClassProcessor - Processing class 'com/uco/TrafficAgent/infrastructure/service/token/ServiceValidateTokenJWT'
10:41:48.304 [Test worker] DEBUG com.tngtech.archunit.core.importer.JavaClassProcessor - Processing class 'com/uco/TrafficAgent/domain/dto/DtoCurrentUser'
10:41:48.304 [Test worker] DEBUG com.tngtech.archunit.core.importer.JavaClassProcessor - Processing class 'com/uco/TrafficAgent/infrastructure/repository/contact/adapter/repository/jpa/RepositoryContactJpa'
10:41:48.305 [Test worker] DEBUG com.tngtech.archunit.core.importer.JavaClassProcessor - Processing class 'com/uco/TrafficAgent/domain/service/contact/ServiceListsAllByProximityContact'
10:41:48.305 [Test worker] DEBUG com.tngtech.archunit.core.importer.JavaClassProcessor - Processing class 'com/uco/TrafficAgent/infrastructure/configuration/general/ConfigurationRestTemplate'
10:41:48.305 [Test worker] DEBUG com.tngtech.archunit.core.importer.JavaClassProcessor - Processing class 'com/uco/TrafficAgent/domain/service/user/ServiceDeleteUser'
10:41:48.306 [Test worker] DEBUG com.tngtech.archunit.core.importer.DependencyResolutionProcess - Automatically resolving transitive class dependencies with the following configuration:
import.dependencyResolutionProcess.maxIterationsForMemberTypes = 1
import.dependencyResolutionProcess.maxIterationsForAccessesToTypes = 1
import.dependencyResolutionProcess.maxIterationsForSupertypes = -1
import.dependencyResolutionProcess.maxIterationsForEnclosingTypes = -1
import.dependencyResolutionProcess.maxIterationsForAnnotationTypes = -1
import.dependencyResolutionProcess.maxIterationsForGenericSignatureTypes = -1
10:41:48.306 [Test worker] DEBUG com.tngtech.archunit.core.importer.JavaClassProcessor - Processing class 'io/jsonwebtoken/impl/TextCodec'
10:41:48.306 [Test worker] DEBUG com.tngtech.archunit.core.importer.JavaClassProcessor - Processing class 'org/springframework/data/repository/query/Param'
10:41:48.306 [Test worker] DEBUG com.tngtech.archunit.core.importer.JavaClassProcessor - Processing class 'java/util/Arrays'
10:41:48.308 [Test worker] DEBUG com.tngtech.archunit.core.importer.JavaClassProcessor - Processing class 'org/springframework/web/bind/annotation/RequestParam'
10:41:48.309 [Test worker] DEBUG com.tngtech.archunit.core.importer.JavaClassProcessor - Processing class 'java/lang/System'
10:41:48.309 [Test worker] DEBUG com.tngtech.archunit.core.importer.JavaClassProcessor - Processing class 'java/time/ZonedDateTime'
10:41:48.310 [Test worker] DEBUG com.tngtech.archunit.core.importer.JavaClassProcessor - Processing class 'org/springframework/beans/factory/annotation/Autowired'
10:41:48.310 [Test worker] DEBUG com.tngtech.archunit.core.importer.JavaClassProcessor - Processing class 'javax/crypto/spec/SecretKeySpec'
10:41:48.311 [Test worker] DEBUG com.tngtech.archunit.core.importer.JavaClassProcessor - Processing class 'java/lang/Record'
10:41:48.311 [Test worker] DEBUG com.tngtech.archunit.core.importer.JavaClassProcessor - Processing class 'java/lang/Integer'
10:41:48.312 [Test worker] DEBUG com.tngtech.archunit.core.importer.JavaClassProcessor - Processing class 'org/springframework/web/context/request/RequestContextHolder'
10:41:48.312 [Test worker] DEBUG com.tngtech.archunit.core.importer.JavaClassProcessor - Processing class 'java/lang/Long'
10:41:48.313 [Test worker] DEBUG com.tngtech.archunit.core.importer.JavaClassProcessor - Processing class 'io/jsonwebtoken/JwtBuilder'
10:41:48.313 [Test worker] DEBUG com.tngtech.archunit.core.importer.JavaClassProcessor - Processing class 'java/time/Duration'
10:41:48.314 [Test worker] DEBUG com.tngtech.archunit.core.importer.JavaClassProcessor - Processing class 'io/jsonwebtoken/SignatureAlgorithm'
10:41:48.314 [Test worker] DEBUG com.tngtech.archunit.core.importer.JavaClassProcessor - Processing class 'org/springframework/stereotype/Repository'
10:41:48.315 [Test worker] DEBUG com.tngtech.archunit.core.importer.JavaClassProcessor - Processing class 'com/auth0/jwt/interfaces/Claim'
10:41:48.315 [Test worker] DEBUG com.tngtech.archunit.core.importer.JavaClassProcessor - Processing class 'javax/persistence/Entity'
10:41:48.316 [Test worker] DEBUG com.tngtech.archunit.core.importer.JavaClassProcessor - Processing class 'org/springframework/web/bind/annotation/PostMapping'
10:41:48.316 [Test worker] DEBUG com.tngtech.archunit.core.importer.JavaClassProcessor - Processing class 'javax/persistence/ManyToOne'
10:41:48.316 [Test worker] DEBUG com.tngtech.archunit.core.importer.JavaClassProcessor - Processing class 'javax/persistence/CascadeType'
10:41:48.317 [Test worker] DEBUG com.tngtech.archunit.core.importer.JavaClassProcessor - Processing class 'org/springframework/web/bind/annotation/RestController'
10:41:48.317 [Test worker] DEBUG com.tngtech.archunit.core.importer.JavaClassProcessor - Processing class 'java/lang/String'
10:41:48.318 [Test worker] DEBUG com.tngtech.archunit.core.importer.JavaClassProcessor - Processing class 'java/lang/Exception'
10:41:48.318 [Test worker] DEBUG com.tngtech.archunit.core.importer.JavaClassProcessor - Processing class 'java/time/ZoneId'
10:41:48.319 [Test worker] DEBUG com.tngtech.archunit.core.importer.JavaClassProcessor - Processing class 'org/aspectj/lang/annotation/Around'
10:41:48.319 [Test worker] DEBUG com.tngtech.archunit.core.importer.JavaClassProcessor - Processing class 'java/util/stream/Stream'
10:41:48.320 [Test worker] DEBUG com.tngtech.archunit.core.importer.JavaClassProcessor - Processing class 'javax/persistence/GeneratedValue'
10:41:48.321 [Test worker] DEBUG com.tngtech.archunit.core.importer.JavaClassProcessor - Processing class 'java/lang/Throwable'
10:41:48.321 [Test worker] DEBUG com.tngtech.archunit.core.importer.JavaClassProcessor - Processing class 'com/auth0/jwt/JWT'
10:41:48.321 [Test worker] DEBUG com.tngtech.archunit.core.importer.JavaClassProcessor - Processing class 'org/springframework/data/jpa/repository/Query'
10:41:48.322 [Test worker] DEBUG com.tngtech.archunit.core.importer.JavaClassProcessor - Processing class 'com/auth0/jwt/interfaces/DecodedJWT'
10:41:48.322 [Test worker] DEBUG com.tngtech.archunit.core.importer.JavaClassProcessor - Processing class 'java/time/LocalDateTime'
10:41:48.322 [Test worker] DEBUG com.tngtech.archunit.core.importer.JavaClassProcessor - Processing class 'org/springframework/web/filter/OncePerRequestFilter'
10:41:48.323 [Test worker] DEBUG com.tngtech.archunit.core.importer.JavaClassProcessor - Processing class 'org/springframework/retry/annotation/EnableRetry'
10:41:48.323 [Test worker] DEBUG com.tngtech.archunit.core.importer.JavaClassProcessor - Processing class 'java/util/ArrayList'
10:41:48.324 [Test worker] DEBUG com.tngtech.archunit.core.importer.JavaClassProcessor - Processing class 'org/springframework/web/bind/annotation/RequestBody'
10:41:48.324 [Test worker] DEBUG com.tngtech.archunit.core.importer.JavaClassProcessor - Processing class 'javax/servlet/http/HttpServletRequest'
10:41:48.324 [Test worker] DEBUG com.tngtech.archunit.core.importer.JavaClassProcessor - Processing class 'javax/persistence/Table'
10:41:48.325 [Test worker] DEBUG com.tngtech.archunit.core.importer.JavaClassProcessor - Processing class 'org/springframework/web/bind/annotation/ExceptionHandler'
10:41:48.325 [Test worker] DEBUG com.tngtech.archunit.core.importer.JavaClassProcessor - Processing class 'org/springframework/web/bind/annotation/ControllerAdvice'
10:41:48.325 [Test worker] DEBUG com.tngtech.archunit.core.importer.JavaClassProcessor - Processing class 'org/springframework/boot/autoconfigure/SpringBootApplication'
10:41:48.326 [Test worker] DEBUG com.tngtech.archunit.core.importer.JavaClassProcessor - Processing class 'javax/persistence/OneToMany'
10:41:48.326 [Test worker] DEBUG com.tngtech.archunit.core.importer.JavaClassProcessor - Processing class 'java/lang/annotation/Target'
10:41:48.326 [Test worker] DEBUG com.tngtech.archunit.core.importer.JavaClassProcessor - Processing class 'java/io/IOException'
10:41:48.326 [Test worker] DEBUG com.tngtech.archunit.core.importer.JavaClassProcessor - Processing class 'java/lang/RuntimeException'
10:41:48.327 [Test worker] DEBUG com.tngtech.archunit.core.importer.JavaClassProcessor - Processing class 'org/springframework/boot/web/client/RestTemplateBuilder'
10:41:48.328 [Test worker] DEBUG com.tngtech.archunit.core.importer.JavaClassProcessor - Processing class 'org/springframework/http/HttpStatus'
10:41:48.328 [Test worker] DEBUG com.tngtech.archunit.core.importer.JavaClassProcessor - Processing class 'javax/persistence/FetchType'
10:41:48.329 [Test worker] DEBUG com.tngtech.archunit.core.importer.JavaClassProcessor - Processing class 'java/lang/IllegalStateException'
10:41:48.329 [Test worker] DEBUG com.tngtech.archunit.core.importer.JavaClassProcessor - Processing class 'org/springframework/web/bind/annotation/PathVariable'
10:41:48.329 [Test worker] DEBUG com.tngtech.archunit.core.importer.JavaClassProcessor - Processing class 'io/jsonwebtoken/impl/crypto/DefaultJwtSignatureValidator'
10:41:48.329 [Test worker] DEBUG com.tngtech.archunit.core.importer.JavaClassProcessor - Processing class 'javax/servlet/FilterChain'
10:41:48.329 [Test worker] DEBUG com.tngtech.archunit.core.importer.JavaClassProcessor - Processing class 'org/springframework/boot/web/servlet/FilterRegistrationBean'
10:41:48.331 [Test worker] DEBUG com.tngtech.archunit.core.importer.JavaClassProcessor - Processing class 'javax/servlet/ServletException'
10:41:48.331 [Test worker] DEBUG com.tngtech.archunit.core.importer.JavaClassProcessor - Processing class 'java/util/Date'
10:41:48.331 [Test worker] DEBUG com.tngtech.archunit.core.importer.JavaClassProcessor - Processing class 'org/slf4j/LoggerFactory'
10:41:48.332 [Test worker] DEBUG com.tngtech.archunit.core.importer.JavaClassProcessor - Processing class 'org/springframework/boot/SpringApplication'
10:41:48.333 [Test worker] DEBUG com.tngtech.archunit.core.importer.JavaClassProcessor - Processing class 'org/springframework/web/bind/annotation/PutMapping'
10:41:48.333 [Test worker] DEBUG com.tngtech.archunit.core.importer.JavaClassProcessor - Processing class 'org/aspectj/lang/annotation/Aspect'
10:41:48.334 [Test worker] DEBUG com.tngtech.archunit.core.importer.JavaClassProcessor - Processing class 'java/lang/reflect/Method'
10:41:48.334 [Test worker] DEBUG com.tngtech.archunit.core.importer.JavaClassProcessor - Processing class 'org/springframework/web/bind/annotation/DeleteMapping'
10:41:48.335 [Test worker] DEBUG com.tngtech.archunit.core.importer.JavaClassProcessor - Processing class 'org/springframework/web/client/RestTemplate'
10:41:48.336 [Test worker] DEBUG com.tngtech.archunit.core.importer.JavaClassProcessor - Processing class 'java/util/concurrent/ConcurrentHashMap'
10:41:48.337 [Test worker] DEBUG com.tngtech.archunit.core.importer.JavaClassProcessor - Processing class 'java/util/UUID'
10:41:48.337 [Test worker] DEBUG com.tngtech.archunit.core.importer.JavaClassProcessor - Processing class 'java/util/stream/Collectors'
10:41:48.338 [Test worker] DEBUG com.tngtech.archunit.core.importer.JavaClassProcessor - Processing class 'org/springframework/context/annotation/Configuration'
10:41:48.338 [Test worker] DEBUG com.tngtech.archunit.core.importer.JavaClassProcessor - Processing class 'javax/persistence/GenerationType'
10:41:48.339 [Test worker] DEBUG com.tngtech.archunit.core.importer.JavaClassProcessor - Processing class 'javax/persistence/Column'
10:41:48.339 [Test worker] DEBUG com.tngtech.archunit.core.importer.JavaClassProcessor - Processing class 'java/util/List'
10:41:48.339 [Test worker] DEBUG com.tngtech.archunit.core.importer.JavaClassProcessor - Processing class 'io/jsonwebtoken/Jwts'
10:41:48.340 [Test worker] DEBUG com.tngtech.archunit.core.importer.JavaClassProcessor - Processing class 'org/springframework/core/env/Environment'
10:41:48.340 [Test worker] DEBUG com.tngtech.archunit.core.importer.JavaClassProcessor - Processing class 'java/lang/annotation/Annotation'
10:41:48.340 [Test worker] DEBUG com.tngtech.archunit.core.importer.JavaClassProcessor - Processing class 'java/util/Optional'
10:41:48.340 [Test worker] DEBUG com.tngtech.archunit.core.importer.JavaClassProcessor - Processing class 'org/springframework/data/jpa/repository/JpaRepository'
10:41:48.341 [Test worker] DEBUG com.tngtech.archunit.core.importer.JavaClassProcessor - Processing class 'org/springframework/web/bind/annotation/RequestMapping'
10:41:48.341 [Test worker] DEBUG com.tngtech.archunit.core.importer.JavaClassProcessor - Processing class 'java/lang/annotation/Retention'
10:41:48.341 [Test worker] DEBUG com.tngtech.archunit.core.importer.JavaClassProcessor - Processing class 'org/springframework/web/bind/annotation/GetMapping'
10:41:48.341 [Test worker] DEBUG com.tngtech.archunit.core.importer.JavaClassProcessor - Processing class 'org/springframework/web/bind/annotation/ResponseStatus'
10:41:48.341 [Test worker] DEBUG com.tngtech.archunit.core.importer.JavaClassProcessor - Processing class 'org/aspectj/lang/JoinPoint'
10:41:48.342 [Test worker] DEBUG com.tngtech.archunit.core.importer.JavaClassProcessor - Processing class 'javax/persistence/Id'
10:41:48.342 [Test worker] DEBUG com.tngtech.archunit.core.importer.JavaClassProcessor - Processing class 'org/slf4j/Logger'
10:41:48.342 [Test worker] DEBUG com.tngtech.archunit.core.importer.JavaClassProcessor - Processing class 'java/util/Iterator'
10:41:48.343 [Test worker] DEBUG com.tngtech.archunit.core.importer.JavaClassProcessor - Processing class 'javax/persistence/JoinColumn'
10:41:48.343 [Test worker] DEBUG com.tngtech.archunit.core.importer.JavaClassProcessor - Processing class 'javax/servlet/http/HttpServletResponse'
10:41:48.343 [Test worker] DEBUG com.tngtech.archunit.core.importer.JavaClassProcessor - Processing class 'org/springframework/web/context/request/ServletRequestAttributes'
10:41:48.344 [Test worker] DEBUG com.tngtech.archunit.core.importer.JavaClassProcessor - Processing class 'java/lang/IllegalArgumentException'
10:41:48.344 [Test worker] DEBUG com.tngtech.archunit.core.importer.JavaClassProcessor - Processing class 'java/lang/annotation/ElementType'
10:41:48.345 [Test worker] DEBUG com.tngtech.archunit.core.importer.JavaClassProcessor - Processing class 'org/springframework/stereotype/Component'
10:41:48.345 [Test worker] DEBUG com.tngtech.archunit.core.importer.JavaClassProcessor - Processing class 'org/aspectj/lang/annotation/Before'
10:41:48.345 [Test worker] DEBUG com.tngtech.archunit.core.importer.JavaClassProcessor - Processing class 'java/lang/Object'
10:41:48.346 [Test worker] DEBUG com.tngtech.archunit.core.importer.JavaClassProcessor - Processing class 'java/lang/Class'
10:41:48.347 [Test worker] DEBUG com.tngtech.archunit.core.importer.JavaClassProcessor - Processing class 'org/springframework/http/ResponseEntity'
10:41:48.348 [Test worker] DEBUG com.tngtech.archunit.core.importer.JavaClassProcessor - Processing class 'org/aspectj/lang/reflect/MethodSignature'
10:41:48.348 [Test worker] DEBUG com.tngtech.archunit.core.importer.JavaClassProcessor - Processing class 'org/springframework/context/annotation/Bean'
10:41:48.348 [Test worker] DEBUG com.tngtech.archunit.core.importer.JavaClassProcessor - Processing class 'org/apache/commons/codec/digest/DigestUtils'
10:41:48.349 [Test worker] DEBUG com.tngtech.archunit.core.importer.JavaClassProcessor - Processing class 'java/util/Comparator'
10:41:48.349 [Test worker] DEBUG com.tngtech.archunit.core.importer.JavaClassProcessor - Processing class 'org/aspectj/lang/ProceedingJoinPoint'
10:41:48.349 [Test worker] DEBUG com.tngtech.archunit.core.importer.JavaClassProcessor - Processing class 'java/lang/annotation/RetentionPolicy'
10:41:48.349 [Test worker] DEBUG com.tngtech.archunit.core.importer.JavaClassProcessor - Processing class 'java/lang/annotation/Inherited'
10:41:48.349 [Test worker] DEBUG com.tngtech.archunit.core.importer.JavaClassProcessor - Processing class 'java/util/DoubleSummaryStatistics'
10:41:48.349 [Test worker] DEBUG com.tngtech.archunit.core.importer.JavaClassProcessor - Processing class 'java/util/function/DoubleConsumer'
10:41:48.349 [Test worker] DEBUG com.tngtech.archunit.core.importer.JavaClassProcessor - Processing class 'java/security/spec/KeySpec'
10:41:48.349 [Test worker] DEBUG com.tngtech.archunit.core.importer.JavaClassProcessor - Processing class 'javax/persistence/ConstraintMode'
10:41:48.350 [Test worker] DEBUG com.tngtech.archunit.core.importer.JavaClassProcessor - Processing class 'org/springframework/core/env/PropertyResolver'
10:41:48.350 [Test worker] DEBUG com.tngtech.archunit.core.importer.JavaClassProcessor - Processing class 'org/springframework/web/filter/GenericFilterBean'
10:41:48.352 [Test worker] DEBUG com.tngtech.archunit.core.importer.JavaClassProcessor - Processing class 'java/util/Map'
10:41:48.352 [Test worker] DEBUG com.tngtech.archunit.core.importer.JavaClassProcessor - Processing class 'java/lang/reflect/Executable'
10:41:48.352 [Test worker] DEBUG com.tngtech.archunit.core.importer.JavaClassProcessor - Processing class 'javax/servlet/Filter'
10:41:48.352 [Test worker] DEBUG com.tngtech.archunit.core.importer.JavaClassProcessor - Processing class 'jdk/internal/reflect/CallerSensitiveAdapter'
10:41:48.352 [Test worker] DEBUG com.tngtech.archunit.core.importer.JavaClassProcessor - Processing class 'java/lang/CharSequence'
10:41:48.352 [Test worker] DEBUG com.tngtech.archunit.core.importer.JavaClassProcessor - Processing class 'org/springframework/data/repository/PagingAndSortingRepository'
10:41:48.352 [Test worker] DEBUG com.tngtech.archunit.core.importer.JavaClassProcessor - Processing class 'java/time/chrono/ChronoLocalDateTime'
10:41:48.353 [Test worker] DEBUG com.tngtech.archunit.core.importer.JavaClassProcessor - Processing class 'java/util/Set'
10:41:48.353 [Test worker] DEBUG com.tngtech.archunit.core.importer.JavaClassProcessor - Processing class 'java/io/Serializable'
10:41:48.353 [Test worker] DEBUG com.tngtech.archunit.core.importer.JavaClassProcessor - Processing class 'org/springframework/http/client/ClientHttpRequestInterceptor'
10:41:48.353 [Test worker] DEBUG com.tngtech.archunit.core.importer.JavaClassProcessor - Processing class 'org/springframework/beans/factory/support/BeanNameGenerator'
10:41:48.353 [Test worker] DEBUG com.tngtech.archunit.core.importer.JavaClassProcessor - Processing class 'jdk/internal/ValueBased'
10:41:48.353 [Test worker] DEBUG com.tngtech.archunit.core.importer.JavaClassProcessor - Processing class 'javax/crypto/SecretKey'
10:41:48.354 [Test worker] DEBUG com.tngtech.archunit.core.importer.JavaClassProcessor - Processing class 'org/springframework/http/client/support/InterceptingHttpAccessor'
10:41:48.354 [Test worker] DEBUG com.tngtech.archunit.core.importer.JavaClassProcessor - Processing class 'java/lang/reflect/AnnotatedElement'
10:41:48.354 [Test worker] DEBUG com.tngtech.archunit.core.importer.JavaClassProcessor - Processing class 'java/lang/Double'
10:41:48.355 [Test worker] DEBUG com.tngtech.archunit.core.importer.JavaClassProcessor - Processing class 'org/springframework/http/client/ClientHttpRequestFactory'
10:41:48.355 [Test worker] DEBUG com.tngtech.archunit.core.importer.JavaClassProcessor - Processing class 'org/springframework/boot/web/client/RestTemplateCustomizer'
10:41:48.355 [Test worker] DEBUG com.tngtech.archunit.core.importer.JavaClassProcessor - Processing class 'java/lang/invoke/TypeDescriptor$OfField'
10:41:48.355 [Test worker] DEBUG com.tngtech.archunit.core.importer.JavaClassProcessor - Processing class 'org/springframework/boot/context/TypeExcludeFilter'
10:41:48.357 [Test worker] DEBUG com.tngtech.archunit.core.importer.JavaClassProcessor - Processing class 'org/springframework/boot/web/servlet/AbstractFilterRegistrationBean'
10:41:48.357 [Test worker] DEBUG com.tngtech.archunit.core.importer.JavaClassProcessor - Processing class 'org/springframework/data/repository/NoRepositoryBean'
10:41:48.357 [Test worker] DEBUG com.tngtech.archunit.core.importer.JavaClassProcessor - Processing class 'java/util/RandomAccess'
10:41:48.357 [Test worker] DEBUG com.tngtech.archunit.core.importer.JavaClassProcessor - Processing class 'org/springframework/boot/BootstrapRegistryInitializer'
10:41:48.357 [Test worker] DEBUG com.tngtech.archunit.core.importer.JavaClassProcessor - Processing class 'java/time/temporal/TemporalAmount'
10:41:48.358 [Test worker] DEBUG com.tngtech.archunit.core.importer.JavaClassProcessor - Processing class 'org/springframework/lang/Nullable'
10:41:48.358 [Test worker] DEBUG com.tngtech.archunit.core.importer.JavaClassProcessor - Processing class 'org/springframework/stereotype/Indexed'
10:41:48.358 [Test worker] DEBUG com.tngtech.archunit.core.importer.JavaClassProcessor - Processing class 'java/lang/Number'
10:41:48.358 [Test worker] DEBUG com.tngtech.archunit.core.importer.JavaClassProcessor - Processing class 'java/lang/SafeVarargs'
10:41:48.358 [Test worker] DEBUG com.tngtech.archunit.core.importer.JavaClassProcessor - Processing class 'java/util/Map$Entry'
10:41:48.358 [Test worker] DEBUG com.tngtech.archunit.core.importer.JavaClassProcessor - Processing class 'jdk/internal/vm/annotation/IntrinsicCandidate'
10:41:48.358 [Test worker] DEBUG com.tngtech.archunit.core.importer.JavaClassProcessor - Processing class 'java/util/stream/LongStream'
10:41:48.359 [Test worker] DEBUG com.tngtech.archunit.core.importer.JavaClassProcessor - Processing class 'org/springframework/boot/autoconfigure/EnableAutoConfiguration'
10:41:48.359 [Test worker] DEBUG com.tngtech.archunit.core.importer.JavaClassProcessor - Processing class 'java/lang/Deprecated'
10:41:48.359 [Test worker] DEBUG com.tngtech.archunit.core.importer.JavaClassProcessor - Processing class 'org/springframework/http/HttpMethod'
10:41:48.359 [Test worker] DEBUG com.tngtech.archunit.core.importer.JavaClassProcessor - Processing class 'org/springframework/context/annotation/Import'
10:41:48.359 [Test worker] DEBUG com.tngtech.archunit.core.importer.JavaClassProcessor - Processing class 'javax/persistence/JoinColumns'
10:41:48.359 [Test worker] DEBUG com.tngtech.archunit.core.importer.JavaClassProcessor - Processing class 'org/springframework/web/client/RestOperations'
10:41:48.361 [Test worker] DEBUG com.tngtech.archunit.core.importer.JavaClassProcessor - Processing class 'java/lang/reflect/Field'
10:41:48.362 [Test worker] DEBUG com.tngtech.archunit.core.importer.JavaClassProcessor - Processing class 'com/auth0/jwt/interfaces/Header'
10:41:48.362 [Test worker] DEBUG com.tngtech.archunit.core.importer.JavaClassProcessor - Processing class 'org/springframework/context/annotation/ComponentScan'
10:41:48.362 [Test worker] DEBUG com.tngtech.archunit.core.importer.JavaClassProcessor - Processing class 'java/util/stream/Collector$Characteristics'
10:41:48.362 [Test worker] DEBUG com.tngtech.archunit.core.importer.JavaClassProcessor - Processing class 'java/lang/constant/Constable'
10:41:48.363 [Test worker] DEBUG com.tngtech.archunit.core.importer.JavaClassProcessor - Processing class 'java/time/chrono/ChronoZonedDateTime'
10:41:48.363 [Test worker] DEBUG com.tngtech.archunit.core.importer.JavaClassProcessor - Processing class 'org/springframework/boot/SpringBootConfiguration'
10:41:48.363 [Test worker] DEBUG com.tngtech.archunit.core.importer.JavaClassProcessor - Processing class 'java/lang/Comparable'
10:41:48.363 [Test worker] DEBUG com.tngtech.archunit.core.importer.JavaClassProcessor - Processing class 'java/time/temporal/TemporalAdjuster'
10:41:48.363 [Test worker] DEBUG com.tngtech.archunit.core.importer.JavaClassProcessor - Processing class 'java/net/URL'
10:41:48.364 [Test worker] DEBUG com.tngtech.archunit.core.importer.JavaClassProcessor - Processing class 'java/util/function/IntConsumer'
10:41:48.364 [Test worker] DEBUG com.tngtech.archunit.core.importer.JavaClassProcessor - Processing class 'java/util/AbstractList'
10:41:48.364 [Test worker] DEBUG com.tngtech.archunit.core.importer.JavaClassProcessor - Processing class 'org/springframework/data/annotation/QueryAnnotation'
10:41:48.365 [Test worker] DEBUG com.tngtech.archunit.core.importer.JavaClassProcessor - Processing class 'org/springframework/context/annotation/ComponentScan$Filter'
10:41:48.365 [Test worker] DEBUG com.tngtech.archunit.core.importer.JavaClassProcessor - Processing class 'java/lang/Enum'
10:41:48.365 [Test worker] DEBUG com.tngtech.archunit.core.importer.JavaClassProcessor - Processing class 'io/jsonwebtoken/impl/crypto/JwtSignatureValidator'
10:41:48.366 [Test worker] DEBUG com.tngtech.archunit.core.importer.JavaClassProcessor - Processing class 'org/springframework/web/context/request/RequestAttributes'
10:41:48.366 [Test worker] DEBUG com.tngtech.archunit.core.importer.JavaClassProcessor - Processing class 'java/lang/annotation/Documented'
10:41:48.366 [Test worker] DEBUG com.tngtech.archunit.core.importer.JavaClassProcessor - Processing class 'org/springframework/boot/web/client/RestTemplateRequestCustomizer'
10:41:48.366 [Test worker] DEBUG com.tngtech.archunit.core.importer.JavaClassProcessor - Processing class 'java/lang/Cloneable'
10:41:48.366 [Test worker] DEBUG com.tngtech.archunit.core.importer.JavaClassProcessor - Processing class 'jdk/internal/vm/annotation/ForceInline'
10:41:48.367 [Test worker] DEBUG com.tngtech.archunit.core.importer.JavaClassProcessor - Processing class 'org/springframework/http/HttpHeaders'
10:41:48.368 [Test worker] DEBUG com.tngtech.archunit.core.importer.JavaClassProcessor - Processing class 'javax/persistence/ForeignKey'
10:41:48.368 [Test worker] DEBUG com.tngtech.archunit.core.importer.JavaClassProcessor - Processing class 'java/util/Collection'
10:41:48.368 [Test worker] DEBUG com.tngtech.archunit.core.importer.JavaClassProcessor - Processing class 'org/springframework/web/bind/annotation/RequestMethod'
10:41:48.369 [Test worker] DEBUG com.tngtech.archunit.core.importer.JavaClassProcessor - Processing class 'org/springframework/context/ApplicationListener'
10:41:48.369 [Test worker] DEBUG com.tngtech.archunit.core.importer.JavaClassProcessor - Processing class 'org/springframework/beans/factory/annotation/Autowire'
10:41:48.369 [Test worker] DEBUG com.tngtech.archunit.core.importer.JavaClassProcessor - Processing class 'java/util/stream/DoubleStream'
10:41:48.369 [Test worker] DEBUG com.tngtech.archunit.core.importer.JavaClassProcessor - Processing class 'org/springframework/http/HttpEntity'
10:41:48.369 [Test worker] DEBUG com.tngtech.archunit.core.importer.JavaClassProcessor - Processing class 'java/lang/Class$ReflectionData'
10:41:48.371 [Test worker] DEBUG com.tngtech.archunit.core.importer.JavaClassProcessor - Processing class 'javax/servlet/ServletResponse'
10:41:48.371 [Test worker] DEBUG com.tngtech.archunit.core.importer.JavaClassProcessor - Processing class 'java/lang/reflect/Type'
10:41:48.371 [Test worker] DEBUG com.tngtech.archunit.core.importer.JavaClassProcessor - Processing class 'jdk/internal/reflect/CallerSensitive'
10:41:48.371 [Test worker] DEBUG com.tngtech.archunit.core.importer.JavaClassProcessor - Processing class 'org/springframework/http/converter/HttpMessageConverter'
10:41:48.371 [Test worker] DEBUG com.tngtech.archunit.core.importer.JavaClassProcessor - Processing class 'java/time/LocalDate'
10:41:48.372 [Test worker] DEBUG com.tngtech.archunit.core.importer.JavaClassProcessor - Processing class 'org/springframework/boot/SpringBootExceptionReporter'
10:41:48.372 [Test worker] DEBUG com.tngtech.archunit.core.importer.JavaClassProcessor - Processing class 'java/time/temporal/Temporal'
10:41:48.372 [Test worker] DEBUG com.tngtech.archunit.core.importer.JavaClassProcessor - Processing class 'java/util/stream/IntStream'
10:41:48.373 [Test worker] DEBUG com.tngtech.archunit.core.importer.JavaClassProcessor - Processing class 'org/springframework/context/annotation/EnableAspectJAutoProxy'
10:41:48.373 [Test worker] DEBUG com.tngtech.archunit.core.importer.JavaClassProcessor - Processing class 'java/time/temporal/TemporalUnit'
10:41:48.373 [Test worker] DEBUG com.tngtech.archunit.core.importer.JavaClassProcessor - Processing class 'org/springframework/boot/autoconfigure/AutoConfigurationExcludeFilter'
10:41:48.373 [Test worker] DEBUG com.tngtech.archunit.core.importer.JavaClassProcessor - Processing class 'org/springframework/stereotype/Controller'
10:41:48.373 [Test worker] DEBUG com.tngtech.archunit.core.importer.JavaClassProcessor - Processing class 'org/springframework/web/context/request/AbstractRequestAttributes'
10:41:48.374 [Test worker] DEBUG com.tngtech.archunit.core.importer.JavaClassProcessor - Processing class 'org/springframework/retry/annotation/RetryConfiguration'
10:41:48.374 [Test worker] DEBUG com.tngtech.archunit.core.importer.JavaClassProcessor - Processing class 'java/util/concurrent/ConcurrentMap'
10:41:48.374 [Test worker] DEBUG com.tngtech.archunit.core.importer.JavaClassProcessor - Processing class 'javax/servlet/http/HttpUpgradeHandler'
10:41:48.374 [Test worker] DEBUG com.tngtech.archunit.core.importer.JavaClassProcessor - Processing class 'java/lang/FunctionalInterface'
10:41:48.374 [Test worker] DEBUG com.tngtech.archunit.core.importer.JavaClassProcessor - Processing class 'java/lang/constant/ConstantDesc'
10:41:48.374 [Test worker] DEBUG com.tngtech.archunit.core.importer.JavaClassProcessor - Processing class 'java/lang/annotation/Repeatable'
10:41:48.374 [Test worker] DEBUG com.tngtech.archunit.core.importer.JavaClassProcessor - Processing class 'java/lang/Boolean'
10:41:48.375 [Test worker] DEBUG com.tngtech.archunit.core.importer.JavaClassProcessor - Processing class 'org/aspectj/lang/reflect/CodeSignature'
10:41:48.375 [Test worker] DEBUG com.tngtech.archunit.core.importer.JavaClassProcessor - Processing class 'org/springframework/context/annotation/FilterType'
10:41:48.375 [Test worker] DEBUG com.tngtech.archunit.core.importer.JavaClassProcessor - Processing class 'java/util/LongSummaryStatistics'
10:41:48.375 [Test worker] DEBUG com.tngtech.archunit.core.importer.JavaClassProcessor - Processing class 'java/lang/reflect/GenericDeclaration'
10:41:48.375 [Test worker] DEBUG com.tngtech.archunit.core.importer.JavaClassProcessor - Processing class 'org/springframework/core/annotation/AliasFor'
10:41:48.376 [Test worker] DEBUG com.tngtech.archunit.core.importer.JavaClassProcessor - Processing class 'javax/servlet/ServletRequest'
10:41:48.376 [Test worker] DEBUG com.tngtech.archunit.core.importer.JavaClassProcessor - Processing class 'jdk/internal/vm/annotation/Stable'
10:41:48.376 [Test worker] DEBUG com.tngtech.archunit.core.importer.JavaClassProcessor - Processing class 'org/springframework/core/env/StandardEnvironment'
10:41:48.376 [Test worker] DEBUG com.tngtech.archunit.core.importer.JavaClassProcessor - Processing class 'org/springframework/web/bind/annotation/ResponseBody'
10:41:48.376 [Test worker] DEBUG com.tngtech.archunit.core.importer.JavaClassProcessor - Processing class 'java/util/function/LongConsumer'
10:41:48.377 [Test worker] DEBUG com.tngtech.archunit.core.importer.JavaClassProcessor - Processing class 'java/util/function/Consumer'
10:41:48.377 [Test worker] DEBUG com.tngtech.archunit.core.importer.JavaClassProcessor - Processing class 'io/jsonwebtoken/ClaimsMutator'
10:41:48.377 [Test worker] DEBUG com.tngtech.archunit.core.importer.JavaClassProcessor - Processing class 'org/springframework/data/repository/query/QueryByExampleExecutor'
10:41:48.378 [Test worker] DEBUG com.tngtech.archunit.core.importer.JavaClassProcessor - Processing class 'java/util/AbstractMap'
10:41:48.378 [Test worker] DEBUG com.tngtech.archunit.core.importer.JavaClassProcessor - Processing class 'javax/servlet/http/Part'
10:41:48.378 [Test worker] DEBUG com.tngtech.archunit.core.importer.JavaClassProcessor - Processing class 'java/lang/constant/ClassDesc'
10:41:48.378 [Test worker] DEBUG com.tngtech.archunit.core.importer.JavaClassProcessor - Processing class 'java/util/stream/BaseStream'
10:41:48.379 [Test worker] DEBUG com.tngtech.archunit.core.importer.JavaClassProcessor - Processing class 'java/util/IntSummaryStatistics'
10:41:48.379 [Test worker] DEBUG com.tngtech.archunit.core.importer.JavaClassProcessor - Processing class 'com/auth0/jwt/interfaces/Payload'
10:41:48.379 [Test worker] DEBUG com.tngtech.archunit.core.importer.JavaClassProcessor - Processing class 'org/springframework/context/ApplicationContextInitializer'
10:41:48.379 [Test worker] DEBUG com.tngtech.archunit.core.importer.JavaClassProcessor - Processing class 'org/springframework/web/bind/annotation/Mapping'
10:41:48.380 [Test worker] DEBUG com.tngtech.archunit.core.importer.JavaClassProcessor - Processing class 'org/springframework/data/repository/query/FluentQuery$FetchableFluentQuery'
10:41:48.380 [Test worker] DEBUG com.tngtech.archunit.core.importer.JavaClassProcessor - Processing class 'java/lang/Enum$EnumDesc'
10:41:48.380 [Test worker] DEBUG com.tngtech.archunit.core.importer.JavaClassProcessor - Processing class 'java/util/stream/Collector'
10:41:48.380 [Test worker] DEBUG com.tngtech.archunit.core.importer.JavaClassProcessor - Processing class 'java/lang/invoke/TypeDescriptor'
10:41:48.381 [Test worker] DEBUG com.tngtech.archunit.core.importer.JavaClassProcessor - Processing class 'org/springframework/context/PayloadApplicationEvent'
10:41:48.381 [Test worker] DEBUG com.tngtech.archunit.core.importer.JavaClassProcessor - Processing class 'org/springframework/boot/autoconfigure/AutoConfigurationImportSelector'
10:41:48.381 [Test worker] DEBUG com.tngtech.archunit.core.importer.JavaClassProcessor - Processing class 'org/springframework/aop/IntroductionAdvisor'
10:41:48.381 [Test worker] DEBUG com.tngtech.archunit.core.importer.JavaClassProcessor - Processing class 'java/lang/reflect/Member'
10:41:48.381 [Test worker] DEBUG com.tngtech.archunit.core.importer.JavaClassProcessor - Processing class 'java/util/EventListener'
10:41:48.382 [Test worker] DEBUG com.tngtech.archunit.core.importer.JavaClassProcessor - Processing class 'org/springframework/context/annotation/Role'
10:41:48.382 [Test worker] DEBUG com.tngtech.archunit.core.importer.JavaClassProcessor - Processing class 'org/springframework/beans/factory/DisposableBean'
10:41:48.382 [Test worker] DEBUG com.tngtech.archunit.core.importer.JavaClassProcessor - Processing class 'org/springframework/boot/autoconfigure/AutoConfigurationPackage'
10:41:48.382 [Test worker] DEBUG com.tngtech.archunit.core.importer.JavaClassProcessor - Processing class 'java/time/temporal/TemporalAccessor'
10:41:48.383 [Test worker] DEBUG com.tngtech.archunit.core.importer.JavaClassProcessor - Processing class 'org/springframework/http/client/ClientHttpRequest'
10:41:48.383 [Test worker] DEBUG com.tngtech.archunit.core.importer.JavaClassProcessor - Processing class 'org/springframework/beans/factory/BeanFactoryAware'
10:41:48.384 [Test worker] DEBUG com.tngtech.archunit.core.importer.JavaClassProcessor - Processing class 'org/springframework/core/env/EnvironmentCapable'
10:41:48.384 [Test worker] DEBUG com.tngtech.archunit.core.importer.JavaClassProcessor - Processing class 'org/springframework/boot/web/servlet/DynamicRegistrationBean'
10:41:48.384 [Test worker] DEBUG com.tngtech.archunit.core.importer.JavaClassProcessor - Processing class 'java/net/spi/URLStreamHandlerProvider'
10:41:48.384 [Test worker] DEBUG com.tngtech.archunit.core.importer.JavaClassProcessor - Processing class 'org/springframework/util/MultiValueMap'
10:41:48.385 [Test worker] DEBUG com.tngtech.archunit.core.importer.JavaClassProcessor - Processing class 'org/springframework/context/ApplicationEvent'
10:41:48.385 [Test worker] DEBUG com.tngtech.archunit.core.importer.JavaClassProcessor - Processing class 'javax/servlet/FilterRegistration$Dynamic'
10:41:48.385 [Test worker] DEBUG com.tngtech.archunit.core.importer.JavaClassProcessor - Processing class 'org/springframework/web/context/ServletContextAware'
10:41:48.385 [Test worker] DEBUG com.tngtech.archunit.core.importer.JavaClassProcessor - Processing class 'org/springframework/core/type/filter/TypeFilter'
10:41:48.385 [Test worker] DEBUG com.tngtech.archunit.core.importer.JavaClassProcessor - Processing class 'java/lang/Runnable'
10:41:48.385 [Test worker] DEBUG com.tngtech.archunit.core.importer.JavaClassProcessor - Processing class 'java/lang/AutoCloseable'
10:41:48.386 [Test worker] DEBUG com.tngtech.archunit.core.importer.JavaClassProcessor - Processing class 'java/util/AbstractCollection'
10:41:48.386 [Test worker] DEBUG com.tngtech.archunit.core.importer.JavaClassProcessor - Processing class 'java/util/Locale'
10:41:48.386 [Test worker] DEBUG com.tngtech.archunit.core.importer.JavaClassProcessor - Processing class 'org/springframework/context/ConfigurableApplicationContext'
10:41:48.387 [Test worker] DEBUG com.tngtech.archunit.core.importer.JavaClassProcessor - Processing class 'javax/security/auth/Destroyable'
10:41:48.387 [Test worker] DEBUG com.tngtech.archunit.core.importer.JavaClassProcessor - Processing class 'org/springframework/http/MediaType'
10:41:48.387 [Test worker] DEBUG com.tngtech.archunit.core.importer.JavaClassProcessor - Processing class 'java/util/Locale$LanguageRange'
10:41:48.388 [Test worker] DEBUG com.tngtech.archunit.core.importer.JavaClassProcessor - Processing class 'org/springframework/aop/support/AbstractPointcutAdvisor'
10:41:48.388 [Test worker] DEBUG com.tngtech.archunit.core.importer.JavaClassProcessor - Processing class 'java/security/Key'
10:41:48.388 [Test worker] DEBUG com.tngtech.archunit.core.importer.JavaClassProcessor - Processing class 'java/lang/constant/DynamicConstantDesc'
10:41:48.388 [Test worker] DEBUG com.tngtech.archunit.core.importer.JavaClassProcessor - Processing class 'java/net/URLStreamHandler'
10:41:48.389 [Test worker] DEBUG com.tngtech.archunit.core.importer.JavaClassProcessor - Processing class 'org/springframework/http/client/support/HttpAccessor'
10:41:48.389 [Test worker] DEBUG com.tngtech.archunit.core.importer.JavaClassProcessor - Processing class 'org/springframework/context/annotation/AnnotationScopeMetadataResolver'
10:41:48.389 [Test worker] DEBUG com.tngtech.archunit.core.importer.JavaClassProcessor - Processing class 'org/springframework/beans/factory/BeanClassLoaderAware'
10:41:48.389 [Test worker] DEBUG com.tngtech.archunit.core.importer.JavaClassProcessor - Processing class 'org/aspectj/lang/reflect/MemberSignature'
10:41:48.389 [Test worker] DEBUG com.tngtech.archunit.core.importer.JavaClassProcessor - Processing class 'org/springframework/context/annotation/AspectJAutoProxyRegistrar'
10:41:48.389 [Test worker] DEBUG com.tngtech.archunit.core.importer.JavaClassProcessor - Processing class 'org/springframework/data/repository/CrudRepository'
10:41:48.391 [Test worker] DEBUG com.tngtech.archunit.core.importer.JavaClassProcessor - Processing class 'org/springframework/beans/factory/InitializingBean'
10:41:48.391 [Test worker] DEBUG com.tngtech.archunit.core.importer.JavaClassProcessor - Processing class 'java/lang/Iterable'
10:41:48.391 [Test worker] DEBUG com.tngtech.archunit.core.importer.JavaClassProcessor - Processing class 'java/nio/charset/Charset'
10:41:48.391 [Test worker] DEBUG com.tngtech.archunit.core.importer.JavaClassProcessor - Processing class 'org/springframework/context/annotation/ComponentScans'
10:41:48.391 [Test worker] DEBUG com.tngtech.archunit.core.importer.JavaClassProcessor - Processing class 'org/springframework/boot/web/servlet/ServletRegistrationBean'
10:41:48.392 [Test worker] DEBUG com.tngtech.archunit.core.importer.JavaClassProcessor - Processing class 'org/springframework/retry/RetryListener'
10:41:48.392 [Test worker] DEBUG com.tngtech.archunit.core.importer.JavaClassProcessor - Processing class 'org/springframework/beans/factory/BeanNameAware'
10:41:48.392 [Test worker] DEBUG com.tngtech.archunit.core.importer.JavaClassProcessor - Processing class 'java/time/chrono/ChronoLocalDate'
10:41:48.393 [Test worker] DEBUG com.tngtech.archunit.core.importer.JavaClassProcessor - Processing class 'java/lang/reflect/AccessibleObject'
10:41:48.393 [Test worker] DEBUG com.tngtech.archunit.core.importer.JavaClassProcessor - Processing class 'org/springframework/context/annotation/ScopedProxyMode'
10:41:48.393 [Test worker] DEBUG com.tngtech.archunit.core.importer.JavaClassProcessor - Processing class 'org/springframework/http/HttpRange'
10:41:48.394 [Test worker] DEBUG com.tngtech.archunit.core.importer.JavaClassProcessor - Processing class 'org/springframework/beans/factory/SmartInitializingSingleton'
10:41:48.394 [Test worker] DEBUG com.tngtech.archunit.core.importer.JavaClassProcessor - Processing class 'org/springframework/context/EnvironmentAware'
10:41:48.395 [Test worker] DEBUG com.tngtech.archunit.core.importer.JavaClassProcessor - Processing class 'org/springframework/context/annotation/ScopeMetadataResolver'
10:41:48.395 [Test worker] DEBUG com.tngtech.archunit.core.importer.JavaClassProcessor - Processing class 'javax/servlet/DispatcherType'
10:41:48.395 [Test worker] DEBUG com.tngtech.archunit.core.importer.JavaClassProcessor - Processing class 'org/springframework/core/env/AbstractEnvironment'
10:41:48.396 [Test worker] DEBUG com.tngtech.archunit.core.importer.JavaClassProcessor - Processing class 'org/springframework/boot/autoconfigure/AutoConfigurationImportListener'
10:41:48.396 [Test worker] DEBUG com.tngtech.archunit.core.importer.JavaClassProcessor - Processing class 'java/nio/charset/spi/CharsetProvider'
10:41:48.396 [Test worker] DEBUG com.tngtech.archunit.core.importer.JavaClassProcessor - Processing class 'org/springframework/data/repository/query/FluentQuery'
10:41:48.397 [Test worker] DEBUG com.tngtech.archunit.core.importer.JavaClassProcessor - Processing class 'org/springframework/http/HttpRequest'
10:41:48.397 [Test worker] DEBUG com.tngtech.archunit.core.importer.JavaClassProcessor - Processing class 'org/springframework/boot/web/servlet/RegistrationBean'
10:41:48.397 [Test worker] DEBUG com.tngtech.archunit.core.importer.JavaClassProcessor - Processing class 'javax/servlet/Registration$Dynamic'
10:41:48.397 [Test worker] DEBUG com.tngtech.archunit.core.importer.JavaClassProcessor - Processing class 'java/util/EventObject'
10:41:48.398 [Test worker] DEBUG com.tngtech.archunit.core.importer.JavaClassProcessor - Processing class 'org/springframework/util/MimeType'
10:41:48.398 [Test worker] DEBUG com.tngtech.archunit.core.importer.JavaClassProcessor - Processing class 'java/lang/Character'
10:41:48.399 [Test worker] DEBUG com.tngtech.archunit.core.importer.JavaClassProcessor - Processing class 'org/springframework/data/repository/Repository'
10:41:48.399 [Test worker] DEBUG com.tngtech.archunit.core.importer.JavaClassProcessor - Processing class 'org/springframework/boot/autoconfigure/AutoConfigurationPackages$Registrar'
10:41:48.399 [Test worker] DEBUG com.tngtech.archunit.core.importer.JavaClassProcessor - Processing class 'javax/servlet/ServletRegistration$Dynamic'
10:41:48.399 [Test worker] DEBUG com.tngtech.archunit.core.importer.JavaClassProcessor - Processing class 'java/lang/ThreadLocal'
10:41:48.399 [Test worker] DEBUG com.tngtech.archunit.core.importer.JavaClassProcessor - Processing class 'javax/servlet/Servlet'
10:41:48.399 [Test worker] DEBUG com.tngtech.archunit.core.importer.JavaClassProcessor - Processing class 'org/aspectj/lang/Signature'
10:41:48.401 [Test worker] DEBUG com.tngtech.archunit.core.importer.JavaClassProcessor - Processing class 'javax/servlet/FilterRegistration'
10:41:48.401 [Test worker] DEBUG com.tngtech.archunit.core.importer.JavaClassProcessor - Processing class 'java/net/URLStreamHandlerFactory'
10:41:48.401 [Test worker] DEBUG com.tngtech.archunit.core.importer.JavaClassProcessor - Processing class 'sun/util/locale/LocaleExtensions'
10:41:48.401 [Test worker] DEBUG com.tngtech.archunit.core.importer.JavaClassProcessor - Processing class 'org/springframework/core/Ordered'
10:41:48.401 [Test worker] DEBUG com.tngtech.archunit.core.importer.JavaClassProcessor - Processing class 'org/springframework/aop/PointcutAdvisor'
10:41:48.401 [Test worker] DEBUG com.tngtech.archunit.core.importer.JavaClassProcessor - Processing class 'org/springframework/context/annotation/DeferredImportSelector'
10:41:48.402 [Test worker] DEBUG com.tngtech.archunit.core.importer.JavaClassProcessor - Processing class 'org/springframework/beans/factory/Aware'
10:41:48.402 [Test worker] DEBUG com.tngtech.archunit.core.importer.JavaClassProcessor - Processing class 'org/springframework/core/ResolvableTypeProvider'
10:41:48.402 [Test worker] DEBUG com.tngtech.archunit.core.importer.JavaClassProcessor - Processing class 'org/springframework/core/io/support/ResourceRegion'
10:41:48.402 [Test worker] DEBUG com.tngtech.archunit.core.importer.JavaClassProcessor - Processing class 'org/springframework/aop/IntroductionInfo'
10:41:48.403 [Test worker] DEBUG com.tngtech.archunit.core.importer.JavaClassProcessor - Processing class 'org/springframework/boot/autoconfigure/AutoConfigurationImportFilter'
10:41:48.403 [Test worker] DEBUG com.tngtech.archunit.core.importer.JavaClassProcessor - Processing class 'org/springframework/core/env/ConfigurableEnvironment'
10:41:48.403 [Test worker] DEBUG com.tngtech.archunit.core.importer.JavaClassProcessor - Processing class 'org/springframework/context/annotation/ImportBeanDefinitionRegistrar'
10:41:48.404 [Test worker] DEBUG com.tngtech.archunit.core.importer.JavaClassProcessor - Processing class 'org/springframework/http/client/ClientHttpRequestInitializer'
10:41:48.404 [Test worker] DEBUG com.tngtech.archunit.core.importer.JavaClassProcessor - Processing class 'org/springframework/aop/Advisor'
10:41:48.404 [Test worker] DEBUG com.tngtech.archunit.core.importer.JavaClassProcessor - Processing class 'org/springframework/context/ResourceLoaderAware'
10:41:48.404 [Test worker] DEBUG com.tngtech.archunit.core.importer.JavaClassProcessor - Processing class 'org/springframework/context/ApplicationContext'
10:41:48.405 [Test worker] DEBUG com.tngtech.archunit.core.importer.JavaClassProcessor - Processing class 'org/springframework/context/Lifecycle'
10:41:48.405 [Test worker] DEBUG com.tngtech.archunit.core.importer.JavaClassProcessor - Processing class 'sun/util/locale/BaseLocale'
10:41:48.405 [Test worker] DEBUG com.tngtech.archunit.core.importer.JavaClassProcessor - Processing class 'org/springframework/context/annotation/DeferredImportSelector$Group'
10:41:48.405 [Test worker] DEBUG com.tngtech.archunit.core.importer.JavaClassProcessor - Processing class 'java/io/Closeable'
10:41:48.406 [Test worker] DEBUG com.tngtech.archunit.core.importer.JavaClassProcessor - Processing class 'org/springframework/http/HttpOutputMessage'
10:41:48.406 [Test worker] DEBUG com.tngtech.archunit.core.importer.JavaClassProcessor - Processing class 'sun/util/locale/Extension'
10:41:48.406 [Test worker] DEBUG com.tngtech.archunit.core.importer.JavaClassProcessor - Processing class 'org/springframework/beans/factory/HierarchicalBeanFactory'
10:41:48.406 [Test worker] DEBUG com.tngtech.archunit.core.importer.JavaClassProcessor - Processing class 'javax/servlet/ServletRegistration'
10:41:48.407 [Test worker] DEBUG com.tngtech.archunit.core.importer.JavaClassProcessor - Processing class 'org/springframework/core/env/ConfigurablePropertyResolver'
10:41:48.407 [Test worker] DEBUG com.tngtech.archunit.core.importer.JavaClassProcessor - Processing class 'org/springframework/context/annotation/DeferredImportSelector$Group$Entry'
10:41:48.407 [Test worker] DEBUG com.tngtech.archunit.core.importer.JavaClassProcessor - Processing class 'org/springframework/context/ApplicationEventPublisher'
10:41:48.407 [Test worker] DEBUG com.tngtech.archunit.core.importer.JavaClassProcessor - Processing class 'org/springframework/http/HttpMessage'
10:41:48.408 [Test worker] DEBUG com.tngtech.archunit.core.importer.JavaClassProcessor - Processing class 'org/springframework/context/annotation/ImportSelector'
10:41:48.408 [Test worker] DEBUG com.tngtech.archunit.core.importer.JavaClassProcessor - Processing class 'org/springframework/boot/web/servlet/ServletContextInitializer'
10:41:48.408 [Test worker] DEBUG com.tngtech.archunit.core.importer.JavaClassProcessor - Processing class 'org/springframework/context/MessageSource'
10:41:48.409 [Test worker] DEBUG com.tngtech.archunit.core.importer.JavaClassProcessor - Processing class 'javax/servlet/Registration'
10:41:48.409 [Test worker] DEBUG com.tngtech.archunit.core.importer.JavaClassProcessor - Processing class 'org/springframework/boot/autoconfigure/AutoConfigurationPackages'
10:41:48.409 [Test worker] DEBUG com.tngtech.archunit.core.importer.JavaClassProcessor - Processing class 'org/springframework/boot/context/annotation/DeterminableImports'
10:41:48.409 [Test worker] DEBUG com.tngtech.archunit.core.importer.JavaClassProcessor - Processing class 'sun/util/locale/InternalLocaleBuilder$CaseInsensitiveString'
10:41:48.410 [Test worker] DEBUG com.tngtech.archunit.core.importer.JavaClassProcessor - Processing class 'org/springframework/core/io/support/ResourcePatternResolver'
10:41:48.410 [Test worker] DEBUG com.tngtech.archunit.core.importer.JavaClassProcessor - Processing class 'sun/util/locale/InternalLocaleBuilder$CaseInsensitiveChar'
10:41:48.410 [Test worker] DEBUG com.tngtech.archunit.core.importer.JavaClassProcessor - Processing class 'org/springframework/beans/factory/ListableBeanFactory'
10:41:48.411 [Test worker] DEBUG com.tngtech.archunit.core.importer.JavaClassProcessor - Processing class 'org/springframework/core/io/ResourceLoader'
10:41:48.411 [Test worker] DEBUG com.tngtech.archunit.core.importer.JavaClassProcessor - Processing class 'org/springframework/beans/factory/BeanFactory'
10:41:48.411 [Test worker] DEBUG com.tngtech.archunit.core.importer.JavaClassProcessor - Processing class 'sun/util/locale/InternalLocaleBuilder'
10:41:48.412 [Test worker] DEBUG com.tngtech.archunit.core.importer.JavaClassProcessor - Processing class 'com/auth0/jwt/impl/JWTParser'
10:41:48.413 [Test worker] DEBUG com.tngtech.archunit.core.importer.JavaClassProcessor - Processing class 'com/auth0/jwt/exceptions/JWTDecodeException'
10:41:48.413 [Test worker] DEBUG com.tngtech.archunit.core.importer.JavaClassProcessor - Processing class 'com/auth0/jwt/interfaces/Verification'
10:41:48.413 [Test worker] DEBUG com.tngtech.archunit.core.importer.JavaClassProcessor - Processing class 'com/auth0/jwt/algorithms/Algorithm'
10:41:48.414 [Test worker] DEBUG com.tngtech.archunit.core.importer.JavaClassProcessor - Processing class 'com/auth0/jwt/JWTCreator$Builder'
10:41:48.414 [Test worker] DEBUG com.tngtech.archunit.core.importer.JavaClassProcessor - Processing class 'java/time/Instant'
10:41:48.419 [Test worker] DEBUG com.tngtech.archunit.core.importer.JavaClassProcessor - Processing class 'io/jsonwebtoken/Header'
10:41:48.419 [Test worker] DEBUG com.tngtech.archunit.core.importer.JavaClassProcessor - Processing class 'io/jsonwebtoken/Claims'
10:41:48.419 [Test worker] DEBUG com.tngtech.archunit.core.importer.JavaClassProcessor - Processing class 'io/jsonwebtoken/CompressionCodec'
10:41:48.421 [Test worker] DEBUG com.tngtech.archunit.core.importer.JavaClassProcessor - Processing class 'io/jsonwebtoken/JwsHeader'
10:41:48.421 [Test worker] DEBUG com.tngtech.archunit.core.importer.JavaClassProcessor - Processing class 'io/jsonwebtoken/JwtParser'
10:41:48.421 [Test worker] DEBUG com.tngtech.archunit.core.importer.JavaClassProcessor - Processing class 'io/jsonwebtoken/SignatureException'
10:41:48.422 [Test worker] DEBUG com.tngtech.archunit.core.importer.JavaClassProcessor - Processing class 'io/jsonwebtoken/impl/crypto/SignatureValidator'
10:41:48.422 [Test worker] DEBUG com.tngtech.archunit.core.importer.JavaClassProcessor - Processing class 'io/jsonwebtoken/impl/crypto/SignatureValidatorFactory'
10:41:48.423 [Test worker] DEBUG com.tngtech.archunit.core.importer.JavaClassProcessor - Processing class 'jdk/internal/reflect/ReflectionFactory'
10:41:48.424 [Test worker] DEBUG com.tngtech.archunit.core.importer.JavaClassProcessor - Processing class 'java/lang/Class$AnnotationData'
10:41:48.424 [Test worker] DEBUG com.tngtech.archunit.core.importer.JavaClassProcessor - Processing class 'sun/reflect/generics/repository/ClassRepository'
10:41:48.424 [Test worker] DEBUG com.tngtech.archunit.core.importer.JavaClassProcessor - Processing class 'java/lang/Module'
10:41:48.425 [Test worker] DEBUG com.tngtech.archunit.core.importer.JavaClassProcessor - Processing class 'java/lang/reflect/Constructor'
10:41:48.425 [Test worker] DEBUG com.tngtech.archunit.core.importer.JavaClassProcessor - Processing class 'java/lang/ClassValue$ClassValueMap'
10:41:48.425 [Test worker] DEBUG com.tngtech.archunit.core.importer.JavaClassProcessor - Processing class 'java/io/ObjectStreamField'
10:41:48.426 [Test worker] DEBUG com.tngtech.archunit.core.importer.JavaClassProcessor - Processing class 'sun/reflect/annotation/AnnotationType'
10:41:48.426 [Test worker] DEBUG com.tngtech.archunit.core.importer.JavaClassProcessor - Processing class 'java/security/ProtectionDomain'
10:41:48.426 [Test worker] DEBUG com.tngtech.archunit.core.importer.JavaClassProcessor - Processing class 'java/lang/ref/SoftReference'
10:41:48.426 [Test worker] DEBUG com.tngtech.archunit.core.importer.JavaClassProcessor - Processing class 'java/lang/ClassLoader'
10:41:48.428 [Test worker] DEBUG com.tngtech.archunit.core.importer.JavaClassProcessor - Processing class 'java/lang/ClassNotFoundException'
10:41:48.428 [Test worker] DEBUG com.tngtech.archunit.core.importer.JavaClassProcessor - Processing class 'java/lang/SecurityManager'
10:41:48.429 [Test worker] DEBUG com.tngtech.archunit.core.importer.JavaClassProcessor - Processing class 'java/lang/Class$EnclosingMethodInfo'
10:41:48.429 [Test worker] DEBUG com.tngtech.archunit.core.importer.JavaClassProcessor - Processing class 'java/lang/reflect/RecordComponent'
10:41:48.429 [Test worker] DEBUG com.tngtech.archunit.core.importer.JavaClassProcessor - Processing class 'java/lang/InstantiationException'
10:41:48.429 [Test worker] DEBUG com.tngtech.archunit.core.importer.JavaClassProcessor - Processing class 'java/lang/IllegalAccessException'
10:41:48.430 [Test worker] DEBUG com.tngtech.archunit.core.importer.JavaClassProcessor - Processing class 'java/lang/SecurityException'
10:41:48.430 [Test worker] DEBUG com.tngtech.archunit.core.importer.JavaClassProcessor - Processing class 'java/lang/reflect/TypeVariable'
10:41:48.430 [Test worker] DEBUG com.tngtech.archunit.core.importer.JavaClassProcessor - Processing class 'java/lang/reflect/AnnotatedType'
10:41:48.431 [Test worker] DEBUG com.tngtech.archunit.core.importer.JavaClassProcessor - Processing class 'java/lang/Package'
10:41:48.431 [Test worker] DEBUG com.tngtech.archunit.core.importer.JavaClassProcessor - Processing class 'java/lang/NoSuchFieldException'
10:41:48.431 [Test worker] DEBUG com.tngtech.archunit.core.importer.JavaClassProcessor - Processing class 'java/io/InputStream'
10:41:48.431 [Test worker] DEBUG com.tngtech.archunit.core.importer.JavaClassProcessor - Processing class 'jdk/internal/loader/BuiltinClassLoader'
10:41:48.431 [Test worker] DEBUG com.tngtech.archunit.core.importer.JavaClassProcessor - Processing class 'java/lang/reflect/GenericArrayType'
10:41:48.431 [Test worker] DEBUG com.tngtech.archunit.core.importer.JavaClassProcessor - Processing class 'java/lang/NoSuchMethodException'
10:41:48.431 [Test worker] DEBUG com.tngtech.archunit.core.importer.JavaClassProcessor - Processing class 'sun/reflect/generics/factory/GenericsFactory'
10:41:48.432 [Test worker] DEBUG com.tngtech.archunit.core.importer.JavaClassProcessor - Processing class 'java/lang/PublicMethods$MethodList'
10:41:48.432 [Test worker] DEBUG com.tngtech.archunit.core.importer.JavaClassProcessor - Processing class 'jdk/internal/reflect/ConstantPool'
10:41:48.433 [Test worker] DEBUG com.tngtech.archunit.core.importer.JavaClassProcessor - Processing class 'java/lang/invoke/MethodHandles$Lookup'
10:41:48.434 [Test worker] DEBUG com.tngtech.archunit.core.importer.JavaClassProcessor - Processing class 'java/lang/ReflectiveOperationException'
10:41:48.434 [Test worker] DEBUG com.tngtech.archunit.core.importer.JavaClassProcessor - Processing class 'java/lang/NumberFormatException'
10:41:48.435 [Test worker] DEBUG com.tngtech.archunit.core.importer.JavaClassProcessor - Processing class 'java/io/ObjectInputStream'
10:41:48.435 [Test worker] DEBUG com.tngtech.archunit.core.importer.JavaClassProcessor - Processing class 'java/lang/CloneNotSupportedException'
10:41:48.435 [Test worker] DEBUG com.tngtech.archunit.core.importer.JavaClassProcessor - Processing class 'java/io/ObjectStreamException'
10:41:48.436 [Test worker] DEBUG com.tngtech.archunit.core.importer.JavaClassProcessor - Processing class 'java/util/Spliterator'
10:41:48.436 [Test worker] DEBUG com.tngtech.archunit.core.importer.JavaClassProcessor - Processing class 'java/math/BigInteger'
10:41:48.438 [Test worker] DEBUG com.tngtech.archunit.core.importer.JavaClassProcessor - Processing class 'java/lang/InterruptedException'
10:41:48.438 [Test worker] DEBUG com.tngtech.archunit.core.importer.JavaClassProcessor - Processing class 'java/lang/StringBuffer'
10:41:48.438 [Test worker] DEBUG com.tngtech.archunit.core.importer.JavaClassProcessor - Processing class 'sun/nio/cs/ArrayEncoder'
10:41:48.439 [Test worker] DEBUG com.tngtech.archunit.core.importer.JavaClassProcessor - Processing class 'java/io/UnsupportedEncodingException'
10:41:48.439 [Test worker] DEBUG com.tngtech.archunit.core.importer.JavaClassProcessor - Processing class 'java/nio/charset/CharsetDecoder'
10:41:48.439 [Test worker] DEBUG com.tngtech.archunit.core.importer.JavaClassProcessor - Processing class 'java/lang/AbstractStringBuilder'
10:41:48.439 [Test worker] DEBUG com.tngtech.archunit.core.importer.JavaClassProcessor - Processing class 'java/nio/charset/UnmappableCharacterException'
10:41:48.439 [Test worker] DEBUG com.tngtech.archunit.core.importer.JavaClassProcessor - Processing class 'java/nio/charset/CharacterCodingException'
10:41:48.439 [Test worker] DEBUG com.tngtech.archunit.core.importer.JavaClassProcessor - Processing class 'sun/nio/cs/ArrayDecoder'
10:41:48.439 [Test worker] DEBUG com.tngtech.archunit.core.importer.JavaClassProcessor - Processing class 'java/lang/Void'
10:41:48.441 [Test worker] DEBUG com.tngtech.archunit.core.importer.JavaClassProcessor - Processing class 'java/nio/charset/MalformedInputException'
10:41:48.441 [Test worker] DEBUG com.tngtech.archunit.core.importer.JavaClassProcessor - Processing class 'java/util/function/Function'
10:41:48.441 [Test worker] DEBUG com.tngtech.archunit.core.importer.JavaClassProcessor - Processing class 'java/lang/StringBuilder'
10:41:48.442 [Test worker] DEBUG com.tngtech.archunit.core.importer.JavaClassProcessor - Processing class 'java/util/Properties'
10:41:48.442 [Test worker] DEBUG com.tngtech.archunit.core.importer.JavaClassProcessor - Processing class 'java/io/PrintStream'
10:41:48.443 [Test worker] DEBUG com.tngtech.archunit.core.importer.JavaClassProcessor - Processing class 'java/lang/ModuleLayer'
10:41:48.443 [Test worker] DEBUG com.tngtech.archunit.core.importer.JavaClassProcessor - Processing class 'java/io/Console'
10:41:48.443 [Test worker] DEBUG com.tngtech.archunit.core.importer.JavaClassProcessor - Processing class 'java/nio/channels/Channel'
10:41:48.444 [Test worker] DEBUG com.tngtech.archunit.core.importer.JavaClassProcessor - Processing class 'java/lang/System$Logger'
10:41:48.444 [Test worker] DEBUG com.tngtech.archunit.core.importer.JavaClassProcessor - Processing class 'java/util/ResourceBundle'
10:41:48.445 [Test worker] DEBUG com.tngtech.archunit.core.importer.JavaClassProcessor - Processing class 'java/io/FileOutputStream'
10:41:48.445 [Test worker] DEBUG com.tngtech.archunit.core.importer.JavaClassProcessor - Processing class 'java/lang/invoke/StringConcatFactory'
10:41:48.446 [Test worker] DEBUG com.tngtech.archunit.core.importer.JavaClassProcessor - Processing class 'java/util/concurrent/atomic/AtomicInteger'
10:41:48.446 [Test worker] DEBUG com.tngtech.archunit.core.importer.JavaClassProcessor - Processing class 'java/lang/Thread'
10:41:48.446 [Test worker] DEBUG com.tngtech.archunit.core.importer.JavaClassProcessor - Processing class 'java/lang/ThreadLocal$ThreadLocalMap'
10:41:48.447 [Test worker] DEBUG com.tngtech.archunit.core.importer.JavaClassProcessor - Processing class 'java/util/function/Supplier'
10:41:48.447 [Test worker] DEBUG com.tngtech.archunit.core.importer.JavaClassProcessor - Processing class 'jdk/internal/misc/TerminatingThreadLocal'
10:41:48.447 [Test worker] DEBUG com.tngtech.archunit.core.importer.JavaClassProcessor - Processing class 'java/lang/StackTraceElement'
10:41:48.448 [Test worker] DEBUG com.tngtech.archunit.core.importer.JavaClassProcessor - Processing class 'java/io/PrintWriter'
10:41:48.448 [Test worker] DEBUG com.tngtech.archunit.core.importer.JavaClassProcessor - Processing class 'java/lang/Throwable$PrintStreamOrWriter'
10:41:48.448 [Test worker] DEBUG com.tngtech.archunit.core.importer.JavaClassProcessor - Processing class 'java/io/ObjectOutputStream'
10:41:48.449 [Test worker] DEBUG com.tngtech.archunit.core.importer.JavaClassProcessor - Processing class 'java/lang/constant/DirectMethodHandleDesc'
10:41:48.450 [Test worker] DEBUG com.tngtech.archunit.core.importer.JavaClassProcessor - Processing class 'java/lang/reflect/AccessibleObject$Cache'
10:41:48.450 [Test worker] DEBUG com.tngtech.archunit.core.importer.JavaClassProcessor - Processing class 'java/lang/invoke/MethodHandle'
10:41:48.450 [Test worker] DEBUG com.tngtech.archunit.core.importer.JavaClassProcessor - Processing class 'java/lang/ref/WeakReference'
10:41:48.451 [Test worker] DEBUG com.tngtech.archunit.core.importer.JavaClassProcessor - Processing class 'java/lang/reflect/Parameter'
10:41:48.452 [Test worker] DEBUG com.tngtech.archunit.core.importer.JavaClassProcessor - Processing class 'sun/reflect/generics/repository/ConstructorRepository'
10:41:48.452 [Test worker] DEBUG com.tngtech.archunit.core.importer.JavaClassProcessor - Processing class 'jdk/internal/reflect/FieldAccessor'
10:41:48.452 [Test worker] DEBUG com.tngtech.archunit.core.importer.JavaClassProcessor - Processing class 'sun/reflect/generics/repository/FieldRepository'
10:41:48.453 [Test worker] DEBUG com.tngtech.archunit.core.importer.JavaClassProcessor - Processing class 'sun/reflect/generics/repository/MethodRepository'
10:41:48.453 [Test worker] DEBUG com.tngtech.archunit.core.importer.JavaClassProcessor - Processing class 'jdk/internal/reflect/MethodAccessor'
10:41:48.453 [Test worker] DEBUG com.tngtech.archunit.core.importer.JavaClassProcessor - Processing class 'java/lang/reflect/InvocationTargetException'
10:41:48.453 [Test worker] DEBUG com.tngtech.archunit.core.importer.JavaClassProcessor - Processing class 'sun/reflect/annotation/ExceptionProxy'
10:41:48.453 [Test worker] DEBUG com.tngtech.archunit.core.importer.JavaClassProcessor - Processing class 'sun/reflect/annotation/TypeNotPresentExceptionProxy'
10:41:48.454 [Test worker] DEBUG com.tngtech.archunit.core.importer.JavaClassProcessor - Processing class 'java/util/Hashtable'
10:41:48.455 [Test worker] DEBUG com.tngtech.archunit.core.importer.JavaClassProcessor - Processing class 'java/net/InetAddress'
10:41:48.455 [Test worker] DEBUG com.tngtech.archunit.core.importer.JavaClassProcessor - Processing class 'java/net/UrlDeserializedState'
10:41:48.455 [Test worker] DEBUG com.tngtech.archunit.core.importer.JavaClassProcessor - Processing class 'java/io/InvalidObjectException'
10:41:48.455 [Test worker] DEBUG com.tngtech.archunit.core.importer.JavaClassProcessor - Processing class 'java/net/URI'
10:41:48.456 [Test worker] DEBUG com.tngtech.archunit.core.importer.JavaClassProcessor - Processing class 'java/net/URISyntaxException'
10:41:48.456 [Test worker] DEBUG com.tngtech.archunit.core.importer.JavaClassProcessor - Processing class 'java/net/MalformedURLException'
10:41:48.456 [Test worker] DEBUG com.tngtech.archunit.core.importer.JavaClassProcessor - Processing class 'java/net/URLConnection'
10:41:48.457 [Test worker] DEBUG com.tngtech.archunit.core.importer.JavaClassProcessor - Processing class 'java/net/Proxy'
10:41:48.457 [Test worker] DEBUG com.tngtech.archunit.core.importer.JavaClassProcessor - Processing class 'sun/net/www/protocol/jar/Handler'
10:41:48.457 [Test worker] DEBUG com.tngtech.archunit.core.importer.JavaClassProcessor - Processing class 'java/util/SortedMap'
10:41:48.458 [Test worker] DEBUG com.tngtech.archunit.core.importer.JavaClassProcessor - Processing class 'java/nio/ByteBuffer'
10:41:48.458 [Test worker] DEBUG com.tngtech.archunit.core.importer.JavaClassProcessor - Processing class 'java/nio/charset/CharsetEncoder'
10:41:48.458 [Test worker] DEBUG com.tngtech.archunit.core.importer.JavaClassProcessor - Processing class 'java/nio/CharBuffer'
10:41:48.459 [Test worker] DEBUG com.tngtech.archunit.core.importer.JavaClassProcessor - Processing class 'java/io/DataInput'
10:41:48.459 [Test worker] DEBUG com.tngtech.archunit.core.importer.JavaClassProcessor - Processing class 'java/math/BigDecimal'
10:41:48.462 [Test worker] DEBUG com.tngtech.archunit.core.importer.JavaClassProcessor - Processing class 'java/io/DataOutput'
10:41:48.462 [Test worker] DEBUG com.tngtech.archunit.core.importer.JavaClassProcessor - Processing class 'java/time/temporal/ChronoUnit'
10:41:48.463 [Test worker] DEBUG com.tngtech.archunit.core.importer.JavaClassProcessor - Processing class 'java/time/Period'
10:41:48.463 [Test worker] DEBUG com.tngtech.archunit.core.importer.JavaClassProcessor - Processing class 'java/time/temporal/TemporalField'
10:41:48.464 [Test worker] DEBUG com.tngtech.archunit.core.importer.JavaClassProcessor - Processing class 'java/time/LocalTime'
10:41:48.464 [Test worker] DEBUG com.tngtech.archunit.core.importer.JavaClassProcessor - Processing class 'java/time/OffsetDateTime'
10:41:48.465 [Test worker] DEBUG com.tngtech.archunit.core.importer.JavaClassProcessor - Processing class 'java/time/OffsetTime'
10:41:48.465 [Test worker] DEBUG com.tngtech.archunit.core.importer.JavaClassProcessor - Processing class 'java/time/chrono/ChronoPeriod'
10:41:48.466 [Test worker] DEBUG com.tngtech.archunit.core.importer.JavaClassProcessor - Processing class 'java/time/temporal/ChronoField'
10:41:48.466 [Test worker] DEBUG com.tngtech.archunit.core.importer.JavaClassProcessor - Processing class 'java/time/chrono/IsoChronology'
10:41:48.466 [Test worker] DEBUG com.tngtech.archunit.core.importer.JavaClassProcessor - Processing class 'java/time/temporal/ValueRange'
10:41:48.466 [Test worker] DEBUG com.tngtech.archunit.core.importer.JavaClassProcessor - Processing class 'java/time/chrono/Chronology'
10:41:48.466 [Test worker] DEBUG com.tngtech.archunit.core.importer.JavaClassProcessor - Processing class 'java/time/ZoneOffset'
10:41:48.467 [Test worker] DEBUG com.tngtech.archunit.core.importer.JavaClassProcessor - Processing class 'java/time/Month'
10:41:48.467 [Test worker] DEBUG com.tngtech.archunit.core.importer.JavaClassProcessor - Processing class 'java/time/chrono/Era'
10:41:48.467 [Test worker] DEBUG com.tngtech.archunit.core.importer.JavaClassProcessor - Processing class 'java/time/format/DateTimeFormatter'
10:41:48.468 [Test worker] DEBUG com.tngtech.archunit.core.importer.JavaClassProcessor - Processing class 'java/time/Clock'
10:41:48.468 [Test worker] DEBUG com.tngtech.archunit.core.importer.JavaClassProcessor - Processing class 'java/time/chrono/IsoEra'
10:41:48.468 [Test worker] DEBUG com.tngtech.archunit.core.importer.JavaClassProcessor - Processing class 'java/time/DayOfWeek'
10:41:48.468 [Test worker] DEBUG com.tngtech.archunit.core.importer.JavaClassProcessor - Processing class 'java/time/temporal/TemporalQuery'
10:41:48.469 [Test worker] DEBUG com.tngtech.archunit.core.importer.JavaClassProcessor - Processing class 'java/time/format/TextStyle'
10:41:48.469 [Test worker] DEBUG com.tngtech.archunit.core.importer.JavaClassProcessor - Processing class 'java/time/zone/ZoneRules'
10:41:48.470 [Test worker] DEBUG com.tngtech.archunit.core.importer.JavaClassProcessor - Processing class 'java/time/ZoneRegion'
10:41:48.470 [Test worker] DEBUG com.tngtech.archunit.core.importer.JavaClassProcessor - Processing class 'java/io/ObjectInput'
10:41:48.471 [Test worker] DEBUG com.tngtech.archunit.core.importer.JavaClassProcessor - Processing class 'java/lang/invoke/SerializedLambda'
10:41:48.472 [Test worker] DEBUG com.tngtech.archunit.core.importer.JavaClassProcessor - Processing class 'java/util/ListIterator'
10:41:48.473 [Test worker] DEBUG com.tngtech.archunit.core.importer.JavaClassProcessor - Processing class 'java/util/function/UnaryOperator'
10:41:48.474 [Test worker] DEBUG com.tngtech.archunit.core.importer.JavaClassProcessor - Processing class 'java/util/function/Predicate'
10:41:48.474 [Test worker] DEBUG com.tngtech.archunit.core.importer.JavaClassProcessor - Processing class 'java/util/function/IntUnaryOperator'
10:41:48.475 [Test worker] DEBUG com.tngtech.archunit.core.importer.JavaClassProcessor - Processing class 'java/util/Spliterator$OfInt'
10:41:48.475 [Test worker] DEBUG com.tngtech.archunit.core.importer.JavaClassProcessor - Processing class 'java/util/Spliterator$OfLong'
10:41:48.476 [Test worker] DEBUG com.tngtech.archunit.core.importer.JavaClassProcessor - Processing class 'java/util/function/DoubleBinaryOperator'
10:41:48.476 [Test worker] DEBUG com.tngtech.archunit.core.importer.JavaClassProcessor - Processing class 'java/util/Spliterator$OfDouble'
10:41:48.476 [Test worker] DEBUG com.tngtech.archunit.core.importer.JavaClassProcessor - Processing class 'java/util/function/IntBinaryOperator'
10:41:48.477 [Test worker] DEBUG com.tngtech.archunit.core.importer.JavaClassProcessor - Processing class 'java/util/function/IntFunction'
10:41:48.477 [Test worker] DEBUG com.tngtech.archunit.core.importer.JavaClassProcessor - Processing class 'java/util/function/IntToDoubleFunction'
10:41:48.477 [Test worker] DEBUG com.tngtech.archunit.core.importer.JavaClassProcessor - Processing class 'java/util/function/LongBinaryOperator'
10:41:48.478 [Test worker] DEBUG com.tngtech.archunit.core.importer.JavaClassProcessor - Processing class 'java/util/function/BinaryOperator'
10:41:48.478 [Test worker] DEBUG com.tngtech.archunit.core.importer.JavaClassProcessor - Processing class 'java/util/function/IntToLongFunction'
10:41:48.479 [Test worker] DEBUG com.tngtech.archunit.core.importer.JavaClassProcessor - Processing class 'java/util/function/ToLongFunction'
10:41:48.479 [Test worker] DEBUG com.tngtech.archunit.core.importer.JavaClassProcessor - Processing class 'java/util/function/ToDoubleFunction'
10:41:48.479 [Test worker] DEBUG com.tngtech.archunit.core.importer.JavaClassProcessor - Processing class 'java/util/function/ToIntFunction'
10:41:48.479 [Test worker] DEBUG com.tngtech.archunit.core.importer.JavaClassProcessor - Processing class 'sun/util/calendar/BaseCalendar'
10:41:48.479 [Test worker] DEBUG com.tngtech.archunit.core.importer.JavaClassProcessor - Processing class 'sun/util/calendar/BaseCalendar$Date'
10:41:48.480 [Test worker] DEBUG com.tngtech.archunit.core.importer.JavaClassProcessor - Processing class 'sun/util/calendar/ZoneInfo'
10:41:48.482 [Test worker] DEBUG com.tngtech.archunit.core.importer.JavaClassProcessor - Processing class 'java/util/Locale$Category'
10:41:48.482 [Test worker] DEBUG com.tngtech.archunit.core.importer.JavaClassProcessor - Processing class 'java/util/MissingResourceException'
10:41:48.483 [Test worker] DEBUG com.tngtech.archunit.core.importer.JavaClassProcessor - Processing class 'java/util/spi/LocaleNameProvider'
10:41:48.483 [Test worker] DEBUG com.tngtech.archunit.core.importer.JavaClassProcessor - Processing class 'java/util/Locale$FilteringMode'
10:41:48.483 [Test worker] DEBUG com.tngtech.archunit.core.importer.JavaClassProcessor - Processing class 'sun/util/locale/provider/LocaleResources'
10:41:48.483 [Test worker] DEBUG com.tngtech.archunit.core.importer.JavaClassProcessor - Processing class 'java/util/Locale$IsoCountryCode'
10:41:48.485 [Test worker] DEBUG com.tngtech.archunit.core.importer.JavaClassProcessor - Processing class 'java/util/function/BiFunction'
10:41:48.485 [Test worker] DEBUG com.tngtech.archunit.core.importer.JavaClassProcessor - Processing class 'java/util/function/BiConsumer'
10:41:48.486 [Test worker] DEBUG com.tngtech.archunit.core.importer.JavaClassProcessor - Processing class 'java/util/ImmutableCollections$AbstractImmutableMap'
10:41:48.487 [Test worker] DEBUG com.tngtech.archunit.core.importer.JavaClassProcessor - Processing class 'java/util/KeyValueHolder'
10:41:48.488 [Test worker] DEBUG com.tngtech.archunit.core.importer.JavaClassProcessor - Processing class 'java/util/ImmutableCollections$AbstractImmutableSet'
10:41:48.488 [Test worker] DEBUG com.tngtech.archunit.core.importer.JavaClassProcessor - Processing class 'jdk/internal/access/JavaLangAccess'
10:41:48.489 [Test worker] DEBUG com.tngtech.archunit.core.importer.JavaClassProcessor - Processing class 'java/util/concurrent/ConcurrentHashMap$Node'
10:41:48.489 [Test worker] DEBUG com.tngtech.archunit.core.importer.JavaClassProcessor - Processing class 'java/util/concurrent/ConcurrentHashMap$CounterCell'
10:41:48.490 [Test worker] DEBUG com.tngtech.archunit.core.importer.JavaClassProcessor - Processing class 'java/util/concurrent/ConcurrentHashMap$ValuesView'
10:41:48.490 [Test worker] DEBUG com.tngtech.archunit.core.importer.JavaClassProcessor - Processing class 'java/util/concurrent/ConcurrentHashMap$EntrySetView'
10:41:48.490 [Test worker] DEBUG com.tngtech.archunit.core.importer.JavaClassProcessor - Processing class 'java/util/concurrent/ConcurrentHashMap$KeySetView'
10:41:48.490 [Test worker] DEBUG com.tngtech.archunit.core.importer.JavaClassProcessor - Processing class 'jdk/internal/misc/Unsafe'
10:41:48.494 [Test worker] DEBUG com.tngtech.archunit.core.importer.JavaClassProcessor - Processing class 'java/util/function/ToIntBiFunction'
10:41:48.494 [Test worker] DEBUG com.tngtech.archunit.core.importer.JavaClassProcessor - Processing class 'java/util/concurrent/ConcurrentHashMap$TreeBin'
10:41:48.494 [Test worker] DEBUG com.tngtech.archunit.core.importer.JavaClassProcessor - Processing class 'java/util/concurrent/ConcurrentHashMap$ReservationNode'
10:41:48.495 [Test worker] DEBUG com.tngtech.archunit.core.importer.JavaClassProcessor - Processing class 'java/lang/reflect/ParameterizedType'
10:41:48.495 [Test worker] DEBUG com.tngtech.archunit.core.importer.JavaClassProcessor - Processing class 'java/util/concurrent/ConcurrentHashMap$ForwardingNode'
10:41:48.496 [Test worker] DEBUG com.tngtech.archunit.core.importer.JavaClassProcessor - Processing class 'java/util/Enumeration'
10:41:48.496 [Test worker] DEBUG com.tngtech.archunit.core.importer.JavaClassProcessor - Processing class 'java/util/function/ToDoubleBiFunction'
10:41:48.496 [Test worker] DEBUG com.tngtech.archunit.core.importer.JavaClassProcessor - Processing class 'java/util/function/ToLongBiFunction'
10:41:48.497 [Test worker] DEBUG com.tngtech.archunit.core.importer.JavaClassProcessor - Processing class 'java/util/concurrent/ConcurrentHashMap$Segment'
10:41:48.497 [Test worker] DEBUG com.tngtech.archunit.core.importer.JavaClassProcessor - Processing class 'java/util/concurrent/locks/LockSupport'
10:41:48.499 [Test worker] DEBUG com.tngtech.archunit.core.importer.JavaClassProcessor - Processing class 'java/util/OptionalDouble'
10:41:48.499 [Test worker] DEBUG com.tngtech.archunit.core.importer.JavaClassProcessor - Processing class 'java/util/function/DoublePredicate'
10:41:48.499 [Test worker] DEBUG com.tngtech.archunit.core.importer.JavaClassProcessor - Processing class 'java/util/function/DoubleUnaryOperator'
10:41:48.499 [Test worker] DEBUG com.tngtech.archunit.core.importer.JavaClassProcessor - Processing class 'java/util/function/DoubleToIntFunction'
10:41:48.499 [Test worker] DEBUG com.tngtech.archunit.core.importer.JavaClassProcessor - Processing class 'java/util/stream/DoubleStream$Builder'
10:41:48.501 [Test worker] DEBUG com.tngtech.archunit.core.importer.JavaClassProcessor - Processing class 'java/util/function/ObjDoubleConsumer'
10:41:48.501 [Test worker] DEBUG com.tngtech.archunit.core.importer.JavaClassProcessor - Processing class 'java/util/function/DoubleToLongFunction'
10:41:48.501 [Test worker] DEBUG com.tngtech.archunit.core.importer.JavaClassProcessor - Processing class 'java/util/function/DoubleSupplier'
10:41:48.501 [Test worker] DEBUG com.tngtech.archunit.core.importer.JavaClassProcessor - Processing class 'java/util/function/DoubleFunction'
10:41:48.501 [Test worker] DEBUG com.tngtech.archunit.core.importer.JavaClassProcessor - Processing class 'java/util/stream/DoubleStream$DoubleMapMultiConsumer'
10:41:48.501 [Test worker] DEBUG com.tngtech.archunit.core.importer.JavaClassProcessor - Processing class 'java/util/PrimitiveIterator$OfDouble'
10:41:48.502 [Test worker] DEBUG com.tngtech.archunit.core.importer.JavaClassProcessor - Processing class 'java/util/PrimitiveIterator$OfInt'
10:41:48.502 [Test worker] DEBUG com.tngtech.archunit.core.importer.JavaClassProcessor - Processing class 'java/util/function/IntPredicate'
10:41:48.502 [Test worker] DEBUG com.tngtech.archunit.core.importer.JavaClassProcessor - Processing class 'java/util/OptionalInt'
10:41:48.502 [Test worker] DEBUG com.tngtech.archunit.core.importer.JavaClassProcessor - Processing class 'java/util/function/IntSupplier'
10:41:48.502 [Test worker] DEBUG com.tngtech.archunit.core.importer.JavaClassProcessor - Processing class 'java/util/stream/IntStream$Builder'
10:41:48.503 [Test worker] DEBUG com.tngtech.archunit.core.importer.JavaClassProcessor - Processing class 'java/util/function/ObjIntConsumer'
10:41:48.503 [Test worker] DEBUG com.tngtech.archunit.core.importer.JavaClassProcessor - Processing class 'java/util/stream/IntStream$IntMapMultiConsumer'
10:41:48.503 [Test worker] DEBUG com.tngtech.archunit.core.importer.JavaClassProcessor - Processing class 'java/util/function/LongPredicate'
10:41:48.503 [Test worker] DEBUG com.tngtech.archunit.core.importer.JavaClassProcessor - Processing class 'java/util/function/LongUnaryOperator'
10:41:48.503 [Test worker] DEBUG com.tngtech.archunit.core.importer.JavaClassProcessor - Processing class 'java/util/OptionalLong'
10:41:48.503 [Test worker] DEBUG com.tngtech.archunit.core.importer.JavaClassProcessor - Processing class 'java/util/function/LongFunction'
10:41:48.504 [Test worker] DEBUG com.tngtech.archunit.core.importer.JavaClassProcessor - Processing class 'java/util/function/LongSupplier'
10:41:48.504 [Test worker] DEBUG com.tngtech.archunit.core.importer.JavaClassProcessor - Processing class 'java/util/function/LongToIntFunction'
10:41:48.504 [Test worker] DEBUG com.tngtech.archunit.core.importer.JavaClassProcessor - Processing class 'java/util/stream/LongStream$Builder'
10:41:48.504 [Test worker] DEBUG com.tngtech.archunit.core.importer.JavaClassProcessor - Processing class 'java/util/stream/LongStream$LongMapMultiConsumer'
10:41:48.504 [Test worker] DEBUG com.tngtech.archunit.core.importer.JavaClassProcessor - Processing class 'java/util/function/ObjLongConsumer'
10:41:48.504 [Test worker] DEBUG com.tngtech.archunit.core.importer.JavaClassProcessor - Processing class 'java/util/PrimitiveIterator$OfLong'
10:41:48.504 [Test worker] DEBUG com.tngtech.archunit.core.importer.JavaClassProcessor - Processing class 'java/util/function/LongToDoubleFunction'
10:41:48.505 [Test worker] DEBUG com.tngtech.archunit.core.importer.JavaClassProcessor - Processing class 'java/util/stream/Stream$Builder'
10:41:48.508 [Test worker] DEBUG com.tngtech.archunit.core.importer.JavaClassProcessor - Processing class 'javax/persistence/UniqueConstraint'
10:41:48.509 [Test worker] DEBUG com.tngtech.archunit.core.importer.JavaClassProcessor - Processing class 'javax/persistence/Index'
10:41:48.509 [Test worker] DEBUG com.tngtech.archunit.core.importer.JavaClassProcessor - Processing class 'javax/security/auth/DestroyFailedException'
10:41:48.509 [Test worker] DEBUG com.tngtech.archunit.core.importer.JavaClassProcessor - Processing class 'javax/servlet/FilterConfig'
10:41:48.509 [Test worker] DEBUG com.tngtech.archunit.core.importer.JavaClassProcessor - Processing class 'java/util/EnumSet'
10:41:48.510 [Test worker] DEBUG com.tngtech.archunit.core.importer.JavaClassProcessor - Processing class 'javax/servlet/ServletConfig'
10:41:48.511 [Test worker] DEBUG com.tngtech.archunit.core.importer.JavaClassProcessor - Processing class 'javax/servlet/ServletSecurityElement'
10:41:48.511 [Test worker] DEBUG com.tngtech.archunit.core.importer.JavaClassProcessor - Processing class 'javax/servlet/MultipartConfigElement'
10:41:48.511 [Test worker] DEBUG com.tngtech.archunit.core.importer.JavaClassProcessor - Processing class 'java/io/BufferedReader'
10:41:48.512 [Test worker] DEBUG com.tngtech.archunit.core.importer.JavaClassProcessor - Processing class 'javax/servlet/RequestDispatcher'
10:41:48.512 [Test worker] DEBUG com.tngtech.archunit.core.importer.JavaClassProcessor - Processing class 'javax/servlet/AsyncContext'
10:41:48.512 [Test worker] DEBUG com.tngtech.archunit.core.importer.JavaClassProcessor - Processing class 'javax/servlet/ServletInputStream'
10:41:48.512 [Test worker] DEBUG com.tngtech.archunit.core.importer.JavaClassProcessor - Processing class 'javax/servlet/ServletContext'
10:41:48.513 [Test worker] DEBUG com.tngtech.archunit.core.importer.JavaClassProcessor - Processing class 'javax/servlet/ServletOutputStream'
10:41:48.513 [Test worker] DEBUG com.tngtech.archunit.core.importer.JavaClassProcessor - Processing class 'javax/servlet/http/Cookie'
10:41:48.514 [Test worker] DEBUG com.tngtech.archunit.core.importer.JavaClassProcessor - Processing class 'java/security/Principal'
10:41:48.514 [Test worker] DEBUG com.tngtech.archunit.core.importer.JavaClassProcessor - Processing class 'javax/servlet/http/HttpSession'
10:41:48.514 [Test worker] DEBUG com.tngtech.archunit.core.importer.JavaClassProcessor - Processing class 'javax/servlet/http/PushBuilder'
10:41:48.514 [Test worker] DEBUG com.tngtech.archunit.core.importer.JavaClassProcessor - Processing class 'javax/servlet/http/HttpServletMapping'
10:41:48.515 [Test worker] DEBUG com.tngtech.archunit.core.importer.JavaClassProcessor - Processing class 'javax/servlet/http/WebConnection'
10:41:48.515 [Test worker] DEBUG com.tngtech.archunit.core.importer.JavaClassProcessor - Processing class 'java/security/MessageDigest'
10:41:48.515 [Test worker] DEBUG com.tngtech.archunit.core.importer.JavaClassProcessor - Processing class 'java/io/File'
10:41:48.516 [Test worker] DEBUG com.tngtech.archunit.core.importer.JavaClassProcessor - Processing class 'java/nio/channels/FileChannel'
10:41:48.517 [Test worker] DEBUG com.tngtech.archunit.core.importer.JavaClassProcessor - Processing class 'java/nio/file/Path'
10:41:48.518 [Test worker] DEBUG com.tngtech.archunit.core.importer.JavaClassProcessor - Processing class 'java/nio/file/OpenOption'
10:41:48.518 [Test worker] DEBUG com.tngtech.archunit.core.importer.JavaClassProcessor - Processing class 'java/io/RandomAccessFile'
10:41:48.519 [Test worker] DEBUG com.tngtech.archunit.core.importer.JavaClassProcessor - Processing class 'org/aspectj/lang/reflect/SourceLocation'
10:41:48.519 [Test worker] DEBUG com.tngtech.archunit.core.importer.JavaClassProcessor - Processing class 'org/aspectj/lang/JoinPoint$StaticPart'
10:41:48.520 [Test worker] DEBUG com.tngtech.archunit.core.importer.JavaClassProcessor - Processing class 'org/aspectj/runtime/internal/AroundClosure'
10:41:48.520 [Test worker] DEBUG com.tngtech.archunit.core.importer.JavaClassProcessor - Processing class 'org/slf4j/Marker'
10:41:48.521 [Test worker] DEBUG com.tngtech.archunit.core.importer.JavaClassProcessor - Processing class 'org/slf4j/helpers/NOPLoggerFactory'
10:41:48.521 [Test worker] DEBUG com.tngtech.archunit.core.importer.JavaClassProcessor - Processing class 'org/slf4j/helpers/SubstituteLoggerFactory'
10:41:48.522 [Test worker] DEBUG com.tngtech.archunit.core.importer.JavaClassProcessor - Processing class 'org/slf4j/event/SubstituteLoggingEvent'
10:41:48.522 [Test worker] DEBUG com.tngtech.archunit.core.importer.JavaClassProcessor - Processing class 'org/slf4j/ILoggerFactory'
10:41:48.522 [Test worker] DEBUG com.tngtech.archunit.core.importer.JavaClassProcessor - Processing class 'org/aopalliance/aop/Advice'
10:41:48.523 [Test worker] DEBUG com.tngtech.archunit.core.importer.JavaClassProcessor - Processing class 'org/springframework/aop/ClassFilter'
10:41:48.523 [Test worker] DEBUG com.tngtech.archunit.core.importer.JavaClassProcessor - Processing class 'org/springframework/aop/Pointcut'
10:41:48.524 [Test worker] DEBUG com.tngtech.archunit.core.importer.JavaClassProcessor - Processing class 'org/springframework/beans/factory/NoSuchBeanDefinitionException'
10:41:48.524 [Test worker] DEBUG com.tngtech.archunit.core.importer.JavaClassProcessor - Processing class 'org/springframework/core/ResolvableType'
10:41:48.525 [Test worker] DEBUG com.tngtech.archunit.core.importer.JavaClassProcessor - Processing class 'org/springframework/beans/BeansException'
10:41:48.526 [Test worker] DEBUG com.tngtech.archunit.core.importer.JavaClassProcessor - Processing class 'org/springframework/beans/factory/ObjectProvider'
10:41:48.528 [Test worker] DEBUG com.tngtech.archunit.core.importer.JavaClassProcessor - Processing class 'org/springframework/beans/factory/config/BeanDefinition'
10:41:48.528 [Test worker] DEBUG com.tngtech.archunit.core.importer.JavaClassProcessor - Processing class 'org/springframework/beans/factory/support/BeanDefinitionRegistry'
10:41:48.529 [Test worker] DEBUG com.tngtech.archunit.core.importer.JavaClassProcessor - Processing class 'org/springframework/boot/BootstrapRegistry'
10:41:48.529 [Test worker] DEBUG com.tngtech.archunit.core.importer.JavaClassProcessor - Processing class 'org/springframework/core/metrics/ApplicationStartup'
10:41:48.530 [Test worker] DEBUG com.tngtech.archunit.core.importer.JavaClassProcessor - Processing class 'org/springframework/boot/SpringApplicationShutdownHook'
10:41:48.531 [Test worker] DEBUG com.tngtech.archunit.core.importer.JavaClassProcessor - Processing class 'org/springframework/boot/ApplicationContextFactory'
10:41:48.531 [Test worker] DEBUG com.tngtech.archunit.core.importer.JavaClassProcessor - Processing class 'org/springframework/boot/Banner'
10:41:48.531 [Test worker] DEBUG com.tngtech.archunit.core.importer.JavaClassProcessor - Processing class 'org/apache/commons/logging/Log'
10:41:48.532 [Test worker] DEBUG com.tngtech.archunit.core.importer.JavaClassProcessor - Processing class 'org/springframework/boot/WebApplicationType'
10:41:48.532 [Test worker] DEBUG com.tngtech.archunit.core.importer.JavaClassProcessor - Processing class 'org/springframework/boot/Banner$Mode'
10:41:48.533 [Test worker] DEBUG com.tngtech.archunit.core.importer.JavaClassProcessor - Processing class 'org/springframework/boot/ApplicationRunner'
10:41:48.533 [Test worker] DEBUG com.tngtech.archunit.core.importer.JavaClassProcessor - Processing class 'org/springframework/boot/ApplicationArguments'
10:41:48.533 [Test worker] DEBUG com.tngtech.archunit.core.importer.JavaClassProcessor - Processing class 'org/springframework/boot/ExitCodeExceptionMapper'
10:41:48.534 [Test worker] DEBUG com.tngtech.archunit.core.importer.JavaClassProcessor - Processing class 'org/springframework/boot/SpringBootExceptionHandler'
10:41:48.534 [Test worker] DEBUG com.tngtech.archunit.core.importer.JavaClassProcessor - Processing class 'org/springframework/boot/SpringApplicationShutdownHandlers'
10:41:48.534 [Test worker] DEBUG com.tngtech.archunit.core.importer.JavaClassProcessor - Processing class 'org/springframework/boot/SpringApplicationRunListeners'
10:41:48.535 [Test worker] DEBUG com.tngtech.archunit.core.importer.JavaClassProcessor - Processing class 'org/springframework/boot/DefaultBootstrapContext'
10:41:48.535 [Test worker] DEBUG com.tngtech.archunit.core.importer.JavaClassProcessor - Processing class 'org/springframework/boot/SpringApplicationRunListener'
10:41:48.536 [Test worker] DEBUG com.tngtech.archunit.core.importer.JavaClassProcessor - Processing class 'org/springframework/context/support/AbstractApplicationContext'
10:41:48.537 [Test worker] DEBUG com.tngtech.archunit.core.importer.JavaClassProcessor - Processing class 'org/springframework/context/support/GenericApplicationContext'
10:41:48.537 [Test worker] DEBUG com.tngtech.archunit.core.importer.JavaClassProcessor - Processing class 'org/springframework/core/io/DefaultResourceLoader'
10:41:48.538 [Test worker] DEBUG com.tngtech.archunit.core.importer.JavaClassProcessor - Processing class 'org/springframework/boot/CommandLineRunner'
10:41:48.538 [Test worker] DEBUG com.tngtech.archunit.core.importer.JavaClassProcessor - Processing class 'org/springframework/boot/ApplicationReactiveWebEnvironment'
10:41:48.538 [Test worker] DEBUG com.tngtech.archunit.core.importer.JavaClassProcessor - Processing class 'org/springframework/boot/ApplicationEnvironment'
10:41:48.538 [Test worker] DEBUG com.tngtech.archunit.core.importer.JavaClassProcessor - Processing class 'org/springframework/boot/ApplicationServletEnvironment'
10:41:48.539 [Test worker] DEBUG com.tngtech.archunit.core.importer.JavaClassProcessor - Processing class 'org/springframework/boot/BeanDefinitionLoader'
10:41:48.539 [Test worker] DEBUG com.tngtech.archunit.core.importer.JavaClassProcessor - Processing class 'org/springframework/boot/ExitCodeGenerator'
10:41:48.539 [Test worker] DEBUG com.tngtech.archunit.core.importer.JavaClassProcessor - Processing class 'org/springframework/beans/factory/support/AbstractAutowireCapableBeanFactory'
10:41:48.540 [Test worker] DEBUG com.tngtech.archunit.core.importer.JavaClassProcessor - Processing class 'org/springframework/beans/factory/support/DefaultListableBeanFactory'
10:41:48.543 [Test worker] DEBUG com.tngtech.archunit.core.importer.JavaClassProcessor - Processing class 'org/springframework/core/type/classreading/MetadataReader'
10:41:48.543 [Test worker] DEBUG com.tngtech.archunit.core.importer.JavaClassProcessor - Processing class 'org/springframework/core/type/classreading/MetadataReaderFactory'
10:41:48.544 [Test worker] DEBUG com.tngtech.archunit.core.importer.JavaClassProcessor - Processing class 'org/springframework/boot/autoconfigure/AutoConfigurationMetadata'
10:41:48.544 [Test worker] DEBUG com.tngtech.archunit.core.importer.JavaClassProcessor - Processing class 'org/springframework/boot/autoconfigure/AutoConfigurationImportEvent'
10:41:48.544 [Test worker] DEBUG com.tngtech.archunit.core.importer.JavaClassProcessor - Processing class 'org/springframework/boot/autoconfigure/AutoConfigurationImportSelector$AutoConfigurationEntry'
10:41:48.545 [Test worker] DEBUG com.tngtech.archunit.core.importer.JavaClassProcessor - Processing class 'org/springframework/beans/factory/config/ConfigurableListableBeanFactory'
10:41:48.545 [Test worker] DEBUG com.tngtech.archunit.core.importer.JavaClassProcessor - Processing class 'org/springframework/boot/autoconfigure/AutoConfigurationImportSelector$ConfigurationClassFilter'
10:41:48.546 [Test worker] DEBUG com.tngtech.archunit.core.importer.JavaClassProcessor - Processing class 'org/springframework/core/annotation/AnnotationAttributes'
10:41:48.548 [Test worker] DEBUG com.tngtech.archunit.core.importer.JavaClassProcessor - Processing class 'org/springframework/core/type/AnnotationMetadata'
10:41:48.548 [Test worker] DEBUG com.tngtech.archunit.core.importer.JavaClassProcessor - Processing class 'org/springframework/boot/autoconfigure/AutoConfigurationImportSelector$AutoConfigurationGroup'
10:41:48.550 [Test worker] DEBUG com.tngtech.archunit.core.importer.JavaClassProcessor - Processing class 'org/springframework/boot/autoconfigure/AutoConfigurationPackages$BasePackages'
10:41:48.550 [Test worker] DEBUG com.tngtech.archunit.core.importer.JavaClassProcessor - Processing class 'org/springframework/boot/web/client/BasicAuthentication'
10:41:48.550 [Test worker] DEBUG com.tngtech.archunit.core.importer.JavaClassProcessor - Processing class 'org/springframework/web/util/UriTemplateHandler'
10:41:48.551 [Test worker] DEBUG com.tngtech.archunit.core.importer.JavaClassProcessor - Processing class 'org/springframework/boot/web/client/RestTemplateBuilder$RequestFactoryCustomizer'
10:41:48.551 [Test worker] DEBUG com.tngtech.archunit.core.importer.JavaClassProcessor - Processing class 'org/springframework/web/client/ResponseErrorHandler'
10:41:48.555 [Test worker] DEBUG com.tngtech.archunit.core.importer.JavaClassProcessor - Processing class 'org/springframework/beans/factory/config/AutowireCapableBeanFactory'
10:41:48.556 [Test worker] DEBUG com.tngtech.archunit.core.importer.JavaClassProcessor - Processing class 'org/springframework/core/io/ProtocolResolver'
10:41:48.556 [Test worker] DEBUG com.tngtech.archunit.core.importer.JavaClassProcessor - Processing class 'org/springframework/beans/factory/config/BeanFactoryPostProcessor'
10:41:48.556 [Test worker] DEBUG com.tngtech.archunit.core.importer.JavaClassProcessor - Processing class 'org/springframework/context/NoSuchMessageException'
10:41:48.557 [Test worker] DEBUG com.tngtech.archunit.core.importer.JavaClassProcessor - Processing class 'org/springframework/context/MessageSourceResolvable'
10:41:48.557 [Test worker] DEBUG com.tngtech.archunit.core.importer.JavaClassProcessor - Processing class 'org/springframework/context/annotation/ScopeMetadata'
10:41:48.557 [Test worker] DEBUG com.tngtech.archunit.core.importer.JavaClassProcessor - Processing class 'org/springframework/beans/factory/annotation/AnnotatedBeanDefinition'
10:41:48.558 [Test worker] DEBUG com.tngtech.archunit.core.importer.JavaClassProcessor - Processing class 'org/springframework/context/annotation/Scope'
10:41:48.560 [Test worker] DEBUG com.tngtech.archunit.core.importer.JavaClassProcessor - Processing class 'org/springframework/core/env/MutablePropertySources'
10:41:48.561 [Test worker] DEBUG com.tngtech.archunit.core.importer.JavaClassProcessor - Processing class 'org/springframework/core/convert/support/ConfigurableConversionService'
10:41:48.561 [Test worker] DEBUG com.tngtech.archunit.core.importer.JavaClassProcessor - Processing class 'org/springframework/core/env/Profiles'
10:41:48.562 [Test worker] DEBUG com.tngtech.archunit.core.importer.JavaClassProcessor - Processing class 'org/springframework/core/env/MissingRequiredPropertiesException'
10:41:48.563 [Test worker] DEBUG com.tngtech.archunit.core.importer.JavaClassProcessor - Processing class 'org/springframework/core/io/Resource'
10:41:48.564 [Test worker] DEBUG com.tngtech.archunit.core.importer.JavaClassProcessor - Processing class 'org/springframework/data/domain/Example'
10:41:48.564 [Test worker] DEBUG com.tngtech.archunit.core.importer.JavaClassProcessor - Processing class 'org/springframework/data/domain/Sort'
10:41:48.565 [Test worker] DEBUG com.tngtech.archunit.core.importer.JavaClassProcessor - Processing class 'org/springframework/data/domain/Page'
10:41:48.565 [Test worker] DEBUG com.tngtech.archunit.core.importer.JavaClassProcessor - Processing class 'org/springframework/data/domain/Pageable'
10:41:48.566 [Test worker] DEBUG com.tngtech.archunit.core.importer.JavaClassProcessor - Processing class 'java/util/regex/Pattern'
10:41:48.567 [Test worker] DEBUG com.tngtech.archunit.core.importer.JavaClassProcessor - Processing class 'java/text/DecimalFormatSymbols'
10:41:48.568 [Test worker] DEBUG com.tngtech.archunit.core.importer.JavaClassProcessor - Processing class 'org/springframework/http/ContentDisposition'
10:41:48.569 [Test worker] DEBUG com.tngtech.archunit.core.importer.JavaClassProcessor - Processing class 'org/springframework/http/ReadOnlyHttpHeaders'
10:41:48.569 [Test worker] DEBUG com.tngtech.archunit.core.importer.JavaClassProcessor - Processing class 'java/net/InetSocketAddress'
10:41:48.569 [Test worker] DEBUG com.tngtech.archunit.core.importer.JavaClassProcessor - Processing class 'org/springframework/http/CacheControl'
10:41:48.571 [Test worker] DEBUG com.tngtech.archunit.core.importer.JavaClassProcessor - Processing class 'java/io/OutputStream'
10:41:48.572 [Test worker] DEBUG com.tngtech.archunit.core.importer.JavaClassProcessor - Processing class 'org/springframework/core/io/InputStreamResource'
10:41:48.573 [Test worker] DEBUG com.tngtech.archunit.core.importer.JavaClassProcessor - Processing class 'org/springframework/http/HttpStatus$Series'
10:41:48.574 [Test worker] DEBUG com.tngtech.archunit.core.importer.JavaClassProcessor - Processing class 'org/springframework/http/ResponseEntity$HeadersBuilder'
10:41:48.574 [Test worker] DEBUG com.tngtech.archunit.core.importer.JavaClassProcessor - Processing class 'org/springframework/http/ResponseEntity$BodyBuilder'
10:41:48.575 [Test worker] DEBUG com.tngtech.archunit.core.importer.JavaClassProcessor - Processing class 'org/springframework/http/ResponseEntity$1'
10:41:48.575 [Test worker] DEBUG com.tngtech.archunit.core.importer.JavaClassProcessor - Processing class 'org/springframework/http/client/ClientHttpResponse'
10:41:48.576 [Test worker] DEBUG com.tngtech.archunit.core.importer.JavaClassProcessor - Processing class 'org/springframework/http/client/ClientHttpRequestExecution'
10:41:48.576 [Test worker] DEBUG com.tngtech.archunit.core.importer.JavaClassProcessor - Processing class 'org/springframework/http/converter/HttpMessageNotWritableException'
10:41:48.577 [Test worker] DEBUG com.tngtech.archunit.core.importer.JavaClassProcessor - Processing class 'org/springframework/http/HttpInputMessage'
10:41:48.577 [Test worker] DEBUG com.tngtech.archunit.core.importer.JavaClassProcessor - Processing class 'org/springframework/http/converter/HttpMessageNotReadableException'
10:41:48.578 [Test worker] DEBUG com.tngtech.archunit.core.importer.JavaClassProcessor - Processing class 'org/springframework/retry/RetryContext'
10:41:48.579 [Test worker] DEBUG com.tngtech.archunit.core.importer.JavaClassProcessor - Processing class 'org/springframework/retry/RetryCallback'
10:41:48.580 [Test worker] DEBUG com.tngtech.archunit.core.importer.JavaClassProcessor - Processing class 'org/springframework/retry/annotation/AnnotationAwareRetryOperationsInterceptor'
10:41:48.581 [Test worker] DEBUG com.tngtech.archunit.core.importer.JavaClassProcessor - Processing class 'org/springframework/retry/policy/RetryContextCache'
10:41:48.581 [Test worker] DEBUG com.tngtech.archunit.core.importer.JavaClassProcessor - Processing class 'org/springframework/retry/interceptor/NewMethodArgumentsIdentifier'
10:41:48.581 [Test worker] DEBUG com.tngtech.archunit.core.importer.JavaClassProcessor - Processing class 'org/springframework/retry/interceptor/MethodArgumentsKeyGenerator'
10:41:48.582 [Test worker] DEBUG com.tngtech.archunit.core.importer.JavaClassProcessor - Processing class 'org/springframework/retry/backoff/Sleeper'
10:41:48.582 [Test worker] DEBUG com.tngtech.archunit.core.importer.JavaClassProcessor - Processing class 'org/springframework/retry/annotation/Retryable'
10:41:48.583 [Test worker] DEBUG com.tngtech.archunit.core.importer.JavaClassProcessor - Processing class 'org/springframework/retry/interceptor/Retryable'
10:41:48.583 [Test worker] DEBUG com.tngtech.archunit.core.importer.JavaClassProcessor - Processing class 'java/util/BitSet'
10:41:48.587 [Test worker] DEBUG com.tngtech.archunit.core.importer.JavaClassProcessor - Processing class 'org/springframework/web/client/RestClientException'
10:41:48.587 [Test worker] DEBUG com.tngtech.archunit.core.importer.JavaClassProcessor - Processing class 'org/springframework/core/ParameterizedTypeReference'
10:41:48.588 [Test worker] DEBUG com.tngtech.archunit.core.importer.JavaClassProcessor - Processing class 'org/springframework/web/client/RequestCallback'
10:41:48.589 [Test worker] DEBUG com.tngtech.archunit.core.importer.JavaClassProcessor - Processing class 'org/springframework/web/client/ResponseExtractor'
10:41:48.589 [Test worker] DEBUG com.tngtech.archunit.core.importer.JavaClassProcessor - Processing class 'org/springframework/http/RequestEntity'
10:41:48.590 [Test worker] DEBUG com.tngtech.archunit.core.importer.JavaClassProcessor - Processing class 'org/springframework/web/util/DefaultUriBuilderFactory'
10:41:48.591 [Test worker] DEBUG com.tngtech.archunit.core.importer.JavaClassProcessor - Processing class 'org/springframework/web/util/AbstractUriTemplateHandler'
10:41:48.592 [Test worker] DEBUG com.tngtech.archunit.core.importer.JavaClassProcessor - Processing class 'org/springframework/http/RequestEntity$UriTemplateRequestEntity'
10:41:48.594 [Test worker] DEBUG com.tngtech.archunit.core.importer.JavaClassProcessor - Processing class 'org/springframework/beans/BeanWrapper'
10:41:48.596 [Test worker] DEBUG com.tngtech.archunit.core.importer.JavaClassProcessor - Processing class 'sun/util/locale/LocaleSyntaxException'
10:41:48.596 [Test worker] DEBUG com.tngtech.archunit.core.importer.JavaClassProcessor - Processing class 'sun/util/locale/LanguageTag'
10:41:48.597 [Test worker] DEBUG com.tngtech.archunit.core.importer.JavaClassProcessor - Processing class 'sun/util/locale/UnicodeLocaleExtension'
10:41:48.632 [Test worker] DEBUG com.tngtech.archunit.core.importer.UrlSource$From - Found URLs on sun.boot.class.path: []
10:41:48.637 [Test worker] DEBUG com.tngtech.archunit.core.importer.UrlSource$From - Found URLs on java.class.path: [jar:file:/C:/Users/santiago.cardenas/.gradle/caches/7.6.1/workerMain/gradle-worker.jar!/, file:/C:/Users/santiago.cardenas/Desktop/TrafficAgent/TrafficAgent/build/classes/java/test/, file:/C:/Users/santiago.cardenas/Desktop/TrafficAgent/TrafficAgent/build/resources/test/, file:/C:/Users/santiago.cardenas/Desktop/TrafficAgent/TrafficAgent/build/classes/java/main/, file:/C:/Users/santiago.cardenas/Desktop/TrafficAgent/TrafficAgent/build/resources/main/, jar:file:/C:/Users/santiago.cardenas/.gradle/caches/modules-2/files-2.1/org.springframework.boot/spring-boot-starter-web/2.6.3/ceb6e909c144daf9e792069f5f0efd105c8712a/spring-boot-starter-web-2.6.3.jar!/, jar:file:/C:/Users/santiago.cardenas/.gradle/caches/modules-2/files-2.1/org.springframework.boot/spring-boot-starter-undertow/2.6.3/988095d74254727e400818c46de206242a427de5/spring-boot-starter-undertow-2.6.3.jar!/, jar:file:/C:/Users/santiago.cardenas/.gradle/caches/modules-2/files-2.1/org.springframework.boot/spring-boot-starter-data-jpa/2.6.3/74c60a724e4f81c7527b848ee24e91ba6facfe24/spring-boot-starter-data-jpa-2.6.3.jar!/, jar:file:/C:/Users/santiago.cardenas/.gradle/caches/modules-2/files-2.1/org.postgresql/postgresql/42.3.1/9ca7df660e875b91c78e3d1608d4d7469ad3470c/postgresql-42.3.1.jar!/, jar:file:/C:/Users/santiago.cardenas/.gradle/caches/modules-2/files-2.1/org.springframework.retry/spring-retry/2.0.0/6a7a653901b58eb741692417f33b5bebedbd01f7/spring-retry-2.0.0.jar!/, jar:file:/C:/Users/santiago.cardenas/.gradle/caches/modules-2/files-2.1/io.jsonwebtoken/jjwt/0.9.1/54d2abfc3e63a28824d35bf600d6a5d627da681a/jjwt-0.9.1.jar!/, jar:file:/C:/Users/santiago.cardenas/.gradle/caches/modules-2/files-2.1/com.auth0/java-jwt/4.2.1/904306772bb7d43750527f84d7b23589a1f9ab12/java-jwt-4.2.1.jar!/, jar:file:/C:/Users/santiago.cardenas/.gradle/caches/modules-2/files-2.1/commons-codec/commons-codec/1.15/49d94806b6e3dc933dacbd8acb0fdbab8ebd1e5d/commons-codec-1.15.jar!/, jar:file:/C:/Users/santiago.cardenas/.gradle/caches/modules-2/files-2.1/org.springframework.boot/spring-boot-starter-aop/2.6.3/338cbbfe2667aea23d95672093e05b5f54630c5a/spring-boot-starter-aop-2.6.3.jar!/, jar:file:/C:/Users/santiago.cardenas/.gradle/caches/modules-2/files-2.1/com.h2database/h2/2.1.214/d5c2005c9e3279201e12d4776c948578b16bf8b2/h2-2.1.214.jar!/, jar:file:/C:/Users/santiago.cardenas/.gradle/caches/modules-2/files-2.1/org.springframework.boot/spring-boot-starter-test/2.6.3/1ac659fc8c6d7285218b7ff79d67b87736f4ddf2/spring-boot-starter-test-2.6.3.jar!/, jar:file:/C:/Users/santiago.cardenas/.gradle/caches/modules-2/files-2.1/com.tngtech.archunit/archunit-junit5/1.0.0/d381ade9436d047877181fe50f508318e6a5a8/archunit-junit5-1.0.0.jar!/, jar:file:/C:/Users/santiago.cardenas/.gradle/caches/modules-2/files-2.1/org.springframework.boot/spring-boot-starter-json/2.6.3/b43885849bde2ad5d436c5acdd43b21730f9c676/spring-boot-starter-json-2.6.3.jar!/, jar:file:/C:/Users/santiago.cardenas/.gradle/caches/modules-2/files-2.1/org.springframework.boot/spring-boot-starter-jdbc/2.6.3/17871ef6920a3decad5f10181b2baf198ea2b787/spring-boot-starter-jdbc-2.6.3.jar!/, jar:file:/C:/Users/santiago.cardenas/.gradle/caches/modules-2/files-2.1/org.springframework.boot/spring-boot-starter/2.6.3/1211af6e300c0584e01c7a9a75e585ac0aec6ea6/spring-boot-starter-2.6.3.jar!/, jar:file:/C:/Users/santiago.cardenas/.gradle/caches/modules-2/files-2.1/org.springframework/spring-webmvc/5.3.15/28307dda4cb5fbeb6f7d7e7c846f464da0eba955/spring-webmvc-5.3.15.jar!/, jar:file:/C:/Users/santiago.cardenas/.gradle/caches/modules-2/files-2.1/org.springframework/spring-web/5.3.15/a228b373eff7fe34e868827ab02c91b8bf7a643e/spring-web-5.3.15.jar!/, jar:file:/C:/Users/santiago.cardenas/.gradle/caches/modules-2/files-2.1/io.undertow/undertow-websockets-jsr/2.2.14.Final/fffc3ffff1880fd695c22164d37bd16dc1dc4b7e/undertow-websockets-jsr-2.2.14.Final.jar!/, jar:file:/C:/Users/santiago.cardenas/.gradle/caches/modules-2/files-2.1/io.undertow/undertow-servlet/2.2.14.Final/8354ab1476d85dec5ee743a0f40b113cf29a55b8/undertow-servlet-2.2.14.Final.jar!/, jar:file:/C:/Users/santiago.cardenas/.gradle/caches/modules-2/files-2.1/io.undertow/undertow-core/2.2.14.Final/deb02123fba830230d1837a1e6b3731607196a41/undertow-core-2.2.14.Final.jar!/, jar:file:/C:/Users/santiago.cardenas/.gradle/caches/modules-2/files-2.1/jakarta.servlet/jakarta.servlet-api/4.0.4/b8a1142e04838fe54194049c6e7a18dae8f9b960/jakarta.servlet-api-4.0.4.jar!/, jar:file:/C:/Users/santiago.cardenas/.gradle/caches/modules-2/files-2.1/jakarta.websocket/jakarta.websocket-api/1.1.2/69c2fdfb75081cc935bc9d6c5616d12b0b73815f/jakarta.websocket-api-1.1.2.jar!/, jar:file:/C:/Users/santiago.cardenas/.gradle/caches/modules-2/files-2.1/org.apache.tomcat.embed/tomcat-embed-el/9.0.56/8e4f28f714693ad4e158e61f41371d4e4c6b4e23/tomcat-embed-el-9.0.56.jar!/, jar:file:/C:/Users/santiago.cardenas/.gradle/caches/modules-2/files-2.1/jakarta.transaction/jakarta.transaction-api/1.3.3/c4179d48720a1e87202115fbed6089bdc4195405/jakarta.transaction-api-1.3.3.jar!/, jar:file:/C:/Users/santiago.cardenas/.gradle/caches/modules-2/files-2.1/jakarta.persistence/jakarta.persistence-api/2.2.3/8f6ea5daedc614f07a3654a455660145286f024e/jakarta.persistence-api-2.2.3.jar!/, jar:file:/C:/Users/santiago.cardenas/.gradle/caches/modules-2/files-2.1/org.hibernate/hibernate-core/5.6.4.Final/a21d3a313d8fa4dbf2d05aa50ef3157a8081e83f/hibernate-core-5.6.4.Final.jar!/, jar:file:/C:/Users/santiago.cardenas/.gradle/caches/modules-2/files-2.1/org.springframework.data/spring-data-jpa/2.6.1/70eef23d3c1ba594749867edb9c89832da8f923c/spring-data-jpa-2.6.1.jar!/, jar:file:/C:/Users/santiago.cardenas/.gradle/caches/modules-2/files-2.1/org.springframework/spring-aspects/5.3.15/d1e42bac0f61ad50f633c13f8bcab905a66313af/spring-aspects-5.3.15.jar!/, jar:file:/C:/Users/santiago.cardenas/.gradle/caches/modules-2/files-2.1/org.checkerframework/checker-qual/3.5.0/2f50520c8abea66fbd8d26e481d3aef5c673b510/checker-qual-3.5.0.jar!/, jar:file:/C:/Users/santiago.cardenas/.gradle/caches/modules-2/files-2.1/com.fasterxml.jackson.datatype/jackson-datatype-jsr310/2.13.1/1ece5a87b59701328215e0083448b4d451857cbd/jackson-datatype-jsr310-2.13.1.jar!/, jar:file:/C:/Users/santiago.cardenas/.gradle/caches/modules-2/files-2.1/com.fasterxml.jackson.module/jackson-module-parameter-names/2.13.1/cbeec2259213c555ef451a2e05f35ed1dbfbf799/jackson-module-parameter-names-2.13.1.jar!/, jar:file:/C:/Users/santiago.cardenas/.gradle/caches/modules-2/files-2.1/com.fasterxml.jackson.core/jackson-annotations/2.13.1/1cbcbe4623113e6af92ccaa89884a345270f1a87/jackson-annotations-2.13.1.jar!/, jar:file:/C:/Users/santiago.cardenas/.gradle/caches/modules-2/files-2.1/com.fasterxml.jackson.core/jackson-core/2.13.1/51ae921a2ed1e06ca8876f12f32f265e83c0b2b8/jackson-core-2.13.1.jar!/, jar:file:/C:/Users/santiago.cardenas/.gradle/caches/modules-2/files-2.1/com.fasterxml.jackson.datatype/jackson-datatype-jdk8/2.13.1/8ecfa9bcd714269fdf22c33f9fd00d0643bd0e21/jackson-datatype-jdk8-2.13.1.jar!/, jar:file:/C:/Users/santiago.cardenas/.gradle/caches/modules-2/files-2.1/com.fasterxml.jackson.core/jackson-databind/2.13.1/698b2d2b15d9a1b7aae025f1d9f576842285e7f6/jackson-databind-2.13.1.jar!/, jar:file:/C:/Users/santiago.cardenas/.gradle/caches/modules-2/files-2.1/org.springframework.boot/spring-boot-test-autoconfigure/2.6.3/c903465682a6cd69adbc83feb8e8bfa26c51e6ae/spring-boot-test-autoconfigure-2.6.3.jar!/, jar:file:/C:/Users/santiago.cardenas/.gradle/caches/modules-2/files-2.1/org.springframework.boot/spring-boot-test/2.6.3/93b38ba8d4f027a7eda8c28dbe8f77b712de1142/spring-boot-test-2.6.3.jar!/, jar:file:/C:/Users/santiago.cardenas/.gradle/caches/modules-2/files-2.1/org.springframework.boot/spring-boot-autoconfigure/2.6.3/8bf96f63e9479b5a1c17d1fa05b149bb5ed050e2/spring-boot-autoconfigure-2.6.3.jar!/, jar:file:/C:/Users/santiago.cardenas/.gradle/caches/modules-2/files-2.1/org.springframework.boot/spring-boot/2.6.3/f1127e8a70ba7b9f12581e79ea963b739059bf55/spring-boot-2.6.3.jar!/, jar:file:/C:/Users/santiago.cardenas/.gradle/caches/modules-2/files-2.1/org.springframework/spring-context/5.3.15/80a12b7dcb3332fbd65c3649249fd35561ffc561/spring-context-5.3.15.jar!/, jar:file:/C:/Users/santiago.cardenas/.gradle/caches/modules-2/files-2.1/org.springframework/spring-aop/5.3.15/195966e1f4260f89696e668856ebfd9a1bc76404/spring-aop-5.3.15.jar!/, jar:file:/C:/Users/santiago.cardenas/.gradle/caches/modules-2/files-2.1/org.aspectj/aspectjweaver/1.9.7/158f5c255cd3e4408e795b79f7c3fbae9b53b7ca/aspectjweaver-1.9.7.jar!/, jar:file:/C:/Users/santiago.cardenas/.gradle/caches/modules-2/files-2.1/com.jayway.jsonpath/json-path/2.6.0/67f565b424f7903a12d4f5b9361b11462ecacdac/json-path-2.6.0.jar!/, jar:file:/C:/Users/santiago.cardenas/.gradle/caches/modules-2/files-2.1/org.glassfish.jaxb/jaxb-runtime/2.3.5/a169a961a2bb9ac69517ec1005e451becf5cdfab/jaxb-runtime-2.3.5.jar!/, jar:file:/C:/Users/santiago.cardenas/.gradle/caches/modules-2/files-2.1/jakarta.xml.bind/jakarta.xml.bind-api/2.3.3/48e3b9cfc10752fba3521d6511f4165bea951801/jakarta.xml.bind-api-2.3.3.jar!/, jar:file:/C:/Users/santiago.cardenas/.gradle/caches/modules-2/files-2.1/org.assertj/assertj-core/3.21.0/27a14d6d22c4e3d58f799fb2a5ca8eaf53e6942a/assertj-core-3.21.0.jar!/, jar:file:/C:/Users/santiago.cardenas/.gradle/caches/modules-2/files-2.1/org.hamcrest/hamcrest/2.2/1820c0968dba3a11a1b30669bb1f01978a91dedc/hamcrest-2.2.jar!/, jar:file:/C:/Users/santiago.cardenas/.gradle/caches/modules-2/files-2.1/org.mockito/mockito-junit-jupiter/4.0.0/b76de25bd6e5d8f7924d0536729c0076e37e9396/mockito-junit-jupiter-4.0.0.jar!/, jar:file:/C:/Users/santiago.cardenas/.gradle/caches/modules-2/files-2.1/org.junit.jupiter/junit-jupiter-params/5.8.2/ddeafe92fc263f895bfb73ffeca7fd56e23c2cce/junit-jupiter-params-5.8.2.jar!/, jar:file:/C:/Users/santiago.cardenas/.gradle/caches/modules-2/files-2.1/org.junit.jupiter/junit-jupiter-engine/5.8.2/c598b4328d2f397194d11df3b1648d68d7d990e3/junit-jupiter-engine-5.8.2.jar!/, jar:file:/C:/Users/santiago.cardenas/.gradle/caches/modules-2/files-2.1/org.junit.jupiter/junit-jupiter-api/5.8.2/4c21029217adf07e4c0d0c5e192b6bf610c94bdc/junit-jupiter-api-5.8.2.jar!/, jar:file:/C:/Users/santiago.cardenas/.gradle/caches/modules-2/files-2.1/com.tngtech.archunit/archunit-junit5-engine/1.0.0/c942ce334f410062298100f834a767f765ac7a8e/archunit-junit5-engine-1.0.0.jar!/, jar:file:/C:/Users/santiago.cardenas/.gradle/caches/modules-2/files-2.1/com.tngtech.archunit/archunit-junit5-engine-api/1.0.0/f2fcf7191e65bda73cb14b510e380d0c4e55c9c8/archunit-junit5-engine-api-1.0.0.jar!/, jar:file:/C:/Users/santiago.cardenas/.gradle/caches/modules-2/files-2.1/org.junit.platform/junit-platform-engine/1.8.2/b737de09f19864bd136805c84df7999a142fec29/junit-platform-engine-1.8.2.jar!/, jar:file:/C:/Users/santiago.cardenas/.gradle/caches/modules-2/files-2.1/org.junit.platform/junit-platform-commons/1.8.2/32c8b8617c1342376fd5af2053da6410d8866861/junit-platform-commons-1.8.2.jar!/, jar:file:/C:/Users/santiago.cardenas/.gradle/caches/modules-2/files-2.1/org.junit.jupiter/junit-jupiter/5.8.2/5a817b1e63f1217e5c586090c45e681281f097ad/junit-jupiter-5.8.2.jar!/, jar:file:/C:/Users/santiago.cardenas/.gradle/caches/modules-2/files-2.1/org.mockito/mockito-core/4.0.0/f5195e0c4a45716bbd2d1d29173adbd148acce3a/mockito-core-4.0.0.jar!/, jar:file:/C:/Users/santiago.cardenas/.gradle/caches/modules-2/files-2.1/org.skyscreamer/jsonassert/1.5.0/6c9d5fe2f59da598d9aefc1cfc6528ff3cf32df3/jsonassert-1.5.0.jar!/, jar:file:/C:/Users/santiago.cardenas/.gradle/caches/modules-2/files-2.1/org.springframework/spring-test/5.3.15/1efef59ebbf51bc072d08c5854b1d5cbb1c29b65/spring-test-5.3.15.jar!/, jar:file:/C:/Users/santiago.cardenas/.gradle/caches/modules-2/files-2.1/org.springframework/spring-orm/5.3.15/edddfcbf3bd2a3cc8b5316329f16dcf88cec33b5/spring-orm-5.3.15.jar!/, jar:file:/C:/Users/santiago.cardenas/.gradle/caches/modules-2/files-2.1/org.springframework/spring-jdbc/5.3.15/2c7883bb9a50e37f177cdc3e064e88325f97bd36/spring-jdbc-5.3.15.jar!/, jar:file:/C:/Users/santiago.cardenas/.gradle/caches/modules-2/files-2.1/org.springframework.data/spring-data-commons/2.6.1/ba24a3b88e26191b25031cefb8de458deed05551/spring-data-commons-2.6.1.jar!/, jar:file:/C:/Users/santiago.cardenas/.gradle/caches/modules-2/files-2.1/org.springframework/spring-tx/5.3.15/27b8c1f0a896dc2f7d1629556b06f55f2a07351d/spring-tx-5.3.15.jar!/, jar:file:/C:/Users/santiago.cardenas/.gradle/caches/modules-2/files-2.1/org.springframework/spring-beans/5.3.15/a88e2ccfe8b131bcff2e643b90d52f6d928e7369/spring-beans-5.3.15.jar!/, jar:file:/C:/Users/santiago.cardenas/.gradle/caches/modules-2/files-2.1/org.springframework/spring-expression/5.3.15/362f36bbc4c4b46cc2e4f219df22d08945000c2/spring-expression-5.3.15.jar!/, jar:file:/C:/Users/santiago.cardenas/.gradle/caches/modules-2/files-2.1/org.springframework/spring-core/5.3.15/e813c2311465672d3089fc7be8dbbadb04e64d6b/spring-core-5.3.15.jar!/, jar:file:/C:/Users/santiago.cardenas/.gradle/caches/modules-2/files-2.1/org.xmlunit/xmlunit-core/2.8.4/35be57989ca80eefa03161b211630e319a8f36c6/xmlunit-core-2.8.4.jar!/, jar:file:/C:/Users/santiago.cardenas/.gradle/caches/modules-2/files-2.1/com.tngtech.archunit/archunit-junit5-api/1.0.0/f537a0cb4156e374e436009cf7e8e07062929b32/archunit-junit5-api-1.0.0.jar!/, jar:file:/C:/Users/santiago.cardenas/.gradle/caches/modules-2/files-2.1/org.springframework.boot/spring-boot-starter-logging/2.6.3/86599127b1e69a6180014cbeed8297ba26e8c6aa/spring-boot-starter-logging-2.6.3.jar!/, jar:file:/C:/Users/santiago.cardenas/.gradle/caches/modules-2/files-2.1/jakarta.annotation/jakarta.annotation-api/1.3.5/59eb84ee0d616332ff44aba065f3888cf002cd2d/jakarta.annotation-api-1.3.5.jar!/, jar:file:/C:/Users/santiago.cardenas/.gradle/caches/modules-2/files-2.1/org.yaml/snakeyaml/1.29/6d0cdafb2010f1297e574656551d7145240f6e25/snakeyaml-1.29.jar!/, jar:file:/C:/Users/santiago.cardenas/.gradle/caches/modules-2/files-2.1/org.hibernate.common/hibernate-commons-annotations/5.1.2.Final/e59ffdbc6ad09eeb33507b39ffcf287679a498c8/hibernate-commons-annotations-5.1.2.Final.jar!/, jar:file:/C:/Users/santiago.cardenas/.gradle/caches/modules-2/files-2.1/org.jboss.xnio/xnio-nio/3.8.4.Final/109d7de9a4d995ed9f46e1409520ace346fe2fc4/xnio-nio-3.8.4.Final.jar!/, jar:file:/C:/Users/santiago.cardenas/.gradle/caches/modules-2/files-2.1/org.jboss.xnio/xnio-api/3.8.4.Final/8714f2bf19f6e5fa7e36e8516dcb4606ef152e4d/xnio-api-3.8.4.Final.jar!/, jar:file:/C:/Users/santiago.cardenas/.gradle/caches/modules-2/files-2.1/org.wildfly.client/wildfly-client-config/1.0.1.Final/2a803b23c40a0de0f03a90d1fd3755747bc05f4b/wildfly-client-config-1.0.1.Final.jar!/, jar:file:/C:/Users/santiago.cardenas/.gradle/caches/modules-2/files-2.1/org.jboss.threads/jboss-threads/3.1.0.Final/9b260c0302f637a84a52d3d118214a3c59217615/jboss-threads-3.1.0.Final.jar!/, jar:file:/C:/Users/santiago.cardenas/.gradle/caches/modules-2/files-2.1/org.jboss.logging/jboss-logging/3.4.3.Final/c4bd7e12a745c0e7f6cf98c45cdcdf482fd827ea/jboss-logging-3.4.3.Final.jar!/, jar:file:/C:/Users/santiago.cardenas/.gradle/caches/modules-2/files-2.1/com.zaxxer/HikariCP/4.0.3/107cbdf0db6780a065f895ae9d8fbf3bb0e1c21f/HikariCP-4.0.3.jar!/, jar:file:/C:/Users/santiago.cardenas/.gradle/caches/modules-2/files-2.1/net.bytebuddy/byte-buddy/1.11.22/8b4c7fa5562a09da1c2a9ab0873cb51f5034d83f/byte-buddy-1.11.22.jar!/, jar:file:/C:/Users/santiago.cardenas/.gradle/caches/modules-2/files-2.1/antlr/antlr/2.7.7/83cd2cd674a217ade95a4bb83a8a14f351f48bd0/antlr-2.7.7.jar!/, jar:file:/C:/Users/santiago.cardenas/.gradle/caches/modules-2/files-2.1/org.jboss/jandex/2.4.2.Final/1e1c385990b258ff1a24c801e84aebbacf70eb39/jandex-2.4.2.Final.jar!/, jar:file:/C:/Users/santiago.cardenas/.gradle/caches/modules-2/files-2.1/com.fasterxml/classmate/1.5.1/3fe0bed568c62df5e89f4f174c101eab25345b6c/classmate-1.5.1.jar!/, jar:file:/C:/Users/santiago.cardenas/.gradle/caches/modules-2/files-2.1/com.tngtech.archunit/archunit/1.0.0/27ab69819bc5bb588e9881144763b9a3b1ed15a2/archunit-1.0.0.jar!/, jar:file:/C:/Users/santiago.cardenas/.gradle/caches/modules-2/files-2.1/ch.qos.logback/logback-classic/1.2.10/f69d97ef3335c6ab82fc21dfb77ac613f90c1221/logback-classic-1.2.10.jar!/, jar:file:/C:/Users/santiago.cardenas/.gradle/caches/modules-2/files-2.1/org.apache.logging.log4j/log4j-to-slf4j/2.17.1/3619fd18278a1a895c1dca8c5be002768071a20e/log4j-to-slf4j-2.17.1.jar!/, jar:file:/C:/Users/santiago.cardenas/.gradle/caches/modules-2/files-2.1/org.slf4j/jul-to-slf4j/1.7.33/53fd89b530d41b8f6744c754de1c9b02e82f2d7/jul-to-slf4j-1.7.33.jar!/, jar:file:/C:/Users/santiago.cardenas/.gradle/caches/modules-2/files-2.1/org.slf4j/slf4j-api/1.7.33/d375aa1b98d34d5ddf73a3f19eaad66e98975b12/slf4j-api-1.7.33.jar!/, jar:file:/C:/Users/santiago.cardenas/.gradle/caches/modules-2/files-2.1/net.minidev/json-smart/2.4.7/8d7f4c1530c07c54930935f3da85f48b83b3c109/json-smart-2.4.7.jar!/, jar:file:/C:/Users/santiago.cardenas/.gradle/caches/modules-2/files-2.1/jakarta.activation/jakarta.activation-api/1.2.2/99f53adba383cb1bf7c3862844488574b559621f/jakarta.activation-api-1.2.2.jar!/, jar:file:/C:/Users/santiago.cardenas/.gradle/caches/modules-2/files-2.1/net.bytebuddy/byte-buddy-agent/1.11.22/2fbcf3210dfc09b42242e3b66a5281cc5b9adb80/byte-buddy-agent-1.11.22.jar!/, jar:file:/C:/Users/santiago.cardenas/.gradle/caches/modules-2/files-2.1/org.objenesis/objenesis/3.2/7fadf57620c8b8abdf7519533e5527367cb51f09/objenesis-3.2.jar!/, jar:file:/C:/Users/santiago.cardenas/.gradle/caches/modules-2/files-2.1/com.vaadin.external.google/android-json/0.0.20131108.vaadin1/fa26d351fe62a6a17f5cda1287c1c6110dec413f/android-json-0.0.20131108.vaadin1.jar!/, jar:file:/C:/Users/santiago.cardenas/.gradle/caches/modules-2/files-2.1/org.springframework/spring-jcl/5.3.15/88da960b4fcbd28621aea8b9911976adc06afce4/spring-jcl-5.3.15.jar!/, jar:file:/C:/Users/santiago.cardenas/.gradle/caches/modules-2/files-2.1/org.wildfly.common/wildfly-common/1.5.2.Final/8eba40cfe86bcfcc223551e75201e6e7574c7c36/wildfly-common-1.5.2.Final.jar!/, jar:file:/C:/Users/santiago.cardenas/.gradle/caches/modules-2/files-2.1/org.glassfish.jaxb/txw2/2.3.5/ec8930fa62e7b1758b1664d135f50c7abe86a4a3/txw2-2.3.5.jar!/, jar:file:/C:/Users/santiago.cardenas/.gradle/caches/modules-2/files-2.1/com.sun.istack/istack-commons-runtime/3.0.12/cbbe1a62b0cc6c85972e99d52aaee350153dc530/istack-commons-runtime-3.0.12.jar!/, jar:file:/C:/Users/santiago.cardenas/.gradle/caches/modules-2/files-2.1/com.sun.activation/jakarta.activation/1.2.2/74548703f9851017ce2f556066659438019e7eb5/jakarta.activation-1.2.2.jar!/, jar:file:/C:/Users/santiago.cardenas/.gradle/caches/modules-2/files-2.1/net.minidev/accessors-smart/2.4.7/3970cfc505e6657ca60f3aa57c849f6043000d7a/accessors-smart-2.4.7.jar!/, jar:file:/C:/Users/santiago.cardenas/.gradle/caches/modules-2/files-2.1/org.opentest4j/opentest4j/1.2.0/28c11eb91f9b6d8e200631d46e20a7f407f2a046/opentest4j-1.2.0.jar!/, jar:file:/C:/Users/santiago.cardenas/.gradle/caches/modules-2/files-2.1/ch.qos.logback/logback-core/1.2.10/5328406bfcae7bcdcc86810fcb2920d2c297170d/logback-core-1.2.10.jar!/, jar:file:/C:/Users/santiago.cardenas/.gradle/caches/modules-2/files-2.1/org.apache.logging.log4j/log4j-api/2.17.1/d771af8e336e372fb5399c99edabe0919aeaf5b2/log4j-api-2.17.1.jar!/, jar:file:/C:/Users/santiago.cardenas/.gradle/caches/modules-2/files-2.1/org.ow2.asm/asm/9.1/a99500cf6eea30535eeac6be73899d048f8d12a8/asm-9.1.jar!/]
10:41:48.671 [Test worker] DEBUG com.tngtech.archunit.core.importer.JavaClassProcessor - Processing class 'com/uco/TrafficAgent/application/mapper/contact/impl/MapperApplicationContactImpl'
10:41:48.671 [Test worker] DEBUG com.tngtech.archunit.core.importer.JavaClassProcessor - Processing class 'com/uco/TrafficAgent/infrastructure/repository/user/controller/ComandControllerUser'
10:41:48.672 [Test worker] DEBUG com.tngtech.archunit.core.importer.JavaClassProcessor - Processing class 'com/uco/TrafficAgent/domain/service/contact/ServiceSaveContact'
10:41:48.672 [Test worker] DEBUG com.tngtech.archunit.core.importer.JavaClassProcessor - Processing class 'com/uco/TrafficAgent/infrastructure/repository/login/controller/ComandControllerLogin'
10:41:48.672 [Test worker] DEBUG com.tngtech.archunit.core.importer.JavaClassProcessor - Processing class 'com/uco/TrafficAgent/application/service/user/consult/ServiceApplicationListAllUser'
10:41:48.673 [Test worker] DEBUG com.tngtech.archunit.core.importer.JavaClassProcessor - Processing class 'com/uco/TrafficAgent/infrastructure/repository/contact/adapter/repository/jpa/RepositoryContactEmergencyJpa'
10:41:48.673 [Test worker] DEBUG com.tngtech.archunit.core.importer.JavaClassProcessor - Processing class 'com/uco/TrafficAgent/domain/service/report/ServiceListAllReportByUser'
10:41:48.673 [Test worker] DEBUG com.tngtech.archunit.core.importer.JavaClassProcessor - Processing class 'com/uco/TrafficAgent/application/encrypted/ServiceEncryptedPassword'
10:41:48.674 [Test worker] DEBUG com.tngtech.archunit.core.importer.JavaClassProcessor - Processing class 'com/uco/TrafficAgent/domain/port/report/RepositoryReport'
10:41:48.674 [Test worker] DEBUG com.tngtech.archunit.core.importer.JavaClassProcessor - Processing class 'com/uco/TrafficAgent/infrastructure/configuration/general/ConfigurationRestTemplate'
10:41:48.674 [Test worker] DEBUG com.tngtech.archunit.core.importer.JavaClassProcessor - Processing class 'com/uco/TrafficAgent/domain/model/Report'
10:41:48.674 [Test worker] DEBUG com.tngtech.archunit.core.importer.JavaClassProcessor - Processing class 'com/uco/TrafficAgent/domain/service/token/ServiceEncryptText'
10:41:48.675 [Test worker] DEBUG com.tngtech.archunit.core.importer.JavaClassProcessor - Processing class 'com/uco/TrafficAgent/infrastructure/error/ErrorHandler'
10:41:48.675 [Test worker] DEBUG com.tngtech.archunit.core.importer.JavaClassProcessor - Processing class 'com/uco/TrafficAgent/infrastructure/repository/contact/adapter/entity/EntityContactEmergency'
10:41:48.675 [Test worker] DEBUG com.tngtech.archunit.core.importer.JavaClassProcessor - Processing class 'com/uco/TrafficAgent/infrastructure/service/token/ServiceGetCurrentUserJwt'
10:41:48.676 [Test worker] DEBUG com.tngtech.archunit.core.importer.JavaClassProcessor - Processing class 'com/uco/TrafficAgent/infrastructure/repository/contact/adapter/repository/jpa/RepositoryContactJpa'
10:41:48.676 [Test worker] DEBUG com.tngtech.archunit.core.importer.JavaClassProcessor - Processing class 'com/uco/TrafficAgent/domain/service/report/ServiceSaveReport'
10:41:48.676 [Test worker] DEBUG com.tngtech.archunit.core.importer.JavaClassProcessor - Processing class 'com/uco/TrafficAgent/domain/validator/ValidatorAttributes'
10:41:48.677 [Test worker] DEBUG com.tngtech.archunit.core.importer.JavaClassProcessor - Processing class 'com/uco/TrafficAgent/infrastructure/aspect/exception/ExceptionUserUnauthorized'
10:41:48.677 [Test worker] DEBUG com.tngtech.archunit.core.importer.JavaClassProcessor - Processing class 'com/uco/TrafficAgent/application/service/user/comand/ServiceApplicationDeleteUser'
10:41:48.677 [Test worker] DEBUG com.tngtech.archunit.core.importer.JavaClassProcessor - Processing class 'com/uco/TrafficAgent/application/service/report/comand/dto/DtoSaveReport'
10:41:48.677 [Test worker] DEBUG com.tngtech.archunit.core.importer.JavaClassProcessor - Processing class 'com/uco/TrafficAgent/application/service/user/comand/ServiceApplicationSaveUser'
10:41:48.678 [Test worker] DEBUG com.tngtech.archunit.core.importer.JavaClassProcessor - Processing class 'com/uco/TrafficAgent/domain/dto/DtoContactSummary'
10:41:48.678 [Test worker] DEBUG com.tngtech.archunit.core.importer.JavaClassProcessor - Processing class 'com/uco/TrafficAgent/infrastructure/configuration/general/ConfigurationRetry'
10:41:48.678 [Test worker] DEBUG com.tngtech.archunit.core.importer.JavaClassProcessor - Processing class 'com/uco/TrafficAgent/infrastructure/service/token/ServiceValidateToken'
10:41:48.678 [Test worker] DEBUG com.tngtech.archunit.core.importer.JavaClassProcessor - Processing class 'com/uco/TrafficAgent/infrastructure/mapper/MapperInfrastructureObject'
10:41:48.679 [Test worker] DEBUG com.tngtech.archunit.core.importer.JavaClassProcessor - Processing class 'com/uco/TrafficAgent/infrastructure/aspect/service/AuthorizationService'
10:41:48.679 [Test worker] DEBUG com.tngtech.archunit.core.importer.JavaClassProcessor - Processing class 'com/uco/TrafficAgent/infrastructure/repository/contact/controller/ComandControllerContact'
10:41:48.679 [Test worker] DEBUG com.tngtech.archunit.core.importer.JavaClassProcessor - Processing class 'com/uco/TrafficAgent/domain/dto/DtoUserSummary'
10:41:48.679 [Test worker] DEBUG com.tngtech.archunit.core.importer.JavaClassProcessor - Processing class 'com/uco/TrafficAgent/infrastructure/aspect/SecuredAspect'
10:41:48.679 [Test worker] DEBUG com.tngtech.archunit.core.importer.JavaClassProcessor - Processing class 'com/uco/TrafficAgent/infrastructure/service/token/ServiceValidateTokenJWT'
10:41:48.680 [Test worker] DEBUG com.tngtech.archunit.core.importer.JavaClassProcessor - Processing class 'com/uco/TrafficAgent/application/service/contact/comand/dto/DtoSaveContact'
10:41:48.680 [Test worker] DEBUG com.tngtech.archunit.core.importer.JavaClassProcessor - Processing class 'com/uco/TrafficAgent/domain/model/User'
10:41:48.681 [Test worker] DEBUG com.tngtech.archunit.core.importer.JavaClassProcessor - Processing class 'com/uco/TrafficAgent/infrastructure/repository/contact/controller/ConsultControllerContact'
10:41:48.681 [Test worker] DEBUG com.tngtech.archunit.core.importer.JavaClassProcessor - Processing class 'com/uco/TrafficAgent/domain/dto/DtoReportSummary'
10:41:48.681 [Test worker] DEBUG com.tngtech.archunit.core.importer.JavaClassProcessor - Processing class 'com/uco/TrafficAgent/infrastructure/configuration/model/BeanServiceContact'
10:41:48.682 [Test worker] DEBUG com.tngtech.archunit.core.importer.JavaClassProcessor - Processing class 'com/uco/TrafficAgent/domain/dto/DtoCurrentUser'
10:41:48.682 [Test worker] DEBUG com.tngtech.archunit.core.importer.JavaClassProcessor - Processing class 'com/uco/TrafficAgent/domain/service/report/ServiceListAllReportByDate'
10:41:48.682 [Test worker] DEBUG com.tngtech.archunit.core.importer.JavaClassProcessor - Processing class 'com/uco/TrafficAgent/infrastructure/aspect/Secured'
10:41:48.683 [Test worker] DEBUG com.tngtech.archunit.core.importer.JavaClassProcessor - Processing class 'com/uco/TrafficAgent/application/service/contact/comand/ServiceApplicationSaveContact'
10:41:48.683 [Test worker] DEBUG com.tngtech.archunit.core.importer.JavaClassProcessor - Processing class 'com/uco/TrafficAgent/domain/validator/ValidatorObjects'
10:41:48.683 [Test worker] DEBUG com.tngtech.archunit.core.importer.JavaClassProcessor - Processing class 'com/uco/TrafficAgent/application/mapper/report/impl/MapperApplicationReportImpl'
10:41:48.683 [Test worker] DEBUG com.tngtech.archunit.core.importer.JavaClassProcessor - Processing class 'com/uco/TrafficAgent/domain/port/type/RepositoryTypeId'
10:41:48.684 [Test worker] DEBUG com.tngtech.archunit.core.importer.JavaClassProcessor - Processing class 'com/uco/TrafficAgent/application/service/report/comand/ServiceApplicationSaveReport'
10:41:48.684 [Test worker] DEBUG com.tngtech.archunit.core.importer.JavaClassProcessor - Processing class 'com/uco/TrafficAgent/domain/port/user/RepositoryUser'
10:41:48.684 [Test worker] DEBUG com.tngtech.archunit.core.importer.JavaClassProcessor - Processing class 'com/uco/TrafficAgent/infrastructure/error/Error'
10:41:48.685 [Test worker] DEBUG com.tngtech.archunit.core.importer.JavaClassProcessor - Processing class 'com/uco/TrafficAgent/infrastructure/repository/type/adapter/repository/RepositoryTypeIdDB'
10:41:48.685 [Test worker] DEBUG com.tngtech.archunit.core.importer.JavaClassProcessor - Processing class 'com/uco/TrafficAgent/infrastructure/repository/user/adapter/repository/RepositoryUserDB'
10:41:48.685 [Test worker] DEBUG com.tngtech.archunit.core.importer.JavaClassProcessor - Processing class 'com/uco/TrafficAgent/domain/service/user/ServiceSaveUser'
10:41:48.685 [Test worker] DEBUG com.tngtech.archunit.core.importer.JavaClassProcessor - Processing class 'com/uco/TrafficAgent/infrastructure/repository/type/adapter/repository/jpa/RepositoryTypeIdJpa'
10:41:48.686 [Test worker] DEBUG com.tngtech.archunit.core.importer.JavaClassProcessor - Processing class 'com/uco/TrafficAgent/application/service/user/comand/dto/DtoRolUser'
10:41:48.686 [Test worker] DEBUG com.tngtech.archunit.core.importer.JavaClassProcessor - Processing class 'com/uco/TrafficAgent/domain/model/RolUser'
10:41:48.686 [Test worker] DEBUG com.tngtech.archunit.core.importer.JavaClassProcessor - Processing class 'com/uco/TrafficAgent/domain/service/contact/ServiceListsAllByProximityContact'
10:41:48.686 [Test worker] DEBUG com.tngtech.archunit.core.importer.JavaClassProcessor - Processing class 'com/uco/TrafficAgent/infrastructure/repository/report/adapter/repository/RepositoryReportDB'
10:41:48.687 [Test worker] DEBUG com.tngtech.archunit.core.importer.JavaClassProcessor - Processing class 'com/uco/TrafficAgent/application/mapper/user/impl/MapperApplicationUserImpl'
10:41:48.687 [Test worker] DEBUG com.tngtech.archunit.core.importer.JavaClassProcessor - Processing class 'com/uco/TrafficAgent/infrastructure/repository/report/controller/ComandControllerReport'
10:41:48.687 [Test worker] DEBUG com.tngtech.archunit.core.importer.JavaClassProcessor - Processing class 'com/uco/TrafficAgent/domain/service/user/ServiceUpdateUser'
10:41:48.687 [Test worker] DEBUG com.tngtech.archunit.core.importer.JavaClassProcessor - Processing class 'com/uco/TrafficAgent/infrastructure/repository/contact/adapter/entity/EntityContact'
10:41:48.688 [Test worker] DEBUG com.tngtech.archunit.core.importer.JavaClassProcessor - Processing class 'com/uco/TrafficAgent/application/service/report/consult/ServiceApplicationListAllReportByDate'
10:41:48.688 [Test worker] DEBUG com.tngtech.archunit.core.importer.JavaClassProcessor - Processing class 'com/uco/TrafficAgent/application/encrypted/impl/ServiceEncryptedPasswordImpl'
10:41:48.688 [Test worker] DEBUG com.tngtech.archunit.core.importer.JavaClassProcessor - Processing class 'com/uco/TrafficAgent/application/service/report/consult/ServiceApplicationListAllReportByUser'
10:41:48.688 [Test worker] DEBUG com.tngtech.archunit.core.importer.JavaClassProcessor - Processing class 'com/uco/TrafficAgent/infrastructure/repository/user/adapter/entity/EntityUser'
10:41:48.689 [Test worker] DEBUG com.tngtech.archunit.core.importer.JavaClassProcessor - Processing class 'com/uco/TrafficAgent/application/service/login/dto/DtoLogin'
10:41:48.689 [Test worker] DEBUG com.tngtech.archunit.core.importer.JavaClassProcessor - Processing class 'com/uco/TrafficAgent/application/service/user/comand/ServiceApplicationUpdateUser'
10:41:48.689 [Test worker] DEBUG com.tngtech.archunit.core.importer.JavaClassProcessor - Processing class 'com/uco/TrafficAgent/infrastructure/repository/rol/adapter/entity/EntityRol'
10:41:48.689 [Test worker] DEBUG com.tngtech.archunit.core.importer.JavaClassProcessor - Processing class 'com/uco/TrafficAgent/infrastructure/repository/type/adapter/entity/EntityTypeId'
10:41:48.691 [Test worker] DEBUG com.tngtech.archunit.core.importer.JavaClassProcessor - Processing class 'com/uco/TrafficAgent/application/service/contact/consult/ServiceApplicationListAllByProximityContact'
10:41:48.691 [Test worker] DEBUG com.tngtech.archunit.core.importer.JavaClassProcessor - Processing class 'com/uco/TrafficAgent/application/service/DtoResponse'
10:41:48.691 [Test worker] DEBUG com.tngtech.archunit.core.importer.JavaClassProcessor - Processing class 'com/uco/TrafficAgent/domain/service/user/ServiceListAllUser'
10:41:48.692 [Test worker] DEBUG com.tngtech.archunit.core.importer.JavaClassProcessor - Processing class 'com/uco/TrafficAgent/domain/model/TypeIdentification'
10:41:48.692 [Test worker] DEBUG com.tngtech.archunit.core.importer.JavaClassProcessor - Processing class 'com/uco/TrafficAgent/infrastructure/repository/report/adapter/repository/jpa/RepositoryReportJpa'
10:41:48.692 [Test worker] DEBUG com.tngtech.archunit.core.importer.JavaClassProcessor - Processing class 'com/uco/TrafficAgent/TrafficAgentApplication'
10:41:48.693 [Test worker] DEBUG com.tngtech.archunit.core.importer.JavaClassProcessor - Processing class 'com/uco/TrafficAgent/application/mapper/MapperApplicationObject'
10:41:48.693 [Test worker] DEBUG com.tngtech.archunit.core.importer.JavaClassProcessor - Processing class 'com/uco/TrafficAgent/application/service/login/ServiceApplicationLogin'
10:41:48.693 [Test worker] DEBUG com.tngtech.archunit.core.importer.JavaClassProcessor - Processing class 'com/uco/TrafficAgent/application/service/user/comand/dto/DtoUpdateUser'
10:41:48.694 [Test worker] DEBUG com.tngtech.archunit.core.importer.JavaClassProcessor - Processing class 'com/uco/TrafficAgent/infrastructure/configuration/model/BeanServiceUser'
10:41:48.694 [Test worker] DEBUG com.tngtech.archunit.core.importer.JavaClassProcessor - Processing class 'com/uco/TrafficAgent/application/service/user/comand/dto/DtoSaveUser'
10:41:48.694 [Test worker] DEBUG com.tngtech.archunit.core.importer.JavaClassProcessor - Processing class 'com/uco/TrafficAgent/infrastructure/repository/user/adapter/repository/jpa/RepositoryUserJpa'
10:41:48.694 [Test worker] DEBUG com.tngtech.archunit.core.importer.JavaClassProcessor - Processing class 'com/uco/TrafficAgent/domain/service/token/ServiceGenerateToken'
10:41:48.694 [Test worker] DEBUG com.tngtech.archunit.core.importer.JavaClassProcessor - Processing class 'com/uco/TrafficAgent/infrastructure/configuration/model/BeanServiceReport'
10:41:48.695 [Test worker] DEBUG com.tngtech.archunit.core.importer.JavaClassProcessor - Processing class 'com/uco/TrafficAgent/infrastructure/repository/contact/adapter/repository/RepositoryContactDB'
10:41:48.695 [Test worker] DEBUG com.tngtech.archunit.core.importer.JavaClassProcessor - Processing class 'com/uco/TrafficAgent/infrastructure/aspect/LogExecutionAspect'
10:41:48.695 [Test worker] DEBUG com.tngtech.archunit.core.importer.JavaClassProcessor - Processing class 'com/uco/TrafficAgent/infrastructure/configuration/general/ConfigurationSecurity'
10:41:48.695 [Test worker] DEBUG com.tngtech.archunit.core.importer.JavaClassProcessor - Processing class 'com/uco/TrafficAgent/infrastructure/filter/FilterAuth'
10:41:48.696 [Test worker] DEBUG com.tngtech.archunit.core.importer.JavaClassProcessor - Processing class 'com/uco/TrafficAgent/infrastructure/mapper/user/impl/MapperUserImpl'
10:41:48.696 [Test worker] DEBUG com.tngtech.archunit.core.importer.JavaClassProcessor - Processing class 'com/uco/TrafficAgent/infrastructure/repository/report/adapter/entity/EntityReport'
10:41:48.696 [Test worker] DEBUG com.tngtech.archunit.core.importer.JavaClassProcessor - Processing class 'com/uco/TrafficAgent/infrastructure/service/token/ServiceGenerateTokenJWT'
10:41:48.697 [Test worker] DEBUG com.tngtech.archunit.core.importer.JavaClassProcessor - Processing class 'com/uco/TrafficAgent/infrastructure/repository/report/controller/ConsultControllerReport'
10:41:48.697 [Test worker] DEBUG com.tngtech.archunit.core.importer.JavaClassProcessor - Processing class 'com/uco/TrafficAgent/domain/service/token/ServiceGetCurrentUser'
10:41:48.697 [Test worker] DEBUG com.tngtech.archunit.core.importer.JavaClassProcessor - Processing class 'com/uco/TrafficAgent/domain/service/user/ServiceDeleteUser'
10:41:48.697 [Test worker] DEBUG com.tngtech.archunit.core.importer.JavaClassProcessor - Processing class 'com/uco/TrafficAgent/domain/port/contact/RepositoryContact'
10:41:48.698 [Test worker] DEBUG com.tngtech.archunit.core.importer.JavaClassProcessor - Processing class 'com/uco/TrafficAgent/infrastructure/aspect/LogExecutionTime'
10:41:48.698 [Test worker] DEBUG com.tngtech.archunit.core.importer.JavaClassProcessor - Processing class 'com/uco/TrafficAgent/domain/model/Contact'
10:41:48.698 [Test worker] DEBUG com.tngtech.archunit.core.importer.JavaClassProcessor - Processing class 'com/uco/TrafficAgent/infrastructure/repository/user/controller/ConsultControllerUser'
10:41:48.698 [Test worker] DEBUG com.tngtech.archunit.core.importer.DependencyResolutionProcess - Automatically resolving transitive class dependencies with the following configuration:
import.dependencyResolutionProcess.maxIterationsForMemberTypes = 1
import.dependencyResolutionProcess.maxIterationsForAccessesToTypes = 1
import.dependencyResolutionProcess.maxIterationsForSupertypes = -1
import.dependencyResolutionProcess.maxIterationsForEnclosingTypes = -1
import.dependencyResolutionProcess.maxIterationsForAnnotationTypes = -1
import.dependencyResolutionProcess.maxIterationsForGenericSignatureTypes = -1
10:41:48.699 [Test worker] DEBUG com.tngtech.archunit.core.importer.JavaClassProcessor - Processing class 'org/springframework/data/repository/query/Param'
10:41:48.699 [Test worker] DEBUG com.tngtech.archunit.core.importer.JavaClassProcessor - Processing class 'io/jsonwebtoken/impl/TextCodec'
10:41:48.699 [Test worker] DEBUG com.tngtech.archunit.core.importer.JavaClassProcessor - Processing class 'org/springframework/web/bind/annotation/RequestParam'
10:41:48.699 [Test worker] DEBUG com.tngtech.archunit.core.importer.JavaClassProcessor - Processing class 'java/util/Arrays'
10:41:48.701 [Test worker] DEBUG com.tngtech.archunit.core.importer.JavaClassProcessor - Processing class 'java/lang/System'
10:41:48.702 [Test worker] DEBUG com.tngtech.archunit.core.importer.JavaClassProcessor - Processing class 'java/time/ZonedDateTime'
10:41:48.703 [Test worker] DEBUG com.tngtech.archunit.core.importer.JavaClassProcessor - Processing class 'org/springframework/beans/factory/annotation/Autowired'
10:41:48.703 [Test worker] DEBUG com.tngtech.archunit.core.importer.JavaClassProcessor - Processing class 'javax/crypto/spec/SecretKeySpec'
10:41:48.703 [Test worker] DEBUG com.tngtech.archunit.core.importer.JavaClassProcessor - Processing class 'java/lang/Record'
10:41:48.703 [Test worker] DEBUG com.tngtech.archunit.core.importer.JavaClassProcessor - Processing class 'java/lang/Integer'
10:41:48.704 [Test worker] DEBUG com.tngtech.archunit.core.importer.JavaClassProcessor - Processing class 'org/springframework/web/context/request/RequestContextHolder'
10:41:48.704 [Test worker] DEBUG com.tngtech.archunit.core.importer.JavaClassProcessor - Processing class 'java/lang/Long'
10:41:48.705 [Test worker] DEBUG com.tngtech.archunit.core.importer.JavaClassProcessor - Processing class 'java/time/Duration'
10:41:48.705 [Test worker] DEBUG com.tngtech.archunit.core.importer.JavaClassProcessor - Processing class 'io/jsonwebtoken/JwtBuilder'
10:41:48.706 [Test worker] DEBUG com.tngtech.archunit.core.importer.JavaClassProcessor - Processing class 'io/jsonwebtoken/SignatureAlgorithm'
10:41:48.706 [Test worker] DEBUG com.tngtech.archunit.core.importer.JavaClassProcessor - Processing class 'org/springframework/stereotype/Repository'
10:41:48.707 [Test worker] DEBUG com.tngtech.archunit.core.importer.JavaClassProcessor - Processing class 'com/auth0/jwt/interfaces/Claim'
10:41:48.707 [Test worker] DEBUG com.tngtech.archunit.core.importer.JavaClassProcessor - Processing class 'org/springframework/web/bind/annotation/PostMapping'
10:41:48.707 [Test worker] DEBUG com.tngtech.archunit.core.importer.JavaClassProcessor - Processing class 'javax/persistence/Entity'
10:41:48.708 [Test worker] DEBUG com.tngtech.archunit.core.importer.JavaClassProcessor - Processing class 'javax/persistence/ManyToOne'
10:41:48.708 [Test worker] DEBUG com.tngtech.archunit.core.importer.JavaClassProcessor - Processing class 'javax/persistence/CascadeType'
10:41:48.709 [Test worker] DEBUG com.tngtech.archunit.core.importer.JavaClassProcessor - Processing class 'org/springframework/web/bind/annotation/RestController'
10:41:48.709 [Test worker] DEBUG com.tngtech.archunit.core.importer.JavaClassProcessor - Processing class 'java/lang/String'
10:41:48.710 [Test worker] DEBUG com.tngtech.archunit.core.importer.JavaClassProcessor - Processing class 'java/lang/Exception'
10:41:48.711 [Test worker] DEBUG com.tngtech.archunit.core.importer.JavaClassProcessor - Processing class 'org/aspectj/lang/annotation/Around'
10:41:48.711 [Test worker] DEBUG com.tngtech.archunit.core.importer.JavaClassProcessor - Processing class 'java/time/ZoneId'
10:41:48.711 [Test worker] DEBUG com.tngtech.archunit.core.importer.JavaClassProcessor - Processing class 'java/util/stream/Stream'
10:41:48.712 [Test worker] DEBUG com.tngtech.archunit.core.importer.JavaClassProcessor - Processing class 'javax/persistence/GeneratedValue'
10:41:48.712 [Test worker] DEBUG com.tngtech.archunit.core.importer.JavaClassProcessor - Processing class 'java/lang/Throwable'
10:41:48.712 [Test worker] DEBUG com.tngtech.archunit.core.importer.JavaClassProcessor - Processing class 'org/springframework/data/jpa/repository/Query'
10:41:48.713 [Test worker] DEBUG com.tngtech.archunit.core.importer.JavaClassProcessor - Processing class 'com/auth0/jwt/JWT'
10:41:48.713 [Test worker] DEBUG com.tngtech.archunit.core.importer.JavaClassProcessor - Processing class 'com/auth0/jwt/interfaces/DecodedJWT'
10:41:48.713 [Test worker] DEBUG com.tngtech.archunit.core.importer.JavaClassProcessor - Processing class 'java/time/LocalDateTime'
10:41:48.714 [Test worker] DEBUG com.tngtech.archunit.core.importer.JavaClassProcessor - Processing class 'org/springframework/web/filter/OncePerRequestFilter'
10:41:48.714 [Test worker] DEBUG com.tngtech.archunit.core.importer.JavaClassProcessor - Processing class 'org/springframework/retry/annotation/EnableRetry'
10:41:48.714 [Test worker] DEBUG com.tngtech.archunit.core.importer.JavaClassProcessor - Processing class 'java/util/ArrayList'
10:41:48.715 [Test worker] DEBUG com.tngtech.archunit.core.importer.JavaClassProcessor - Processing class 'org/springframework/web/bind/annotation/RequestBody'
10:41:48.715 [Test worker] DEBUG com.tngtech.archunit.core.importer.JavaClassProcessor - Processing class 'javax/servlet/http/HttpServletRequest'
10:41:48.715 [Test worker] DEBUG com.tngtech.archunit.core.importer.JavaClassProcessor - Processing class 'javax/persistence/Table'
10:41:48.716 [Test worker] DEBUG com.tngtech.archunit.core.importer.JavaClassProcessor - Processing class 'org/springframework/web/bind/annotation/ExceptionHandler'
10:41:48.716 [Test worker] DEBUG com.tngtech.archunit.core.importer.JavaClassProcessor - Processing class 'org/springframework/web/bind/annotation/ControllerAdvice'
10:41:48.716 [Test worker] DEBUG com.tngtech.archunit.core.importer.JavaClassProcessor - Processing class 'org/springframework/boot/autoconfigure/SpringBootApplication'
10:41:48.716 [Test worker] DEBUG com.tngtech.archunit.core.importer.JavaClassProcessor - Processing class 'javax/persistence/OneToMany'
10:41:48.716 [Test worker] DEBUG com.tngtech.archunit.core.importer.JavaClassProcessor - Processing class 'java/lang/annotation/Target'
10:41:48.717 [Test worker] DEBUG com.tngtech.archunit.core.importer.JavaClassProcessor - Processing class 'java/io/IOException'
10:41:48.717 [Test worker] DEBUG com.tngtech.archunit.core.importer.JavaClassProcessor - Processing class 'java/lang/RuntimeException'
10:41:48.717 [Test worker] DEBUG com.tngtech.archunit.core.importer.JavaClassProcessor - Processing class 'org/springframework/boot/web/client/RestTemplateBuilder'
10:41:48.718 [Test worker] DEBUG com.tngtech.archunit.core.importer.JavaClassProcessor - Processing class 'org/springframework/http/HttpStatus'
10:41:48.718 [Test worker] DEBUG com.tngtech.archunit.core.importer.JavaClassProcessor - Processing class 'javax/persistence/FetchType'
10:41:48.718 [Test worker] DEBUG com.tngtech.archunit.core.importer.JavaClassProcessor - Processing class 'org/springframework/web/bind/annotation/PathVariable'
10:41:48.719 [Test worker] DEBUG com.tngtech.archunit.core.importer.JavaClassProcessor - Processing class 'java/lang/IllegalStateException'
10:41:48.719 [Test worker] DEBUG com.tngtech.archunit.core.importer.JavaClassProcessor - Processing class 'io/jsonwebtoken/impl/crypto/DefaultJwtSignatureValidator'
10:41:48.719 [Test worker] DEBUG com.tngtech.archunit.core.importer.JavaClassProcessor - Processing class 'javax/servlet/FilterChain'
10:41:48.719 [Test worker] DEBUG com.tngtech.archunit.core.importer.JavaClassProcessor - Processing class 'org/springframework/boot/web/servlet/FilterRegistrationBean'
10:41:48.719 [Test worker] DEBUG com.tngtech.archunit.core.importer.JavaClassProcessor - Processing class 'javax/servlet/ServletException'
10:41:48.720 [Test worker] DEBUG com.tngtech.archunit.core.importer.JavaClassProcessor - Processing class 'java/util/Date'
10:41:48.720 [Test worker] DEBUG com.tngtech.archunit.core.importer.JavaClassProcessor - Processing class 'org/slf4j/LoggerFactory'
10:41:48.721 [Test worker] DEBUG com.tngtech.archunit.core.importer.JavaClassProcessor - Processing class 'org/springframework/boot/SpringApplication'
10:41:48.721 [Test worker] DEBUG com.tngtech.archunit.core.importer.JavaClassProcessor - Processing class 'org/springframework/web/bind/annotation/PutMapping'
10:41:48.722 [Test worker] DEBUG com.tngtech.archunit.core.importer.JavaClassProcessor - Processing class 'org/aspectj/lang/annotation/Aspect'
10:41:48.722 [Test worker] DEBUG com.tngtech.archunit.core.importer.JavaClassProcessor - Processing class 'org/springframework/web/bind/annotation/DeleteMapping'
10:41:48.722 [Test worker] DEBUG com.tngtech.archunit.core.importer.JavaClassProcessor - Processing class 'java/lang/reflect/Method'
10:41:48.722 [Test worker] DEBUG com.tngtech.archunit.core.importer.JavaClassProcessor - Processing class 'org/springframework/web/client/RestTemplate'
10:41:48.723 [Test worker] DEBUG com.tngtech.archunit.core.importer.JavaClassProcessor - Processing class 'java/util/concurrent/ConcurrentHashMap'
10:41:48.724 [Test worker] DEBUG com.tngtech.archunit.core.importer.JavaClassProcessor - Processing class 'java/util/UUID'
10:41:48.724 [Test worker] DEBUG com.tngtech.archunit.core.importer.JavaClassProcessor - Processing class 'java/util/stream/Collectors'
10:41:48.725 [Test worker] DEBUG com.tngtech.archunit.core.importer.JavaClassProcessor - Processing class 'org/springframework/context/annotation/Configuration'
10:41:48.726 [Test worker] DEBUG com.tngtech.archunit.core.importer.JavaClassProcessor - Processing class 'javax/persistence/GenerationType'
10:41:48.726 [Test worker] DEBUG com.tngtech.archunit.core.importer.JavaClassProcessor - Processing class 'javax/persistence/Column'
10:41:48.726 [Test worker] DEBUG com.tngtech.archunit.core.importer.JavaClassProcessor - Processing class 'java/util/List'
10:41:48.728 [Test worker] DEBUG com.tngtech.archunit.core.importer.JavaClassProcessor - Processing class 'io/jsonwebtoken/Jwts'
10:41:48.728 [Test worker] DEBUG com.tngtech.archunit.core.importer.JavaClassProcessor - Processing class 'org/springframework/core/env/Environment'
10:41:48.728 [Test worker] DEBUG com.tngtech.archunit.core.importer.JavaClassProcessor - Processing class 'java/lang/annotation/Annotation'
10:41:48.728 [Test worker] DEBUG com.tngtech.archunit.core.importer.JavaClassProcessor - Processing class 'java/util/Optional'
10:41:48.729 [Test worker] DEBUG com.tngtech.archunit.core.importer.JavaClassProcessor - Processing class 'org/springframework/data/jpa/repository/JpaRepository'
10:41:48.729 [Test worker] DEBUG com.tngtech.archunit.core.importer.JavaClassProcessor - Processing class 'org/springframework/web/bind/annotation/RequestMapping'
10:41:48.729 [Test worker] DEBUG com.tngtech.archunit.core.importer.JavaClassProcessor - Processing class 'java/lang/annotation/Retention'
10:41:48.729 [Test worker] DEBUG com.tngtech.archunit.core.importer.JavaClassProcessor - Processing class 'org/springframework/web/bind/annotation/GetMapping'
10:41:48.730 [Test worker] DEBUG com.tngtech.archunit.core.importer.JavaClassProcessor - Processing class 'org/springframework/web/bind/annotation/ResponseStatus'
10:41:48.730 [Test worker] DEBUG com.tngtech.archunit.core.importer.JavaClassProcessor - Processing class 'org/aspectj/lang/JoinPoint'
10:41:48.730 [Test worker] DEBUG com.tngtech.archunit.core.importer.JavaClassProcessor - Processing class 'javax/persistence/Id'
10:41:48.730 [Test worker] DEBUG com.tngtech.archunit.core.importer.JavaClassProcessor - Processing class 'org/slf4j/Logger'
10:41:48.730 [Test worker] DEBUG com.tngtech.archunit.core.importer.JavaClassProcessor - Processing class 'java/util/Iterator'
10:41:48.731 [Test worker] DEBUG com.tngtech.archunit.core.importer.JavaClassProcessor - Processing class 'javax/persistence/JoinColumn'
10:41:48.731 [Test worker] DEBUG com.tngtech.archunit.core.importer.JavaClassProcessor - Processing class 'javax/servlet/http/HttpServletResponse'
10:41:48.731 [Test worker] DEBUG com.tngtech.archunit.core.importer.JavaClassProcessor - Processing class 'org/springframework/web/context/request/ServletRequestAttributes'
10:41:48.732 [Test worker] DEBUG com.tngtech.archunit.core.importer.JavaClassProcessor - Processing class 'java/lang/IllegalArgumentException'
10:41:48.732 [Test worker] DEBUG com.tngtech.archunit.core.importer.JavaClassProcessor - Processing class 'java/lang/annotation/ElementType'
10:41:48.732 [Test worker] DEBUG com.tngtech.archunit.core.importer.JavaClassProcessor - Processing class 'org/springframework/stereotype/Component'
10:41:48.732 [Test worker] DEBUG com.tngtech.archunit.core.importer.JavaClassProcessor - Processing class 'org/aspectj/lang/annotation/Before'
10:41:48.733 [Test worker] DEBUG com.tngtech.archunit.core.importer.JavaClassProcessor - Processing class 'java/lang/Object'
10:41:48.733 [Test worker] DEBUG com.tngtech.archunit.core.importer.JavaClassProcessor - Processing class 'java/lang/Class'
10:41:48.735 [Test worker] DEBUG com.tngtech.archunit.core.importer.JavaClassProcessor - Processing class 'org/springframework/http/ResponseEntity'
10:41:48.735 [Test worker] DEBUG com.tngtech.archunit.core.importer.JavaClassProcessor - Processing class 'org/aspectj/lang/reflect/MethodSignature'
10:41:48.736 [Test worker] DEBUG com.tngtech.archunit.core.importer.JavaClassProcessor - Processing class 'org/springframework/context/annotation/Bean'
10:41:48.736 [Test worker] DEBUG com.tngtech.archunit.core.importer.JavaClassProcessor - Processing class 'org/apache/commons/codec/digest/DigestUtils'
10:41:48.737 [Test worker] DEBUG com.tngtech.archunit.core.importer.JavaClassProcessor - Processing class 'java/util/Comparator'
10:41:48.737 [Test worker] DEBUG com.tngtech.archunit.core.importer.JavaClassProcessor - Processing class 'org/aspectj/lang/ProceedingJoinPoint'
10:41:48.737 [Test worker] DEBUG com.tngtech.archunit.core.importer.JavaClassProcessor - Processing class 'java/lang/annotation/RetentionPolicy'
10:41:48.737 [Test worker] DEBUG com.tngtech.archunit.core.importer.JavaClassProcessor - Processing class 'java/lang/annotation/Inherited'
10:41:48.737 [Test worker] DEBUG com.tngtech.archunit.core.importer.JavaClassProcessor - Processing class 'java/util/DoubleSummaryStatistics'
10:41:48.737 [Test worker] DEBUG com.tngtech.archunit.core.importer.JavaClassProcessor - Processing class 'java/util/function/DoubleConsumer'
10:41:48.737 [Test worker] DEBUG com.tngtech.archunit.core.importer.JavaClassProcessor - Processing class 'java/security/spec/KeySpec'
10:41:48.738 [Test worker] DEBUG com.tngtech.archunit.core.importer.JavaClassProcessor - Processing class 'javax/persistence/ConstraintMode'
10:41:48.738 [Test worker] DEBUG com.tngtech.archunit.core.importer.JavaClassProcessor - Processing class 'org/springframework/core/env/PropertyResolver'
10:41:48.738 [Test worker] DEBUG com.tngtech.archunit.core.importer.JavaClassProcessor - Processing class 'org/springframework/web/filter/GenericFilterBean'
10:41:48.739 [Test worker] DEBUG com.tngtech.archunit.core.importer.JavaClassProcessor - Processing class 'java/util/Map'
10:41:48.739 [Test worker] DEBUG com.tngtech.archunit.core.importer.JavaClassProcessor - Processing class 'java/lang/reflect/Executable'
10:41:48.740 [Test worker] DEBUG com.tngtech.archunit.core.importer.JavaClassProcessor - Processing class 'javax/servlet/Filter'
10:41:48.740 [Test worker] DEBUG com.tngtech.archunit.core.importer.JavaClassProcessor - Processing class 'jdk/internal/reflect/CallerSensitiveAdapter'
10:41:48.740 [Test worker] DEBUG com.tngtech.archunit.core.importer.JavaClassProcessor - Processing class 'java/lang/CharSequence'
10:41:48.740 [Test worker] DEBUG com.tngtech.archunit.core.importer.JavaClassProcessor - Processing class 'org/springframework/data/repository/PagingAndSortingRepository'
10:41:48.740 [Test worker] DEBUG com.tngtech.archunit.core.importer.JavaClassProcessor - Processing class 'java/time/chrono/ChronoLocalDateTime'
10:41:48.740 [Test worker] DEBUG com.tngtech.archunit.core.importer.JavaClassProcessor - Processing class 'java/util/Set'
10:41:48.740 [Test worker] DEBUG com.tngtech.archunit.core.importer.JavaClassProcessor - Processing class 'java/io/Serializable'
10:41:48.740 [Test worker] DEBUG com.tngtech.archunit.core.importer.JavaClassProcessor - Processing class 'org/springframework/http/client/ClientHttpRequestInterceptor'
10:41:48.741 [Test worker] DEBUG com.tngtech.archunit.core.importer.JavaClassProcessor - Processing class 'org/springframework/beans/factory/support/BeanNameGenerator'
10:41:48.741 [Test worker] DEBUG com.tngtech.archunit.core.importer.JavaClassProcessor - Processing class 'jdk/internal/ValueBased'
10:41:48.741 [Test worker] DEBUG com.tngtech.archunit.core.importer.JavaClassProcessor - Processing class 'javax/crypto/SecretKey'
10:41:48.741 [Test worker] DEBUG com.tngtech.archunit.core.importer.JavaClassProcessor - Processing class 'org/springframework/http/client/support/InterceptingHttpAccessor'
10:41:48.741 [Test worker] DEBUG com.tngtech.archunit.core.importer.JavaClassProcessor - Processing class 'java/lang/reflect/AnnotatedElement'
10:41:48.741 [Test worker] DEBUG com.tngtech.archunit.core.importer.JavaClassProcessor - Processing class 'java/lang/Double'
10:41:48.742 [Test worker] DEBUG com.tngtech.archunit.core.importer.JavaClassProcessor - Processing class 'org/springframework/http/client/ClientHttpRequestFactory'
10:41:48.742 [Test worker] DEBUG com.tngtech.archunit.core.importer.JavaClassProcessor - Processing class 'org/springframework/boot/web/client/RestTemplateCustomizer'
10:41:48.742 [Test worker] DEBUG com.tngtech.archunit.core.importer.JavaClassProcessor - Processing class 'java/lang/invoke/TypeDescriptor$OfField'
10:41:48.742 [Test worker] DEBUG com.tngtech.archunit.core.importer.JavaClassProcessor - Processing class 'org/springframework/boot/context/TypeExcludeFilter'
10:41:48.743 [Test worker] DEBUG com.tngtech.archunit.core.importer.JavaClassProcessor - Processing class 'org/springframework/boot/web/servlet/AbstractFilterRegistrationBean'
10:41:48.744 [Test worker] DEBUG com.tngtech.archunit.core.importer.JavaClassProcessor - Processing class 'org/springframework/data/repository/NoRepositoryBean'
10:41:48.744 [Test worker] DEBUG com.tngtech.archunit.core.importer.JavaClassProcessor - Processing class 'java/util/RandomAccess'
10:41:48.744 [Test worker] DEBUG com.tngtech.archunit.core.importer.JavaClassProcessor - Processing class 'org/springframework/boot/BootstrapRegistryInitializer'
10:41:48.744 [Test worker] DEBUG com.tngtech.archunit.core.importer.JavaClassProcessor - Processing class 'java/time/temporal/TemporalAmount'
10:41:48.745 [Test worker] DEBUG com.tngtech.archunit.core.importer.JavaClassProcessor - Processing class 'org/springframework/lang/Nullable'
10:41:48.745 [Test worker] DEBUG com.tngtech.archunit.core.importer.JavaClassProcessor - Processing class 'org/springframework/stereotype/Indexed'
10:41:48.745 [Test worker] DEBUG com.tngtech.archunit.core.importer.JavaClassProcessor - Processing class 'java/lang/Number'
10:41:48.745 [Test worker] DEBUG com.tngtech.archunit.core.importer.JavaClassProcessor - Processing class 'java/lang/SafeVarargs'
10:41:48.745 [Test worker] DEBUG com.tngtech.archunit.core.importer.JavaClassProcessor - Processing class 'java/util/Map$Entry'
10:41:48.745 [Test worker] DEBUG com.tngtech.archunit.core.importer.JavaClassProcessor - Processing class 'jdk/internal/vm/annotation/IntrinsicCandidate'
10:41:48.745 [Test worker] DEBUG com.tngtech.archunit.core.importer.JavaClassProcessor - Processing class 'java/util/stream/LongStream'
10:41:48.746 [Test worker] DEBUG com.tngtech.archunit.core.importer.JavaClassProcessor - Processing class 'org/springframework/boot/autoconfigure/EnableAutoConfiguration'
10:41:48.746 [Test worker] DEBUG com.tngtech.archunit.core.importer.JavaClassProcessor - Processing class 'java/lang/Deprecated'
10:41:48.746 [Test worker] DEBUG com.tngtech.archunit.core.importer.JavaClassProcessor - Processing class 'org/springframework/http/HttpMethod'
10:41:48.746 [Test worker] DEBUG com.tngtech.archunit.core.importer.JavaClassProcessor - Processing class 'org/springframework/context/annotation/Import'
10:41:48.747 [Test worker] DEBUG com.tngtech.archunit.core.importer.JavaClassProcessor - Processing class 'javax/persistence/JoinColumns'
10:41:48.747 [Test worker] DEBUG com.tngtech.archunit.core.importer.JavaClassProcessor - Processing class 'org/springframework/web/client/RestOperations'
10:41:48.747 [Test worker] DEBUG com.tngtech.archunit.core.importer.JavaClassProcessor - Processing class 'java/lang/reflect/Field'
10:41:48.748 [Test worker] DEBUG com.tngtech.archunit.core.importer.JavaClassProcessor - Processing class 'com/auth0/jwt/interfaces/Header'
10:41:48.748 [Test worker] DEBUG com.tngtech.archunit.core.importer.JavaClassProcessor - Processing class 'org/springframework/context/annotation/ComponentScan'
10:41:48.748 [Test worker] DEBUG com.tngtech.archunit.core.importer.JavaClassProcessor - Processing class 'java/util/stream/Collector$Characteristics'
10:41:48.749 [Test worker] DEBUG com.tngtech.archunit.core.importer.JavaClassProcessor - Processing class 'java/lang/constant/Constable'
10:41:48.749 [Test worker] DEBUG com.tngtech.archunit.core.importer.JavaClassProcessor - Processing class 'java/time/chrono/ChronoZonedDateTime'
10:41:48.749 [Test worker] DEBUG com.tngtech.archunit.core.importer.JavaClassProcessor - Processing class 'org/springframework/boot/SpringBootConfiguration'
10:41:48.749 [Test worker] DEBUG com.tngtech.archunit.core.importer.JavaClassProcessor - Processing class 'java/lang/Comparable'
10:41:48.750 [Test worker] DEBUG com.tngtech.archunit.core.importer.JavaClassProcessor - Processing class 'java/time/temporal/TemporalAdjuster'
10:41:48.750 [Test worker] DEBUG com.tngtech.archunit.core.importer.JavaClassProcessor - Processing class 'java/net/URL'
10:41:48.750 [Test worker] DEBUG com.tngtech.archunit.core.importer.JavaClassProcessor - Processing class 'java/util/function/IntConsumer'
10:41:48.750 [Test worker] DEBUG com.tngtech.archunit.core.importer.JavaClassProcessor - Processing class 'java/util/AbstractList'
10:41:48.751 [Test worker] DEBUG com.tngtech.archunit.core.importer.JavaClassProcessor - Processing class 'org/springframework/data/annotation/QueryAnnotation'
10:41:48.751 [Test worker] DEBUG com.tngtech.archunit.core.importer.JavaClassProcessor - Processing class 'org/springframework/context/annotation/ComponentScan$Filter'
10:41:48.751 [Test worker] DEBUG com.tngtech.archunit.core.importer.JavaClassProcessor - Processing class 'java/lang/Enum'
10:41:48.751 [Test worker] DEBUG com.tngtech.archunit.core.importer.JavaClassProcessor - Processing class 'io/jsonwebtoken/impl/crypto/JwtSignatureValidator'
10:41:48.752 [Test worker] DEBUG com.tngtech.archunit.core.importer.JavaClassProcessor - Processing class 'org/springframework/web/context/request/RequestAttributes'
10:41:48.752 [Test worker] DEBUG com.tngtech.archunit.core.importer.JavaClassProcessor - Processing class 'java/lang/annotation/Documented'
10:41:48.752 [Test worker] DEBUG com.tngtech.archunit.core.importer.JavaClassProcessor - Processing class 'org/springframework/boot/web/client/RestTemplateRequestCustomizer'
10:41:48.752 [Test worker] DEBUG com.tngtech.archunit.core.importer.JavaClassProcessor - Processing class 'java/lang/Cloneable'
10:41:48.752 [Test worker] DEBUG com.tngtech.archunit.core.importer.JavaClassProcessor - Processing class 'jdk/internal/vm/annotation/ForceInline'
10:41:48.752 [Test worker] DEBUG com.tngtech.archunit.core.importer.JavaClassProcessor - Processing class 'org/springframework/http/HttpHeaders'
10:41:48.753 [Test worker] DEBUG com.tngtech.archunit.core.importer.JavaClassProcessor - Processing class 'javax/persistence/ForeignKey'
10:41:48.753 [Test worker] DEBUG com.tngtech.archunit.core.importer.JavaClassProcessor - Processing class 'java/util/Collection'
10:41:48.754 [Test worker] DEBUG com.tngtech.archunit.core.importer.JavaClassProcessor - Processing class 'org/springframework/web/bind/annotation/RequestMethod'
10:41:48.754 [Test worker] DEBUG com.tngtech.archunit.core.importer.JavaClassProcessor - Processing class 'org/springframework/context/ApplicationListener'
10:41:48.754 [Test worker] DEBUG com.tngtech.archunit.core.importer.JavaClassProcessor - Processing class 'org/springframework/beans/factory/annotation/Autowire'
10:41:48.754 [Test worker] DEBUG com.tngtech.archunit.core.importer.JavaClassProcessor - Processing class 'java/util/stream/DoubleStream'
10:41:48.755 [Test worker] DEBUG com.tngtech.archunit.core.importer.JavaClassProcessor - Processing class 'org/springframework/http/HttpEntity'
10:41:48.755 [Test worker] DEBUG com.tngtech.archunit.core.importer.JavaClassProcessor - Processing class 'java/lang/Class$ReflectionData'
10:41:48.755 [Test worker] DEBUG com.tngtech.archunit.core.importer.JavaClassProcessor - Processing class 'javax/servlet/ServletResponse'
10:41:48.755 [Test worker] DEBUG com.tngtech.archunit.core.importer.JavaClassProcessor - Processing class 'java/lang/reflect/Type'
10:41:48.755 [Test worker] DEBUG com.tngtech.archunit.core.importer.JavaClassProcessor - Processing class 'jdk/internal/reflect/CallerSensitive'
10:41:48.755 [Test worker] DEBUG com.tngtech.archunit.core.importer.JavaClassProcessor - Processing class 'org/springframework/http/converter/HttpMessageConverter'
10:41:48.755 [Test worker] DEBUG com.tngtech.archunit.core.importer.JavaClassProcessor - Processing class 'java/time/LocalDate'
10:41:48.756 [Test worker] DEBUG com.tngtech.archunit.core.importer.JavaClassProcessor - Processing class 'org/springframework/boot/SpringBootExceptionReporter'
10:41:48.756 [Test worker] DEBUG com.tngtech.archunit.core.importer.JavaClassProcessor - Processing class 'java/time/temporal/Temporal'
10:41:48.756 [Test worker] DEBUG com.tngtech.archunit.core.importer.JavaClassProcessor - Processing class 'java/util/stream/IntStream'
10:41:48.757 [Test worker] DEBUG com.tngtech.archunit.core.importer.JavaClassProcessor - Processing class 'org/springframework/context/annotation/EnableAspectJAutoProxy'
10:41:48.757 [Test worker] DEBUG com.tngtech.archunit.core.importer.JavaClassProcessor - Processing class 'java/time/temporal/TemporalUnit'
10:41:48.757 [Test worker] DEBUG com.tngtech.archunit.core.importer.JavaClassProcessor - Processing class 'org/springframework/boot/autoconfigure/AutoConfigurationExcludeFilter'
10:41:48.757 [Test worker] DEBUG com.tngtech.archunit.core.importer.JavaClassProcessor - Processing class 'org/springframework/stereotype/Controller'
10:41:48.757 [Test worker] DEBUG com.tngtech.archunit.core.importer.JavaClassProcessor - Processing class 'org/springframework/web/context/request/AbstractRequestAttributes'
10:41:48.758 [Test worker] DEBUG com.tngtech.archunit.core.importer.JavaClassProcessor - Processing class 'org/springframework/retry/annotation/RetryConfiguration'
10:41:48.758 [Test worker] DEBUG com.tngtech.archunit.core.importer.JavaClassProcessor - Processing class 'java/util/concurrent/ConcurrentMap'
10:41:48.758 [Test worker] DEBUG com.tngtech.archunit.core.importer.JavaClassProcessor - Processing class 'javax/servlet/http/HttpUpgradeHandler'
10:41:48.758 [Test worker] DEBUG com.tngtech.archunit.core.importer.JavaClassProcessor - Processing class 'java/lang/FunctionalInterface'
10:41:48.758 [Test worker] DEBUG com.tngtech.archunit.core.importer.JavaClassProcessor - Processing class 'java/lang/constant/ConstantDesc'
10:41:48.759 [Test worker] DEBUG com.tngtech.archunit.core.importer.JavaClassProcessor - Processing class 'java/lang/annotation/Repeatable'
10:41:48.759 [Test worker] DEBUG com.tngtech.archunit.core.importer.JavaClassProcessor - Processing class 'java/lang/Boolean'
10:41:48.759 [Test worker] DEBUG com.tngtech.archunit.core.importer.JavaClassProcessor - Processing class 'org/aspectj/lang/reflect/CodeSignature'
10:41:48.759 [Test worker] DEBUG com.tngtech.archunit.core.importer.JavaClassProcessor - Processing class 'org/springframework/context/annotation/FilterType'
10:41:48.759 [Test worker] DEBUG com.tngtech.archunit.core.importer.JavaClassProcessor - Processing class 'java/util/LongSummaryStatistics'
10:41:48.760 [Test worker] DEBUG com.tngtech.archunit.core.importer.JavaClassProcessor - Processing class 'java/lang/reflect/GenericDeclaration'
10:41:48.760 [Test worker] DEBUG com.tngtech.archunit.core.importer.JavaClassProcessor - Processing class 'org/springframework/core/annotation/AliasFor'
10:41:48.761 [Test worker] DEBUG com.tngtech.archunit.core.importer.JavaClassProcessor - Processing class 'javax/servlet/ServletRequest'
10:41:48.761 [Test worker] DEBUG com.tngtech.archunit.core.importer.JavaClassProcessor - Processing class 'jdk/internal/vm/annotation/Stable'
10:41:48.761 [Test worker] DEBUG com.tngtech.archunit.core.importer.JavaClassProcessor - Processing class 'org/springframework/core/env/StandardEnvironment'
10:41:48.762 [Test worker] DEBUG com.tngtech.archunit.core.importer.JavaClassProcessor - Processing class 'org/springframework/web/bind/annotation/ResponseBody'
10:41:48.762 [Test worker] DEBUG com.tngtech.archunit.core.importer.JavaClassProcessor - Processing class 'java/util/function/LongConsumer'
10:41:48.762 [Test worker] DEBUG com.tngtech.archunit.core.importer.JavaClassProcessor - Processing class 'java/util/function/Consumer'
10:41:48.762 [Test worker] DEBUG com.tngtech.archunit.core.importer.JavaClassProcessor - Processing class 'io/jsonwebtoken/ClaimsMutator'
10:41:48.763 [Test worker] DEBUG com.tngtech.archunit.core.importer.JavaClassProcessor - Processing class 'org/springframework/data/repository/query/QueryByExampleExecutor'
10:41:48.763 [Test worker] DEBUG com.tngtech.archunit.core.importer.JavaClassProcessor - Processing class 'java/util/AbstractMap'
10:41:48.763 [Test worker] DEBUG com.tngtech.archunit.core.importer.JavaClassProcessor - Processing class 'javax/servlet/http/Part'
10:41:48.763 [Test worker] DEBUG com.tngtech.archunit.core.importer.JavaClassProcessor - Processing class 'java/lang/constant/ClassDesc'
10:41:48.763 [Test worker] DEBUG com.tngtech.archunit.core.importer.JavaClassProcessor - Processing class 'java/util/stream/BaseStream'
10:41:48.763 [Test worker] DEBUG com.tngtech.archunit.core.importer.JavaClassProcessor - Processing class 'java/util/IntSummaryStatistics'
10:41:48.764 [Test worker] DEBUG com.tngtech.archunit.core.importer.JavaClassProcessor - Processing class 'com/auth0/jwt/interfaces/Payload'
10:41:48.764 [Test worker] DEBUG com.tngtech.archunit.core.importer.JavaClassProcessor - Processing class 'org/springframework/context/ApplicationContextInitializer'
10:41:48.764 [Test worker] DEBUG com.tngtech.archunit.core.importer.JavaClassProcessor - Processing class 'org/springframework/web/bind/annotation/Mapping'
10:41:48.765 [Test worker] DEBUG com.tngtech.archunit.core.importer.JavaClassProcessor - Processing class 'org/springframework/data/repository/query/FluentQuery$FetchableFluentQuery'
10:41:48.765 [Test worker] DEBUG com.tngtech.archunit.core.importer.JavaClassProcessor - Processing class 'java/lang/Enum$EnumDesc'
10:41:48.765 [Test worker] DEBUG com.tngtech.archunit.core.importer.JavaClassProcessor - Processing class 'java/util/stream/Collector'
10:41:48.765 [Test worker] DEBUG com.tngtech.archunit.core.importer.JavaClassProcessor - Processing class 'java/lang/invoke/TypeDescriptor'
10:41:48.766 [Test worker] DEBUG com.tngtech.archunit.core.importer.JavaClassProcessor - Processing class 'org/springframework/context/PayloadApplicationEvent'
10:41:48.766 [Test worker] DEBUG com.tngtech.archunit.core.importer.JavaClassProcessor - Processing class 'org/springframework/boot/autoconfigure/AutoConfigurationImportSelector'
10:41:48.767 [Test worker] DEBUG com.tngtech.archunit.core.importer.JavaClassProcessor - Processing class 'org/springframework/aop/IntroductionAdvisor'
10:41:48.767 [Test worker] DEBUG com.tngtech.archunit.core.importer.JavaClassProcessor - Processing class 'java/lang/reflect/Member'
10:41:48.767 [Test worker] DEBUG com.tngtech.archunit.core.importer.JavaClassProcessor - Processing class 'java/util/EventListener'
10:41:48.767 [Test worker] DEBUG com.tngtech.archunit.core.importer.JavaClassProcessor - Processing class 'org/springframework/context/annotation/Role'
10:41:48.768 [Test worker] DEBUG com.tngtech.archunit.core.importer.JavaClassProcessor - Processing class 'org/springframework/beans/factory/DisposableBean'
10:41:48.768 [Test worker] DEBUG com.tngtech.archunit.core.importer.JavaClassProcessor - Processing class 'org/springframework/boot/autoconfigure/AutoConfigurationPackage'
10:41:48.768 [Test worker] DEBUG com.tngtech.archunit.core.importer.JavaClassProcessor - Processing class 'java/time/temporal/TemporalAccessor'
10:41:48.768 [Test worker] DEBUG com.tngtech.archunit.core.importer.JavaClassProcessor - Processing class 'org/springframework/http/client/ClientHttpRequest'
10:41:48.769 [Test worker] DEBUG com.tngtech.archunit.core.importer.JavaClassProcessor - Processing class 'org/springframework/beans/factory/BeanFactoryAware'
10:41:48.769 [Test worker] DEBUG com.tngtech.archunit.core.importer.JavaClassProcessor - Processing class 'org/springframework/core/env/EnvironmentCapable'
10:41:48.769 [Test worker] DEBUG com.tngtech.archunit.core.importer.JavaClassProcessor - Processing class 'org/springframework/boot/web/servlet/DynamicRegistrationBean'
10:41:48.769 [Test worker] DEBUG com.tngtech.archunit.core.importer.JavaClassProcessor - Processing class 'java/net/spi/URLStreamHandlerProvider'
10:41:48.770 [Test worker] DEBUG com.tngtech.archunit.core.importer.JavaClassProcessor - Processing class 'org/springframework/util/MultiValueMap'
10:41:48.770 [Test worker] DEBUG com.tngtech.archunit.core.importer.JavaClassProcessor - Processing class 'org/springframework/context/ApplicationEvent'
10:41:48.770 [Test worker] DEBUG com.tngtech.archunit.core.importer.JavaClassProcessor - Processing class 'javax/servlet/FilterRegistration$Dynamic'
10:41:48.771 [Test worker] DEBUG com.tngtech.archunit.core.importer.JavaClassProcessor - Processing class 'org/springframework/web/context/ServletContextAware'
10:41:48.771 [Test worker] DEBUG com.tngtech.archunit.core.importer.JavaClassProcessor - Processing class 'org/springframework/core/type/filter/TypeFilter'
10:41:48.771 [Test worker] DEBUG com.tngtech.archunit.core.importer.JavaClassProcessor - Processing class 'java/lang/Runnable'
10:41:48.771 [Test worker] DEBUG com.tngtech.archunit.core.importer.JavaClassProcessor - Processing class 'java/lang/AutoCloseable'
10:41:48.771 [Test worker] DEBUG com.tngtech.archunit.core.importer.JavaClassProcessor - Processing class 'java/util/AbstractCollection'
10:41:48.771 [Test worker] DEBUG com.tngtech.archunit.core.importer.JavaClassProcessor - Processing class 'java/util/Locale'
10:41:48.772 [Test worker] DEBUG com.tngtech.archunit.core.importer.JavaClassProcessor - Processing class 'org/springframework/context/ConfigurableApplicationContext'
10:41:48.772 [Test worker] DEBUG com.tngtech.archunit.core.importer.JavaClassProcessor - Processing class 'javax/security/auth/Destroyable'
10:41:48.773 [Test worker] DEBUG com.tngtech.archunit.core.importer.JavaClassProcessor - Processing class 'org/springframework/http/MediaType'
10:41:48.773 [Test worker] DEBUG com.tngtech.archunit.core.importer.JavaClassProcessor - Processing class 'java/util/Locale$LanguageRange'
10:41:48.773 [Test worker] DEBUG com.tngtech.archunit.core.importer.JavaClassProcessor - Processing class 'org/springframework/aop/support/AbstractPointcutAdvisor'
10:41:48.773 [Test worker] DEBUG com.tngtech.archunit.core.importer.JavaClassProcessor - Processing class 'java/security/Key'
10:41:48.773 [Test worker] DEBUG com.tngtech.archunit.core.importer.JavaClassProcessor - Processing class 'java/lang/constant/DynamicConstantDesc'
10:41:48.775 [Test worker] DEBUG com.tngtech.archunit.core.importer.JavaClassProcessor - Processing class 'java/net/URLStreamHandler'
10:41:48.775 [Test worker] DEBUG com.tngtech.archunit.core.importer.JavaClassProcessor - Processing class 'org/springframework/http/client/support/HttpAccessor'
10:41:48.775 [Test worker] DEBUG com.tngtech.archunit.core.importer.JavaClassProcessor - Processing class 'org/springframework/context/annotation/AnnotationScopeMetadataResolver'
10:41:48.776 [Test worker] DEBUG com.tngtech.archunit.core.importer.JavaClassProcessor - Processing class 'org/springframework/beans/factory/BeanClassLoaderAware'
10:41:48.776 [Test worker] DEBUG com.tngtech.archunit.core.importer.JavaClassProcessor - Processing class 'org/aspectj/lang/reflect/MemberSignature'
10:41:48.776 [Test worker] DEBUG com.tngtech.archunit.core.importer.JavaClassProcessor - Processing class 'org/springframework/context/annotation/AspectJAutoProxyRegistrar'
10:41:48.776 [Test worker] DEBUG com.tngtech.archunit.core.importer.JavaClassProcessor - Processing class 'org/springframework/data/repository/CrudRepository'
10:41:48.777 [Test worker] DEBUG com.tngtech.archunit.core.importer.JavaClassProcessor - Processing class 'org/springframework/beans/factory/InitializingBean'
10:41:48.777 [Test worker] DEBUG com.tngtech.archunit.core.importer.JavaClassProcessor - Processing class 'java/lang/Iterable'
10:41:48.777 [Test worker] DEBUG com.tngtech.archunit.core.importer.JavaClassProcessor - Processing class 'java/nio/charset/Charset'
10:41:48.777 [Test worker] DEBUG com.tngtech.archunit.core.importer.JavaClassProcessor - Processing class 'org/springframework/context/annotation/ComponentScans'
10:41:48.778 [Test worker] DEBUG com.tngtech.archunit.core.importer.JavaClassProcessor - Processing class 'org/springframework/boot/web/servlet/ServletRegistrationBean'
10:41:48.778 [Test worker] DEBUG com.tngtech.archunit.core.importer.JavaClassProcessor - Processing class 'org/springframework/retry/RetryListener'
10:41:48.778 [Test worker] DEBUG com.tngtech.archunit.core.importer.JavaClassProcessor - Processing class 'org/springframework/beans/factory/BeanNameAware'
10:41:48.779 [Test worker] DEBUG com.tngtech.archunit.core.importer.JavaClassProcessor - Processing class 'java/time/chrono/ChronoLocalDate'
10:41:48.779 [Test worker] DEBUG com.tngtech.archunit.core.importer.JavaClassProcessor - Processing class 'java/lang/reflect/AccessibleObject'
10:41:48.779 [Test worker] DEBUG com.tngtech.archunit.core.importer.JavaClassProcessor - Processing class 'org/springframework/context/annotation/ScopedProxyMode'
10:41:48.781 [Test worker] DEBUG com.tngtech.archunit.core.importer.JavaClassProcessor - Processing class 'org/springframework/http/HttpRange'
10:41:48.781 [Test worker] DEBUG com.tngtech.archunit.core.importer.JavaClassProcessor - Processing class 'org/springframework/beans/factory/SmartInitializingSingleton'
10:41:48.781 [Test worker] DEBUG com.tngtech.archunit.core.importer.JavaClassProcessor - Processing class 'org/springframework/context/EnvironmentAware'
10:41:48.782 [Test worker] DEBUG com.tngtech.archunit.core.importer.JavaClassProcessor - Processing class 'org/springframework/context/annotation/ScopeMetadataResolver'
10:41:48.782 [Test worker] DEBUG com.tngtech.archunit.core.importer.JavaClassProcessor - Processing class 'javax/servlet/DispatcherType'
10:41:48.783 [Test worker] DEBUG com.tngtech.archunit.core.importer.JavaClassProcessor - Processing class 'org/springframework/core/env/AbstractEnvironment'
10:41:48.783 [Test worker] DEBUG com.tngtech.archunit.core.importer.JavaClassProcessor - Processing class 'org/springframework/boot/autoconfigure/AutoConfigurationImportListener'
10:41:48.783 [Test worker] DEBUG com.tngtech.archunit.core.importer.JavaClassProcessor - Processing class 'java/nio/charset/spi/CharsetProvider'
10:41:48.783 [Test worker] DEBUG com.tngtech.archunit.core.importer.JavaClassProcessor - Processing class 'org/springframework/data/repository/query/FluentQuery'
10:41:48.784 [Test worker] DEBUG com.tngtech.archunit.core.importer.JavaClassProcessor - Processing class 'org/springframework/http/HttpRequest'
10:41:48.784 [Test worker] DEBUG com.tngtech.archunit.core.importer.JavaClassProcessor - Processing class 'org/springframework/boot/web/servlet/RegistrationBean'
10:41:48.784 [Test worker] DEBUG com.tngtech.archunit.core.importer.JavaClassProcessor - Processing class 'javax/servlet/Registration$Dynamic'
10:41:48.784 [Test worker] DEBUG com.tngtech.archunit.core.importer.JavaClassProcessor - Processing class 'java/util/EventObject'
10:41:48.785 [Test worker] DEBUG com.tngtech.archunit.core.importer.JavaClassProcessor - Processing class 'org/springframework/util/MimeType'
10:41:48.785 [Test worker] DEBUG com.tngtech.archunit.core.importer.JavaClassProcessor - Processing class 'java/lang/Character'
10:41:48.786 [Test worker] DEBUG com.tngtech.archunit.core.importer.JavaClassProcessor - Processing class 'org/springframework/data/repository/Repository'
10:41:48.786 [Test worker] DEBUG com.tngtech.archunit.core.importer.JavaClassProcessor - Processing class 'org/springframework/boot/autoconfigure/AutoConfigurationPackages$Registrar'
10:41:48.786 [Test worker] DEBUG com.tngtech.archunit.core.importer.JavaClassProcessor - Processing class 'javax/servlet/ServletRegistration$Dynamic'
10:41:48.786 [Test worker] DEBUG com.tngtech.archunit.core.importer.JavaClassProcessor - Processing class 'java/lang/ThreadLocal'
10:41:48.787 [Test worker] DEBUG com.tngtech.archunit.core.importer.JavaClassProcessor - Processing class 'javax/servlet/Servlet'
10:41:48.787 [Test worker] DEBUG com.tngtech.archunit.core.importer.JavaClassProcessor - Processing class 'org/aspectj/lang/Signature'
10:41:48.787 [Test worker] DEBUG com.tngtech.archunit.core.importer.JavaClassProcessor - Processing class 'javax/servlet/FilterRegistration'
10:41:48.787 [Test worker] DEBUG com.tngtech.archunit.core.importer.JavaClassProcessor - Processing class 'java/net/URLStreamHandlerFactory'
10:41:48.787 [Test worker] DEBUG com.tngtech.archunit.core.importer.JavaClassProcessor - Processing class 'sun/util/locale/LocaleExtensions'
10:41:48.788 [Test worker] DEBUG com.tngtech.archunit.core.importer.JavaClassProcessor - Processing class 'org/springframework/core/Ordered'
10:41:48.788 [Test worker] DEBUG com.tngtech.archunit.core.importer.JavaClassProcessor - Processing class 'org/springframework/aop/PointcutAdvisor'
10:41:48.788 [Test worker] DEBUG com.tngtech.archunit.core.importer.JavaClassProcessor - Processing class 'org/springframework/context/annotation/DeferredImportSelector'
10:41:48.788 [Test worker] DEBUG com.tngtech.archunit.core.importer.JavaClassProcessor - Processing class 'org/springframework/beans/factory/Aware'
10:41:48.789 [Test worker] DEBUG com.tngtech.archunit.core.importer.JavaClassProcessor - Processing class 'org/springframework/core/ResolvableTypeProvider'
10:41:48.789 [Test worker] DEBUG com.tngtech.archunit.core.importer.JavaClassProcessor - Processing class 'org/springframework/core/io/support/ResourceRegion'
10:41:48.789 [Test worker] DEBUG com.tngtech.archunit.core.importer.JavaClassProcessor - Processing class 'org/springframework/aop/IntroductionInfo'
10:41:48.790 [Test worker] DEBUG com.tngtech.archunit.core.importer.JavaClassProcessor - Processing class 'org/springframework/boot/autoconfigure/AutoConfigurationImportFilter'
10:41:48.790 [Test worker] DEBUG com.tngtech.archunit.core.importer.JavaClassProcessor - Processing class 'org/springframework/core/env/ConfigurableEnvironment'
10:41:48.790 [Test worker] DEBUG com.tngtech.archunit.core.importer.JavaClassProcessor - Processing class 'org/springframework/context/annotation/ImportBeanDefinitionRegistrar'
10:41:48.790 [Test worker] DEBUG com.tngtech.archunit.core.importer.JavaClassProcessor - Processing class 'org/springframework/http/client/ClientHttpRequestInitializer'
10:41:48.791 [Test worker] DEBUG com.tngtech.archunit.core.importer.JavaClassProcessor - Processing class 'org/springframework/aop/Advisor'
10:41:48.791 [Test worker] DEBUG com.tngtech.archunit.core.importer.JavaClassProcessor - Processing class 'org/springframework/context/ResourceLoaderAware'
10:41:48.791 [Test worker] DEBUG com.tngtech.archunit.core.importer.JavaClassProcessor - Processing class 'org/springframework/context/ApplicationContext'
10:41:48.791 [Test worker] DEBUG com.tngtech.archunit.core.importer.JavaClassProcessor - Processing class 'org/springframework/context/Lifecycle'
10:41:48.791 [Test worker] DEBUG com.tngtech.archunit.core.importer.JavaClassProcessor - Processing class 'sun/util/locale/BaseLocale'
10:41:48.792 [Test worker] DEBUG com.tngtech.archunit.core.importer.JavaClassProcessor - Processing class 'org/springframework/context/annotation/DeferredImportSelector$Group'
10:41:48.792 [Test worker] DEBUG com.tngtech.archunit.core.importer.JavaClassProcessor - Processing class 'java/io/Closeable'
10:41:48.792 [Test worker] DEBUG com.tngtech.archunit.core.importer.JavaClassProcessor - Processing class 'org/springframework/http/HttpOutputMessage'
10:41:48.792 [Test worker] DEBUG com.tngtech.archunit.core.importer.JavaClassProcessor - Processing class 'sun/util/locale/Extension'
10:41:48.792 [Test worker] DEBUG com.tngtech.archunit.core.importer.JavaClassProcessor - Processing class 'org/springframework/beans/factory/HierarchicalBeanFactory'
10:41:48.792 [Test worker] DEBUG com.tngtech.archunit.core.importer.JavaClassProcessor - Processing class 'javax/servlet/ServletRegistration'
10:41:48.793 [Test worker] DEBUG com.tngtech.archunit.core.importer.JavaClassProcessor - Processing class 'org/springframework/core/env/ConfigurablePropertyResolver'
10:41:48.793 [Test worker] DEBUG com.tngtech.archunit.core.importer.JavaClassProcessor - Processing class 'org/springframework/context/annotation/DeferredImportSelector$Group$Entry'
10:41:48.793 [Test worker] DEBUG com.tngtech.archunit.core.importer.JavaClassProcessor - Processing class 'org/springframework/context/ApplicationEventPublisher'
10:41:48.794 [Test worker] DEBUG com.tngtech.archunit.core.importer.JavaClassProcessor - Processing class 'org/springframework/http/HttpMessage'
10:41:48.794 [Test worker] DEBUG com.tngtech.archunit.core.importer.JavaClassProcessor - Processing class 'org/springframework/context/annotation/ImportSelector'
10:41:48.794 [Test worker] DEBUG com.tngtech.archunit.core.importer.JavaClassProcessor - Processing class 'org/springframework/boot/web/servlet/ServletContextInitializer'
10:41:48.794 [Test worker] DEBUG com.tngtech.archunit.core.importer.JavaClassProcessor - Processing class 'org/springframework/context/MessageSource'
10:41:48.795 [Test worker] DEBUG com.tngtech.archunit.core.importer.JavaClassProcessor - Processing class 'javax/servlet/Registration'
10:41:48.795 [Test worker] DEBUG com.tngtech.archunit.core.importer.JavaClassProcessor - Processing class 'org/springframework/boot/autoconfigure/AutoConfigurationPackages'
10:41:48.795 [Test worker] DEBUG com.tngtech.archunit.core.importer.JavaClassProcessor - Processing class 'org/springframework/boot/context/annotation/DeterminableImports'
10:41:48.795 [Test worker] DEBUG com.tngtech.archunit.core.importer.JavaClassProcessor - Processing class 'sun/util/locale/InternalLocaleBuilder$CaseInsensitiveString'
10:41:48.796 [Test worker] DEBUG com.tngtech.archunit.core.importer.JavaClassProcessor - Processing class 'org/springframework/core/io/support/ResourcePatternResolver'
10:41:48.796 [Test worker] DEBUG com.tngtech.archunit.core.importer.JavaClassProcessor - Processing class 'sun/util/locale/InternalLocaleBuilder$CaseInsensitiveChar'
10:41:48.796 [Test worker] DEBUG com.tngtech.archunit.core.importer.JavaClassProcessor - Processing class 'org/springframework/beans/factory/ListableBeanFactory'
10:41:48.796 [Test worker] DEBUG com.tngtech.archunit.core.importer.JavaClassProcessor - Processing class 'org/springframework/core/io/ResourceLoader'
10:41:48.796 [Test worker] DEBUG com.tngtech.archunit.core.importer.JavaClassProcessor - Processing class 'org/springframework/beans/factory/BeanFactory'
10:41:48.797 [Test worker] DEBUG com.tngtech.archunit.core.importer.JavaClassProcessor - Processing class 'sun/util/locale/InternalLocaleBuilder'
10:41:48.798 [Test worker] DEBUG com.tngtech.archunit.core.importer.JavaClassProcessor - Processing class 'com/auth0/jwt/impl/JWTParser'
10:41:48.798 [Test worker] DEBUG com.tngtech.archunit.core.importer.JavaClassProcessor - Processing class 'com/auth0/jwt/exceptions/JWTDecodeException'
10:41:48.798 [Test worker] DEBUG com.tngtech.archunit.core.importer.JavaClassProcessor - Processing class 'com/auth0/jwt/JWTCreator$Builder'
10:41:48.799 [Test worker] DEBUG com.tngtech.archunit.core.importer.JavaClassProcessor - Processing class 'com/auth0/jwt/interfaces/Verification'
10:41:48.799 [Test worker] DEBUG com.tngtech.archunit.core.importer.JavaClassProcessor - Processing class 'com/auth0/jwt/algorithms/Algorithm'
10:41:48.799 [Test worker] DEBUG com.tngtech.archunit.core.importer.JavaClassProcessor - Processing class 'java/time/Instant'
10:41:48.803 [Test worker] DEBUG com.tngtech.archunit.core.importer.JavaClassProcessor - Processing class 'io/jsonwebtoken/CompressionCodec'
10:41:48.804 [Test worker] DEBUG com.tngtech.archunit.core.importer.JavaClassProcessor - Processing class 'io/jsonwebtoken/Header'
10:41:48.804 [Test worker] DEBUG com.tngtech.archunit.core.importer.JavaClassProcessor - Processing class 'io/jsonwebtoken/Claims'
10:41:48.804 [Test worker] DEBUG com.tngtech.archunit.core.importer.JavaClassProcessor - Processing class 'io/jsonwebtoken/JwsHeader'
10:41:48.805 [Test worker] DEBUG com.tngtech.archunit.core.importer.JavaClassProcessor - Processing class 'io/jsonwebtoken/JwtParser'
10:41:48.805 [Test worker] DEBUG com.tngtech.archunit.core.importer.JavaClassProcessor - Processing class 'io/jsonwebtoken/SignatureException'
10:41:48.806 [Test worker] DEBUG com.tngtech.archunit.core.importer.JavaClassProcessor - Processing class 'io/jsonwebtoken/impl/crypto/SignatureValidator'
10:41:48.806 [Test worker] DEBUG com.tngtech.archunit.core.importer.JavaClassProcessor - Processing class 'io/jsonwebtoken/impl/crypto/SignatureValidatorFactory'
10:41:48.807 [Test worker] DEBUG com.tngtech.archunit.core.importer.JavaClassProcessor - Processing class 'jdk/internal/reflect/ReflectionFactory'
10:41:48.808 [Test worker] DEBUG com.tngtech.archunit.core.importer.JavaClassProcessor - Processing class 'java/lang/reflect/Constructor'
10:41:48.808 [Test worker] DEBUG com.tngtech.archunit.core.importer.JavaClassProcessor - Processing class 'sun/reflect/annotation/AnnotationType'
10:41:48.808 [Test worker] DEBUG com.tngtech.archunit.core.importer.JavaClassProcessor - Processing class 'sun/reflect/generics/repository/ClassRepository'
10:41:48.809 [Test worker] DEBUG com.tngtech.archunit.core.importer.JavaClassProcessor - Processing class 'java/io/ObjectStreamField'
10:41:48.809 [Test worker] DEBUG com.tngtech.archunit.core.importer.JavaClassProcessor - Processing class 'java/lang/Class$AnnotationData'
10:41:48.809 [Test worker] DEBUG com.tngtech.archunit.core.importer.JavaClassProcessor - Processing class 'java/lang/ClassLoader'
10:41:48.811 [Test worker] DEBUG com.tngtech.archunit.core.importer.JavaClassProcessor - Processing class 'java/lang/Module'
10:41:48.811 [Test worker] DEBUG com.tngtech.archunit.core.importer.JavaClassProcessor - Processing class 'java/lang/ClassValue$ClassValueMap'
10:41:48.812 [Test worker] DEBUG com.tngtech.archunit.core.importer.JavaClassProcessor - Processing class 'java/security/ProtectionDomain'
10:41:48.812 [Test worker] DEBUG com.tngtech.archunit.core.importer.JavaClassProcessor - Processing class 'java/lang/ref/SoftReference'
10:41:48.812 [Test worker] DEBUG com.tngtech.archunit.core.importer.JavaClassProcessor - Processing class 'java/lang/NoSuchFieldException'
10:41:48.812 [Test worker] DEBUG com.tngtech.archunit.core.importer.JavaClassProcessor - Processing class 'java/lang/SecurityException'
10:41:48.813 [Test worker] DEBUG com.tngtech.archunit.core.importer.JavaClassProcessor - Processing class 'java/lang/NoSuchMethodException'
10:41:48.813 [Test worker] DEBUG com.tngtech.archunit.core.importer.JavaClassProcessor - Processing class 'java/lang/reflect/RecordComponent'
10:41:48.813 [Test worker] DEBUG com.tngtech.archunit.core.importer.JavaClassProcessor - Processing class 'java/lang/SecurityManager'
10:41:48.814 [Test worker] DEBUG com.tngtech.archunit.core.importer.JavaClassProcessor - Processing class 'java/lang/reflect/TypeVariable'
10:41:48.814 [Test worker] DEBUG com.tngtech.archunit.core.importer.JavaClassProcessor - Processing class 'java/lang/InstantiationException'
10:41:48.814 [Test worker] DEBUG com.tngtech.archunit.core.importer.JavaClassProcessor - Processing class 'java/lang/IllegalAccessException'
10:41:48.814 [Test worker] DEBUG com.tngtech.archunit.core.importer.JavaClassProcessor - Processing class 'java/lang/ClassNotFoundException'
10:41:48.814 [Test worker] DEBUG com.tngtech.archunit.core.importer.JavaClassProcessor - Processing class 'java/lang/reflect/GenericArrayType'
10:41:48.815 [Test worker] DEBUG com.tngtech.archunit.core.importer.JavaClassProcessor - Processing class 'jdk/internal/reflect/ConstantPool'
10:41:48.815 [Test worker] DEBUG com.tngtech.archunit.core.importer.JavaClassProcessor - Processing class 'java/io/InputStream'
10:41:48.815 [Test worker] DEBUG com.tngtech.archunit.core.importer.JavaClassProcessor - Processing class 'jdk/internal/loader/BuiltinClassLoader'
10:41:48.816 [Test worker] DEBUG com.tngtech.archunit.core.importer.JavaClassProcessor - Processing class 'java/lang/Package'
10:41:48.816 [Test worker] DEBUG com.tngtech.archunit.core.importer.JavaClassProcessor - Processing class 'java/lang/PublicMethods$MethodList'
10:41:48.816 [Test worker] DEBUG com.tngtech.archunit.core.importer.JavaClassProcessor - Processing class 'sun/reflect/generics/factory/GenericsFactory'
10:41:48.816 [Test worker] DEBUG com.tngtech.archunit.core.importer.JavaClassProcessor - Processing class 'java/lang/Class$EnclosingMethodInfo'
10:41:48.817 [Test worker] DEBUG com.tngtech.archunit.core.importer.JavaClassProcessor - Processing class 'java/lang/reflect/AnnotatedType'
10:41:48.818 [Test worker] DEBUG com.tngtech.archunit.core.importer.JavaClassProcessor - Processing class 'java/lang/NumberFormatException'
10:41:48.818 [Test worker] DEBUG com.tngtech.archunit.core.importer.JavaClassProcessor - Processing class 'java/lang/invoke/MethodHandles$Lookup'
10:41:48.819 [Test worker] DEBUG com.tngtech.archunit.core.importer.JavaClassProcessor - Processing class 'java/lang/ReflectiveOperationException'
10:41:48.819 [Test worker] DEBUG com.tngtech.archunit.core.importer.JavaClassProcessor - Processing class 'java/io/ObjectStreamException'
10:41:48.819 [Test worker] DEBUG com.tngtech.archunit.core.importer.JavaClassProcessor - Processing class 'java/io/ObjectInputStream'
10:41:48.820 [Test worker] DEBUG com.tngtech.archunit.core.importer.JavaClassProcessor - Processing class 'java/lang/CloneNotSupportedException'
10:41:48.820 [Test worker] DEBUG com.tngtech.archunit.core.importer.JavaClassProcessor - Processing class 'java/util/Spliterator'
10:41:48.821 [Test worker] DEBUG com.tngtech.archunit.core.importer.JavaClassProcessor - Processing class 'java/math/BigInteger'
10:41:48.822 [Test worker] DEBUG com.tngtech.archunit.core.importer.JavaClassProcessor - Processing class 'java/lang/InterruptedException'
10:41:48.823 [Test worker] DEBUG com.tngtech.archunit.core.importer.JavaClassProcessor - Processing class 'java/lang/StringBuffer'
10:41:48.823 [Test worker] DEBUG com.tngtech.archunit.core.importer.JavaClassProcessor - Processing class 'java/lang/AbstractStringBuilder'
10:41:48.823 [Test worker] DEBUG com.tngtech.archunit.core.importer.JavaClassProcessor - Processing class 'java/nio/charset/CharsetDecoder'
10:41:48.824 [Test worker] DEBUG com.tngtech.archunit.core.importer.JavaClassProcessor - Processing class 'sun/nio/cs/ArrayDecoder'
10:41:48.824 [Test worker] DEBUG com.tngtech.archunit.core.importer.JavaClassProcessor - Processing class 'sun/nio/cs/ArrayEncoder'
10:41:48.824 [Test worker] DEBUG com.tngtech.archunit.core.importer.JavaClassProcessor - Processing class 'java/nio/charset/MalformedInputException'
10:41:48.824 [Test worker] DEBUG com.tngtech.archunit.core.importer.JavaClassProcessor - Processing class 'java/nio/charset/CharacterCodingException'
10:41:48.824 [Test worker] DEBUG com.tngtech.archunit.core.importer.JavaClassProcessor - Processing class 'java/io/UnsupportedEncodingException'
10:41:48.826 [Test worker] DEBUG com.tngtech.archunit.core.importer.JavaClassProcessor - Processing class 'java/nio/charset/UnmappableCharacterException'
10:41:48.826 [Test worker] DEBUG com.tngtech.archunit.core.importer.JavaClassProcessor - Processing class 'java/lang/Void'
10:41:48.826 [Test worker] DEBUG com.tngtech.archunit.core.importer.JavaClassProcessor - Processing class 'java/util/function/Function'
10:41:48.826 [Test worker] DEBUG com.tngtech.archunit.core.importer.JavaClassProcessor - Processing class 'java/lang/StringBuilder'
10:41:48.827 [Test worker] DEBUG com.tngtech.archunit.core.importer.JavaClassProcessor - Processing class 'java/lang/ModuleLayer'
10:41:48.828 [Test worker] DEBUG com.tngtech.archunit.core.importer.JavaClassProcessor - Processing class 'java/util/Properties'
10:41:48.828 [Test worker] DEBUG com.tngtech.archunit.core.importer.JavaClassProcessor - Processing class 'java/io/PrintStream'
10:41:48.829 [Test worker] DEBUG com.tngtech.archunit.core.importer.JavaClassProcessor - Processing class 'java/io/Console'
10:41:48.829 [Test worker] DEBUG com.tngtech.archunit.core.importer.JavaClassProcessor - Processing class 'java/lang/System$Logger'
10:41:48.829 [Test worker] DEBUG com.tngtech.archunit.core.importer.JavaClassProcessor - Processing class 'java/nio/channels/Channel'
10:41:48.829 [Test worker] DEBUG com.tngtech.archunit.core.importer.JavaClassProcessor - Processing class 'java/util/ResourceBundle'
10:41:48.830 [Test worker] DEBUG com.tngtech.archunit.core.importer.JavaClassProcessor - Processing class 'java/io/FileOutputStream'
10:41:48.830 [Test worker] DEBUG com.tngtech.archunit.core.importer.JavaClassProcessor - Processing class 'java/lang/invoke/StringConcatFactory'
10:41:48.830 [Test worker] DEBUG com.tngtech.archunit.core.importer.JavaClassProcessor - Processing class 'java/util/concurrent/atomic/AtomicInteger'
10:41:48.830 [Test worker] DEBUG com.tngtech.archunit.core.importer.JavaClassProcessor - Processing class 'java/util/function/Supplier'
10:41:48.831 [Test worker] DEBUG com.tngtech.archunit.core.importer.JavaClassProcessor - Processing class 'jdk/internal/misc/TerminatingThreadLocal'
10:41:48.831 [Test worker] DEBUG com.tngtech.archunit.core.importer.JavaClassProcessor - Processing class 'java/lang/Thread'
10:41:48.831 [Test worker] DEBUG com.tngtech.archunit.core.importer.JavaClassProcessor - Processing class 'java/lang/ThreadLocal$ThreadLocalMap'
10:41:48.832 [Test worker] DEBUG com.tngtech.archunit.core.importer.JavaClassProcessor - Processing class 'java/lang/StackTraceElement'
10:41:48.832 [Test worker] DEBUG com.tngtech.archunit.core.importer.JavaClassProcessor - Processing class 'java/io/PrintWriter'
10:41:48.832 [Test worker] DEBUG com.tngtech.archunit.core.importer.JavaClassProcessor - Processing class 'java/lang/Throwable$PrintStreamOrWriter'
10:41:48.833 [Test worker] DEBUG com.tngtech.archunit.core.importer.JavaClassProcessor - Processing class 'java/io/ObjectOutputStream'
10:41:48.834 [Test worker] DEBUG com.tngtech.archunit.core.importer.JavaClassProcessor - Processing class 'java/lang/constant/DirectMethodHandleDesc'
10:41:48.834 [Test worker] DEBUG com.tngtech.archunit.core.importer.JavaClassProcessor - Processing class 'java/lang/ref/WeakReference'
10:41:48.834 [Test worker] DEBUG com.tngtech.archunit.core.importer.JavaClassProcessor - Processing class 'java/lang/reflect/AccessibleObject$Cache'
10:41:48.836 [Test worker] DEBUG com.tngtech.archunit.core.importer.JavaClassProcessor - Processing class 'java/lang/invoke/MethodHandle'
10:41:48.837 [Test worker] DEBUG com.tngtech.archunit.core.importer.JavaClassProcessor - Processing class 'java/lang/reflect/Parameter'
10:41:48.837 [Test worker] DEBUG com.tngtech.archunit.core.importer.JavaClassProcessor - Processing class 'sun/reflect/generics/repository/ConstructorRepository'
10:41:48.838 [Test worker] DEBUG com.tngtech.archunit.core.importer.JavaClassProcessor - Processing class 'jdk/internal/reflect/FieldAccessor'
10:41:48.838 [Test worker] DEBUG com.tngtech.archunit.core.importer.JavaClassProcessor - Processing class 'sun/reflect/generics/repository/FieldRepository'
10:41:48.838 [Test worker] DEBUG com.tngtech.archunit.core.importer.JavaClassProcessor - Processing class 'jdk/internal/reflect/MethodAccessor'
10:41:48.838 [Test worker] DEBUG com.tngtech.archunit.core.importer.JavaClassProcessor - Processing class 'sun/reflect/generics/repository/MethodRepository'
10:41:48.839 [Test worker] DEBUG com.tngtech.archunit.core.importer.JavaClassProcessor - Processing class 'java/lang/reflect/InvocationTargetException'
10:41:48.839 [Test worker] DEBUG com.tngtech.archunit.core.importer.JavaClassProcessor - Processing class 'sun/reflect/annotation/ExceptionProxy'
10:41:48.839 [Test worker] DEBUG com.tngtech.archunit.core.importer.JavaClassProcessor - Processing class 'sun/reflect/annotation/TypeNotPresentExceptionProxy'
10:41:48.839 [Test worker] DEBUG com.tngtech.archunit.core.importer.JavaClassProcessor - Processing class 'java/net/UrlDeserializedState'
10:41:48.839 [Test worker] DEBUG com.tngtech.archunit.core.importer.JavaClassProcessor - Processing class 'java/net/InetAddress'
10:41:48.840 [Test worker] DEBUG com.tngtech.archunit.core.importer.JavaClassProcessor - Processing class 'java/util/Hashtable'
10:41:48.841 [Test worker] DEBUG com.tngtech.archunit.core.importer.JavaClassProcessor - Processing class 'java/io/InvalidObjectException'
10:41:48.841 [Test worker] DEBUG com.tngtech.archunit.core.importer.JavaClassProcessor - Processing class 'java/net/URLConnection'
10:41:48.841 [Test worker] DEBUG com.tngtech.archunit.core.importer.JavaClassProcessor - Processing class 'java/net/Proxy'
10:41:48.842 [Test worker] DEBUG com.tngtech.archunit.core.importer.JavaClassProcessor - Processing class 'java/net/URI'
10:41:48.842 [Test worker] DEBUG com.tngtech.archunit.core.importer.JavaClassProcessor - Processing class 'java/net/URISyntaxException'
10:41:48.842 [Test worker] DEBUG com.tngtech.archunit.core.importer.JavaClassProcessor - Processing class 'java/net/MalformedURLException'
10:41:48.843 [Test worker] DEBUG com.tngtech.archunit.core.importer.JavaClassProcessor - Processing class 'sun/net/www/protocol/jar/Handler'
10:41:48.843 [Test worker] DEBUG com.tngtech.archunit.core.importer.JavaClassProcessor - Processing class 'java/nio/ByteBuffer'
10:41:48.844 [Test worker] DEBUG com.tngtech.archunit.core.importer.JavaClassProcessor - Processing class 'java/nio/CharBuffer'
10:41:48.845 [Test worker] DEBUG com.tngtech.archunit.core.importer.JavaClassProcessor - Processing class 'java/util/SortedMap'
10:41:48.845 [Test worker] DEBUG com.tngtech.archunit.core.importer.JavaClassProcessor - Processing class 'java/nio/charset/CharsetEncoder'
10:41:48.845 [Test worker] DEBUG com.tngtech.archunit.core.importer.JavaClassProcessor - Processing class 'java/io/DataInput'
10:41:48.845 [Test worker] DEBUG com.tngtech.archunit.core.importer.JavaClassProcessor - Processing class 'java/time/temporal/ChronoUnit'
10:41:48.846 [Test worker] DEBUG com.tngtech.archunit.core.importer.JavaClassProcessor - Processing class 'java/math/BigDecimal'
10:41:48.848 [Test worker] DEBUG com.tngtech.archunit.core.importer.JavaClassProcessor - Processing class 'java/io/DataOutput'
10:41:48.848 [Test worker] DEBUG com.tngtech.archunit.core.importer.JavaClassProcessor - Processing class 'java/time/temporal/TemporalField'
10:41:48.849 [Test worker] DEBUG com.tngtech.archunit.core.importer.JavaClassProcessor - Processing class 'java/time/temporal/ValueRange'
10:41:48.849 [Test worker] DEBUG com.tngtech.archunit.core.importer.JavaClassProcessor - Processing class 'java/time/temporal/ChronoField'
10:41:48.849 [Test worker] DEBUG com.tngtech.archunit.core.importer.JavaClassProcessor - Processing class 'java/time/chrono/Era'
10:41:48.849 [Test worker] DEBUG com.tngtech.archunit.core.importer.JavaClassProcessor - Processing class 'java/time/Month'
10:41:48.849 [Test worker] DEBUG com.tngtech.archunit.core.importer.JavaClassProcessor - Processing class 'java/time/Period'
10:41:48.850 [Test worker] DEBUG com.tngtech.archunit.core.importer.JavaClassProcessor - Processing class 'java/time/chrono/IsoChronology'
10:41:48.850 [Test worker] DEBUG com.tngtech.archunit.core.importer.JavaClassProcessor - Processing class 'java/time/format/DateTimeFormatter'
10:41:48.851 [Test worker] DEBUG com.tngtech.archunit.core.importer.JavaClassProcessor - Processing class 'java/time/LocalTime'
10:41:48.851 [Test worker] DEBUG com.tngtech.archunit.core.importer.JavaClassProcessor - Processing class 'java/time/chrono/IsoEra'
10:41:48.852 [Test worker] DEBUG com.tngtech.archunit.core.importer.JavaClassProcessor - Processing class 'java/time/ZoneOffset'
10:41:48.852 [Test worker] DEBUG com.tngtech.archunit.core.importer.JavaClassProcessor - Processing class 'java/time/OffsetDateTime'
10:41:48.853 [Test worker] DEBUG com.tngtech.archunit.core.importer.JavaClassProcessor - Processing class 'java/time/OffsetTime'
10:41:48.853 [Test worker] DEBUG com.tngtech.archunit.core.importer.JavaClassProcessor - Processing class 'java/time/Clock'
10:41:48.853 [Test worker] DEBUG com.tngtech.archunit.core.importer.JavaClassProcessor - Processing class 'java/time/temporal/TemporalQuery'
10:41:48.853 [Test worker] DEBUG com.tngtech.archunit.core.importer.JavaClassProcessor - Processing class 'java/time/DayOfWeek'
10:41:48.854 [Test worker] DEBUG com.tngtech.archunit.core.importer.JavaClassProcessor - Processing class 'java/time/chrono/ChronoPeriod'
10:41:48.854 [Test worker] DEBUG com.tngtech.archunit.core.importer.JavaClassProcessor - Processing class 'java/time/chrono/Chronology'
10:41:48.855 [Test worker] DEBUG com.tngtech.archunit.core.importer.JavaClassProcessor - Processing class 'java/time/format/TextStyle'
10:41:48.856 [Test worker] DEBUG com.tngtech.archunit.core.importer.JavaClassProcessor - Processing class 'java/time/zone/ZoneRules'
10:41:48.856 [Test worker] DEBUG com.tngtech.archunit.core.importer.JavaClassProcessor - Processing class 'java/time/ZoneRegion'
10:41:48.857 [Test worker] DEBUG com.tngtech.archunit.core.importer.JavaClassProcessor - Processing class 'java/io/ObjectInput'
10:41:48.857 [Test worker] DEBUG com.tngtech.archunit.core.importer.JavaClassProcessor - Processing class 'java/lang/invoke/SerializedLambda'
10:41:48.859 [Test worker] DEBUG com.tngtech.archunit.core.importer.JavaClassProcessor - Processing class 'java/util/ListIterator'
10:41:48.861 [Test worker] DEBUG com.tngtech.archunit.core.importer.JavaClassProcessor - Processing class 'java/util/function/UnaryOperator'
10:41:48.861 [Test worker] DEBUG com.tngtech.archunit.core.importer.JavaClassProcessor - Processing class 'java/util/function/Predicate'
10:41:48.862 [Test worker] DEBUG com.tngtech.archunit.core.importer.JavaClassProcessor - Processing class 'java/util/function/IntToLongFunction'
10:41:48.863 [Test worker] DEBUG com.tngtech.archunit.core.importer.JavaClassProcessor - Processing class 'java/util/function/BinaryOperator'
10:41:48.863 [Test worker] DEBUG com.tngtech.archunit.core.importer.JavaClassProcessor - Processing class 'java/util/function/IntUnaryOperator'
10:41:48.863 [Test worker] DEBUG com.tngtech.archunit.core.importer.JavaClassProcessor - Processing class 'java/util/function/IntBinaryOperator'
10:41:48.863 [Test worker] DEBUG com.tngtech.archunit.core.importer.JavaClassProcessor - Processing class 'java/util/function/DoubleBinaryOperator'
10:41:48.864 [Test worker] DEBUG com.tngtech.archunit.core.importer.JavaClassProcessor - Processing class 'java/util/Spliterator$OfInt'
10:41:48.864 [Test worker] DEBUG com.tngtech.archunit.core.importer.JavaClassProcessor - Processing class 'java/util/function/IntFunction'
10:41:48.864 [Test worker] DEBUG com.tngtech.archunit.core.importer.JavaClassProcessor - Processing class 'java/util/function/IntToDoubleFunction'
10:41:48.864 [Test worker] DEBUG com.tngtech.archunit.core.importer.JavaClassProcessor - Processing class 'java/util/Spliterator$OfDouble'
10:41:48.864 [Test worker] DEBUG com.tngtech.archunit.core.importer.JavaClassProcessor - Processing class 'java/util/Spliterator$OfLong'
10:41:48.865 [Test worker] DEBUG com.tngtech.archunit.core.importer.JavaClassProcessor - Processing class 'java/util/function/LongBinaryOperator'
10:41:48.865 [Test worker] DEBUG com.tngtech.archunit.core.importer.JavaClassProcessor - Processing class 'java/util/function/ToIntFunction'
10:41:48.866 [Test worker] DEBUG com.tngtech.archunit.core.importer.JavaClassProcessor - Processing class 'java/util/function/ToLongFunction'
10:41:48.866 [Test worker] DEBUG com.tngtech.archunit.core.importer.JavaClassProcessor - Processing class 'java/util/function/ToDoubleFunction'
10:41:48.866 [Test worker] DEBUG com.tngtech.archunit.core.importer.JavaClassProcessor - Processing class 'sun/util/calendar/BaseCalendar'
10:41:48.866 [Test worker] DEBUG com.tngtech.archunit.core.importer.JavaClassProcessor - Processing class 'sun/util/calendar/BaseCalendar$Date'
10:41:48.866 [Test worker] DEBUG com.tngtech.archunit.core.importer.JavaClassProcessor - Processing class 'sun/util/calendar/ZoneInfo'
10:41:48.867 [Test worker] DEBUG com.tngtech.archunit.core.importer.JavaClassProcessor - Processing class 'java/util/Locale$FilteringMode'
10:41:48.867 [Test worker] DEBUG com.tngtech.archunit.core.importer.JavaClassProcessor - Processing class 'java/util/MissingResourceException'
10:41:48.867 [Test worker] DEBUG com.tngtech.archunit.core.importer.JavaClassProcessor - Processing class 'java/util/spi/LocaleNameProvider'
10:41:48.868 [Test worker] DEBUG com.tngtech.archunit.core.importer.JavaClassProcessor - Processing class 'java/util/Locale$IsoCountryCode'
10:41:48.868 [Test worker] DEBUG com.tngtech.archunit.core.importer.JavaClassProcessor - Processing class 'java/util/Locale$Category'
10:41:48.868 [Test worker] DEBUG com.tngtech.archunit.core.importer.JavaClassProcessor - Processing class 'sun/util/locale/provider/LocaleResources'
10:41:48.869 [Test worker] DEBUG com.tngtech.archunit.core.importer.JavaClassProcessor - Processing class 'java/util/function/BiFunction'
10:41:48.869 [Test worker] DEBUG com.tngtech.archunit.core.importer.JavaClassProcessor - Processing class 'java/util/ImmutableCollections$AbstractImmutableMap'
10:41:48.869 [Test worker] DEBUG com.tngtech.archunit.core.importer.JavaClassProcessor - Processing class 'java/util/function/BiConsumer'
10:41:48.870 [Test worker] DEBUG com.tngtech.archunit.core.importer.JavaClassProcessor - Processing class 'java/util/KeyValueHolder'
10:41:48.871 [Test worker] DEBUG com.tngtech.archunit.core.importer.JavaClassProcessor - Processing class 'java/util/ImmutableCollections$AbstractImmutableSet'
10:41:48.871 [Test worker] DEBUG com.tngtech.archunit.core.importer.JavaClassProcessor - Processing class 'jdk/internal/access/JavaLangAccess'
10:41:48.871 [Test worker] DEBUG com.tngtech.archunit.core.importer.JavaClassProcessor - Processing class 'java/util/concurrent/ConcurrentHashMap$Node'
10:41:48.872 [Test worker] DEBUG com.tngtech.archunit.core.importer.JavaClassProcessor - Processing class 'java/util/concurrent/ConcurrentHashMap$EntrySetView'
10:41:48.872 [Test worker] DEBUG com.tngtech.archunit.core.importer.JavaClassProcessor - Processing class 'java/util/concurrent/ConcurrentHashMap$KeySetView'
10:41:48.872 [Test worker] DEBUG com.tngtech.archunit.core.importer.JavaClassProcessor - Processing class 'jdk/internal/misc/Unsafe'
10:41:48.874 [Test worker] DEBUG com.tngtech.archunit.core.importer.JavaClassProcessor - Processing class 'java/util/concurrent/ConcurrentHashMap$CounterCell'
10:41:48.874 [Test worker] DEBUG com.tngtech.archunit.core.importer.JavaClassProcessor - Processing class 'java/util/concurrent/ConcurrentHashMap$ValuesView'
10:41:48.875 [Test worker] DEBUG com.tngtech.archunit.core.importer.JavaClassProcessor - Processing class 'java/util/concurrent/ConcurrentHashMap$TreeBin'
10:41:48.875 [Test worker] DEBUG com.tngtech.archunit.core.importer.JavaClassProcessor - Processing class 'java/util/concurrent/ConcurrentHashMap$ReservationNode'
10:41:48.875 [Test worker] DEBUG com.tngtech.archunit.core.importer.JavaClassProcessor - Processing class 'java/util/Enumeration'
10:41:48.875 [Test worker] DEBUG com.tngtech.archunit.core.importer.JavaClassProcessor - Processing class 'java/util/function/ToDoubleBiFunction'
10:41:48.876 [Test worker] DEBUG com.tngtech.archunit.core.importer.JavaClassProcessor - Processing class 'java/util/concurrent/ConcurrentHashMap$ForwardingNode'
10:41:48.876 [Test worker] DEBUG com.tngtech.archunit.core.importer.JavaClassProcessor - Processing class 'java/util/function/ToLongBiFunction'
10:41:48.877 [Test worker] DEBUG com.tngtech.archunit.core.importer.JavaClassProcessor - Processing class 'java/util/function/ToIntBiFunction'
10:41:48.877 [Test worker] DEBUG com.tngtech.archunit.core.importer.JavaClassProcessor - Processing class 'java/lang/reflect/ParameterizedType'
10:41:48.877 [Test worker] DEBUG com.tngtech.archunit.core.importer.JavaClassProcessor - Processing class 'java/util/concurrent/ConcurrentHashMap$Segment'
10:41:48.878 [Test worker] DEBUG com.tngtech.archunit.core.importer.JavaClassProcessor - Processing class 'java/util/concurrent/locks/LockSupport'
10:41:48.879 [Test worker] DEBUG com.tngtech.archunit.core.importer.JavaClassProcessor - Processing class 'java/util/PrimitiveIterator$OfDouble'
10:41:48.879 [Test worker] DEBUG com.tngtech.archunit.core.importer.JavaClassProcessor - Processing class 'java/util/OptionalDouble'
10:41:48.880 [Test worker] DEBUG com.tngtech.archunit.core.importer.JavaClassProcessor - Processing class 'java/util/function/DoublePredicate'
10:41:48.880 [Test worker] DEBUG com.tngtech.archunit.core.importer.JavaClassProcessor - Processing class 'java/util/function/DoubleUnaryOperator'
10:41:48.880 [Test worker] DEBUG com.tngtech.archunit.core.importer.JavaClassProcessor - Processing class 'java/util/function/ObjDoubleConsumer'
10:41:48.880 [Test worker] DEBUG com.tngtech.archunit.core.importer.JavaClassProcessor - Processing class 'java/util/function/DoubleFunction'
10:41:48.881 [Test worker] DEBUG com.tngtech.archunit.core.importer.JavaClassProcessor - Processing class 'java/util/function/DoubleToLongFunction'
10:41:48.881 [Test worker] DEBUG com.tngtech.archunit.core.importer.JavaClassProcessor - Processing class 'java/util/function/DoubleToIntFunction'
10:41:48.881 [Test worker] DEBUG com.tngtech.archunit.core.importer.JavaClassProcessor - Processing class 'java/util/stream/DoubleStream$DoubleMapMultiConsumer'
10:41:48.881 [Test worker] DEBUG com.tngtech.archunit.core.importer.JavaClassProcessor - Processing class 'java/util/stream/DoubleStream$Builder'
10:41:48.881 [Test worker] DEBUG com.tngtech.archunit.core.importer.JavaClassProcessor - Processing class 'java/util/function/DoubleSupplier'
10:41:48.881 [Test worker] DEBUG com.tngtech.archunit.core.importer.JavaClassProcessor - Processing class 'java/util/OptionalInt'
10:41:48.881 [Test worker] DEBUG com.tngtech.archunit.core.importer.JavaClassProcessor - Processing class 'java/util/function/ObjIntConsumer'
10:41:48.882 [Test worker] DEBUG com.tngtech.archunit.core.importer.JavaClassProcessor - Processing class 'java/util/PrimitiveIterator$OfInt'
10:41:48.882 [Test worker] DEBUG com.tngtech.archunit.core.importer.JavaClassProcessor - Processing class 'java/util/function/IntPredicate'
10:41:48.882 [Test worker] DEBUG com.tngtech.archunit.core.importer.JavaClassProcessor - Processing class 'java/util/function/IntSupplier'
10:41:48.882 [Test worker] DEBUG com.tngtech.archunit.core.importer.JavaClassProcessor - Processing class 'java/util/stream/IntStream$IntMapMultiConsumer'
10:41:48.882 [Test worker] DEBUG com.tngtech.archunit.core.importer.JavaClassProcessor - Processing class 'java/util/stream/IntStream$Builder'
10:41:48.882 [Test worker] DEBUG com.tngtech.archunit.core.importer.JavaClassProcessor - Processing class 'java/util/function/LongToDoubleFunction'
10:41:48.883 [Test worker] DEBUG com.tngtech.archunit.core.importer.JavaClassProcessor - Processing class 'java/util/OptionalLong'
10:41:48.883 [Test worker] DEBUG com.tngtech.archunit.core.importer.JavaClassProcessor - Processing class 'java/util/function/LongUnaryOperator'
10:41:48.883 [Test worker] DEBUG com.tngtech.archunit.core.importer.JavaClassProcessor - Processing class 'java/util/PrimitiveIterator$OfLong'
10:41:48.883 [Test worker] DEBUG com.tngtech.archunit.core.importer.JavaClassProcessor - Processing class 'java/util/function/LongPredicate'
10:41:48.883 [Test worker] DEBUG com.tngtech.archunit.core.importer.JavaClassProcessor - Processing class 'java/util/stream/LongStream$Builder'
10:41:48.883 [Test worker] DEBUG com.tngtech.archunit.core.importer.JavaClassProcessor - Processing class 'java/util/function/ObjLongConsumer'
10:41:48.883 [Test worker] DEBUG com.tngtech.archunit.core.importer.JavaClassProcessor - Processing class 'java/util/function/LongToIntFunction'
10:41:48.883 [Test worker] DEBUG com.tngtech.archunit.core.importer.JavaClassProcessor - Processing class 'java/util/function/LongFunction'
10:41:48.884 [Test worker] DEBUG com.tngtech.archunit.core.importer.JavaClassProcessor - Processing class 'java/util/function/LongSupplier'
10:41:48.884 [Test worker] DEBUG com.tngtech.archunit.core.importer.JavaClassProcessor - Processing class 'java/util/stream/LongStream$LongMapMultiConsumer'
10:41:48.884 [Test worker] DEBUG com.tngtech.archunit.core.importer.JavaClassProcessor - Processing class 'java/util/stream/Stream$Builder'
10:41:48.886 [Test worker] DEBUG com.tngtech.archunit.core.importer.JavaClassProcessor - Processing class 'javax/persistence/Index'
10:41:48.887 [Test worker] DEBUG com.tngtech.archunit.core.importer.JavaClassProcessor - Processing class 'javax/persistence/UniqueConstraint'
10:41:48.887 [Test worker] DEBUG com.tngtech.archunit.core.importer.JavaClassProcessor - Processing class 'javax/security/auth/DestroyFailedException'
10:41:48.888 [Test worker] DEBUG com.tngtech.archunit.core.importer.JavaClassProcessor - Processing class 'javax/servlet/FilterConfig'
10:41:48.888 [Test worker] DEBUG com.tngtech.archunit.core.importer.JavaClassProcessor - Processing class 'java/util/EnumSet'
10:41:48.889 [Test worker] DEBUG com.tngtech.archunit.core.importer.JavaClassProcessor - Processing class 'javax/servlet/ServletConfig'
10:41:48.889 [Test worker] DEBUG com.tngtech.archunit.core.importer.JavaClassProcessor - Processing class 'javax/servlet/ServletSecurityElement'
10:41:48.889 [Test worker] DEBUG com.tngtech.archunit.core.importer.JavaClassProcessor - Processing class 'javax/servlet/MultipartConfigElement'
10:41:48.890 [Test worker] DEBUG com.tngtech.archunit.core.importer.JavaClassProcessor - Processing class 'java/io/BufferedReader'
10:41:48.890 [Test worker] DEBUG com.tngtech.archunit.core.importer.JavaClassProcessor - Processing class 'javax/servlet/ServletContext'
10:41:48.891 [Test worker] DEBUG com.tngtech.archunit.core.importer.JavaClassProcessor - Processing class 'javax/servlet/RequestDispatcher'
10:41:48.891 [Test worker] DEBUG com.tngtech.archunit.core.importer.JavaClassProcessor - Processing class 'javax/servlet/AsyncContext'
10:41:48.891 [Test worker] DEBUG com.tngtech.archunit.core.importer.JavaClassProcessor - Processing class 'javax/servlet/ServletInputStream'
10:41:48.892 [Test worker] DEBUG com.tngtech.archunit.core.importer.JavaClassProcessor - Processing class 'javax/servlet/ServletOutputStream'
10:41:48.892 [Test worker] DEBUG com.tngtech.archunit.core.importer.JavaClassProcessor - Processing class 'javax/servlet/http/PushBuilder'
10:41:48.892 [Test worker] DEBUG com.tngtech.archunit.core.importer.JavaClassProcessor - Processing class 'java/security/Principal'
10:41:48.893 [Test worker] DEBUG com.tngtech.archunit.core.importer.JavaClassProcessor - Processing class 'javax/servlet/http/Cookie'
10:41:48.893 [Test worker] DEBUG com.tngtech.archunit.core.importer.JavaClassProcessor - Processing class 'javax/servlet/http/HttpServletMapping'
10:41:48.894 [Test worker] DEBUG com.tngtech.archunit.core.importer.JavaClassProcessor - Processing class 'javax/servlet/http/HttpSession'
10:41:48.895 [Test worker] DEBUG com.tngtech.archunit.core.importer.JavaClassProcessor - Processing class 'javax/servlet/http/WebConnection'
10:41:48.895 [Test worker] DEBUG com.tngtech.archunit.core.importer.JavaClassProcessor - Processing class 'java/security/MessageDigest'
10:41:48.895 [Test worker] DEBUG com.tngtech.archunit.core.importer.JavaClassProcessor - Processing class 'java/nio/file/Path'
10:41:48.896 [Test worker] DEBUG com.tngtech.archunit.core.importer.JavaClassProcessor - Processing class 'java/nio/file/OpenOption'
10:41:48.896 [Test worker] DEBUG com.tngtech.archunit.core.importer.JavaClassProcessor - Processing class 'java/io/File'
10:41:48.896 [Test worker] DEBUG com.tngtech.archunit.core.importer.JavaClassProcessor - Processing class 'java/nio/channels/FileChannel'
10:41:48.897 [Test worker] DEBUG com.tngtech.archunit.core.importer.JavaClassProcessor - Processing class 'java/io/RandomAccessFile'
10:41:48.898 [Test worker] DEBUG com.tngtech.archunit.core.importer.JavaClassProcessor - Processing class 'org/aspectj/lang/reflect/SourceLocation'
10:41:48.898 [Test worker] DEBUG com.tngtech.archunit.core.importer.JavaClassProcessor - Processing class 'org/aspectj/lang/JoinPoint$StaticPart'
10:41:48.898 [Test worker] DEBUG com.tngtech.archunit.core.importer.JavaClassProcessor - Processing class 'org/aspectj/runtime/internal/AroundClosure'
10:41:48.899 [Test worker] DEBUG com.tngtech.archunit.core.importer.JavaClassProcessor - Processing class 'org/slf4j/Marker'
10:41:48.900 [Test worker] DEBUG com.tngtech.archunit.core.importer.JavaClassProcessor - Processing class 'org/slf4j/helpers/SubstituteLoggerFactory'
10:41:48.900 [Test worker] DEBUG com.tngtech.archunit.core.importer.JavaClassProcessor - Processing class 'org/slf4j/helpers/NOPLoggerFactory'
10:41:48.900 [Test worker] DEBUG com.tngtech.archunit.core.importer.JavaClassProcessor - Processing class 'org/slf4j/ILoggerFactory'
10:41:48.900 [Test worker] DEBUG com.tngtech.archunit.core.importer.JavaClassProcessor - Processing class 'org/slf4j/event/SubstituteLoggingEvent'
10:41:48.902 [Test worker] DEBUG com.tngtech.archunit.core.importer.JavaClassProcessor - Processing class 'org/aopalliance/aop/Advice'
10:41:48.902 [Test worker] DEBUG com.tngtech.archunit.core.importer.JavaClassProcessor - Processing class 'org/springframework/aop/ClassFilter'
10:41:48.903 [Test worker] DEBUG com.tngtech.archunit.core.importer.JavaClassProcessor - Processing class 'org/springframework/aop/Pointcut'
10:41:48.903 [Test worker] DEBUG com.tngtech.archunit.core.importer.JavaClassProcessor - Processing class 'org/springframework/beans/BeansException'
10:41:48.903 [Test worker] DEBUG com.tngtech.archunit.core.importer.JavaClassProcessor - Processing class 'org/springframework/beans/factory/NoSuchBeanDefinitionException'
10:41:48.904 [Test worker] DEBUG com.tngtech.archunit.core.importer.JavaClassProcessor - Processing class 'org/springframework/beans/factory/ObjectProvider'
10:41:48.904 [Test worker] DEBUG com.tngtech.archunit.core.importer.JavaClassProcessor - Processing class 'org/springframework/core/ResolvableType'
10:41:48.905 [Test worker] DEBUG com.tngtech.archunit.core.importer.JavaClassProcessor - Processing class 'org/springframework/beans/factory/config/BeanDefinition'
10:41:48.906 [Test worker] DEBUG com.tngtech.archunit.core.importer.JavaClassProcessor - Processing class 'org/springframework/beans/factory/support/BeanDefinitionRegistry'
10:41:48.906 [Test worker] DEBUG com.tngtech.archunit.core.importer.JavaClassProcessor - Processing class 'org/springframework/boot/BootstrapRegistry'
10:41:48.906 [Test worker] DEBUG com.tngtech.archunit.core.importer.JavaClassProcessor - Processing class 'org/springframework/boot/WebApplicationType'
10:41:48.907 [Test worker] DEBUG com.tngtech.archunit.core.importer.JavaClassProcessor - Processing class 'org/apache/commons/logging/Log'
10:41:48.907 [Test worker] DEBUG com.tngtech.archunit.core.importer.JavaClassProcessor - Processing class 'org/springframework/boot/SpringApplicationShutdownHook'
10:41:48.907 [Test worker] DEBUG com.tngtech.archunit.core.importer.JavaClassProcessor - Processing class 'org/springframework/core/metrics/ApplicationStartup'
10:41:48.907 [Test worker] DEBUG com.tngtech.archunit.core.importer.JavaClassProcessor - Processing class 'org/springframework/boot/ApplicationContextFactory'
10:41:48.908 [Test worker] DEBUG com.tngtech.archunit.core.importer.JavaClassProcessor - Processing class 'org/springframework/boot/Banner'
10:41:48.908 [Test worker] DEBUG com.tngtech.archunit.core.importer.JavaClassProcessor - Processing class 'org/springframework/boot/Banner$Mode'
10:41:48.908 [Test worker] DEBUG com.tngtech.archunit.core.importer.JavaClassProcessor - Processing class 'org/springframework/context/support/GenericApplicationContext'
10:41:48.908 [Test worker] DEBUG com.tngtech.archunit.core.importer.JavaClassProcessor - Processing class 'org/springframework/core/io/DefaultResourceLoader'
10:41:48.909 [Test worker] DEBUG com.tngtech.archunit.core.importer.JavaClassProcessor - Processing class 'org/springframework/boot/ExitCodeGenerator'
10:41:48.909 [Test worker] DEBUG com.tngtech.archunit.core.importer.JavaClassProcessor - Processing class 'org/springframework/boot/CommandLineRunner'
10:41:48.909 [Test worker] DEBUG com.tngtech.archunit.core.importer.JavaClassProcessor - Processing class 'org/springframework/boot/ApplicationArguments'
10:41:48.909 [Test worker] DEBUG com.tngtech.archunit.core.importer.JavaClassProcessor - Processing class 'org/springframework/boot/SpringApplicationShutdownHandlers'
10:41:48.909 [Test worker] DEBUG com.tngtech.archunit.core.importer.JavaClassProcessor - Processing class 'org/springframework/boot/DefaultBootstrapContext'
10:41:48.910 [Test worker] DEBUG com.tngtech.archunit.core.importer.JavaClassProcessor - Processing class 'org/springframework/boot/SpringApplicationRunListeners'
10:41:48.911 [Test worker] DEBUG com.tngtech.archunit.core.importer.JavaClassProcessor - Processing class 'org/springframework/beans/factory/support/AbstractAutowireCapableBeanFactory'
10:41:48.913 [Test worker] DEBUG com.tngtech.archunit.core.importer.JavaClassProcessor - Processing class 'org/springframework/beans/factory/support/DefaultListableBeanFactory'
10:41:48.914 [Test worker] DEBUG com.tngtech.archunit.core.importer.JavaClassProcessor - Processing class 'org/springframework/boot/ApplicationRunner'
10:41:48.915 [Test worker] DEBUG com.tngtech.archunit.core.importer.JavaClassProcessor - Processing class 'org/springframework/context/support/AbstractApplicationContext'
10:41:48.916 [Test worker] DEBUG com.tngtech.archunit.core.importer.JavaClassProcessor - Processing class 'org/springframework/boot/BeanDefinitionLoader'
10:41:48.917 [Test worker] DEBUG com.tngtech.archunit.core.importer.JavaClassProcessor - Processing class 'org/springframework/boot/ExitCodeExceptionMapper'
10:41:48.917 [Test worker] DEBUG com.tngtech.archunit.core.importer.JavaClassProcessor - Processing class 'org/springframework/boot/SpringBootExceptionHandler'
10:41:48.918 [Test worker] DEBUG com.tngtech.archunit.core.importer.JavaClassProcessor - Processing class 'org/springframework/boot/ApplicationEnvironment'
10:41:48.918 [Test worker] DEBUG com.tngtech.archunit.core.importer.JavaClassProcessor - Processing class 'org/springframework/boot/ApplicationServletEnvironment'
10:41:48.918 [Test worker] DEBUG com.tngtech.archunit.core.importer.JavaClassProcessor - Processing class 'org/springframework/boot/ApplicationReactiveWebEnvironment'
10:41:48.919 [Test worker] DEBUG com.tngtech.archunit.core.importer.JavaClassProcessor - Processing class 'org/springframework/boot/SpringApplicationRunListener'
10:41:48.921 [Test worker] DEBUG com.tngtech.archunit.core.importer.JavaClassProcessor - Processing class 'org/springframework/core/type/classreading/MetadataReader'
10:41:48.921 [Test worker] DEBUG com.tngtech.archunit.core.importer.JavaClassProcessor - Processing class 'org/springframework/core/type/classreading/MetadataReaderFactory'
10:41:48.922 [Test worker] DEBUG com.tngtech.archunit.core.importer.JavaClassProcessor - Processing class 'org/springframework/boot/autoconfigure/AutoConfigurationMetadata'
10:41:48.922 [Test worker] DEBUG com.tngtech.archunit.core.importer.JavaClassProcessor - Processing class 'org/springframework/boot/autoconfigure/AutoConfigurationImportEvent'
10:41:48.922 [Test worker] DEBUG com.tngtech.archunit.core.importer.JavaClassProcessor - Processing class 'org/springframework/boot/autoconfigure/AutoConfigurationImportSelector$ConfigurationClassFilter'
10:41:48.923 [Test worker] DEBUG com.tngtech.archunit.core.importer.JavaClassProcessor - Processing class 'org/springframework/boot/autoconfigure/AutoConfigurationImportSelector$AutoConfigurationEntry'
10:41:48.923 [Test worker] DEBUG com.tngtech.archunit.core.importer.JavaClassProcessor - Processing class 'org/springframework/beans/factory/config/ConfigurableListableBeanFactory'
10:41:48.923 [Test worker] DEBUG com.tngtech.archunit.core.importer.JavaClassProcessor - Processing class 'org/springframework/core/type/AnnotationMetadata'
10:41:48.924 [Test worker] DEBUG com.tngtech.archunit.core.importer.JavaClassProcessor - Processing class 'org/springframework/core/annotation/AnnotationAttributes'
10:41:48.925 [Test worker] DEBUG com.tngtech.archunit.core.importer.JavaClassProcessor - Processing class 'org/springframework/boot/autoconfigure/AutoConfigurationImportSelector$AutoConfigurationGroup'
10:41:48.926 [Test worker] DEBUG com.tngtech.archunit.core.importer.JavaClassProcessor - Processing class 'org/springframework/boot/autoconfigure/AutoConfigurationPackages$BasePackages'
10:41:48.927 [Test worker] DEBUG com.tngtech.archunit.core.importer.JavaClassProcessor - Processing class 'org/springframework/boot/web/client/RestTemplateBuilder$RequestFactoryCustomizer'
10:41:48.927 [Test worker] DEBUG com.tngtech.archunit.core.importer.JavaClassProcessor - Processing class 'org/springframework/web/util/UriTemplateHandler'
10:41:48.928 [Test worker] DEBUG com.tngtech.archunit.core.importer.JavaClassProcessor - Processing class 'org/springframework/boot/web/client/BasicAuthentication'
10:41:48.928 [Test worker] DEBUG com.tngtech.archunit.core.importer.JavaClassProcessor - Processing class 'org/springframework/web/client/ResponseErrorHandler'
10:41:48.930 [Test worker] DEBUG com.tngtech.archunit.core.importer.JavaClassProcessor - Processing class 'org/springframework/beans/factory/config/AutowireCapableBeanFactory'
10:41:48.931 [Test worker] DEBUG com.tngtech.archunit.core.importer.JavaClassProcessor - Processing class 'org/springframework/beans/factory/config/BeanFactoryPostProcessor'
10:41:48.931 [Test worker] DEBUG com.tngtech.archunit.core.importer.JavaClassProcessor - Processing class 'org/springframework/core/io/ProtocolResolver'
10:41:48.932 [Test worker] DEBUG com.tngtech.archunit.core.importer.JavaClassProcessor - Processing class 'org/springframework/context/MessageSourceResolvable'
10:41:48.932 [Test worker] DEBUG com.tngtech.archunit.core.importer.JavaClassProcessor - Processing class 'org/springframework/context/NoSuchMessageException'
10:41:48.933 [Test worker] DEBUG com.tngtech.archunit.core.importer.JavaClassProcessor - Processing class 'org/springframework/context/annotation/ScopeMetadata'
10:41:48.933 [Test worker] DEBUG com.tngtech.archunit.core.importer.JavaClassProcessor - Processing class 'org/springframework/beans/factory/annotation/AnnotatedBeanDefinition'
10:41:48.933 [Test worker] DEBUG com.tngtech.archunit.core.importer.JavaClassProcessor - Processing class 'org/springframework/context/annotation/Scope'
10:41:48.935 [Test worker] DEBUG com.tngtech.archunit.core.importer.JavaClassProcessor - Processing class 'org/springframework/core/env/MutablePropertySources'
10:41:48.936 [Test worker] DEBUG com.tngtech.archunit.core.importer.JavaClassProcessor - Processing class 'org/springframework/core/convert/support/ConfigurableConversionService'
10:41:48.936 [Test worker] DEBUG com.tngtech.archunit.core.importer.JavaClassProcessor - Processing class 'org/springframework/core/env/Profiles'
10:41:48.936 [Test worker] DEBUG com.tngtech.archunit.core.importer.JavaClassProcessor - Processing class 'org/springframework/core/env/MissingRequiredPropertiesException'
10:41:48.937 [Test worker] DEBUG com.tngtech.archunit.core.importer.JavaClassProcessor - Processing class 'org/springframework/core/io/Resource'
10:41:48.937 [Test worker] DEBUG com.tngtech.archunit.core.importer.JavaClassProcessor - Processing class 'org/springframework/data/domain/Sort'
10:41:48.938 [Test worker] DEBUG com.tngtech.archunit.core.importer.JavaClassProcessor - Processing class 'org/springframework/data/domain/Example'
10:41:48.938 [Test worker] DEBUG com.tngtech.archunit.core.importer.JavaClassProcessor - Processing class 'org/springframework/data/domain/Page'
10:41:48.939 [Test worker] DEBUG com.tngtech.archunit.core.importer.JavaClassProcessor - Processing class 'org/springframework/data/domain/Pageable'
10:41:48.939 [Test worker] DEBUG com.tngtech.archunit.core.importer.JavaClassProcessor - Processing class 'java/text/DecimalFormatSymbols'
10:41:48.940 [Test worker] DEBUG com.tngtech.archunit.core.importer.JavaClassProcessor - Processing class 'java/util/regex/Pattern'
10:41:48.941 [Test worker] DEBUG com.tngtech.archunit.core.importer.JavaClassProcessor - Processing class 'org/springframework/http/ReadOnlyHttpHeaders'
10:41:48.942 [Test worker] DEBUG com.tngtech.archunit.core.importer.JavaClassProcessor - Processing class 'org/springframework/http/ContentDisposition'
10:41:48.942 [Test worker] DEBUG com.tngtech.archunit.core.importer.JavaClassProcessor - Processing class 'java/net/InetSocketAddress'
10:41:48.943 [Test worker] DEBUG com.tngtech.archunit.core.importer.JavaClassProcessor - Processing class 'org/springframework/http/CacheControl'
10:41:48.944 [Test worker] DEBUG com.tngtech.archunit.core.importer.JavaClassProcessor - Processing class 'java/io/OutputStream'
10:41:48.945 [Test worker] DEBUG com.tngtech.archunit.core.importer.JavaClassProcessor - Processing class 'org/springframework/core/io/InputStreamResource'
10:41:48.945 [Test worker] DEBUG com.tngtech.archunit.core.importer.JavaClassProcessor - Processing class 'org/springframework/http/HttpStatus$Series'
10:41:48.947 [Test worker] DEBUG com.tngtech.archunit.core.importer.JavaClassProcessor - Processing class 'org/springframework/http/ResponseEntity$HeadersBuilder'
10:41:48.947 [Test worker] DEBUG com.tngtech.archunit.core.importer.JavaClassProcessor - Processing class 'org/springframework/http/ResponseEntity$BodyBuilder'
10:41:48.948 [Test worker] DEBUG com.tngtech.archunit.core.importer.JavaClassProcessor - Processing class 'org/springframework/http/ResponseEntity$1'
10:41:48.948 [Test worker] DEBUG com.tngtech.archunit.core.importer.JavaClassProcessor - Processing class 'org/springframework/http/client/ClientHttpResponse'
10:41:48.948 [Test worker] DEBUG com.tngtech.archunit.core.importer.JavaClassProcessor - Processing class 'org/springframework/http/client/ClientHttpRequestExecution'
10:41:48.949 [Test worker] DEBUG com.tngtech.archunit.core.importer.JavaClassProcessor - Processing class 'org/springframework/http/HttpInputMessage'
10:41:48.949 [Test worker] DEBUG com.tngtech.archunit.core.importer.JavaClassProcessor - Processing class 'org/springframework/http/converter/HttpMessageNotReadableException'
10:41:48.949 [Test worker] DEBUG com.tngtech.archunit.core.importer.JavaClassProcessor - Processing class 'org/springframework/http/converter/HttpMessageNotWritableException'
10:41:48.949 [Test worker] DEBUG com.tngtech.archunit.core.importer.JavaClassProcessor - Processing class 'org/springframework/retry/RetryContext'
10:41:48.949 [Test worker] DEBUG com.tngtech.archunit.core.importer.JavaClassProcessor - Processing class 'org/springframework/retry/RetryCallback'
10:41:48.950 [Test worker] DEBUG com.tngtech.archunit.core.importer.JavaClassProcessor - Processing class 'org/springframework/retry/policy/RetryContextCache'
10:41:48.950 [Test worker] DEBUG com.tngtech.archunit.core.importer.JavaClassProcessor - Processing class 'org/springframework/retry/interceptor/NewMethodArgumentsIdentifier'
10:41:48.951 [Test worker] DEBUG com.tngtech.archunit.core.importer.JavaClassProcessor - Processing class 'org/springframework/retry/annotation/AnnotationAwareRetryOperationsInterceptor'
10:41:48.951 [Test worker] DEBUG com.tngtech.archunit.core.importer.JavaClassProcessor - Processing class 'org/springframework/retry/interceptor/MethodArgumentsKeyGenerator'
10:41:48.951 [Test worker] DEBUG com.tngtech.archunit.core.importer.JavaClassProcessor - Processing class 'org/springframework/retry/backoff/Sleeper'
10:41:48.952 [Test worker] DEBUG com.tngtech.archunit.core.importer.JavaClassProcessor - Processing class 'org/springframework/retry/annotation/Retryable'
10:41:48.952 [Test worker] DEBUG com.tngtech.archunit.core.importer.JavaClassProcessor - Processing class 'org/springframework/retry/interceptor/Retryable'
10:41:48.952 [Test worker] DEBUG com.tngtech.archunit.core.importer.JavaClassProcessor - Processing class 'java/util/BitSet'
10:41:48.954 [Test worker] DEBUG com.tngtech.archunit.core.importer.JavaClassProcessor - Processing class 'org/springframework/web/client/RestClientException'
10:41:48.955 [Test worker] DEBUG com.tngtech.archunit.core.importer.JavaClassProcessor - Processing class 'org/springframework/core/ParameterizedTypeReference'
10:41:48.955 [Test worker] DEBUG com.tngtech.archunit.core.importer.JavaClassProcessor - Processing class 'org/springframework/http/RequestEntity'
10:41:48.956 [Test worker] DEBUG com.tngtech.archunit.core.importer.JavaClassProcessor - Processing class 'org/springframework/web/client/RequestCallback'
10:41:48.956 [Test worker] DEBUG com.tngtech.archunit.core.importer.JavaClassProcessor - Processing class 'org/springframework/web/client/ResponseExtractor'
10:41:48.957 [Test worker] DEBUG com.tngtech.archunit.core.importer.JavaClassProcessor - Processing class 'org/springframework/web/util/DefaultUriBuilderFactory'
10:41:48.957 [Test worker] DEBUG com.tngtech.archunit.core.importer.JavaClassProcessor - Processing class 'org/springframework/web/util/AbstractUriTemplateHandler'
10:41:48.958 [Test worker] DEBUG com.tngtech.archunit.core.importer.JavaClassProcessor - Processing class 'org/springframework/http/RequestEntity$UriTemplateRequestEntity'
10:41:48.959 [Test worker] DEBUG com.tngtech.archunit.core.importer.JavaClassProcessor - Processing class 'org/springframework/beans/BeanWrapper'
10:41:48.960 [Test worker] DEBUG com.tngtech.archunit.core.importer.JavaClassProcessor - Processing class 'sun/util/locale/LocaleSyntaxException'
10:41:48.961 [Test worker] DEBUG com.tngtech.archunit.core.importer.JavaClassProcessor - Processing class 'sun/util/locale/UnicodeLocaleExtension'
10:41:48.961 [Test worker] DEBUG com.tngtech.archunit.core.importer.JavaClassProcessor - Processing class 'sun/util/locale/LanguageTag'
10:41:49.008 [Test worker] DEBUG com.tngtech.archunit.core.importer.UrlSource$From - Found URLs on sun.boot.class.path: []
10:41:49.014 [Test worker] DEBUG com.tngtech.archunit.core.importer.UrlSource$From - Found URLs on java.class.path: [jar:file:/C:/Users/santiago.cardenas/.gradle/caches/7.6.1/workerMain/gradle-worker.jar!/, file:/C:/Users/santiago.cardenas/Desktop/TrafficAgent/TrafficAgent/build/classes/java/test/, file:/C:/Users/santiago.cardenas/Desktop/TrafficAgent/TrafficAgent/build/resources/test/, file:/C:/Users/santiago.cardenas/Desktop/TrafficAgent/TrafficAgent/build/classes/java/main/, file:/C:/Users/santiago.cardenas/Desktop/TrafficAgent/TrafficAgent/build/resources/main/, jar:file:/C:/Users/santiago.cardenas/.gradle/caches/modules-2/files-2.1/org.springframework.boot/spring-boot-starter-web/2.6.3/ceb6e909c144daf9e792069f5f0efd105c8712a/spring-boot-starter-web-2.6.3.jar!/, jar:file:/C:/Users/santiago.cardenas/.gradle/caches/modules-2/files-2.1/org.springframework.boot/spring-boot-starter-undertow/2.6.3/988095d74254727e400818c46de206242a427de5/spring-boot-starter-undertow-2.6.3.jar!/, jar:file:/C:/Users/santiago.cardenas/.gradle/caches/modules-2/files-2.1/org.springframework.boot/spring-boot-starter-data-jpa/2.6.3/74c60a724e4f81c7527b848ee24e91ba6facfe24/spring-boot-starter-data-jpa-2.6.3.jar!/, jar:file:/C:/Users/santiago.cardenas/.gradle/caches/modules-2/files-2.1/org.postgresql/postgresql/42.3.1/9ca7df660e875b91c78e3d1608d4d7469ad3470c/postgresql-42.3.1.jar!/, jar:file:/C:/Users/santiago.cardenas/.gradle/caches/modules-2/files-2.1/org.springframework.retry/spring-retry/2.0.0/6a7a653901b58eb741692417f33b5bebedbd01f7/spring-retry-2.0.0.jar!/, jar:file:/C:/Users/santiago.cardenas/.gradle/caches/modules-2/files-2.1/io.jsonwebtoken/jjwt/0.9.1/54d2abfc3e63a28824d35bf600d6a5d627da681a/jjwt-0.9.1.jar!/, jar:file:/C:/Users/santiago.cardenas/.gradle/caches/modules-2/files-2.1/com.auth0/java-jwt/4.2.1/904306772bb7d43750527f84d7b23589a1f9ab12/java-jwt-4.2.1.jar!/, jar:file:/C:/Users/santiago.cardenas/.gradle/caches/modules-2/files-2.1/commons-codec/commons-codec/1.15/49d94806b6e3dc933dacbd8acb0fdbab8ebd1e5d/commons-codec-1.15.jar!/, jar:file:/C:/Users/santiago.cardenas/.gradle/caches/modules-2/files-2.1/org.springframework.boot/spring-boot-starter-aop/2.6.3/338cbbfe2667aea23d95672093e05b5f54630c5a/spring-boot-starter-aop-2.6.3.jar!/, jar:file:/C:/Users/santiago.cardenas/.gradle/caches/modules-2/files-2.1/com.h2database/h2/2.1.214/d5c2005c9e3279201e12d4776c948578b16bf8b2/h2-2.1.214.jar!/, jar:file:/C:/Users/santiago.cardenas/.gradle/caches/modules-2/files-2.1/org.springframework.boot/spring-boot-starter-test/2.6.3/1ac659fc8c6d7285218b7ff79d67b87736f4ddf2/spring-boot-starter-test-2.6.3.jar!/, jar:file:/C:/Users/santiago.cardenas/.gradle/caches/modules-2/files-2.1/com.tngtech.archunit/archunit-junit5/1.0.0/d381ade9436d047877181fe50f508318e6a5a8/archunit-junit5-1.0.0.jar!/, jar:file:/C:/Users/santiago.cardenas/.gradle/caches/modules-2/files-2.1/org.springframework.boot/spring-boot-starter-json/2.6.3/b43885849bde2ad5d436c5acdd43b21730f9c676/spring-boot-starter-json-2.6.3.jar!/, jar:file:/C:/Users/santiago.cardenas/.gradle/caches/modules-2/files-2.1/org.springframework.boot/spring-boot-starter-jdbc/2.6.3/17871ef6920a3decad5f10181b2baf198ea2b787/spring-boot-starter-jdbc-2.6.3.jar!/, jar:file:/C:/Users/santiago.cardenas/.gradle/caches/modules-2/files-2.1/org.springframework.boot/spring-boot-starter/2.6.3/1211af6e300c0584e01c7a9a75e585ac0aec6ea6/spring-boot-starter-2.6.3.jar!/, jar:file:/C:/Users/santiago.cardenas/.gradle/caches/modules-2/files-2.1/org.springframework/spring-webmvc/5.3.15/28307dda4cb5fbeb6f7d7e7c846f464da0eba955/spring-webmvc-5.3.15.jar!/, jar:file:/C:/Users/santiago.cardenas/.gradle/caches/modules-2/files-2.1/org.springframework/spring-web/5.3.15/a228b373eff7fe34e868827ab02c91b8bf7a643e/spring-web-5.3.15.jar!/, jar:file:/C:/Users/santiago.cardenas/.gradle/caches/modules-2/files-2.1/io.undertow/undertow-websockets-jsr/2.2.14.Final/fffc3ffff1880fd695c22164d37bd16dc1dc4b7e/undertow-websockets-jsr-2.2.14.Final.jar!/, jar:file:/C:/Users/santiago.cardenas/.gradle/caches/modules-2/files-2.1/io.undertow/undertow-servlet/2.2.14.Final/8354ab1476d85dec5ee743a0f40b113cf29a55b8/undertow-servlet-2.2.14.Final.jar!/, jar:file:/C:/Users/santiago.cardenas/.gradle/caches/modules-2/files-2.1/io.undertow/undertow-core/2.2.14.Final/deb02123fba830230d1837a1e6b3731607196a41/undertow-core-2.2.14.Final.jar!/, jar:file:/C:/Users/santiago.cardenas/.gradle/caches/modules-2/files-2.1/jakarta.servlet/jakarta.servlet-api/4.0.4/b8a1142e04838fe54194049c6e7a18dae8f9b960/jakarta.servlet-api-4.0.4.jar!/, jar:file:/C:/Users/santiago.cardenas/.gradle/caches/modules-2/files-2.1/jakarta.websocket/jakarta.websocket-api/1.1.2/69c2fdfb75081cc935bc9d6c5616d12b0b73815f/jakarta.websocket-api-1.1.2.jar!/, jar:file:/C:/Users/santiago.cardenas/.gradle/caches/modules-2/files-2.1/org.apache.tomcat.embed/tomcat-embed-el/9.0.56/8e4f28f714693ad4e158e61f41371d4e4c6b4e23/tomcat-embed-el-9.0.56.jar!/, jar:file:/C:/Users/santiago.cardenas/.gradle/caches/modules-2/files-2.1/jakarta.transaction/jakarta.transaction-api/1.3.3/c4179d48720a1e87202115fbed6089bdc4195405/jakarta.transaction-api-1.3.3.jar!/, jar:file:/C:/Users/santiago.cardenas/.gradle/caches/modules-2/files-2.1/jakarta.persistence/jakarta.persistence-api/2.2.3/8f6ea5daedc614f07a3654a455660145286f024e/jakarta.persistence-api-2.2.3.jar!/, jar:file:/C:/Users/santiago.cardenas/.gradle/caches/modules-2/files-2.1/org.hibernate/hibernate-core/5.6.4.Final/a21d3a313d8fa4dbf2d05aa50ef3157a8081e83f/hibernate-core-5.6.4.Final.jar!/, jar:file:/C:/Users/santiago.cardenas/.gradle/caches/modules-2/files-2.1/org.springframework.data/spring-data-jpa/2.6.1/70eef23d3c1ba594749867edb9c89832da8f923c/spring-data-jpa-2.6.1.jar!/, jar:file:/C:/Users/santiago.cardenas/.gradle/caches/modules-2/files-2.1/org.springframework/spring-aspects/5.3.15/d1e42bac0f61ad50f633c13f8bcab905a66313af/spring-aspects-5.3.15.jar!/, jar:file:/C:/Users/santiago.cardenas/.gradle/caches/modules-2/files-2.1/org.checkerframework/checker-qual/3.5.0/2f50520c8abea66fbd8d26e481d3aef5c673b510/checker-qual-3.5.0.jar!/, jar:file:/C:/Users/santiago.cardenas/.gradle/caches/modules-2/files-2.1/com.fasterxml.jackson.datatype/jackson-datatype-jsr310/2.13.1/1ece5a87b59701328215e0083448b4d451857cbd/jackson-datatype-jsr310-2.13.1.jar!/, jar:file:/C:/Users/santiago.cardenas/.gradle/caches/modules-2/files-2.1/com.fasterxml.jackson.module/jackson-module-parameter-names/2.13.1/cbeec2259213c555ef451a2e05f35ed1dbfbf799/jackson-module-parameter-names-2.13.1.jar!/, jar:file:/C:/Users/santiago.cardenas/.gradle/caches/modules-2/files-2.1/com.fasterxml.jackson.core/jackson-annotations/2.13.1/1cbcbe4623113e6af92ccaa89884a345270f1a87/jackson-annotations-2.13.1.jar!/, jar:file:/C:/Users/santiago.cardenas/.gradle/caches/modules-2/files-2.1/com.fasterxml.jackson.core/jackson-core/2.13.1/51ae921a2ed1e06ca8876f12f32f265e83c0b2b8/jackson-core-2.13.1.jar!/, jar:file:/C:/Users/santiago.cardenas/.gradle/caches/modules-2/files-2.1/com.fasterxml.jackson.datatype/jackson-datatype-jdk8/2.13.1/8ecfa9bcd714269fdf22c33f9fd00d0643bd0e21/jackson-datatype-jdk8-2.13.1.jar!/, jar:file:/C:/Users/santiago.cardenas/.gradle/caches/modules-2/files-2.1/com.fasterxml.jackson.core/jackson-databind/2.13.1/698b2d2b15d9a1b7aae025f1d9f576842285e7f6/jackson-databind-2.13.1.jar!/, jar:file:/C:/Users/santiago.cardenas/.gradle/caches/modules-2/files-2.1/org.springframework.boot/spring-boot-test-autoconfigure/2.6.3/c903465682a6cd69adbc83feb8e8bfa26c51e6ae/spring-boot-test-autoconfigure-2.6.3.jar!/, jar:file:/C:/Users/santiago.cardenas/.gradle/caches/modules-2/files-2.1/org.springframework.boot/spring-boot-test/2.6.3/93b38ba8d4f027a7eda8c28dbe8f77b712de1142/spring-boot-test-2.6.3.jar!/, jar:file:/C:/Users/santiago.cardenas/.gradle/caches/modules-2/files-2.1/org.springframework.boot/spring-boot-autoconfigure/2.6.3/8bf96f63e9479b5a1c17d1fa05b149bb5ed050e2/spring-boot-autoconfigure-2.6.3.jar!/, jar:file:/C:/Users/santiago.cardenas/.gradle/caches/modules-2/files-2.1/org.springframework.boot/spring-boot/2.6.3/f1127e8a70ba7b9f12581e79ea963b739059bf55/spring-boot-2.6.3.jar!/, jar:file:/C:/Users/santiago.cardenas/.gradle/caches/modules-2/files-2.1/org.springframework/spring-context/5.3.15/80a12b7dcb3332fbd65c3649249fd35561ffc561/spring-context-5.3.15.jar!/, jar:file:/C:/Users/santiago.cardenas/.gradle/caches/modules-2/files-2.1/org.springframework/spring-aop/5.3.15/195966e1f4260f89696e668856ebfd9a1bc76404/spring-aop-5.3.15.jar!/, jar:file:/C:/Users/santiago.cardenas/.gradle/caches/modules-2/files-2.1/org.aspectj/aspectjweaver/1.9.7/158f5c255cd3e4408e795b79f7c3fbae9b53b7ca/aspectjweaver-1.9.7.jar!/, jar:file:/C:/Users/santiago.cardenas/.gradle/caches/modules-2/files-2.1/com.jayway.jsonpath/json-path/2.6.0/67f565b424f7903a12d4f5b9361b11462ecacdac/json-path-2.6.0.jar!/, jar:file:/C:/Users/santiago.cardenas/.gradle/caches/modules-2/files-2.1/org.glassfish.jaxb/jaxb-runtime/2.3.5/a169a961a2bb9ac69517ec1005e451becf5cdfab/jaxb-runtime-2.3.5.jar!/, jar:file:/C:/Users/santiago.cardenas/.gradle/caches/modules-2/files-2.1/jakarta.xml.bind/jakarta.xml.bind-api/2.3.3/48e3b9cfc10752fba3521d6511f4165bea951801/jakarta.xml.bind-api-2.3.3.jar!/, jar:file:/C:/Users/santiago.cardenas/.gradle/caches/modules-2/files-2.1/org.assertj/assertj-core/3.21.0/27a14d6d22c4e3d58f799fb2a5ca8eaf53e6942a/assertj-core-3.21.0.jar!/, jar:file:/C:/Users/santiago.cardenas/.gradle/caches/modules-2/files-2.1/org.hamcrest/hamcrest/2.2/1820c0968dba3a11a1b30669bb1f01978a91dedc/hamcrest-2.2.jar!/, jar:file:/C:/Users/santiago.cardenas/.gradle/caches/modules-2/files-2.1/org.mockito/mockito-junit-jupiter/4.0.0/b76de25bd6e5d8f7924d0536729c0076e37e9396/mockito-junit-jupiter-4.0.0.jar!/, jar:file:/C:/Users/santiago.cardenas/.gradle/caches/modules-2/files-2.1/org.junit.jupiter/junit-jupiter-params/5.8.2/ddeafe92fc263f895bfb73ffeca7fd56e23c2cce/junit-jupiter-params-5.8.2.jar!/, jar:file:/C:/Users/santiago.cardenas/.gradle/caches/modules-2/files-2.1/org.junit.jupiter/junit-jupiter-engine/5.8.2/c598b4328d2f397194d11df3b1648d68d7d990e3/junit-jupiter-engine-5.8.2.jar!/, jar:file:/C:/Users/santiago.cardenas/.gradle/caches/modules-2/files-2.1/org.junit.jupiter/junit-jupiter-api/5.8.2/4c21029217adf07e4c0d0c5e192b6bf610c94bdc/junit-jupiter-api-5.8.2.jar!/, jar:file:/C:/Users/santiago.cardenas/.gradle/caches/modules-2/files-2.1/com.tngtech.archunit/archunit-junit5-engine/1.0.0/c942ce334f410062298100f834a767f765ac7a8e/archunit-junit5-engine-1.0.0.jar!/, jar:file:/C:/Users/santiago.cardenas/.gradle/caches/modules-2/files-2.1/com.tngtech.archunit/archunit-junit5-engine-api/1.0.0/f2fcf7191e65bda73cb14b510e380d0c4e55c9c8/archunit-junit5-engine-api-1.0.0.jar!/, jar:file:/C:/Users/santiago.cardenas/.gradle/caches/modules-2/files-2.1/org.junit.platform/junit-platform-engine/1.8.2/b737de09f19864bd136805c84df7999a142fec29/junit-platform-engine-1.8.2.jar!/, jar:file:/C:/Users/santiago.cardenas/.gradle/caches/modules-2/files-2.1/org.junit.platform/junit-platform-commons/1.8.2/32c8b8617c1342376fd5af2053da6410d8866861/junit-platform-commons-1.8.2.jar!/, jar:file:/C:/Users/santiago.cardenas/.gradle/caches/modules-2/files-2.1/org.junit.jupiter/junit-jupiter/5.8.2/5a817b1e63f1217e5c586090c45e681281f097ad/junit-jupiter-5.8.2.jar!/, jar:file:/C:/Users/santiago.cardenas/.gradle/caches/modules-2/files-2.1/org.mockito/mockito-core/4.0.0/f5195e0c4a45716bbd2d1d29173adbd148acce3a/mockito-core-4.0.0.jar!/, jar:file:/C:/Users/santiago.cardenas/.gradle/caches/modules-2/files-2.1/org.skyscreamer/jsonassert/1.5.0/6c9d5fe2f59da598d9aefc1cfc6528ff3cf32df3/jsonassert-1.5.0.jar!/, jar:file:/C:/Users/santiago.cardenas/.gradle/caches/modules-2/files-2.1/org.springframework/spring-test/5.3.15/1efef59ebbf51bc072d08c5854b1d5cbb1c29b65/spring-test-5.3.15.jar!/, jar:file:/C:/Users/santiago.cardenas/.gradle/caches/modules-2/files-2.1/org.springframework/spring-orm/5.3.15/edddfcbf3bd2a3cc8b5316329f16dcf88cec33b5/spring-orm-5.3.15.jar!/, jar:file:/C:/Users/santiago.cardenas/.gradle/caches/modules-2/files-2.1/org.springframework/spring-jdbc/5.3.15/2c7883bb9a50e37f177cdc3e064e88325f97bd36/spring-jdbc-5.3.15.jar!/, jar:file:/C:/Users/santiago.cardenas/.gradle/caches/modules-2/files-2.1/org.springframework.data/spring-data-commons/2.6.1/ba24a3b88e26191b25031cefb8de458deed05551/spring-data-commons-2.6.1.jar!/, jar:file:/C:/Users/santiago.cardenas/.gradle/caches/modules-2/files-2.1/org.springframework/spring-tx/5.3.15/27b8c1f0a896dc2f7d1629556b06f55f2a07351d/spring-tx-5.3.15.jar!/, jar:file:/C:/Users/santiago.cardenas/.gradle/caches/modules-2/files-2.1/org.springframework/spring-beans/5.3.15/a88e2ccfe8b131bcff2e643b90d52f6d928e7369/spring-beans-5.3.15.jar!/, jar:file:/C:/Users/santiago.cardenas/.gradle/caches/modules-2/files-2.1/org.springframework/spring-expression/5.3.15/362f36bbc4c4b46cc2e4f219df22d08945000c2/spring-expression-5.3.15.jar!/, jar:file:/C:/Users/santiago.cardenas/.gradle/caches/modules-2/files-2.1/org.springframework/spring-core/5.3.15/e813c2311465672d3089fc7be8dbbadb04e64d6b/spring-core-5.3.15.jar!/, jar:file:/C:/Users/santiago.cardenas/.gradle/caches/modules-2/files-2.1/org.xmlunit/xmlunit-core/2.8.4/35be57989ca80eefa03161b211630e319a8f36c6/xmlunit-core-2.8.4.jar!/, jar:file:/C:/Users/santiago.cardenas/.gradle/caches/modules-2/files-2.1/com.tngtech.archunit/archunit-junit5-api/1.0.0/f537a0cb4156e374e436009cf7e8e07062929b32/archunit-junit5-api-1.0.0.jar!/, jar:file:/C:/Users/santiago.cardenas/.gradle/caches/modules-2/files-2.1/org.springframework.boot/spring-boot-starter-logging/2.6.3/86599127b1e69a6180014cbeed8297ba26e8c6aa/spring-boot-starter-logging-2.6.3.jar!/, jar:file:/C:/Users/santiago.cardenas/.gradle/caches/modules-2/files-2.1/jakarta.annotation/jakarta.annotation-api/1.3.5/59eb84ee0d616332ff44aba065f3888cf002cd2d/jakarta.annotation-api-1.3.5.jar!/, jar:file:/C:/Users/santiago.cardenas/.gradle/caches/modules-2/files-2.1/org.yaml/snakeyaml/1.29/6d0cdafb2010f1297e574656551d7145240f6e25/snakeyaml-1.29.jar!/, jar:file:/C:/Users/santiago.cardenas/.gradle/caches/modules-2/files-2.1/org.hibernate.common/hibernate-commons-annotations/5.1.2.Final/e59ffdbc6ad09eeb33507b39ffcf287679a498c8/hibernate-commons-annotations-5.1.2.Final.jar!/, jar:file:/C:/Users/santiago.cardenas/.gradle/caches/modules-2/files-2.1/org.jboss.xnio/xnio-nio/3.8.4.Final/109d7de9a4d995ed9f46e1409520ace346fe2fc4/xnio-nio-3.8.4.Final.jar!/, jar:file:/C:/Users/santiago.cardenas/.gradle/caches/modules-2/files-2.1/org.jboss.xnio/xnio-api/3.8.4.Final/8714f2bf19f6e5fa7e36e8516dcb4606ef152e4d/xnio-api-3.8.4.Final.jar!/, jar:file:/C:/Users/santiago.cardenas/.gradle/caches/modules-2/files-2.1/org.wildfly.client/wildfly-client-config/1.0.1.Final/2a803b23c40a0de0f03a90d1fd3755747bc05f4b/wildfly-client-config-1.0.1.Final.jar!/, jar:file:/C:/Users/santiago.cardenas/.gradle/caches/modules-2/files-2.1/org.jboss.threads/jboss-threads/3.1.0.Final/9b260c0302f637a84a52d3d118214a3c59217615/jboss-threads-3.1.0.Final.jar!/, jar:file:/C:/Users/santiago.cardenas/.gradle/caches/modules-2/files-2.1/org.jboss.logging/jboss-logging/3.4.3.Final/c4bd7e12a745c0e7f6cf98c45cdcdf482fd827ea/jboss-logging-3.4.3.Final.jar!/, jar:file:/C:/Users/santiago.cardenas/.gradle/caches/modules-2/files-2.1/com.zaxxer/HikariCP/4.0.3/107cbdf0db6780a065f895ae9d8fbf3bb0e1c21f/HikariCP-4.0.3.jar!/, jar:file:/C:/Users/santiago.cardenas/.gradle/caches/modules-2/files-2.1/net.bytebuddy/byte-buddy/1.11.22/8b4c7fa5562a09da1c2a9ab0873cb51f5034d83f/byte-buddy-1.11.22.jar!/, jar:file:/C:/Users/santiago.cardenas/.gradle/caches/modules-2/files-2.1/antlr/antlr/2.7.7/83cd2cd674a217ade95a4bb83a8a14f351f48bd0/antlr-2.7.7.jar!/, jar:file:/C:/Users/santiago.cardenas/.gradle/caches/modules-2/files-2.1/org.jboss/jandex/2.4.2.Final/1e1c385990b258ff1a24c801e84aebbacf70eb39/jandex-2.4.2.Final.jar!/, jar:file:/C:/Users/santiago.cardenas/.gradle/caches/modules-2/files-2.1/com.fasterxml/classmate/1.5.1/3fe0bed568c62df5e89f4f174c101eab25345b6c/classmate-1.5.1.jar!/, jar:file:/C:/Users/santiago.cardenas/.gradle/caches/modules-2/files-2.1/com.tngtech.archunit/archunit/1.0.0/27ab69819bc5bb588e9881144763b9a3b1ed15a2/archunit-1.0.0.jar!/, jar:file:/C:/Users/santiago.cardenas/.gradle/caches/modules-2/files-2.1/ch.qos.logback/logback-classic/1.2.10/f69d97ef3335c6ab82fc21dfb77ac613f90c1221/logback-classic-1.2.10.jar!/, jar:file:/C:/Users/santiago.cardenas/.gradle/caches/modules-2/files-2.1/org.apache.logging.log4j/log4j-to-slf4j/2.17.1/3619fd18278a1a895c1dca8c5be002768071a20e/log4j-to-slf4j-2.17.1.jar!/, jar:file:/C:/Users/santiago.cardenas/.gradle/caches/modules-2/files-2.1/org.slf4j/jul-to-slf4j/1.7.33/53fd89b530d41b8f6744c754de1c9b02e82f2d7/jul-to-slf4j-1.7.33.jar!/, jar:file:/C:/Users/santiago.cardenas/.gradle/caches/modules-2/files-2.1/org.slf4j/slf4j-api/1.7.33/d375aa1b98d34d5ddf73a3f19eaad66e98975b12/slf4j-api-1.7.33.jar!/, jar:file:/C:/Users/santiago.cardenas/.gradle/caches/modules-2/files-2.1/net.minidev/json-smart/2.4.7/8d7f4c1530c07c54930935f3da85f48b83b3c109/json-smart-2.4.7.jar!/, jar:file:/C:/Users/santiago.cardenas/.gradle/caches/modules-2/files-2.1/jakarta.activation/jakarta.activation-api/1.2.2/99f53adba383cb1bf7c3862844488574b559621f/jakarta.activation-api-1.2.2.jar!/, jar:file:/C:/Users/santiago.cardenas/.gradle/caches/modules-2/files-2.1/net.bytebuddy/byte-buddy-agent/1.11.22/2fbcf3210dfc09b42242e3b66a5281cc5b9adb80/byte-buddy-agent-1.11.22.jar!/, jar:file:/C:/Users/santiago.cardenas/.gradle/caches/modules-2/files-2.1/org.objenesis/objenesis/3.2/7fadf57620c8b8abdf7519533e5527367cb51f09/objenesis-3.2.jar!/, jar:file:/C:/Users/santiago.cardenas/.gradle/caches/modules-2/files-2.1/com.vaadin.external.google/android-json/0.0.20131108.vaadin1/fa26d351fe62a6a17f5cda1287c1c6110dec413f/android-json-0.0.20131108.vaadin1.jar!/, jar:file:/C:/Users/santiago.cardenas/.gradle/caches/modules-2/files-2.1/org.springframework/spring-jcl/5.3.15/88da960b4fcbd28621aea8b9911976adc06afce4/spring-jcl-5.3.15.jar!/, jar:file:/C:/Users/santiago.cardenas/.gradle/caches/modules-2/files-2.1/org.wildfly.common/wildfly-common/1.5.2.Final/8eba40cfe86bcfcc223551e75201e6e7574c7c36/wildfly-common-1.5.2.Final.jar!/, jar:file:/C:/Users/santiago.cardenas/.gradle/caches/modules-2/files-2.1/org.glassfish.jaxb/txw2/2.3.5/ec8930fa62e7b1758b1664d135f50c7abe86a4a3/txw2-2.3.5.jar!/, jar:file:/C:/Users/santiago.cardenas/.gradle/caches/modules-2/files-2.1/com.sun.istack/istack-commons-runtime/3.0.12/cbbe1a62b0cc6c85972e99d52aaee350153dc530/istack-commons-runtime-3.0.12.jar!/, jar:file:/C:/Users/santiago.cardenas/.gradle/caches/modules-2/files-2.1/com.sun.activation/jakarta.activation/1.2.2/74548703f9851017ce2f556066659438019e7eb5/jakarta.activation-1.2.2.jar!/, jar:file:/C:/Users/santiago.cardenas/.gradle/caches/modules-2/files-2.1/net.minidev/accessors-smart/2.4.7/3970cfc505e6657ca60f3aa57c849f6043000d7a/accessors-smart-2.4.7.jar!/, jar:file:/C:/Users/santiago.cardenas/.gradle/caches/modules-2/files-2.1/org.opentest4j/opentest4j/1.2.0/28c11eb91f9b6d8e200631d46e20a7f407f2a046/opentest4j-1.2.0.jar!/, jar:file:/C:/Users/santiago.cardenas/.gradle/caches/modules-2/files-2.1/ch.qos.logback/logback-core/1.2.10/5328406bfcae7bcdcc86810fcb2920d2c297170d/logback-core-1.2.10.jar!/, jar:file:/C:/Users/santiago.cardenas/.gradle/caches/modules-2/files-2.1/org.apache.logging.log4j/log4j-api/2.17.1/d771af8e336e372fb5399c99edabe0919aeaf5b2/log4j-api-2.17.1.jar!/, jar:file:/C:/Users/santiago.cardenas/.gradle/caches/modules-2/files-2.1/org.ow2.asm/asm/9.1/a99500cf6eea30535eeac6be73899d048f8d12a8/asm-9.1.jar!/]
10:41:49.042 [Test worker] DEBUG com.tngtech.archunit.core.importer.JavaClassProcessor - Processing class 'com/uco/TrafficAgent/application/service/user/comand/ServiceApplicationDeleteUser'
10:41:49.043 [Test worker] DEBUG com.tngtech.archunit.core.importer.JavaClassProcessor - Processing class 'com/uco/TrafficAgent/application/service/report/comand/ServiceApplicationSaveReport'
10:41:49.044 [Test worker] DEBUG com.tngtech.archunit.core.importer.JavaClassProcessor - Processing class 'com/uco/TrafficAgent/infrastructure/repository/user/adapter/repository/RepositoryUserDB'
10:41:49.044 [Test worker] DEBUG com.tngtech.archunit.core.importer.JavaClassProcessor - Processing class 'com/uco/TrafficAgent/application/service/user/comand/dto/DtoRolUser'
10:41:49.044 [Test worker] DEBUG com.tngtech.archunit.core.importer.JavaClassProcessor - Processing class 'com/uco/TrafficAgent/infrastructure/repository/report/adapter/repository/jpa/RepositoryReportJpa'
10:41:49.044 [Test worker] DEBUG com.tngtech.archunit.core.importer.JavaClassProcessor - Processing class 'com/uco/TrafficAgent/application/encrypted/ServiceEncryptedPassword'
10:41:49.045 [Test worker] DEBUG com.tngtech.archunit.core.importer.JavaClassProcessor - Processing class 'com/uco/TrafficAgent/domain/validator/ValidatorObjects'
10:41:49.045 [Test worker] DEBUG com.tngtech.archunit.core.importer.JavaClassProcessor - Processing class 'com/uco/TrafficAgent/application/service/contact/comand/ServiceApplicationSaveContact'
10:41:49.045 [Test worker] DEBUG com.tngtech.archunit.core.importer.JavaClassProcessor - Processing class 'com/uco/TrafficAgent/application/service/report/consult/ServiceApplicationListAllReportByUser'
10:41:49.045 [Test worker] DEBUG com.tngtech.archunit.core.importer.JavaClassProcessor - Processing class 'com/uco/TrafficAgent/infrastructure/repository/report/controller/ComandControllerReport'
10:41:49.045 [Test worker] DEBUG com.tngtech.archunit.core.importer.JavaClassProcessor - Processing class 'com/uco/TrafficAgent/infrastructure/repository/contact/adapter/entity/EntityContactEmergency'
10:41:49.046 [Test worker] DEBUG com.tngtech.archunit.core.importer.JavaClassProcessor - Processing class 'com/uco/TrafficAgent/infrastructure/repository/report/adapter/entity/EntityReport'
10:41:49.046 [Test worker] DEBUG com.tngtech.archunit.core.importer.JavaClassProcessor - Processing class 'com/uco/TrafficAgent/application/service/report/consult/ServiceApplicationListAllReportByDate'
10:41:49.046 [Test worker] DEBUG com.tngtech.archunit.core.importer.JavaClassProcessor - Processing class 'com/uco/TrafficAgent/application/service/user/comand/dto/DtoSaveUser'
10:41:49.046 [Test worker] DEBUG com.tngtech.archunit.core.importer.JavaClassProcessor - Processing class 'com/uco/TrafficAgent/domain/service/contact/ServiceSaveContact'
10:41:49.047 [Test worker] DEBUG com.tngtech.archunit.core.importer.JavaClassProcessor - Processing class 'com/uco/TrafficAgent/infrastructure/aspect/LogExecutionAspect'
10:41:49.047 [Test worker] DEBUG com.tngtech.archunit.core.importer.JavaClassProcessor - Processing class 'com/uco/TrafficAgent/application/mapper/report/impl/MapperApplicationReportImpl'
10:41:49.047 [Test worker] DEBUG com.tngtech.archunit.core.importer.JavaClassProcessor - Processing class 'com/uco/TrafficAgent/infrastructure/error/Error'
10:41:49.048 [Test worker] DEBUG com.tngtech.archunit.core.importer.JavaClassProcessor - Processing class 'com/uco/TrafficAgent/domain/service/report/ServiceListAllReportByUser'
10:41:49.048 [Test worker] DEBUG com.tngtech.archunit.core.importer.JavaClassProcessor - Processing class 'com/uco/TrafficAgent/infrastructure/error/ErrorHandler'
10:41:49.048 [Test worker] DEBUG com.tngtech.archunit.core.importer.JavaClassProcessor - Processing class 'com/uco/TrafficAgent/application/service/login/ServiceApplicationLogin'
10:41:49.048 [Test worker] DEBUG com.tngtech.archunit.core.importer.JavaClassProcessor - Processing class 'com/uco/TrafficAgent/application/service/user/comand/dto/DtoUpdateUser'
10:41:49.049 [Test worker] DEBUG com.tngtech.archunit.core.importer.JavaClassProcessor - Processing class 'com/uco/TrafficAgent/domain/port/contact/RepositoryContact'
10:41:49.049 [Test worker] DEBUG com.tngtech.archunit.core.importer.JavaClassProcessor - Processing class 'com/uco/TrafficAgent/infrastructure/configuration/general/ConfigurationRestTemplate'
10:41:49.049 [Test worker] DEBUG com.tngtech.archunit.core.importer.JavaClassProcessor - Processing class 'com/uco/TrafficAgent/infrastructure/repository/user/controller/ConsultControllerUser'
10:41:49.049 [Test worker] DEBUG com.tngtech.archunit.core.importer.JavaClassProcessor - Processing class 'com/uco/TrafficAgent/domain/dto/DtoReportSummary'
10:41:49.049 [Test worker] DEBUG com.tngtech.archunit.core.importer.JavaClassProcessor - Processing class 'com/uco/TrafficAgent/domain/port/report/RepositoryReport'
10:41:49.051 [Test worker] DEBUG com.tngtech.archunit.core.importer.JavaClassProcessor - Processing class 'com/uco/TrafficAgent/application/service/contact/consult/ServiceApplicationListAllByProximityContact'
10:41:49.051 [Test worker] DEBUG com.tngtech.archunit.core.importer.JavaClassProcessor - Processing class 'com/uco/TrafficAgent/infrastructure/configuration/model/BeanServiceUser'
10:41:49.051 [Test worker] DEBUG com.tngtech.archunit.core.importer.JavaClassProcessor - Processing class 'com/uco/TrafficAgent/infrastructure/service/token/ServiceValidateToken'
10:41:49.051 [Test worker] DEBUG com.tngtech.archunit.core.importer.JavaClassProcessor - Processing class 'com/uco/TrafficAgent/domain/port/type/RepositoryTypeId'
10:41:49.052 [Test worker] DEBUG com.tngtech.archunit.core.importer.JavaClassProcessor - Processing class 'com/uco/TrafficAgent/infrastructure/repository/user/controller/ComandControllerUser'
10:41:49.052 [Test worker] DEBUG com.tngtech.archunit.core.importer.JavaClassProcessor - Processing class 'com/uco/TrafficAgent/infrastructure/repository/rol/adapter/entity/EntityRol'
10:41:49.052 [Test worker] DEBUG com.tngtech.archunit.core.importer.JavaClassProcessor - Processing class 'com/uco/TrafficAgent/domain/service/token/ServiceEncryptText'
10:41:49.052 [Test worker] DEBUG com.tngtech.archunit.core.importer.JavaClassProcessor - Processing class 'com/uco/TrafficAgent/infrastructure/aspect/exception/ExceptionUserUnauthorized'
10:41:49.053 [Test worker] DEBUG com.tngtech.archunit.core.importer.JavaClassProcessor - Processing class 'com/uco/TrafficAgent/domain/service/user/ServiceSaveUser'
10:41:49.053 [Test worker] DEBUG com.tngtech.archunit.core.importer.JavaClassProcessor - Processing class 'com/uco/TrafficAgent/application/service/user/comand/ServiceApplicationSaveUser'
10:41:49.053 [Test worker] DEBUG com.tngtech.archunit.core.importer.JavaClassProcessor - Processing class 'com/uco/TrafficAgent/infrastructure/repository/contact/adapter/repository/jpa/RepositoryContactEmergencyJpa'
10:41:49.054 [Test worker] DEBUG com.tngtech.archunit.core.importer.JavaClassProcessor - Processing class 'com/uco/TrafficAgent/domain/service/report/ServiceSaveReport'
10:41:49.054 [Test worker] DEBUG com.tngtech.archunit.core.importer.JavaClassProcessor - Processing class 'com/uco/TrafficAgent/domain/model/TypeIdentification'
10:41:49.054 [Test worker] DEBUG com.tngtech.archunit.core.importer.JavaClassProcessor - Processing class 'com/uco/TrafficAgent/infrastructure/filter/FilterAuth'
10:41:49.054 [Test worker] DEBUG com.tngtech.archunit.core.importer.JavaClassProcessor - Processing class 'com/uco/TrafficAgent/infrastructure/repository/contact/controller/ComandControllerContact'
10:41:49.055 [Test worker] DEBUG com.tngtech.archunit.core.importer.JavaClassProcessor - Processing class 'com/uco/TrafficAgent/infrastructure/repository/contact/adapter/entity/EntityContact'
10:41:49.055 [Test worker] DEBUG com.tngtech.archunit.core.importer.JavaClassProcessor - Processing class 'com/uco/TrafficAgent/infrastructure/service/token/ServiceGetCurrentUserJwt'
10:41:49.055 [Test worker] DEBUG com.tngtech.archunit.core.importer.JavaClassProcessor - Processing class 'com/uco/TrafficAgent/infrastructure/configuration/general/ConfigurationSecurity'
10:41:49.056 [Test worker] DEBUG com.tngtech.archunit.core.importer.JavaClassProcessor - Processing class 'com/uco/TrafficAgent/application/service/login/dto/DtoLogin'
10:41:49.056 [Test worker] DEBUG com.tngtech.archunit.core.importer.JavaClassProcessor - Processing class 'com/uco/TrafficAgent/infrastructure/mapper/MapperInfrastructureObject'
10:41:49.056 [Test worker] DEBUG com.tngtech.archunit.core.importer.JavaClassProcessor - Processing class 'com/uco/TrafficAgent/domain/service/user/ServiceDeleteUser'
10:41:49.056 [Test worker] DEBUG com.tngtech.archunit.core.importer.JavaClassProcessor - Processing class 'com/uco/TrafficAgent/domain/model/User'
10:41:49.057 [Test worker] DEBUG com.tngtech.archunit.core.importer.JavaClassProcessor - Processing class 'com/uco/TrafficAgent/application/encrypted/impl/ServiceEncryptedPasswordImpl'
10:41:49.057 [Test worker] DEBUG com.tngtech.archunit.core.importer.JavaClassProcessor - Processing class 'com/uco/TrafficAgent/domain/model/RolUser'
10:41:49.057 [Test worker] DEBUG com.tngtech.archunit.core.importer.JavaClassProcessor - Processing class 'com/uco/TrafficAgent/infrastructure/service/token/ServiceGenerateTokenJWT'
10:41:49.057 [Test worker] DEBUG com.tngtech.archunit.core.importer.JavaClassProcessor - Processing class 'com/uco/TrafficAgent/application/service/DtoResponse'
10:41:49.057 [Test worker] DEBUG com.tngtech.archunit.core.importer.JavaClassProcessor - Processing class 'com/uco/TrafficAgent/application/service/report/comand/dto/DtoSaveReport'
10:41:49.058 [Test worker] DEBUG com.tngtech.archunit.core.importer.JavaClassProcessor - Processing class 'com/uco/TrafficAgent/infrastructure/repository/user/adapter/entity/EntityUser'
10:41:49.058 [Test worker] DEBUG com.tngtech.archunit.core.importer.JavaClassProcessor - Processing class 'com/uco/TrafficAgent/application/mapper/user/impl/MapperApplicationUserImpl'
10:41:49.058 [Test worker] DEBUG com.tngtech.archunit.core.importer.JavaClassProcessor - Processing class 'com/uco/TrafficAgent/infrastructure/repository/contact/adapter/repository/RepositoryContactDB'
10:41:49.065 [Test worker] DEBUG com.tngtech.archunit.core.importer.JavaClassProcessor - Processing class 'com/uco/TrafficAgent/domain/port/user/RepositoryUser'
10:41:49.066 [Test worker] DEBUG com.tngtech.archunit.core.importer.JavaClassProcessor - Processing class 'com/uco/TrafficAgent/domain/validator/ValidatorAttributes'
10:41:49.066 [Test worker] DEBUG com.tngtech.archunit.core.importer.JavaClassProcessor - Processing class 'com/uco/TrafficAgent/application/mapper/contact/impl/MapperApplicationContactImpl'
10:41:49.066 [Test worker] DEBUG com.tngtech.archunit.core.importer.JavaClassProcessor - Processing class 'com/uco/TrafficAgent/domain/service/user/ServiceListAllUser'
10:41:49.066 [Test worker] DEBUG com.tngtech.archunit.core.importer.JavaClassProcessor - Processing class 'com/uco/TrafficAgent/domain/dto/DtoUserSummary'
10:41:49.067 [Test worker] DEBUG com.tngtech.archunit.core.importer.JavaClassProcessor - Processing class 'com/uco/TrafficAgent/infrastructure/repository/report/controller/ConsultControllerReport'
10:41:49.067 [Test worker] DEBUG com.tngtech.archunit.core.importer.JavaClassProcessor - Processing class 'com/uco/TrafficAgent/infrastructure/repository/type/adapter/repository/RepositoryTypeIdDB'
10:41:49.067 [Test worker] DEBUG com.tngtech.archunit.core.importer.JavaClassProcessor - Processing class 'com/uco/TrafficAgent/application/mapper/MapperApplicationObject'
10:41:49.067 [Test worker] DEBUG com.tngtech.archunit.core.importer.JavaClassProcessor - Processing class 'com/uco/TrafficAgent/domain/service/report/ServiceListAllReportByDate'
10:41:49.068 [Test worker] DEBUG com.tngtech.archunit.core.importer.JavaClassProcessor - Processing class 'com/uco/TrafficAgent/infrastructure/aspect/SecuredAspect'
10:41:49.068 [Test worker] DEBUG com.tngtech.archunit.core.importer.JavaClassProcessor - Processing class 'com/uco/TrafficAgent/application/service/user/consult/ServiceApplicationListAllUser'
10:41:49.068 [Test worker] DEBUG com.tngtech.archunit.core.importer.JavaClassProcessor - Processing class 'com/uco/TrafficAgent/infrastructure/aspect/LogExecutionTime'
10:41:49.069 [Test worker] DEBUG com.tngtech.archunit.core.importer.JavaClassProcessor - Processing class 'com/uco/TrafficAgent/domain/dto/DtoCurrentUser'
10:41:49.069 [Test worker] DEBUG com.tngtech.archunit.core.importer.JavaClassProcessor - Processing class 'com/uco/TrafficAgent/infrastructure/aspect/Secured'
10:41:49.069 [Test worker] DEBUG com.tngtech.archunit.core.importer.JavaClassProcessor - Processing class 'com/uco/TrafficAgent/infrastructure/configuration/model/BeanServiceContact'
10:41:49.069 [Test worker] DEBUG com.tngtech.archunit.core.importer.JavaClassProcessor - Processing class 'com/uco/TrafficAgent/infrastructure/repository/report/adapter/repository/RepositoryReportDB'
10:41:49.070 [Test worker] DEBUG com.tngtech.archunit.core.importer.JavaClassProcessor - Processing class 'com/uco/TrafficAgent/infrastructure/repository/contact/controller/ConsultControllerContact'
10:41:49.071 [Test worker] DEBUG com.tngtech.archunit.core.importer.JavaClassProcessor - Processing class 'com/uco/TrafficAgent/infrastructure/repository/login/controller/ComandControllerLogin'
10:41:49.071 [Test worker] DEBUG com.tngtech.archunit.core.importer.JavaClassProcessor - Processing class 'com/uco/TrafficAgent/domain/dto/DtoContactSummary'
10:41:49.071 [Test worker] DEBUG com.tngtech.archunit.core.importer.JavaClassProcessor - Processing class 'com/uco/TrafficAgent/application/service/user/comand/ServiceApplicationUpdateUser'
10:41:49.071 [Test worker] DEBUG com.tngtech.archunit.core.importer.JavaClassProcessor - Processing class 'com/uco/TrafficAgent/infrastructure/repository/contact/adapter/repository/jpa/RepositoryContactJpa'
10:41:49.072 [Test worker] DEBUG com.tngtech.archunit.core.importer.JavaClassProcessor - Processing class 'com/uco/TrafficAgent/domain/model/Report'
10:41:49.072 [Test worker] DEBUG com.tngtech.archunit.core.importer.JavaClassProcessor - Processing class 'com/uco/TrafficAgent/domain/service/contact/ServiceListsAllByProximityContact'
10:41:49.072 [Test worker] DEBUG com.tngtech.archunit.core.importer.JavaClassProcessor - Processing class 'com/uco/TrafficAgent/infrastructure/aspect/service/AuthorizationService'
10:41:49.072 [Test worker] DEBUG com.tngtech.archunit.core.importer.JavaClassProcessor - Processing class 'com/uco/TrafficAgent/domain/service/token/ServiceGenerateToken'
10:41:49.073 [Test worker] DEBUG com.tngtech.archunit.core.importer.JavaClassProcessor - Processing class 'com/uco/TrafficAgent/infrastructure/repository/user/adapter/repository/jpa/RepositoryUserJpa'
10:41:49.073 [Test worker] DEBUG com.tngtech.archunit.core.importer.JavaClassProcessor - Processing class 'com/uco/TrafficAgent/TrafficAgentApplication'
10:41:49.073 [Test worker] DEBUG com.tngtech.archunit.core.importer.JavaClassProcessor - Processing class 'com/uco/TrafficAgent/infrastructure/service/token/ServiceValidateTokenJWT'
10:41:49.073 [Test worker] DEBUG com.tngtech.archunit.core.importer.JavaClassProcessor - Processing class 'com/uco/TrafficAgent/infrastructure/repository/type/adapter/repository/jpa/RepositoryTypeIdJpa'
10:41:49.074 [Test worker] DEBUG com.tngtech.archunit.core.importer.JavaClassProcessor - Processing class 'com/uco/TrafficAgent/domain/service/user/ServiceUpdateUser'
10:41:49.074 [Test worker] DEBUG com.tngtech.archunit.core.importer.JavaClassProcessor - Processing class 'com/uco/TrafficAgent/domain/service/token/ServiceGetCurrentUser'
10:41:49.074 [Test worker] DEBUG com.tngtech.archunit.core.importer.JavaClassProcessor - Processing class 'com/uco/TrafficAgent/infrastructure/mapper/user/impl/MapperUserImpl'
10:41:49.074 [Test worker] DEBUG com.tngtech.archunit.core.importer.JavaClassProcessor - Processing class 'com/uco/TrafficAgent/infrastructure/repository/type/adapter/entity/EntityTypeId'
10:41:49.075 [Test worker] DEBUG com.tngtech.archunit.core.importer.JavaClassProcessor - Processing class 'com/uco/TrafficAgent/application/service/contact/comand/dto/DtoSaveContact'
10:41:49.075 [Test worker] DEBUG com.tngtech.archunit.core.importer.JavaClassProcessor - Processing class 'com/uco/TrafficAgent/infrastructure/configuration/model/BeanServiceReport'
10:41:49.075 [Test worker] DEBUG com.tngtech.archunit.core.importer.JavaClassProcessor - Processing class 'com/uco/TrafficAgent/domain/model/Contact'
10:41:49.075 [Test worker] DEBUG com.tngtech.archunit.core.importer.JavaClassProcessor - Processing class 'com/uco/TrafficAgent/infrastructure/configuration/general/ConfigurationRetry'
10:41:49.076 [Test worker] DEBUG com.tngtech.archunit.core.importer.DependencyResolutionProcess - Automatically resolving transitive class dependencies with the following configuration:
import.dependencyResolutionProcess.maxIterationsForMemberTypes = 1
import.dependencyResolutionProcess.maxIterationsForAccessesToTypes = 1
import.dependencyResolutionProcess.maxIterationsForSupertypes = -1
import.dependencyResolutionProcess.maxIterationsForEnclosingTypes = -1
import.dependencyResolutionProcess.maxIterationsForAnnotationTypes = -1
import.dependencyResolutionProcess.maxIterationsForGenericSignatureTypes = -1
10:41:49.076 [Test worker] DEBUG com.tngtech.archunit.core.importer.JavaClassProcessor - Processing class 'org/springframework/data/repository/query/Param'
10:41:49.076 [Test worker] DEBUG com.tngtech.archunit.core.importer.JavaClassProcessor - Processing class 'io/jsonwebtoken/impl/TextCodec'
10:41:49.077 [Test worker] DEBUG com.tngtech.archunit.core.importer.JavaClassProcessor - Processing class 'org/springframework/web/bind/annotation/RequestParam'
10:41:49.077 [Test worker] DEBUG com.tngtech.archunit.core.importer.JavaClassProcessor - Processing class 'java/util/Arrays'
10:41:49.078 [Test worker] DEBUG com.tngtech.archunit.core.importer.JavaClassProcessor - Processing class 'java/lang/System'
10:41:49.078 [Test worker] DEBUG com.tngtech.archunit.core.importer.JavaClassProcessor - Processing class 'java/time/ZonedDateTime'
10:41:49.079 [Test worker] DEBUG com.tngtech.archunit.core.importer.JavaClassProcessor - Processing class 'org/springframework/beans/factory/annotation/Autowired'
10:41:49.079 [Test worker] DEBUG com.tngtech.archunit.core.importer.JavaClassProcessor - Processing class 'javax/crypto/spec/SecretKeySpec'
10:41:49.079 [Test worker] DEBUG com.tngtech.archunit.core.importer.JavaClassProcessor - Processing class 'java/lang/Record'
10:41:49.079 [Test worker] DEBUG com.tngtech.archunit.core.importer.JavaClassProcessor - Processing class 'java/lang/Integer'
10:41:49.079 [Test worker] DEBUG com.tngtech.archunit.core.importer.JavaClassProcessor - Processing class 'org/springframework/web/context/request/RequestContextHolder'
10:41:49.079 [Test worker] DEBUG com.tngtech.archunit.core.importer.JavaClassProcessor - Processing class 'java/lang/Long'
10:41:49.080 [Test worker] DEBUG com.tngtech.archunit.core.importer.JavaClassProcessor - Processing class 'java/time/Duration'
10:41:49.080 [Test worker] DEBUG com.tngtech.archunit.core.importer.JavaClassProcessor - Processing class 'io/jsonwebtoken/JwtBuilder'
10:41:49.081 [Test worker] DEBUG com.tngtech.archunit.core.importer.JavaClassProcessor - Processing class 'io/jsonwebtoken/SignatureAlgorithm'
10:41:49.081 [Test worker] DEBUG com.tngtech.archunit.core.importer.JavaClassProcessor - Processing class 'org/springframework/stereotype/Repository'
10:41:49.081 [Test worker] DEBUG com.tngtech.archunit.core.importer.JavaClassProcessor - Processing class 'com/auth0/jwt/interfaces/Claim'
10:41:49.082 [Test worker] DEBUG com.tngtech.archunit.core.importer.JavaClassProcessor - Processing class 'org/springframework/web/bind/annotation/PostMapping'
10:41:49.082 [Test worker] DEBUG com.tngtech.archunit.core.importer.JavaClassProcessor - Processing class 'javax/persistence/Entity'
10:41:49.082 [Test worker] DEBUG com.tngtech.archunit.core.importer.JavaClassProcessor - Processing class 'javax/persistence/ManyToOne'
10:41:49.082 [Test worker] DEBUG com.tngtech.archunit.core.importer.JavaClassProcessor - Processing class 'javax/persistence/CascadeType'
10:41:49.083 [Test worker] DEBUG com.tngtech.archunit.core.importer.JavaClassProcessor - Processing class 'org/springframework/web/bind/annotation/RestController'
10:41:49.083 [Test worker] DEBUG com.tngtech.archunit.core.importer.JavaClassProcessor - Processing class 'java/lang/String'
10:41:49.084 [Test worker] DEBUG com.tngtech.archunit.core.importer.JavaClassProcessor - Processing class 'org/aspectj/lang/annotation/Around'
10:41:49.084 [Test worker] DEBUG com.tngtech.archunit.core.importer.JavaClassProcessor - Processing class 'java/lang/Exception'
10:41:49.084 [Test worker] DEBUG com.tngtech.archunit.core.importer.JavaClassProcessor - Processing class 'java/time/ZoneId'
10:41:49.084 [Test worker] DEBUG com.tngtech.archunit.core.importer.JavaClassProcessor - Processing class 'java/util/stream/Stream'
10:41:49.085 [Test worker] DEBUG com.tngtech.archunit.core.importer.JavaClassProcessor - Processing class 'javax/persistence/GeneratedValue'
10:41:49.085 [Test worker] DEBUG com.tngtech.archunit.core.importer.JavaClassProcessor - Processing class 'java/lang/Throwable'
10:41:49.085 [Test worker] DEBUG com.tngtech.archunit.core.importer.JavaClassProcessor - Processing class 'org/springframework/data/jpa/repository/Query'
10:41:49.085 [Test worker] DEBUG com.tngtech.archunit.core.importer.JavaClassProcessor - Processing class 'com/auth0/jwt/JWT'
10:41:49.085 [Test worker] DEBUG com.tngtech.archunit.core.importer.JavaClassProcessor - Processing class 'com/auth0/jwt/interfaces/DecodedJWT'
10:41:49.086 [Test worker] DEBUG com.tngtech.archunit.core.importer.JavaClassProcessor - Processing class 'java/time/LocalDateTime'
10:41:49.086 [Test worker] DEBUG com.tngtech.archunit.core.importer.JavaClassProcessor - Processing class 'org/springframework/web/filter/OncePerRequestFilter'
10:41:49.086 [Test worker] DEBUG com.tngtech.archunit.core.importer.JavaClassProcessor - Processing class 'org/springframework/retry/annotation/EnableRetry'
10:41:49.087 [Test worker] DEBUG com.tngtech.archunit.core.importer.JavaClassProcessor - Processing class 'java/util/ArrayList'
10:41:49.087 [Test worker] DEBUG com.tngtech.archunit.core.importer.JavaClassProcessor - Processing class 'org/springframework/web/bind/annotation/RequestBody'
10:41:49.087 [Test worker] DEBUG com.tngtech.archunit.core.importer.JavaClassProcessor - Processing class 'javax/servlet/http/HttpServletRequest'
10:41:49.088 [Test worker] DEBUG com.tngtech.archunit.core.importer.JavaClassProcessor - Processing class 'javax/persistence/Table'
10:41:49.088 [Test worker] DEBUG com.tngtech.archunit.core.importer.JavaClassProcessor - Processing class 'org/springframework/web/bind/annotation/ExceptionHandler'
10:41:49.088 [Test worker] DEBUG com.tngtech.archunit.core.importer.JavaClassProcessor - Processing class 'org/springframework/web/bind/annotation/ControllerAdvice'
10:41:49.089 [Test worker] DEBUG com.tngtech.archunit.core.importer.JavaClassProcessor - Processing class 'org/springframework/boot/autoconfigure/SpringBootApplication'
10:41:49.089 [Test worker] DEBUG com.tngtech.archunit.core.importer.JavaClassProcessor - Processing class 'javax/persistence/OneToMany'
10:41:49.089 [Test worker] DEBUG com.tngtech.archunit.core.importer.JavaClassProcessor - Processing class 'java/io/IOException'
10:41:49.089 [Test worker] DEBUG com.tngtech.archunit.core.importer.JavaClassProcessor - Processing class 'java/lang/annotation/Target'
10:41:49.089 [Test worker] DEBUG com.tngtech.archunit.core.importer.JavaClassProcessor - Processing class 'java/lang/RuntimeException'
10:41:49.090 [Test worker] DEBUG com.tngtech.archunit.core.importer.JavaClassProcessor - Processing class 'org/springframework/boot/web/client/RestTemplateBuilder'
10:41:49.091 [Test worker] DEBUG com.tngtech.archunit.core.importer.JavaClassProcessor - Processing class 'org/springframework/http/HttpStatus'
10:41:49.092 [Test worker] DEBUG com.tngtech.archunit.core.importer.JavaClassProcessor - Processing class 'javax/persistence/FetchType'
10:41:49.092 [Test worker] DEBUG com.tngtech.archunit.core.importer.JavaClassProcessor - Processing class 'java/lang/IllegalStateException'
10:41:49.092 [Test worker] DEBUG com.tngtech.archunit.core.importer.JavaClassProcessor - Processing class 'org/springframework/web/bind/annotation/PathVariable'
10:41:49.092 [Test worker] DEBUG com.tngtech.archunit.core.importer.JavaClassProcessor - Processing class 'io/jsonwebtoken/impl/crypto/DefaultJwtSignatureValidator'
10:41:49.093 [Test worker] DEBUG com.tngtech.archunit.core.importer.JavaClassProcessor - Processing class 'javax/servlet/FilterChain'
10:41:49.093 [Test worker] DEBUG com.tngtech.archunit.core.importer.JavaClassProcessor - Processing class 'org/springframework/boot/web/servlet/FilterRegistrationBean'
10:41:49.093 [Test worker] DEBUG com.tngtech.archunit.core.importer.JavaClassProcessor - Processing class 'javax/servlet/ServletException'
10:41:49.093 [Test worker] DEBUG com.tngtech.archunit.core.importer.JavaClassProcessor - Processing class 'java/util/Date'
10:41:49.094 [Test worker] DEBUG com.tngtech.archunit.core.importer.JavaClassProcessor - Processing class 'org/slf4j/LoggerFactory'
10:41:49.094 [Test worker] DEBUG com.tngtech.archunit.core.importer.JavaClassProcessor - Processing class 'org/springframework/boot/SpringApplication'
10:41:49.095 [Test worker] DEBUG com.tngtech.archunit.core.importer.JavaClassProcessor - Processing class 'org/springframework/web/bind/annotation/PutMapping'
10:41:49.095 [Test worker] DEBUG com.tngtech.archunit.core.importer.JavaClassProcessor - Processing class 'org/aspectj/lang/annotation/Aspect'
10:41:49.096 [Test worker] DEBUG com.tngtech.archunit.core.importer.JavaClassProcessor - Processing class 'org/springframework/web/bind/annotation/DeleteMapping'
10:41:49.096 [Test worker] DEBUG com.tngtech.archunit.core.importer.JavaClassProcessor - Processing class 'java/lang/reflect/Method'
10:41:49.096 [Test worker] DEBUG com.tngtech.archunit.core.importer.JavaClassProcessor - Processing class 'org/springframework/web/client/RestTemplate'
10:41:49.097 [Test worker] DEBUG com.tngtech.archunit.core.importer.JavaClassProcessor - Processing class 'java/util/concurrent/ConcurrentHashMap'
10:41:49.099 [Test worker] DEBUG com.tngtech.archunit.core.importer.JavaClassProcessor - Processing class 'java/util/UUID'
10:41:49.099 [Test worker] DEBUG com.tngtech.archunit.core.importer.JavaClassProcessor - Processing class 'java/util/stream/Collectors'
10:41:49.101 [Test worker] DEBUG com.tngtech.archunit.core.importer.JavaClassProcessor - Processing class 'org/springframework/context/annotation/Configuration'
10:41:49.101 [Test worker] DEBUG com.tngtech.archunit.core.importer.JavaClassProcessor - Processing class 'javax/persistence/GenerationType'
10:41:49.102 [Test worker] DEBUG com.tngtech.archunit.core.importer.JavaClassProcessor - Processing class 'javax/persistence/Column'
10:41:49.102 [Test worker] DEBUG com.tngtech.archunit.core.importer.JavaClassProcessor - Processing class 'java/util/List'
10:41:49.102 [Test worker] DEBUG com.tngtech.archunit.core.importer.JavaClassProcessor - Processing class 'io/jsonwebtoken/Jwts'
10:41:49.103 [Test worker] DEBUG com.tngtech.archunit.core.importer.JavaClassProcessor - Processing class 'org/springframework/core/env/Environment'
10:41:49.103 [Test worker] DEBUG com.tngtech.archunit.core.importer.JavaClassProcessor - Processing class 'java/lang/annotation/Annotation'
10:41:49.103 [Test worker] DEBUG com.tngtech.archunit.core.importer.JavaClassProcessor - Processing class 'java/util/Optional'
10:41:49.103 [Test worker] DEBUG com.tngtech.archunit.core.importer.JavaClassProcessor - Processing class 'org/springframework/data/jpa/repository/JpaRepository'
10:41:49.104 [Test worker] DEBUG com.tngtech.archunit.core.importer.JavaClassProcessor - Processing class 'org/springframework/web/bind/annotation/RequestMapping'
10:41:49.104 [Test worker] DEBUG com.tngtech.archunit.core.importer.JavaClassProcessor - Processing class 'java/lang/annotation/Retention'
10:41:49.104 [Test worker] DEBUG com.tngtech.archunit.core.importer.JavaClassProcessor - Processing class 'org/springframework/web/bind/annotation/GetMapping'
10:41:49.105 [Test worker] DEBUG com.tngtech.archunit.core.importer.JavaClassProcessor - Processing class 'org/springframework/web/bind/annotation/ResponseStatus'
10:41:49.105 [Test worker] DEBUG com.tngtech.archunit.core.importer.JavaClassProcessor - Processing class 'org/aspectj/lang/JoinPoint'
10:41:49.106 [Test worker] DEBUG com.tngtech.archunit.core.importer.JavaClassProcessor - Processing class 'javax/persistence/Id'
10:41:49.106 [Test worker] DEBUG com.tngtech.archunit.core.importer.JavaClassProcessor - Processing class 'org/slf4j/Logger'
10:41:49.106 [Test worker] DEBUG com.tngtech.archunit.core.importer.JavaClassProcessor - Processing class 'java/util/Iterator'
10:41:49.107 [Test worker] DEBUG com.tngtech.archunit.core.importer.JavaClassProcessor - Processing class 'javax/persistence/JoinColumn'
10:41:49.107 [Test worker] DEBUG com.tngtech.archunit.core.importer.JavaClassProcessor - Processing class 'javax/servlet/http/HttpServletResponse'
10:41:49.107 [Test worker] DEBUG com.tngtech.archunit.core.importer.JavaClassProcessor - Processing class 'org/springframework/web/context/request/ServletRequestAttributes'
10:41:49.108 [Test worker] DEBUG com.tngtech.archunit.core.importer.JavaClassProcessor - Processing class 'java/lang/IllegalArgumentException'
10:41:49.108 [Test worker] DEBUG com.tngtech.archunit.core.importer.JavaClassProcessor - Processing class 'java/lang/annotation/ElementType'
10:41:49.108 [Test worker] DEBUG com.tngtech.archunit.core.importer.JavaClassProcessor - Processing class 'org/springframework/stereotype/Component'
10:41:49.109 [Test worker] DEBUG com.tngtech.archunit.core.importer.JavaClassProcessor - Processing class 'org/aspectj/lang/annotation/Before'
10:41:49.109 [Test worker] DEBUG com.tngtech.archunit.core.importer.JavaClassProcessor - Processing class 'java/lang/Object'
10:41:49.109 [Test worker] DEBUG com.tngtech.archunit.core.importer.JavaClassProcessor - Processing class 'java/lang/Class'
10:41:49.112 [Test worker] DEBUG com.tngtech.archunit.core.importer.JavaClassProcessor - Processing class 'org/springframework/http/ResponseEntity'
10:41:49.112 [Test worker] DEBUG com.tngtech.archunit.core.importer.JavaClassProcessor - Processing class 'org/aspectj/lang/reflect/MethodSignature'
10:41:49.112 [Test worker] DEBUG com.tngtech.archunit.core.importer.JavaClassProcessor - Processing class 'org/springframework/context/annotation/Bean'
10:41:49.113 [Test worker] DEBUG com.tngtech.archunit.core.importer.JavaClassProcessor - Processing class 'org/apache/commons/codec/digest/DigestUtils'
10:41:49.113 [Test worker] DEBUG com.tngtech.archunit.core.importer.JavaClassProcessor - Processing class 'java/util/Comparator'
10:41:49.114 [Test worker] DEBUG com.tngtech.archunit.core.importer.JavaClassProcessor - Processing class 'org/aspectj/lang/ProceedingJoinPoint'
10:41:49.114 [Test worker] DEBUG com.tngtech.archunit.core.importer.JavaClassProcessor - Processing class 'java/lang/annotation/RetentionPolicy'
10:41:49.114 [Test worker] DEBUG com.tngtech.archunit.core.importer.JavaClassProcessor - Processing class 'java/lang/annotation/Inherited'
10:41:49.114 [Test worker] DEBUG com.tngtech.archunit.core.importer.JavaClassProcessor - Processing class 'java/util/DoubleSummaryStatistics'
10:41:49.114 [Test worker] DEBUG com.tngtech.archunit.core.importer.JavaClassProcessor - Processing class 'java/util/function/DoubleConsumer'
10:41:49.114 [Test worker] DEBUG com.tngtech.archunit.core.importer.JavaClassProcessor - Processing class 'java/security/spec/KeySpec'
10:41:49.114 [Test worker] DEBUG com.tngtech.archunit.core.importer.JavaClassProcessor - Processing class 'javax/persistence/ConstraintMode'
10:41:49.115 [Test worker] DEBUG com.tngtech.archunit.core.importer.JavaClassProcessor - Processing class 'org/springframework/core/env/PropertyResolver'
10:41:49.115 [Test worker] DEBUG com.tngtech.archunit.core.importer.JavaClassProcessor - Processing class 'org/springframework/web/filter/GenericFilterBean'
10:41:49.115 [Test worker] DEBUG com.tngtech.archunit.core.importer.JavaClassProcessor - Processing class 'java/util/Map'
10:41:49.116 [Test worker] DEBUG com.tngtech.archunit.core.importer.JavaClassProcessor - Processing class 'java/lang/reflect/Executable'
10:41:49.116 [Test worker] DEBUG com.tngtech.archunit.core.importer.JavaClassProcessor - Processing class 'javax/servlet/Filter'
10:41:49.116 [Test worker] DEBUG com.tngtech.archunit.core.importer.JavaClassProcessor - Processing class 'jdk/internal/reflect/CallerSensitiveAdapter'
10:41:49.116 [Test worker] DEBUG com.tngtech.archunit.core.importer.JavaClassProcessor - Processing class 'java/lang/CharSequence'
10:41:49.117 [Test worker] DEBUG com.tngtech.archunit.core.importer.JavaClassProcessor - Processing class 'org/springframework/data/repository/PagingAndSortingRepository'
10:41:49.117 [Test worker] DEBUG com.tngtech.archunit.core.importer.JavaClassProcessor - Processing class 'java/time/chrono/ChronoLocalDateTime'
10:41:49.117 [Test worker] DEBUG com.tngtech.archunit.core.importer.JavaClassProcessor - Processing class 'java/util/Set'
10:41:49.117 [Test worker] DEBUG com.tngtech.archunit.core.importer.JavaClassProcessor - Processing class 'java/io/Serializable'
10:41:49.118 [Test worker] DEBUG com.tngtech.archunit.core.importer.JavaClassProcessor - Processing class 'org/springframework/http/client/ClientHttpRequestInterceptor'
10:41:49.118 [Test worker] DEBUG com.tngtech.archunit.core.importer.JavaClassProcessor - Processing class 'org/springframework/beans/factory/support/BeanNameGenerator'
10:41:49.118 [Test worker] DEBUG com.tngtech.archunit.core.importer.JavaClassProcessor - Processing class 'jdk/internal/ValueBased'
10:41:49.118 [Test worker] DEBUG com.tngtech.archunit.core.importer.JavaClassProcessor - Processing class 'javax/crypto/SecretKey'
10:41:49.118 [Test worker] DEBUG com.tngtech.archunit.core.importer.JavaClassProcessor - Processing class 'org/springframework/http/client/support/InterceptingHttpAccessor'
10:41:49.118 [Test worker] DEBUG com.tngtech.archunit.core.importer.JavaClassProcessor - Processing class 'java/lang/reflect/AnnotatedElement'
10:41:49.118 [Test worker] DEBUG com.tngtech.archunit.core.importer.JavaClassProcessor - Processing class 'java/lang/Double'
10:41:49.119 [Test worker] DEBUG com.tngtech.archunit.core.importer.JavaClassProcessor - Processing class 'org/springframework/http/client/ClientHttpRequestFactory'
10:41:49.119 [Test worker] DEBUG com.tngtech.archunit.core.importer.JavaClassProcessor - Processing class 'org/springframework/boot/web/client/RestTemplateCustomizer'
10:41:49.119 [Test worker] DEBUG com.tngtech.archunit.core.importer.JavaClassProcessor - Processing class 'java/lang/invoke/TypeDescriptor$OfField'
10:41:49.119 [Test worker] DEBUG com.tngtech.archunit.core.importer.JavaClassProcessor - Processing class 'org/springframework/boot/context/TypeExcludeFilter'
10:41:49.120 [Test worker] DEBUG com.tngtech.archunit.core.importer.JavaClassProcessor - Processing class 'org/springframework/boot/web/servlet/AbstractFilterRegistrationBean'
10:41:49.120 [Test worker] DEBUG com.tngtech.archunit.core.importer.JavaClassProcessor - Processing class 'org/springframework/data/repository/NoRepositoryBean'
10:41:49.120 [Test worker] DEBUG com.tngtech.archunit.core.importer.JavaClassProcessor - Processing class 'java/util/RandomAccess'
10:41:49.120 [Test worker] DEBUG com.tngtech.archunit.core.importer.JavaClassProcessor - Processing class 'org/springframework/boot/BootstrapRegistryInitializer'
10:41:49.120 [Test worker] DEBUG com.tngtech.archunit.core.importer.JavaClassProcessor - Processing class 'java/time/temporal/TemporalAmount'
10:41:49.121 [Test worker] DEBUG com.tngtech.archunit.core.importer.JavaClassProcessor - Processing class 'org/springframework/lang/Nullable'
10:41:49.121 [Test worker] DEBUG com.tngtech.archunit.core.importer.JavaClassProcessor - Processing class 'org/springframework/stereotype/Indexed'
10:41:49.121 [Test worker] DEBUG com.tngtech.archunit.core.importer.JavaClassProcessor - Processing class 'java/lang/Number'
10:41:49.121 [Test worker] DEBUG com.tngtech.archunit.core.importer.JavaClassProcessor - Processing class 'java/lang/SafeVarargs'
10:41:49.122 [Test worker] DEBUG com.tngtech.archunit.core.importer.JavaClassProcessor - Processing class 'java/util/Map$Entry'
10:41:49.122 [Test worker] DEBUG com.tngtech.archunit.core.importer.JavaClassProcessor - Processing class 'jdk/internal/vm/annotation/IntrinsicCandidate'
10:41:49.122 [Test worker] DEBUG com.tngtech.archunit.core.importer.JavaClassProcessor - Processing class 'java/util/stream/LongStream'
10:41:49.122 [Test worker] DEBUG com.tngtech.archunit.core.importer.JavaClassProcessor - Processing class 'org/springframework/boot/autoconfigure/EnableAutoConfiguration'
10:41:49.123 [Test worker] DEBUG com.tngtech.archunit.core.importer.JavaClassProcessor - Processing class 'java/lang/Deprecated'
10:41:49.123 [Test worker] DEBUG com.tngtech.archunit.core.importer.JavaClassProcessor - Processing class 'org/springframework/http/HttpMethod'
10:41:49.124 [Test worker] DEBUG com.tngtech.archunit.core.importer.JavaClassProcessor - Processing class 'org/springframework/context/annotation/Import'
10:41:49.124 [Test worker] DEBUG com.tngtech.archunit.core.importer.JavaClassProcessor - Processing class 'javax/persistence/JoinColumns'
10:41:49.124 [Test worker] DEBUG com.tngtech.archunit.core.importer.JavaClassProcessor - Processing class 'org/springframework/web/client/RestOperations'
10:41:49.125 [Test worker] DEBUG com.tngtech.archunit.core.importer.JavaClassProcessor - Processing class 'java/lang/reflect/Field'
10:41:49.126 [Test worker] DEBUG com.tngtech.archunit.core.importer.JavaClassProcessor - Processing class 'com/auth0/jwt/interfaces/Header'
10:41:49.126 [Test worker] DEBUG com.tngtech.archunit.core.importer.JavaClassProcessor - Processing class 'org/springframework/context/annotation/ComponentScan'
10:41:49.126 [Test worker] DEBUG com.tngtech.archunit.core.importer.JavaClassProcessor - Processing class 'java/util/stream/Collector$Characteristics'
10:41:49.126 [Test worker] DEBUG com.tngtech.archunit.core.importer.JavaClassProcessor - Processing class 'java/lang/constant/Constable'
10:41:49.126 [Test worker] DEBUG com.tngtech.archunit.core.importer.JavaClassProcessor - Processing class 'java/time/chrono/ChronoZonedDateTime'
10:41:49.127 [Test worker] DEBUG com.tngtech.archunit.core.importer.JavaClassProcessor - Processing class 'org/springframework/boot/SpringBootConfiguration'
10:41:49.127 [Test worker] DEBUG com.tngtech.archunit.core.importer.JavaClassProcessor - Processing class 'java/lang/Comparable'
10:41:49.127 [Test worker] DEBUG com.tngtech.archunit.core.importer.JavaClassProcessor - Processing class 'java/time/temporal/TemporalAdjuster'
10:41:49.127 [Test worker] DEBUG com.tngtech.archunit.core.importer.JavaClassProcessor - Processing class 'java/net/URL'
10:41:49.128 [Test worker] DEBUG com.tngtech.archunit.core.importer.JavaClassProcessor - Processing class 'java/util/function/IntConsumer'
10:41:49.128 [Test worker] DEBUG com.tngtech.archunit.core.importer.JavaClassProcessor - Processing class 'java/util/AbstractList'
10:41:49.128 [Test worker] DEBUG com.tngtech.archunit.core.importer.JavaClassProcessor - Processing class 'org/springframework/data/annotation/QueryAnnotation'
10:41:49.129 [Test worker] DEBUG com.tngtech.archunit.core.importer.JavaClassProcessor - Processing class 'org/springframework/context/annotation/ComponentScan$Filter'
10:41:49.129 [Test worker] DEBUG com.tngtech.archunit.core.importer.JavaClassProcessor - Processing class 'java/lang/Enum'
10:41:49.129 [Test worker] DEBUG com.tngtech.archunit.core.importer.JavaClassProcessor - Processing class 'io/jsonwebtoken/impl/crypto/JwtSignatureValidator'
10:41:49.129 [Test worker] DEBUG com.tngtech.archunit.core.importer.JavaClassProcessor - Processing class 'org/springframework/web/context/request/RequestAttributes'
10:41:49.129 [Test worker] DEBUG com.tngtech.archunit.core.importer.JavaClassProcessor - Processing class 'java/lang/annotation/Documented'
10:41:49.129 [Test worker] DEBUG com.tngtech.archunit.core.importer.JavaClassProcessor - Processing class 'org/springframework/boot/web/client/RestTemplateRequestCustomizer'
10:41:49.130 [Test worker] DEBUG com.tngtech.archunit.core.importer.JavaClassProcessor - Processing class 'java/lang/Cloneable'
10:41:49.130 [Test worker] DEBUG com.tngtech.archunit.core.importer.JavaClassProcessor - Processing class 'jdk/internal/vm/annotation/ForceInline'
10:41:49.130 [Test worker] DEBUG com.tngtech.archunit.core.importer.JavaClassProcessor - Processing class 'org/springframework/http/HttpHeaders'
10:41:49.131 [Test worker] DEBUG com.tngtech.archunit.core.importer.JavaClassProcessor - Processing class 'javax/persistence/ForeignKey'
10:41:49.132 [Test worker] DEBUG com.tngtech.archunit.core.importer.JavaClassProcessor - Processing class 'java/util/Collection'
10:41:49.132 [Test worker] DEBUG com.tngtech.archunit.core.importer.JavaClassProcessor - Processing class 'org/springframework/web/bind/annotation/RequestMethod'
10:41:49.132 [Test worker] DEBUG com.tngtech.archunit.core.importer.JavaClassProcessor - Processing class 'org/springframework/context/ApplicationListener'
10:41:49.132 [Test worker] DEBUG com.tngtech.archunit.core.importer.JavaClassProcessor - Processing class 'org/springframework/beans/factory/annotation/Autowire'
10:41:49.132 [Test worker] DEBUG com.tngtech.archunit.core.importer.JavaClassProcessor - Processing class 'java/util/stream/DoubleStream'
10:41:49.133 [Test worker] DEBUG com.tngtech.archunit.core.importer.JavaClassProcessor - Processing class 'org/springframework/http/HttpEntity'
10:41:49.133 [Test worker] DEBUG com.tngtech.archunit.core.importer.JavaClassProcessor - Processing class 'java/lang/Class$ReflectionData'
10:41:49.133 [Test worker] DEBUG com.tngtech.archunit.core.importer.JavaClassProcessor - Processing class 'javax/servlet/ServletResponse'
10:41:49.133 [Test worker] DEBUG com.tngtech.archunit.core.importer.JavaClassProcessor - Processing class 'java/lang/reflect/Type'
10:41:49.133 [Test worker] DEBUG com.tngtech.archunit.core.importer.JavaClassProcessor - Processing class 'jdk/internal/reflect/CallerSensitive'
10:41:49.134 [Test worker] DEBUG com.tngtech.archunit.core.importer.JavaClassProcessor - Processing class 'org/springframework/http/converter/HttpMessageConverter'
10:41:49.134 [Test worker] DEBUG com.tngtech.archunit.core.importer.JavaClassProcessor - Processing class 'java/time/LocalDate'
10:41:49.134 [Test worker] DEBUG com.tngtech.archunit.core.importer.JavaClassProcessor - Processing class 'org/springframework/boot/SpringBootExceptionReporter'
10:41:49.134 [Test worker] DEBUG com.tngtech.archunit.core.importer.JavaClassProcessor - Processing class 'java/time/temporal/Temporal'
10:41:49.134 [Test worker] DEBUG com.tngtech.archunit.core.importer.JavaClassProcessor - Processing class 'java/util/stream/IntStream'
10:41:49.135 [Test worker] DEBUG com.tngtech.archunit.core.importer.JavaClassProcessor - Processing class 'org/springframework/context/annotation/EnableAspectJAutoProxy'
10:41:49.135 [Test worker] DEBUG com.tngtech.archunit.core.importer.JavaClassProcessor - Processing class 'java/time/temporal/TemporalUnit'
10:41:49.135 [Test worker] DEBUG com.tngtech.archunit.core.importer.JavaClassProcessor - Processing class 'org/springframework/boot/autoconfigure/AutoConfigurationExcludeFilter'
10:41:49.135 [Test worker] DEBUG com.tngtech.archunit.core.importer.JavaClassProcessor - Processing class 'org/springframework/stereotype/Controller'
10:41:49.136 [Test worker] DEBUG com.tngtech.archunit.core.importer.JavaClassProcessor - Processing class 'org/springframework/web/context/request/AbstractRequestAttributes'
10:41:49.136 [Test worker] DEBUG com.tngtech.archunit.core.importer.JavaClassProcessor - Processing class 'org/springframework/retry/annotation/RetryConfiguration'
10:41:49.136 [Test worker] DEBUG com.tngtech.archunit.core.importer.JavaClassProcessor - Processing class 'java/util/concurrent/ConcurrentMap'
10:41:49.136 [Test worker] DEBUG com.tngtech.archunit.core.importer.JavaClassProcessor - Processing class 'javax/servlet/http/HttpUpgradeHandler'
10:41:49.136 [Test worker] DEBUG com.tngtech.archunit.core.importer.JavaClassProcessor - Processing class 'java/lang/FunctionalInterface'
10:41:49.136 [Test worker] DEBUG com.tngtech.archunit.core.importer.JavaClassProcessor - Processing class 'java/lang/constant/ConstantDesc'
10:41:49.137 [Test worker] DEBUG com.tngtech.archunit.core.importer.JavaClassProcessor - Processing class 'java/lang/annotation/Repeatable'
10:41:49.137 [Test worker] DEBUG com.tngtech.archunit.core.importer.JavaClassProcessor - Processing class 'java/lang/Boolean'
10:41:49.137 [Test worker] DEBUG com.tngtech.archunit.core.importer.JavaClassProcessor - Processing class 'org/aspectj/lang/reflect/CodeSignature'
10:41:49.138 [Test worker] DEBUG com.tngtech.archunit.core.importer.JavaClassProcessor - Processing class 'org/springframework/context/annotation/FilterType'
10:41:49.138 [Test worker] DEBUG com.tngtech.archunit.core.importer.JavaClassProcessor - Processing class 'java/util/LongSummaryStatistics'
10:41:49.138 [Test worker] DEBUG com.tngtech.archunit.core.importer.JavaClassProcessor - Processing class 'java/lang/reflect/GenericDeclaration'
10:41:49.138 [Test worker] DEBUG com.tngtech.archunit.core.importer.JavaClassProcessor - Processing class 'org/springframework/core/annotation/AliasFor'
10:41:49.138 [Test worker] DEBUG com.tngtech.archunit.core.importer.JavaClassProcessor - Processing class 'javax/servlet/ServletRequest'
10:41:49.139 [Test worker] DEBUG com.tngtech.archunit.core.importer.JavaClassProcessor - Processing class 'jdk/internal/vm/annotation/Stable'
10:41:49.139 [Test worker] DEBUG com.tngtech.archunit.core.importer.JavaClassProcessor - Processing class 'org/springframework/core/env/StandardEnvironment'
10:41:49.139 [Test worker] DEBUG com.tngtech.archunit.core.importer.JavaClassProcessor - Processing class 'org/springframework/web/bind/annotation/ResponseBody'
10:41:49.139 [Test worker] DEBUG com.tngtech.archunit.core.importer.JavaClassProcessor - Processing class 'java/util/function/LongConsumer'
10:41:49.139 [Test worker] DEBUG com.tngtech.archunit.core.importer.JavaClassProcessor - Processing class 'java/util/function/Consumer'
10:41:49.139 [Test worker] DEBUG com.tngtech.archunit.core.importer.JavaClassProcessor - Processing class 'io/jsonwebtoken/ClaimsMutator'
10:41:49.139 [Test worker] DEBUG com.tngtech.archunit.core.importer.JavaClassProcessor - Processing class 'org/springframework/data/repository/query/QueryByExampleExecutor'
10:41:49.140 [Test worker] DEBUG com.tngtech.archunit.core.importer.JavaClassProcessor - Processing class 'java/util/AbstractMap'
10:41:49.140 [Test worker] DEBUG com.tngtech.archunit.core.importer.JavaClassProcessor - Processing class 'javax/servlet/http/Part'
10:41:49.140 [Test worker] DEBUG com.tngtech.archunit.core.importer.JavaClassProcessor - Processing class 'java/lang/constant/ClassDesc'
10:41:49.140 [Test worker] DEBUG com.tngtech.archunit.core.importer.JavaClassProcessor - Processing class 'java/util/stream/BaseStream'
10:41:49.140 [Test worker] DEBUG com.tngtech.archunit.core.importer.JavaClassProcessor - Processing class 'java/util/IntSummaryStatistics'
10:41:49.140 [Test worker] DEBUG com.tngtech.archunit.core.importer.JavaClassProcessor - Processing class 'com/auth0/jwt/interfaces/Payload'
10:41:49.141 [Test worker] DEBUG com.tngtech.archunit.core.importer.JavaClassProcessor - Processing class 'org/springframework/context/ApplicationContextInitializer'
10:41:49.141 [Test worker] DEBUG com.tngtech.archunit.core.importer.JavaClassProcessor - Processing class 'org/springframework/web/bind/annotation/Mapping'
10:41:49.141 [Test worker] DEBUG com.tngtech.archunit.core.importer.JavaClassProcessor - Processing class 'org/springframework/data/repository/query/FluentQuery$FetchableFluentQuery'
10:41:49.141 [Test worker] DEBUG com.tngtech.archunit.core.importer.JavaClassProcessor - Processing class 'java/lang/Enum$EnumDesc'
10:41:49.141 [Test worker] DEBUG com.tngtech.archunit.core.importer.JavaClassProcessor - Processing class 'java/util/stream/Collector'
10:41:49.141 [Test worker] DEBUG com.tngtech.archunit.core.importer.JavaClassProcessor - Processing class 'java/lang/invoke/TypeDescriptor'
10:41:49.142 [Test worker] DEBUG com.tngtech.archunit.core.importer.JavaClassProcessor - Processing class 'org/springframework/context/PayloadApplicationEvent'
10:41:49.142 [Test worker] DEBUG com.tngtech.archunit.core.importer.JavaClassProcessor - Processing class 'org/springframework/boot/autoconfigure/AutoConfigurationImportSelector'
10:41:49.143 [Test worker] DEBUG com.tngtech.archunit.core.importer.JavaClassProcessor - Processing class 'org/springframework/aop/IntroductionAdvisor'
10:41:49.143 [Test worker] DEBUG com.tngtech.archunit.core.importer.JavaClassProcessor - Processing class 'java/lang/reflect/Member'
10:41:49.143 [Test worker] DEBUG com.tngtech.archunit.core.importer.JavaClassProcessor - Processing class 'java/util/EventListener'
10:41:49.143 [Test worker] DEBUG com.tngtech.archunit.core.importer.JavaClassProcessor - Processing class 'org/springframework/context/annotation/Role'
10:41:49.143 [Test worker] DEBUG com.tngtech.archunit.core.importer.JavaClassProcessor - Processing class 'org/springframework/beans/factory/DisposableBean'
10:41:49.144 [Test worker] DEBUG com.tngtech.archunit.core.importer.JavaClassProcessor - Processing class 'org/springframework/boot/autoconfigure/AutoConfigurationPackage'
10:41:49.144 [Test worker] DEBUG com.tngtech.archunit.core.importer.JavaClassProcessor - Processing class 'java/time/temporal/TemporalAccessor'
10:41:49.144 [Test worker] DEBUG com.tngtech.archunit.core.importer.JavaClassProcessor - Processing class 'org/springframework/http/client/ClientHttpRequest'
10:41:49.145 [Test worker] DEBUG com.tngtech.archunit.core.importer.JavaClassProcessor - Processing class 'org/springframework/beans/factory/BeanFactoryAware'
10:41:49.145 [Test worker] DEBUG com.tngtech.archunit.core.importer.JavaClassProcessor - Processing class 'org/springframework/core/env/EnvironmentCapable'
10:41:49.145 [Test worker] DEBUG com.tngtech.archunit.core.importer.JavaClassProcessor - Processing class 'org/springframework/boot/web/servlet/DynamicRegistrationBean'
10:41:49.145 [Test worker] DEBUG com.tngtech.archunit.core.importer.JavaClassProcessor - Processing class 'java/net/spi/URLStreamHandlerProvider'
10:41:49.146 [Test worker] DEBUG com.tngtech.archunit.core.importer.JavaClassProcessor - Processing class 'org/springframework/util/MultiValueMap'
10:41:49.146 [Test worker] DEBUG com.tngtech.archunit.core.importer.JavaClassProcessor - Processing class 'org/springframework/context/ApplicationEvent'
10:41:49.146 [Test worker] DEBUG com.tngtech.archunit.core.importer.JavaClassProcessor - Processing class 'javax/servlet/FilterRegistration$Dynamic'
10:41:49.147 [Test worker] DEBUG com.tngtech.archunit.core.importer.JavaClassProcessor - Processing class 'org/springframework/web/context/ServletContextAware'
10:41:49.147 [Test worker] DEBUG com.tngtech.archunit.core.importer.JavaClassProcessor - Processing class 'org/springframework/core/type/filter/TypeFilter'
10:41:49.147 [Test worker] DEBUG com.tngtech.archunit.core.importer.JavaClassProcessor - Processing class 'java/lang/Runnable'
10:41:49.147 [Test worker] DEBUG com.tngtech.archunit.core.importer.JavaClassProcessor - Processing class 'java/lang/AutoCloseable'
10:41:49.147 [Test worker] DEBUG com.tngtech.archunit.core.importer.JavaClassProcessor - Processing class 'java/util/AbstractCollection'
10:41:49.147 [Test worker] DEBUG com.tngtech.archunit.core.importer.JavaClassProcessor - Processing class 'java/util/Locale'
10:41:49.148 [Test worker] DEBUG com.tngtech.archunit.core.importer.JavaClassProcessor - Processing class 'org/springframework/context/ConfigurableApplicationContext'
10:41:49.148 [Test worker] DEBUG com.tngtech.archunit.core.importer.JavaClassProcessor - Processing class 'javax/security/auth/Destroyable'
10:41:49.149 [Test worker] DEBUG com.tngtech.archunit.core.importer.JavaClassProcessor - Processing class 'org/springframework/http/MediaType'
10:41:49.149 [Test worker] DEBUG com.tngtech.archunit.core.importer.JavaClassProcessor - Processing class 'java/util/Locale$LanguageRange'
10:41:49.150 [Test worker] DEBUG com.tngtech.archunit.core.importer.JavaClassProcessor - Processing class 'org/springframework/aop/support/AbstractPointcutAdvisor'
10:41:49.150 [Test worker] DEBUG com.tngtech.archunit.core.importer.JavaClassProcessor - Processing class 'java/security/Key'
10:41:49.150 [Test worker] DEBUG com.tngtech.archunit.core.importer.JavaClassProcessor - Processing class 'java/lang/constant/DynamicConstantDesc'
10:41:49.151 [Test worker] DEBUG com.tngtech.archunit.core.importer.JavaClassProcessor - Processing class 'java/net/URLStreamHandler'
10:41:49.151 [Test worker] DEBUG com.tngtech.archunit.core.importer.JavaClassProcessor - Processing class 'org/springframework/http/client/support/HttpAccessor'
10:41:49.151 [Test worker] DEBUG com.tngtech.archunit.core.importer.JavaClassProcessor - Processing class 'org/springframework/context/annotation/AnnotationScopeMetadataResolver'
10:41:49.152 [Test worker] DEBUG com.tngtech.archunit.core.importer.JavaClassProcessor - Processing class 'org/springframework/beans/factory/BeanClassLoaderAware'
10:41:49.152 [Test worker] DEBUG com.tngtech.archunit.core.importer.JavaClassProcessor - Processing class 'org/aspectj/lang/reflect/MemberSignature'
10:41:49.152 [Test worker] DEBUG com.tngtech.archunit.core.importer.JavaClassProcessor - Processing class 'org/springframework/context/annotation/AspectJAutoProxyRegistrar'
10:41:49.152 [Test worker] DEBUG com.tngtech.archunit.core.importer.JavaClassProcessor - Processing class 'org/springframework/data/repository/CrudRepository'
10:41:49.153 [Test worker] DEBUG com.tngtech.archunit.core.importer.JavaClassProcessor - Processing class 'org/springframework/beans/factory/InitializingBean'
10:41:49.153 [Test worker] DEBUG com.tngtech.archunit.core.importer.JavaClassProcessor - Processing class 'java/lang/Iterable'
10:41:49.153 [Test worker] DEBUG com.tngtech.archunit.core.importer.JavaClassProcessor - Processing class 'java/nio/charset/Charset'
10:41:49.153 [Test worker] DEBUG com.tngtech.archunit.core.importer.JavaClassProcessor - Processing class 'org/springframework/context/annotation/ComponentScans'
10:41:49.153 [Test worker] DEBUG com.tngtech.archunit.core.importer.JavaClassProcessor - Processing class 'org/springframework/boot/web/servlet/ServletRegistrationBean'
10:41:49.154 [Test worker] DEBUG com.tngtech.archunit.core.importer.JavaClassProcessor - Processing class 'org/springframework/retry/RetryListener'
10:41:49.154 [Test worker] DEBUG com.tngtech.archunit.core.importer.JavaClassProcessor - Processing class 'org/springframework/beans/factory/BeanNameAware'
10:41:49.154 [Test worker] DEBUG com.tngtech.archunit.core.importer.JavaClassProcessor - Processing class 'java/time/chrono/ChronoLocalDate'
10:41:49.154 [Test worker] DEBUG com.tngtech.archunit.core.importer.JavaClassProcessor - Processing class 'java/lang/reflect/AccessibleObject'
10:41:49.155 [Test worker] DEBUG com.tngtech.archunit.core.importer.JavaClassProcessor - Processing class 'org/springframework/context/annotation/ScopedProxyMode'
10:41:49.155 [Test worker] DEBUG com.tngtech.archunit.core.importer.JavaClassProcessor - Processing class 'org/springframework/http/HttpRange'
10:41:49.155 [Test worker] DEBUG com.tngtech.archunit.core.importer.JavaClassProcessor - Processing class 'org/springframework/beans/factory/SmartInitializingSingleton'
10:41:49.155 [Test worker] DEBUG com.tngtech.archunit.core.importer.JavaClassProcessor - Processing class 'org/springframework/context/EnvironmentAware'
10:41:49.156 [Test worker] DEBUG com.tngtech.archunit.core.importer.JavaClassProcessor - Processing class 'org/springframework/context/annotation/ScopeMetadataResolver'
10:41:49.156 [Test worker] DEBUG com.tngtech.archunit.core.importer.JavaClassProcessor - Processing class 'javax/servlet/DispatcherType'
10:41:49.156 [Test worker] DEBUG com.tngtech.archunit.core.importer.JavaClassProcessor - Processing class 'org/springframework/core/env/AbstractEnvironment'
10:41:49.157 [Test worker] DEBUG com.tngtech.archunit.core.importer.JavaClassProcessor - Processing class 'org/springframework/boot/autoconfigure/AutoConfigurationImportListener'
10:41:49.157 [Test worker] DEBUG com.tngtech.archunit.core.importer.JavaClassProcessor - Processing class 'java/nio/charset/spi/CharsetProvider'
10:41:49.157 [Test worker] DEBUG com.tngtech.archunit.core.importer.JavaClassProcessor - Processing class 'org/springframework/data/repository/query/FluentQuery'
10:41:49.157 [Test worker] DEBUG com.tngtech.archunit.core.importer.JavaClassProcessor - Processing class 'org/springframework/http/HttpRequest'
10:41:49.158 [Test worker] DEBUG com.tngtech.archunit.core.importer.JavaClassProcessor - Processing class 'org/springframework/boot/web/servlet/RegistrationBean'
10:41:49.158 [Test worker] DEBUG com.tngtech.archunit.core.importer.JavaClassProcessor - Processing class 'javax/servlet/Registration$Dynamic'
10:41:49.158 [Test worker] DEBUG com.tngtech.archunit.core.importer.JavaClassProcessor - Processing class 'java/util/EventObject'
10:41:49.159 [Test worker] DEBUG com.tngtech.archunit.core.importer.JavaClassProcessor - Processing class 'org/springframework/util/MimeType'
10:41:49.159 [Test worker] DEBUG com.tngtech.archunit.core.importer.JavaClassProcessor - Processing class 'java/lang/Character'
10:41:49.160 [Test worker] DEBUG com.tngtech.archunit.core.importer.JavaClassProcessor - Processing class 'org/springframework/data/repository/Repository'
10:41:49.160 [Test worker] DEBUG com.tngtech.archunit.core.importer.JavaClassProcessor - Processing class 'org/springframework/boot/autoconfigure/AutoConfigurationPackages$Registrar'
10:41:49.161 [Test worker] DEBUG com.tngtech.archunit.core.importer.JavaClassProcessor - Processing class 'javax/servlet/ServletRegistration$Dynamic'
10:41:49.161 [Test worker] DEBUG com.tngtech.archunit.core.importer.JavaClassProcessor - Processing class 'java/lang/ThreadLocal'
10:41:49.161 [Test worker] DEBUG com.tngtech.archunit.core.importer.JavaClassProcessor - Processing class 'javax/servlet/Servlet'
10:41:49.162 [Test worker] DEBUG com.tngtech.archunit.core.importer.JavaClassProcessor - Processing class 'org/aspectj/lang/Signature'
10:41:49.162 [Test worker] DEBUG com.tngtech.archunit.core.importer.JavaClassProcessor - Processing class 'javax/servlet/FilterRegistration'
10:41:49.162 [Test worker] DEBUG com.tngtech.archunit.core.importer.JavaClassProcessor - Processing class 'java/net/URLStreamHandlerFactory'
10:41:49.162 [Test worker] DEBUG com.tngtech.archunit.core.importer.JavaClassProcessor - Processing class 'sun/util/locale/LocaleExtensions'
10:41:49.162 [Test worker] DEBUG com.tngtech.archunit.core.importer.JavaClassProcessor - Processing class 'org/springframework/core/Ordered'
10:41:49.163 [Test worker] DEBUG com.tngtech.archunit.core.importer.JavaClassProcessor - Processing class 'org/springframework/aop/PointcutAdvisor'
10:41:49.163 [Test worker] DEBUG com.tngtech.archunit.core.importer.JavaClassProcessor - Processing class 'org/springframework/context/annotation/DeferredImportSelector'
10:41:49.163 [Test worker] DEBUG com.tngtech.archunit.core.importer.JavaClassProcessor - Processing class 'org/springframework/beans/factory/Aware'
10:41:49.164 [Test worker] DEBUG com.tngtech.archunit.core.importer.JavaClassProcessor - Processing class 'org/springframework/core/ResolvableTypeProvider'
10:41:49.164 [Test worker] DEBUG com.tngtech.archunit.core.importer.JavaClassProcessor - Processing class 'org/springframework/core/io/support/ResourceRegion'
10:41:49.164 [Test worker] DEBUG com.tngtech.archunit.core.importer.JavaClassProcessor - Processing class 'org/springframework/aop/IntroductionInfo'
10:41:49.165 [Test worker] DEBUG com.tngtech.archunit.core.importer.JavaClassProcessor - Processing class 'org/springframework/boot/autoconfigure/AutoConfigurationImportFilter'
10:41:49.165 [Test worker] DEBUG com.tngtech.archunit.core.importer.JavaClassProcessor - Processing class 'org/springframework/core/env/ConfigurableEnvironment'
10:41:49.165 [Test worker] DEBUG com.tngtech.archunit.core.importer.JavaClassProcessor - Processing class 'org/springframework/context/annotation/ImportBeanDefinitionRegistrar'
10:41:49.165 [Test worker] DEBUG com.tngtech.archunit.core.importer.JavaClassProcessor - Processing class 'org/springframework/http/client/ClientHttpRequestInitializer'
10:41:49.166 [Test worker] DEBUG com.tngtech.archunit.core.importer.JavaClassProcessor - Processing class 'org/springframework/aop/Advisor'
10:41:49.166 [Test worker] DEBUG com.tngtech.archunit.core.importer.JavaClassProcessor - Processing class 'org/springframework/context/ResourceLoaderAware'
10:41:49.166 [Test worker] DEBUG com.tngtech.archunit.core.importer.JavaClassProcessor - Processing class 'org/springframework/context/ApplicationContext'
10:41:49.166 [Test worker] DEBUG com.tngtech.archunit.core.importer.JavaClassProcessor - Processing class 'org/springframework/context/Lifecycle'
10:41:49.167 [Test worker] DEBUG com.tngtech.archunit.core.importer.JavaClassProcessor - Processing class 'sun/util/locale/BaseLocale'
10:41:49.167 [Test worker] DEBUG com.tngtech.archunit.core.importer.JavaClassProcessor - Processing class 'org/springframework/context/annotation/DeferredImportSelector$Group'
10:41:49.167 [Test worker] DEBUG com.tngtech.archunit.core.importer.JavaClassProcessor - Processing class 'java/io/Closeable'
10:41:49.168 [Test worker] DEBUG com.tngtech.archunit.core.importer.JavaClassProcessor - Processing class 'org/springframework/http/HttpOutputMessage'
10:41:49.168 [Test worker] DEBUG com.tngtech.archunit.core.importer.JavaClassProcessor - Processing class 'sun/util/locale/Extension'
10:41:49.168 [Test worker] DEBUG com.tngtech.archunit.core.importer.JavaClassProcessor - Processing class 'org/springframework/beans/factory/HierarchicalBeanFactory'
10:41:49.168 [Test worker] DEBUG com.tngtech.archunit.core.importer.JavaClassProcessor - Processing class 'javax/servlet/ServletRegistration'
10:41:49.169 [Test worker] DEBUG com.tngtech.archunit.core.importer.JavaClassProcessor - Processing class 'org/springframework/core/env/ConfigurablePropertyResolver'
10:41:49.169 [Test worker] DEBUG com.tngtech.archunit.core.importer.JavaClassProcessor - Processing class 'org/springframework/context/annotation/DeferredImportSelector$Group$Entry'
10:41:49.169 [Test worker] DEBUG com.tngtech.archunit.core.importer.JavaClassProcessor - Processing class 'org/springframework/context/ApplicationEventPublisher'
10:41:49.169 [Test worker] DEBUG com.tngtech.archunit.core.importer.JavaClassProcessor - Processing class 'org/springframework/http/HttpMessage'
10:41:49.170 [Test worker] DEBUG com.tngtech.archunit.core.importer.JavaClassProcessor - Processing class 'org/springframework/context/annotation/ImportSelector'
10:41:49.170 [Test worker] DEBUG com.tngtech.archunit.core.importer.JavaClassProcessor - Processing class 'org/springframework/boot/web/servlet/ServletContextInitializer'
10:41:49.171 [Test worker] DEBUG com.tngtech.archunit.core.importer.JavaClassProcessor - Processing class 'org/springframework/context/MessageSource'
10:41:49.171 [Test worker] DEBUG com.tngtech.archunit.core.importer.JavaClassProcessor - Processing class 'javax/servlet/Registration'
10:41:49.171 [Test worker] DEBUG com.tngtech.archunit.core.importer.JavaClassProcessor - Processing class 'org/springframework/boot/autoconfigure/AutoConfigurationPackages'
10:41:49.172 [Test worker] DEBUG com.tngtech.archunit.core.importer.JavaClassProcessor - Processing class 'org/springframework/boot/context/annotation/DeterminableImports'
10:41:49.172 [Test worker] DEBUG com.tngtech.archunit.core.importer.JavaClassProcessor - Processing class 'sun/util/locale/InternalLocaleBuilder$CaseInsensitiveString'
10:41:49.172 [Test worker] DEBUG com.tngtech.archunit.core.importer.JavaClassProcessor - Processing class 'org/springframework/core/io/support/ResourcePatternResolver'
10:41:49.172 [Test worker] DEBUG com.tngtech.archunit.core.importer.JavaClassProcessor - Processing class 'sun/util/locale/InternalLocaleBuilder$CaseInsensitiveChar'
10:41:49.172 [Test worker] DEBUG com.tngtech.archunit.core.importer.JavaClassProcessor - Processing class 'org/springframework/beans/factory/ListableBeanFactory'
10:41:49.173 [Test worker] DEBUG com.tngtech.archunit.core.importer.JavaClassProcessor - Processing class 'org/springframework/core/io/ResourceLoader'
10:41:49.173 [Test worker] DEBUG com.tngtech.archunit.core.importer.JavaClassProcessor - Processing class 'org/springframework/beans/factory/BeanFactory'
10:41:49.173 [Test worker] DEBUG com.tngtech.archunit.core.importer.JavaClassProcessor - Processing class 'sun/util/locale/InternalLocaleBuilder'
10:41:49.175 [Test worker] DEBUG com.tngtech.archunit.core.importer.JavaClassProcessor - Processing class 'com/auth0/jwt/impl/JWTParser'
10:41:49.175 [Test worker] DEBUG com.tngtech.archunit.core.importer.JavaClassProcessor - Processing class 'com/auth0/jwt/exceptions/JWTDecodeException'
10:41:49.175 [Test worker] DEBUG com.tngtech.archunit.core.importer.JavaClassProcessor - Processing class 'com/auth0/jwt/interfaces/Verification'
10:41:49.176 [Test worker] DEBUG com.tngtech.archunit.core.importer.JavaClassProcessor - Processing class 'com/auth0/jwt/algorithms/Algorithm'
10:41:49.177 [Test worker] DEBUG com.tngtech.archunit.core.importer.JavaClassProcessor - Processing class 'com/auth0/jwt/JWTCreator$Builder'
10:41:49.177 [Test worker] DEBUG com.tngtech.archunit.core.importer.JavaClassProcessor - Processing class 'java/time/Instant'
10:41:49.183 [Test worker] DEBUG com.tngtech.archunit.core.importer.JavaClassProcessor - Processing class 'io/jsonwebtoken/Claims'
10:41:49.183 [Test worker] DEBUG com.tngtech.archunit.core.importer.JavaClassProcessor - Processing class 'io/jsonwebtoken/Header'
10:41:49.184 [Test worker] DEBUG com.tngtech.archunit.core.importer.JavaClassProcessor - Processing class 'io/jsonwebtoken/CompressionCodec'
10:41:49.185 [Test worker] DEBUG com.tngtech.archunit.core.importer.JavaClassProcessor - Processing class 'io/jsonwebtoken/JwsHeader'
10:41:49.185 [Test worker] DEBUG com.tngtech.archunit.core.importer.JavaClassProcessor - Processing class 'io/jsonwebtoken/JwtParser'
10:41:49.185 [Test worker] DEBUG com.tngtech.archunit.core.importer.JavaClassProcessor - Processing class 'io/jsonwebtoken/SignatureException'
10:41:49.186 [Test worker] DEBUG com.tngtech.archunit.core.importer.JavaClassProcessor - Processing class 'io/jsonwebtoken/impl/crypto/SignatureValidator'
10:41:49.186 [Test worker] DEBUG com.tngtech.archunit.core.importer.JavaClassProcessor - Processing class 'io/jsonwebtoken/impl/crypto/SignatureValidatorFactory'
10:41:49.188 [Test worker] DEBUG com.tngtech.archunit.core.importer.JavaClassProcessor - Processing class 'sun/reflect/generics/repository/ClassRepository'
10:41:49.188 [Test worker] DEBUG com.tngtech.archunit.core.importer.JavaClassProcessor - Processing class 'java/lang/Class$AnnotationData'
10:41:49.188 [Test worker] DEBUG com.tngtech.archunit.core.importer.JavaClassProcessor - Processing class 'sun/reflect/annotation/AnnotationType'
10:41:49.189 [Test worker] DEBUG com.tngtech.archunit.core.importer.JavaClassProcessor - Processing class 'java/lang/Module'
10:41:49.189 [Test worker] DEBUG com.tngtech.archunit.core.importer.JavaClassProcessor - Processing class 'java/lang/ref/SoftReference'
10:41:49.189 [Test worker] DEBUG com.tngtech.archunit.core.importer.JavaClassProcessor - Processing class 'java/security/ProtectionDomain'
10:41:49.189 [Test worker] DEBUG com.tngtech.archunit.core.importer.JavaClassProcessor - Processing class 'java/lang/ClassLoader'
10:41:49.191 [Test worker] DEBUG com.tngtech.archunit.core.importer.JavaClassProcessor - Processing class 'jdk/internal/reflect/ReflectionFactory'
10:41:49.192 [Test worker] DEBUG com.tngtech.archunit.core.importer.JavaClassProcessor - Processing class 'java/io/ObjectStreamField'
10:41:49.192 [Test worker] DEBUG com.tngtech.archunit.core.importer.JavaClassProcessor - Processing class 'java/lang/reflect/Constructor'
10:41:49.192 [Test worker] DEBUG com.tngtech.archunit.core.importer.JavaClassProcessor - Processing class 'java/lang/ClassValue$ClassValueMap'
10:41:49.193 [Test worker] DEBUG com.tngtech.archunit.core.importer.JavaClassProcessor - Processing class 'java/lang/reflect/RecordComponent'
10:41:49.193 [Test worker] DEBUG com.tngtech.archunit.core.importer.JavaClassProcessor - Processing class 'java/lang/reflect/TypeVariable'
10:41:49.194 [Test worker] DEBUG com.tngtech.archunit.core.importer.JavaClassProcessor - Processing class 'java/lang/reflect/AnnotatedType'
10:41:49.194 [Test worker] DEBUG com.tngtech.archunit.core.importer.JavaClassProcessor - Processing class 'java/io/InputStream'
10:41:49.194 [Test worker] DEBUG com.tngtech.archunit.core.importer.JavaClassProcessor - Processing class 'jdk/internal/loader/BuiltinClassLoader'
10:41:49.194 [Test worker] DEBUG com.tngtech.archunit.core.importer.JavaClassProcessor - Processing class 'jdk/internal/reflect/ConstantPool'
10:41:49.196 [Test worker] DEBUG com.tngtech.archunit.core.importer.JavaClassProcessor - Processing class 'java/lang/SecurityException'
10:41:49.196 [Test worker] DEBUG com.tngtech.archunit.core.importer.JavaClassProcessor - Processing class 'java/lang/NoSuchMethodException'
10:41:49.196 [Test worker] DEBUG com.tngtech.archunit.core.importer.JavaClassProcessor - Processing class 'java/lang/ClassNotFoundException'
10:41:49.196 [Test worker] DEBUG com.tngtech.archunit.core.importer.JavaClassProcessor - Processing class 'java/lang/Package'
10:41:49.197 [Test worker] DEBUG com.tngtech.archunit.core.importer.JavaClassProcessor - Processing class 'java/lang/SecurityManager'
10:41:49.198 [Test worker] DEBUG com.tngtech.archunit.core.importer.JavaClassProcessor - Processing class 'sun/reflect/generics/factory/GenericsFactory'
10:41:49.198 [Test worker] DEBUG com.tngtech.archunit.core.importer.JavaClassProcessor - Processing class 'java/lang/PublicMethods$MethodList'
10:41:49.198 [Test worker] DEBUG com.tngtech.archunit.core.importer.JavaClassProcessor - Processing class 'java/lang/InstantiationException'
10:41:49.199 [Test worker] DEBUG com.tngtech.archunit.core.importer.JavaClassProcessor - Processing class 'java/lang/IllegalAccessException'
10:41:49.199 [Test worker] DEBUG com.tngtech.archunit.core.importer.JavaClassProcessor - Processing class 'java/lang/NoSuchFieldException'
10:41:49.199 [Test worker] DEBUG com.tngtech.archunit.core.importer.JavaClassProcessor - Processing class 'java/lang/reflect/GenericArrayType'
10:41:49.199 [Test worker] DEBUG com.tngtech.archunit.core.importer.JavaClassProcessor - Processing class 'java/lang/Class$EnclosingMethodInfo'
10:41:49.200 [Test worker] DEBUG com.tngtech.archunit.core.importer.JavaClassProcessor - Processing class 'java/lang/NumberFormatException'
10:41:49.201 [Test worker] DEBUG com.tngtech.archunit.core.importer.JavaClassProcessor - Processing class 'java/lang/invoke/MethodHandles$Lookup'
10:41:49.202 [Test worker] DEBUG com.tngtech.archunit.core.importer.JavaClassProcessor - Processing class 'java/lang/ReflectiveOperationException'
10:41:49.202 [Test worker] DEBUG com.tngtech.archunit.core.importer.JavaClassProcessor - Processing class 'java/io/ObjectInputStream'
10:41:49.203 [Test worker] DEBUG com.tngtech.archunit.core.importer.JavaClassProcessor - Processing class 'java/io/ObjectStreamException'
10:41:49.203 [Test worker] DEBUG com.tngtech.archunit.core.importer.JavaClassProcessor - Processing class 'java/lang/CloneNotSupportedException'
10:41:49.204 [Test worker] DEBUG com.tngtech.archunit.core.importer.JavaClassProcessor - Processing class 'java/util/Spliterator'
10:41:49.205 [Test worker] DEBUG com.tngtech.archunit.core.importer.JavaClassProcessor - Processing class 'java/math/BigInteger'
10:41:49.206 [Test worker] DEBUG com.tngtech.archunit.core.importer.JavaClassProcessor - Processing class 'java/lang/InterruptedException'
10:41:49.207 [Test worker] DEBUG com.tngtech.archunit.core.importer.JavaClassProcessor - Processing class 'java/lang/StringBuffer'
10:41:49.207 [Test worker] DEBUG com.tngtech.archunit.core.importer.JavaClassProcessor - Processing class 'java/io/UnsupportedEncodingException'
10:41:49.207 [Test worker] DEBUG com.tngtech.archunit.core.importer.JavaClassProcessor - Processing class 'java/nio/charset/CharsetDecoder'
10:41:49.208 [Test worker] DEBUG com.tngtech.archunit.core.importer.JavaClassProcessor - Processing class 'sun/nio/cs/ArrayDecoder'
10:41:49.208 [Test worker] DEBUG com.tngtech.archunit.core.importer.JavaClassProcessor - Processing class 'java/nio/charset/UnmappableCharacterException'
10:41:49.208 [Test worker] DEBUG com.tngtech.archunit.core.importer.JavaClassProcessor - Processing class 'java/nio/charset/CharacterCodingException'
10:41:49.208 [Test worker] DEBUG com.tngtech.archunit.core.importer.JavaClassProcessor - Processing class 'java/util/function/Function'
10:41:49.208 [Test worker] DEBUG com.tngtech.archunit.core.importer.JavaClassProcessor - Processing class 'sun/nio/cs/ArrayEncoder'
10:41:49.208 [Test worker] DEBUG com.tngtech.archunit.core.importer.JavaClassProcessor - Processing class 'java/lang/Void'
10:41:49.209 [Test worker] DEBUG com.tngtech.archunit.core.importer.JavaClassProcessor - Processing class 'java/nio/charset/MalformedInputException'
10:41:49.209 [Test worker] DEBUG com.tngtech.archunit.core.importer.JavaClassProcessor - Processing class 'java/lang/AbstractStringBuilder'
10:41:49.210 [Test worker] DEBUG com.tngtech.archunit.core.importer.JavaClassProcessor - Processing class 'java/lang/StringBuilder'
10:41:49.210 [Test worker] DEBUG com.tngtech.archunit.core.importer.JavaClassProcessor - Processing class 'java/io/PrintStream'
10:41:49.212 [Test worker] DEBUG com.tngtech.archunit.core.importer.JavaClassProcessor - Processing class 'java/io/Console'
10:41:49.212 [Test worker] DEBUG com.tngtech.archunit.core.importer.JavaClassProcessor - Processing class 'java/lang/ModuleLayer'
10:41:49.212 [Test worker] DEBUG com.tngtech.archunit.core.importer.JavaClassProcessor - Processing class 'java/util/Properties'
10:41:49.213 [Test worker] DEBUG com.tngtech.archunit.core.importer.JavaClassProcessor - Processing class 'java/lang/System$Logger'
10:41:49.213 [Test worker] DEBUG com.tngtech.archunit.core.importer.JavaClassProcessor - Processing class 'java/nio/channels/Channel'
10:41:49.213 [Test worker] DEBUG com.tngtech.archunit.core.importer.JavaClassProcessor - Processing class 'java/io/FileOutputStream'
10:41:49.213 [Test worker] DEBUG com.tngtech.archunit.core.importer.JavaClassProcessor - Processing class 'java/lang/invoke/StringConcatFactory'
10:41:49.213 [Test worker] DEBUG com.tngtech.archunit.core.importer.JavaClassProcessor - Processing class 'java/util/ResourceBundle'
10:41:49.214 [Test worker] DEBUG com.tngtech.archunit.core.importer.JavaClassProcessor - Processing class 'java/util/concurrent/atomic/AtomicInteger'
10:41:49.214 [Test worker] DEBUG com.tngtech.archunit.core.importer.JavaClassProcessor - Processing class 'java/lang/ThreadLocal$ThreadLocalMap'
10:41:49.214 [Test worker] DEBUG com.tngtech.archunit.core.importer.JavaClassProcessor - Processing class 'java/util/function/Supplier'
10:41:49.214 [Test worker] DEBUG com.tngtech.archunit.core.importer.JavaClassProcessor - Processing class 'java/lang/Thread'
10:41:49.215 [Test worker] DEBUG com.tngtech.archunit.core.importer.JavaClassProcessor - Processing class 'jdk/internal/misc/TerminatingThreadLocal'
10:41:49.215 [Test worker] DEBUG com.tngtech.archunit.core.importer.JavaClassProcessor - Processing class 'java/lang/StackTraceElement'
10:41:49.216 [Test worker] DEBUG com.tngtech.archunit.core.importer.JavaClassProcessor - Processing class 'java/lang/Throwable$PrintStreamOrWriter'
10:41:49.216 [Test worker] DEBUG com.tngtech.archunit.core.importer.JavaClassProcessor - Processing class 'java/io/ObjectOutputStream'
10:41:49.216 [Test worker] DEBUG com.tngtech.archunit.core.importer.JavaClassProcessor - Processing class 'java/io/PrintWriter'
10:41:49.217 [Test worker] DEBUG com.tngtech.archunit.core.importer.JavaClassProcessor - Processing class 'java/lang/constant/DirectMethodHandleDesc'
10:41:49.218 [Test worker] DEBUG com.tngtech.archunit.core.importer.JavaClassProcessor - Processing class 'java/lang/reflect/AccessibleObject$Cache'
10:41:49.218 [Test worker] DEBUG com.tngtech.archunit.core.importer.JavaClassProcessor - Processing class 'java/lang/invoke/MethodHandle'
10:41:49.218 [Test worker] DEBUG com.tngtech.archunit.core.importer.JavaClassProcessor - Processing class 'java/lang/ref/WeakReference'
10:41:49.219 [Test worker] DEBUG com.tngtech.archunit.core.importer.JavaClassProcessor - Processing class 'java/lang/reflect/Parameter'
10:41:49.219 [Test worker] DEBUG com.tngtech.archunit.core.importer.JavaClassProcessor - Processing class 'sun/reflect/generics/repository/ConstructorRepository'
10:41:49.220 [Test worker] DEBUG com.tngtech.archunit.core.importer.JavaClassProcessor - Processing class 'jdk/internal/reflect/FieldAccessor'
10:41:49.220 [Test worker] DEBUG com.tngtech.archunit.core.importer.JavaClassProcessor - Processing class 'sun/reflect/generics/repository/FieldRepository'
10:41:49.220 [Test worker] DEBUG com.tngtech.archunit.core.importer.JavaClassProcessor - Processing class 'sun/reflect/generics/repository/MethodRepository'
10:41:49.220 [Test worker] DEBUG com.tngtech.archunit.core.importer.JavaClassProcessor - Processing class 'jdk/internal/reflect/MethodAccessor'
10:41:49.220 [Test worker] DEBUG com.tngtech.archunit.core.importer.JavaClassProcessor - Processing class 'java/lang/reflect/InvocationTargetException'
10:41:49.220 [Test worker] DEBUG com.tngtech.archunit.core.importer.JavaClassProcessor - Processing class 'sun/reflect/annotation/ExceptionProxy'
10:41:49.221 [Test worker] DEBUG com.tngtech.archunit.core.importer.JavaClassProcessor - Processing class 'sun/reflect/annotation/TypeNotPresentExceptionProxy'
10:41:49.221 [Test worker] DEBUG com.tngtech.archunit.core.importer.JavaClassProcessor - Processing class 'java/util/Hashtable'
10:41:49.221 [Test worker] DEBUG com.tngtech.archunit.core.importer.JavaClassProcessor - Processing class 'java/net/UrlDeserializedState'
10:41:49.221 [Test worker] DEBUG com.tngtech.archunit.core.importer.JavaClassProcessor - Processing class 'java/net/InetAddress'
10:41:49.222 [Test worker] DEBUG com.tngtech.archunit.core.importer.JavaClassProcessor - Processing class 'java/net/URI'
10:41:49.222 [Test worker] DEBUG com.tngtech.archunit.core.importer.JavaClassProcessor - Processing class 'java/net/MalformedURLException'
10:41:49.222 [Test worker] DEBUG com.tngtech.archunit.core.importer.JavaClassProcessor - Processing class 'java/io/InvalidObjectException'
10:41:49.222 [Test worker] DEBUG com.tngtech.archunit.core.importer.JavaClassProcessor - Processing class 'java/net/URISyntaxException'
10:41:49.222 [Test worker] DEBUG com.tngtech.archunit.core.importer.JavaClassProcessor - Processing class 'java/net/URLConnection'
10:41:49.223 [Test worker] DEBUG com.tngtech.archunit.core.importer.JavaClassProcessor - Processing class 'java/net/Proxy'
10:41:49.223 [Test worker] DEBUG com.tngtech.archunit.core.importer.JavaClassProcessor - Processing class 'sun/net/www/protocol/jar/Handler'
10:41:49.223 [Test worker] DEBUG com.tngtech.archunit.core.importer.JavaClassProcessor - Processing class 'java/nio/ByteBuffer'
10:41:49.224 [Test worker] DEBUG com.tngtech.archunit.core.importer.JavaClassProcessor - Processing class 'java/nio/CharBuffer'
10:41:49.224 [Test worker] DEBUG com.tngtech.archunit.core.importer.JavaClassProcessor - Processing class 'java/nio/charset/CharsetEncoder'
10:41:49.224 [Test worker] DEBUG com.tngtech.archunit.core.importer.JavaClassProcessor - Processing class 'java/util/SortedMap'
10:41:49.225 [Test worker] DEBUG com.tngtech.archunit.core.importer.JavaClassProcessor - Processing class 'java/io/DataInput'
10:41:49.225 [Test worker] DEBUG com.tngtech.archunit.core.importer.JavaClassProcessor - Processing class 'java/time/temporal/ChronoUnit'
10:41:49.225 [Test worker] DEBUG com.tngtech.archunit.core.importer.JavaClassProcessor - Processing class 'java/math/BigDecimal'
10:41:49.226 [Test worker] DEBUG com.tngtech.archunit.core.importer.JavaClassProcessor - Processing class 'java/io/DataOutput'
10:41:49.227 [Test worker] DEBUG com.tngtech.archunit.core.importer.JavaClassProcessor - Processing class 'java/time/LocalTime'
10:41:49.227 [Test worker] DEBUG com.tngtech.archunit.core.importer.JavaClassProcessor - Processing class 'java/time/temporal/TemporalField'
10:41:49.227 [Test worker] DEBUG com.tngtech.archunit.core.importer.JavaClassProcessor - Processing class 'java/time/temporal/ChronoField'
10:41:49.228 [Test worker] DEBUG com.tngtech.archunit.core.importer.JavaClassProcessor - Processing class 'java/time/chrono/Era'
10:41:49.228 [Test worker] DEBUG com.tngtech.archunit.core.importer.JavaClassProcessor - Processing class 'java/time/OffsetDateTime'
10:41:49.228 [Test worker] DEBUG com.tngtech.archunit.core.importer.JavaClassProcessor - Processing class 'java/time/OffsetTime'
10:41:49.229 [Test worker] DEBUG com.tngtech.archunit.core.importer.JavaClassProcessor - Processing class 'java/time/format/DateTimeFormatter'
10:41:49.229 [Test worker] DEBUG com.tngtech.archunit.core.importer.JavaClassProcessor - Processing class 'java/time/DayOfWeek'
10:41:49.229 [Test worker] DEBUG com.tngtech.archunit.core.importer.JavaClassProcessor - Processing class 'java/time/chrono/Chronology'
10:41:49.229 [Test worker] DEBUG com.tngtech.archunit.core.importer.JavaClassProcessor - Processing class 'java/time/chrono/IsoEra'
10:41:49.229 [Test worker] DEBUG com.tngtech.archunit.core.importer.JavaClassProcessor - Processing class 'java/time/Period'
10:41:49.229 [Test worker] DEBUG com.tngtech.archunit.core.importer.JavaClassProcessor - Processing class 'java/time/temporal/ValueRange'
10:41:49.229 [Test worker] DEBUG com.tngtech.archunit.core.importer.JavaClassProcessor - Processing class 'java/time/ZoneOffset'
10:41:49.229 [Test worker] DEBUG com.tngtech.archunit.core.importer.JavaClassProcessor - Processing class 'java/time/chrono/ChronoPeriod'
10:41:49.230 [Test worker] DEBUG com.tngtech.archunit.core.importer.JavaClassProcessor - Processing class 'java/time/Clock'
10:41:49.230 [Test worker] DEBUG com.tngtech.archunit.core.importer.JavaClassProcessor - Processing class 'java/time/temporal/TemporalQuery'
10:41:49.230 [Test worker] DEBUG com.tngtech.archunit.core.importer.JavaClassProcessor - Processing class 'java/time/Month'
10:41:49.230 [Test worker] DEBUG com.tngtech.archunit.core.importer.JavaClassProcessor - Processing class 'java/time/chrono/IsoChronology'
10:41:49.232 [Test worker] DEBUG com.tngtech.archunit.core.importer.JavaClassProcessor - Processing class 'java/time/format/TextStyle'
10:41:49.232 [Test worker] DEBUG com.tngtech.archunit.core.importer.JavaClassProcessor - Processing class 'java/time/zone/ZoneRules'
10:41:49.232 [Test worker] DEBUG com.tngtech.archunit.core.importer.JavaClassProcessor - Processing class 'java/time/ZoneRegion'
10:41:49.233 [Test worker] DEBUG com.tngtech.archunit.core.importer.JavaClassProcessor - Processing class 'java/io/ObjectInput'
10:41:49.233 [Test worker] DEBUG com.tngtech.archunit.core.importer.JavaClassProcessor - Processing class 'java/lang/invoke/SerializedLambda'
10:41:49.235 [Test worker] DEBUG com.tngtech.archunit.core.importer.JavaClassProcessor - Processing class 'java/util/ListIterator'
10:41:49.236 [Test worker] DEBUG com.tngtech.archunit.core.importer.JavaClassProcessor - Processing class 'java/util/function/UnaryOperator'
10:41:49.236 [Test worker] DEBUG com.tngtech.archunit.core.importer.JavaClassProcessor - Processing class 'java/util/function/Predicate'
10:41:49.237 [Test worker] DEBUG com.tngtech.archunit.core.importer.JavaClassProcessor - Processing class 'java/util/function/IntBinaryOperator'
10:41:49.238 [Test worker] DEBUG com.tngtech.archunit.core.importer.JavaClassProcessor - Processing class 'java/util/function/DoubleBinaryOperator'
10:41:49.238 [Test worker] DEBUG com.tngtech.archunit.core.importer.JavaClassProcessor - Processing class 'java/util/function/IntToDoubleFunction'
10:41:49.238 [Test worker] DEBUG com.tngtech.archunit.core.importer.JavaClassProcessor - Processing class 'java/util/Spliterator$OfInt'
10:41:49.239 [Test worker] DEBUG com.tngtech.archunit.core.importer.JavaClassProcessor - Processing class 'java/util/function/IntUnaryOperator'
10:41:49.239 [Test worker] DEBUG com.tngtech.archunit.core.importer.JavaClassProcessor - Processing class 'java/util/function/IntToLongFunction'
10:41:49.240 [Test worker] DEBUG com.tngtech.archunit.core.importer.JavaClassProcessor - Processing class 'java/util/function/BinaryOperator'
10:41:49.240 [Test worker] DEBUG com.tngtech.archunit.core.importer.JavaClassProcessor - Processing class 'java/util/Spliterator$OfDouble'
10:41:49.241 [Test worker] DEBUG com.tngtech.archunit.core.importer.JavaClassProcessor - Processing class 'java/util/Spliterator$OfLong'
10:41:49.241 [Test worker] DEBUG com.tngtech.archunit.core.importer.JavaClassProcessor - Processing class 'java/util/function/LongBinaryOperator'
10:41:49.242 [Test worker] DEBUG com.tngtech.archunit.core.importer.JavaClassProcessor - Processing class 'java/util/function/IntFunction'
10:41:49.243 [Test worker] DEBUG com.tngtech.archunit.core.importer.JavaClassProcessor - Processing class 'java/util/function/ToIntFunction'
10:41:49.243 [Test worker] DEBUG com.tngtech.archunit.core.importer.JavaClassProcessor - Processing class 'java/util/function/ToLongFunction'
10:41:49.244 [Test worker] DEBUG com.tngtech.archunit.core.importer.JavaClassProcessor - Processing class 'java/util/function/ToDoubleFunction'
10:41:49.244 [Test worker] DEBUG com.tngtech.archunit.core.importer.JavaClassProcessor - Processing class 'sun/util/calendar/BaseCalendar'
10:41:49.244 [Test worker] DEBUG com.tngtech.archunit.core.importer.JavaClassProcessor - Processing class 'sun/util/calendar/BaseCalendar$Date'
10:41:49.244 [Test worker] DEBUG com.tngtech.archunit.core.importer.JavaClassProcessor - Processing class 'sun/util/calendar/ZoneInfo'
10:41:49.246 [Test worker] DEBUG com.tngtech.archunit.core.importer.JavaClassProcessor - Processing class 'java/util/Locale$Category'
10:41:49.246 [Test worker] DEBUG com.tngtech.archunit.core.importer.JavaClassProcessor - Processing class 'java/util/Locale$FilteringMode'
10:41:49.248 [Test worker] DEBUG com.tngtech.archunit.core.importer.JavaClassProcessor - Processing class 'sun/util/locale/provider/LocaleResources'
10:41:49.248 [Test worker] DEBUG com.tngtech.archunit.core.importer.JavaClassProcessor - Processing class 'java/util/Locale$IsoCountryCode'
10:41:49.248 [Test worker] DEBUG com.tngtech.archunit.core.importer.JavaClassProcessor - Processing class 'java/util/MissingResourceException'
10:41:49.248 [Test worker] DEBUG com.tngtech.archunit.core.importer.JavaClassProcessor - Processing class 'java/util/spi/LocaleNameProvider'
10:41:49.249 [Test worker] DEBUG com.tngtech.archunit.core.importer.JavaClassProcessor - Processing class 'java/util/ImmutableCollections$AbstractImmutableMap'
10:41:49.249 [Test worker] DEBUG com.tngtech.archunit.core.importer.JavaClassProcessor - Processing class 'java/util/function/BiFunction'
10:41:49.250 [Test worker] DEBUG com.tngtech.archunit.core.importer.JavaClassProcessor - Processing class 'java/util/function/BiConsumer'
10:41:49.251 [Test worker] DEBUG com.tngtech.archunit.core.importer.JavaClassProcessor - Processing class 'java/util/KeyValueHolder'
10:41:49.251 [Test worker] DEBUG com.tngtech.archunit.core.importer.JavaClassProcessor - Processing class 'java/util/ImmutableCollections$AbstractImmutableSet'
10:41:49.251 [Test worker] DEBUG com.tngtech.archunit.core.importer.JavaClassProcessor - Processing class 'jdk/internal/access/JavaLangAccess'
10:41:49.252 [Test worker] DEBUG com.tngtech.archunit.core.importer.JavaClassProcessor - Processing class 'java/util/concurrent/ConcurrentHashMap$EntrySetView'
10:41:49.252 [Test worker] DEBUG com.tngtech.archunit.core.importer.JavaClassProcessor - Processing class 'java/util/concurrent/ConcurrentHashMap$CounterCell'
10:41:49.252 [Test worker] DEBUG com.tngtech.archunit.core.importer.JavaClassProcessor - Processing class 'java/util/concurrent/ConcurrentHashMap$KeySetView'
10:41:49.253 [Test worker] DEBUG com.tngtech.archunit.core.importer.JavaClassProcessor - Processing class 'java/util/concurrent/ConcurrentHashMap$ValuesView'
10:41:49.253 [Test worker] DEBUG com.tngtech.archunit.core.importer.JavaClassProcessor - Processing class 'java/util/concurrent/ConcurrentHashMap$Node'
10:41:49.253 [Test worker] DEBUG com.tngtech.archunit.core.importer.JavaClassProcessor - Processing class 'jdk/internal/misc/Unsafe'
10:41:49.255 [Test worker] DEBUG com.tngtech.archunit.core.importer.JavaClassProcessor - Processing class 'java/util/concurrent/ConcurrentHashMap$TreeBin'
10:41:49.255 [Test worker] DEBUG com.tngtech.archunit.core.importer.JavaClassProcessor - Processing class 'java/util/concurrent/ConcurrentHashMap$ReservationNode'
10:41:49.255 [Test worker] DEBUG com.tngtech.archunit.core.importer.JavaClassProcessor - Processing class 'java/util/Enumeration'
10:41:49.255 [Test worker] DEBUG com.tngtech.archunit.core.importer.JavaClassProcessor - Processing class 'java/lang/reflect/ParameterizedType'
10:41:49.256 [Test worker] DEBUG com.tngtech.archunit.core.importer.JavaClassProcessor - Processing class 'java/util/function/ToLongBiFunction'
10:41:49.256 [Test worker] DEBUG com.tngtech.archunit.core.importer.JavaClassProcessor - Processing class 'java/util/function/ToIntBiFunction'
10:41:49.256 [Test worker] DEBUG com.tngtech.archunit.core.importer.JavaClassProcessor - Processing class 'java/util/concurrent/ConcurrentHashMap$ForwardingNode'
10:41:49.256 [Test worker] DEBUG com.tngtech.archunit.core.importer.JavaClassProcessor - Processing class 'java/util/function/ToDoubleBiFunction'
10:41:49.257 [Test worker] DEBUG com.tngtech.archunit.core.importer.JavaClassProcessor - Processing class 'java/util/concurrent/locks/LockSupport'
10:41:49.257 [Test worker] DEBUG com.tngtech.archunit.core.importer.JavaClassProcessor - Processing class 'java/util/concurrent/ConcurrentHashMap$Segment'
10:41:49.259 [Test worker] DEBUG com.tngtech.archunit.core.importer.JavaClassProcessor - Processing class 'java/util/OptionalDouble'
10:41:49.259 [Test worker] DEBUG com.tngtech.archunit.core.importer.JavaClassProcessor - Processing class 'java/util/function/DoublePredicate'
10:41:49.259 [Test worker] DEBUG com.tngtech.archunit.core.importer.JavaClassProcessor - Processing class 'java/util/stream/DoubleStream$Builder'
10:41:49.259 [Test worker] DEBUG com.tngtech.archunit.core.importer.JavaClassProcessor - Processing class 'java/util/PrimitiveIterator$OfDouble'
10:41:49.259 [Test worker] DEBUG com.tngtech.archunit.core.importer.JavaClassProcessor - Processing class 'java/util/function/DoubleUnaryOperator'
10:41:49.259 [Test worker] DEBUG com.tngtech.archunit.core.importer.JavaClassProcessor - Processing class 'java/util/function/DoubleSupplier'
10:41:49.259 [Test worker] DEBUG com.tngtech.archunit.core.importer.JavaClassProcessor - Processing class 'java/util/function/DoubleFunction'
10:41:49.259 [Test worker] DEBUG com.tngtech.archunit.core.importer.JavaClassProcessor - Processing class 'java/util/function/DoubleToIntFunction'
10:41:49.259 [Test worker] DEBUG com.tngtech.archunit.core.importer.JavaClassProcessor - Processing class 'java/util/function/DoubleToLongFunction'
10:41:49.261 [Test worker] DEBUG com.tngtech.archunit.core.importer.JavaClassProcessor - Processing class 'java/util/function/ObjDoubleConsumer'
10:41:49.261 [Test worker] DEBUG com.tngtech.archunit.core.importer.JavaClassProcessor - Processing class 'java/util/stream/DoubleStream$DoubleMapMultiConsumer'
10:41:49.261 [Test worker] DEBUG com.tngtech.archunit.core.importer.JavaClassProcessor - Processing class 'java/util/function/IntPredicate'
10:41:49.261 [Test worker] DEBUG com.tngtech.archunit.core.importer.JavaClassProcessor - Processing class 'java/util/OptionalInt'
10:41:49.261 [Test worker] DEBUG com.tngtech.archunit.core.importer.JavaClassProcessor - Processing class 'java/util/stream/IntStream$Builder'
10:41:49.261 [Test worker] DEBUG com.tngtech.archunit.core.importer.JavaClassProcessor - Processing class 'java/util/function/IntSupplier'
10:41:49.261 [Test worker] DEBUG com.tngtech.archunit.core.importer.JavaClassProcessor - Processing class 'java/util/PrimitiveIterator$OfInt'
10:41:49.262 [Test worker] DEBUG com.tngtech.archunit.core.importer.JavaClassProcessor - Processing class 'java/util/stream/IntStream$IntMapMultiConsumer'
10:41:49.262 [Test worker] DEBUG com.tngtech.archunit.core.importer.JavaClassProcessor - Processing class 'java/util/function/ObjIntConsumer'
10:41:49.262 [Test worker] DEBUG com.tngtech.archunit.core.importer.JavaClassProcessor - Processing class 'java/util/function/LongToIntFunction'
10:41:49.262 [Test worker] DEBUG com.tngtech.archunit.core.importer.JavaClassProcessor - Processing class 'java/util/OptionalLong'
10:41:49.262 [Test worker] DEBUG com.tngtech.archunit.core.importer.JavaClassProcessor - Processing class 'java/util/function/LongPredicate'
10:41:49.262 [Test worker] DEBUG com.tngtech.archunit.core.importer.JavaClassProcessor - Processing class 'java/util/function/LongFunction'
10:41:49.263 [Test worker] DEBUG com.tngtech.archunit.core.importer.JavaClassProcessor - Processing class 'java/util/function/LongUnaryOperator'
10:41:49.263 [Test worker] DEBUG com.tngtech.archunit.core.importer.JavaClassProcessor - Processing class 'java/util/function/LongToDoubleFunction'
10:41:49.263 [Test worker] DEBUG com.tngtech.archunit.core.importer.JavaClassProcessor - Processing class 'java/util/function/ObjLongConsumer'
10:41:49.263 [Test worker] DEBUG com.tngtech.archunit.core.importer.JavaClassProcessor - Processing class 'java/util/PrimitiveIterator$OfLong'
10:41:49.263 [Test worker] DEBUG com.tngtech.archunit.core.importer.JavaClassProcessor - Processing class 'java/util/function/LongSupplier'
10:41:49.263 [Test worker] DEBUG com.tngtech.archunit.core.importer.JavaClassProcessor - Processing class 'java/util/stream/LongStream$Builder'
10:41:49.263 [Test worker] DEBUG com.tngtech.archunit.core.importer.JavaClassProcessor - Processing class 'java/util/stream/LongStream$LongMapMultiConsumer'
10:41:49.263 [Test worker] DEBUG com.tngtech.archunit.core.importer.JavaClassProcessor - Processing class 'java/util/stream/Stream$Builder'
10:41:49.265 [Test worker] DEBUG com.tngtech.archunit.core.importer.JavaClassProcessor - Processing class 'javax/persistence/Index'
10:41:49.266 [Test worker] DEBUG com.tngtech.archunit.core.importer.JavaClassProcessor - Processing class 'javax/persistence/UniqueConstraint'
10:41:49.266 [Test worker] DEBUG com.tngtech.archunit.core.importer.JavaClassProcessor - Processing class 'javax/security/auth/DestroyFailedException'
10:41:49.266 [Test worker] DEBUG com.tngtech.archunit.core.importer.JavaClassProcessor - Processing class 'javax/servlet/FilterConfig'
10:41:49.266 [Test worker] DEBUG com.tngtech.archunit.core.importer.JavaClassProcessor - Processing class 'java/util/EnumSet'
10:41:49.267 [Test worker] DEBUG com.tngtech.archunit.core.importer.JavaClassProcessor - Processing class 'javax/servlet/ServletConfig'
10:41:49.267 [Test worker] DEBUG com.tngtech.archunit.core.importer.JavaClassProcessor - Processing class 'javax/servlet/MultipartConfigElement'
10:41:49.267 [Test worker] DEBUG com.tngtech.archunit.core.importer.JavaClassProcessor - Processing class 'javax/servlet/ServletSecurityElement'
10:41:49.268 [Test worker] DEBUG com.tngtech.archunit.core.importer.JavaClassProcessor - Processing class 'javax/servlet/ServletInputStream'
10:41:49.268 [Test worker] DEBUG com.tngtech.archunit.core.importer.JavaClassProcessor - Processing class 'javax/servlet/RequestDispatcher'
10:41:49.268 [Test worker] DEBUG com.tngtech.archunit.core.importer.JavaClassProcessor - Processing class 'javax/servlet/AsyncContext'
10:41:49.268 [Test worker] DEBUG com.tngtech.archunit.core.importer.JavaClassProcessor - Processing class 'javax/servlet/ServletContext'
10:41:49.269 [Test worker] DEBUG com.tngtech.archunit.core.importer.JavaClassProcessor - Processing class 'java/io/BufferedReader'
10:41:49.269 [Test worker] DEBUG com.tngtech.archunit.core.importer.JavaClassProcessor - Processing class 'javax/servlet/ServletOutputStream'
10:41:49.269 [Test worker] DEBUG com.tngtech.archunit.core.importer.JavaClassProcessor - Processing class 'javax/servlet/http/HttpSession'
10:41:49.269 [Test worker] DEBUG com.tngtech.archunit.core.importer.JavaClassProcessor - Processing class 'java/security/Principal'
10:41:49.269 [Test worker] DEBUG com.tngtech.archunit.core.importer.JavaClassProcessor - Processing class 'javax/servlet/http/PushBuilder'
10:41:49.270 [Test worker] DEBUG com.tngtech.archunit.core.importer.JavaClassProcessor - Processing class 'javax/servlet/http/HttpServletMapping'
10:41:49.270 [Test worker] DEBUG com.tngtech.archunit.core.importer.JavaClassProcessor - Processing class 'javax/servlet/http/Cookie'
10:41:49.271 [Test worker] DEBUG com.tngtech.archunit.core.importer.JavaClassProcessor - Processing class 'javax/servlet/http/WebConnection'
10:41:49.271 [Test worker] DEBUG com.tngtech.archunit.core.importer.JavaClassProcessor - Processing class 'java/security/MessageDigest'
10:41:49.271 [Test worker] DEBUG com.tngtech.archunit.core.importer.JavaClassProcessor - Processing class 'java/nio/file/Path'
10:41:49.271 [Test worker] DEBUG com.tngtech.archunit.core.importer.JavaClassProcessor - Processing class 'java/nio/file/OpenOption'
10:41:49.271 [Test worker] DEBUG com.tngtech.archunit.core.importer.JavaClassProcessor - Processing class 'java/io/RandomAccessFile'
10:41:49.272 [Test worker] DEBUG com.tngtech.archunit.core.importer.JavaClassProcessor - Processing class 'java/io/File'
10:41:49.272 [Test worker] DEBUG com.tngtech.archunit.core.importer.JavaClassProcessor - Processing class 'java/nio/channels/FileChannel'
10:41:49.273 [Test worker] DEBUG com.tngtech.archunit.core.importer.JavaClassProcessor - Processing class 'org/aspectj/lang/JoinPoint$StaticPart'
10:41:49.273 [Test worker] DEBUG com.tngtech.archunit.core.importer.JavaClassProcessor - Processing class 'org/aspectj/lang/reflect/SourceLocation'
10:41:49.273 [Test worker] DEBUG com.tngtech.archunit.core.importer.JavaClassProcessor - Processing class 'org/aspectj/runtime/internal/AroundClosure'
10:41:49.274 [Test worker] DEBUG com.tngtech.archunit.core.importer.JavaClassProcessor - Processing class 'org/slf4j/Marker'
10:41:49.274 [Test worker] DEBUG com.tngtech.archunit.core.importer.JavaClassProcessor - Processing class 'org/slf4j/helpers/NOPLoggerFactory'
10:41:49.275 [Test worker] DEBUG com.tngtech.archunit.core.importer.JavaClassProcessor - Processing class 'org/slf4j/helpers/SubstituteLoggerFactory'
10:41:49.275 [Test worker] DEBUG com.tngtech.archunit.core.importer.JavaClassProcessor - Processing class 'org/slf4j/ILoggerFactory'
10:41:49.275 [Test worker] DEBUG com.tngtech.archunit.core.importer.JavaClassProcessor - Processing class 'org/slf4j/event/SubstituteLoggingEvent'
10:41:49.276 [Test worker] DEBUG com.tngtech.archunit.core.importer.JavaClassProcessor - Processing class 'org/aopalliance/aop/Advice'
10:41:49.276 [Test worker] DEBUG com.tngtech.archunit.core.importer.JavaClassProcessor - Processing class 'org/springframework/aop/ClassFilter'
10:41:49.277 [Test worker] DEBUG com.tngtech.archunit.core.importer.JavaClassProcessor - Processing class 'org/springframework/aop/Pointcut'
10:41:49.277 [Test worker] DEBUG com.tngtech.archunit.core.importer.JavaClassProcessor - Processing class 'org/springframework/beans/BeansException'
10:41:49.277 [Test worker] DEBUG com.tngtech.archunit.core.importer.JavaClassProcessor - Processing class 'org/springframework/beans/factory/NoSuchBeanDefinitionException'
10:41:49.278 [Test worker] DEBUG com.tngtech.archunit.core.importer.JavaClassProcessor - Processing class 'org/springframework/beans/factory/ObjectProvider'
10:41:49.278 [Test worker] DEBUG com.tngtech.archunit.core.importer.JavaClassProcessor - Processing class 'org/springframework/core/ResolvableType'
10:41:49.280 [Test worker] DEBUG com.tngtech.archunit.core.importer.JavaClassProcessor - Processing class 'org/springframework/beans/factory/config/BeanDefinition'
10:41:49.280 [Test worker] DEBUG com.tngtech.archunit.core.importer.JavaClassProcessor - Processing class 'org/springframework/beans/factory/support/BeanDefinitionRegistry'
10:41:49.281 [Test worker] DEBUG com.tngtech.archunit.core.importer.JavaClassProcessor - Processing class 'org/springframework/boot/BootstrapRegistry'
10:41:49.281 [Test worker] DEBUG com.tngtech.archunit.core.importer.JavaClassProcessor - Processing class 'org/springframework/boot/ApplicationContextFactory'
10:41:49.281 [Test worker] DEBUG com.tngtech.archunit.core.importer.JavaClassProcessor - Processing class 'org/apache/commons/logging/Log'
10:41:49.281 [Test worker] DEBUG com.tngtech.archunit.core.importer.JavaClassProcessor - Processing class 'org/springframework/core/metrics/ApplicationStartup'
10:41:49.282 [Test worker] DEBUG com.tngtech.archunit.core.importer.JavaClassProcessor - Processing class 'org/springframework/boot/WebApplicationType'
10:41:49.282 [Test worker] DEBUG com.tngtech.archunit.core.importer.JavaClassProcessor - Processing class 'org/springframework/boot/Banner$Mode'
10:41:49.282 [Test worker] DEBUG com.tngtech.archunit.core.importer.JavaClassProcessor - Processing class 'org/springframework/boot/Banner'
10:41:49.283 [Test worker] DEBUG com.tngtech.archunit.core.importer.JavaClassProcessor - Processing class 'org/springframework/boot/SpringApplicationShutdownHook'
10:41:49.283 [Test worker] DEBUG com.tngtech.archunit.core.importer.JavaClassProcessor - Processing class 'org/springframework/boot/BeanDefinitionLoader'
10:41:49.284 [Test worker] DEBUG com.tngtech.archunit.core.importer.JavaClassProcessor - Processing class 'org/springframework/boot/DefaultBootstrapContext'
10:41:49.284 [Test worker] DEBUG com.tngtech.archunit.core.importer.JavaClassProcessor - Processing class 'org/springframework/boot/SpringApplicationRunListeners'
10:41:49.285 [Test worker] DEBUG com.tngtech.archunit.core.importer.JavaClassProcessor - Processing class 'org/springframework/boot/ApplicationArguments'
10:41:49.285 [Test worker] DEBUG com.tngtech.archunit.core.importer.JavaClassProcessor - Processing class 'org/springframework/beans/factory/support/AbstractAutowireCapableBeanFactory'
10:41:49.286 [Test worker] DEBUG com.tngtech.archunit.core.importer.JavaClassProcessor - Processing class 'org/springframework/beans/factory/support/DefaultListableBeanFactory'
10:41:49.287 [Test worker] DEBUG com.tngtech.archunit.core.importer.JavaClassProcessor - Processing class 'org/springframework/boot/ApplicationRunner'
10:41:49.288 [Test worker] DEBUG com.tngtech.archunit.core.importer.JavaClassProcessor - Processing class 'org/springframework/boot/SpringBootExceptionHandler'
10:41:49.288 [Test worker] DEBUG com.tngtech.archunit.core.importer.JavaClassProcessor - Processing class 'org/springframework/boot/ExitCodeGenerator'
10:41:49.288 [Test worker] DEBUG com.tngtech.archunit.core.importer.JavaClassProcessor - Processing class 'org/springframework/boot/ExitCodeExceptionMapper'
10:41:49.288 [Test worker] DEBUG com.tngtech.archunit.core.importer.JavaClassProcessor - Processing class 'org/springframework/context/support/AbstractApplicationContext'
10:41:49.289 [Test worker] DEBUG com.tngtech.archunit.core.importer.JavaClassProcessor - Processing class 'org/springframework/boot/SpringApplicationShutdownHandlers'
10:41:49.289 [Test worker] DEBUG com.tngtech.archunit.core.importer.JavaClassProcessor - Processing class 'org/springframework/boot/SpringApplicationRunListener'
10:41:49.290 [Test worker] DEBUG com.tngtech.archunit.core.importer.JavaClassProcessor - Processing class 'org/springframework/context/support/GenericApplicationContext'
10:41:49.291 [Test worker] DEBUG com.tngtech.archunit.core.importer.JavaClassProcessor - Processing class 'org/springframework/core/io/DefaultResourceLoader'
10:41:49.291 [Test worker] DEBUG com.tngtech.archunit.core.importer.JavaClassProcessor - Processing class 'org/springframework/boot/ApplicationServletEnvironment'
10:41:49.291 [Test worker] DEBUG com.tngtech.archunit.core.importer.JavaClassProcessor - Processing class 'org/springframework/boot/ApplicationEnvironment'
10:41:49.292 [Test worker] DEBUG com.tngtech.archunit.core.importer.JavaClassProcessor - Processing class 'org/springframework/boot/ApplicationReactiveWebEnvironment'
10:41:49.292 [Test worker] DEBUG com.tngtech.archunit.core.importer.JavaClassProcessor - Processing class 'org/springframework/boot/CommandLineRunner'
10:41:49.293 [Test worker] DEBUG com.tngtech.archunit.core.importer.JavaClassProcessor - Processing class 'org/springframework/core/type/classreading/MetadataReader'
10:41:49.293 [Test worker] DEBUG com.tngtech.archunit.core.importer.JavaClassProcessor - Processing class 'org/springframework/core/type/classreading/MetadataReaderFactory'
10:41:49.293 [Test worker] DEBUG com.tngtech.archunit.core.importer.JavaClassProcessor - Processing class 'org/springframework/boot/autoconfigure/AutoConfigurationMetadata'
10:41:49.293 [Test worker] DEBUG com.tngtech.archunit.core.importer.JavaClassProcessor - Processing class 'org/springframework/boot/autoconfigure/AutoConfigurationImportEvent'
10:41:49.294 [Test worker] DEBUG com.tngtech.archunit.core.importer.JavaClassProcessor - Processing class 'org/springframework/boot/autoconfigure/AutoConfigurationImportSelector$AutoConfigurationEntry'
10:41:49.294 [Test worker] DEBUG com.tngtech.archunit.core.importer.JavaClassProcessor - Processing class 'org/springframework/beans/factory/config/ConfigurableListableBeanFactory'
10:41:49.294 [Test worker] DEBUG com.tngtech.archunit.core.importer.JavaClassProcessor - Processing class 'org/springframework/boot/autoconfigure/AutoConfigurationImportSelector$ConfigurationClassFilter'
10:41:49.295 [Test worker] DEBUG com.tngtech.archunit.core.importer.JavaClassProcessor - Processing class 'org/springframework/core/type/AnnotationMetadata'
10:41:49.295 [Test worker] DEBUG com.tngtech.archunit.core.importer.JavaClassProcessor - Processing class 'org/springframework/core/annotation/AnnotationAttributes'
10:41:49.296 [Test worker] DEBUG com.tngtech.archunit.core.importer.JavaClassProcessor - Processing class 'org/springframework/boot/autoconfigure/AutoConfigurationImportSelector$AutoConfigurationGroup'
10:41:49.296 [Test worker] DEBUG com.tngtech.archunit.core.importer.JavaClassProcessor - Processing class 'org/springframework/boot/autoconfigure/AutoConfigurationPackages$BasePackages'
10:41:49.297 [Test worker] DEBUG com.tngtech.archunit.core.importer.JavaClassProcessor - Processing class 'org/springframework/web/util/UriTemplateHandler'
10:41:49.297 [Test worker] DEBUG com.tngtech.archunit.core.importer.JavaClassProcessor - Processing class 'org/springframework/boot/web/client/RestTemplateBuilder$RequestFactoryCustomizer'
10:41:49.298 [Test worker] DEBUG com.tngtech.archunit.core.importer.JavaClassProcessor - Processing class 'org/springframework/boot/web/client/BasicAuthentication'
10:41:49.298 [Test worker] DEBUG com.tngtech.archunit.core.importer.JavaClassProcessor - Processing class 'org/springframework/web/client/ResponseErrorHandler'
10:41:49.299 [Test worker] DEBUG com.tngtech.archunit.core.importer.JavaClassProcessor - Processing class 'org/springframework/beans/factory/config/AutowireCapableBeanFactory'
10:41:49.301 [Test worker] DEBUG com.tngtech.archunit.core.importer.JavaClassProcessor - Processing class 'org/springframework/core/io/ProtocolResolver'
10:41:49.301 [Test worker] DEBUG com.tngtech.archunit.core.importer.JavaClassProcessor - Processing class 'org/springframework/beans/factory/config/BeanFactoryPostProcessor'
10:41:49.302 [Test worker] DEBUG com.tngtech.archunit.core.importer.JavaClassProcessor - Processing class 'org/springframework/context/MessageSourceResolvable'
10:41:49.302 [Test worker] DEBUG com.tngtech.archunit.core.importer.JavaClassProcessor - Processing class 'org/springframework/context/NoSuchMessageException'
10:41:49.303 [Test worker] DEBUG com.tngtech.archunit.core.importer.JavaClassProcessor - Processing class 'org/springframework/context/annotation/ScopeMetadata'
10:41:49.303 [Test worker] DEBUG com.tngtech.archunit.core.importer.JavaClassProcessor - Processing class 'org/springframework/beans/factory/annotation/AnnotatedBeanDefinition'
10:41:49.303 [Test worker] DEBUG com.tngtech.archunit.core.importer.JavaClassProcessor - Processing class 'org/springframework/context/annotation/Scope'
10:41:49.305 [Test worker] DEBUG com.tngtech.archunit.core.importer.JavaClassProcessor - Processing class 'org/springframework/core/env/MutablePropertySources'
10:41:49.306 [Test worker] DEBUG com.tngtech.archunit.core.importer.JavaClassProcessor - Processing class 'org/springframework/core/env/MissingRequiredPropertiesException'
10:41:49.306 [Test worker] DEBUG com.tngtech.archunit.core.importer.JavaClassProcessor - Processing class 'org/springframework/core/convert/support/ConfigurableConversionService'
10:41:49.306 [Test worker] DEBUG com.tngtech.archunit.core.importer.JavaClassProcessor - Processing class 'org/springframework/core/env/Profiles'
10:41:49.307 [Test worker] DEBUG com.tngtech.archunit.core.importer.JavaClassProcessor - Processing class 'org/springframework/core/io/Resource'
10:41:49.308 [Test worker] DEBUG com.tngtech.archunit.core.importer.JavaClassProcessor - Processing class 'org/springframework/data/domain/Example'
10:41:49.308 [Test worker] DEBUG com.tngtech.archunit.core.importer.JavaClassProcessor - Processing class 'org/springframework/data/domain/Sort'
10:41:49.309 [Test worker] DEBUG com.tngtech.archunit.core.importer.JavaClassProcessor - Processing class 'org/springframework/data/domain/Page'
10:41:49.310 [Test worker] DEBUG com.tngtech.archunit.core.importer.JavaClassProcessor - Processing class 'org/springframework/data/domain/Pageable'
10:41:49.311 [Test worker] DEBUG com.tngtech.archunit.core.importer.JavaClassProcessor - Processing class 'java/text/DecimalFormatSymbols'
10:41:49.311 [Test worker] DEBUG com.tngtech.archunit.core.importer.JavaClassProcessor - Processing class 'java/util/regex/Pattern'
10:41:49.312 [Test worker] DEBUG com.tngtech.archunit.core.importer.JavaClassProcessor - Processing class 'org/springframework/http/CacheControl'
10:41:49.313 [Test worker] DEBUG com.tngtech.archunit.core.importer.JavaClassProcessor - Processing class 'java/net/InetSocketAddress'
10:41:49.313 [Test worker] DEBUG com.tngtech.archunit.core.importer.JavaClassProcessor - Processing class 'org/springframework/http/ContentDisposition'
10:41:49.314 [Test worker] DEBUG com.tngtech.archunit.core.importer.JavaClassProcessor - Processing class 'org/springframework/http/ReadOnlyHttpHeaders'
10:41:49.315 [Test worker] DEBUG com.tngtech.archunit.core.importer.JavaClassProcessor - Processing class 'java/io/OutputStream'
10:41:49.316 [Test worker] DEBUG com.tngtech.archunit.core.importer.JavaClassProcessor - Processing class 'org/springframework/core/io/InputStreamResource'
10:41:49.316 [Test worker] DEBUG com.tngtech.archunit.core.importer.JavaClassProcessor - Processing class 'org/springframework/http/HttpStatus$Series'
10:41:49.317 [Test worker] DEBUG com.tngtech.archunit.core.importer.JavaClassProcessor - Processing class 'org/springframework/http/ResponseEntity$HeadersBuilder'
10:41:49.317 [Test worker] DEBUG com.tngtech.archunit.core.importer.JavaClassProcessor - Processing class 'org/springframework/http/ResponseEntity$BodyBuilder'
10:41:49.318 [Test worker] DEBUG com.tngtech.archunit.core.importer.JavaClassProcessor - Processing class 'org/springframework/http/ResponseEntity$1'
10:41:49.318 [Test worker] DEBUG com.tngtech.archunit.core.importer.JavaClassProcessor - Processing class 'org/springframework/http/client/ClientHttpResponse'
10:41:49.318 [Test worker] DEBUG com.tngtech.archunit.core.importer.JavaClassProcessor - Processing class 'org/springframework/http/client/ClientHttpRequestExecution'
10:41:49.319 [Test worker] DEBUG com.tngtech.archunit.core.importer.JavaClassProcessor - Processing class 'org/springframework/http/HttpInputMessage'
10:41:49.319 [Test worker] DEBUG com.tngtech.archunit.core.importer.JavaClassProcessor - Processing class 'org/springframework/http/converter/HttpMessageNotReadableException'
10:41:49.319 [Test worker] DEBUG com.tngtech.archunit.core.importer.JavaClassProcessor - Processing class 'org/springframework/http/converter/HttpMessageNotWritableException'
10:41:49.319 [Test worker] DEBUG com.tngtech.archunit.core.importer.JavaClassProcessor - Processing class 'org/springframework/retry/RetryContext'
10:41:49.319 [Test worker] DEBUG com.tngtech.archunit.core.importer.JavaClassProcessor - Processing class 'org/springframework/retry/RetryCallback'
10:41:49.321 [Test worker] DEBUG com.tngtech.archunit.core.importer.JavaClassProcessor - Processing class 'org/springframework/retry/policy/RetryContextCache'
10:41:49.321 [Test worker] DEBUG com.tngtech.archunit.core.importer.JavaClassProcessor - Processing class 'org/springframework/retry/interceptor/MethodArgumentsKeyGenerator'
10:41:49.321 [Test worker] DEBUG com.tngtech.archunit.core.importer.JavaClassProcessor - Processing class 'org/springframework/retry/interceptor/NewMethodArgumentsIdentifier'
10:41:49.322 [Test worker] DEBUG com.tngtech.archunit.core.importer.JavaClassProcessor - Processing class 'org/springframework/retry/annotation/AnnotationAwareRetryOperationsInterceptor'
10:41:49.322 [Test worker] DEBUG com.tngtech.archunit.core.importer.JavaClassProcessor - Processing class 'org/springframework/retry/backoff/Sleeper'
10:41:49.323 [Test worker] DEBUG com.tngtech.archunit.core.importer.JavaClassProcessor - Processing class 'org/springframework/retry/interceptor/Retryable'
10:41:49.323 [Test worker] DEBUG com.tngtech.archunit.core.importer.JavaClassProcessor - Processing class 'org/springframework/retry/annotation/Retryable'
10:41:49.323 [Test worker] DEBUG com.tngtech.archunit.core.importer.JavaClassProcessor - Processing class 'java/util/BitSet'
10:41:49.326 [Test worker] DEBUG com.tngtech.archunit.core.importer.JavaClassProcessor - Processing class 'org/springframework/web/client/RestClientException'
10:41:49.327 [Test worker] DEBUG com.tngtech.archunit.core.importer.JavaClassProcessor - Processing class 'org/springframework/http/RequestEntity'
10:41:49.328 [Test worker] DEBUG com.tngtech.archunit.core.importer.JavaClassProcessor - Processing class 'org/springframework/web/client/RequestCallback'
10:41:49.328 [Test worker] DEBUG com.tngtech.archunit.core.importer.JavaClassProcessor - Processing class 'org/springframework/web/client/ResponseExtractor'
10:41:49.329 [Test worker] DEBUG com.tngtech.archunit.core.importer.JavaClassProcessor - Processing class 'org/springframework/core/ParameterizedTypeReference'
10:41:49.330 [Test worker] DEBUG com.tngtech.archunit.core.importer.JavaClassProcessor - Processing class 'org/springframework/web/util/DefaultUriBuilderFactory'
10:41:49.330 [Test worker] DEBUG com.tngtech.archunit.core.importer.JavaClassProcessor - Processing class 'org/springframework/web/util/AbstractUriTemplateHandler'
10:41:49.331 [Test worker] DEBUG com.tngtech.archunit.core.importer.JavaClassProcessor - Processing class 'org/springframework/http/RequestEntity$UriTemplateRequestEntity'
10:41:49.333 [Test worker] DEBUG com.tngtech.archunit.core.importer.JavaClassProcessor - Processing class 'org/springframework/beans/BeanWrapper'
10:41:49.333 [Test worker] DEBUG com.tngtech.archunit.core.importer.JavaClassProcessor - Processing class 'sun/util/locale/LanguageTag'
10:41:49.334 [Test worker] DEBUG com.tngtech.archunit.core.importer.JavaClassProcessor - Processing class 'sun/util/locale/LocaleSyntaxException'
10:41:49.334 [Test worker] DEBUG com.tngtech.archunit.core.importer.JavaClassProcessor - Processing class 'sun/util/locale/UnicodeLocaleExtension'
]]></system-out>
  <system-err><![CDATA[]]></system-err>
</testsuite>
