<?xml version="1.0" encoding="UTF-8"?>
<testsuite name="com.uco.TrafficAgent.domain.service.user.ServiceUpdateUserTest" tests="2" skipped="0" failures="0" errors="0" timestamp="2023-04-30T21:04:39" hostname="DESKTOP-LLM13DE" time="0.007">
  <properties/>
  <testcase name="updateUserSuccessful()" classname="com.uco.TrafficAgent.domain.service.user.ServiceUpdateUserTest" time="0.005"/>
  <testcase name="updateUserNoSuccessful()" classname="com.uco.TrafficAgent.domain.service.user.ServiceUpdateUserTest" time="0.001"/>
  <system-out><![CDATA[]]></system-out>
  <system-err><![CDATA[]]></system-err>
</testsuite>
