<?xml version="1.0" encoding="UTF-8"?>
<testsuite name="com.uco.TrafficAgent.domain.service.contact.ServiceFindListContactByProximityTest" tests="2" skipped="0" failures="0" errors="0" timestamp="2023-05-14T20:24:52" hostname="SANTIAGOP-CARDE" time="0.645">
  <properties/>
  <testcase name="noFindContact()" classname="com.uco.TrafficAgent.domain.service.contact.ServiceFindListContactByProximityTest" time="0.643"/>
  <testcase name="findContactSuccessful()" classname="com.uco.TrafficAgent.domain.service.contact.ServiceFindListContactByProximityTest" time="0.002"/>
  <system-out><![CDATA[]]></system-out>
  <system-err><![CDATA[]]></system-err>
</testsuite>
