<?xml version="1.0" encoding="UTF-8"?>
<testsuite name="com.uco.TrafficAgent.architecture.ArchitectureCleanTest" tests="4" skipped="0" failures="0" errors="0" timestamp="2023-05-21T15:11:03" hostname="DESKTOP-7IOCUQU" time="20.038">
  <properties/>
  <testcase name="layersChecks()" classname="com.uco.TrafficAgent.architecture.ArchitectureCleanTest" time="6.03"/>
  <testcase name="contractShouldBeOnlyInterface()" classname="com.uco.TrafficAgent.architecture.ArchitectureCleanTest" time="0.008"/>
  <testcase name="controllersWithAnnotation()" classname="com.uco.TrafficAgent.architecture.ArchitectureCleanTest" time="0.091"/>
  <testcase name="domainDependsOnlyJava()" classname="com.uco.TrafficAgent.architecture.ArchitectureCleanTest" time="0.031"/>
  <system-out><![CDATA[10:10:46.127 [Test worker] INFO com.tngtech.archunit.core.PluginLoader - Detected Java version 17
10:10:46.180 [Test worker] DEBUG com.tngtech.archunit.core.PluginLoader - Current Java version is compatible to JAVA_9 => Loading Plugin com.tngtech.archunit.core.importer.ModuleImportPlugin
10:10:46.408 [Test worker] DEBUG com.tngtech.archunit.core.importer.UrlSource$From - Found URLs on sun.boot.class.path: []
10:10:46.591 [Test worker] DEBUG com.tngtech.archunit.core.importer.UrlSource$From - Found URLs on java.class.path: [jar:file:/C:/Users/Usuario/.gradle/caches/7.6.1/workerMain/gradle-worker.jar!/, file:/C:/Users/Usuario/Desktop/TrafficAgent/build/classes/java/test/, file:/C:/Users/Usuario/Desktop/TrafficAgent/build/resources/test/, file:/C:/Users/Usuario/Desktop/TrafficAgent/build/classes/java/main/, file:/C:/Users/Usuario/Desktop/TrafficAgent/build/resources/main/, jar:file:/C:/Users/Usuario/.gradle/caches/modules-2/files-2.1/org.springframework.boot/spring-boot-starter-web/2.6.3/ceb6e909c144daf9e792069f5f0efd105c8712a/spring-boot-starter-web-2.6.3.jar!/, jar:file:/C:/Users/Usuario/.gradle/caches/modules-2/files-2.1/org.springframework.boot/spring-boot-starter-undertow/2.6.3/988095d74254727e400818c46de206242a427de5/spring-boot-starter-undertow-2.6.3.jar!/, jar:file:/C:/Users/Usuario/.gradle/caches/modules-2/files-2.1/org.springframework.boot/spring-boot-starter-data-jpa/2.6.3/74c60a724e4f81c7527b848ee24e91ba6facfe24/spring-boot-starter-data-jpa-2.6.3.jar!/, jar:file:/C:/Users/Usuario/.gradle/caches/modules-2/files-2.1/org.postgresql/postgresql/42.3.1/9ca7df660e875b91c78e3d1608d4d7469ad3470c/postgresql-42.3.1.jar!/, jar:file:/C:/Users/Usuario/.gradle/caches/modules-2/files-2.1/org.springframework.retry/spring-retry/2.0.0/6a7a653901b58eb741692417f33b5bebedbd01f7/spring-retry-2.0.0.jar!/, jar:file:/C:/Users/Usuario/.gradle/caches/modules-2/files-2.1/io.jsonwebtoken/jjwt/0.9.1/54d2abfc3e63a28824d35bf600d6a5d627da681a/jjwt-0.9.1.jar!/, jar:file:/C:/Users/Usuario/.gradle/caches/modules-2/files-2.1/com.auth0/java-jwt/4.2.1/904306772bb7d43750527f84d7b23589a1f9ab12/java-jwt-4.2.1.jar!/, jar:file:/C:/Users/Usuario/.gradle/caches/modules-2/files-2.1/commons-codec/commons-codec/1.15/49d94806b6e3dc933dacbd8acb0fdbab8ebd1e5d/commons-codec-1.15.jar!/, jar:file:/C:/Users/Usuario/.gradle/caches/modules-2/files-2.1/org.springframework.boot/spring-boot-starter-aop/2.6.3/338cbbfe2667aea23d95672093e05b5f54630c5a/spring-boot-starter-aop-2.6.3.jar!/, jar:file:/C:/Users/Usuario/.gradle/caches/modules-2/files-2.1/com.h2database/h2/2.1.214/d5c2005c9e3279201e12d4776c948578b16bf8b2/h2-2.1.214.jar!/, jar:file:/C:/Users/Usuario/.gradle/caches/modules-2/files-2.1/org.springframework.boot/spring-boot-starter-test/2.6.3/1ac659fc8c6d7285218b7ff79d67b87736f4ddf2/spring-boot-starter-test-2.6.3.jar!/, jar:file:/C:/Users/Usuario/.gradle/caches/modules-2/files-2.1/com.tngtech.archunit/archunit-junit5/1.0.0/d381ade9436d047877181fe50f508318e6a5a8/archunit-junit5-1.0.0.jar!/, jar:file:/C:/Users/Usuario/.gradle/caches/modules-2/files-2.1/org.springframework.boot/spring-boot-starter-json/2.6.3/b43885849bde2ad5d436c5acdd43b21730f9c676/spring-boot-starter-json-2.6.3.jar!/, jar:file:/C:/Users/Usuario/.gradle/caches/modules-2/files-2.1/org.springframework.boot/spring-boot-starter-jdbc/2.6.3/17871ef6920a3decad5f10181b2baf198ea2b787/spring-boot-starter-jdbc-2.6.3.jar!/, jar:file:/C:/Users/Usuario/.gradle/caches/modules-2/files-2.1/org.springframework.boot/spring-boot-starter/2.6.3/1211af6e300c0584e01c7a9a75e585ac0aec6ea6/spring-boot-starter-2.6.3.jar!/, jar:file:/C:/Users/Usuario/.gradle/caches/modules-2/files-2.1/org.springframework/spring-webmvc/5.3.15/28307dda4cb5fbeb6f7d7e7c846f464da0eba955/spring-webmvc-5.3.15.jar!/, jar:file:/C:/Users/Usuario/.gradle/caches/modules-2/files-2.1/org.springframework/spring-web/5.3.15/a228b373eff7fe34e868827ab02c91b8bf7a643e/spring-web-5.3.15.jar!/, jar:file:/C:/Users/Usuario/.gradle/caches/modules-2/files-2.1/io.undertow/undertow-websockets-jsr/2.2.14.Final/fffc3ffff1880fd695c22164d37bd16dc1dc4b7e/undertow-websockets-jsr-2.2.14.Final.jar!/, jar:file:/C:/Users/Usuario/.gradle/caches/modules-2/files-2.1/io.undertow/undertow-servlet/2.2.14.Final/8354ab1476d85dec5ee743a0f40b113cf29a55b8/undertow-servlet-2.2.14.Final.jar!/, jar:file:/C:/Users/Usuario/.gradle/caches/modules-2/files-2.1/io.undertow/undertow-core/2.2.14.Final/deb02123fba830230d1837a1e6b3731607196a41/undertow-core-2.2.14.Final.jar!/, jar:file:/C:/Users/Usuario/.gradle/caches/modules-2/files-2.1/jakarta.servlet/jakarta.servlet-api/4.0.4/b8a1142e04838fe54194049c6e7a18dae8f9b960/jakarta.servlet-api-4.0.4.jar!/, jar:file:/C:/Users/Usuario/.gradle/caches/modules-2/files-2.1/jakarta.websocket/jakarta.websocket-api/1.1.2/69c2fdfb75081cc935bc9d6c5616d12b0b73815f/jakarta.websocket-api-1.1.2.jar!/, jar:file:/C:/Users/Usuario/.gradle/caches/modules-2/files-2.1/org.apache.tomcat.embed/tomcat-embed-el/9.0.56/8e4f28f714693ad4e158e61f41371d4e4c6b4e23/tomcat-embed-el-9.0.56.jar!/, jar:file:/C:/Users/Usuario/.gradle/caches/modules-2/files-2.1/jakarta.transaction/jakarta.transaction-api/1.3.3/c4179d48720a1e87202115fbed6089bdc4195405/jakarta.transaction-api-1.3.3.jar!/, jar:file:/C:/Users/Usuario/.gradle/caches/modules-2/files-2.1/jakarta.persistence/jakarta.persistence-api/2.2.3/8f6ea5daedc614f07a3654a455660145286f024e/jakarta.persistence-api-2.2.3.jar!/, jar:file:/C:/Users/Usuario/.gradle/caches/modules-2/files-2.1/org.hibernate/hibernate-core/5.6.4.Final/a21d3a313d8fa4dbf2d05aa50ef3157a8081e83f/hibernate-core-5.6.4.Final.jar!/, jar:file:/C:/Users/Usuario/.gradle/caches/modules-2/files-2.1/org.springframework.data/spring-data-jpa/2.6.1/70eef23d3c1ba594749867edb9c89832da8f923c/spring-data-jpa-2.6.1.jar!/, jar:file:/C:/Users/Usuario/.gradle/caches/modules-2/files-2.1/org.springframework/spring-aspects/5.3.15/d1e42bac0f61ad50f633c13f8bcab905a66313af/spring-aspects-5.3.15.jar!/, jar:file:/C:/Users/Usuario/.gradle/caches/modules-2/files-2.1/org.checkerframework/checker-qual/3.5.0/2f50520c8abea66fbd8d26e481d3aef5c673b510/checker-qual-3.5.0.jar!/, jar:file:/C:/Users/Usuario/.gradle/caches/modules-2/files-2.1/com.fasterxml.jackson.datatype/jackson-datatype-jsr310/2.13.1/1ece5a87b59701328215e0083448b4d451857cbd/jackson-datatype-jsr310-2.13.1.jar!/, jar:file:/C:/Users/Usuario/.gradle/caches/modules-2/files-2.1/com.fasterxml.jackson.module/jackson-module-parameter-names/2.13.1/cbeec2259213c555ef451a2e05f35ed1dbfbf799/jackson-module-parameter-names-2.13.1.jar!/, jar:file:/C:/Users/Usuario/.gradle/caches/modules-2/files-2.1/com.fasterxml.jackson.core/jackson-annotations/2.13.1/1cbcbe4623113e6af92ccaa89884a345270f1a87/jackson-annotations-2.13.1.jar!/, jar:file:/C:/Users/Usuario/.gradle/caches/modules-2/files-2.1/com.fasterxml.jackson.core/jackson-core/2.13.1/51ae921a2ed1e06ca8876f12f32f265e83c0b2b8/jackson-core-2.13.1.jar!/, jar:file:/C:/Users/Usuario/.gradle/caches/modules-2/files-2.1/com.fasterxml.jackson.datatype/jackson-datatype-jdk8/2.13.1/8ecfa9bcd714269fdf22c33f9fd00d0643bd0e21/jackson-datatype-jdk8-2.13.1.jar!/, jar:file:/C:/Users/Usuario/.gradle/caches/modules-2/files-2.1/com.fasterxml.jackson.core/jackson-databind/2.13.1/698b2d2b15d9a1b7aae025f1d9f576842285e7f6/jackson-databind-2.13.1.jar!/, jar:file:/C:/Users/Usuario/.gradle/caches/modules-2/files-2.1/org.springframework.boot/spring-boot-test-autoconfigure/2.6.3/c903465682a6cd69adbc83feb8e8bfa26c51e6ae/spring-boot-test-autoconfigure-2.6.3.jar!/, jar:file:/C:/Users/Usuario/.gradle/caches/modules-2/files-2.1/org.springframework.boot/spring-boot-test/2.6.3/93b38ba8d4f027a7eda8c28dbe8f77b712de1142/spring-boot-test-2.6.3.jar!/, jar:file:/C:/Users/Usuario/.gradle/caches/modules-2/files-2.1/org.springframework.boot/spring-boot-autoconfigure/2.6.3/8bf96f63e9479b5a1c17d1fa05b149bb5ed050e2/spring-boot-autoconfigure-2.6.3.jar!/, jar:file:/C:/Users/Usuario/.gradle/caches/modules-2/files-2.1/org.springframework.boot/spring-boot/2.6.3/f1127e8a70ba7b9f12581e79ea963b739059bf55/spring-boot-2.6.3.jar!/, jar:file:/C:/Users/Usuario/.gradle/caches/modules-2/files-2.1/org.springframework/spring-context/5.3.15/80a12b7dcb3332fbd65c3649249fd35561ffc561/spring-context-5.3.15.jar!/, jar:file:/C:/Users/Usuario/.gradle/caches/modules-2/files-2.1/org.springframework/spring-aop/5.3.15/195966e1f4260f89696e668856ebfd9a1bc76404/spring-aop-5.3.15.jar!/, jar:file:/C:/Users/Usuario/.gradle/caches/modules-2/files-2.1/org.aspectj/aspectjweaver/1.9.7/158f5c255cd3e4408e795b79f7c3fbae9b53b7ca/aspectjweaver-1.9.7.jar!/, jar:file:/C:/Users/Usuario/.gradle/caches/modules-2/files-2.1/com.jayway.jsonpath/json-path/2.6.0/67f565b424f7903a12d4f5b9361b11462ecacdac/json-path-2.6.0.jar!/, jar:file:/C:/Users/Usuario/.gradle/caches/modules-2/files-2.1/org.glassfish.jaxb/jaxb-runtime/2.3.5/a169a961a2bb9ac69517ec1005e451becf5cdfab/jaxb-runtime-2.3.5.jar!/, jar:file:/C:/Users/Usuario/.gradle/caches/modules-2/files-2.1/jakarta.xml.bind/jakarta.xml.bind-api/2.3.3/48e3b9cfc10752fba3521d6511f4165bea951801/jakarta.xml.bind-api-2.3.3.jar!/, jar:file:/C:/Users/Usuario/.gradle/caches/modules-2/files-2.1/org.assertj/assertj-core/3.21.0/27a14d6d22c4e3d58f799fb2a5ca8eaf53e6942a/assertj-core-3.21.0.jar!/, jar:file:/C:/Users/Usuario/.gradle/caches/modules-2/files-2.1/org.hamcrest/hamcrest/2.2/1820c0968dba3a11a1b30669bb1f01978a91dedc/hamcrest-2.2.jar!/, jar:file:/C:/Users/Usuario/.gradle/caches/modules-2/files-2.1/org.mockito/mockito-junit-jupiter/4.0.0/b76de25bd6e5d8f7924d0536729c0076e37e9396/mockito-junit-jupiter-4.0.0.jar!/, jar:file:/C:/Users/Usuario/.gradle/caches/modules-2/files-2.1/org.junit.jupiter/junit-jupiter-params/5.8.2/ddeafe92fc263f895bfb73ffeca7fd56e23c2cce/junit-jupiter-params-5.8.2.jar!/, jar:file:/C:/Users/Usuario/.gradle/caches/modules-2/files-2.1/org.junit.jupiter/junit-jupiter-engine/5.8.2/c598b4328d2f397194d11df3b1648d68d7d990e3/junit-jupiter-engine-5.8.2.jar!/, jar:file:/C:/Users/Usuario/.gradle/caches/modules-2/files-2.1/org.junit.jupiter/junit-jupiter-api/5.8.2/4c21029217adf07e4c0d0c5e192b6bf610c94bdc/junit-jupiter-api-5.8.2.jar!/, jar:file:/C:/Users/Usuario/.gradle/caches/modules-2/files-2.1/com.tngtech.archunit/archunit-junit5-engine/1.0.0/c942ce334f410062298100f834a767f765ac7a8e/archunit-junit5-engine-1.0.0.jar!/, jar:file:/C:/Users/Usuario/.gradle/caches/modules-2/files-2.1/com.tngtech.archunit/archunit-junit5-engine-api/1.0.0/f2fcf7191e65bda73cb14b510e380d0c4e55c9c8/archunit-junit5-engine-api-1.0.0.jar!/, jar:file:/C:/Users/Usuario/.gradle/caches/modules-2/files-2.1/org.junit.platform/junit-platform-engine/1.8.2/b737de09f19864bd136805c84df7999a142fec29/junit-platform-engine-1.8.2.jar!/, jar:file:/C:/Users/Usuario/.gradle/caches/modules-2/files-2.1/org.junit.platform/junit-platform-commons/1.8.2/32c8b8617c1342376fd5af2053da6410d8866861/junit-platform-commons-1.8.2.jar!/, jar:file:/C:/Users/Usuario/.gradle/caches/modules-2/files-2.1/org.junit.jupiter/junit-jupiter/5.8.2/5a817b1e63f1217e5c586090c45e681281f097ad/junit-jupiter-5.8.2.jar!/, jar:file:/C:/Users/Usuario/.gradle/caches/modules-2/files-2.1/org.mockito/mockito-core/4.0.0/f5195e0c4a45716bbd2d1d29173adbd148acce3a/mockito-core-4.0.0.jar!/, jar:file:/C:/Users/Usuario/.gradle/caches/modules-2/files-2.1/org.skyscreamer/jsonassert/1.5.0/6c9d5fe2f59da598d9aefc1cfc6528ff3cf32df3/jsonassert-1.5.0.jar!/, jar:file:/C:/Users/Usuario/.gradle/caches/modules-2/files-2.1/org.springframework/spring-test/5.3.15/1efef59ebbf51bc072d08c5854b1d5cbb1c29b65/spring-test-5.3.15.jar!/, jar:file:/C:/Users/Usuario/.gradle/caches/modules-2/files-2.1/org.springframework/spring-orm/5.3.15/edddfcbf3bd2a3cc8b5316329f16dcf88cec33b5/spring-orm-5.3.15.jar!/, jar:file:/C:/Users/Usuario/.gradle/caches/modules-2/files-2.1/org.springframework/spring-jdbc/5.3.15/2c7883bb9a50e37f177cdc3e064e88325f97bd36/spring-jdbc-5.3.15.jar!/, jar:file:/C:/Users/Usuario/.gradle/caches/modules-2/files-2.1/org.springframework.data/spring-data-commons/2.6.1/ba24a3b88e26191b25031cefb8de458deed05551/spring-data-commons-2.6.1.jar!/, jar:file:/C:/Users/Usuario/.gradle/caches/modules-2/files-2.1/org.springframework/spring-tx/5.3.15/27b8c1f0a896dc2f7d1629556b06f55f2a07351d/spring-tx-5.3.15.jar!/, jar:file:/C:/Users/Usuario/.gradle/caches/modules-2/files-2.1/org.springframework/spring-beans/5.3.15/a88e2ccfe8b131bcff2e643b90d52f6d928e7369/spring-beans-5.3.15.jar!/, jar:file:/C:/Users/Usuario/.gradle/caches/modules-2/files-2.1/org.springframework/spring-expression/5.3.15/362f36bbc4c4b46cc2e4f219df22d08945000c2/spring-expression-5.3.15.jar!/, jar:file:/C:/Users/Usuario/.gradle/caches/modules-2/files-2.1/org.springframework/spring-core/5.3.15/e813c2311465672d3089fc7be8dbbadb04e64d6b/spring-core-5.3.15.jar!/, jar:file:/C:/Users/Usuario/.gradle/caches/modules-2/files-2.1/org.xmlunit/xmlunit-core/2.8.4/35be57989ca80eefa03161b211630e319a8f36c6/xmlunit-core-2.8.4.jar!/, jar:file:/C:/Users/Usuario/.gradle/caches/modules-2/files-2.1/com.tngtech.archunit/archunit-junit5-api/1.0.0/f537a0cb4156e374e436009cf7e8e07062929b32/archunit-junit5-api-1.0.0.jar!/, jar:file:/C:/Users/Usuario/.gradle/caches/modules-2/files-2.1/org.springframework.boot/spring-boot-starter-logging/2.6.3/86599127b1e69a6180014cbeed8297ba26e8c6aa/spring-boot-starter-logging-2.6.3.jar!/, jar:file:/C:/Users/Usuario/.gradle/caches/modules-2/files-2.1/jakarta.annotation/jakarta.annotation-api/1.3.5/59eb84ee0d616332ff44aba065f3888cf002cd2d/jakarta.annotation-api-1.3.5.jar!/, jar:file:/C:/Users/Usuario/.gradle/caches/modules-2/files-2.1/org.yaml/snakeyaml/1.29/6d0cdafb2010f1297e574656551d7145240f6e25/snakeyaml-1.29.jar!/, jar:file:/C:/Users/Usuario/.gradle/caches/modules-2/files-2.1/org.hibernate.common/hibernate-commons-annotations/5.1.2.Final/e59ffdbc6ad09eeb33507b39ffcf287679a498c8/hibernate-commons-annotations-5.1.2.Final.jar!/, jar:file:/C:/Users/Usuario/.gradle/caches/modules-2/files-2.1/org.jboss.xnio/xnio-nio/3.8.4.Final/109d7de9a4d995ed9f46e1409520ace346fe2fc4/xnio-nio-3.8.4.Final.jar!/, jar:file:/C:/Users/Usuario/.gradle/caches/modules-2/files-2.1/org.jboss.xnio/xnio-api/3.8.4.Final/8714f2bf19f6e5fa7e36e8516dcb4606ef152e4d/xnio-api-3.8.4.Final.jar!/, jar:file:/C:/Users/Usuario/.gradle/caches/modules-2/files-2.1/org.wildfly.client/wildfly-client-config/1.0.1.Final/2a803b23c40a0de0f03a90d1fd3755747bc05f4b/wildfly-client-config-1.0.1.Final.jar!/, jar:file:/C:/Users/Usuario/.gradle/caches/modules-2/files-2.1/org.jboss.threads/jboss-threads/3.1.0.Final/9b260c0302f637a84a52d3d118214a3c59217615/jboss-threads-3.1.0.Final.jar!/, jar:file:/C:/Users/Usuario/.gradle/caches/modules-2/files-2.1/org.jboss.logging/jboss-logging/3.4.3.Final/c4bd7e12a745c0e7f6cf98c45cdcdf482fd827ea/jboss-logging-3.4.3.Final.jar!/, jar:file:/C:/Users/Usuario/.gradle/caches/modules-2/files-2.1/com.zaxxer/HikariCP/4.0.3/107cbdf0db6780a065f895ae9d8fbf3bb0e1c21f/HikariCP-4.0.3.jar!/, jar:file:/C:/Users/Usuario/.gradle/caches/modules-2/files-2.1/net.bytebuddy/byte-buddy/1.11.22/8b4c7fa5562a09da1c2a9ab0873cb51f5034d83f/byte-buddy-1.11.22.jar!/, jar:file:/C:/Users/Usuario/.gradle/caches/modules-2/files-2.1/antlr/antlr/2.7.7/83cd2cd674a217ade95a4bb83a8a14f351f48bd0/antlr-2.7.7.jar!/, jar:file:/C:/Users/Usuario/.gradle/caches/modules-2/files-2.1/org.jboss/jandex/2.4.2.Final/1e1c385990b258ff1a24c801e84aebbacf70eb39/jandex-2.4.2.Final.jar!/, jar:file:/C:/Users/Usuario/.gradle/caches/modules-2/files-2.1/com.fasterxml/classmate/1.5.1/3fe0bed568c62df5e89f4f174c101eab25345b6c/classmate-1.5.1.jar!/, jar:file:/C:/Users/Usuario/.gradle/caches/modules-2/files-2.1/com.tngtech.archunit/archunit/1.0.0/27ab69819bc5bb588e9881144763b9a3b1ed15a2/archunit-1.0.0.jar!/, jar:file:/C:/Users/Usuario/.gradle/caches/modules-2/files-2.1/ch.qos.logback/logback-classic/1.2.10/f69d97ef3335c6ab82fc21dfb77ac613f90c1221/logback-classic-1.2.10.jar!/, jar:file:/C:/Users/Usuario/.gradle/caches/modules-2/files-2.1/org.apache.logging.log4j/log4j-to-slf4j/2.17.1/3619fd18278a1a895c1dca8c5be002768071a20e/log4j-to-slf4j-2.17.1.jar!/, jar:file:/C:/Users/Usuario/.gradle/caches/modules-2/files-2.1/org.slf4j/jul-to-slf4j/1.7.33/53fd89b530d41b8f6744c754de1c9b02e82f2d7/jul-to-slf4j-1.7.33.jar!/, jar:file:/C:/Users/Usuario/.gradle/caches/modules-2/files-2.1/org.slf4j/slf4j-api/1.7.33/d375aa1b98d34d5ddf73a3f19eaad66e98975b12/slf4j-api-1.7.33.jar!/, jar:file:/C:/Users/Usuario/.gradle/caches/modules-2/files-2.1/net.minidev/json-smart/2.4.7/8d7f4c1530c07c54930935f3da85f48b83b3c109/json-smart-2.4.7.jar!/, jar:file:/C:/Users/Usuario/.gradle/caches/modules-2/files-2.1/jakarta.activation/jakarta.activation-api/1.2.2/99f53adba383cb1bf7c3862844488574b559621f/jakarta.activation-api-1.2.2.jar!/, jar:file:/C:/Users/Usuario/.gradle/caches/modules-2/files-2.1/net.bytebuddy/byte-buddy-agent/1.11.22/2fbcf3210dfc09b42242e3b66a5281cc5b9adb80/byte-buddy-agent-1.11.22.jar!/, jar:file:/C:/Users/Usuario/.gradle/caches/modules-2/files-2.1/org.objenesis/objenesis/3.2/7fadf57620c8b8abdf7519533e5527367cb51f09/objenesis-3.2.jar!/, jar:file:/C:/Users/Usuario/.gradle/caches/modules-2/files-2.1/com.vaadin.external.google/android-json/0.0.20131108.vaadin1/fa26d351fe62a6a17f5cda1287c1c6110dec413f/android-json-0.0.20131108.vaadin1.jar!/, jar:file:/C:/Users/Usuario/.gradle/caches/modules-2/files-2.1/org.springframework/spring-jcl/5.3.15/88da960b4fcbd28621aea8b9911976adc06afce4/spring-jcl-5.3.15.jar!/, jar:file:/C:/Users/Usuario/.gradle/caches/modules-2/files-2.1/org.wildfly.common/wildfly-common/1.5.2.Final/8eba40cfe86bcfcc223551e75201e6e7574c7c36/wildfly-common-1.5.2.Final.jar!/, jar:file:/C:/Users/Usuario/.gradle/caches/modules-2/files-2.1/org.glassfish.jaxb/txw2/2.3.5/ec8930fa62e7b1758b1664d135f50c7abe86a4a3/txw2-2.3.5.jar!/, jar:file:/C:/Users/Usuario/.gradle/caches/modules-2/files-2.1/com.sun.istack/istack-commons-runtime/3.0.12/cbbe1a62b0cc6c85972e99d52aaee350153dc530/istack-commons-runtime-3.0.12.jar!/, jar:file:/C:/Users/Usuario/.gradle/caches/modules-2/files-2.1/com.sun.activation/jakarta.activation/1.2.2/74548703f9851017ce2f556066659438019e7eb5/jakarta.activation-1.2.2.jar!/, jar:file:/C:/Users/Usuario/.gradle/caches/modules-2/files-2.1/net.minidev/accessors-smart/2.4.7/3970cfc505e6657ca60f3aa57c849f6043000d7a/accessors-smart-2.4.7.jar!/, jar:file:/C:/Users/Usuario/.gradle/caches/modules-2/files-2.1/org.opentest4j/opentest4j/1.2.0/28c11eb91f9b6d8e200631d46e20a7f407f2a046/opentest4j-1.2.0.jar!/, jar:file:/C:/Users/Usuario/.gradle/caches/modules-2/files-2.1/ch.qos.logback/logback-core/1.2.10/5328406bfcae7bcdcc86810fcb2920d2c297170d/logback-core-1.2.10.jar!/, jar:file:/C:/Users/Usuario/.gradle/caches/modules-2/files-2.1/org.apache.logging.log4j/log4j-api/2.17.1/d771af8e336e372fb5399c99edabe0919aeaf5b2/log4j-api-2.17.1.jar!/, jar:file:/C:/Users/Usuario/.gradle/caches/modules-2/files-2.1/org.ow2.asm/asm/9.1/a99500cf6eea30535eeac6be73899d048f8d12a8/asm-9.1.jar!/]
10:10:50.846 [Test worker] DEBUG com.tngtech.archunit.ArchConfiguration - No configuration found in classpath at archunit.properties => Using default configuration
10:10:51.852 [Test worker] DEBUG com.tngtech.archunit.core.importer.JavaClassProcessor - Processing class 'com/uco/TrafficAgent/domain/model/Report'
10:10:52.979 [Test worker] DEBUG com.tngtech.archunit.core.importer.JavaClassProcessor - Processing class 'com/uco/TrafficAgent/domain/service/contact/ServiceListsAllByProximityContact'
10:10:53.020 [Test worker] DEBUG com.tngtech.archunit.core.importer.JavaClassProcessor - Processing class 'com/uco/TrafficAgent/infrastructure/repository/contact/adapter/entity/EntityContact'
10:10:53.092 [Test worker] DEBUG com.tngtech.archunit.core.importer.JavaClassProcessor - Processing class 'com/uco/TrafficAgent/domain/validator/ValidatorObjects'
10:10:53.094 [Test worker] DEBUG com.tngtech.archunit.core.importer.JavaClassProcessor - Processing class 'com/uco/TrafficAgent/domain/dto/DtoContactSummary'
10:10:53.098 [Test worker] DEBUG com.tngtech.archunit.core.importer.JavaClassProcessor - Processing class 'com/uco/TrafficAgent/domain/port/contact/RepositoryContact'
10:10:53.102 [Test worker] DEBUG com.tngtech.archunit.core.importer.JavaClassProcessor - Processing class 'com/uco/TrafficAgent/domain/service/token/ServiceGenerateToken'
10:10:53.114 [Test worker] DEBUG com.tngtech.archunit.core.importer.JavaClassProcessor - Processing class 'com/uco/TrafficAgent/infrastructure/aspect/SecuredAspect'
10:10:53.161 [Test worker] DEBUG com.tngtech.archunit.core.importer.JavaClassProcessor - Processing class 'com/uco/TrafficAgent/application/mapper/user/impl/MapperApplicationUserImpl'
10:10:53.175 [Test worker] DEBUG com.tngtech.archunit.core.importer.JavaClassProcessor - Processing class 'com/uco/TrafficAgent/infrastructure/filter/FilterAuth'
10:10:53.185 [Test worker] DEBUG com.tngtech.archunit.core.importer.JavaClassProcessor - Processing class 'com/uco/TrafficAgent/application/service/login/dto/DtoLogin'
10:10:53.190 [Test worker] DEBUG com.tngtech.archunit.core.importer.JavaClassProcessor - Processing class 'com/uco/TrafficAgent/infrastructure/service/token/ServiceValidateToken'
10:10:53.193 [Test worker] DEBUG com.tngtech.archunit.core.importer.JavaClassProcessor - Processing class 'com/uco/TrafficAgent/infrastructure/error/ErrorHandler'
10:10:53.215 [Test worker] DEBUG com.tngtech.archunit.core.importer.JavaClassProcessor - Processing class 'com/uco/TrafficAgent/infrastructure/configuration/model/BeanServiceContact'
10:10:53.233 [Test worker] DEBUG com.tngtech.archunit.core.importer.JavaClassProcessor - Processing class 'com/uco/TrafficAgent/application/mapper/MapperApplicationObject'
10:10:53.257 [Test worker] DEBUG com.tngtech.archunit.core.importer.JavaClassProcessor - Processing class 'com/uco/TrafficAgent/domain/port/report/RepositoryReport'
10:10:53.269 [Test worker] DEBUG com.tngtech.archunit.core.importer.JavaClassProcessor - Processing class 'com/uco/TrafficAgent/application/service/user/comand/ServiceApplicationSaveUser'
10:10:53.297 [Test worker] DEBUG com.tngtech.archunit.core.importer.JavaClassProcessor - Processing class 'com/uco/TrafficAgent/infrastructure/service/token/ServiceValidateTokenJWT'
10:10:53.314 [Test worker] DEBUG com.tngtech.archunit.core.importer.JavaClassProcessor - Processing class 'com/uco/TrafficAgent/infrastructure/error/Error'
10:10:53.368 [Test worker] DEBUG com.tngtech.archunit.core.importer.JavaClassProcessor - Processing class 'com/uco/TrafficAgent/application/service/DtoResponse'
10:10:53.386 [Test worker] DEBUG com.tngtech.archunit.core.importer.JavaClassProcessor - Processing class 'com/uco/TrafficAgent/infrastructure/repository/user/adapter/repository/RepositoryUserDB'
10:10:53.398 [Test worker] DEBUG com.tngtech.archunit.core.importer.JavaClassProcessor - Processing class 'com/uco/TrafficAgent/application/service/report/consult/ServiceApplicationListAllReportByUser'
10:10:53.403 [Test worker] DEBUG com.tngtech.archunit.core.importer.JavaClassProcessor - Processing class 'com/uco/TrafficAgent/application/service/user/comand/dto/DtoRolUser'
10:10:53.415 [Test worker] DEBUG com.tngtech.archunit.core.importer.JavaClassProcessor - Processing class 'com/uco/TrafficAgent/domain/dto/DtoCurrentUser'
10:10:53.419 [Test worker] DEBUG com.tngtech.archunit.core.importer.JavaClassProcessor - Processing class 'com/uco/TrafficAgent/domain/model/TypeIdentification'
10:10:53.421 [Test worker] DEBUG com.tngtech.archunit.core.importer.JavaClassProcessor - Processing class 'com/uco/TrafficAgent/domain/port/user/RepositoryUser'
10:10:53.438 [Test worker] DEBUG com.tngtech.archunit.core.importer.JavaClassProcessor - Processing class 'com/uco/TrafficAgent/infrastructure/configuration/general/ConfigurationSecurity'
10:10:53.467 [Test worker] DEBUG com.tngtech.archunit.core.importer.JavaClassProcessor - Processing class 'com/uco/TrafficAgent/infrastructure/repository/rol/adapter/entity/EntityRol'
10:10:53.470 [Test worker] DEBUG com.tngtech.archunit.core.importer.JavaClassProcessor - Processing class 'com/uco/TrafficAgent/application/service/user/comand/ServiceApplicationDeleteUser'
10:10:53.474 [Test worker] DEBUG com.tngtech.archunit.core.importer.JavaClassProcessor - Processing class 'com/uco/TrafficAgent/domain/dto/DtoReportSummary'
10:10:53.481 [Test worker] DEBUG com.tngtech.archunit.core.importer.JavaClassProcessor - Processing class 'com/uco/TrafficAgent/domain/dto/DtoUserSummary'
10:10:53.492 [Test worker] DEBUG com.tngtech.archunit.core.importer.JavaClassProcessor - Processing class 'com/uco/TrafficAgent/infrastructure/repository/report/controller/ConsultControllerReport'
10:10:53.498 [Test worker] DEBUG com.tngtech.archunit.core.importer.JavaClassProcessor - Processing class 'com/uco/TrafficAgent/infrastructure/repository/type/adapter/entity/EntityTypeId'
10:10:53.501 [Test worker] DEBUG com.tngtech.archunit.core.importer.JavaClassProcessor - Processing class 'com/uco/TrafficAgent/infrastructure/repository/user/adapter/repository/jpa/RepositoryUserJpa'
10:10:53.515 [Test worker] DEBUG com.tngtech.archunit.core.importer.JavaClassProcessor - Processing class 'com/uco/TrafficAgent/infrastructure/repository/contact/controller/ComandControllerContact'
10:10:53.519 [Test worker] DEBUG com.tngtech.archunit.core.importer.JavaClassProcessor - Processing class 'com/uco/TrafficAgent/infrastructure/repository/report/controller/ComandControllerReport'
10:10:53.524 [Test worker] DEBUG com.tngtech.archunit.core.importer.JavaClassProcessor - Processing class 'com/uco/TrafficAgent/application/service/user/consult/ServiceApplicationListAllUser'
10:10:53.567 [Test worker] DEBUG com.tngtech.archunit.core.importer.JavaClassProcessor - Processing class 'com/uco/TrafficAgent/infrastructure/aspect/exception/ExceptionUserUnauthorized'
10:10:53.570 [Test worker] DEBUG com.tngtech.archunit.core.importer.JavaClassProcessor - Processing class 'com/uco/TrafficAgent/infrastructure/repository/report/adapter/repository/RepositoryReportDB'
10:10:53.577 [Test worker] DEBUG com.tngtech.archunit.core.importer.JavaClassProcessor - Processing class 'com/uco/TrafficAgent/domain/service/user/ServiceDeleteUser'
10:10:53.580 [Test worker] DEBUG com.tngtech.archunit.core.importer.JavaClassProcessor - Processing class 'com/uco/TrafficAgent/domain/model/User'
10:10:53.585 [Test worker] DEBUG com.tngtech.archunit.core.importer.JavaClassProcessor - Processing class 'com/uco/TrafficAgent/infrastructure/repository/contact/adapter/repository/jpa/RepositoryContactJpa'
10:10:53.588 [Test worker] DEBUG com.tngtech.archunit.core.importer.JavaClassProcessor - Processing class 'com/uco/TrafficAgent/domain/service/report/ServiceListAllReportByDate'
10:10:53.598 [Test worker] DEBUG com.tngtech.archunit.core.importer.JavaClassProcessor - Processing class 'com/uco/TrafficAgent/infrastructure/service/token/ServiceGetCurrentUserJwt'
10:10:53.602 [Test worker] DEBUG com.tngtech.archunit.core.importer.JavaClassProcessor - Processing class 'com/uco/TrafficAgent/domain/model/RolUser'
10:10:53.607 [Test worker] DEBUG com.tngtech.archunit.core.importer.JavaClassProcessor - Processing class 'com/uco/TrafficAgent/domain/service/token/ServiceGetCurrentUser'
10:10:53.610 [Test worker] DEBUG com.tngtech.archunit.core.importer.JavaClassProcessor - Processing class 'com/uco/TrafficAgent/domain/service/user/ServiceListAllUser'
10:10:53.612 [Test worker] DEBUG com.tngtech.archunit.core.importer.JavaClassProcessor - Processing class 'com/uco/TrafficAgent/domain/model/Contact'
10:10:53.646 [Test worker] DEBUG com.tngtech.archunit.core.importer.JavaClassProcessor - Processing class 'com/uco/TrafficAgent/infrastructure/configuration/model/BeanServiceUser'
10:10:53.654 [Test worker] DEBUG com.tngtech.archunit.core.importer.JavaClassProcessor - Processing class 'com/uco/TrafficAgent/infrastructure/aspect/LogExecutionTime'
10:10:53.659 [Test worker] DEBUG com.tngtech.archunit.core.importer.JavaClassProcessor - Processing class 'com/uco/TrafficAgent/application/mapper/report/impl/MapperApplicationReportImpl'
10:10:53.664 [Test worker] DEBUG com.tngtech.archunit.core.importer.JavaClassProcessor - Processing class 'com/uco/TrafficAgent/infrastructure/configuration/general/ConfigurationRestTemplate'
10:10:53.667 [Test worker] DEBUG com.tngtech.archunit.core.importer.JavaClassProcessor - Processing class 'com/uco/TrafficAgent/infrastructure/repository/type/adapter/repository/RepositoryTypeIdDB'
10:10:53.671 [Test worker] DEBUG com.tngtech.archunit.core.importer.JavaClassProcessor - Processing class 'com/uco/TrafficAgent/infrastructure/mapper/MapperInfrastructureObject'
10:10:53.674 [Test worker] DEBUG com.tngtech.archunit.core.importer.JavaClassProcessor - Processing class 'com/uco/TrafficAgent/domain/service/token/ServiceEncryptText'
10:10:53.676 [Test worker] DEBUG com.tngtech.archunit.core.importer.JavaClassProcessor - Processing class 'com/uco/TrafficAgent/infrastructure/repository/type/adapter/repository/jpa/RepositoryTypeIdJpa'
10:10:53.692 [Test worker] DEBUG com.tngtech.archunit.core.importer.JavaClassProcessor - Processing class 'com/uco/TrafficAgent/infrastructure/repository/login/controller/ComandControllerLogin'
10:10:53.695 [Test worker] DEBUG com.tngtech.archunit.core.importer.JavaClassProcessor - Processing class 'com/uco/TrafficAgent/application/mapper/contact/impl/MapperApplicationContactImpl'
10:10:53.697 [Test worker] DEBUG com.tngtech.archunit.core.importer.JavaClassProcessor - Processing class 'com/uco/TrafficAgent/domain/port/type/RepositoryTypeId'
10:10:53.701 [Test worker] DEBUG com.tngtech.archunit.core.importer.JavaClassProcessor - Processing class 'com/uco/TrafficAgent/infrastructure/repository/contact/adapter/repository/jpa/RepositoryContactEmergencyJpa'
10:10:53.730 [Test worker] DEBUG com.tngtech.archunit.core.importer.JavaClassProcessor - Processing class 'com/uco/TrafficAgent/application/service/user/comand/dto/DtoSaveUser'
10:10:53.743 [Test worker] DEBUG com.tngtech.archunit.core.importer.JavaClassProcessor - Processing class 'com/uco/TrafficAgent/infrastructure/configuration/general/ConfigurationRetry'
10:10:53.746 [Test worker] DEBUG com.tngtech.archunit.core.importer.JavaClassProcessor - Processing class 'com/uco/TrafficAgent/infrastructure/repository/report/adapter/entity/EntityReport'
10:10:53.750 [Test worker] DEBUG com.tngtech.archunit.core.importer.JavaClassProcessor - Processing class 'com/uco/TrafficAgent/application/service/contact/consult/ServiceApplicationListAllByProximityContact'
10:10:53.754 [Test worker] DEBUG com.tngtech.archunit.core.importer.JavaClassProcessor - Processing class 'com/uco/TrafficAgent/infrastructure/mapper/user/impl/MapperUserImpl'
10:10:53.760 [Test worker] DEBUG com.tngtech.archunit.core.importer.JavaClassProcessor - Processing class 'com/uco/TrafficAgent/application/service/user/comand/ServiceApplicationUpdateUser'
10:10:53.771 [Test worker] DEBUG com.tngtech.archunit.core.importer.JavaClassProcessor - Processing class 'com/uco/TrafficAgent/infrastructure/service/token/ServiceGenerateTokenJWT'
10:10:53.786 [Test worker] DEBUG com.tngtech.archunit.core.importer.JavaClassProcessor - Processing class 'com/uco/TrafficAgent/infrastructure/repository/user/controller/ConsultControllerUser'
10:10:53.791 [Test worker] DEBUG com.tngtech.archunit.core.importer.JavaClassProcessor - Processing class 'com/uco/TrafficAgent/application/service/report/comand/ServiceApplicationSaveReport'
10:10:53.849 [Test worker] DEBUG com.tngtech.archunit.core.importer.JavaClassProcessor - Processing class 'com/uco/TrafficAgent/infrastructure/configuration/model/BeanServiceReport'
10:10:53.921 [Test worker] DEBUG com.tngtech.archunit.core.importer.JavaClassProcessor - Processing class 'com/uco/TrafficAgent/application/service/contact/comand/ServiceApplicationSaveContact'
10:10:53.952 [Test worker] DEBUG com.tngtech.archunit.core.importer.JavaClassProcessor - Processing class 'com/uco/TrafficAgent/application/service/login/ServiceApplicationLogin'
10:10:53.954 [Test worker] DEBUG com.tngtech.archunit.core.importer.JavaClassProcessor - Processing class 'com/uco/TrafficAgent/domain/service/user/ServiceUpdateUser'
10:10:53.957 [Test worker] DEBUG com.tngtech.archunit.core.importer.JavaClassProcessor - Processing class 'com/uco/TrafficAgent/application/service/report/consult/ServiceApplicationListAllReportByDate'
10:10:53.960 [Test worker] DEBUG com.tngtech.archunit.core.importer.JavaClassProcessor - Processing class 'com/uco/TrafficAgent/domain/service/contact/ServiceSaveContact'
10:10:53.962 [Test worker] DEBUG com.tngtech.archunit.core.importer.JavaClassProcessor - Processing class 'com/uco/TrafficAgent/application/encrypted/ServiceEncryptedPassword'
10:10:53.964 [Test worker] DEBUG com.tngtech.archunit.core.importer.JavaClassProcessor - Processing class 'com/uco/TrafficAgent/infrastructure/repository/user/controller/ComandControllerUser'
10:10:53.967 [Test worker] DEBUG com.tngtech.archunit.core.importer.JavaClassProcessor - Processing class 'com/uco/TrafficAgent/application/service/user/comand/dto/DtoUpdateUser'
10:10:53.974 [Test worker] DEBUG com.tngtech.archunit.core.importer.JavaClassProcessor - Processing class 'com/uco/TrafficAgent/application/encrypted/impl/ServiceEncryptedPasswordImpl'
10:10:53.977 [Test worker] DEBUG com.tngtech.archunit.core.importer.JavaClassProcessor - Processing class 'com/uco/TrafficAgent/infrastructure/repository/contact/adapter/entity/EntityContactEmergency'
10:10:53.996 [Test worker] DEBUG com.tngtech.archunit.core.importer.JavaClassProcessor - Processing class 'com/uco/TrafficAgent/application/service/contact/comand/dto/DtoSaveContact'
10:10:54.018 [Test worker] DEBUG com.tngtech.archunit.core.importer.JavaClassProcessor - Processing class 'com/uco/TrafficAgent/application/service/report/comand/dto/DtoSaveReport'
10:10:54.027 [Test worker] DEBUG com.tngtech.archunit.core.importer.JavaClassProcessor - Processing class 'com/uco/TrafficAgent/domain/validator/ValidatorAttributes'
10:10:54.040 [Test worker] DEBUG com.tngtech.archunit.core.importer.JavaClassProcessor - Processing class 'com/uco/TrafficAgent/domain/service/report/ServiceSaveReport'
10:10:54.043 [Test worker] DEBUG com.tngtech.archunit.core.importer.JavaClassProcessor - Processing class 'com/uco/TrafficAgent/TrafficAgentApplication'
10:10:54.045 [Test worker] DEBUG com.tngtech.archunit.core.importer.JavaClassProcessor - Processing class 'com/uco/TrafficAgent/infrastructure/aspect/LogExecutionAspect'
10:10:54.048 [Test worker] DEBUG com.tngtech.archunit.core.importer.JavaClassProcessor - Processing class 'com/uco/TrafficAgent/infrastructure/aspect/service/AuthorizationService'
10:10:54.051 [Test worker] DEBUG com.tngtech.archunit.core.importer.JavaClassProcessor - Processing class 'com/uco/TrafficAgent/domain/service/user/ServiceSaveUser'
10:10:54.053 [Test worker] DEBUG com.tngtech.archunit.core.importer.JavaClassProcessor - Processing class 'com/uco/TrafficAgent/infrastructure/repository/report/adapter/repository/jpa/RepositoryReportJpa'
10:10:54.055 [Test worker] DEBUG com.tngtech.archunit.core.importer.JavaClassProcessor - Processing class 'com/uco/TrafficAgent/domain/service/report/ServiceListAllReportByUser'
10:10:54.057 [Test worker] DEBUG com.tngtech.archunit.core.importer.JavaClassProcessor - Processing class 'com/uco/TrafficAgent/infrastructure/aspect/Secured'
10:10:54.104 [Test worker] DEBUG com.tngtech.archunit.core.importer.JavaClassProcessor - Processing class 'com/uco/TrafficAgent/infrastructure/repository/user/adapter/entity/EntityUser'
10:10:54.109 [Test worker] DEBUG com.tngtech.archunit.core.importer.JavaClassProcessor - Processing class 'com/uco/TrafficAgent/infrastructure/repository/contact/adapter/repository/RepositoryContactDB'
10:10:54.279 [Test worker] DEBUG com.tngtech.archunit.core.importer.JavaClassProcessor - Processing class 'com/uco/TrafficAgent/infrastructure/repository/contact/controller/ConsultControllerContact'
10:10:54.400 [Test worker] DEBUG com.tngtech.archunit.core.importer.DependencyResolutionProcess - Automatically resolving transitive class dependencies with the following configuration:
import.dependencyResolutionProcess.maxIterationsForMemberTypes = 1
import.dependencyResolutionProcess.maxIterationsForAccessesToTypes = 1
import.dependencyResolutionProcess.maxIterationsForSupertypes = -1
import.dependencyResolutionProcess.maxIterationsForEnclosingTypes = -1
import.dependencyResolutionProcess.maxIterationsForAnnotationTypes = -1
import.dependencyResolutionProcess.maxIterationsForGenericSignatureTypes = -1
10:10:54.430 [Test worker] DEBUG com.tngtech.archunit.core.importer.JavaClassProcessor - Processing class 'io/jsonwebtoken/impl/TextCodec'
10:10:54.455 [Test worker] DEBUG com.tngtech.archunit.core.importer.JavaClassProcessor - Processing class 'org/springframework/data/repository/query/Param'
10:10:54.485 [Test worker] DEBUG com.tngtech.archunit.core.importer.JavaClassProcessor - Processing class 'java/util/Arrays'
10:10:54.532 [Test worker] DEBUG com.tngtech.archunit.core.importer.JavaClassProcessor - Processing class 'org/springframework/web/bind/annotation/RequestParam'
10:10:54.551 [Test worker] DEBUG com.tngtech.archunit.core.importer.JavaClassProcessor - Processing class 'java/lang/System'
10:10:54.585 [Test worker] DEBUG com.tngtech.archunit.core.importer.JavaClassProcessor - Processing class 'java/time/ZonedDateTime'
10:10:54.594 [Test worker] DEBUG com.tngtech.archunit.core.importer.JavaClassProcessor - Processing class 'org/springframework/beans/factory/annotation/Autowired'
10:10:54.613 [Test worker] DEBUG com.tngtech.archunit.core.importer.JavaClassProcessor - Processing class 'javax/crypto/spec/SecretKeySpec'
10:10:54.615 [Test worker] DEBUG com.tngtech.archunit.core.importer.JavaClassProcessor - Processing class 'java/lang/Record'
10:10:54.616 [Test worker] DEBUG com.tngtech.archunit.core.importer.JavaClassProcessor - Processing class 'java/lang/Integer'
10:10:54.645 [Test worker] DEBUG com.tngtech.archunit.core.importer.JavaClassProcessor - Processing class 'org/springframework/web/context/request/RequestContextHolder'
10:10:54.647 [Test worker] DEBUG com.tngtech.archunit.core.importer.JavaClassProcessor - Processing class 'java/lang/Long'
10:10:54.652 [Test worker] DEBUG com.tngtech.archunit.core.importer.JavaClassProcessor - Processing class 'java/time/Duration'
10:10:54.664 [Test worker] DEBUG com.tngtech.archunit.core.importer.JavaClassProcessor - Processing class 'io/jsonwebtoken/JwtBuilder'
10:10:54.758 [Test worker] DEBUG com.tngtech.archunit.core.importer.JavaClassProcessor - Processing class 'io/jsonwebtoken/SignatureAlgorithm'
10:10:54.781 [Test worker] DEBUG com.tngtech.archunit.core.importer.JavaClassProcessor - Processing class 'org/springframework/stereotype/Repository'
10:10:54.828 [Test worker] DEBUG com.tngtech.archunit.core.importer.JavaClassProcessor - Processing class 'com/auth0/jwt/interfaces/Claim'
10:10:54.846 [Test worker] DEBUG com.tngtech.archunit.core.importer.JavaClassProcessor - Processing class 'javax/persistence/Entity'
10:10:54.849 [Test worker] DEBUG com.tngtech.archunit.core.importer.JavaClassProcessor - Processing class 'org/springframework/web/bind/annotation/PostMapping'
10:10:54.854 [Test worker] DEBUG com.tngtech.archunit.core.importer.JavaClassProcessor - Processing class 'javax/persistence/ManyToOne'
10:10:54.857 [Test worker] DEBUG com.tngtech.archunit.core.importer.JavaClassProcessor - Processing class 'javax/persistence/CascadeType'
10:10:54.862 [Test worker] DEBUG com.tngtech.archunit.core.importer.JavaClassProcessor - Processing class 'java/lang/String'
10:10:54.883 [Test worker] DEBUG com.tngtech.archunit.core.importer.JavaClassProcessor - Processing class 'org/springframework/web/bind/annotation/RestController'
10:10:54.884 [Test worker] DEBUG com.tngtech.archunit.core.importer.JavaClassProcessor - Processing class 'java/lang/Exception'
10:10:54.894 [Test worker] DEBUG com.tngtech.archunit.core.importer.JavaClassProcessor - Processing class 'java/time/ZoneId'
10:10:54.944 [Test worker] DEBUG com.tngtech.archunit.core.importer.JavaClassProcessor - Processing class 'org/aspectj/lang/annotation/Around'
10:10:54.961 [Test worker] DEBUG com.tngtech.archunit.core.importer.JavaClassProcessor - Processing class 'java/util/stream/Stream'
10:10:54.986 [Test worker] DEBUG com.tngtech.archunit.core.importer.JavaClassProcessor - Processing class 'javax/persistence/GeneratedValue'
10:10:54.991 [Test worker] DEBUG com.tngtech.archunit.core.importer.JavaClassProcessor - Processing class 'java/lang/Throwable'
10:10:54.996 [Test worker] DEBUG com.tngtech.archunit.core.importer.JavaClassProcessor - Processing class 'com/auth0/jwt/JWT'
10:10:55.008 [Test worker] DEBUG com.tngtech.archunit.core.importer.JavaClassProcessor - Processing class 'org/springframework/data/jpa/repository/Query'
10:10:55.012 [Test worker] DEBUG com.tngtech.archunit.core.importer.JavaClassProcessor - Processing class 'com/auth0/jwt/interfaces/DecodedJWT'
10:10:55.017 [Test worker] DEBUG com.tngtech.archunit.core.importer.JavaClassProcessor - Processing class 'java/time/LocalDateTime'
10:10:55.046 [Test worker] DEBUG com.tngtech.archunit.core.importer.JavaClassProcessor - Processing class 'org/springframework/web/filter/OncePerRequestFilter'
10:10:55.059 [Test worker] DEBUG com.tngtech.archunit.core.importer.JavaClassProcessor - Processing class 'org/springframework/retry/annotation/EnableRetry'
10:10:55.060 [Test worker] DEBUG com.tngtech.archunit.core.importer.JavaClassProcessor - Processing class 'java/util/ArrayList'
10:10:55.085 [Test worker] DEBUG com.tngtech.archunit.core.importer.JavaClassProcessor - Processing class 'org/springframework/web/bind/annotation/RequestBody'
10:10:55.105 [Test worker] DEBUG com.tngtech.archunit.core.importer.JavaClassProcessor - Processing class 'javax/servlet/http/HttpServletRequest'
10:10:55.110 [Test worker] DEBUG com.tngtech.archunit.core.importer.JavaClassProcessor - Processing class 'javax/persistence/Table'
10:10:55.112 [Test worker] DEBUG com.tngtech.archunit.core.importer.JavaClassProcessor - Processing class 'org/springframework/web/bind/annotation/ExceptionHandler'
10:10:55.114 [Test worker] DEBUG com.tngtech.archunit.core.importer.JavaClassProcessor - Processing class 'org/springframework/web/bind/annotation/ControllerAdvice'
10:10:55.127 [Test worker] DEBUG com.tngtech.archunit.core.importer.JavaClassProcessor - Processing class 'org/springframework/boot/autoconfigure/SpringBootApplication'
10:10:55.131 [Test worker] DEBUG com.tngtech.archunit.core.importer.JavaClassProcessor - Processing class 'javax/persistence/OneToMany'
10:10:55.132 [Test worker] DEBUG com.tngtech.archunit.core.importer.JavaClassProcessor - Processing class 'java/io/IOException'
10:10:55.133 [Test worker] DEBUG com.tngtech.archunit.core.importer.JavaClassProcessor - Processing class 'java/lang/annotation/Target'
10:10:55.135 [Test worker] DEBUG com.tngtech.archunit.core.importer.JavaClassProcessor - Processing class 'java/lang/RuntimeException'
10:10:55.150 [Test worker] DEBUG com.tngtech.archunit.core.importer.JavaClassProcessor - Processing class 'org/springframework/boot/web/client/RestTemplateBuilder'
10:10:55.169 [Test worker] DEBUG com.tngtech.archunit.core.importer.JavaClassProcessor - Processing class 'org/springframework/http/HttpStatus'
10:10:55.180 [Test worker] DEBUG com.tngtech.archunit.core.importer.JavaClassProcessor - Processing class 'javax/persistence/FetchType'
10:10:55.181 [Test worker] DEBUG com.tngtech.archunit.core.importer.JavaClassProcessor - Processing class 'java/lang/IllegalStateException'
10:10:55.197 [Test worker] DEBUG com.tngtech.archunit.core.importer.JavaClassProcessor - Processing class 'io/jsonwebtoken/impl/crypto/DefaultJwtSignatureValidator'
10:10:55.199 [Test worker] DEBUG com.tngtech.archunit.core.importer.JavaClassProcessor - Processing class 'org/springframework/web/bind/annotation/PathVariable'
10:10:55.219 [Test worker] DEBUG com.tngtech.archunit.core.importer.JavaClassProcessor - Processing class 'javax/servlet/FilterChain'
10:10:55.221 [Test worker] DEBUG com.tngtech.archunit.core.importer.JavaClassProcessor - Processing class 'org/springframework/boot/web/servlet/FilterRegistrationBean'
10:10:55.225 [Test worker] DEBUG com.tngtech.archunit.core.importer.JavaClassProcessor - Processing class 'javax/servlet/ServletException'
10:10:55.226 [Test worker] DEBUG com.tngtech.archunit.core.importer.JavaClassProcessor - Processing class 'java/util/Date'
10:10:55.231 [Test worker] DEBUG com.tngtech.archunit.core.importer.JavaClassProcessor - Processing class 'org/slf4j/LoggerFactory'
10:10:55.263 [Test worker] DEBUG com.tngtech.archunit.core.importer.JavaClassProcessor - Processing class 'org/springframework/boot/SpringApplication'
10:10:55.274 [Test worker] DEBUG com.tngtech.archunit.core.importer.JavaClassProcessor - Processing class 'org/springframework/web/bind/annotation/PutMapping'
10:10:55.288 [Test worker] DEBUG com.tngtech.archunit.core.importer.JavaClassProcessor - Processing class 'org/aspectj/lang/annotation/Aspect'
10:10:55.323 [Test worker] DEBUG com.tngtech.archunit.core.importer.JavaClassProcessor - Processing class 'java/lang/reflect/Method'
10:10:55.333 [Test worker] DEBUG com.tngtech.archunit.core.importer.JavaClassProcessor - Processing class 'org/springframework/web/bind/annotation/DeleteMapping'
10:10:55.348 [Test worker] DEBUG com.tngtech.archunit.core.importer.JavaClassProcessor - Processing class 'org/springframework/web/client/RestTemplate'
10:10:55.365 [Test worker] DEBUG com.tngtech.archunit.core.importer.JavaClassProcessor - Processing class 'java/util/concurrent/ConcurrentHashMap'
10:10:55.401 [Test worker] DEBUG com.tngtech.archunit.core.importer.JavaClassProcessor - Processing class 'java/util/UUID'
10:10:55.423 [Test worker] DEBUG com.tngtech.archunit.core.importer.JavaClassProcessor - Processing class 'java/util/stream/Collectors'
10:10:55.434 [Test worker] DEBUG com.tngtech.archunit.core.importer.JavaClassProcessor - Processing class 'org/springframework/context/annotation/Configuration'
10:10:55.438 [Test worker] DEBUG com.tngtech.archunit.core.importer.JavaClassProcessor - Processing class 'javax/persistence/GenerationType'
10:10:55.441 [Test worker] DEBUG com.tngtech.archunit.core.importer.JavaClassProcessor - Processing class 'javax/persistence/Column'
10:10:55.443 [Test worker] DEBUG com.tngtech.archunit.core.importer.JavaClassProcessor - Processing class 'java/util/List'
10:10:55.458 [Test worker] DEBUG com.tngtech.archunit.core.importer.JavaClassProcessor - Processing class 'io/jsonwebtoken/Jwts'
10:10:55.484 [Test worker] DEBUG com.tngtech.archunit.core.importer.JavaClassProcessor - Processing class 'org/springframework/core/env/Environment'
10:10:55.485 [Test worker] DEBUG com.tngtech.archunit.core.importer.JavaClassProcessor - Processing class 'java/lang/annotation/Annotation'
10:10:55.512 [Test worker] DEBUG com.tngtech.archunit.core.importer.JavaClassProcessor - Processing class 'java/util/Optional'
10:10:55.515 [Test worker] DEBUG com.tngtech.archunit.core.importer.JavaClassProcessor - Processing class 'org/springframework/data/jpa/repository/JpaRepository'
10:10:55.518 [Test worker] DEBUG com.tngtech.archunit.core.importer.JavaClassProcessor - Processing class 'org/springframework/web/bind/annotation/RequestMapping'
10:10:55.519 [Test worker] DEBUG com.tngtech.archunit.core.importer.JavaClassProcessor - Processing class 'java/lang/annotation/Retention'
10:10:55.521 [Test worker] DEBUG com.tngtech.archunit.core.importer.JavaClassProcessor - Processing class 'org/springframework/web/bind/annotation/GetMapping'
10:10:55.523 [Test worker] DEBUG com.tngtech.archunit.core.importer.JavaClassProcessor - Processing class 'org/aspectj/lang/JoinPoint'
10:10:55.525 [Test worker] DEBUG com.tngtech.archunit.core.importer.JavaClassProcessor - Processing class 'org/springframework/web/bind/annotation/ResponseStatus'
10:10:55.528 [Test worker] DEBUG com.tngtech.archunit.core.importer.JavaClassProcessor - Processing class 'javax/persistence/Id'
10:10:55.530 [Test worker] DEBUG com.tngtech.archunit.core.importer.JavaClassProcessor - Processing class 'org/slf4j/Logger'
10:10:55.546 [Test worker] DEBUG com.tngtech.archunit.core.importer.JavaClassProcessor - Processing class 'java/util/Iterator'
10:10:55.548 [Test worker] DEBUG com.tngtech.archunit.core.importer.JavaClassProcessor - Processing class 'javax/persistence/JoinColumn'
10:10:55.572 [Test worker] DEBUG com.tngtech.archunit.core.importer.JavaClassProcessor - Processing class 'javax/servlet/http/HttpServletResponse'
10:10:55.601 [Test worker] DEBUG com.tngtech.archunit.core.importer.JavaClassProcessor - Processing class 'org/springframework/web/context/request/ServletRequestAttributes'
10:10:55.603 [Test worker] DEBUG com.tngtech.archunit.core.importer.JavaClassProcessor - Processing class 'java/lang/IllegalArgumentException'
10:10:55.604 [Test worker] DEBUG com.tngtech.archunit.core.importer.JavaClassProcessor - Processing class 'java/lang/annotation/ElementType'
10:10:55.608 [Test worker] DEBUG com.tngtech.archunit.core.importer.JavaClassProcessor - Processing class 'org/springframework/stereotype/Component'
10:10:55.633 [Test worker] DEBUG com.tngtech.archunit.core.importer.JavaClassProcessor - Processing class 'org/aspectj/lang/annotation/Before'
10:10:55.634 [Test worker] DEBUG com.tngtech.archunit.core.importer.JavaClassProcessor - Processing class 'java/lang/Object'
10:10:55.658 [Test worker] DEBUG com.tngtech.archunit.core.importer.JavaClassProcessor - Processing class 'org/aspectj/lang/reflect/MethodSignature'
10:10:55.662 [Test worker] DEBUG com.tngtech.archunit.core.importer.JavaClassProcessor - Processing class 'java/lang/Class'
10:10:55.716 [Test worker] DEBUG com.tngtech.archunit.core.importer.JavaClassProcessor - Processing class 'org/springframework/http/ResponseEntity'
10:10:55.739 [Test worker] DEBUG com.tngtech.archunit.core.importer.JavaClassProcessor - Processing class 'org/springframework/context/annotation/Bean'
10:10:55.755 [Test worker] DEBUG com.tngtech.archunit.core.importer.JavaClassProcessor - Processing class 'org/apache/commons/codec/digest/DigestUtils'
10:10:55.762 [Test worker] DEBUG com.tngtech.archunit.core.importer.JavaClassProcessor - Processing class 'java/util/Comparator'
10:10:55.808 [Test worker] DEBUG com.tngtech.archunit.core.importer.JavaClassProcessor - Processing class 'org/aspectj/lang/ProceedingJoinPoint'
10:10:55.810 [Test worker] DEBUG com.tngtech.archunit.core.importer.JavaClassProcessor - Processing class 'java/lang/annotation/RetentionPolicy'
10:10:55.855 [Test worker] DEBUG com.tngtech.archunit.core.importer.JavaClassProcessor - Processing class 'java/lang/annotation/Inherited'
10:10:55.867 [Test worker] DEBUG com.tngtech.archunit.core.importer.JavaClassProcessor - Processing class 'java/util/DoubleSummaryStatistics'
10:10:55.870 [Test worker] DEBUG com.tngtech.archunit.core.importer.JavaClassProcessor - Processing class 'java/util/function/DoubleConsumer'
10:10:55.880 [Test worker] DEBUG com.tngtech.archunit.core.importer.JavaClassProcessor - Processing class 'java/security/spec/KeySpec'
10:10:55.912 [Test worker] DEBUG com.tngtech.archunit.core.importer.JavaClassProcessor - Processing class 'javax/persistence/ConstraintMode'
10:10:55.933 [Test worker] DEBUG com.tngtech.archunit.core.importer.JavaClassProcessor - Processing class 'org/springframework/core/env/PropertyResolver'
10:10:55.936 [Test worker] DEBUG com.tngtech.archunit.core.importer.JavaClassProcessor - Processing class 'org/springframework/web/filter/GenericFilterBean'
10:10:55.951 [Test worker] DEBUG com.tngtech.archunit.core.importer.JavaClassProcessor - Processing class 'java/util/Map'
10:10:55.955 [Test worker] DEBUG com.tngtech.archunit.core.importer.JavaClassProcessor - Processing class 'java/lang/reflect/Executable'
10:10:55.975 [Test worker] DEBUG com.tngtech.archunit.core.importer.JavaClassProcessor - Processing class 'javax/servlet/Filter'
10:10:55.976 [Test worker] DEBUG com.tngtech.archunit.core.importer.JavaClassProcessor - Processing class 'java/lang/CharSequence'
10:10:55.988 [Test worker] DEBUG com.tngtech.archunit.core.importer.JavaClassProcessor - Processing class 'org/springframework/data/repository/PagingAndSortingRepository'
10:10:55.990 [Test worker] DEBUG com.tngtech.archunit.core.importer.JavaClassProcessor - Processing class 'java/time/chrono/ChronoLocalDateTime'
10:10:56.028 [Test worker] DEBUG com.tngtech.archunit.core.importer.JavaClassProcessor - Processing class 'java/util/Set'
10:10:56.036 [Test worker] DEBUG com.tngtech.archunit.core.importer.JavaClassProcessor - Processing class 'java/io/Serializable'
10:10:56.050 [Test worker] DEBUG com.tngtech.archunit.core.importer.JavaClassProcessor - Processing class 'org/springframework/http/client/ClientHttpRequestInterceptor'
10:10:56.060 [Test worker] DEBUG com.tngtech.archunit.core.importer.JavaClassProcessor - Processing class 'org/springframework/beans/factory/support/BeanNameGenerator'
10:10:56.061 [Test worker] DEBUG com.tngtech.archunit.core.importer.JavaClassProcessor - Processing class 'jdk/internal/ValueBased'
10:10:56.079 [Test worker] DEBUG com.tngtech.archunit.core.importer.JavaClassProcessor - Processing class 'javax/crypto/SecretKey'
10:10:56.082 [Test worker] DEBUG com.tngtech.archunit.core.importer.JavaClassProcessor - Processing class 'org/springframework/http/client/support/InterceptingHttpAccessor'
10:10:56.098 [Test worker] DEBUG com.tngtech.archunit.core.importer.JavaClassProcessor - Processing class 'java/lang/reflect/AnnotatedElement'
10:10:56.100 [Test worker] DEBUG com.tngtech.archunit.core.importer.JavaClassProcessor - Processing class 'java/lang/Double'
10:10:56.115 [Test worker] DEBUG com.tngtech.archunit.core.importer.JavaClassProcessor - Processing class 'org/springframework/http/client/ClientHttpRequestFactory'
10:10:56.117 [Test worker] DEBUG com.tngtech.archunit.core.importer.JavaClassProcessor - Processing class 'org/springframework/boot/web/client/RestTemplateCustomizer'
10:10:56.118 [Test worker] DEBUG com.tngtech.archunit.core.importer.JavaClassProcessor - Processing class 'java/lang/invoke/TypeDescriptor$OfField'
10:10:56.120 [Test worker] DEBUG com.tngtech.archunit.core.importer.JavaClassProcessor - Processing class 'org/springframework/boot/context/TypeExcludeFilter'
10:10:56.139 [Test worker] DEBUG com.tngtech.archunit.core.importer.JavaClassProcessor - Processing class 'org/springframework/boot/web/servlet/AbstractFilterRegistrationBean'
10:10:56.143 [Test worker] DEBUG com.tngtech.archunit.core.importer.JavaClassProcessor - Processing class 'org/springframework/data/repository/NoRepositoryBean'
10:10:56.145 [Test worker] DEBUG com.tngtech.archunit.core.importer.JavaClassProcessor - Processing class 'java/util/RandomAccess'
10:10:56.297 [Test worker] DEBUG com.tngtech.archunit.core.importer.JavaClassProcessor - Processing class 'org/springframework/boot/BootstrapRegistryInitializer'
10:10:56.298 [Test worker] DEBUG com.tngtech.archunit.core.importer.JavaClassProcessor - Processing class 'java/time/temporal/TemporalAmount'
10:10:56.300 [Test worker] DEBUG com.tngtech.archunit.core.importer.JavaClassProcessor - Processing class 'org/springframework/lang/Nullable'
10:10:56.302 [Test worker] DEBUG com.tngtech.archunit.core.importer.JavaClassProcessor - Processing class 'org/springframework/stereotype/Indexed'
10:10:56.303 [Test worker] DEBUG com.tngtech.archunit.core.importer.JavaClassProcessor - Processing class 'java/lang/Number'
10:10:56.304 [Test worker] DEBUG com.tngtech.archunit.core.importer.JavaClassProcessor - Processing class 'java/lang/SafeVarargs'
10:10:56.305 [Test worker] DEBUG com.tngtech.archunit.core.importer.JavaClassProcessor - Processing class 'java/util/Map$Entry'
10:10:56.309 [Test worker] DEBUG com.tngtech.archunit.core.importer.JavaClassProcessor - Processing class 'jdk/internal/vm/annotation/IntrinsicCandidate'
10:10:56.371 [Test worker] DEBUG com.tngtech.archunit.core.importer.JavaClassProcessor - Processing class 'java/util/stream/LongStream'
10:10:56.398 [Test worker] DEBUG com.tngtech.archunit.core.importer.JavaClassProcessor - Processing class 'org/springframework/boot/autoconfigure/EnableAutoConfiguration'
10:10:56.400 [Test worker] DEBUG com.tngtech.archunit.core.importer.JavaClassProcessor - Processing class 'java/lang/Deprecated'
10:10:56.401 [Test worker] DEBUG com.tngtech.archunit.core.importer.JavaClassProcessor - Processing class 'org/springframework/http/HttpMethod'
10:10:56.404 [Test worker] DEBUG com.tngtech.archunit.core.importer.JavaClassProcessor - Processing class 'org/springframework/context/annotation/Import'
10:10:56.422 [Test worker] DEBUG com.tngtech.archunit.core.importer.JavaClassProcessor - Processing class 'javax/persistence/JoinColumns'
10:10:56.438 [Test worker] DEBUG com.tngtech.archunit.core.importer.JavaClassProcessor - Processing class 'org/springframework/web/client/RestOperations'
10:10:56.445 [Test worker] DEBUG com.tngtech.archunit.core.importer.JavaClassProcessor - Processing class 'java/lang/reflect/Field'
10:10:56.448 [Test worker] DEBUG com.tngtech.archunit.core.importer.JavaClassProcessor - Processing class 'com/auth0/jwt/interfaces/Header'
10:10:56.470 [Test worker] DEBUG com.tngtech.archunit.core.importer.JavaClassProcessor - Processing class 'org/springframework/context/annotation/ComponentScan'
10:10:56.472 [Test worker] DEBUG com.tngtech.archunit.core.importer.JavaClassProcessor - Processing class 'java/util/stream/Collector$Characteristics'
10:10:56.474 [Test worker] DEBUG com.tngtech.archunit.core.importer.JavaClassProcessor - Processing class 'java/lang/constant/Constable'
10:10:56.507 [Test worker] DEBUG com.tngtech.archunit.core.importer.JavaClassProcessor - Processing class 'java/time/chrono/ChronoZonedDateTime'
10:10:56.521 [Test worker] DEBUG com.tngtech.archunit.core.importer.JavaClassProcessor - Processing class 'org/springframework/boot/SpringBootConfiguration'
10:10:56.527 [Test worker] DEBUG com.tngtech.archunit.core.importer.JavaClassProcessor - Processing class 'java/lang/Comparable'
10:10:56.530 [Test worker] DEBUG com.tngtech.archunit.core.importer.JavaClassProcessor - Processing class 'java/time/temporal/TemporalAdjuster'
10:10:56.532 [Test worker] DEBUG com.tngtech.archunit.core.importer.JavaClassProcessor - Processing class 'java/net/URL'
10:10:56.537 [Test worker] DEBUG com.tngtech.archunit.core.importer.JavaClassProcessor - Processing class 'java/util/function/IntConsumer'
10:10:56.546 [Test worker] DEBUG com.tngtech.archunit.core.importer.JavaClassProcessor - Processing class 'java/util/AbstractList'
10:10:56.571 [Test worker] DEBUG com.tngtech.archunit.core.importer.JavaClassProcessor - Processing class 'org/springframework/data/annotation/QueryAnnotation'
10:10:56.579 [Test worker] DEBUG com.tngtech.archunit.core.importer.JavaClassProcessor - Processing class 'org/springframework/context/annotation/ComponentScan$Filter'
10:10:56.580 [Test worker] DEBUG com.tngtech.archunit.core.importer.JavaClassProcessor - Processing class 'java/lang/Enum'
10:10:56.591 [Test worker] DEBUG com.tngtech.archunit.core.importer.JavaClassProcessor - Processing class 'io/jsonwebtoken/impl/crypto/JwtSignatureValidator'
10:10:56.601 [Test worker] DEBUG com.tngtech.archunit.core.importer.JavaClassProcessor - Processing class 'org/springframework/web/context/request/RequestAttributes'
10:10:56.602 [Test worker] DEBUG com.tngtech.archunit.core.importer.JavaClassProcessor - Processing class 'java/lang/annotation/Documented'
10:10:56.616 [Test worker] DEBUG com.tngtech.archunit.core.importer.JavaClassProcessor - Processing class 'org/springframework/boot/web/client/RestTemplateRequestCustomizer'
10:10:56.617 [Test worker] DEBUG com.tngtech.archunit.core.importer.JavaClassProcessor - Processing class 'java/lang/Cloneable'
10:10:56.618 [Test worker] DEBUG com.tngtech.archunit.core.importer.JavaClassProcessor - Processing class 'jdk/internal/vm/annotation/ForceInline'
10:10:56.628 [Test worker] DEBUG com.tngtech.archunit.core.importer.JavaClassProcessor - Processing class 'org/springframework/http/HttpHeaders'
10:10:56.655 [Test worker] DEBUG com.tngtech.archunit.core.importer.JavaClassProcessor - Processing class 'javax/persistence/ForeignKey'
10:10:56.656 [Test worker] DEBUG com.tngtech.archunit.core.importer.JavaClassProcessor - Processing class 'java/util/Collection'
10:10:56.660 [Test worker] DEBUG com.tngtech.archunit.core.importer.JavaClassProcessor - Processing class 'org/springframework/web/bind/annotation/RequestMethod'
10:10:56.662 [Test worker] DEBUG com.tngtech.archunit.core.importer.JavaClassProcessor - Processing class 'org/springframework/context/ApplicationListener'
10:10:56.672 [Test worker] DEBUG com.tngtech.archunit.core.importer.JavaClassProcessor - Processing class 'org/springframework/beans/factory/annotation/Autowire'
10:10:56.693 [Test worker] DEBUG com.tngtech.archunit.core.importer.JavaClassProcessor - Processing class 'java/util/stream/DoubleStream'
10:10:56.707 [Test worker] DEBUG com.tngtech.archunit.core.importer.JavaClassProcessor - Processing class 'org/springframework/http/HttpEntity'
10:10:56.708 [Test worker] DEBUG com.tngtech.archunit.core.importer.JavaClassProcessor - Processing class 'java/lang/Class$ReflectionData'
10:10:56.711 [Test worker] DEBUG com.tngtech.archunit.core.importer.JavaClassProcessor - Processing class 'javax/servlet/ServletResponse'
10:10:56.711 [Test worker] DEBUG com.tngtech.archunit.core.importer.JavaClassProcessor - Processing class 'java/lang/reflect/Type'
10:10:56.712 [Test worker] DEBUG com.tngtech.archunit.core.importer.JavaClassProcessor - Processing class 'jdk/internal/reflect/CallerSensitive'
10:10:56.714 [Test worker] DEBUG com.tngtech.archunit.core.importer.JavaClassProcessor - Processing class 'org/springframework/http/converter/HttpMessageConverter'
10:10:56.715 [Test worker] DEBUG com.tngtech.archunit.core.importer.JavaClassProcessor - Processing class 'java/time/LocalDate'
10:10:56.730 [Test worker] DEBUG com.tngtech.archunit.core.importer.JavaClassProcessor - Processing class 'org/springframework/boot/SpringBootExceptionReporter'
10:10:56.731 [Test worker] DEBUG com.tngtech.archunit.core.importer.JavaClassProcessor - Processing class 'java/time/temporal/Temporal'
10:10:56.732 [Test worker] DEBUG com.tngtech.archunit.core.importer.JavaClassProcessor - Processing class 'java/util/stream/IntStream'
10:10:56.741 [Test worker] DEBUG com.tngtech.archunit.core.importer.JavaClassProcessor - Processing class 'org/springframework/context/annotation/EnableAspectJAutoProxy'
10:10:56.742 [Test worker] DEBUG com.tngtech.archunit.core.importer.JavaClassProcessor - Processing class 'java/time/temporal/TemporalUnit'
10:10:56.758 [Test worker] DEBUG com.tngtech.archunit.core.importer.JavaClassProcessor - Processing class 'org/springframework/boot/autoconfigure/AutoConfigurationExcludeFilter'
10:10:56.770 [Test worker] DEBUG com.tngtech.archunit.core.importer.JavaClassProcessor - Processing class 'org/springframework/stereotype/Controller'
10:10:56.772 [Test worker] DEBUG com.tngtech.archunit.core.importer.JavaClassProcessor - Processing class 'org/springframework/web/context/request/AbstractRequestAttributes'
10:10:56.803 [Test worker] DEBUG com.tngtech.archunit.core.importer.JavaClassProcessor - Processing class 'org/springframework/retry/annotation/RetryConfiguration'
10:10:56.811 [Test worker] DEBUG com.tngtech.archunit.core.importer.JavaClassProcessor - Processing class 'java/util/concurrent/ConcurrentMap'
10:10:56.819 [Test worker] DEBUG com.tngtech.archunit.core.importer.JavaClassProcessor - Processing class 'javax/servlet/http/HttpUpgradeHandler'
10:10:56.820 [Test worker] DEBUG com.tngtech.archunit.core.importer.JavaClassProcessor - Processing class 'java/lang/FunctionalInterface'
10:10:56.820 [Test worker] DEBUG com.tngtech.archunit.core.importer.JavaClassProcessor - Processing class 'java/lang/constant/ConstantDesc'
10:10:56.821 [Test worker] DEBUG com.tngtech.archunit.core.importer.JavaClassProcessor - Processing class 'java/lang/annotation/Repeatable'
10:10:56.822 [Test worker] DEBUG com.tngtech.archunit.core.importer.JavaClassProcessor - Processing class 'java/lang/Boolean'
10:10:56.835 [Test worker] DEBUG com.tngtech.archunit.core.importer.JavaClassProcessor - Processing class 'org/aspectj/lang/reflect/CodeSignature'
10:10:56.837 [Test worker] DEBUG com.tngtech.archunit.core.importer.JavaClassProcessor - Processing class 'org/springframework/context/annotation/FilterType'
10:10:56.846 [Test worker] DEBUG com.tngtech.archunit.core.importer.JavaClassProcessor - Processing class 'java/util/LongSummaryStatistics'
10:10:56.848 [Test worker] DEBUG com.tngtech.archunit.core.importer.JavaClassProcessor - Processing class 'java/lang/reflect/GenericDeclaration'
10:10:56.849 [Test worker] DEBUG com.tngtech.archunit.core.importer.JavaClassProcessor - Processing class 'org/springframework/core/annotation/AliasFor'
10:10:56.850 [Test worker] DEBUG com.tngtech.archunit.core.importer.JavaClassProcessor - Processing class 'javax/servlet/ServletRequest'
10:10:56.851 [Test worker] DEBUG com.tngtech.archunit.core.importer.JavaClassProcessor - Processing class 'jdk/internal/vm/annotation/Stable'
10:10:56.877 [Test worker] DEBUG com.tngtech.archunit.core.importer.JavaClassProcessor - Processing class 'org/springframework/core/env/StandardEnvironment'
10:10:56.879 [Test worker] DEBUG com.tngtech.archunit.core.importer.JavaClassProcessor - Processing class 'org/springframework/web/bind/annotation/ResponseBody'
10:10:56.891 [Test worker] DEBUG com.tngtech.archunit.core.importer.JavaClassProcessor - Processing class 'java/util/function/LongConsumer'
10:10:56.980 [Test worker] DEBUG com.tngtech.archunit.core.importer.JavaClassProcessor - Processing class 'java/util/function/Consumer'
10:10:56.983 [Test worker] DEBUG com.tngtech.archunit.core.importer.JavaClassProcessor - Processing class 'io/jsonwebtoken/ClaimsMutator'
10:10:57.000 [Test worker] DEBUG com.tngtech.archunit.core.importer.JavaClassProcessor - Processing class 'org/springframework/data/repository/query/QueryByExampleExecutor'
10:10:57.002 [Test worker] DEBUG com.tngtech.archunit.core.importer.JavaClassProcessor - Processing class 'java/util/AbstractMap'
10:10:57.008 [Test worker] DEBUG com.tngtech.archunit.core.importer.JavaClassProcessor - Processing class 'javax/servlet/http/Part'
10:10:57.009 [Test worker] DEBUG com.tngtech.archunit.core.importer.JavaClassProcessor - Processing class 'java/lang/constant/ClassDesc'
10:10:57.043 [Test worker] DEBUG com.tngtech.archunit.core.importer.JavaClassProcessor - Processing class 'java/util/stream/BaseStream'
10:10:57.045 [Test worker] DEBUG com.tngtech.archunit.core.importer.JavaClassProcessor - Processing class 'java/util/IntSummaryStatistics'
10:10:57.046 [Test worker] DEBUG com.tngtech.archunit.core.importer.JavaClassProcessor - Processing class 'com/auth0/jwt/interfaces/Payload'
10:10:57.049 [Test worker] DEBUG com.tngtech.archunit.core.importer.JavaClassProcessor - Processing class 'org/springframework/context/ApplicationContextInitializer'
10:10:57.050 [Test worker] DEBUG com.tngtech.archunit.core.importer.JavaClassProcessor - Processing class 'org/springframework/web/bind/annotation/Mapping'
10:10:57.053 [Test worker] DEBUG com.tngtech.archunit.core.importer.JavaClassProcessor - Processing class 'org/springframework/data/repository/query/FluentQuery$FetchableFluentQuery'
10:10:57.054 [Test worker] DEBUG com.tngtech.archunit.core.importer.JavaClassProcessor - Processing class 'java/lang/Enum$EnumDesc'
10:10:57.057 [Test worker] DEBUG com.tngtech.archunit.core.importer.JavaClassProcessor - Processing class 'java/util/stream/Collector'
10:10:57.059 [Test worker] DEBUG com.tngtech.archunit.core.importer.JavaClassProcessor - Processing class 'java/lang/invoke/TypeDescriptor'
10:10:57.060 [Test worker] DEBUG com.tngtech.archunit.core.importer.JavaClassProcessor - Processing class 'org/springframework/context/PayloadApplicationEvent'
10:10:57.062 [Test worker] DEBUG com.tngtech.archunit.core.importer.JavaClassProcessor - Processing class 'org/springframework/boot/autoconfigure/AutoConfigurationImportSelector'
10:10:57.088 [Test worker] DEBUG com.tngtech.archunit.core.importer.JavaClassProcessor - Processing class 'org/springframework/aop/IntroductionAdvisor'
10:10:57.089 [Test worker] DEBUG com.tngtech.archunit.core.importer.JavaClassProcessor - Processing class 'java/lang/reflect/Member'
10:10:57.101 [Test worker] DEBUG com.tngtech.archunit.core.importer.JavaClassProcessor - Processing class 'java/util/EventListener'
10:10:57.102 [Test worker] DEBUG com.tngtech.archunit.core.importer.JavaClassProcessor - Processing class 'org/springframework/context/annotation/Role'
10:10:57.118 [Test worker] DEBUG com.tngtech.archunit.core.importer.JavaClassProcessor - Processing class 'org/springframework/beans/factory/DisposableBean'
10:10:57.129 [Test worker] DEBUG com.tngtech.archunit.core.importer.JavaClassProcessor - Processing class 'org/springframework/boot/autoconfigure/AutoConfigurationPackage'
10:10:57.130 [Test worker] DEBUG com.tngtech.archunit.core.importer.JavaClassProcessor - Processing class 'java/time/temporal/TemporalAccessor'
10:10:57.139 [Test worker] DEBUG com.tngtech.archunit.core.importer.JavaClassProcessor - Processing class 'org/springframework/http/client/ClientHttpRequest'
10:10:57.141 [Test worker] DEBUG com.tngtech.archunit.core.importer.JavaClassProcessor - Processing class 'org/springframework/beans/factory/BeanFactoryAware'
10:10:57.155 [Test worker] DEBUG com.tngtech.archunit.core.importer.JavaClassProcessor - Processing class 'org/springframework/core/env/EnvironmentCapable'
10:10:57.172 [Test worker] DEBUG com.tngtech.archunit.core.importer.JavaClassProcessor - Processing class 'org/springframework/boot/web/servlet/DynamicRegistrationBean'
10:10:57.174 [Test worker] DEBUG com.tngtech.archunit.core.importer.JavaClassProcessor - Processing class 'java/net/spi/URLStreamHandlerProvider'
10:10:57.184 [Test worker] DEBUG com.tngtech.archunit.core.importer.JavaClassProcessor - Processing class 'org/springframework/util/MultiValueMap'
10:10:57.186 [Test worker] DEBUG com.tngtech.archunit.core.importer.JavaClassProcessor - Processing class 'org/springframework/context/ApplicationEvent'
10:10:57.188 [Test worker] DEBUG com.tngtech.archunit.core.importer.JavaClassProcessor - Processing class 'javax/servlet/FilterRegistration$Dynamic'
10:10:57.313 [Test worker] DEBUG com.tngtech.archunit.core.importer.JavaClassProcessor - Processing class 'org/springframework/web/context/ServletContextAware'
10:10:57.315 [Test worker] DEBUG com.tngtech.archunit.core.importer.JavaClassProcessor - Processing class 'org/springframework/core/type/filter/TypeFilter'
10:10:57.316 [Test worker] DEBUG com.tngtech.archunit.core.importer.JavaClassProcessor - Processing class 'java/lang/Runnable'
10:10:57.317 [Test worker] DEBUG com.tngtech.archunit.core.importer.JavaClassProcessor - Processing class 'java/lang/AutoCloseable'
10:10:57.318 [Test worker] DEBUG com.tngtech.archunit.core.importer.JavaClassProcessor - Processing class 'java/util/AbstractCollection'
10:10:57.328 [Test worker] DEBUG com.tngtech.archunit.core.importer.JavaClassProcessor - Processing class 'java/util/Locale'
10:10:57.650 [Test worker] DEBUG com.tngtech.archunit.core.importer.JavaClassProcessor - Processing class 'org/springframework/context/ConfigurableApplicationContext'
10:10:57.669 [Test worker] DEBUG com.tngtech.archunit.core.importer.JavaClassProcessor - Processing class 'javax/security/auth/Destroyable'
10:10:57.682 [Test worker] DEBUG com.tngtech.archunit.core.importer.JavaClassProcessor - Processing class 'org/springframework/http/MediaType'
10:10:57.713 [Test worker] DEBUG com.tngtech.archunit.core.importer.JavaClassProcessor - Processing class 'java/util/Locale$LanguageRange'
10:10:57.743 [Test worker] DEBUG com.tngtech.archunit.core.importer.JavaClassProcessor - Processing class 'org/springframework/aop/support/AbstractPointcutAdvisor'
10:10:57.744 [Test worker] DEBUG com.tngtech.archunit.core.importer.JavaClassProcessor - Processing class 'java/security/Key'
10:10:57.745 [Test worker] DEBUG com.tngtech.archunit.core.importer.JavaClassProcessor - Processing class 'java/lang/constant/DynamicConstantDesc'
10:10:57.758 [Test worker] DEBUG com.tngtech.archunit.core.importer.JavaClassProcessor - Processing class 'java/net/URLStreamHandler'
10:10:57.772 [Test worker] DEBUG com.tngtech.archunit.core.importer.JavaClassProcessor - Processing class 'org/springframework/http/client/support/HttpAccessor'
10:10:57.775 [Test worker] DEBUG com.tngtech.archunit.core.importer.JavaClassProcessor - Processing class 'org/springframework/context/annotation/AnnotationScopeMetadataResolver'
10:10:57.777 [Test worker] DEBUG com.tngtech.archunit.core.importer.JavaClassProcessor - Processing class 'org/springframework/beans/factory/BeanClassLoaderAware'
10:10:57.778 [Test worker] DEBUG com.tngtech.archunit.core.importer.JavaClassProcessor - Processing class 'org/aspectj/lang/reflect/MemberSignature'
10:10:57.780 [Test worker] DEBUG com.tngtech.archunit.core.importer.JavaClassProcessor - Processing class 'org/springframework/context/annotation/AspectJAutoProxyRegistrar'
10:10:57.832 [Test worker] DEBUG com.tngtech.archunit.core.importer.JavaClassProcessor - Processing class 'org/springframework/data/repository/CrudRepository'
10:10:57.907 [Test worker] DEBUG com.tngtech.archunit.core.importer.JavaClassProcessor - Processing class 'org/springframework/beans/factory/InitializingBean'
10:10:57.908 [Test worker] DEBUG com.tngtech.archunit.core.importer.JavaClassProcessor - Processing class 'java/lang/Iterable'
10:10:57.974 [Test worker] DEBUG com.tngtech.archunit.core.importer.JavaClassProcessor - Processing class 'java/nio/charset/Charset'
10:10:57.977 [Test worker] DEBUG com.tngtech.archunit.core.importer.JavaClassProcessor - Processing class 'org/springframework/context/annotation/ComponentScans'
10:10:58.021 [Test worker] DEBUG com.tngtech.archunit.core.importer.JavaClassProcessor - Processing class 'org/springframework/boot/web/servlet/ServletRegistrationBean'
10:10:58.053 [Test worker] DEBUG com.tngtech.archunit.core.importer.JavaClassProcessor - Processing class 'org/springframework/retry/RetryListener'
10:10:58.061 [Test worker] DEBUG com.tngtech.archunit.core.importer.JavaClassProcessor - Processing class 'org/springframework/beans/factory/BeanNameAware'
10:10:58.087 [Test worker] DEBUG com.tngtech.archunit.core.importer.JavaClassProcessor - Processing class 'java/time/chrono/ChronoLocalDate'
10:10:58.091 [Test worker] DEBUG com.tngtech.archunit.core.importer.JavaClassProcessor - Processing class 'java/lang/reflect/AccessibleObject'
10:10:58.094 [Test worker] DEBUG com.tngtech.archunit.core.importer.JavaClassProcessor - Processing class 'org/springframework/context/annotation/ScopedProxyMode'
10:10:58.122 [Test worker] DEBUG com.tngtech.archunit.core.importer.JavaClassProcessor - Processing class 'org/springframework/http/HttpRange'
10:10:58.139 [Test worker] DEBUG com.tngtech.archunit.core.importer.JavaClassProcessor - Processing class 'org/springframework/beans/factory/SmartInitializingSingleton'
10:10:58.141 [Test worker] DEBUG com.tngtech.archunit.core.importer.JavaClassProcessor - Processing class 'org/springframework/context/EnvironmentAware'
10:10:58.142 [Test worker] DEBUG com.tngtech.archunit.core.importer.JavaClassProcessor - Processing class 'org/springframework/context/annotation/ScopeMetadataResolver'
10:10:58.164 [Test worker] DEBUG com.tngtech.archunit.core.importer.JavaClassProcessor - Processing class 'javax/servlet/DispatcherType'
10:10:58.174 [Test worker] DEBUG com.tngtech.archunit.core.importer.JavaClassProcessor - Processing class 'org/springframework/core/env/AbstractEnvironment'
10:10:58.196 [Test worker] DEBUG com.tngtech.archunit.core.importer.JavaClassProcessor - Processing class 'org/springframework/boot/autoconfigure/AutoConfigurationImportListener'
10:10:58.197 [Test worker] DEBUG com.tngtech.archunit.core.importer.JavaClassProcessor - Processing class 'java/nio/charset/spi/CharsetProvider'
10:10:58.198 [Test worker] DEBUG com.tngtech.archunit.core.importer.JavaClassProcessor - Processing class 'org/springframework/data/repository/query/FluentQuery'
10:10:58.209 [Test worker] DEBUG com.tngtech.archunit.core.importer.JavaClassProcessor - Processing class 'org/springframework/http/HttpRequest'
10:10:58.211 [Test worker] DEBUG com.tngtech.archunit.core.importer.JavaClassProcessor - Processing class 'org/springframework/boot/web/servlet/RegistrationBean'
10:10:58.213 [Test worker] DEBUG com.tngtech.archunit.core.importer.JavaClassProcessor - Processing class 'javax/servlet/Registration$Dynamic'
10:10:58.214 [Test worker] DEBUG com.tngtech.archunit.core.importer.JavaClassProcessor - Processing class 'java/util/EventObject'
10:10:58.229 [Test worker] DEBUG com.tngtech.archunit.core.importer.JavaClassProcessor - Processing class 'org/springframework/util/MimeType'
10:10:58.232 [Test worker] DEBUG com.tngtech.archunit.core.importer.JavaClassProcessor - Processing class 'java/lang/Character'
10:10:58.235 [Test worker] DEBUG com.tngtech.archunit.core.importer.JavaClassProcessor - Processing class 'org/springframework/data/repository/Repository'
10:10:58.270 [Test worker] DEBUG com.tngtech.archunit.core.importer.JavaClassProcessor - Processing class 'org/springframework/boot/autoconfigure/AutoConfigurationPackages$Registrar'
10:10:58.273 [Test worker] DEBUG com.tngtech.archunit.core.importer.JavaClassProcessor - Processing class 'javax/servlet/ServletRegistration$Dynamic'
10:10:58.275 [Test worker] DEBUG com.tngtech.archunit.core.importer.JavaClassProcessor - Processing class 'java/lang/ThreadLocal'
10:10:58.277 [Test worker] DEBUG com.tngtech.archunit.core.importer.JavaClassProcessor - Processing class 'javax/servlet/Servlet'
10:10:58.292 [Test worker] DEBUG com.tngtech.archunit.core.importer.JavaClassProcessor - Processing class 'org/aspectj/lang/Signature'
10:10:58.293 [Test worker] DEBUG com.tngtech.archunit.core.importer.JavaClassProcessor - Processing class 'javax/servlet/FilterRegistration'
10:10:58.314 [Test worker] DEBUG com.tngtech.archunit.core.importer.JavaClassProcessor - Processing class 'java/net/URLStreamHandlerFactory'
10:10:58.317 [Test worker] DEBUG com.tngtech.archunit.core.importer.JavaClassProcessor - Processing class 'sun/util/locale/LocaleExtensions'
10:10:58.319 [Test worker] DEBUG com.tngtech.archunit.core.importer.JavaClassProcessor - Processing class 'org/springframework/core/Ordered'
10:10:58.332 [Test worker] DEBUG com.tngtech.archunit.core.importer.JavaClassProcessor - Processing class 'org/springframework/aop/PointcutAdvisor'
10:10:58.333 [Test worker] DEBUG com.tngtech.archunit.core.importer.JavaClassProcessor - Processing class 'org/springframework/context/annotation/DeferredImportSelector'
10:10:58.335 [Test worker] DEBUG com.tngtech.archunit.core.importer.JavaClassProcessor - Processing class 'org/springframework/beans/factory/Aware'
10:10:58.348 [Test worker] DEBUG com.tngtech.archunit.core.importer.JavaClassProcessor - Processing class 'org/springframework/core/ResolvableTypeProvider'
10:10:58.356 [Test worker] DEBUG com.tngtech.archunit.core.importer.JavaClassProcessor - Processing class 'org/springframework/core/io/support/ResourceRegion'
10:10:58.359 [Test worker] DEBUG com.tngtech.archunit.core.importer.JavaClassProcessor - Processing class 'org/springframework/aop/IntroductionInfo'
10:10:58.361 [Test worker] DEBUG com.tngtech.archunit.core.importer.JavaClassProcessor - Processing class 'org/springframework/boot/autoconfigure/AutoConfigurationImportFilter'
10:10:58.362 [Test worker] DEBUG com.tngtech.archunit.core.importer.JavaClassProcessor - Processing class 'org/springframework/core/env/ConfigurableEnvironment'
10:10:58.364 [Test worker] DEBUG com.tngtech.archunit.core.importer.JavaClassProcessor - Processing class 'org/springframework/context/annotation/ImportBeanDefinitionRegistrar'
10:10:58.383 [Test worker] DEBUG com.tngtech.archunit.core.importer.JavaClassProcessor - Processing class 'org/springframework/http/client/ClientHttpRequestInitializer'
10:10:58.414 [Test worker] DEBUG com.tngtech.archunit.core.importer.JavaClassProcessor - Processing class 'org/springframework/aop/Advisor'
10:10:58.415 [Test worker] DEBUG com.tngtech.archunit.core.importer.JavaClassProcessor - Processing class 'org/springframework/context/ResourceLoaderAware'
10:10:58.428 [Test worker] DEBUG com.tngtech.archunit.core.importer.JavaClassProcessor - Processing class 'org/springframework/context/ApplicationContext'
10:10:58.430 [Test worker] DEBUG com.tngtech.archunit.core.importer.JavaClassProcessor - Processing class 'org/springframework/context/Lifecycle'
10:10:58.491 [Test worker] DEBUG com.tngtech.archunit.core.importer.JavaClassProcessor - Processing class 'sun/util/locale/BaseLocale'
10:10:58.500 [Test worker] DEBUG com.tngtech.archunit.core.importer.JavaClassProcessor - Processing class 'org/springframework/context/annotation/DeferredImportSelector$Group'
10:10:58.501 [Test worker] DEBUG com.tngtech.archunit.core.importer.JavaClassProcessor - Processing class 'java/io/Closeable'
10:10:58.526 [Test worker] DEBUG com.tngtech.archunit.core.importer.JavaClassProcessor - Processing class 'org/springframework/http/HttpOutputMessage'
10:10:58.539 [Test worker] DEBUG com.tngtech.archunit.core.importer.JavaClassProcessor - Processing class 'sun/util/locale/Extension'
10:10:58.541 [Test worker] DEBUG com.tngtech.archunit.core.importer.JavaClassProcessor - Processing class 'org/springframework/beans/factory/HierarchicalBeanFactory'
10:10:58.542 [Test worker] DEBUG com.tngtech.archunit.core.importer.JavaClassProcessor - Processing class 'javax/servlet/ServletRegistration'
10:10:58.544 [Test worker] DEBUG com.tngtech.archunit.core.importer.JavaClassProcessor - Processing class 'org/springframework/core/env/ConfigurablePropertyResolver'
10:10:58.545 [Test worker] DEBUG com.tngtech.archunit.core.importer.JavaClassProcessor - Processing class 'org/springframework/context/annotation/DeferredImportSelector$Group$Entry'
10:10:58.547 [Test worker] DEBUG com.tngtech.archunit.core.importer.JavaClassProcessor - Processing class 'org/springframework/context/ApplicationEventPublisher'
10:10:58.548 [Test worker] DEBUG com.tngtech.archunit.core.importer.JavaClassProcessor - Processing class 'org/springframework/http/HttpMessage'
10:10:58.549 [Test worker] DEBUG com.tngtech.archunit.core.importer.JavaClassProcessor - Processing class 'org/springframework/context/annotation/ImportSelector'
10:10:58.551 [Test worker] DEBUG com.tngtech.archunit.core.importer.JavaClassProcessor - Processing class 'org/springframework/boot/web/servlet/ServletContextInitializer'
10:10:58.552 [Test worker] DEBUG com.tngtech.archunit.core.importer.JavaClassProcessor - Processing class 'org/springframework/context/MessageSource'
10:10:58.554 [Test worker] DEBUG com.tngtech.archunit.core.importer.JavaClassProcessor - Processing class 'javax/servlet/Registration'
10:10:58.555 [Test worker] DEBUG com.tngtech.archunit.core.importer.JavaClassProcessor - Processing class 'org/springframework/boot/autoconfigure/AutoConfigurationPackages'
10:10:58.557 [Test worker] DEBUG com.tngtech.archunit.core.importer.JavaClassProcessor - Processing class 'org/springframework/boot/context/annotation/DeterminableImports'
10:10:58.558 [Test worker] DEBUG com.tngtech.archunit.core.importer.JavaClassProcessor - Processing class 'sun/util/locale/InternalLocaleBuilder$CaseInsensitiveString'
10:10:58.559 [Test worker] DEBUG com.tngtech.archunit.core.importer.JavaClassProcessor - Processing class 'org/springframework/core/io/support/ResourcePatternResolver'
10:10:58.560 [Test worker] DEBUG com.tngtech.archunit.core.importer.JavaClassProcessor - Processing class 'sun/util/locale/InternalLocaleBuilder$CaseInsensitiveChar'
10:10:58.562 [Test worker] DEBUG com.tngtech.archunit.core.importer.JavaClassProcessor - Processing class 'org/springframework/beans/factory/ListableBeanFactory'
10:10:58.563 [Test worker] DEBUG com.tngtech.archunit.core.importer.JavaClassProcessor - Processing class 'org/springframework/core/io/ResourceLoader'
10:10:58.604 [Test worker] DEBUG com.tngtech.archunit.core.importer.JavaClassProcessor - Processing class 'org/springframework/beans/factory/BeanFactory'
10:10:58.605 [Test worker] DEBUG com.tngtech.archunit.core.importer.JavaClassProcessor - Processing class 'sun/util/locale/InternalLocaleBuilder'
10:10:58.765 [Test worker] DEBUG com.tngtech.archunit.core.importer.JavaClassProcessor - Processing class 'com/auth0/jwt/impl/JWTParser'
10:10:58.834 [Test worker] DEBUG com.tngtech.archunit.core.importer.JavaClassProcessor - Processing class 'com/auth0/jwt/exceptions/JWTDecodeException'
10:10:58.941 [Test worker] DEBUG com.tngtech.archunit.core.importer.JavaClassProcessor - Processing class 'com/auth0/jwt/JWTCreator$Builder'
10:10:58.943 [Test worker] DEBUG com.tngtech.archunit.core.importer.JavaClassProcessor - Processing class 'com/auth0/jwt/interfaces/Verification'
10:10:59.111 [Test worker] DEBUG com.tngtech.archunit.core.importer.JavaClassProcessor - Processing class 'com/auth0/jwt/algorithms/Algorithm'
10:10:59.242 [Test worker] DEBUG com.tngtech.archunit.core.importer.JavaClassProcessor - Processing class 'java/time/Instant'
10:10:59.864 [Test worker] DEBUG com.tngtech.archunit.core.importer.JavaClassProcessor - Processing class 'io/jsonwebtoken/Claims'
10:10:59.869 [Test worker] DEBUG com.tngtech.archunit.core.importer.JavaClassProcessor - Processing class 'io/jsonwebtoken/CompressionCodec'
10:10:59.870 [Test worker] DEBUG com.tngtech.archunit.core.importer.JavaClassProcessor - Processing class 'io/jsonwebtoken/Header'
10:10:59.875 [Test worker] DEBUG com.tngtech.archunit.core.importer.JavaClassProcessor - Processing class 'io/jsonwebtoken/JwsHeader'
10:10:59.879 [Test worker] DEBUG com.tngtech.archunit.core.importer.JavaClassProcessor - Processing class 'io/jsonwebtoken/JwtParser'
10:10:59.883 [Test worker] DEBUG com.tngtech.archunit.core.importer.JavaClassProcessor - Processing class 'io/jsonwebtoken/SignatureException'
10:10:59.886 [Test worker] DEBUG com.tngtech.archunit.core.importer.JavaClassProcessor - Processing class 'io/jsonwebtoken/impl/crypto/SignatureValidator'
10:10:59.889 [Test worker] DEBUG com.tngtech.archunit.core.importer.JavaClassProcessor - Processing class 'io/jsonwebtoken/impl/crypto/SignatureValidatorFactory'
10:10:59.963 [Test worker] DEBUG com.tngtech.archunit.core.importer.JavaClassProcessor - Processing class 'java/security/ProtectionDomain'
10:11:00.002 [Test worker] DEBUG com.tngtech.archunit.core.importer.JavaClassProcessor - Processing class 'java/io/ObjectStreamField'
10:11:00.005 [Test worker] DEBUG com.tngtech.archunit.core.importer.JavaClassProcessor - Processing class 'sun/reflect/annotation/AnnotationType'
10:11:00.008 [Test worker] DEBUG com.tngtech.archunit.core.importer.JavaClassProcessor - Processing class 'java/lang/Class$AnnotationData'
10:11:00.013 [Test worker] DEBUG com.tngtech.archunit.core.importer.JavaClassProcessor - Processing class 'jdk/internal/reflect/ReflectionFactory'
10:11:00.015 [Test worker] DEBUG com.tngtech.archunit.core.importer.JavaClassProcessor - Processing class 'java/lang/ClassValue$ClassValueMap'
10:11:00.017 [Test worker] DEBUG com.tngtech.archunit.core.importer.JavaClassProcessor - Processing class 'java/lang/reflect/Constructor'
10:11:00.020 [Test worker] DEBUG com.tngtech.archunit.core.importer.JavaClassProcessor - Processing class 'sun/reflect/generics/repository/ClassRepository'
10:11:00.023 [Test worker] DEBUG com.tngtech.archunit.core.importer.JavaClassProcessor - Processing class 'java/lang/Module'
10:11:00.028 [Test worker] DEBUG com.tngtech.archunit.core.importer.JavaClassProcessor - Processing class 'java/lang/ClassLoader'
10:11:00.033 [Test worker] DEBUG com.tngtech.archunit.core.importer.JavaClassProcessor - Processing class 'java/lang/ref/SoftReference'
10:11:00.035 [Test worker] DEBUG com.tngtech.archunit.core.importer.JavaClassProcessor - Processing class 'java/lang/SecurityException'
10:11:00.191 [Test worker] DEBUG com.tngtech.archunit.core.importer.JavaClassProcessor - Processing class 'java/lang/ClassNotFoundException'
10:11:00.201 [Test worker] DEBUG com.tngtech.archunit.core.importer.JavaClassProcessor - Processing class 'java/lang/reflect/RecordComponent'
10:11:00.233 [Test worker] DEBUG com.tngtech.archunit.core.importer.JavaClassProcessor - Processing class 'java/lang/NoSuchFieldException'
10:11:00.237 [Test worker] DEBUG com.tngtech.archunit.core.importer.JavaClassProcessor - Processing class 'java/lang/InstantiationException'
10:11:00.237 [Test worker] DEBUG com.tngtech.archunit.core.importer.JavaClassProcessor - Processing class 'java/lang/IllegalAccessException'
10:11:00.250 [Test worker] DEBUG com.tngtech.archunit.core.importer.JavaClassProcessor - Processing class 'java/lang/NoSuchMethodException'
10:11:00.251 [Test worker] DEBUG com.tngtech.archunit.core.importer.JavaClassProcessor - Processing class 'sun/reflect/generics/factory/GenericsFactory'
10:11:00.252 [Test worker] DEBUG com.tngtech.archunit.core.importer.JavaClassProcessor - Processing class 'java/lang/PublicMethods$MethodList'
10:11:00.254 [Test worker] DEBUG com.tngtech.archunit.core.importer.JavaClassProcessor - Processing class 'java/lang/reflect/TypeVariable'
10:11:00.257 [Test worker] DEBUG com.tngtech.archunit.core.importer.JavaClassProcessor - Processing class 'java/lang/SecurityManager'
10:11:00.261 [Test worker] DEBUG com.tngtech.archunit.core.importer.JavaClassProcessor - Processing class 'java/lang/reflect/GenericArrayType'
10:11:00.264 [Test worker] DEBUG com.tngtech.archunit.core.importer.JavaClassProcessor - Processing class 'java/lang/reflect/AnnotatedType'
10:11:00.267 [Test worker] DEBUG com.tngtech.archunit.core.importer.JavaClassProcessor - Processing class 'jdk/internal/reflect/ConstantPool'
10:11:00.269 [Test worker] DEBUG com.tngtech.archunit.core.importer.JavaClassProcessor - Processing class 'java/io/InputStream'
10:11:00.288 [Test worker] DEBUG com.tngtech.archunit.core.importer.JavaClassProcessor - Processing class 'jdk/internal/loader/BuiltinClassLoader'
10:11:00.329 [Test worker] DEBUG com.tngtech.archunit.core.importer.JavaClassProcessor - Processing class 'java/lang/Package'
10:11:00.339 [Test worker] DEBUG com.tngtech.archunit.core.importer.JavaClassProcessor - Processing class 'java/lang/Class$EnclosingMethodInfo'
10:11:00.345 [Test worker] DEBUG com.tngtech.archunit.core.importer.JavaClassProcessor - Processing class 'java/lang/NumberFormatException'
10:11:00.349 [Test worker] DEBUG com.tngtech.archunit.core.importer.JavaClassProcessor - Processing class 'java/lang/invoke/MethodHandles$Lookup'
10:11:00.375 [Test worker] DEBUG com.tngtech.archunit.core.importer.JavaClassProcessor - Processing class 'java/lang/ReflectiveOperationException'
10:11:00.378 [Test worker] DEBUG com.tngtech.archunit.core.importer.JavaClassProcessor - Processing class 'java/io/ObjectInputStream'
10:11:00.383 [Test worker] DEBUG com.tngtech.archunit.core.importer.JavaClassProcessor - Processing class 'java/io/ObjectStreamException'
10:11:00.384 [Test worker] DEBUG com.tngtech.archunit.core.importer.JavaClassProcessor - Processing class 'java/lang/CloneNotSupportedException'
10:11:00.414 [Test worker] DEBUG com.tngtech.archunit.core.importer.JavaClassProcessor - Processing class 'java/util/Spliterator'
10:11:00.417 [Test worker] DEBUG com.tngtech.archunit.core.importer.JavaClassProcessor - Processing class 'java/math/BigInteger'
10:11:00.423 [Test worker] DEBUG com.tngtech.archunit.core.importer.JavaClassProcessor - Processing class 'java/lang/InterruptedException'
10:11:00.427 [Test worker] DEBUG com.tngtech.archunit.core.importer.JavaClassProcessor - Processing class 'java/io/UnsupportedEncodingException'
10:11:00.447 [Test worker] DEBUG com.tngtech.archunit.core.importer.JavaClassProcessor - Processing class 'java/lang/AbstractStringBuilder'
10:11:00.449 [Test worker] DEBUG com.tngtech.archunit.core.importer.JavaClassProcessor - Processing class 'java/lang/StringBuffer'
10:11:00.451 [Test worker] DEBUG com.tngtech.archunit.core.importer.JavaClassProcessor - Processing class 'sun/nio/cs/ArrayDecoder'
10:11:00.488 [Test worker] DEBUG com.tngtech.archunit.core.importer.JavaClassProcessor - Processing class 'java/nio/charset/MalformedInputException'
10:11:00.488 [Test worker] DEBUG com.tngtech.archunit.core.importer.JavaClassProcessor - Processing class 'java/nio/charset/CharacterCodingException'
10:11:00.564 [Test worker] DEBUG com.tngtech.archunit.core.importer.JavaClassProcessor - Processing class 'sun/nio/cs/ArrayEncoder'
10:11:00.566 [Test worker] DEBUG com.tngtech.archunit.core.importer.JavaClassProcessor - Processing class 'java/util/function/Function'
10:11:00.567 [Test worker] DEBUG com.tngtech.archunit.core.importer.JavaClassProcessor - Processing class 'java/lang/Void'
10:11:00.568 [Test worker] DEBUG com.tngtech.archunit.core.importer.JavaClassProcessor - Processing class 'java/nio/charset/CharsetDecoder'
10:11:00.571 [Test worker] DEBUG com.tngtech.archunit.core.importer.JavaClassProcessor - Processing class 'java/nio/charset/UnmappableCharacterException'
10:11:00.572 [Test worker] DEBUG com.tngtech.archunit.core.importer.JavaClassProcessor - Processing class 'java/lang/StringBuilder'
10:11:00.577 [Test worker] DEBUG com.tngtech.archunit.core.importer.JavaClassProcessor - Processing class 'java/io/PrintStream'
10:11:00.579 [Test worker] DEBUG com.tngtech.archunit.core.importer.JavaClassProcessor - Processing class 'java/util/Properties'
10:11:00.595 [Test worker] DEBUG com.tngtech.archunit.core.importer.JavaClassProcessor - Processing class 'java/lang/ModuleLayer'
10:11:00.633 [Test worker] DEBUG com.tngtech.archunit.core.importer.JavaClassProcessor - Processing class 'java/io/Console'
10:11:00.639 [Test worker] DEBUG com.tngtech.archunit.core.importer.JavaClassProcessor - Processing class 'java/lang/invoke/StringConcatFactory'
10:11:00.642 [Test worker] DEBUG com.tngtech.archunit.core.importer.JavaClassProcessor - Processing class 'java/nio/channels/Channel'
10:11:00.642 [Test worker] DEBUG com.tngtech.archunit.core.importer.JavaClassProcessor - Processing class 'java/io/FileOutputStream'
10:11:00.644 [Test worker] DEBUG com.tngtech.archunit.core.importer.JavaClassProcessor - Processing class 'java/lang/System$Logger'
10:11:00.645 [Test worker] DEBUG com.tngtech.archunit.core.importer.JavaClassProcessor - Processing class 'java/util/ResourceBundle'
10:11:00.649 [Test worker] DEBUG com.tngtech.archunit.core.importer.JavaClassProcessor - Processing class 'java/util/concurrent/atomic/AtomicInteger'
10:11:00.650 [Test worker] DEBUG com.tngtech.archunit.core.importer.JavaClassProcessor - Processing class 'jdk/internal/misc/TerminatingThreadLocal'
10:11:00.651 [Test worker] DEBUG com.tngtech.archunit.core.importer.JavaClassProcessor - Processing class 'java/lang/ThreadLocal$ThreadLocalMap'
10:11:00.652 [Test worker] DEBUG com.tngtech.archunit.core.importer.JavaClassProcessor - Processing class 'java/util/function/Supplier'
10:11:00.655 [Test worker] DEBUG com.tngtech.archunit.core.importer.JavaClassProcessor - Processing class 'java/lang/Thread'
10:11:00.662 [Test worker] DEBUG com.tngtech.archunit.core.importer.JavaClassProcessor - Processing class 'java/lang/StackTraceElement'
10:11:00.665 [Test worker] DEBUG com.tngtech.archunit.core.importer.JavaClassProcessor - Processing class 'java/io/ObjectOutputStream'
10:11:00.667 [Test worker] DEBUG com.tngtech.archunit.core.importer.JavaClassProcessor - Processing class 'java/lang/Throwable$PrintStreamOrWriter'
10:11:00.703 [Test worker] DEBUG com.tngtech.archunit.core.importer.JavaClassProcessor - Processing class 'java/io/PrintWriter'
10:11:00.713 [Test worker] DEBUG com.tngtech.archunit.core.importer.JavaClassProcessor - Processing class 'java/lang/constant/DirectMethodHandleDesc'
10:11:00.716 [Test worker] DEBUG com.tngtech.archunit.core.importer.JavaClassProcessor - Processing class 'java/lang/reflect/AccessibleObject$Cache'
10:11:00.718 [Test worker] DEBUG com.tngtech.archunit.core.importer.JavaClassProcessor - Processing class 'java/lang/invoke/MethodHandle'
10:11:00.721 [Test worker] DEBUG com.tngtech.archunit.core.importer.JavaClassProcessor - Processing class 'java/lang/ref/WeakReference'
10:11:00.724 [Test worker] DEBUG com.tngtech.archunit.core.importer.JavaClassProcessor - Processing class 'java/lang/reflect/Parameter'
10:11:00.729 [Test worker] DEBUG com.tngtech.archunit.core.importer.JavaClassProcessor - Processing class 'sun/reflect/generics/repository/ConstructorRepository'
10:11:00.731 [Test worker] DEBUG com.tngtech.archunit.core.importer.JavaClassProcessor - Processing class 'sun/reflect/generics/repository/FieldRepository'
10:11:00.732 [Test worker] DEBUG com.tngtech.archunit.core.importer.JavaClassProcessor - Processing class 'jdk/internal/reflect/FieldAccessor'
10:11:00.735 [Test worker] DEBUG com.tngtech.archunit.core.importer.JavaClassProcessor - Processing class 'jdk/internal/reflect/MethodAccessor'
10:11:00.736 [Test worker] DEBUG com.tngtech.archunit.core.importer.JavaClassProcessor - Processing class 'sun/reflect/generics/repository/MethodRepository'
10:11:00.737 [Test worker] DEBUG com.tngtech.archunit.core.importer.JavaClassProcessor - Processing class 'java/lang/reflect/InvocationTargetException'
10:11:00.738 [Test worker] DEBUG com.tngtech.archunit.core.importer.JavaClassProcessor - Processing class 'sun/reflect/annotation/ExceptionProxy'
10:11:00.739 [Test worker] DEBUG com.tngtech.archunit.core.importer.JavaClassProcessor - Processing class 'sun/reflect/annotation/TypeNotPresentExceptionProxy'
10:11:00.769 [Test worker] DEBUG com.tngtech.archunit.core.importer.JavaClassProcessor - Processing class 'java/util/Hashtable'
10:11:00.776 [Test worker] DEBUG com.tngtech.archunit.core.importer.JavaClassProcessor - Processing class 'java/net/UrlDeserializedState'
10:11:00.777 [Test worker] DEBUG com.tngtech.archunit.core.importer.JavaClassProcessor - Processing class 'java/net/InetAddress'
10:11:00.780 [Test worker] DEBUG com.tngtech.archunit.core.importer.JavaClassProcessor - Processing class 'java/net/URLConnection'
10:11:00.786 [Test worker] DEBUG com.tngtech.archunit.core.importer.JavaClassProcessor - Processing class 'java/net/URI'
10:11:00.790 [Test worker] DEBUG com.tngtech.archunit.core.importer.JavaClassProcessor - Processing class 'java/net/MalformedURLException'
10:11:00.792 [Test worker] DEBUG com.tngtech.archunit.core.importer.JavaClassProcessor - Processing class 'java/net/URISyntaxException'
10:11:00.806 [Test worker] DEBUG com.tngtech.archunit.core.importer.JavaClassProcessor - Processing class 'java/net/Proxy'
10:11:00.809 [Test worker] DEBUG com.tngtech.archunit.core.importer.JavaClassProcessor - Processing class 'java/io/InvalidObjectException'
10:11:00.811 [Test worker] DEBUG com.tngtech.archunit.core.importer.JavaClassProcessor - Processing class 'sun/net/www/protocol/jar/Handler'
10:11:00.814 [Test worker] DEBUG com.tngtech.archunit.core.importer.JavaClassProcessor - Processing class 'java/nio/charset/CharsetEncoder'
10:11:00.816 [Test worker] DEBUG com.tngtech.archunit.core.importer.JavaClassProcessor - Processing class 'java/nio/ByteBuffer'
10:11:00.818 [Test worker] DEBUG com.tngtech.archunit.core.importer.JavaClassProcessor - Processing class 'java/nio/CharBuffer'
10:11:00.822 [Test worker] DEBUG com.tngtech.archunit.core.importer.JavaClassProcessor - Processing class 'java/util/SortedMap'
10:11:00.825 [Test worker] DEBUG com.tngtech.archunit.core.importer.JavaClassProcessor - Processing class 'java/io/DataOutput'
10:11:00.865 [Test worker] DEBUG com.tngtech.archunit.core.importer.JavaClassProcessor - Processing class 'java/math/BigDecimal'
10:11:00.870 [Test worker] DEBUG com.tngtech.archunit.core.importer.JavaClassProcessor - Processing class 'java/io/DataInput'
10:11:00.871 [Test worker] DEBUG com.tngtech.archunit.core.importer.JavaClassProcessor - Processing class 'java/time/temporal/ChronoUnit'
10:11:00.873 [Test worker] DEBUG com.tngtech.archunit.core.importer.JavaClassProcessor - Processing class 'java/time/temporal/TemporalField'
10:11:00.900 [Test worker] DEBUG com.tngtech.archunit.core.importer.JavaClassProcessor - Processing class 'java/time/chrono/ChronoPeriod'
10:11:00.926 [Test worker] DEBUG com.tngtech.archunit.core.importer.JavaClassProcessor - Processing class 'java/time/DayOfWeek'
10:11:00.927 [Test worker] DEBUG com.tngtech.archunit.core.importer.JavaClassProcessor - Processing class 'java/time/chrono/Era'
10:11:00.928 [Test worker] DEBUG com.tngtech.archunit.core.importer.JavaClassProcessor - Processing class 'java/time/chrono/Chronology'
10:11:00.929 [Test worker] DEBUG com.tngtech.archunit.core.importer.JavaClassProcessor - Processing class 'java/time/temporal/ChronoField'
10:11:00.992 [Test worker] DEBUG com.tngtech.archunit.core.importer.JavaClassProcessor - Processing class 'java/time/OffsetDateTime'
10:11:00.995 [Test worker] DEBUG com.tngtech.archunit.core.importer.JavaClassProcessor - Processing class 'java/time/OffsetTime'
10:11:00.997 [Test worker] DEBUG com.tngtech.archunit.core.importer.JavaClassProcessor - Processing class 'java/time/Month'
10:11:00.998 [Test worker] DEBUG com.tngtech.archunit.core.importer.JavaClassProcessor - Processing class 'java/time/Period'
10:11:01.000 [Test worker] DEBUG com.tngtech.archunit.core.importer.JavaClassProcessor - Processing class 'java/time/Clock'
10:11:01.030 [Test worker] DEBUG com.tngtech.archunit.core.importer.JavaClassProcessor - Processing class 'java/time/chrono/IsoEra'
10:11:01.031 [Test worker] DEBUG com.tngtech.archunit.core.importer.JavaClassProcessor - Processing class 'java/time/ZoneOffset'
10:11:01.038 [Test worker] DEBUG com.tngtech.archunit.core.importer.JavaClassProcessor - Processing class 'java/time/format/DateTimeFormatter'
10:11:01.041 [Test worker] DEBUG com.tngtech.archunit.core.importer.JavaClassProcessor - Processing class 'java/time/chrono/IsoChronology'
10:11:01.043 [Test worker] DEBUG com.tngtech.archunit.core.importer.JavaClassProcessor - Processing class 'java/time/LocalTime'
10:11:01.045 [Test worker] DEBUG com.tngtech.archunit.core.importer.JavaClassProcessor - Processing class 'java/time/temporal/ValueRange'
10:11:01.046 [Test worker] DEBUG com.tngtech.archunit.core.importer.JavaClassProcessor - Processing class 'java/time/temporal/TemporalQuery'
10:11:01.058 [Test worker] DEBUG com.tngtech.archunit.core.importer.JavaClassProcessor - Processing class 'java/time/format/TextStyle'
10:11:01.069 [Test worker] DEBUG com.tngtech.archunit.core.importer.JavaClassProcessor - Processing class 'java/time/zone/ZoneRules'
10:11:01.070 [Test worker] DEBUG com.tngtech.archunit.core.importer.JavaClassProcessor - Processing class 'java/time/ZoneRegion'
10:11:01.073 [Test worker] DEBUG com.tngtech.archunit.core.importer.JavaClassProcessor - Processing class 'java/io/ObjectInput'
10:11:01.097 [Test worker] DEBUG com.tngtech.archunit.core.importer.JavaClassProcessor - Processing class 'java/lang/invoke/SerializedLambda'
10:11:01.106 [Test worker] DEBUG com.tngtech.archunit.core.importer.JavaClassProcessor - Processing class 'java/util/ListIterator'
10:11:01.111 [Test worker] DEBUG com.tngtech.archunit.core.importer.JavaClassProcessor - Processing class 'java/util/function/Predicate'
10:11:01.128 [Test worker] DEBUG com.tngtech.archunit.core.importer.JavaClassProcessor - Processing class 'java/util/function/UnaryOperator'
10:11:01.135 [Test worker] DEBUG com.tngtech.archunit.core.importer.JavaClassProcessor - Processing class 'java/util/function/LongBinaryOperator'
10:11:01.137 [Test worker] DEBUG com.tngtech.archunit.core.importer.JavaClassProcessor - Processing class 'java/util/function/IntToLongFunction'
10:11:01.138 [Test worker] DEBUG com.tngtech.archunit.core.importer.JavaClassProcessor - Processing class 'java/util/Spliterator$OfDouble'
10:11:01.139 [Test worker] DEBUG com.tngtech.archunit.core.importer.JavaClassProcessor - Processing class 'java/util/function/IntBinaryOperator'
10:11:01.140 [Test worker] DEBUG com.tngtech.archunit.core.importer.JavaClassProcessor - Processing class 'java/util/function/IntUnaryOperator'
10:11:01.143 [Test worker] DEBUG com.tngtech.archunit.core.importer.JavaClassProcessor - Processing class 'java/util/function/IntFunction'
10:11:01.144 [Test worker] DEBUG com.tngtech.archunit.core.importer.JavaClassProcessor - Processing class 'java/util/function/BinaryOperator'
10:11:01.146 [Test worker] DEBUG com.tngtech.archunit.core.importer.JavaClassProcessor - Processing class 'java/util/Spliterator$OfInt'
10:11:01.147 [Test worker] DEBUG com.tngtech.archunit.core.importer.JavaClassProcessor - Processing class 'java/util/function/IntToDoubleFunction'
10:11:01.148 [Test worker] DEBUG com.tngtech.archunit.core.importer.JavaClassProcessor - Processing class 'java/util/Spliterator$OfLong'
10:11:01.149 [Test worker] DEBUG com.tngtech.archunit.core.importer.JavaClassProcessor - Processing class 'java/util/function/DoubleBinaryOperator'
10:11:01.155 [Test worker] DEBUG com.tngtech.archunit.core.importer.JavaClassProcessor - Processing class 'java/util/function/ToIntFunction'
10:11:01.156 [Test worker] DEBUG com.tngtech.archunit.core.importer.JavaClassProcessor - Processing class 'java/util/function/ToLongFunction'
10:11:01.157 [Test worker] DEBUG com.tngtech.archunit.core.importer.JavaClassProcessor - Processing class 'java/util/function/ToDoubleFunction'
10:11:01.160 [Test worker] DEBUG com.tngtech.archunit.core.importer.JavaClassProcessor - Processing class 'sun/util/calendar/BaseCalendar'
10:11:01.161 [Test worker] DEBUG com.tngtech.archunit.core.importer.JavaClassProcessor - Processing class 'sun/util/calendar/BaseCalendar$Date'
10:11:01.162 [Test worker] DEBUG com.tngtech.archunit.core.importer.JavaClassProcessor - Processing class 'sun/util/calendar/ZoneInfo'
10:11:01.316 [Test worker] DEBUG com.tngtech.archunit.core.importer.JavaClassProcessor - Processing class 'java/util/Locale$Category'
10:11:01.318 [Test worker] DEBUG com.tngtech.archunit.core.importer.JavaClassProcessor - Processing class 'java/util/spi/LocaleNameProvider'
10:11:01.320 [Test worker] DEBUG com.tngtech.archunit.core.importer.JavaClassProcessor - Processing class 'java/util/Locale$FilteringMode'
10:11:01.334 [Test worker] DEBUG com.tngtech.archunit.core.importer.JavaClassProcessor - Processing class 'java/util/MissingResourceException'
10:11:01.335 [Test worker] DEBUG com.tngtech.archunit.core.importer.JavaClassProcessor - Processing class 'sun/util/locale/provider/LocaleResources'
10:11:01.338 [Test worker] DEBUG com.tngtech.archunit.core.importer.JavaClassProcessor - Processing class 'java/util/Locale$IsoCountryCode'
10:11:01.341 [Test worker] DEBUG com.tngtech.archunit.core.importer.JavaClassProcessor - Processing class 'java/util/function/BiFunction'
10:11:01.426 [Test worker] DEBUG com.tngtech.archunit.core.importer.JavaClassProcessor - Processing class 'java/util/ImmutableCollections$AbstractImmutableMap'
10:11:01.431 [Test worker] DEBUG com.tngtech.archunit.core.importer.JavaClassProcessor - Processing class 'java/util/function/BiConsumer'
10:11:01.433 [Test worker] DEBUG com.tngtech.archunit.core.importer.JavaClassProcessor - Processing class 'java/util/KeyValueHolder'
10:11:01.438 [Test worker] DEBUG com.tngtech.archunit.core.importer.JavaClassProcessor - Processing class 'java/util/ImmutableCollections$AbstractImmutableSet'
10:11:01.440 [Test worker] DEBUG com.tngtech.archunit.core.importer.JavaClassProcessor - Processing class 'jdk/internal/access/JavaLangAccess'
10:11:01.466 [Test worker] DEBUG com.tngtech.archunit.core.importer.JavaClassProcessor - Processing class 'jdk/internal/misc/Unsafe'
10:11:01.472 [Test worker] DEBUG com.tngtech.archunit.core.importer.JavaClassProcessor - Processing class 'java/util/concurrent/ConcurrentHashMap$ValuesView'
10:11:01.473 [Test worker] DEBUG com.tngtech.archunit.core.importer.JavaClassProcessor - Processing class 'java/util/concurrent/ConcurrentHashMap$Node'
10:11:01.475 [Test worker] DEBUG com.tngtech.archunit.core.importer.JavaClassProcessor - Processing class 'java/util/concurrent/ConcurrentHashMap$EntrySetView'
10:11:01.480 [Test worker] DEBUG com.tngtech.archunit.core.importer.JavaClassProcessor - Processing class 'java/util/concurrent/ConcurrentHashMap$KeySetView'
10:11:01.482 [Test worker] DEBUG com.tngtech.archunit.core.importer.JavaClassProcessor - Processing class 'java/util/concurrent/ConcurrentHashMap$CounterCell'
10:11:01.483 [Test worker] DEBUG com.tngtech.archunit.core.importer.JavaClassProcessor - Processing class 'java/util/concurrent/ConcurrentHashMap$TreeBin'
10:11:01.484 [Test worker] DEBUG com.tngtech.archunit.core.importer.JavaClassProcessor - Processing class 'java/util/concurrent/ConcurrentHashMap$ReservationNode'
10:11:01.485 [Test worker] DEBUG com.tngtech.archunit.core.importer.JavaClassProcessor - Processing class 'java/util/function/ToDoubleBiFunction'
10:11:01.486 [Test worker] DEBUG com.tngtech.archunit.core.importer.JavaClassProcessor - Processing class 'java/util/Enumeration'
10:11:01.488 [Test worker] DEBUG com.tngtech.archunit.core.importer.JavaClassProcessor - Processing class 'java/lang/reflect/ParameterizedType'
10:11:01.489 [Test worker] DEBUG com.tngtech.archunit.core.importer.JavaClassProcessor - Processing class 'java/util/concurrent/ConcurrentHashMap$ForwardingNode'
10:11:01.490 [Test worker] DEBUG com.tngtech.archunit.core.importer.JavaClassProcessor - Processing class 'java/util/function/ToLongBiFunction'
10:11:01.492 [Test worker] DEBUG com.tngtech.archunit.core.importer.JavaClassProcessor - Processing class 'java/util/function/ToIntBiFunction'
10:11:01.494 [Test worker] DEBUG com.tngtech.archunit.core.importer.JavaClassProcessor - Processing class 'java/util/concurrent/ConcurrentHashMap$Segment'
10:11:01.495 [Test worker] DEBUG com.tngtech.archunit.core.importer.JavaClassProcessor - Processing class 'java/util/concurrent/locks/LockSupport'
10:11:01.537 [Test worker] DEBUG com.tngtech.archunit.core.importer.JavaClassProcessor - Processing class 'java/util/function/ObjDoubleConsumer'
10:11:01.559 [Test worker] DEBUG com.tngtech.archunit.core.importer.JavaClassProcessor - Processing class 'java/util/function/DoublePredicate'
10:11:01.559 [Test worker] DEBUG com.tngtech.archunit.core.importer.JavaClassProcessor - Processing class 'java/util/function/DoubleUnaryOperator'
10:11:01.561 [Test worker] DEBUG com.tngtech.archunit.core.importer.JavaClassProcessor - Processing class 'java/util/OptionalDouble'
10:11:01.562 [Test worker] DEBUG com.tngtech.archunit.core.importer.JavaClassProcessor - Processing class 'java/util/PrimitiveIterator$OfDouble'
10:11:01.563 [Test worker] DEBUG com.tngtech.archunit.core.importer.JavaClassProcessor - Processing class 'java/util/stream/DoubleStream$Builder'
10:11:01.563 [Test worker] DEBUG com.tngtech.archunit.core.importer.JavaClassProcessor - Processing class 'java/util/stream/DoubleStream$DoubleMapMultiConsumer'
10:11:01.564 [Test worker] DEBUG com.tngtech.archunit.core.importer.JavaClassProcessor - Processing class 'java/util/function/DoubleSupplier'
10:11:01.564 [Test worker] DEBUG com.tngtech.archunit.core.importer.JavaClassProcessor - Processing class 'java/util/function/DoubleToLongFunction'
10:11:01.565 [Test worker] DEBUG com.tngtech.archunit.core.importer.JavaClassProcessor - Processing class 'java/util/function/DoubleFunction'
10:11:01.566 [Test worker] DEBUG com.tngtech.archunit.core.importer.JavaClassProcessor - Processing class 'java/util/function/DoubleToIntFunction'
10:11:01.567 [Test worker] DEBUG com.tngtech.archunit.core.importer.JavaClassProcessor - Processing class 'java/util/function/IntPredicate'
10:11:01.608 [Test worker] DEBUG com.tngtech.archunit.core.importer.JavaClassProcessor - Processing class 'java/util/stream/IntStream$IntMapMultiConsumer'
10:11:01.609 [Test worker] DEBUG com.tngtech.archunit.core.importer.JavaClassProcessor - Processing class 'java/util/OptionalInt'
10:11:01.610 [Test worker] DEBUG com.tngtech.archunit.core.importer.JavaClassProcessor - Processing class 'java/util/PrimitiveIterator$OfInt'
10:11:01.611 [Test worker] DEBUG com.tngtech.archunit.core.importer.JavaClassProcessor - Processing class 'java/util/function/ObjIntConsumer'
10:11:01.612 [Test worker] DEBUG com.tngtech.archunit.core.importer.JavaClassProcessor - Processing class 'java/util/function/IntSupplier'
10:11:01.612 [Test worker] DEBUG com.tngtech.archunit.core.importer.JavaClassProcessor - Processing class 'java/util/stream/IntStream$Builder'
10:11:01.614 [Test worker] DEBUG com.tngtech.archunit.core.importer.JavaClassProcessor - Processing class 'java/util/function/LongPredicate'
10:11:01.614 [Test worker] DEBUG com.tngtech.archunit.core.importer.JavaClassProcessor - Processing class 'java/util/function/LongSupplier'
10:11:01.615 [Test worker] DEBUG com.tngtech.archunit.core.importer.JavaClassProcessor - Processing class 'java/util/OptionalLong'
10:11:01.616 [Test worker] DEBUG com.tngtech.archunit.core.importer.JavaClassProcessor - Processing class 'java/util/function/LongUnaryOperator'
10:11:01.617 [Test worker] DEBUG com.tngtech.archunit.core.importer.JavaClassProcessor - Processing class 'java/util/function/LongFunction'
10:11:01.617 [Test worker] DEBUG com.tngtech.archunit.core.importer.JavaClassProcessor - Processing class 'java/util/function/LongToIntFunction'
10:11:01.617 [Test worker] DEBUG com.tngtech.archunit.core.importer.JavaClassProcessor - Processing class 'java/util/function/LongToDoubleFunction'
10:11:01.618 [Test worker] DEBUG com.tngtech.archunit.core.importer.JavaClassProcessor - Processing class 'java/util/function/ObjLongConsumer'
10:11:01.618 [Test worker] DEBUG com.tngtech.archunit.core.importer.JavaClassProcessor - Processing class 'java/util/stream/LongStream$LongMapMultiConsumer'
10:11:01.619 [Test worker] DEBUG com.tngtech.archunit.core.importer.JavaClassProcessor - Processing class 'java/util/PrimitiveIterator$OfLong'
10:11:01.620 [Test worker] DEBUG com.tngtech.archunit.core.importer.JavaClassProcessor - Processing class 'java/util/stream/LongStream$Builder'
10:11:01.621 [Test worker] DEBUG com.tngtech.archunit.core.importer.JavaClassProcessor - Processing class 'java/util/stream/Stream$Builder'
10:11:01.635 [Test worker] DEBUG com.tngtech.archunit.core.importer.JavaClassProcessor - Processing class 'javax/persistence/Index'
10:11:01.656 [Test worker] DEBUG com.tngtech.archunit.core.importer.JavaClassProcessor - Processing class 'javax/persistence/UniqueConstraint'
10:11:01.657 [Test worker] DEBUG com.tngtech.archunit.core.importer.JavaClassProcessor - Processing class 'javax/security/auth/DestroyFailedException'
10:11:01.660 [Test worker] DEBUG com.tngtech.archunit.core.importer.JavaClassProcessor - Processing class 'javax/servlet/FilterConfig'
10:11:01.661 [Test worker] DEBUG com.tngtech.archunit.core.importer.JavaClassProcessor - Processing class 'java/util/EnumSet'
10:11:01.666 [Test worker] DEBUG com.tngtech.archunit.core.importer.JavaClassProcessor - Processing class 'javax/servlet/ServletConfig'
10:11:01.670 [Test worker] DEBUG com.tngtech.archunit.core.importer.JavaClassProcessor - Processing class 'javax/servlet/ServletSecurityElement'
10:11:01.673 [Test worker] DEBUG com.tngtech.archunit.core.importer.JavaClassProcessor - Processing class 'javax/servlet/MultipartConfigElement'
10:11:01.679 [Test worker] DEBUG com.tngtech.archunit.core.importer.JavaClassProcessor - Processing class 'javax/servlet/AsyncContext'
10:11:01.681 [Test worker] DEBUG com.tngtech.archunit.core.importer.JavaClassProcessor - Processing class 'java/io/BufferedReader'
10:11:01.682 [Test worker] DEBUG com.tngtech.archunit.core.importer.JavaClassProcessor - Processing class 'javax/servlet/ServletInputStream'
10:11:01.709 [Test worker] DEBUG com.tngtech.archunit.core.importer.JavaClassProcessor - Processing class 'javax/servlet/ServletContext'
10:11:01.710 [Test worker] DEBUG com.tngtech.archunit.core.importer.JavaClassProcessor - Processing class 'javax/servlet/RequestDispatcher'
10:11:01.712 [Test worker] DEBUG com.tngtech.archunit.core.importer.JavaClassProcessor - Processing class 'javax/servlet/ServletOutputStream'
10:11:01.714 [Test worker] DEBUG com.tngtech.archunit.core.importer.JavaClassProcessor - Processing class 'javax/servlet/http/PushBuilder'
10:11:01.715 [Test worker] DEBUG com.tngtech.archunit.core.importer.JavaClassProcessor - Processing class 'javax/servlet/http/HttpServletMapping'
10:11:01.716 [Test worker] DEBUG com.tngtech.archunit.core.importer.JavaClassProcessor - Processing class 'javax/servlet/http/HttpSession'
10:11:01.736 [Test worker] DEBUG com.tngtech.archunit.core.importer.JavaClassProcessor - Processing class 'java/security/Principal'
10:11:01.739 [Test worker] DEBUG com.tngtech.archunit.core.importer.JavaClassProcessor - Processing class 'javax/servlet/http/Cookie'
10:11:01.744 [Test worker] DEBUG com.tngtech.archunit.core.importer.JavaClassProcessor - Processing class 'javax/servlet/http/WebConnection'
10:11:01.745 [Test worker] DEBUG com.tngtech.archunit.core.importer.JavaClassProcessor - Processing class 'java/security/MessageDigest'
10:11:01.766 [Test worker] DEBUG com.tngtech.archunit.core.importer.JavaClassProcessor - Processing class 'java/nio/file/Path'
10:11:01.768 [Test worker] DEBUG com.tngtech.archunit.core.importer.JavaClassProcessor - Processing class 'java/nio/file/OpenOption'
10:11:01.768 [Test worker] DEBUG com.tngtech.archunit.core.importer.JavaClassProcessor - Processing class 'java/io/File'
10:11:01.770 [Test worker] DEBUG com.tngtech.archunit.core.importer.JavaClassProcessor - Processing class 'java/nio/channels/FileChannel'
10:11:01.786 [Test worker] DEBUG com.tngtech.archunit.core.importer.JavaClassProcessor - Processing class 'java/io/RandomAccessFile'
10:11:01.822 [Test worker] DEBUG com.tngtech.archunit.core.importer.JavaClassProcessor - Processing class 'org/aspectj/lang/JoinPoint$StaticPart'
10:11:01.828 [Test worker] DEBUG com.tngtech.archunit.core.importer.JavaClassProcessor - Processing class 'org/aspectj/lang/reflect/SourceLocation'
10:11:01.829 [Test worker] DEBUG com.tngtech.archunit.core.importer.JavaClassProcessor - Processing class 'org/aspectj/runtime/internal/AroundClosure'
10:11:01.832 [Test worker] DEBUG com.tngtech.archunit.core.importer.JavaClassProcessor - Processing class 'org/slf4j/Marker'
10:11:01.834 [Test worker] DEBUG com.tngtech.archunit.core.importer.JavaClassProcessor - Processing class 'org/slf4j/helpers/SubstituteLoggerFactory'
10:11:01.837 [Test worker] DEBUG com.tngtech.archunit.core.importer.JavaClassProcessor - Processing class 'org/slf4j/helpers/NOPLoggerFactory'
10:11:01.838 [Test worker] DEBUG com.tngtech.archunit.core.importer.JavaClassProcessor - Processing class 'org/slf4j/ILoggerFactory'
10:11:01.840 [Test worker] DEBUG com.tngtech.archunit.core.importer.JavaClassProcessor - Processing class 'org/slf4j/event/SubstituteLoggingEvent'
10:11:01.844 [Test worker] DEBUG com.tngtech.archunit.core.importer.JavaClassProcessor - Processing class 'org/aopalliance/aop/Advice'
10:11:01.845 [Test worker] DEBUG com.tngtech.archunit.core.importer.JavaClassProcessor - Processing class 'org/springframework/aop/ClassFilter'
10:11:01.877 [Test worker] DEBUG com.tngtech.archunit.core.importer.JavaClassProcessor - Processing class 'org/springframework/aop/Pointcut'
10:11:01.880 [Test worker] DEBUG com.tngtech.archunit.core.importer.JavaClassProcessor - Processing class 'org/springframework/beans/BeansException'
10:11:01.908 [Test worker] DEBUG com.tngtech.archunit.core.importer.JavaClassProcessor - Processing class 'org/springframework/beans/factory/NoSuchBeanDefinitionException'
10:11:01.910 [Test worker] DEBUG com.tngtech.archunit.core.importer.JavaClassProcessor - Processing class 'org/springframework/beans/factory/ObjectProvider'
10:11:01.928 [Test worker] DEBUG com.tngtech.archunit.core.importer.JavaClassProcessor - Processing class 'org/springframework/core/ResolvableType'
10:11:01.934 [Test worker] DEBUG com.tngtech.archunit.core.importer.JavaClassProcessor - Processing class 'org/springframework/beans/factory/config/BeanDefinition'
10:11:01.955 [Test worker] DEBUG com.tngtech.archunit.core.importer.JavaClassProcessor - Processing class 'org/springframework/beans/factory/support/BeanDefinitionRegistry'
10:11:01.956 [Test worker] DEBUG com.tngtech.archunit.core.importer.JavaClassProcessor - Processing class 'org/springframework/boot/BootstrapRegistry'
10:11:01.973 [Test worker] DEBUG com.tngtech.archunit.core.importer.JavaClassProcessor - Processing class 'org/apache/commons/logging/Log'
10:11:01.975 [Test worker] DEBUG com.tngtech.archunit.core.importer.JavaClassProcessor - Processing class 'org/springframework/boot/ApplicationContextFactory'
10:11:02.018 [Test worker] DEBUG com.tngtech.archunit.core.importer.JavaClassProcessor - Processing class 'org/springframework/boot/Banner'
10:11:02.056 [Test worker] DEBUG com.tngtech.archunit.core.importer.JavaClassProcessor - Processing class 'org/springframework/boot/SpringApplicationShutdownHook'
10:11:02.059 [Test worker] DEBUG com.tngtech.archunit.core.importer.JavaClassProcessor - Processing class 'org/springframework/boot/WebApplicationType'
10:11:02.101 [Test worker] DEBUG com.tngtech.archunit.core.importer.JavaClassProcessor - Processing class 'org/springframework/core/metrics/ApplicationStartup'
10:11:02.103 [Test worker] DEBUG com.tngtech.archunit.core.importer.JavaClassProcessor - Processing class 'org/springframework/boot/Banner$Mode'
10:11:02.105 [Test worker] DEBUG com.tngtech.archunit.core.importer.JavaClassProcessor - Processing class 'org/springframework/boot/ExitCodeGenerator'
10:11:02.121 [Test worker] DEBUG com.tngtech.archunit.core.importer.JavaClassProcessor - Processing class 'org/springframework/boot/ApplicationArguments'
10:11:02.123 [Test worker] DEBUG com.tngtech.archunit.core.importer.JavaClassProcessor - Processing class 'org/springframework/boot/CommandLineRunner'
10:11:02.124 [Test worker] DEBUG com.tngtech.archunit.core.importer.JavaClassProcessor - Processing class 'org/springframework/boot/ApplicationRunner'
10:11:02.126 [Test worker] DEBUG com.tngtech.archunit.core.importer.JavaClassProcessor - Processing class 'org/springframework/boot/SpringApplicationRunListeners'
10:11:02.129 [Test worker] DEBUG com.tngtech.archunit.core.importer.JavaClassProcessor - Processing class 'org/springframework/boot/DefaultBootstrapContext'
10:11:02.132 [Test worker] DEBUG com.tngtech.archunit.core.importer.JavaClassProcessor - Processing class 'org/springframework/boot/ExitCodeExceptionMapper'
10:11:02.134 [Test worker] DEBUG com.tngtech.archunit.core.importer.JavaClassProcessor - Processing class 'org/springframework/boot/ApplicationServletEnvironment'
10:11:02.135 [Test worker] DEBUG com.tngtech.archunit.core.importer.JavaClassProcessor - Processing class 'org/springframework/boot/ApplicationEnvironment'
10:11:02.136 [Test worker] DEBUG com.tngtech.archunit.core.importer.JavaClassProcessor - Processing class 'org/springframework/boot/ApplicationReactiveWebEnvironment'
10:11:02.144 [Test worker] DEBUG com.tngtech.archunit.core.importer.JavaClassProcessor - Processing class 'org/springframework/beans/factory/support/AbstractAutowireCapableBeanFactory'
10:11:02.150 [Test worker] DEBUG com.tngtech.archunit.core.importer.JavaClassProcessor - Processing class 'org/springframework/beans/factory/support/DefaultListableBeanFactory'
10:11:02.192 [Test worker] DEBUG com.tngtech.archunit.core.importer.JavaClassProcessor - Processing class 'org/springframework/context/support/GenericApplicationContext'
10:11:02.194 [Test worker] DEBUG com.tngtech.archunit.core.importer.JavaClassProcessor - Processing class 'org/springframework/core/io/DefaultResourceLoader'
10:11:02.196 [Test worker] DEBUG com.tngtech.archunit.core.importer.JavaClassProcessor - Processing class 'org/springframework/context/support/AbstractApplicationContext'
10:11:02.201 [Test worker] DEBUG com.tngtech.archunit.core.importer.JavaClassProcessor - Processing class 'org/springframework/boot/SpringApplicationShutdownHandlers'
10:11:02.204 [Test worker] DEBUG com.tngtech.archunit.core.importer.JavaClassProcessor - Processing class 'org/springframework/boot/SpringApplicationRunListener'
10:11:02.207 [Test worker] DEBUG com.tngtech.archunit.core.importer.JavaClassProcessor - Processing class 'org/springframework/boot/BeanDefinitionLoader'
10:11:02.210 [Test worker] DEBUG com.tngtech.archunit.core.importer.JavaClassProcessor - Processing class 'org/springframework/boot/SpringBootExceptionHandler'
10:11:02.212 [Test worker] DEBUG com.tngtech.archunit.core.importer.JavaClassProcessor - Processing class 'org/springframework/core/type/classreading/MetadataReader'
10:11:02.214 [Test worker] DEBUG com.tngtech.archunit.core.importer.JavaClassProcessor - Processing class 'org/springframework/core/type/classreading/MetadataReaderFactory'
10:11:02.266 [Test worker] DEBUG com.tngtech.archunit.core.importer.JavaClassProcessor - Processing class 'org/springframework/boot/autoconfigure/AutoConfigurationMetadata'
10:11:02.269 [Test worker] DEBUG com.tngtech.archunit.core.importer.JavaClassProcessor - Processing class 'org/springframework/boot/autoconfigure/AutoConfigurationImportEvent'
10:11:02.304 [Test worker] DEBUG com.tngtech.archunit.core.importer.JavaClassProcessor - Processing class 'org/springframework/boot/autoconfigure/AutoConfigurationImportSelector$AutoConfigurationEntry'
10:11:02.306 [Test worker] DEBUG com.tngtech.archunit.core.importer.JavaClassProcessor - Processing class 'org/springframework/beans/factory/config/ConfigurableListableBeanFactory'
10:11:02.309 [Test worker] DEBUG com.tngtech.archunit.core.importer.JavaClassProcessor - Processing class 'org/springframework/boot/autoconfigure/AutoConfigurationImportSelector$ConfigurationClassFilter'
10:11:02.312 [Test worker] DEBUG com.tngtech.archunit.core.importer.JavaClassProcessor - Processing class 'org/springframework/core/type/AnnotationMetadata'
10:11:02.340 [Test worker] DEBUG com.tngtech.archunit.core.importer.JavaClassProcessor - Processing class 'org/springframework/core/annotation/AnnotationAttributes'
10:11:02.407 [Test worker] DEBUG com.tngtech.archunit.core.importer.JavaClassProcessor - Processing class 'org/springframework/boot/autoconfigure/AutoConfigurationImportSelector$AutoConfigurationGroup'
10:11:02.411 [Test worker] DEBUG com.tngtech.archunit.core.importer.JavaClassProcessor - Processing class 'org/springframework/boot/autoconfigure/AutoConfigurationPackages$BasePackages'
10:11:02.415 [Test worker] DEBUG com.tngtech.archunit.core.importer.JavaClassProcessor - Processing class 'org/springframework/boot/web/client/RestTemplateBuilder$RequestFactoryCustomizer'
10:11:02.417 [Test worker] DEBUG com.tngtech.archunit.core.importer.JavaClassProcessor - Processing class 'org/springframework/boot/web/client/BasicAuthentication'
10:11:02.453 [Test worker] DEBUG com.tngtech.archunit.core.importer.JavaClassProcessor - Processing class 'org/springframework/web/util/UriTemplateHandler'
10:11:02.482 [Test worker] DEBUG com.tngtech.archunit.core.importer.JavaClassProcessor - Processing class 'org/springframework/web/client/ResponseErrorHandler'
10:11:02.493 [Test worker] DEBUG com.tngtech.archunit.core.importer.JavaClassProcessor - Processing class 'org/springframework/beans/factory/config/AutowireCapableBeanFactory'
10:11:02.496 [Test worker] DEBUG com.tngtech.archunit.core.importer.JavaClassProcessor - Processing class 'org/springframework/beans/factory/config/BeanFactoryPostProcessor'
10:11:02.497 [Test worker] DEBUG com.tngtech.archunit.core.importer.JavaClassProcessor - Processing class 'org/springframework/core/io/ProtocolResolver'
10:11:02.499 [Test worker] DEBUG com.tngtech.archunit.core.importer.JavaClassProcessor - Processing class 'org/springframework/context/MessageSourceResolvable'
10:11:02.515 [Test worker] DEBUG com.tngtech.archunit.core.importer.JavaClassProcessor - Processing class 'org/springframework/context/NoSuchMessageException'
10:11:02.516 [Test worker] DEBUG com.tngtech.archunit.core.importer.JavaClassProcessor - Processing class 'org/springframework/context/annotation/ScopeMetadata'
10:11:02.544 [Test worker] DEBUG com.tngtech.archunit.core.importer.JavaClassProcessor - Processing class 'org/springframework/beans/factory/annotation/AnnotatedBeanDefinition'
10:11:02.560 [Test worker] DEBUG com.tngtech.archunit.core.importer.JavaClassProcessor - Processing class 'org/springframework/context/annotation/Scope'
10:11:02.581 [Test worker] DEBUG com.tngtech.archunit.core.importer.JavaClassProcessor - Processing class 'org/springframework/core/env/MutablePropertySources'
10:11:02.583 [Test worker] DEBUG com.tngtech.archunit.core.importer.JavaClassProcessor - Processing class 'org/springframework/core/env/Profiles'
10:11:02.617 [Test worker] DEBUG com.tngtech.archunit.core.importer.JavaClassProcessor - Processing class 'org/springframework/core/convert/support/ConfigurableConversionService'
10:11:02.619 [Test worker] DEBUG com.tngtech.archunit.core.importer.JavaClassProcessor - Processing class 'org/springframework/core/env/MissingRequiredPropertiesException'
10:11:02.621 [Test worker] DEBUG com.tngtech.archunit.core.importer.JavaClassProcessor - Processing class 'org/springframework/core/io/Resource'
10:11:02.636 [Test worker] DEBUG com.tngtech.archunit.core.importer.JavaClassProcessor - Processing class 'org/springframework/data/domain/Example'
10:11:02.669 [Test worker] DEBUG com.tngtech.archunit.core.importer.JavaClassProcessor - Processing class 'org/springframework/data/domain/Sort'
10:11:02.678 [Test worker] DEBUG com.tngtech.archunit.core.importer.JavaClassProcessor - Processing class 'org/springframework/data/domain/Page'
10:11:02.680 [Test worker] DEBUG com.tngtech.archunit.core.importer.JavaClassProcessor - Processing class 'org/springframework/data/domain/Pageable'
10:11:02.686 [Test worker] DEBUG com.tngtech.archunit.core.importer.JavaClassProcessor - Processing class 'java/text/DecimalFormatSymbols'
10:11:02.738 [Test worker] DEBUG com.tngtech.archunit.core.importer.JavaClassProcessor - Processing class 'java/util/regex/Pattern'
10:11:02.742 [Test worker] DEBUG com.tngtech.archunit.core.importer.JavaClassProcessor - Processing class 'java/net/InetSocketAddress'
10:11:02.765 [Test worker] DEBUG com.tngtech.archunit.core.importer.JavaClassProcessor - Processing class 'org/springframework/http/ContentDisposition'
10:11:02.768 [Test worker] DEBUG com.tngtech.archunit.core.importer.JavaClassProcessor - Processing class 'org/springframework/http/CacheControl'
10:11:02.770 [Test worker] DEBUG com.tngtech.archunit.core.importer.JavaClassProcessor - Processing class 'org/springframework/http/ReadOnlyHttpHeaders'
10:11:02.773 [Test worker] DEBUG com.tngtech.archunit.core.importer.JavaClassProcessor - Processing class 'java/io/OutputStream'
10:11:02.774 [Test worker] DEBUG com.tngtech.archunit.core.importer.JavaClassProcessor - Processing class 'org/springframework/core/io/InputStreamResource'
10:11:02.777 [Test worker] DEBUG com.tngtech.archunit.core.importer.JavaClassProcessor - Processing class 'org/springframework/http/HttpStatus$Series'
10:11:02.781 [Test worker] DEBUG com.tngtech.archunit.core.importer.JavaClassProcessor - Processing class 'org/springframework/http/ResponseEntity$BodyBuilder'
10:11:02.782 [Test worker] DEBUG com.tngtech.archunit.core.importer.JavaClassProcessor - Processing class 'org/springframework/http/ResponseEntity$HeadersBuilder'
10:11:02.784 [Test worker] DEBUG com.tngtech.archunit.core.importer.JavaClassProcessor - Processing class 'org/springframework/http/ResponseEntity$1'
10:11:02.806 [Test worker] DEBUG com.tngtech.archunit.core.importer.JavaClassProcessor - Processing class 'org/springframework/http/client/ClientHttpResponse'
10:11:02.808 [Test worker] DEBUG com.tngtech.archunit.core.importer.JavaClassProcessor - Processing class 'org/springframework/http/client/ClientHttpRequestExecution'
10:11:02.819 [Test worker] DEBUG com.tngtech.archunit.core.importer.JavaClassProcessor - Processing class 'org/springframework/http/converter/HttpMessageNotWritableException'
10:11:02.821 [Test worker] DEBUG com.tngtech.archunit.core.importer.JavaClassProcessor - Processing class 'org/springframework/http/HttpInputMessage'
10:11:02.821 [Test worker] DEBUG com.tngtech.archunit.core.importer.JavaClassProcessor - Processing class 'org/springframework/http/converter/HttpMessageNotReadableException'
10:11:02.832 [Test worker] DEBUG com.tngtech.archunit.core.importer.JavaClassProcessor - Processing class 'org/springframework/retry/RetryContext'
10:11:02.848 [Test worker] DEBUG com.tngtech.archunit.core.importer.JavaClassProcessor - Processing class 'org/springframework/retry/RetryCallback'
10:11:02.850 [Test worker] DEBUG com.tngtech.archunit.core.importer.JavaClassProcessor - Processing class 'org/springframework/retry/backoff/Sleeper'
10:11:02.852 [Test worker] DEBUG com.tngtech.archunit.core.importer.JavaClassProcessor - Processing class 'org/springframework/retry/annotation/AnnotationAwareRetryOperationsInterceptor'
10:11:02.854 [Test worker] DEBUG com.tngtech.archunit.core.importer.JavaClassProcessor - Processing class 'org/springframework/retry/interceptor/NewMethodArgumentsIdentifier'
10:11:02.855 [Test worker] DEBUG com.tngtech.archunit.core.importer.JavaClassProcessor - Processing class 'org/springframework/retry/policy/RetryContextCache'
10:11:02.857 [Test worker] DEBUG com.tngtech.archunit.core.importer.JavaClassProcessor - Processing class 'org/springframework/retry/interceptor/MethodArgumentsKeyGenerator'
10:11:02.858 [Test worker] DEBUG com.tngtech.archunit.core.importer.JavaClassProcessor - Processing class 'org/springframework/retry/interceptor/Retryable'
10:11:02.859 [Test worker] DEBUG com.tngtech.archunit.core.importer.JavaClassProcessor - Processing class 'org/springframework/retry/annotation/Retryable'
10:11:02.861 [Test worker] DEBUG com.tngtech.archunit.core.importer.JavaClassProcessor - Processing class 'java/util/BitSet'
10:11:02.869 [Test worker] DEBUG com.tngtech.archunit.core.importer.JavaClassProcessor - Processing class 'org/springframework/web/client/RestClientException'
10:11:02.870 [Test worker] DEBUG com.tngtech.archunit.core.importer.JavaClassProcessor - Processing class 'org/springframework/http/RequestEntity'
10:11:02.893 [Test worker] DEBUG com.tngtech.archunit.core.importer.JavaClassProcessor - Processing class 'org/springframework/core/ParameterizedTypeReference'
10:11:02.935 [Test worker] DEBUG com.tngtech.archunit.core.importer.JavaClassProcessor - Processing class 'org/springframework/web/client/RequestCallback'
10:11:02.936 [Test worker] DEBUG com.tngtech.archunit.core.importer.JavaClassProcessor - Processing class 'org/springframework/web/client/ResponseExtractor'
10:11:02.938 [Test worker] DEBUG com.tngtech.archunit.core.importer.JavaClassProcessor - Processing class 'org/springframework/http/RequestEntity$UriTemplateRequestEntity'
10:11:02.940 [Test worker] DEBUG com.tngtech.archunit.core.importer.JavaClassProcessor - Processing class 'org/springframework/web/util/DefaultUriBuilderFactory'
10:11:02.943 [Test worker] DEBUG com.tngtech.archunit.core.importer.JavaClassProcessor - Processing class 'org/springframework/web/util/AbstractUriTemplateHandler'
10:11:02.948 [Test worker] DEBUG com.tngtech.archunit.core.importer.JavaClassProcessor - Processing class 'org/springframework/beans/BeanWrapper'
10:11:02.950 [Test worker] DEBUG com.tngtech.archunit.core.importer.JavaClassProcessor - Processing class 'sun/util/locale/LocaleSyntaxException'
10:11:02.951 [Test worker] DEBUG com.tngtech.archunit.core.importer.JavaClassProcessor - Processing class 'sun/util/locale/LanguageTag'
10:11:02.952 [Test worker] DEBUG com.tngtech.archunit.core.importer.JavaClassProcessor - Processing class 'sun/util/locale/UnicodeLocaleExtension'
10:11:09.498 [Test worker] DEBUG com.tngtech.archunit.core.importer.UrlSource$From - Found URLs on sun.boot.class.path: []
10:11:09.511 [Test worker] DEBUG com.tngtech.archunit.core.importer.UrlSource$From - Found URLs on java.class.path: [jar:file:/C:/Users/Usuario/.gradle/caches/7.6.1/workerMain/gradle-worker.jar!/, file:/C:/Users/Usuario/Desktop/TrafficAgent/build/classes/java/test/, file:/C:/Users/Usuario/Desktop/TrafficAgent/build/resources/test/, file:/C:/Users/Usuario/Desktop/TrafficAgent/build/classes/java/main/, file:/C:/Users/Usuario/Desktop/TrafficAgent/build/resources/main/, jar:file:/C:/Users/Usuario/.gradle/caches/modules-2/files-2.1/org.springframework.boot/spring-boot-starter-web/2.6.3/ceb6e909c144daf9e792069f5f0efd105c8712a/spring-boot-starter-web-2.6.3.jar!/, jar:file:/C:/Users/Usuario/.gradle/caches/modules-2/files-2.1/org.springframework.boot/spring-boot-starter-undertow/2.6.3/988095d74254727e400818c46de206242a427de5/spring-boot-starter-undertow-2.6.3.jar!/, jar:file:/C:/Users/Usuario/.gradle/caches/modules-2/files-2.1/org.springframework.boot/spring-boot-starter-data-jpa/2.6.3/74c60a724e4f81c7527b848ee24e91ba6facfe24/spring-boot-starter-data-jpa-2.6.3.jar!/, jar:file:/C:/Users/Usuario/.gradle/caches/modules-2/files-2.1/org.postgresql/postgresql/42.3.1/9ca7df660e875b91c78e3d1608d4d7469ad3470c/postgresql-42.3.1.jar!/, jar:file:/C:/Users/Usuario/.gradle/caches/modules-2/files-2.1/org.springframework.retry/spring-retry/2.0.0/6a7a653901b58eb741692417f33b5bebedbd01f7/spring-retry-2.0.0.jar!/, jar:file:/C:/Users/Usuario/.gradle/caches/modules-2/files-2.1/io.jsonwebtoken/jjwt/0.9.1/54d2abfc3e63a28824d35bf600d6a5d627da681a/jjwt-0.9.1.jar!/, jar:file:/C:/Users/Usuario/.gradle/caches/modules-2/files-2.1/com.auth0/java-jwt/4.2.1/904306772bb7d43750527f84d7b23589a1f9ab12/java-jwt-4.2.1.jar!/, jar:file:/C:/Users/Usuario/.gradle/caches/modules-2/files-2.1/commons-codec/commons-codec/1.15/49d94806b6e3dc933dacbd8acb0fdbab8ebd1e5d/commons-codec-1.15.jar!/, jar:file:/C:/Users/Usuario/.gradle/caches/modules-2/files-2.1/org.springframework.boot/spring-boot-starter-aop/2.6.3/338cbbfe2667aea23d95672093e05b5f54630c5a/spring-boot-starter-aop-2.6.3.jar!/, jar:file:/C:/Users/Usuario/.gradle/caches/modules-2/files-2.1/com.h2database/h2/2.1.214/d5c2005c9e3279201e12d4776c948578b16bf8b2/h2-2.1.214.jar!/, jar:file:/C:/Users/Usuario/.gradle/caches/modules-2/files-2.1/org.springframework.boot/spring-boot-starter-test/2.6.3/1ac659fc8c6d7285218b7ff79d67b87736f4ddf2/spring-boot-starter-test-2.6.3.jar!/, jar:file:/C:/Users/Usuario/.gradle/caches/modules-2/files-2.1/com.tngtech.archunit/archunit-junit5/1.0.0/d381ade9436d047877181fe50f508318e6a5a8/archunit-junit5-1.0.0.jar!/, jar:file:/C:/Users/Usuario/.gradle/caches/modules-2/files-2.1/org.springframework.boot/spring-boot-starter-json/2.6.3/b43885849bde2ad5d436c5acdd43b21730f9c676/spring-boot-starter-json-2.6.3.jar!/, jar:file:/C:/Users/Usuario/.gradle/caches/modules-2/files-2.1/org.springframework.boot/spring-boot-starter-jdbc/2.6.3/17871ef6920a3decad5f10181b2baf198ea2b787/spring-boot-starter-jdbc-2.6.3.jar!/, jar:file:/C:/Users/Usuario/.gradle/caches/modules-2/files-2.1/org.springframework.boot/spring-boot-starter/2.6.3/1211af6e300c0584e01c7a9a75e585ac0aec6ea6/spring-boot-starter-2.6.3.jar!/, jar:file:/C:/Users/Usuario/.gradle/caches/modules-2/files-2.1/org.springframework/spring-webmvc/5.3.15/28307dda4cb5fbeb6f7d7e7c846f464da0eba955/spring-webmvc-5.3.15.jar!/, jar:file:/C:/Users/Usuario/.gradle/caches/modules-2/files-2.1/org.springframework/spring-web/5.3.15/a228b373eff7fe34e868827ab02c91b8bf7a643e/spring-web-5.3.15.jar!/, jar:file:/C:/Users/Usuario/.gradle/caches/modules-2/files-2.1/io.undertow/undertow-websockets-jsr/2.2.14.Final/fffc3ffff1880fd695c22164d37bd16dc1dc4b7e/undertow-websockets-jsr-2.2.14.Final.jar!/, jar:file:/C:/Users/Usuario/.gradle/caches/modules-2/files-2.1/io.undertow/undertow-servlet/2.2.14.Final/8354ab1476d85dec5ee743a0f40b113cf29a55b8/undertow-servlet-2.2.14.Final.jar!/, jar:file:/C:/Users/Usuario/.gradle/caches/modules-2/files-2.1/io.undertow/undertow-core/2.2.14.Final/deb02123fba830230d1837a1e6b3731607196a41/undertow-core-2.2.14.Final.jar!/, jar:file:/C:/Users/Usuario/.gradle/caches/modules-2/files-2.1/jakarta.servlet/jakarta.servlet-api/4.0.4/b8a1142e04838fe54194049c6e7a18dae8f9b960/jakarta.servlet-api-4.0.4.jar!/, jar:file:/C:/Users/Usuario/.gradle/caches/modules-2/files-2.1/jakarta.websocket/jakarta.websocket-api/1.1.2/69c2fdfb75081cc935bc9d6c5616d12b0b73815f/jakarta.websocket-api-1.1.2.jar!/, jar:file:/C:/Users/Usuario/.gradle/caches/modules-2/files-2.1/org.apache.tomcat.embed/tomcat-embed-el/9.0.56/8e4f28f714693ad4e158e61f41371d4e4c6b4e23/tomcat-embed-el-9.0.56.jar!/, jar:file:/C:/Users/Usuario/.gradle/caches/modules-2/files-2.1/jakarta.transaction/jakarta.transaction-api/1.3.3/c4179d48720a1e87202115fbed6089bdc4195405/jakarta.transaction-api-1.3.3.jar!/, jar:file:/C:/Users/Usuario/.gradle/caches/modules-2/files-2.1/jakarta.persistence/jakarta.persistence-api/2.2.3/8f6ea5daedc614f07a3654a455660145286f024e/jakarta.persistence-api-2.2.3.jar!/, jar:file:/C:/Users/Usuario/.gradle/caches/modules-2/files-2.1/org.hibernate/hibernate-core/5.6.4.Final/a21d3a313d8fa4dbf2d05aa50ef3157a8081e83f/hibernate-core-5.6.4.Final.jar!/, jar:file:/C:/Users/Usuario/.gradle/caches/modules-2/files-2.1/org.springframework.data/spring-data-jpa/2.6.1/70eef23d3c1ba594749867edb9c89832da8f923c/spring-data-jpa-2.6.1.jar!/, jar:file:/C:/Users/Usuario/.gradle/caches/modules-2/files-2.1/org.springframework/spring-aspects/5.3.15/d1e42bac0f61ad50f633c13f8bcab905a66313af/spring-aspects-5.3.15.jar!/, jar:file:/C:/Users/Usuario/.gradle/caches/modules-2/files-2.1/org.checkerframework/checker-qual/3.5.0/2f50520c8abea66fbd8d26e481d3aef5c673b510/checker-qual-3.5.0.jar!/, jar:file:/C:/Users/Usuario/.gradle/caches/modules-2/files-2.1/com.fasterxml.jackson.datatype/jackson-datatype-jsr310/2.13.1/1ece5a87b59701328215e0083448b4d451857cbd/jackson-datatype-jsr310-2.13.1.jar!/, jar:file:/C:/Users/Usuario/.gradle/caches/modules-2/files-2.1/com.fasterxml.jackson.module/jackson-module-parameter-names/2.13.1/cbeec2259213c555ef451a2e05f35ed1dbfbf799/jackson-module-parameter-names-2.13.1.jar!/, jar:file:/C:/Users/Usuario/.gradle/caches/modules-2/files-2.1/com.fasterxml.jackson.core/jackson-annotations/2.13.1/1cbcbe4623113e6af92ccaa89884a345270f1a87/jackson-annotations-2.13.1.jar!/, jar:file:/C:/Users/Usuario/.gradle/caches/modules-2/files-2.1/com.fasterxml.jackson.core/jackson-core/2.13.1/51ae921a2ed1e06ca8876f12f32f265e83c0b2b8/jackson-core-2.13.1.jar!/, jar:file:/C:/Users/Usuario/.gradle/caches/modules-2/files-2.1/com.fasterxml.jackson.datatype/jackson-datatype-jdk8/2.13.1/8ecfa9bcd714269fdf22c33f9fd00d0643bd0e21/jackson-datatype-jdk8-2.13.1.jar!/, jar:file:/C:/Users/Usuario/.gradle/caches/modules-2/files-2.1/com.fasterxml.jackson.core/jackson-databind/2.13.1/698b2d2b15d9a1b7aae025f1d9f576842285e7f6/jackson-databind-2.13.1.jar!/, jar:file:/C:/Users/Usuario/.gradle/caches/modules-2/files-2.1/org.springframework.boot/spring-boot-test-autoconfigure/2.6.3/c903465682a6cd69adbc83feb8e8bfa26c51e6ae/spring-boot-test-autoconfigure-2.6.3.jar!/, jar:file:/C:/Users/Usuario/.gradle/caches/modules-2/files-2.1/org.springframework.boot/spring-boot-test/2.6.3/93b38ba8d4f027a7eda8c28dbe8f77b712de1142/spring-boot-test-2.6.3.jar!/, jar:file:/C:/Users/Usuario/.gradle/caches/modules-2/files-2.1/org.springframework.boot/spring-boot-autoconfigure/2.6.3/8bf96f63e9479b5a1c17d1fa05b149bb5ed050e2/spring-boot-autoconfigure-2.6.3.jar!/, jar:file:/C:/Users/Usuario/.gradle/caches/modules-2/files-2.1/org.springframework.boot/spring-boot/2.6.3/f1127e8a70ba7b9f12581e79ea963b739059bf55/spring-boot-2.6.3.jar!/, jar:file:/C:/Users/Usuario/.gradle/caches/modules-2/files-2.1/org.springframework/spring-context/5.3.15/80a12b7dcb3332fbd65c3649249fd35561ffc561/spring-context-5.3.15.jar!/, jar:file:/C:/Users/Usuario/.gradle/caches/modules-2/files-2.1/org.springframework/spring-aop/5.3.15/195966e1f4260f89696e668856ebfd9a1bc76404/spring-aop-5.3.15.jar!/, jar:file:/C:/Users/Usuario/.gradle/caches/modules-2/files-2.1/org.aspectj/aspectjweaver/1.9.7/158f5c255cd3e4408e795b79f7c3fbae9b53b7ca/aspectjweaver-1.9.7.jar!/, jar:file:/C:/Users/Usuario/.gradle/caches/modules-2/files-2.1/com.jayway.jsonpath/json-path/2.6.0/67f565b424f7903a12d4f5b9361b11462ecacdac/json-path-2.6.0.jar!/, jar:file:/C:/Users/Usuario/.gradle/caches/modules-2/files-2.1/org.glassfish.jaxb/jaxb-runtime/2.3.5/a169a961a2bb9ac69517ec1005e451becf5cdfab/jaxb-runtime-2.3.5.jar!/, jar:file:/C:/Users/Usuario/.gradle/caches/modules-2/files-2.1/jakarta.xml.bind/jakarta.xml.bind-api/2.3.3/48e3b9cfc10752fba3521d6511f4165bea951801/jakarta.xml.bind-api-2.3.3.jar!/, jar:file:/C:/Users/Usuario/.gradle/caches/modules-2/files-2.1/org.assertj/assertj-core/3.21.0/27a14d6d22c4e3d58f799fb2a5ca8eaf53e6942a/assertj-core-3.21.0.jar!/, jar:file:/C:/Users/Usuario/.gradle/caches/modules-2/files-2.1/org.hamcrest/hamcrest/2.2/1820c0968dba3a11a1b30669bb1f01978a91dedc/hamcrest-2.2.jar!/, jar:file:/C:/Users/Usuario/.gradle/caches/modules-2/files-2.1/org.mockito/mockito-junit-jupiter/4.0.0/b76de25bd6e5d8f7924d0536729c0076e37e9396/mockito-junit-jupiter-4.0.0.jar!/, jar:file:/C:/Users/Usuario/.gradle/caches/modules-2/files-2.1/org.junit.jupiter/junit-jupiter-params/5.8.2/ddeafe92fc263f895bfb73ffeca7fd56e23c2cce/junit-jupiter-params-5.8.2.jar!/, jar:file:/C:/Users/Usuario/.gradle/caches/modules-2/files-2.1/org.junit.jupiter/junit-jupiter-engine/5.8.2/c598b4328d2f397194d11df3b1648d68d7d990e3/junit-jupiter-engine-5.8.2.jar!/, jar:file:/C:/Users/Usuario/.gradle/caches/modules-2/files-2.1/org.junit.jupiter/junit-jupiter-api/5.8.2/4c21029217adf07e4c0d0c5e192b6bf610c94bdc/junit-jupiter-api-5.8.2.jar!/, jar:file:/C:/Users/Usuario/.gradle/caches/modules-2/files-2.1/com.tngtech.archunit/archunit-junit5-engine/1.0.0/c942ce334f410062298100f834a767f765ac7a8e/archunit-junit5-engine-1.0.0.jar!/, jar:file:/C:/Users/Usuario/.gradle/caches/modules-2/files-2.1/com.tngtech.archunit/archunit-junit5-engine-api/1.0.0/f2fcf7191e65bda73cb14b510e380d0c4e55c9c8/archunit-junit5-engine-api-1.0.0.jar!/, jar:file:/C:/Users/Usuario/.gradle/caches/modules-2/files-2.1/org.junit.platform/junit-platform-engine/1.8.2/b737de09f19864bd136805c84df7999a142fec29/junit-platform-engine-1.8.2.jar!/, jar:file:/C:/Users/Usuario/.gradle/caches/modules-2/files-2.1/org.junit.platform/junit-platform-commons/1.8.2/32c8b8617c1342376fd5af2053da6410d8866861/junit-platform-commons-1.8.2.jar!/, jar:file:/C:/Users/Usuario/.gradle/caches/modules-2/files-2.1/org.junit.jupiter/junit-jupiter/5.8.2/5a817b1e63f1217e5c586090c45e681281f097ad/junit-jupiter-5.8.2.jar!/, jar:file:/C:/Users/Usuario/.gradle/caches/modules-2/files-2.1/org.mockito/mockito-core/4.0.0/f5195e0c4a45716bbd2d1d29173adbd148acce3a/mockito-core-4.0.0.jar!/, jar:file:/C:/Users/Usuario/.gradle/caches/modules-2/files-2.1/org.skyscreamer/jsonassert/1.5.0/6c9d5fe2f59da598d9aefc1cfc6528ff3cf32df3/jsonassert-1.5.0.jar!/, jar:file:/C:/Users/Usuario/.gradle/caches/modules-2/files-2.1/org.springframework/spring-test/5.3.15/1efef59ebbf51bc072d08c5854b1d5cbb1c29b65/spring-test-5.3.15.jar!/, jar:file:/C:/Users/Usuario/.gradle/caches/modules-2/files-2.1/org.springframework/spring-orm/5.3.15/edddfcbf3bd2a3cc8b5316329f16dcf88cec33b5/spring-orm-5.3.15.jar!/, jar:file:/C:/Users/Usuario/.gradle/caches/modules-2/files-2.1/org.springframework/spring-jdbc/5.3.15/2c7883bb9a50e37f177cdc3e064e88325f97bd36/spring-jdbc-5.3.15.jar!/, jar:file:/C:/Users/Usuario/.gradle/caches/modules-2/files-2.1/org.springframework.data/spring-data-commons/2.6.1/ba24a3b88e26191b25031cefb8de458deed05551/spring-data-commons-2.6.1.jar!/, jar:file:/C:/Users/Usuario/.gradle/caches/modules-2/files-2.1/org.springframework/spring-tx/5.3.15/27b8c1f0a896dc2f7d1629556b06f55f2a07351d/spring-tx-5.3.15.jar!/, jar:file:/C:/Users/Usuario/.gradle/caches/modules-2/files-2.1/org.springframework/spring-beans/5.3.15/a88e2ccfe8b131bcff2e643b90d52f6d928e7369/spring-beans-5.3.15.jar!/, jar:file:/C:/Users/Usuario/.gradle/caches/modules-2/files-2.1/org.springframework/spring-expression/5.3.15/362f36bbc4c4b46cc2e4f219df22d08945000c2/spring-expression-5.3.15.jar!/, jar:file:/C:/Users/Usuario/.gradle/caches/modules-2/files-2.1/org.springframework/spring-core/5.3.15/e813c2311465672d3089fc7be8dbbadb04e64d6b/spring-core-5.3.15.jar!/, jar:file:/C:/Users/Usuario/.gradle/caches/modules-2/files-2.1/org.xmlunit/xmlunit-core/2.8.4/35be57989ca80eefa03161b211630e319a8f36c6/xmlunit-core-2.8.4.jar!/, jar:file:/C:/Users/Usuario/.gradle/caches/modules-2/files-2.1/com.tngtech.archunit/archunit-junit5-api/1.0.0/f537a0cb4156e374e436009cf7e8e07062929b32/archunit-junit5-api-1.0.0.jar!/, jar:file:/C:/Users/Usuario/.gradle/caches/modules-2/files-2.1/org.springframework.boot/spring-boot-starter-logging/2.6.3/86599127b1e69a6180014cbeed8297ba26e8c6aa/spring-boot-starter-logging-2.6.3.jar!/, jar:file:/C:/Users/Usuario/.gradle/caches/modules-2/files-2.1/jakarta.annotation/jakarta.annotation-api/1.3.5/59eb84ee0d616332ff44aba065f3888cf002cd2d/jakarta.annotation-api-1.3.5.jar!/, jar:file:/C:/Users/Usuario/.gradle/caches/modules-2/files-2.1/org.yaml/snakeyaml/1.29/6d0cdafb2010f1297e574656551d7145240f6e25/snakeyaml-1.29.jar!/, jar:file:/C:/Users/Usuario/.gradle/caches/modules-2/files-2.1/org.hibernate.common/hibernate-commons-annotations/5.1.2.Final/e59ffdbc6ad09eeb33507b39ffcf287679a498c8/hibernate-commons-annotations-5.1.2.Final.jar!/, jar:file:/C:/Users/Usuario/.gradle/caches/modules-2/files-2.1/org.jboss.xnio/xnio-nio/3.8.4.Final/109d7de9a4d995ed9f46e1409520ace346fe2fc4/xnio-nio-3.8.4.Final.jar!/, jar:file:/C:/Users/Usuario/.gradle/caches/modules-2/files-2.1/org.jboss.xnio/xnio-api/3.8.4.Final/8714f2bf19f6e5fa7e36e8516dcb4606ef152e4d/xnio-api-3.8.4.Final.jar!/, jar:file:/C:/Users/Usuario/.gradle/caches/modules-2/files-2.1/org.wildfly.client/wildfly-client-config/1.0.1.Final/2a803b23c40a0de0f03a90d1fd3755747bc05f4b/wildfly-client-config-1.0.1.Final.jar!/, jar:file:/C:/Users/Usuario/.gradle/caches/modules-2/files-2.1/org.jboss.threads/jboss-threads/3.1.0.Final/9b260c0302f637a84a52d3d118214a3c59217615/jboss-threads-3.1.0.Final.jar!/, jar:file:/C:/Users/Usuario/.gradle/caches/modules-2/files-2.1/org.jboss.logging/jboss-logging/3.4.3.Final/c4bd7e12a745c0e7f6cf98c45cdcdf482fd827ea/jboss-logging-3.4.3.Final.jar!/, jar:file:/C:/Users/Usuario/.gradle/caches/modules-2/files-2.1/com.zaxxer/HikariCP/4.0.3/107cbdf0db6780a065f895ae9d8fbf3bb0e1c21f/HikariCP-4.0.3.jar!/, jar:file:/C:/Users/Usuario/.gradle/caches/modules-2/files-2.1/net.bytebuddy/byte-buddy/1.11.22/8b4c7fa5562a09da1c2a9ab0873cb51f5034d83f/byte-buddy-1.11.22.jar!/, jar:file:/C:/Users/Usuario/.gradle/caches/modules-2/files-2.1/antlr/antlr/2.7.7/83cd2cd674a217ade95a4bb83a8a14f351f48bd0/antlr-2.7.7.jar!/, jar:file:/C:/Users/Usuario/.gradle/caches/modules-2/files-2.1/org.jboss/jandex/2.4.2.Final/1e1c385990b258ff1a24c801e84aebbacf70eb39/jandex-2.4.2.Final.jar!/, jar:file:/C:/Users/Usuario/.gradle/caches/modules-2/files-2.1/com.fasterxml/classmate/1.5.1/3fe0bed568c62df5e89f4f174c101eab25345b6c/classmate-1.5.1.jar!/, jar:file:/C:/Users/Usuario/.gradle/caches/modules-2/files-2.1/com.tngtech.archunit/archunit/1.0.0/27ab69819bc5bb588e9881144763b9a3b1ed15a2/archunit-1.0.0.jar!/, jar:file:/C:/Users/Usuario/.gradle/caches/modules-2/files-2.1/ch.qos.logback/logback-classic/1.2.10/f69d97ef3335c6ab82fc21dfb77ac613f90c1221/logback-classic-1.2.10.jar!/, jar:file:/C:/Users/Usuario/.gradle/caches/modules-2/files-2.1/org.apache.logging.log4j/log4j-to-slf4j/2.17.1/3619fd18278a1a895c1dca8c5be002768071a20e/log4j-to-slf4j-2.17.1.jar!/, jar:file:/C:/Users/Usuario/.gradle/caches/modules-2/files-2.1/org.slf4j/jul-to-slf4j/1.7.33/53fd89b530d41b8f6744c754de1c9b02e82f2d7/jul-to-slf4j-1.7.33.jar!/, jar:file:/C:/Users/Usuario/.gradle/caches/modules-2/files-2.1/org.slf4j/slf4j-api/1.7.33/d375aa1b98d34d5ddf73a3f19eaad66e98975b12/slf4j-api-1.7.33.jar!/, jar:file:/C:/Users/Usuario/.gradle/caches/modules-2/files-2.1/net.minidev/json-smart/2.4.7/8d7f4c1530c07c54930935f3da85f48b83b3c109/json-smart-2.4.7.jar!/, jar:file:/C:/Users/Usuario/.gradle/caches/modules-2/files-2.1/jakarta.activation/jakarta.activation-api/1.2.2/99f53adba383cb1bf7c3862844488574b559621f/jakarta.activation-api-1.2.2.jar!/, jar:file:/C:/Users/Usuario/.gradle/caches/modules-2/files-2.1/net.bytebuddy/byte-buddy-agent/1.11.22/2fbcf3210dfc09b42242e3b66a5281cc5b9adb80/byte-buddy-agent-1.11.22.jar!/, jar:file:/C:/Users/Usuario/.gradle/caches/modules-2/files-2.1/org.objenesis/objenesis/3.2/7fadf57620c8b8abdf7519533e5527367cb51f09/objenesis-3.2.jar!/, jar:file:/C:/Users/Usuario/.gradle/caches/modules-2/files-2.1/com.vaadin.external.google/android-json/0.0.20131108.vaadin1/fa26d351fe62a6a17f5cda1287c1c6110dec413f/android-json-0.0.20131108.vaadin1.jar!/, jar:file:/C:/Users/Usuario/.gradle/caches/modules-2/files-2.1/org.springframework/spring-jcl/5.3.15/88da960b4fcbd28621aea8b9911976adc06afce4/spring-jcl-5.3.15.jar!/, jar:file:/C:/Users/Usuario/.gradle/caches/modules-2/files-2.1/org.wildfly.common/wildfly-common/1.5.2.Final/8eba40cfe86bcfcc223551e75201e6e7574c7c36/wildfly-common-1.5.2.Final.jar!/, jar:file:/C:/Users/Usuario/.gradle/caches/modules-2/files-2.1/org.glassfish.jaxb/txw2/2.3.5/ec8930fa62e7b1758b1664d135f50c7abe86a4a3/txw2-2.3.5.jar!/, jar:file:/C:/Users/Usuario/.gradle/caches/modules-2/files-2.1/com.sun.istack/istack-commons-runtime/3.0.12/cbbe1a62b0cc6c85972e99d52aaee350153dc530/istack-commons-runtime-3.0.12.jar!/, jar:file:/C:/Users/Usuario/.gradle/caches/modules-2/files-2.1/com.sun.activation/jakarta.activation/1.2.2/74548703f9851017ce2f556066659438019e7eb5/jakarta.activation-1.2.2.jar!/, jar:file:/C:/Users/Usuario/.gradle/caches/modules-2/files-2.1/net.minidev/accessors-smart/2.4.7/3970cfc505e6657ca60f3aa57c849f6043000d7a/accessors-smart-2.4.7.jar!/, jar:file:/C:/Users/Usuario/.gradle/caches/modules-2/files-2.1/org.opentest4j/opentest4j/1.2.0/28c11eb91f9b6d8e200631d46e20a7f407f2a046/opentest4j-1.2.0.jar!/, jar:file:/C:/Users/Usuario/.gradle/caches/modules-2/files-2.1/ch.qos.logback/logback-core/1.2.10/5328406bfcae7bcdcc86810fcb2920d2c297170d/logback-core-1.2.10.jar!/, jar:file:/C:/Users/Usuario/.gradle/caches/modules-2/files-2.1/org.apache.logging.log4j/log4j-api/2.17.1/d771af8e336e372fb5399c99edabe0919aeaf5b2/log4j-api-2.17.1.jar!/, jar:file:/C:/Users/Usuario/.gradle/caches/modules-2/files-2.1/org.ow2.asm/asm/9.1/a99500cf6eea30535eeac6be73899d048f8d12a8/asm-9.1.jar!/]
10:11:10.072 [Test worker] DEBUG com.tngtech.archunit.core.importer.JavaClassProcessor - Processing class 'com/uco/TrafficAgent/infrastructure/repository/contact/adapter/repository/jpa/RepositoryContactEmergencyJpa'
10:11:10.193 [Test worker] DEBUG com.tngtech.archunit.core.importer.JavaClassProcessor - Processing class 'com/uco/TrafficAgent/infrastructure/aspect/service/AuthorizationService'
10:11:10.237 [Test worker] DEBUG com.tngtech.archunit.core.importer.JavaClassProcessor - Processing class 'com/uco/TrafficAgent/infrastructure/repository/login/controller/ComandControllerLogin'
10:11:10.277 [Test worker] DEBUG com.tngtech.archunit.core.importer.JavaClassProcessor - Processing class 'com/uco/TrafficAgent/domain/model/Contact'
10:11:10.301 [Test worker] DEBUG com.tngtech.archunit.core.importer.JavaClassProcessor - Processing class 'com/uco/TrafficAgent/infrastructure/repository/type/adapter/entity/EntityTypeId'
10:11:10.355 [Test worker] DEBUG com.tngtech.archunit.core.importer.JavaClassProcessor - Processing class 'com/uco/TrafficAgent/domain/service/user/ServiceDeleteUser'
10:11:10.378 [Test worker] DEBUG com.tngtech.archunit.core.importer.JavaClassProcessor - Processing class 'com/uco/TrafficAgent/domain/service/report/ServiceListAllReportByDate'
10:11:10.379 [Test worker] DEBUG com.tngtech.archunit.core.importer.JavaClassProcessor - Processing class 'com/uco/TrafficAgent/application/service/user/comand/dto/DtoUpdateUser'
10:11:10.381 [Test worker] DEBUG com.tngtech.archunit.core.importer.JavaClassProcessor - Processing class 'com/uco/TrafficAgent/application/mapper/MapperApplicationObject'
10:11:10.390 [Test worker] DEBUG com.tngtech.archunit.core.importer.JavaClassProcessor - Processing class 'com/uco/TrafficAgent/domain/validator/ValidatorObjects'
10:11:10.391 [Test worker] DEBUG com.tngtech.archunit.core.importer.JavaClassProcessor - Processing class 'com/uco/TrafficAgent/infrastructure/repository/contact/adapter/repository/jpa/RepositoryContactJpa'
10:11:10.419 [Test worker] DEBUG com.tngtech.archunit.core.importer.JavaClassProcessor - Processing class 'com/uco/TrafficAgent/domain/port/report/RepositoryReport'
10:11:10.516 [Test worker] DEBUG com.tngtech.archunit.core.importer.JavaClassProcessor - Processing class 'com/uco/TrafficAgent/infrastructure/configuration/model/BeanServiceUser'
10:11:10.528 [Test worker] DEBUG com.tngtech.archunit.core.importer.JavaClassProcessor - Processing class 'com/uco/TrafficAgent/infrastructure/repository/type/adapter/repository/jpa/RepositoryTypeIdJpa'
10:11:10.539 [Test worker] DEBUG com.tngtech.archunit.core.importer.JavaClassProcessor - Processing class 'com/uco/TrafficAgent/application/service/user/comand/ServiceApplicationDeleteUser'
10:11:10.571 [Test worker] DEBUG com.tngtech.archunit.core.importer.JavaClassProcessor - Processing class 'com/uco/TrafficAgent/domain/dto/DtoCurrentUser'
10:11:10.594 [Test worker] DEBUG com.tngtech.archunit.core.importer.JavaClassProcessor - Processing class 'com/uco/TrafficAgent/domain/dto/DtoContactSummary'
10:11:10.616 [Test worker] DEBUG com.tngtech.archunit.core.importer.JavaClassProcessor - Processing class 'com/uco/TrafficAgent/infrastructure/error/ErrorHandler'
10:11:10.736 [Test worker] DEBUG com.tngtech.archunit.core.importer.JavaClassProcessor - Processing class 'com/uco/TrafficAgent/application/service/DtoResponse'
10:11:10.774 [Test worker] DEBUG com.tngtech.archunit.core.importer.JavaClassProcessor - Processing class 'com/uco/TrafficAgent/application/mapper/user/impl/MapperApplicationUserImpl'
10:11:10.801 [Test worker] DEBUG com.tngtech.archunit.core.importer.JavaClassProcessor - Processing class 'com/uco/TrafficAgent/infrastructure/repository/rol/adapter/entity/EntityRol'
10:11:10.896 [Test worker] DEBUG com.tngtech.archunit.core.importer.JavaClassProcessor - Processing class 'com/uco/TrafficAgent/infrastructure/service/token/ServiceValidateTokenJWT'
10:11:10.945 [Test worker] DEBUG com.tngtech.archunit.core.importer.JavaClassProcessor - Processing class 'com/uco/TrafficAgent/infrastructure/repository/report/adapter/entity/EntityReport'
10:11:11.119 [Test worker] DEBUG com.tngtech.archunit.core.importer.JavaClassProcessor - Processing class 'com/uco/TrafficAgent/domain/service/user/ServiceUpdateUser'
10:11:11.771 [Test worker] DEBUG com.tngtech.archunit.core.importer.JavaClassProcessor - Processing class 'com/uco/TrafficAgent/infrastructure/repository/report/controller/ConsultControllerReport'
10:11:12.046 [Test worker] DEBUG com.tngtech.archunit.core.importer.JavaClassProcessor - Processing class 'com/uco/TrafficAgent/infrastructure/repository/report/adapter/repository/jpa/RepositoryReportJpa'
10:11:12.047 [Test worker] DEBUG com.tngtech.archunit.core.importer.JavaClassProcessor - Processing class 'com/uco/TrafficAgent/domain/service/token/ServiceEncryptText'
10:11:12.239 [Test worker] DEBUG com.tngtech.archunit.core.importer.JavaClassProcessor - Processing class 'com/uco/TrafficAgent/infrastructure/configuration/general/ConfigurationSecurity'
10:11:12.266 [Test worker] DEBUG com.tngtech.archunit.core.importer.JavaClassProcessor - Processing class 'com/uco/TrafficAgent/application/service/user/comand/dto/DtoRolUser'
10:11:12.449 [Test worker] DEBUG com.tngtech.archunit.core.importer.JavaClassProcessor - Processing class 'com/uco/TrafficAgent/domain/port/contact/RepositoryContact'
10:11:12.627 [Test worker] DEBUG com.tngtech.archunit.core.importer.JavaClassProcessor - Processing class 'com/uco/TrafficAgent/application/service/contact/comand/ServiceApplicationSaveContact'
10:11:12.753 [Test worker] DEBUG com.tngtech.archunit.core.importer.JavaClassProcessor - Processing class 'com/uco/TrafficAgent/application/service/report/consult/ServiceApplicationListAllReportByDate'
10:11:12.755 [Test worker] DEBUG com.tngtech.archunit.core.importer.JavaClassProcessor - Processing class 'com/uco/TrafficAgent/application/service/user/comand/dto/DtoSaveUser'
10:11:12.777 [Test worker] DEBUG com.tngtech.archunit.core.importer.JavaClassProcessor - Processing class 'com/uco/TrafficAgent/domain/dto/DtoUserSummary'
10:11:12.806 [Test worker] DEBUG com.tngtech.archunit.core.importer.JavaClassProcessor - Processing class 'com/uco/TrafficAgent/infrastructure/repository/type/adapter/repository/RepositoryTypeIdDB'
10:11:12.840 [Test worker] DEBUG com.tngtech.archunit.core.importer.JavaClassProcessor - Processing class 'com/uco/TrafficAgent/infrastructure/repository/contact/adapter/repository/RepositoryContactDB'
10:11:12.842 [Test worker] DEBUG com.tngtech.archunit.core.importer.JavaClassProcessor - Processing class 'com/uco/TrafficAgent/domain/dto/DtoReportSummary'
10:11:12.867 [Test worker] DEBUG com.tngtech.archunit.core.importer.JavaClassProcessor - Processing class 'com/uco/TrafficAgent/application/service/report/consult/ServiceApplicationListAllReportByUser'
10:11:13.049 [Test worker] DEBUG com.tngtech.archunit.core.importer.JavaClassProcessor - Processing class 'com/uco/TrafficAgent/infrastructure/configuration/model/BeanServiceContact'
10:11:13.116 [Test worker] DEBUG com.tngtech.archunit.core.importer.JavaClassProcessor - Processing class 'com/uco/TrafficAgent/infrastructure/service/token/ServiceGenerateTokenJWT'
10:11:13.119 [Test worker] DEBUG com.tngtech.archunit.core.importer.JavaClassProcessor - Processing class 'com/uco/TrafficAgent/domain/port/user/RepositoryUser'
10:11:13.130 [Test worker] DEBUG com.tngtech.archunit.core.importer.JavaClassProcessor - Processing class 'com/uco/TrafficAgent/domain/service/report/ServiceSaveReport'
10:11:13.143 [Test worker] DEBUG com.tngtech.archunit.core.importer.JavaClassProcessor - Processing class 'com/uco/TrafficAgent/application/service/contact/consult/ServiceApplicationListAllByProximityContact'
10:11:13.145 [Test worker] DEBUG com.tngtech.archunit.core.importer.JavaClassProcessor - Processing class 'com/uco/TrafficAgent/domain/service/token/ServiceGenerateToken'
10:11:13.157 [Test worker] DEBUG com.tngtech.archunit.core.importer.JavaClassProcessor - Processing class 'com/uco/TrafficAgent/infrastructure/aspect/exception/ExceptionUserUnauthorized'
10:11:13.231 [Test worker] DEBUG com.tngtech.archunit.core.importer.JavaClassProcessor - Processing class 'com/uco/TrafficAgent/infrastructure/repository/user/controller/ComandControllerUser'
10:11:13.233 [Test worker] DEBUG com.tngtech.archunit.core.importer.JavaClassProcessor - Processing class 'com/uco/TrafficAgent/application/service/contact/comand/dto/DtoSaveContact'
10:11:13.234 [Test worker] DEBUG com.tngtech.archunit.core.importer.JavaClassProcessor - Processing class 'com/uco/TrafficAgent/domain/service/contact/ServiceListsAllByProximityContact'
10:11:13.271 [Test worker] DEBUG com.tngtech.archunit.core.importer.JavaClassProcessor - Processing class 'com/uco/TrafficAgent/domain/service/contact/ServiceSaveContact'
10:11:13.411 [Test worker] DEBUG com.tngtech.archunit.core.importer.JavaClassProcessor - Processing class 'com/uco/TrafficAgent/application/encrypted/impl/ServiceEncryptedPasswordImpl'
10:11:13.473 [Test worker] DEBUG com.tngtech.archunit.core.importer.JavaClassProcessor - Processing class 'com/uco/TrafficAgent/application/service/report/comand/dto/DtoSaveReport'
10:11:13.523 [Test worker] DEBUG com.tngtech.archunit.core.importer.JavaClassProcessor - Processing class 'com/uco/TrafficAgent/infrastructure/repository/report/adapter/repository/RepositoryReportDB'
10:11:13.598 [Test worker] DEBUG com.tngtech.archunit.core.importer.JavaClassProcessor - Processing class 'com/uco/TrafficAgent/infrastructure/configuration/general/ConfigurationRestTemplate'
10:11:13.599 [Test worker] DEBUG com.tngtech.archunit.core.importer.JavaClassProcessor - Processing class 'com/uco/TrafficAgent/application/service/login/dto/DtoLogin'
10:11:13.668 [Test worker] DEBUG com.tngtech.archunit.core.importer.JavaClassProcessor - Processing class 'com/uco/TrafficAgent/infrastructure/mapper/user/impl/MapperUserImpl'
10:11:13.672 [Test worker] DEBUG com.tngtech.archunit.core.importer.JavaClassProcessor - Processing class 'com/uco/TrafficAgent/infrastructure/repository/contact/adapter/entity/EntityContact'
10:11:13.674 [Test worker] DEBUG com.tngtech.archunit.core.importer.JavaClassProcessor - Processing class 'com/uco/TrafficAgent/domain/model/Report'
10:11:13.697 [Test worker] DEBUG com.tngtech.archunit.core.importer.JavaClassProcessor - Processing class 'com/uco/TrafficAgent/application/service/report/comand/ServiceApplicationSaveReport'
10:11:13.712 [Test worker] DEBUG com.tngtech.archunit.core.importer.JavaClassProcessor - Processing class 'com/uco/TrafficAgent/domain/model/User'
10:11:13.714 [Test worker] DEBUG com.tngtech.archunit.core.importer.JavaClassProcessor - Processing class 'com/uco/TrafficAgent/infrastructure/repository/contact/adapter/entity/EntityContactEmergency'
10:11:13.727 [Test worker] DEBUG com.tngtech.archunit.core.importer.JavaClassProcessor - Processing class 'com/uco/TrafficAgent/infrastructure/configuration/model/BeanServiceReport'
10:11:13.904 [Test worker] DEBUG com.tngtech.archunit.core.importer.JavaClassProcessor - Processing class 'com/uco/TrafficAgent/infrastructure/repository/report/controller/ComandControllerReport'
10:11:14.110 [Test worker] DEBUG com.tngtech.archunit.core.importer.JavaClassProcessor - Processing class 'com/uco/TrafficAgent/TrafficAgentApplication'
10:11:14.111 [Test worker] DEBUG com.tngtech.archunit.core.importer.JavaClassProcessor - Processing class 'com/uco/TrafficAgent/infrastructure/service/token/ServiceValidateToken'
10:11:14.400 [Test worker] DEBUG com.tngtech.archunit.core.importer.JavaClassProcessor - Processing class 'com/uco/TrafficAgent/domain/service/report/ServiceListAllReportByUser'
10:11:14.523 [Test worker] DEBUG com.tngtech.archunit.core.importer.JavaClassProcessor - Processing class 'com/uco/TrafficAgent/domain/model/TypeIdentification'
10:11:14.524 [Test worker] DEBUG com.tngtech.archunit.core.importer.JavaClassProcessor - Processing class 'com/uco/TrafficAgent/infrastructure/aspect/Secured'
10:11:14.609 [Test worker] DEBUG com.tngtech.archunit.core.importer.JavaClassProcessor - Processing class 'com/uco/TrafficAgent/infrastructure/filter/FilterAuth'
10:11:14.705 [Test worker] DEBUG com.tngtech.archunit.core.importer.JavaClassProcessor - Processing class 'com/uco/TrafficAgent/infrastructure/error/Error'
10:11:14.831 [Test worker] DEBUG com.tngtech.archunit.core.importer.JavaClassProcessor - Processing class 'com/uco/TrafficAgent/infrastructure/repository/user/controller/ConsultControllerUser'
10:11:14.833 [Test worker] DEBUG com.tngtech.archunit.core.importer.JavaClassProcessor - Processing class 'com/uco/TrafficAgent/domain/model/RolUser'
10:11:14.850 [Test worker] DEBUG com.tngtech.archunit.core.importer.JavaClassProcessor - Processing class 'com/uco/TrafficAgent/infrastructure/repository/contact/controller/ConsultControllerContact'
10:11:14.852 [Test worker] DEBUG com.tngtech.archunit.core.importer.JavaClassProcessor - Processing class 'com/uco/TrafficAgent/infrastructure/mapper/MapperInfrastructureObject'
10:11:14.885 [Test worker] DEBUG com.tngtech.archunit.core.importer.JavaClassProcessor - Processing class 'com/uco/TrafficAgent/domain/service/user/ServiceSaveUser'
10:11:14.935 [Test worker] DEBUG com.tngtech.archunit.core.importer.JavaClassProcessor - Processing class 'com/uco/TrafficAgent/domain/validator/ValidatorAttributes'
10:11:14.936 [Test worker] DEBUG com.tngtech.archunit.core.importer.JavaClassProcessor - Processing class 'com/uco/TrafficAgent/application/service/user/comand/ServiceApplicationSaveUser'
10:11:14.949 [Test worker] DEBUG com.tngtech.archunit.core.importer.JavaClassProcessor - Processing class 'com/uco/TrafficAgent/infrastructure/aspect/SecuredAspect'
10:11:14.966 [Test worker] DEBUG com.tngtech.archunit.core.importer.JavaClassProcessor - Processing class 'com/uco/TrafficAgent/infrastructure/service/token/ServiceGetCurrentUserJwt'
10:11:14.968 [Test worker] DEBUG com.tngtech.archunit.core.importer.JavaClassProcessor - Processing class 'com/uco/TrafficAgent/infrastructure/aspect/LogExecutionTime'
10:11:15.037 [Test worker] DEBUG com.tngtech.archunit.core.importer.JavaClassProcessor - Processing class 'com/uco/TrafficAgent/application/mapper/contact/impl/MapperApplicationContactImpl'
10:11:15.038 [Test worker] DEBUG com.tngtech.archunit.core.importer.JavaClassProcessor - Processing class 'com/uco/TrafficAgent/domain/port/type/RepositoryTypeId'
10:11:15.054 [Test worker] DEBUG com.tngtech.archunit.core.importer.JavaClassProcessor - Processing class 'com/uco/TrafficAgent/infrastructure/repository/user/adapter/repository/RepositoryUserDB'
10:11:15.104 [Test worker] DEBUG com.tngtech.archunit.core.importer.JavaClassProcessor - Processing class 'com/uco/TrafficAgent/infrastructure/aspect/LogExecutionAspect'
10:11:15.106 [Test worker] DEBUG com.tngtech.archunit.core.importer.JavaClassProcessor - Processing class 'com/uco/TrafficAgent/infrastructure/repository/user/adapter/entity/EntityUser'
10:11:15.108 [Test worker] DEBUG com.tngtech.archunit.core.importer.JavaClassProcessor - Processing class 'com/uco/TrafficAgent/application/encrypted/ServiceEncryptedPassword'
10:11:15.109 [Test worker] DEBUG com.tngtech.archunit.core.importer.JavaClassProcessor - Processing class 'com/uco/TrafficAgent/infrastructure/configuration/general/ConfigurationRetry'
10:11:15.118 [Test worker] DEBUG com.tngtech.archunit.core.importer.JavaClassProcessor - Processing class 'com/uco/TrafficAgent/domain/service/user/ServiceListAllUser'
10:11:15.121 [Test worker] DEBUG com.tngtech.archunit.core.importer.JavaClassProcessor - Processing class 'com/uco/TrafficAgent/application/service/user/consult/ServiceApplicationListAllUser'
10:11:15.138 [Test worker] DEBUG com.tngtech.archunit.core.importer.JavaClassProcessor - Processing class 'com/uco/TrafficAgent/infrastructure/repository/contact/controller/ComandControllerContact'
10:11:15.148 [Test worker] DEBUG com.tngtech.archunit.core.importer.JavaClassProcessor - Processing class 'com/uco/TrafficAgent/application/service/login/ServiceApplicationLogin'
10:11:15.149 [Test worker] DEBUG com.tngtech.archunit.core.importer.JavaClassProcessor - Processing class 'com/uco/TrafficAgent/domain/service/token/ServiceGetCurrentUser'
10:11:15.151 [Test worker] DEBUG com.tngtech.archunit.core.importer.JavaClassProcessor - Processing class 'com/uco/TrafficAgent/application/service/user/comand/ServiceApplicationUpdateUser'
10:11:15.329 [Test worker] DEBUG com.tngtech.archunit.core.importer.JavaClassProcessor - Processing class 'com/uco/TrafficAgent/infrastructure/repository/user/adapter/repository/jpa/RepositoryUserJpa'
10:11:15.340 [Test worker] DEBUG com.tngtech.archunit.core.importer.JavaClassProcessor - Processing class 'com/uco/TrafficAgent/application/mapper/report/impl/MapperApplicationReportImpl'
10:11:15.341 [Test worker] DEBUG com.tngtech.archunit.core.importer.DependencyResolutionProcess - Automatically resolving transitive class dependencies with the following configuration:
import.dependencyResolutionProcess.maxIterationsForMemberTypes = 1
import.dependencyResolutionProcess.maxIterationsForAccessesToTypes = 1
import.dependencyResolutionProcess.maxIterationsForSupertypes = -1
import.dependencyResolutionProcess.maxIterationsForEnclosingTypes = -1
import.dependencyResolutionProcess.maxIterationsForAnnotationTypes = -1
import.dependencyResolutionProcess.maxIterationsForGenericSignatureTypes = -1
10:11:15.342 [Test worker] DEBUG com.tngtech.archunit.core.importer.JavaClassProcessor - Processing class 'org/springframework/data/repository/query/Param'
10:11:15.343 [Test worker] DEBUG com.tngtech.archunit.core.importer.JavaClassProcessor - Processing class 'io/jsonwebtoken/impl/TextCodec'
10:11:15.392 [Test worker] DEBUG com.tngtech.archunit.core.importer.JavaClassProcessor - Processing class 'org/springframework/web/bind/annotation/RequestParam'
10:11:15.392 [Test worker] DEBUG com.tngtech.archunit.core.importer.JavaClassProcessor - Processing class 'java/util/Arrays'
10:11:15.396 [Test worker] DEBUG com.tngtech.archunit.core.importer.JavaClassProcessor - Processing class 'java/lang/System'
10:11:15.398 [Test worker] DEBUG com.tngtech.archunit.core.importer.JavaClassProcessor - Processing class 'java/time/ZonedDateTime'
10:11:15.400 [Test worker] DEBUG com.tngtech.archunit.core.importer.JavaClassProcessor - Processing class 'org/springframework/beans/factory/annotation/Autowired'
10:11:15.401 [Test worker] DEBUG com.tngtech.archunit.core.importer.JavaClassProcessor - Processing class 'javax/crypto/spec/SecretKeySpec'
10:11:15.402 [Test worker] DEBUG com.tngtech.archunit.core.importer.JavaClassProcessor - Processing class 'java/lang/Record'
10:11:15.402 [Test worker] DEBUG com.tngtech.archunit.core.importer.JavaClassProcessor - Processing class 'java/lang/Integer'
10:11:15.457 [Test worker] DEBUG com.tngtech.archunit.core.importer.JavaClassProcessor - Processing class 'org/springframework/web/context/request/RequestContextHolder'
10:11:15.458 [Test worker] DEBUG com.tngtech.archunit.core.importer.JavaClassProcessor - Processing class 'java/lang/Long'
10:11:15.460 [Test worker] DEBUG com.tngtech.archunit.core.importer.JavaClassProcessor - Processing class 'io/jsonwebtoken/JwtBuilder'
10:11:15.461 [Test worker] DEBUG com.tngtech.archunit.core.importer.JavaClassProcessor - Processing class 'java/time/Duration'
10:11:15.463 [Test worker] DEBUG com.tngtech.archunit.core.importer.JavaClassProcessor - Processing class 'io/jsonwebtoken/SignatureAlgorithm'
10:11:15.464 [Test worker] DEBUG com.tngtech.archunit.core.importer.JavaClassProcessor - Processing class 'org/springframework/stereotype/Repository'
10:11:15.466 [Test worker] DEBUG com.tngtech.archunit.core.importer.JavaClassProcessor - Processing class 'com/auth0/jwt/interfaces/Claim'
10:11:15.467 [Test worker] DEBUG com.tngtech.archunit.core.importer.JavaClassProcessor - Processing class 'org/springframework/web/bind/annotation/PostMapping'
10:11:15.468 [Test worker] DEBUG com.tngtech.archunit.core.importer.JavaClassProcessor - Processing class 'javax/persistence/Entity'
10:11:15.469 [Test worker] DEBUG com.tngtech.archunit.core.importer.JavaClassProcessor - Processing class 'javax/persistence/ManyToOne'
10:11:15.470 [Test worker] DEBUG com.tngtech.archunit.core.importer.JavaClassProcessor - Processing class 'javax/persistence/CascadeType'
10:11:15.473 [Test worker] DEBUG com.tngtech.archunit.core.importer.JavaClassProcessor - Processing class 'org/springframework/web/bind/annotation/RestController'
10:11:15.475 [Test worker] DEBUG com.tngtech.archunit.core.importer.JavaClassProcessor - Processing class 'java/lang/String'
10:11:15.478 [Test worker] DEBUG com.tngtech.archunit.core.importer.JavaClassProcessor - Processing class 'java/lang/Exception'
10:11:15.480 [Test worker] DEBUG com.tngtech.archunit.core.importer.JavaClassProcessor - Processing class 'java/time/ZoneId'
10:11:15.545 [Test worker] DEBUG com.tngtech.archunit.core.importer.JavaClassProcessor - Processing class 'org/aspectj/lang/annotation/Around'
10:11:15.545 [Test worker] DEBUG com.tngtech.archunit.core.importer.JavaClassProcessor - Processing class 'java/util/stream/Stream'
10:11:15.547 [Test worker] DEBUG com.tngtech.archunit.core.importer.JavaClassProcessor - Processing class 'javax/persistence/GeneratedValue'
10:11:15.548 [Test worker] DEBUG com.tngtech.archunit.core.importer.JavaClassProcessor - Processing class 'java/lang/Throwable'
10:11:15.628 [Test worker] DEBUG com.tngtech.archunit.core.importer.JavaClassProcessor - Processing class 'org/springframework/data/jpa/repository/Query'
10:11:15.629 [Test worker] DEBUG com.tngtech.archunit.core.importer.JavaClassProcessor - Processing class 'com/auth0/jwt/JWT'
10:11:15.630 [Test worker] DEBUG com.tngtech.archunit.core.importer.JavaClassProcessor - Processing class 'com/auth0/jwt/interfaces/DecodedJWT'
10:11:15.630 [Test worker] DEBUG com.tngtech.archunit.core.importer.JavaClassProcessor - Processing class 'java/time/LocalDateTime'
10:11:15.703 [Test worker] DEBUG com.tngtech.archunit.core.importer.JavaClassProcessor - Processing class 'org/springframework/web/filter/OncePerRequestFilter'
10:11:15.705 [Test worker] DEBUG com.tngtech.archunit.core.importer.JavaClassProcessor - Processing class 'org/springframework/retry/annotation/EnableRetry'
10:11:15.705 [Test worker] DEBUG com.tngtech.archunit.core.importer.JavaClassProcessor - Processing class 'java/util/ArrayList'
10:11:15.775 [Test worker] DEBUG com.tngtech.archunit.core.importer.JavaClassProcessor - Processing class 'org/springframework/web/bind/annotation/RequestBody'
10:11:15.776 [Test worker] DEBUG com.tngtech.archunit.core.importer.JavaClassProcessor - Processing class 'javax/servlet/http/HttpServletRequest'
10:11:15.778 [Test worker] DEBUG com.tngtech.archunit.core.importer.JavaClassProcessor - Processing class 'javax/persistence/Table'
10:11:15.779 [Test worker] DEBUG com.tngtech.archunit.core.importer.JavaClassProcessor - Processing class 'org/springframework/web/bind/annotation/ExceptionHandler'
10:11:15.780 [Test worker] DEBUG com.tngtech.archunit.core.importer.JavaClassProcessor - Processing class 'org/springframework/web/bind/annotation/ControllerAdvice'
10:11:15.828 [Test worker] DEBUG com.tngtech.archunit.core.importer.JavaClassProcessor - Processing class 'org/springframework/boot/autoconfigure/SpringBootApplication'
10:11:15.830 [Test worker] DEBUG com.tngtech.archunit.core.importer.JavaClassProcessor - Processing class 'javax/persistence/OneToMany'
10:11:15.830 [Test worker] DEBUG com.tngtech.archunit.core.importer.JavaClassProcessor - Processing class 'java/lang/annotation/Target'
10:11:15.830 [Test worker] DEBUG com.tngtech.archunit.core.importer.JavaClassProcessor - Processing class 'java/io/IOException'
10:11:15.831 [Test worker] DEBUG com.tngtech.archunit.core.importer.JavaClassProcessor - Processing class 'java/lang/RuntimeException'
10:11:15.832 [Test worker] DEBUG com.tngtech.archunit.core.importer.JavaClassProcessor - Processing class 'org/springframework/boot/web/client/RestTemplateBuilder'
10:11:15.897 [Test worker] DEBUG com.tngtech.archunit.core.importer.JavaClassProcessor - Processing class 'org/springframework/http/HttpStatus'
10:11:15.899 [Test worker] DEBUG com.tngtech.archunit.core.importer.JavaClassProcessor - Processing class 'javax/persistence/FetchType'
10:11:15.899 [Test worker] DEBUG com.tngtech.archunit.core.importer.JavaClassProcessor - Processing class 'java/lang/IllegalStateException'
10:11:15.900 [Test worker] DEBUG com.tngtech.archunit.core.importer.JavaClassProcessor - Processing class 'io/jsonwebtoken/impl/crypto/DefaultJwtSignatureValidator'
10:11:15.901 [Test worker] DEBUG com.tngtech.archunit.core.importer.JavaClassProcessor - Processing class 'org/springframework/web/bind/annotation/PathVariable'
10:11:15.902 [Test worker] DEBUG com.tngtech.archunit.core.importer.JavaClassProcessor - Processing class 'javax/servlet/FilterChain'
10:11:15.903 [Test worker] DEBUG com.tngtech.archunit.core.importer.JavaClassProcessor - Processing class 'org/springframework/boot/web/servlet/FilterRegistrationBean'
10:11:15.904 [Test worker] DEBUG com.tngtech.archunit.core.importer.JavaClassProcessor - Processing class 'javax/servlet/ServletException'
10:11:15.904 [Test worker] DEBUG com.tngtech.archunit.core.importer.JavaClassProcessor - Processing class 'java/util/Date'
10:11:15.906 [Test worker] DEBUG com.tngtech.archunit.core.importer.JavaClassProcessor - Processing class 'org/slf4j/LoggerFactory'
10:11:15.907 [Test worker] DEBUG com.tngtech.archunit.core.importer.JavaClassProcessor - Processing class 'org/springframework/boot/SpringApplication'
10:11:15.910 [Test worker] DEBUG com.tngtech.archunit.core.importer.JavaClassProcessor - Processing class 'org/springframework/web/bind/annotation/PutMapping'
10:11:15.911 [Test worker] DEBUG com.tngtech.archunit.core.importer.JavaClassProcessor - Processing class 'org/aspectj/lang/annotation/Aspect'
10:11:15.912 [Test worker] DEBUG com.tngtech.archunit.core.importer.JavaClassProcessor - Processing class 'org/springframework/web/bind/annotation/DeleteMapping'
10:11:15.912 [Test worker] DEBUG com.tngtech.archunit.core.importer.JavaClassProcessor - Processing class 'java/lang/reflect/Method'
10:11:16.036 [Test worker] DEBUG com.tngtech.archunit.core.importer.JavaClassProcessor - Processing class 'org/springframework/web/client/RestTemplate'
10:11:16.040 [Test worker] DEBUG com.tngtech.archunit.core.importer.JavaClassProcessor - Processing class 'java/util/concurrent/ConcurrentHashMap'
10:11:16.043 [Test worker] DEBUG com.tngtech.archunit.core.importer.JavaClassProcessor - Processing class 'java/util/UUID'
10:11:16.044 [Test worker] DEBUG com.tngtech.archunit.core.importer.JavaClassProcessor - Processing class 'java/util/stream/Collectors'
10:11:16.047 [Test worker] DEBUG com.tngtech.archunit.core.importer.JavaClassProcessor - Processing class 'org/springframework/context/annotation/Configuration'
10:11:16.048 [Test worker] DEBUG com.tngtech.archunit.core.importer.JavaClassProcessor - Processing class 'javax/persistence/GenerationType'
10:11:16.049 [Test worker] DEBUG com.tngtech.archunit.core.importer.JavaClassProcessor - Processing class 'javax/persistence/Column'
10:11:16.049 [Test worker] DEBUG com.tngtech.archunit.core.importer.JavaClassProcessor - Processing class 'java/util/List'
10:11:16.051 [Test worker] DEBUG com.tngtech.archunit.core.importer.JavaClassProcessor - Processing class 'io/jsonwebtoken/Jwts'
10:11:16.052 [Test worker] DEBUG com.tngtech.archunit.core.importer.JavaClassProcessor - Processing class 'org/springframework/core/env/Environment'
10:11:16.052 [Test worker] DEBUG com.tngtech.archunit.core.importer.JavaClassProcessor - Processing class 'java/lang/annotation/Annotation'
10:11:16.052 [Test worker] DEBUG com.tngtech.archunit.core.importer.JavaClassProcessor - Processing class 'java/util/Optional'
10:11:16.053 [Test worker] DEBUG com.tngtech.archunit.core.importer.JavaClassProcessor - Processing class 'org/springframework/data/jpa/repository/JpaRepository'
10:11:16.054 [Test worker] DEBUG com.tngtech.archunit.core.importer.JavaClassProcessor - Processing class 'org/springframework/web/bind/annotation/RequestMapping'
10:11:16.055 [Test worker] DEBUG com.tngtech.archunit.core.importer.JavaClassProcessor - Processing class 'java/lang/annotation/Retention'
10:11:16.056 [Test worker] DEBUG com.tngtech.archunit.core.importer.JavaClassProcessor - Processing class 'org/springframework/web/bind/annotation/GetMapping'
10:11:16.057 [Test worker] DEBUG com.tngtech.archunit.core.importer.JavaClassProcessor - Processing class 'org/springframework/web/bind/annotation/ResponseStatus'
10:11:16.058 [Test worker] DEBUG com.tngtech.archunit.core.importer.JavaClassProcessor - Processing class 'org/aspectj/lang/JoinPoint'
10:11:16.059 [Test worker] DEBUG com.tngtech.archunit.core.importer.JavaClassProcessor - Processing class 'javax/persistence/Id'
10:11:16.060 [Test worker] DEBUG com.tngtech.archunit.core.importer.JavaClassProcessor - Processing class 'org/slf4j/Logger'
10:11:16.061 [Test worker] DEBUG com.tngtech.archunit.core.importer.JavaClassProcessor - Processing class 'java/util/Iterator'
10:11:16.062 [Test worker] DEBUG com.tngtech.archunit.core.importer.JavaClassProcessor - Processing class 'javax/persistence/JoinColumn'
10:11:16.063 [Test worker] DEBUG com.tngtech.archunit.core.importer.JavaClassProcessor - Processing class 'javax/servlet/http/HttpServletResponse'
10:11:16.251 [Test worker] DEBUG com.tngtech.archunit.core.importer.JavaClassProcessor - Processing class 'org/springframework/web/context/request/ServletRequestAttributes'
10:11:16.251 [Test worker] DEBUG com.tngtech.archunit.core.importer.JavaClassProcessor - Processing class 'java/lang/IllegalArgumentException'
10:11:16.252 [Test worker] DEBUG com.tngtech.archunit.core.importer.JavaClassProcessor - Processing class 'java/lang/annotation/ElementType'
10:11:16.253 [Test worker] DEBUG com.tngtech.archunit.core.importer.JavaClassProcessor - Processing class 'org/springframework/stereotype/Component'
10:11:16.254 [Test worker] DEBUG com.tngtech.archunit.core.importer.JavaClassProcessor - Processing class 'org/aspectj/lang/annotation/Before'
10:11:16.255 [Test worker] DEBUG com.tngtech.archunit.core.importer.JavaClassProcessor - Processing class 'java/lang/Object'
10:11:16.255 [Test worker] DEBUG com.tngtech.archunit.core.importer.JavaClassProcessor - Processing class 'java/lang/Class'
10:11:16.258 [Test worker] DEBUG com.tngtech.archunit.core.importer.JavaClassProcessor - Processing class 'org/springframework/http/ResponseEntity'
10:11:16.424 [Test worker] DEBUG com.tngtech.archunit.core.importer.JavaClassProcessor - Processing class 'org/aspectj/lang/reflect/MethodSignature'
10:11:16.425 [Test worker] DEBUG com.tngtech.archunit.core.importer.JavaClassProcessor - Processing class 'org/springframework/context/annotation/Bean'
10:11:16.426 [Test worker] DEBUG com.tngtech.archunit.core.importer.JavaClassProcessor - Processing class 'java/util/Comparator'
10:11:16.427 [Test worker] DEBUG com.tngtech.archunit.core.importer.JavaClassProcessor - Processing class 'org/apache/commons/codec/digest/DigestUtils'
10:11:16.428 [Test worker] DEBUG com.tngtech.archunit.core.importer.JavaClassProcessor - Processing class 'org/aspectj/lang/ProceedingJoinPoint'
10:11:16.429 [Test worker] DEBUG com.tngtech.archunit.core.importer.JavaClassProcessor - Processing class 'java/lang/annotation/RetentionPolicy'
10:11:16.429 [Test worker] DEBUG com.tngtech.archunit.core.importer.JavaClassProcessor - Processing class 'java/lang/annotation/Inherited'
10:11:16.429 [Test worker] DEBUG com.tngtech.archunit.core.importer.JavaClassProcessor - Processing class 'java/util/DoubleSummaryStatistics'
10:11:16.430 [Test worker] DEBUG com.tngtech.archunit.core.importer.JavaClassProcessor - Processing class 'java/util/function/DoubleConsumer'
10:11:16.430 [Test worker] DEBUG com.tngtech.archunit.core.importer.JavaClassProcessor - Processing class 'java/security/spec/KeySpec'
10:11:16.431 [Test worker] DEBUG com.tngtech.archunit.core.importer.JavaClassProcessor - Processing class 'javax/persistence/ConstraintMode'
10:11:16.432 [Test worker] DEBUG com.tngtech.archunit.core.importer.JavaClassProcessor - Processing class 'org/springframework/core/env/PropertyResolver'
10:11:16.433 [Test worker] DEBUG com.tngtech.archunit.core.importer.JavaClassProcessor - Processing class 'org/springframework/web/filter/GenericFilterBean'
10:11:16.434 [Test worker] DEBUG com.tngtech.archunit.core.importer.JavaClassProcessor - Processing class 'java/util/Map'
10:11:16.435 [Test worker] DEBUG com.tngtech.archunit.core.importer.JavaClassProcessor - Processing class 'java/lang/reflect/Executable'
10:11:16.437 [Test worker] DEBUG com.tngtech.archunit.core.importer.JavaClassProcessor - Processing class 'javax/servlet/Filter'
10:11:16.437 [Test worker] DEBUG com.tngtech.archunit.core.importer.JavaClassProcessor - Processing class 'java/lang/CharSequence'
10:11:16.438 [Test worker] DEBUG com.tngtech.archunit.core.importer.JavaClassProcessor - Processing class 'org/springframework/data/repository/PagingAndSortingRepository'
10:11:16.439 [Test worker] DEBUG com.tngtech.archunit.core.importer.JavaClassProcessor - Processing class 'java/time/chrono/ChronoLocalDateTime'
10:11:16.439 [Test worker] DEBUG com.tngtech.archunit.core.importer.JavaClassProcessor - Processing class 'java/util/Set'
10:11:16.440 [Test worker] DEBUG com.tngtech.archunit.core.importer.JavaClassProcessor - Processing class 'java/io/Serializable'
10:11:16.495 [Test worker] DEBUG com.tngtech.archunit.core.importer.JavaClassProcessor - Processing class 'org/springframework/http/client/ClientHttpRequestInterceptor'
10:11:16.496 [Test worker] DEBUG com.tngtech.archunit.core.importer.JavaClassProcessor - Processing class 'org/springframework/beans/factory/support/BeanNameGenerator'
10:11:16.497 [Test worker] DEBUG com.tngtech.archunit.core.importer.JavaClassProcessor - Processing class 'jdk/internal/ValueBased'
10:11:16.497 [Test worker] DEBUG com.tngtech.archunit.core.importer.JavaClassProcessor - Processing class 'javax/crypto/SecretKey'
10:11:16.498 [Test worker] DEBUG com.tngtech.archunit.core.importer.JavaClassProcessor - Processing class 'org/springframework/http/client/support/InterceptingHttpAccessor'
10:11:16.499 [Test worker] DEBUG com.tngtech.archunit.core.importer.JavaClassProcessor - Processing class 'java/lang/reflect/AnnotatedElement'
10:11:16.499 [Test worker] DEBUG com.tngtech.archunit.core.importer.JavaClassProcessor - Processing class 'java/lang/Double'
10:11:16.516 [Test worker] DEBUG com.tngtech.archunit.core.importer.JavaClassProcessor - Processing class 'org/springframework/http/client/ClientHttpRequestFactory'
10:11:16.517 [Test worker] DEBUG com.tngtech.archunit.core.importer.JavaClassProcessor - Processing class 'org/springframework/boot/web/client/RestTemplateCustomizer'
10:11:16.517 [Test worker] DEBUG com.tngtech.archunit.core.importer.JavaClassProcessor - Processing class 'java/lang/invoke/TypeDescriptor$OfField'
10:11:16.518 [Test worker] DEBUG com.tngtech.archunit.core.importer.JavaClassProcessor - Processing class 'org/springframework/boot/context/TypeExcludeFilter'
10:11:16.519 [Test worker] DEBUG com.tngtech.archunit.core.importer.JavaClassProcessor - Processing class 'org/springframework/boot/web/servlet/AbstractFilterRegistrationBean'
10:11:16.521 [Test worker] DEBUG com.tngtech.archunit.core.importer.JavaClassProcessor - Processing class 'org/springframework/data/repository/NoRepositoryBean'
10:11:16.521 [Test worker] DEBUG com.tngtech.archunit.core.importer.JavaClassProcessor - Processing class 'java/util/RandomAccess'
10:11:16.522 [Test worker] DEBUG com.tngtech.archunit.core.importer.JavaClassProcessor - Processing class 'org/springframework/boot/BootstrapRegistryInitializer'
10:11:16.522 [Test worker] DEBUG com.tngtech.archunit.core.importer.JavaClassProcessor - Processing class 'java/time/temporal/TemporalAmount'
10:11:16.523 [Test worker] DEBUG com.tngtech.archunit.core.importer.JavaClassProcessor - Processing class 'org/springframework/lang/Nullable'
10:11:16.524 [Test worker] DEBUG com.tngtech.archunit.core.importer.JavaClassProcessor - Processing class 'org/springframework/stereotype/Indexed'
10:11:16.524 [Test worker] DEBUG com.tngtech.archunit.core.importer.JavaClassProcessor - Processing class 'java/lang/Number'
10:11:16.524 [Test worker] DEBUG com.tngtech.archunit.core.importer.JavaClassProcessor - Processing class 'java/lang/SafeVarargs'
10:11:16.525 [Test worker] DEBUG com.tngtech.archunit.core.importer.JavaClassProcessor - Processing class 'java/util/Map$Entry'
10:11:16.525 [Test worker] DEBUG com.tngtech.archunit.core.importer.JavaClassProcessor - Processing class 'jdk/internal/vm/annotation/IntrinsicCandidate'
10:11:16.526 [Test worker] DEBUG com.tngtech.archunit.core.importer.JavaClassProcessor - Processing class 'java/util/stream/LongStream'
10:11:16.544 [Test worker] DEBUG com.tngtech.archunit.core.importer.JavaClassProcessor - Processing class 'org/springframework/boot/autoconfigure/EnableAutoConfiguration'
10:11:16.544 [Test worker] DEBUG com.tngtech.archunit.core.importer.JavaClassProcessor - Processing class 'java/lang/Deprecated'
10:11:16.545 [Test worker] DEBUG com.tngtech.archunit.core.importer.JavaClassProcessor - Processing class 'org/springframework/http/HttpMethod'
10:11:16.546 [Test worker] DEBUG com.tngtech.archunit.core.importer.JavaClassProcessor - Processing class 'org/springframework/context/annotation/Import'
10:11:16.547 [Test worker] DEBUG com.tngtech.archunit.core.importer.JavaClassProcessor - Processing class 'javax/persistence/JoinColumns'
10:11:16.561 [Test worker] DEBUG com.tngtech.archunit.core.importer.JavaClassProcessor - Processing class 'org/springframework/web/client/RestOperations'
10:11:16.562 [Test worker] DEBUG com.tngtech.archunit.core.importer.JavaClassProcessor - Processing class 'java/lang/reflect/Field'
10:11:16.564 [Test worker] DEBUG com.tngtech.archunit.core.importer.JavaClassProcessor - Processing class 'com/auth0/jwt/interfaces/Header'
10:11:16.564 [Test worker] DEBUG com.tngtech.archunit.core.importer.JavaClassProcessor - Processing class 'org/springframework/context/annotation/ComponentScan'
10:11:16.565 [Test worker] DEBUG com.tngtech.archunit.core.importer.JavaClassProcessor - Processing class 'java/util/stream/Collector$Characteristics'
10:11:16.565 [Test worker] DEBUG com.tngtech.archunit.core.importer.JavaClassProcessor - Processing class 'java/lang/constant/Constable'
10:11:16.566 [Test worker] DEBUG com.tngtech.archunit.core.importer.JavaClassProcessor - Processing class 'java/time/chrono/ChronoZonedDateTime'
10:11:16.567 [Test worker] DEBUG com.tngtech.archunit.core.importer.JavaClassProcessor - Processing class 'org/springframework/boot/SpringBootConfiguration'
10:11:16.568 [Test worker] DEBUG com.tngtech.archunit.core.importer.JavaClassProcessor - Processing class 'java/lang/Comparable'
10:11:16.568 [Test worker] DEBUG com.tngtech.archunit.core.importer.JavaClassProcessor - Processing class 'java/time/temporal/TemporalAdjuster'
10:11:16.568 [Test worker] DEBUG com.tngtech.archunit.core.importer.JavaClassProcessor - Processing class 'java/net/URL'
10:11:16.569 [Test worker] DEBUG com.tngtech.archunit.core.importer.JavaClassProcessor - Processing class 'java/util/function/IntConsumer'
10:11:16.570 [Test worker] DEBUG com.tngtech.archunit.core.importer.JavaClassProcessor - Processing class 'java/util/AbstractList'
10:11:16.571 [Test worker] DEBUG com.tngtech.archunit.core.importer.JavaClassProcessor - Processing class 'org/springframework/data/annotation/QueryAnnotation'
10:11:16.571 [Test worker] DEBUG com.tngtech.archunit.core.importer.JavaClassProcessor - Processing class 'org/springframework/context/annotation/ComponentScan$Filter'
10:11:16.572 [Test worker] DEBUG com.tngtech.archunit.core.importer.JavaClassProcessor - Processing class 'java/lang/Enum'
10:11:16.573 [Test worker] DEBUG com.tngtech.archunit.core.importer.JavaClassProcessor - Processing class 'io/jsonwebtoken/impl/crypto/JwtSignatureValidator'
10:11:16.657 [Test worker] DEBUG com.tngtech.archunit.core.importer.JavaClassProcessor - Processing class 'org/springframework/web/context/request/RequestAttributes'
10:11:16.658 [Test worker] DEBUG com.tngtech.archunit.core.importer.JavaClassProcessor - Processing class 'java/lang/annotation/Documented'
10:11:16.659 [Test worker] DEBUG com.tngtech.archunit.core.importer.JavaClassProcessor - Processing class 'org/springframework/boot/web/client/RestTemplateRequestCustomizer'
10:11:16.659 [Test worker] DEBUG com.tngtech.archunit.core.importer.JavaClassProcessor - Processing class 'java/lang/Cloneable'
10:11:16.660 [Test worker] DEBUG com.tngtech.archunit.core.importer.JavaClassProcessor - Processing class 'jdk/internal/vm/annotation/ForceInline'
10:11:16.661 [Test worker] DEBUG com.tngtech.archunit.core.importer.JavaClassProcessor - Processing class 'org/springframework/http/HttpHeaders'
10:11:16.663 [Test worker] DEBUG com.tngtech.archunit.core.importer.JavaClassProcessor - Processing class 'javax/persistence/ForeignKey'
10:11:16.664 [Test worker] DEBUG com.tngtech.archunit.core.importer.JavaClassProcessor - Processing class 'java/util/Collection'
10:11:16.665 [Test worker] DEBUG com.tngtech.archunit.core.importer.JavaClassProcessor - Processing class 'org/springframework/web/bind/annotation/RequestMethod'
10:11:16.666 [Test worker] DEBUG com.tngtech.archunit.core.importer.JavaClassProcessor - Processing class 'org/springframework/context/ApplicationListener'
10:11:16.667 [Test worker] DEBUG com.tngtech.archunit.core.importer.JavaClassProcessor - Processing class 'org/springframework/beans/factory/annotation/Autowire'
10:11:16.667 [Test worker] DEBUG com.tngtech.archunit.core.importer.JavaClassProcessor - Processing class 'java/util/stream/DoubleStream'
10:11:16.669 [Test worker] DEBUG com.tngtech.archunit.core.importer.JavaClassProcessor - Processing class 'org/springframework/http/HttpEntity'
10:11:16.669 [Test worker] DEBUG com.tngtech.archunit.core.importer.JavaClassProcessor - Processing class 'java/lang/Class$ReflectionData'
10:11:16.670 [Test worker] DEBUG com.tngtech.archunit.core.importer.JavaClassProcessor - Processing class 'javax/servlet/ServletResponse'
10:11:16.671 [Test worker] DEBUG com.tngtech.archunit.core.importer.JavaClassProcessor - Processing class 'java/lang/reflect/Type'
10:11:16.671 [Test worker] DEBUG com.tngtech.archunit.core.importer.JavaClassProcessor - Processing class 'jdk/internal/reflect/CallerSensitive'
10:11:16.672 [Test worker] DEBUG com.tngtech.archunit.core.importer.JavaClassProcessor - Processing class 'org/springframework/http/converter/HttpMessageConverter'
10:11:16.672 [Test worker] DEBUG com.tngtech.archunit.core.importer.JavaClassProcessor - Processing class 'java/time/LocalDate'
10:11:16.674 [Test worker] DEBUG com.tngtech.archunit.core.importer.JavaClassProcessor - Processing class 'org/springframework/boot/SpringBootExceptionReporter'
10:11:16.674 [Test worker] DEBUG com.tngtech.archunit.core.importer.JavaClassProcessor - Processing class 'java/time/temporal/Temporal'
10:11:16.675 [Test worker] DEBUG com.tngtech.archunit.core.importer.JavaClassProcessor - Processing class 'java/util/stream/IntStream'
10:11:16.676 [Test worker] DEBUG com.tngtech.archunit.core.importer.JavaClassProcessor - Processing class 'org/springframework/context/annotation/EnableAspectJAutoProxy'
10:11:16.677 [Test worker] DEBUG com.tngtech.archunit.core.importer.JavaClassProcessor - Processing class 'java/time/temporal/TemporalUnit'
10:11:16.677 [Test worker] DEBUG com.tngtech.archunit.core.importer.JavaClassProcessor - Processing class 'org/springframework/boot/autoconfigure/AutoConfigurationExcludeFilter'
10:11:16.678 [Test worker] DEBUG com.tngtech.archunit.core.importer.JavaClassProcessor - Processing class 'org/springframework/stereotype/Controller'
10:11:16.680 [Test worker] DEBUG com.tngtech.archunit.core.importer.JavaClassProcessor - Processing class 'org/springframework/web/context/request/AbstractRequestAttributes'
10:11:16.681 [Test worker] DEBUG com.tngtech.archunit.core.importer.JavaClassProcessor - Processing class 'org/springframework/retry/annotation/RetryConfiguration'
10:11:16.681 [Test worker] DEBUG com.tngtech.archunit.core.importer.JavaClassProcessor - Processing class 'java/util/concurrent/ConcurrentMap'
10:11:16.682 [Test worker] DEBUG com.tngtech.archunit.core.importer.JavaClassProcessor - Processing class 'javax/servlet/http/HttpUpgradeHandler'
10:11:16.683 [Test worker] DEBUG com.tngtech.archunit.core.importer.JavaClassProcessor - Processing class 'java/lang/FunctionalInterface'
10:11:16.683 [Test worker] DEBUG com.tngtech.archunit.core.importer.JavaClassProcessor - Processing class 'java/lang/constant/ConstantDesc'
10:11:16.683 [Test worker] DEBUG com.tngtech.archunit.core.importer.JavaClassProcessor - Processing class 'java/lang/annotation/Repeatable'
10:11:16.684 [Test worker] DEBUG com.tngtech.archunit.core.importer.JavaClassProcessor - Processing class 'java/lang/Boolean'
10:11:16.685 [Test worker] DEBUG com.tngtech.archunit.core.importer.JavaClassProcessor - Processing class 'org/aspectj/lang/reflect/CodeSignature'
10:11:16.685 [Test worker] DEBUG com.tngtech.archunit.core.importer.JavaClassProcessor - Processing class 'org/springframework/context/annotation/FilterType'
10:11:16.686 [Test worker] DEBUG com.tngtech.archunit.core.importer.JavaClassProcessor - Processing class 'java/util/LongSummaryStatistics'
10:11:16.686 [Test worker] DEBUG com.tngtech.archunit.core.importer.JavaClassProcessor - Processing class 'java/lang/reflect/GenericDeclaration'
10:11:16.687 [Test worker] DEBUG com.tngtech.archunit.core.importer.JavaClassProcessor - Processing class 'org/springframework/core/annotation/AliasFor'
10:11:16.688 [Test worker] DEBUG com.tngtech.archunit.core.importer.JavaClassProcessor - Processing class 'javax/servlet/ServletRequest'
10:11:16.689 [Test worker] DEBUG com.tngtech.archunit.core.importer.JavaClassProcessor - Processing class 'jdk/internal/vm/annotation/Stable'
10:11:16.690 [Test worker] DEBUG com.tngtech.archunit.core.importer.JavaClassProcessor - Processing class 'org/springframework/core/env/StandardEnvironment'
10:11:16.691 [Test worker] DEBUG com.tngtech.archunit.core.importer.JavaClassProcessor - Processing class 'org/springframework/web/bind/annotation/ResponseBody'
10:11:16.693 [Test worker] DEBUG com.tngtech.archunit.core.importer.JavaClassProcessor - Processing class 'java/util/function/LongConsumer'
10:11:16.694 [Test worker] DEBUG com.tngtech.archunit.core.importer.JavaClassProcessor - Processing class 'java/util/function/Consumer'
10:11:16.696 [Test worker] DEBUG com.tngtech.archunit.core.importer.JavaClassProcessor - Processing class 'io/jsonwebtoken/ClaimsMutator'
10:11:16.698 [Test worker] DEBUG com.tngtech.archunit.core.importer.JavaClassProcessor - Processing class 'org/springframework/data/repository/query/QueryByExampleExecutor'
10:11:16.699 [Test worker] DEBUG com.tngtech.archunit.core.importer.JavaClassProcessor - Processing class 'java/util/AbstractMap'
10:11:16.701 [Test worker] DEBUG com.tngtech.archunit.core.importer.JavaClassProcessor - Processing class 'javax/servlet/http/Part'
10:11:16.702 [Test worker] DEBUG com.tngtech.archunit.core.importer.JavaClassProcessor - Processing class 'java/lang/constant/ClassDesc'
10:11:16.703 [Test worker] DEBUG com.tngtech.archunit.core.importer.JavaClassProcessor - Processing class 'java/util/stream/BaseStream'
10:11:16.704 [Test worker] DEBUG com.tngtech.archunit.core.importer.JavaClassProcessor - Processing class 'java/util/IntSummaryStatistics'
10:11:16.706 [Test worker] DEBUG com.tngtech.archunit.core.importer.JavaClassProcessor - Processing class 'com/auth0/jwt/interfaces/Payload'
10:11:16.708 [Test worker] DEBUG com.tngtech.archunit.core.importer.JavaClassProcessor - Processing class 'org/springframework/context/ApplicationContextInitializer'
10:11:16.709 [Test worker] DEBUG com.tngtech.archunit.core.importer.JavaClassProcessor - Processing class 'org/springframework/web/bind/annotation/Mapping'
10:11:16.711 [Test worker] DEBUG com.tngtech.archunit.core.importer.JavaClassProcessor - Processing class 'org/springframework/data/repository/query/FluentQuery$FetchableFluentQuery'
10:11:16.712 [Test worker] DEBUG com.tngtech.archunit.core.importer.JavaClassProcessor - Processing class 'java/lang/Enum$EnumDesc'
10:11:16.713 [Test worker] DEBUG com.tngtech.archunit.core.importer.JavaClassProcessor - Processing class 'java/util/stream/Collector'
10:11:16.714 [Test worker] DEBUG com.tngtech.archunit.core.importer.JavaClassProcessor - Processing class 'java/lang/invoke/TypeDescriptor'
10:11:16.715 [Test worker] DEBUG com.tngtech.archunit.core.importer.JavaClassProcessor - Processing class 'org/springframework/context/PayloadApplicationEvent'
10:11:16.717 [Test worker] DEBUG com.tngtech.archunit.core.importer.JavaClassProcessor - Processing class 'org/springframework/boot/autoconfigure/AutoConfigurationImportSelector'
10:11:16.723 [Test worker] DEBUG com.tngtech.archunit.core.importer.JavaClassProcessor - Processing class 'org/springframework/aop/IntroductionAdvisor'
10:11:16.725 [Test worker] DEBUG com.tngtech.archunit.core.importer.JavaClassProcessor - Processing class 'java/lang/reflect/Member'
10:11:16.726 [Test worker] DEBUG com.tngtech.archunit.core.importer.JavaClassProcessor - Processing class 'java/util/EventListener'
10:11:16.728 [Test worker] DEBUG com.tngtech.archunit.core.importer.JavaClassProcessor - Processing class 'org/springframework/context/annotation/Role'
10:11:16.730 [Test worker] DEBUG com.tngtech.archunit.core.importer.JavaClassProcessor - Processing class 'org/springframework/beans/factory/DisposableBean'
10:11:16.732 [Test worker] DEBUG com.tngtech.archunit.core.importer.JavaClassProcessor - Processing class 'org/springframework/boot/autoconfigure/AutoConfigurationPackage'
10:11:16.737 [Test worker] DEBUG com.tngtech.archunit.core.importer.JavaClassProcessor - Processing class 'java/time/temporal/TemporalAccessor'
10:11:16.740 [Test worker] DEBUG com.tngtech.archunit.core.importer.JavaClassProcessor - Processing class 'org/springframework/http/client/ClientHttpRequest'
10:11:16.742 [Test worker] DEBUG com.tngtech.archunit.core.importer.JavaClassProcessor - Processing class 'org/springframework/beans/factory/BeanFactoryAware'
10:11:16.745 [Test worker] DEBUG com.tngtech.archunit.core.importer.JavaClassProcessor - Processing class 'org/springframework/core/env/EnvironmentCapable'
10:11:16.746 [Test worker] DEBUG com.tngtech.archunit.core.importer.JavaClassProcessor - Processing class 'org/springframework/boot/web/servlet/DynamicRegistrationBean'
10:11:16.747 [Test worker] DEBUG com.tngtech.archunit.core.importer.JavaClassProcessor - Processing class 'java/net/spi/URLStreamHandlerProvider'
10:11:16.749 [Test worker] DEBUG com.tngtech.archunit.core.importer.JavaClassProcessor - Processing class 'org/springframework/util/MultiValueMap'
10:11:16.765 [Test worker] DEBUG com.tngtech.archunit.core.importer.JavaClassProcessor - Processing class 'org/springframework/context/ApplicationEvent'
10:11:16.766 [Test worker] DEBUG com.tngtech.archunit.core.importer.JavaClassProcessor - Processing class 'javax/servlet/FilterRegistration$Dynamic'
10:11:16.839 [Test worker] DEBUG com.tngtech.archunit.core.importer.JavaClassProcessor - Processing class 'org/springframework/web/context/ServletContextAware'
10:11:16.840 [Test worker] DEBUG com.tngtech.archunit.core.importer.JavaClassProcessor - Processing class 'org/springframework/core/type/filter/TypeFilter'
10:11:16.840 [Test worker] DEBUG com.tngtech.archunit.core.importer.JavaClassProcessor - Processing class 'java/lang/Runnable'
10:11:16.840 [Test worker] DEBUG com.tngtech.archunit.core.importer.JavaClassProcessor - Processing class 'java/lang/AutoCloseable'
10:11:16.841 [Test worker] DEBUG com.tngtech.archunit.core.importer.JavaClassProcessor - Processing class 'java/util/AbstractCollection'
10:11:16.841 [Test worker] DEBUG com.tngtech.archunit.core.importer.JavaClassProcessor - Processing class 'java/util/Locale'
10:11:16.843 [Test worker] DEBUG com.tngtech.archunit.core.importer.JavaClassProcessor - Processing class 'org/springframework/context/ConfigurableApplicationContext'
10:11:16.844 [Test worker] DEBUG com.tngtech.archunit.core.importer.JavaClassProcessor - Processing class 'javax/security/auth/Destroyable'
10:11:16.845 [Test worker] DEBUG com.tngtech.archunit.core.importer.JavaClassProcessor - Processing class 'org/springframework/http/MediaType'
10:11:16.846 [Test worker] DEBUG com.tngtech.archunit.core.importer.JavaClassProcessor - Processing class 'java/util/Locale$LanguageRange'
10:11:16.848 [Test worker] DEBUG com.tngtech.archunit.core.importer.JavaClassProcessor - Processing class 'org/springframework/aop/support/AbstractPointcutAdvisor'
10:11:16.848 [Test worker] DEBUG com.tngtech.archunit.core.importer.JavaClassProcessor - Processing class 'java/security/Key'
10:11:16.849 [Test worker] DEBUG com.tngtech.archunit.core.importer.JavaClassProcessor - Processing class 'java/lang/constant/DynamicConstantDesc'
10:11:16.849 [Test worker] DEBUG com.tngtech.archunit.core.importer.JavaClassProcessor - Processing class 'java/net/URLStreamHandler'
10:11:16.850 [Test worker] DEBUG com.tngtech.archunit.core.importer.JavaClassProcessor - Processing class 'org/springframework/http/client/support/HttpAccessor'
10:11:16.851 [Test worker] DEBUG com.tngtech.archunit.core.importer.JavaClassProcessor - Processing class 'org/springframework/context/annotation/AnnotationScopeMetadataResolver'
10:11:16.852 [Test worker] DEBUG com.tngtech.archunit.core.importer.JavaClassProcessor - Processing class 'org/springframework/beans/factory/BeanClassLoaderAware'
10:11:16.853 [Test worker] DEBUG com.tngtech.archunit.core.importer.JavaClassProcessor - Processing class 'org/aspectj/lang/reflect/MemberSignature'
10:11:16.853 [Test worker] DEBUG com.tngtech.archunit.core.importer.JavaClassProcessor - Processing class 'org/springframework/context/annotation/AspectJAutoProxyRegistrar'
10:11:16.854 [Test worker] DEBUG com.tngtech.archunit.core.importer.JavaClassProcessor - Processing class 'org/springframework/data/repository/CrudRepository'
10:11:16.855 [Test worker] DEBUG com.tngtech.archunit.core.importer.JavaClassProcessor - Processing class 'org/springframework/beans/factory/InitializingBean'
10:11:16.856 [Test worker] DEBUG com.tngtech.archunit.core.importer.JavaClassProcessor - Processing class 'java/lang/Iterable'
10:11:16.856 [Test worker] DEBUG com.tngtech.archunit.core.importer.JavaClassProcessor - Processing class 'java/nio/charset/Charset'
10:11:16.859 [Test worker] DEBUG com.tngtech.archunit.core.importer.JavaClassProcessor - Processing class 'org/springframework/context/annotation/ComponentScans'
10:11:16.860 [Test worker] DEBUG com.tngtech.archunit.core.importer.JavaClassProcessor - Processing class 'org/springframework/boot/web/servlet/ServletRegistrationBean'
10:11:16.861 [Test worker] DEBUG com.tngtech.archunit.core.importer.JavaClassProcessor - Processing class 'org/springframework/retry/RetryListener'
10:11:16.862 [Test worker] DEBUG com.tngtech.archunit.core.importer.JavaClassProcessor - Processing class 'org/springframework/beans/factory/BeanNameAware'
10:11:16.862 [Test worker] DEBUG com.tngtech.archunit.core.importer.JavaClassProcessor - Processing class 'java/time/chrono/ChronoLocalDate'
10:11:16.864 [Test worker] DEBUG com.tngtech.archunit.core.importer.JavaClassProcessor - Processing class 'java/lang/reflect/AccessibleObject'
10:11:16.865 [Test worker] DEBUG com.tngtech.archunit.core.importer.JavaClassProcessor - Processing class 'org/springframework/context/annotation/ScopedProxyMode'
10:11:16.866 [Test worker] DEBUG com.tngtech.archunit.core.importer.JavaClassProcessor - Processing class 'org/springframework/http/HttpRange'
10:11:16.867 [Test worker] DEBUG com.tngtech.archunit.core.importer.JavaClassProcessor - Processing class 'org/springframework/beans/factory/SmartInitializingSingleton'
10:11:16.868 [Test worker] DEBUG com.tngtech.archunit.core.importer.JavaClassProcessor - Processing class 'org/springframework/context/EnvironmentAware'
10:11:16.869 [Test worker] DEBUG com.tngtech.archunit.core.importer.JavaClassProcessor - Processing class 'org/springframework/context/annotation/ScopeMetadataResolver'
10:11:16.870 [Test worker] DEBUG com.tngtech.archunit.core.importer.JavaClassProcessor - Processing class 'javax/servlet/DispatcherType'
10:11:16.874 [Test worker] DEBUG com.tngtech.archunit.core.importer.JavaClassProcessor - Processing class 'org/springframework/core/env/AbstractEnvironment'
10:11:16.882 [Test worker] DEBUG com.tngtech.archunit.core.importer.JavaClassProcessor - Processing class 'org/springframework/boot/autoconfigure/AutoConfigurationImportListener'
10:11:16.884 [Test worker] DEBUG com.tngtech.archunit.core.importer.JavaClassProcessor - Processing class 'java/nio/charset/spi/CharsetProvider'
10:11:16.886 [Test worker] DEBUG com.tngtech.archunit.core.importer.JavaClassProcessor - Processing class 'org/springframework/data/repository/query/FluentQuery'
10:11:16.889 [Test worker] DEBUG com.tngtech.archunit.core.importer.JavaClassProcessor - Processing class 'org/springframework/http/HttpRequest'
10:11:16.890 [Test worker] DEBUG com.tngtech.archunit.core.importer.JavaClassProcessor - Processing class 'org/springframework/boot/web/servlet/RegistrationBean'
10:11:16.892 [Test worker] DEBUG com.tngtech.archunit.core.importer.JavaClassProcessor - Processing class 'javax/servlet/Registration$Dynamic'
10:11:16.893 [Test worker] DEBUG com.tngtech.archunit.core.importer.JavaClassProcessor - Processing class 'java/util/EventObject'
10:11:16.895 [Test worker] DEBUG com.tngtech.archunit.core.importer.JavaClassProcessor - Processing class 'org/springframework/util/MimeType'
10:11:16.901 [Test worker] DEBUG com.tngtech.archunit.core.importer.JavaClassProcessor - Processing class 'java/lang/Character'
10:11:16.906 [Test worker] DEBUG com.tngtech.archunit.core.importer.JavaClassProcessor - Processing class 'org/springframework/data/repository/Repository'
10:11:16.908 [Test worker] DEBUG com.tngtech.archunit.core.importer.JavaClassProcessor - Processing class 'org/springframework/boot/autoconfigure/AutoConfigurationPackages$Registrar'
10:11:16.910 [Test worker] DEBUG com.tngtech.archunit.core.importer.JavaClassProcessor - Processing class 'javax/servlet/ServletRegistration$Dynamic'
10:11:16.914 [Test worker] DEBUG com.tngtech.archunit.core.importer.JavaClassProcessor - Processing class 'java/lang/ThreadLocal'
10:11:16.916 [Test worker] DEBUG com.tngtech.archunit.core.importer.JavaClassProcessor - Processing class 'javax/servlet/Servlet'
10:11:16.917 [Test worker] DEBUG com.tngtech.archunit.core.importer.JavaClassProcessor - Processing class 'org/aspectj/lang/Signature'
10:11:16.919 [Test worker] DEBUG com.tngtech.archunit.core.importer.JavaClassProcessor - Processing class 'javax/servlet/FilterRegistration'
10:11:16.919 [Test worker] DEBUG com.tngtech.archunit.core.importer.JavaClassProcessor - Processing class 'java/net/URLStreamHandlerFactory'
10:11:16.920 [Test worker] DEBUG com.tngtech.archunit.core.importer.JavaClassProcessor - Processing class 'sun/util/locale/LocaleExtensions'
10:11:16.921 [Test worker] DEBUG com.tngtech.archunit.core.importer.JavaClassProcessor - Processing class 'org/springframework/core/Ordered'
10:11:16.922 [Test worker] DEBUG com.tngtech.archunit.core.importer.JavaClassProcessor - Processing class 'org/springframework/aop/PointcutAdvisor'
10:11:16.923 [Test worker] DEBUG com.tngtech.archunit.core.importer.JavaClassProcessor - Processing class 'org/springframework/context/annotation/DeferredImportSelector'
10:11:16.925 [Test worker] DEBUG com.tngtech.archunit.core.importer.JavaClassProcessor - Processing class 'org/springframework/beans/factory/Aware'
10:11:16.927 [Test worker] DEBUG com.tngtech.archunit.core.importer.JavaClassProcessor - Processing class 'org/springframework/core/ResolvableTypeProvider'
10:11:16.929 [Test worker] DEBUG com.tngtech.archunit.core.importer.JavaClassProcessor - Processing class 'org/springframework/core/io/support/ResourceRegion'
10:11:16.931 [Test worker] DEBUG com.tngtech.archunit.core.importer.JavaClassProcessor - Processing class 'org/springframework/aop/IntroductionInfo'
10:11:16.933 [Test worker] DEBUG com.tngtech.archunit.core.importer.JavaClassProcessor - Processing class 'org/springframework/boot/autoconfigure/AutoConfigurationImportFilter'
10:11:16.935 [Test worker] DEBUG com.tngtech.archunit.core.importer.JavaClassProcessor - Processing class 'org/springframework/core/env/ConfigurableEnvironment'
10:11:16.938 [Test worker] DEBUG com.tngtech.archunit.core.importer.JavaClassProcessor - Processing class 'org/springframework/context/annotation/ImportBeanDefinitionRegistrar'
10:11:16.944 [Test worker] DEBUG com.tngtech.archunit.core.importer.JavaClassProcessor - Processing class 'org/springframework/http/client/ClientHttpRequestInitializer'
10:11:16.946 [Test worker] DEBUG com.tngtech.archunit.core.importer.JavaClassProcessor - Processing class 'org/springframework/aop/Advisor'
10:11:16.948 [Test worker] DEBUG com.tngtech.archunit.core.importer.JavaClassProcessor - Processing class 'org/springframework/context/ResourceLoaderAware'
10:11:16.950 [Test worker] DEBUG com.tngtech.archunit.core.importer.JavaClassProcessor - Processing class 'org/springframework/context/ApplicationContext'
10:11:16.952 [Test worker] DEBUG com.tngtech.archunit.core.importer.JavaClassProcessor - Processing class 'org/springframework/context/Lifecycle'
10:11:16.953 [Test worker] DEBUG com.tngtech.archunit.core.importer.JavaClassProcessor - Processing class 'sun/util/locale/BaseLocale'
10:11:16.955 [Test worker] DEBUG com.tngtech.archunit.core.importer.JavaClassProcessor - Processing class 'org/springframework/context/annotation/DeferredImportSelector$Group'
10:11:16.957 [Test worker] DEBUG com.tngtech.archunit.core.importer.JavaClassProcessor - Processing class 'java/io/Closeable'
10:11:16.959 [Test worker] DEBUG com.tngtech.archunit.core.importer.JavaClassProcessor - Processing class 'org/springframework/http/HttpOutputMessage'
10:11:16.961 [Test worker] DEBUG com.tngtech.archunit.core.importer.JavaClassProcessor - Processing class 'sun/util/locale/Extension'
10:11:16.962 [Test worker] DEBUG com.tngtech.archunit.core.importer.JavaClassProcessor - Processing class 'org/springframework/beans/factory/HierarchicalBeanFactory'
10:11:16.964 [Test worker] DEBUG com.tngtech.archunit.core.importer.JavaClassProcessor - Processing class 'javax/servlet/ServletRegistration'
10:11:16.966 [Test worker] DEBUG com.tngtech.archunit.core.importer.JavaClassProcessor - Processing class 'org/springframework/core/env/ConfigurablePropertyResolver'
10:11:16.968 [Test worker] DEBUG com.tngtech.archunit.core.importer.JavaClassProcessor - Processing class 'org/springframework/context/annotation/DeferredImportSelector$Group$Entry'
10:11:16.969 [Test worker] DEBUG com.tngtech.archunit.core.importer.JavaClassProcessor - Processing class 'org/springframework/context/ApplicationEventPublisher'
10:11:16.971 [Test worker] DEBUG com.tngtech.archunit.core.importer.JavaClassProcessor - Processing class 'org/springframework/http/HttpMessage'
10:11:16.974 [Test worker] DEBUG com.tngtech.archunit.core.importer.JavaClassProcessor - Processing class 'org/springframework/context/annotation/ImportSelector'
10:11:16.978 [Test worker] DEBUG com.tngtech.archunit.core.importer.JavaClassProcessor - Processing class 'org/springframework/boot/web/servlet/ServletContextInitializer'
10:11:16.980 [Test worker] DEBUG com.tngtech.archunit.core.importer.JavaClassProcessor - Processing class 'org/springframework/context/MessageSource'
10:11:16.982 [Test worker] DEBUG com.tngtech.archunit.core.importer.JavaClassProcessor - Processing class 'javax/servlet/Registration'
10:11:16.984 [Test worker] DEBUG com.tngtech.archunit.core.importer.JavaClassProcessor - Processing class 'org/springframework/boot/autoconfigure/AutoConfigurationPackages'
10:11:16.986 [Test worker] DEBUG com.tngtech.archunit.core.importer.JavaClassProcessor - Processing class 'org/springframework/boot/context/annotation/DeterminableImports'
10:11:16.987 [Test worker] DEBUG com.tngtech.archunit.core.importer.JavaClassProcessor - Processing class 'sun/util/locale/InternalLocaleBuilder$CaseInsensitiveString'
10:11:16.988 [Test worker] DEBUG com.tngtech.archunit.core.importer.JavaClassProcessor - Processing class 'org/springframework/core/io/support/ResourcePatternResolver'
10:11:16.989 [Test worker] DEBUG com.tngtech.archunit.core.importer.JavaClassProcessor - Processing class 'sun/util/locale/InternalLocaleBuilder$CaseInsensitiveChar'
10:11:16.990 [Test worker] DEBUG com.tngtech.archunit.core.importer.JavaClassProcessor - Processing class 'org/springframework/beans/factory/ListableBeanFactory'
10:11:16.991 [Test worker] DEBUG com.tngtech.archunit.core.importer.JavaClassProcessor - Processing class 'org/springframework/core/io/ResourceLoader'
10:11:16.992 [Test worker] DEBUG com.tngtech.archunit.core.importer.JavaClassProcessor - Processing class 'org/springframework/beans/factory/BeanFactory'
10:11:16.993 [Test worker] DEBUG com.tngtech.archunit.core.importer.JavaClassProcessor - Processing class 'sun/util/locale/InternalLocaleBuilder'
10:11:16.997 [Test worker] DEBUG com.tngtech.archunit.core.importer.JavaClassProcessor - Processing class 'com/auth0/jwt/impl/JWTParser'
10:11:16.998 [Test worker] DEBUG com.tngtech.archunit.core.importer.JavaClassProcessor - Processing class 'com/auth0/jwt/exceptions/JWTDecodeException'
10:11:16.999 [Test worker] DEBUG com.tngtech.archunit.core.importer.JavaClassProcessor - Processing class 'com/auth0/jwt/interfaces/Verification'
10:11:17.001 [Test worker] DEBUG com.tngtech.archunit.core.importer.JavaClassProcessor - Processing class 'com/auth0/jwt/algorithms/Algorithm'
10:11:17.002 [Test worker] DEBUG com.tngtech.archunit.core.importer.JavaClassProcessor - Processing class 'com/auth0/jwt/JWTCreator$Builder'
10:11:17.004 [Test worker] DEBUG com.tngtech.archunit.core.importer.JavaClassProcessor - Processing class 'java/time/Instant'
10:11:17.042 [Test worker] DEBUG com.tngtech.archunit.core.importer.JavaClassProcessor - Processing class 'io/jsonwebtoken/Header'
10:11:17.044 [Test worker] DEBUG com.tngtech.archunit.core.importer.JavaClassProcessor - Processing class 'io/jsonwebtoken/CompressionCodec'
10:11:17.047 [Test worker] DEBUG com.tngtech.archunit.core.importer.JavaClassProcessor - Processing class 'io/jsonwebtoken/Claims'
10:11:17.049 [Test worker] DEBUG com.tngtech.archunit.core.importer.JavaClassProcessor - Processing class 'io/jsonwebtoken/JwsHeader'
10:11:17.052 [Test worker] DEBUG com.tngtech.archunit.core.importer.JavaClassProcessor - Processing class 'io/jsonwebtoken/JwtParser'
10:11:17.071 [Test worker] DEBUG com.tngtech.archunit.core.importer.JavaClassProcessor - Processing class 'io/jsonwebtoken/SignatureException'
10:11:17.073 [Test worker] DEBUG com.tngtech.archunit.core.importer.JavaClassProcessor - Processing class 'io/jsonwebtoken/impl/crypto/SignatureValidator'
10:11:17.074 [Test worker] DEBUG com.tngtech.archunit.core.importer.JavaClassProcessor - Processing class 'io/jsonwebtoken/impl/crypto/SignatureValidatorFactory'
10:11:17.079 [Test worker] DEBUG com.tngtech.archunit.core.importer.JavaClassProcessor - Processing class 'java/lang/ClassValue$ClassValueMap'
10:11:17.081 [Test worker] DEBUG com.tngtech.archunit.core.importer.JavaClassProcessor - Processing class 'java/security/ProtectionDomain'
10:11:17.082 [Test worker] DEBUG com.tngtech.archunit.core.importer.JavaClassProcessor - Processing class 'java/io/ObjectStreamField'
10:11:17.083 [Test worker] DEBUG com.tngtech.archunit.core.importer.JavaClassProcessor - Processing class 'java/lang/ref/SoftReference'
10:11:17.083 [Test worker] DEBUG com.tngtech.archunit.core.importer.JavaClassProcessor - Processing class 'java/lang/Module'
10:11:17.085 [Test worker] DEBUG com.tngtech.archunit.core.importer.JavaClassProcessor - Processing class 'jdk/internal/reflect/ReflectionFactory'
10:11:17.086 [Test worker] DEBUG com.tngtech.archunit.core.importer.JavaClassProcessor - Processing class 'sun/reflect/annotation/AnnotationType'
10:11:17.087 [Test worker] DEBUG com.tngtech.archunit.core.importer.JavaClassProcessor - Processing class 'sun/reflect/generics/repository/ClassRepository'
10:11:17.087 [Test worker] DEBUG com.tngtech.archunit.core.importer.JavaClassProcessor - Processing class 'java/lang/Class$AnnotationData'
10:11:17.087 [Test worker] DEBUG com.tngtech.archunit.core.importer.JavaClassProcessor - Processing class 'java/lang/reflect/Constructor'
10:11:17.088 [Test worker] DEBUG com.tngtech.archunit.core.importer.JavaClassProcessor - Processing class 'java/lang/ClassLoader'
10:11:17.091 [Test worker] DEBUG com.tngtech.archunit.core.importer.JavaClassProcessor - Processing class 'java/lang/reflect/TypeVariable'
10:11:17.092 [Test worker] DEBUG com.tngtech.archunit.core.importer.JavaClassProcessor - Processing class 'java/lang/reflect/AnnotatedType'
10:11:17.094 [Test worker] DEBUG com.tngtech.archunit.core.importer.JavaClassProcessor - Processing class 'java/lang/ClassNotFoundException'
10:11:17.095 [Test worker] DEBUG com.tngtech.archunit.core.importer.JavaClassProcessor - Processing class 'java/lang/NoSuchMethodException'
10:11:17.095 [Test worker] DEBUG com.tngtech.archunit.core.importer.JavaClassProcessor - Processing class 'java/lang/SecurityException'
10:11:17.096 [Test worker] DEBUG com.tngtech.archunit.core.importer.JavaClassProcessor - Processing class 'java/lang/InstantiationException'
10:11:17.096 [Test worker] DEBUG com.tngtech.archunit.core.importer.JavaClassProcessor - Processing class 'java/lang/IllegalAccessException'
10:11:17.096 [Test worker] DEBUG com.tngtech.archunit.core.importer.JavaClassProcessor - Processing class 'java/lang/Package'
10:11:17.098 [Test worker] DEBUG com.tngtech.archunit.core.importer.JavaClassProcessor - Processing class 'java/lang/reflect/RecordComponent'
10:11:17.099 [Test worker] DEBUG com.tngtech.archunit.core.importer.JavaClassProcessor - Processing class 'java/lang/NoSuchFieldException'
10:11:17.100 [Test worker] DEBUG com.tngtech.archunit.core.importer.JavaClassProcessor - Processing class 'java/lang/reflect/GenericArrayType'
10:11:17.100 [Test worker] DEBUG com.tngtech.archunit.core.importer.JavaClassProcessor - Processing class 'java/io/InputStream'
10:11:17.112 [Test worker] DEBUG com.tngtech.archunit.core.importer.JavaClassProcessor - Processing class 'jdk/internal/loader/BuiltinClassLoader'
10:11:17.116 [Test worker] DEBUG com.tngtech.archunit.core.importer.JavaClassProcessor - Processing class 'sun/reflect/generics/factory/GenericsFactory'
10:11:17.123 [Test worker] DEBUG com.tngtech.archunit.core.importer.JavaClassProcessor - Processing class 'java/lang/SecurityManager'
10:11:17.128 [Test worker] DEBUG com.tngtech.archunit.core.importer.JavaClassProcessor - Processing class 'java/lang/Class$EnclosingMethodInfo'
10:11:17.130 [Test worker] DEBUG com.tngtech.archunit.core.importer.JavaClassProcessor - Processing class 'jdk/internal/reflect/ConstantPool'
10:11:17.131 [Test worker] DEBUG com.tngtech.archunit.core.importer.JavaClassProcessor - Processing class 'java/lang/PublicMethods$MethodList'
10:11:17.134 [Test worker] DEBUG com.tngtech.archunit.core.importer.JavaClassProcessor - Processing class 'java/lang/NumberFormatException'
10:11:17.135 [Test worker] DEBUG com.tngtech.archunit.core.importer.JavaClassProcessor - Processing class 'java/lang/invoke/MethodHandles$Lookup'
10:11:17.138 [Test worker] DEBUG com.tngtech.archunit.core.importer.JavaClassProcessor - Processing class 'java/lang/ReflectiveOperationException'
10:11:17.146 [Test worker] DEBUG com.tngtech.archunit.core.importer.JavaClassProcessor - Processing class 'java/lang/CloneNotSupportedException'
10:11:17.176 [Test worker] DEBUG com.tngtech.archunit.core.importer.JavaClassProcessor - Processing class 'java/io/ObjectStreamException'
10:11:17.177 [Test worker] DEBUG com.tngtech.archunit.core.importer.JavaClassProcessor - Processing class 'java/io/ObjectInputStream'
10:11:17.184 [Test worker] DEBUG com.tngtech.archunit.core.importer.JavaClassProcessor - Processing class 'java/util/Spliterator'
10:11:17.186 [Test worker] DEBUG com.tngtech.archunit.core.importer.JavaClassProcessor - Processing class 'java/math/BigInteger'
10:11:17.190 [Test worker] DEBUG com.tngtech.archunit.core.importer.JavaClassProcessor - Processing class 'java/lang/InterruptedException'
10:11:17.192 [Test worker] DEBUG com.tngtech.archunit.core.importer.JavaClassProcessor - Processing class 'java/nio/charset/CharsetDecoder'
10:11:17.194 [Test worker] DEBUG com.tngtech.archunit.core.importer.JavaClassProcessor - Processing class 'sun/nio/cs/ArrayEncoder'
10:11:17.194 [Test worker] DEBUG com.tngtech.archunit.core.importer.JavaClassProcessor - Processing class 'java/io/UnsupportedEncodingException'
10:11:17.195 [Test worker] DEBUG com.tngtech.archunit.core.importer.JavaClassProcessor - Processing class 'java/nio/charset/MalformedInputException'
10:11:17.198 [Test worker] DEBUG com.tngtech.archunit.core.importer.JavaClassProcessor - Processing class 'java/nio/charset/CharacterCodingException'
10:11:17.199 [Test worker] DEBUG com.tngtech.archunit.core.importer.JavaClassProcessor - Processing class 'java/lang/Void'
10:11:17.201 [Test worker] DEBUG com.tngtech.archunit.core.importer.JavaClassProcessor - Processing class 'java/lang/AbstractStringBuilder'
10:11:17.202 [Test worker] DEBUG com.tngtech.archunit.core.importer.JavaClassProcessor - Processing class 'java/lang/StringBuffer'
10:11:17.251 [Test worker] DEBUG com.tngtech.archunit.core.importer.JavaClassProcessor - Processing class 'sun/nio/cs/ArrayDecoder'
10:11:17.253 [Test worker] DEBUG com.tngtech.archunit.core.importer.JavaClassProcessor - Processing class 'java/util/function/Function'
10:11:17.265 [Test worker] DEBUG com.tngtech.archunit.core.importer.JavaClassProcessor - Processing class 'java/nio/charset/UnmappableCharacterException'
10:11:17.269 [Test worker] DEBUG com.tngtech.archunit.core.importer.JavaClassProcessor - Processing class 'java/lang/StringBuilder'
10:11:17.272 [Test worker] DEBUG com.tngtech.archunit.core.importer.JavaClassProcessor - Processing class 'java/lang/ModuleLayer'
10:11:17.274 [Test worker] DEBUG com.tngtech.archunit.core.importer.JavaClassProcessor - Processing class 'java/util/Properties'
10:11:17.281 [Test worker] DEBUG com.tngtech.archunit.core.importer.JavaClassProcessor - Processing class 'java/io/PrintStream'
10:11:17.287 [Test worker] DEBUG com.tngtech.archunit.core.importer.JavaClassProcessor - Processing class 'java/io/Console'
10:11:17.289 [Test worker] DEBUG com.tngtech.archunit.core.importer.JavaClassProcessor - Processing class 'java/io/FileOutputStream'
10:11:17.290 [Test worker] DEBUG com.tngtech.archunit.core.importer.JavaClassProcessor - Processing class 'java/nio/channels/Channel'
10:11:17.291 [Test worker] DEBUG com.tngtech.archunit.core.importer.JavaClassProcessor - Processing class 'java/lang/invoke/StringConcatFactory'
10:11:17.293 [Test worker] DEBUG com.tngtech.archunit.core.importer.JavaClassProcessor - Processing class 'java/lang/System$Logger'
10:11:17.293 [Test worker] DEBUG com.tngtech.archunit.core.importer.JavaClassProcessor - Processing class 'java/util/ResourceBundle'
10:11:17.296 [Test worker] DEBUG com.tngtech.archunit.core.importer.JavaClassProcessor - Processing class 'java/util/concurrent/atomic/AtomicInteger'
10:11:17.298 [Test worker] DEBUG com.tngtech.archunit.core.importer.JavaClassProcessor - Processing class 'java/lang/ThreadLocal$ThreadLocalMap'
10:11:17.302 [Test worker] DEBUG com.tngtech.archunit.core.importer.JavaClassProcessor - Processing class 'java/lang/Thread'
10:11:17.306 [Test worker] DEBUG com.tngtech.archunit.core.importer.JavaClassProcessor - Processing class 'jdk/internal/misc/TerminatingThreadLocal'
10:11:17.308 [Test worker] DEBUG com.tngtech.archunit.core.importer.JavaClassProcessor - Processing class 'java/util/function/Supplier'
10:11:17.310 [Test worker] DEBUG com.tngtech.archunit.core.importer.JavaClassProcessor - Processing class 'java/lang/StackTraceElement'
10:11:17.313 [Test worker] DEBUG com.tngtech.archunit.core.importer.JavaClassProcessor - Processing class 'java/lang/Throwable$PrintStreamOrWriter'
10:11:17.315 [Test worker] DEBUG com.tngtech.archunit.core.importer.JavaClassProcessor - Processing class 'java/io/ObjectOutputStream'
10:11:17.332 [Test worker] DEBUG com.tngtech.archunit.core.importer.JavaClassProcessor - Processing class 'java/io/PrintWriter'
10:11:17.343 [Test worker] DEBUG com.tngtech.archunit.core.importer.JavaClassProcessor - Processing class 'java/lang/constant/DirectMethodHandleDesc'
10:11:17.347 [Test worker] DEBUG com.tngtech.archunit.core.importer.JavaClassProcessor - Processing class 'java/lang/invoke/MethodHandle'
10:11:17.351 [Test worker] DEBUG com.tngtech.archunit.core.importer.JavaClassProcessor - Processing class 'java/lang/ref/WeakReference'
10:11:17.353 [Test worker] DEBUG com.tngtech.archunit.core.importer.JavaClassProcessor - Processing class 'java/lang/reflect/AccessibleObject$Cache'
10:11:17.356 [Test worker] DEBUG com.tngtech.archunit.core.importer.JavaClassProcessor - Processing class 'java/lang/reflect/Parameter'
10:11:17.360 [Test worker] DEBUG com.tngtech.archunit.core.importer.JavaClassProcessor - Processing class 'sun/reflect/generics/repository/ConstructorRepository'
10:11:17.362 [Test worker] DEBUG com.tngtech.archunit.core.importer.JavaClassProcessor - Processing class 'jdk/internal/reflect/FieldAccessor'
10:11:17.365 [Test worker] DEBUG com.tngtech.archunit.core.importer.JavaClassProcessor - Processing class 'sun/reflect/generics/repository/FieldRepository'
10:11:17.372 [Test worker] DEBUG com.tngtech.archunit.core.importer.JavaClassProcessor - Processing class 'sun/reflect/generics/repository/MethodRepository'
10:11:17.373 [Test worker] DEBUG com.tngtech.archunit.core.importer.JavaClassProcessor - Processing class 'jdk/internal/reflect/MethodAccessor'
10:11:17.375 [Test worker] DEBUG com.tngtech.archunit.core.importer.JavaClassProcessor - Processing class 'java/lang/reflect/InvocationTargetException'
10:11:17.376 [Test worker] DEBUG com.tngtech.archunit.core.importer.JavaClassProcessor - Processing class 'sun/reflect/annotation/ExceptionProxy'
10:11:17.377 [Test worker] DEBUG com.tngtech.archunit.core.importer.JavaClassProcessor - Processing class 'sun/reflect/annotation/TypeNotPresentExceptionProxy'
10:11:17.380 [Test worker] DEBUG com.tngtech.archunit.core.importer.JavaClassProcessor - Processing class 'java/util/Hashtable'
10:11:17.382 [Test worker] DEBUG com.tngtech.archunit.core.importer.JavaClassProcessor - Processing class 'java/net/UrlDeserializedState'
10:11:17.384 [Test worker] DEBUG com.tngtech.archunit.core.importer.JavaClassProcessor - Processing class 'java/net/InetAddress'
10:11:17.386 [Test worker] DEBUG com.tngtech.archunit.core.importer.JavaClassProcessor - Processing class 'java/net/URI'
10:11:17.389 [Test worker] DEBUG com.tngtech.archunit.core.importer.JavaClassProcessor - Processing class 'java/net/URISyntaxException'
10:11:17.390 [Test worker] DEBUG com.tngtech.archunit.core.importer.JavaClassProcessor - Processing class 'java/net/MalformedURLException'
10:11:17.392 [Test worker] DEBUG com.tngtech.archunit.core.importer.JavaClassProcessor - Processing class 'java/net/URLConnection'
10:11:17.394 [Test worker] DEBUG com.tngtech.archunit.core.importer.JavaClassProcessor - Processing class 'java/net/Proxy'
10:11:17.396 [Test worker] DEBUG com.tngtech.archunit.core.importer.JavaClassProcessor - Processing class 'java/io/InvalidObjectException'
10:11:17.400 [Test worker] DEBUG com.tngtech.archunit.core.importer.JavaClassProcessor - Processing class 'sun/net/www/protocol/jar/Handler'
10:11:17.409 [Test worker] DEBUG com.tngtech.archunit.core.importer.JavaClassProcessor - Processing class 'java/nio/CharBuffer'
10:11:17.412 [Test worker] DEBUG com.tngtech.archunit.core.importer.JavaClassProcessor - Processing class 'java/nio/ByteBuffer'
10:11:17.414 [Test worker] DEBUG com.tngtech.archunit.core.importer.JavaClassProcessor - Processing class 'java/nio/charset/CharsetEncoder'
10:11:17.416 [Test worker] DEBUG com.tngtech.archunit.core.importer.JavaClassProcessor - Processing class 'java/util/SortedMap'
10:11:17.419 [Test worker] DEBUG com.tngtech.archunit.core.importer.JavaClassProcessor - Processing class 'java/io/DataOutput'
10:11:17.421 [Test worker] DEBUG com.tngtech.archunit.core.importer.JavaClassProcessor - Processing class 'java/math/BigDecimal'
10:11:17.426 [Test worker] DEBUG com.tngtech.archunit.core.importer.JavaClassProcessor - Processing class 'java/time/temporal/ChronoUnit'
10:11:17.428 [Test worker] DEBUG com.tngtech.archunit.core.importer.JavaClassProcessor - Processing class 'java/io/DataInput'
10:11:17.430 [Test worker] DEBUG com.tngtech.archunit.core.importer.JavaClassProcessor - Processing class 'java/time/Clock'
10:11:17.431 [Test worker] DEBUG com.tngtech.archunit.core.importer.JavaClassProcessor - Processing class 'java/time/temporal/TemporalField'
10:11:17.433 [Test worker] DEBUG com.tngtech.archunit.core.importer.JavaClassProcessor - Processing class 'java/time/chrono/ChronoPeriod'
10:11:17.434 [Test worker] DEBUG com.tngtech.archunit.core.importer.JavaClassProcessor - Processing class 'java/time/chrono/Era'
10:11:17.437 [Test worker] DEBUG com.tngtech.archunit.core.importer.JavaClassProcessor - Processing class 'java/time/Period'
10:11:17.439 [Test worker] DEBUG com.tngtech.archunit.core.importer.JavaClassProcessor - Processing class 'java/time/chrono/IsoChronology'
10:11:17.441 [Test worker] DEBUG com.tngtech.archunit.core.importer.JavaClassProcessor - Processing class 'java/time/OffsetDateTime'
10:11:17.443 [Test worker] DEBUG com.tngtech.archunit.core.importer.JavaClassProcessor - Processing class 'java/time/OffsetTime'
10:11:17.445 [Test worker] DEBUG com.tngtech.archunit.core.importer.JavaClassProcessor - Processing class 'java/time/chrono/IsoEra'
10:11:17.447 [Test worker] DEBUG com.tngtech.archunit.core.importer.JavaClassProcessor - Processing class 'java/time/temporal/TemporalQuery'
10:11:17.448 [Test worker] DEBUG com.tngtech.archunit.core.importer.JavaClassProcessor - Processing class 'java/time/format/DateTimeFormatter'
10:11:17.450 [Test worker] DEBUG com.tngtech.archunit.core.importer.JavaClassProcessor - Processing class 'java/time/temporal/ChronoField'
10:11:17.452 [Test worker] DEBUG com.tngtech.archunit.core.importer.JavaClassProcessor - Processing class 'java/time/LocalTime'
10:11:17.455 [Test worker] DEBUG com.tngtech.archunit.core.importer.JavaClassProcessor - Processing class 'java/time/ZoneOffset'
10:11:17.456 [Test worker] DEBUG com.tngtech.archunit.core.importer.JavaClassProcessor - Processing class 'java/time/DayOfWeek'
10:11:17.459 [Test worker] DEBUG com.tngtech.archunit.core.importer.JavaClassProcessor - Processing class 'java/time/Month'
10:11:17.461 [Test worker] DEBUG com.tngtech.archunit.core.importer.JavaClassProcessor - Processing class 'java/time/chrono/Chronology'
10:11:17.463 [Test worker] DEBUG com.tngtech.archunit.core.importer.JavaClassProcessor - Processing class 'java/time/temporal/ValueRange'
10:11:17.469 [Test worker] DEBUG com.tngtech.archunit.core.importer.JavaClassProcessor - Processing class 'java/time/format/TextStyle'
10:11:17.471 [Test worker] DEBUG com.tngtech.archunit.core.importer.JavaClassProcessor - Processing class 'java/time/zone/ZoneRules'
10:11:17.474 [Test worker] DEBUG com.tngtech.archunit.core.importer.JavaClassProcessor - Processing class 'java/time/ZoneRegion'
10:11:17.496 [Test worker] DEBUG com.tngtech.archunit.core.importer.JavaClassProcessor - Processing class 'java/io/ObjectInput'
10:11:17.500 [Test worker] DEBUG com.tngtech.archunit.core.importer.JavaClassProcessor - Processing class 'java/lang/invoke/SerializedLambda'
10:11:17.504 [Test worker] DEBUG com.tngtech.archunit.core.importer.JavaClassProcessor - Processing class 'java/util/ListIterator'
10:11:17.507 [Test worker] DEBUG com.tngtech.archunit.core.importer.JavaClassProcessor - Processing class 'java/util/function/Predicate'
10:11:17.510 [Test worker] DEBUG com.tngtech.archunit.core.importer.JavaClassProcessor - Processing class 'java/util/function/UnaryOperator'
10:11:17.518 [Test worker] DEBUG com.tngtech.archunit.core.importer.JavaClassProcessor - Processing class 'java/util/function/IntToDoubleFunction'
10:11:17.519 [Test worker] DEBUG com.tngtech.archunit.core.importer.JavaClassProcessor - Processing class 'java/util/Spliterator$OfLong'
10:11:17.523 [Test worker] DEBUG com.tngtech.archunit.core.importer.JavaClassProcessor - Processing class 'java/util/Spliterator$OfDouble'
10:11:17.524 [Test worker] DEBUG com.tngtech.archunit.core.importer.JavaClassProcessor - Processing class 'java/util/function/IntFunction'
10:11:17.526 [Test worker] DEBUG com.tngtech.archunit.core.importer.JavaClassProcessor - Processing class 'java/util/Spliterator$OfInt'
10:11:17.528 [Test worker] DEBUG com.tngtech.archunit.core.importer.JavaClassProcessor - Processing class 'java/util/function/DoubleBinaryOperator'
10:11:17.530 [Test worker] DEBUG com.tngtech.archunit.core.importer.JavaClassProcessor - Processing class 'java/util/function/IntToLongFunction'
10:11:17.531 [Test worker] DEBUG com.tngtech.archunit.core.importer.JavaClassProcessor - Processing class 'java/util/function/IntUnaryOperator'
10:11:17.540 [Test worker] DEBUG com.tngtech.archunit.core.importer.JavaClassProcessor - Processing class 'java/util/function/IntBinaryOperator'
10:11:17.542 [Test worker] DEBUG com.tngtech.archunit.core.importer.JavaClassProcessor - Processing class 'java/util/function/BinaryOperator'
10:11:17.544 [Test worker] DEBUG com.tngtech.archunit.core.importer.JavaClassProcessor - Processing class 'java/util/function/LongBinaryOperator'
10:11:17.548 [Test worker] DEBUG com.tngtech.archunit.core.importer.JavaClassProcessor - Processing class 'java/util/function/ToDoubleFunction'
10:11:17.550 [Test worker] DEBUG com.tngtech.archunit.core.importer.JavaClassProcessor - Processing class 'java/util/function/ToIntFunction'
10:11:17.551 [Test worker] DEBUG com.tngtech.archunit.core.importer.JavaClassProcessor - Processing class 'java/util/function/ToLongFunction'
10:11:17.553 [Test worker] DEBUG com.tngtech.archunit.core.importer.JavaClassProcessor - Processing class 'sun/util/calendar/BaseCalendar'
10:11:17.555 [Test worker] DEBUG com.tngtech.archunit.core.importer.JavaClassProcessor - Processing class 'sun/util/calendar/BaseCalendar$Date'
10:11:17.557 [Test worker] DEBUG com.tngtech.archunit.core.importer.JavaClassProcessor - Processing class 'sun/util/calendar/ZoneInfo'
10:11:17.567 [Test worker] DEBUG com.tngtech.archunit.core.importer.JavaClassProcessor - Processing class 'java/util/Locale$FilteringMode'
10:11:17.568 [Test worker] DEBUG com.tngtech.archunit.core.importer.JavaClassProcessor - Processing class 'java/util/MissingResourceException'
10:11:17.570 [Test worker] DEBUG com.tngtech.archunit.core.importer.JavaClassProcessor - Processing class 'java/util/Locale$Category'
10:11:17.571 [Test worker] DEBUG com.tngtech.archunit.core.importer.JavaClassProcessor - Processing class 'java/util/Locale$IsoCountryCode'
10:11:17.573 [Test worker] DEBUG com.tngtech.archunit.core.importer.JavaClassProcessor - Processing class 'java/util/spi/LocaleNameProvider'
10:11:17.574 [Test worker] DEBUG com.tngtech.archunit.core.importer.JavaClassProcessor - Processing class 'sun/util/locale/provider/LocaleResources'
10:11:17.579 [Test worker] DEBUG com.tngtech.archunit.core.importer.JavaClassProcessor - Processing class 'java/util/function/BiFunction'
10:11:17.581 [Test worker] DEBUG com.tngtech.archunit.core.importer.JavaClassProcessor - Processing class 'java/util/ImmutableCollections$AbstractImmutableMap'
10:11:17.584 [Test worker] DEBUG com.tngtech.archunit.core.importer.JavaClassProcessor - Processing class 'java/util/function/BiConsumer'
10:11:17.589 [Test worker] DEBUG com.tngtech.archunit.core.importer.JavaClassProcessor - Processing class 'java/util/KeyValueHolder'
10:11:17.593 [Test worker] DEBUG com.tngtech.archunit.core.importer.JavaClassProcessor - Processing class 'java/util/ImmutableCollections$AbstractImmutableSet'
10:11:17.596 [Test worker] DEBUG com.tngtech.archunit.core.importer.JavaClassProcessor - Processing class 'jdk/internal/access/JavaLangAccess'
10:11:17.597 [Test worker] DEBUG com.tngtech.archunit.core.importer.JavaClassProcessor - Processing class 'java/util/concurrent/ConcurrentHashMap$KeySetView'
10:11:17.601 [Test worker] DEBUG com.tngtech.archunit.core.importer.JavaClassProcessor - Processing class 'java/util/concurrent/ConcurrentHashMap$Node'
10:11:17.603 [Test worker] DEBUG com.tngtech.archunit.core.importer.JavaClassProcessor - Processing class 'java/util/concurrent/ConcurrentHashMap$EntrySetView'
10:11:17.603 [Test worker] DEBUG com.tngtech.archunit.core.importer.JavaClassProcessor - Processing class 'java/util/concurrent/ConcurrentHashMap$ValuesView'
10:11:17.604 [Test worker] DEBUG com.tngtech.archunit.core.importer.JavaClassProcessor - Processing class 'jdk/internal/misc/Unsafe'
10:11:17.609 [Test worker] DEBUG com.tngtech.archunit.core.importer.JavaClassProcessor - Processing class 'java/util/concurrent/ConcurrentHashMap$CounterCell'
10:11:17.609 [Test worker] DEBUG com.tngtech.archunit.core.importer.JavaClassProcessor - Processing class 'java/lang/reflect/ParameterizedType'
10:11:17.610 [Test worker] DEBUG com.tngtech.archunit.core.importer.JavaClassProcessor - Processing class 'java/util/concurrent/ConcurrentHashMap$TreeBin'
10:11:17.610 [Test worker] DEBUG com.tngtech.archunit.core.importer.JavaClassProcessor - Processing class 'java/util/concurrent/ConcurrentHashMap$ReservationNode'
10:11:17.611 [Test worker] DEBUG com.tngtech.archunit.core.importer.JavaClassProcessor - Processing class 'java/util/concurrent/ConcurrentHashMap$ForwardingNode'
10:11:17.611 [Test worker] DEBUG com.tngtech.archunit.core.importer.JavaClassProcessor - Processing class 'java/util/function/ToLongBiFunction'
10:11:17.612 [Test worker] DEBUG com.tngtech.archunit.core.importer.JavaClassProcessor - Processing class 'java/util/function/ToDoubleBiFunction'
10:11:17.613 [Test worker] DEBUG com.tngtech.archunit.core.importer.JavaClassProcessor - Processing class 'java/util/Enumeration'
10:11:17.614 [Test worker] DEBUG com.tngtech.archunit.core.importer.JavaClassProcessor - Processing class 'java/util/function/ToIntBiFunction'
10:11:17.615 [Test worker] DEBUG com.tngtech.archunit.core.importer.JavaClassProcessor - Processing class 'java/util/concurrent/ConcurrentHashMap$Segment'
10:11:17.615 [Test worker] DEBUG com.tngtech.archunit.core.importer.JavaClassProcessor - Processing class 'java/util/concurrent/locks/LockSupport'
10:11:17.619 [Test worker] DEBUG com.tngtech.archunit.core.importer.JavaClassProcessor - Processing class 'java/util/function/DoublePredicate'
10:11:17.620 [Test worker] DEBUG com.tngtech.archunit.core.importer.JavaClassProcessor - Processing class 'java/util/stream/DoubleStream$Builder'
10:11:17.620 [Test worker] DEBUG com.tngtech.archunit.core.importer.JavaClassProcessor - Processing class 'java/util/stream/DoubleStream$DoubleMapMultiConsumer'
10:11:17.621 [Test worker] DEBUG com.tngtech.archunit.core.importer.JavaClassProcessor - Processing class 'java/util/function/DoubleUnaryOperator'
10:11:17.621 [Test worker] DEBUG com.tngtech.archunit.core.importer.JavaClassProcessor - Processing class 'java/util/OptionalDouble'
10:11:17.621 [Test worker] DEBUG com.tngtech.archunit.core.importer.JavaClassProcessor - Processing class 'java/util/function/DoubleToLongFunction'
10:11:17.621 [Test worker] DEBUG com.tngtech.archunit.core.importer.JavaClassProcessor - Processing class 'java/util/function/DoubleToIntFunction'
10:11:17.622 [Test worker] DEBUG com.tngtech.archunit.core.importer.JavaClassProcessor - Processing class 'java/util/function/DoubleFunction'
10:11:17.622 [Test worker] DEBUG com.tngtech.archunit.core.importer.JavaClassProcessor - Processing class 'java/util/function/DoubleSupplier'
10:11:17.622 [Test worker] DEBUG com.tngtech.archunit.core.importer.JavaClassProcessor - Processing class 'java/util/function/ObjDoubleConsumer'
10:11:17.623 [Test worker] DEBUG com.tngtech.archunit.core.importer.JavaClassProcessor - Processing class 'java/util/PrimitiveIterator$OfDouble'
10:11:17.624 [Test worker] DEBUG com.tngtech.archunit.core.importer.JavaClassProcessor - Processing class 'java/util/function/IntPredicate'
10:11:17.625 [Test worker] DEBUG com.tngtech.archunit.core.importer.JavaClassProcessor - Processing class 'java/util/OptionalInt'
10:11:17.626 [Test worker] DEBUG com.tngtech.archunit.core.importer.JavaClassProcessor - Processing class 'java/util/stream/IntStream$Builder'
10:11:17.626 [Test worker] DEBUG com.tngtech.archunit.core.importer.JavaClassProcessor - Processing class 'java/util/stream/IntStream$IntMapMultiConsumer'
10:11:17.635 [Test worker] DEBUG com.tngtech.archunit.core.importer.JavaClassProcessor - Processing class 'java/util/function/ObjIntConsumer'
10:11:17.636 [Test worker] DEBUG com.tngtech.archunit.core.importer.JavaClassProcessor - Processing class 'java/util/PrimitiveIterator$OfInt'
10:11:17.638 [Test worker] DEBUG com.tngtech.archunit.core.importer.JavaClassProcessor - Processing class 'java/util/function/IntSupplier'
10:11:17.639 [Test worker] DEBUG com.tngtech.archunit.core.importer.JavaClassProcessor - Processing class 'java/util/OptionalLong'
10:11:17.642 [Test worker] DEBUG com.tngtech.archunit.core.importer.JavaClassProcessor - Processing class 'java/util/function/LongPredicate'
10:11:17.644 [Test worker] DEBUG com.tngtech.archunit.core.importer.JavaClassProcessor - Processing class 'java/util/function/LongUnaryOperator'
10:11:17.645 [Test worker] DEBUG com.tngtech.archunit.core.importer.JavaClassProcessor - Processing class 'java/util/PrimitiveIterator$OfLong'
10:11:17.648 [Test worker] DEBUG com.tngtech.archunit.core.importer.JavaClassProcessor - Processing class 'java/util/function/ObjLongConsumer'
10:11:17.649 [Test worker] DEBUG com.tngtech.archunit.core.importer.JavaClassProcessor - Processing class 'java/util/stream/LongStream$LongMapMultiConsumer'
10:11:17.650 [Test worker] DEBUG com.tngtech.archunit.core.importer.JavaClassProcessor - Processing class 'java/util/function/LongSupplier'
10:11:17.652 [Test worker] DEBUG com.tngtech.archunit.core.importer.JavaClassProcessor - Processing class 'java/util/function/LongFunction'
10:11:17.653 [Test worker] DEBUG com.tngtech.archunit.core.importer.JavaClassProcessor - Processing class 'java/util/stream/LongStream$Builder'
10:11:17.655 [Test worker] DEBUG com.tngtech.archunit.core.importer.JavaClassProcessor - Processing class 'java/util/function/LongToIntFunction'
10:11:17.656 [Test worker] DEBUG com.tngtech.archunit.core.importer.JavaClassProcessor - Processing class 'java/util/function/LongToDoubleFunction'
10:11:17.659 [Test worker] DEBUG com.tngtech.archunit.core.importer.JavaClassProcessor - Processing class 'java/util/stream/Stream$Builder'
10:11:17.680 [Test worker] DEBUG com.tngtech.archunit.core.importer.JavaClassProcessor - Processing class 'javax/persistence/UniqueConstraint'
10:11:17.682 [Test worker] DEBUG com.tngtech.archunit.core.importer.JavaClassProcessor - Processing class 'javax/persistence/Index'
10:11:17.686 [Test worker] DEBUG com.tngtech.archunit.core.importer.JavaClassProcessor - Processing class 'javax/security/auth/DestroyFailedException'
10:11:17.688 [Test worker] DEBUG com.tngtech.archunit.core.importer.JavaClassProcessor - Processing class 'javax/servlet/FilterConfig'
10:11:17.690 [Test worker] DEBUG com.tngtech.archunit.core.importer.JavaClassProcessor - Processing class 'java/util/EnumSet'
10:11:17.699 [Test worker] DEBUG com.tngtech.archunit.core.importer.JavaClassProcessor - Processing class 'javax/servlet/ServletConfig'
10:11:17.702 [Test worker] DEBUG com.tngtech.archunit.core.importer.JavaClassProcessor - Processing class 'javax/servlet/ServletSecurityElement'
10:11:17.707 [Test worker] DEBUG com.tngtech.archunit.core.importer.JavaClassProcessor - Processing class 'javax/servlet/MultipartConfigElement'
10:11:17.709 [Test worker] DEBUG com.tngtech.archunit.core.importer.JavaClassProcessor - Processing class 'javax/servlet/AsyncContext'
10:11:17.710 [Test worker] DEBUG com.tngtech.archunit.core.importer.JavaClassProcessor - Processing class 'java/io/BufferedReader'
10:11:17.712 [Test worker] DEBUG com.tngtech.archunit.core.importer.JavaClassProcessor - Processing class 'javax/servlet/ServletContext'
10:11:17.715 [Test worker] DEBUG com.tngtech.archunit.core.importer.JavaClassProcessor - Processing class 'javax/servlet/ServletInputStream'
10:11:17.717 [Test worker] DEBUG com.tngtech.archunit.core.importer.JavaClassProcessor - Processing class 'javax/servlet/RequestDispatcher'
10:11:17.719 [Test worker] DEBUG com.tngtech.archunit.core.importer.JavaClassProcessor - Processing class 'javax/servlet/ServletOutputStream'
10:11:17.721 [Test worker] DEBUG com.tngtech.archunit.core.importer.JavaClassProcessor - Processing class 'javax/servlet/http/PushBuilder'
10:11:17.723 [Test worker] DEBUG com.tngtech.archunit.core.importer.JavaClassProcessor - Processing class 'javax/servlet/http/HttpSession'
10:11:17.725 [Test worker] DEBUG com.tngtech.archunit.core.importer.JavaClassProcessor - Processing class 'javax/servlet/http/HttpServletMapping'
10:11:17.726 [Test worker] DEBUG com.tngtech.archunit.core.importer.JavaClassProcessor - Processing class 'java/security/Principal'
10:11:17.728 [Test worker] DEBUG com.tngtech.archunit.core.importer.JavaClassProcessor - Processing class 'javax/servlet/http/Cookie'
10:11:17.730 [Test worker] DEBUG com.tngtech.archunit.core.importer.JavaClassProcessor - Processing class 'javax/servlet/http/WebConnection'
10:11:17.733 [Test worker] DEBUG com.tngtech.archunit.core.importer.JavaClassProcessor - Processing class 'java/security/MessageDigest'
10:11:17.735 [Test worker] DEBUG com.tngtech.archunit.core.importer.JavaClassProcessor - Processing class 'java/nio/file/Path'
10:11:17.737 [Test worker] DEBUG com.tngtech.archunit.core.importer.JavaClassProcessor - Processing class 'java/nio/file/OpenOption'
10:11:17.738 [Test worker] DEBUG com.tngtech.archunit.core.importer.JavaClassProcessor - Processing class 'java/io/File'
10:11:17.742 [Test worker] DEBUG com.tngtech.archunit.core.importer.JavaClassProcessor - Processing class 'java/io/RandomAccessFile'
10:11:17.745 [Test worker] DEBUG com.tngtech.archunit.core.importer.JavaClassProcessor - Processing class 'java/nio/channels/FileChannel'
10:11:17.752 [Test worker] DEBUG com.tngtech.archunit.core.importer.JavaClassProcessor - Processing class 'org/aspectj/lang/reflect/SourceLocation'
10:11:17.754 [Test worker] DEBUG com.tngtech.archunit.core.importer.JavaClassProcessor - Processing class 'org/aspectj/lang/JoinPoint$StaticPart'
10:11:17.756 [Test worker] DEBUG com.tngtech.archunit.core.importer.JavaClassProcessor - Processing class 'org/aspectj/runtime/internal/AroundClosure'
10:11:17.759 [Test worker] DEBUG com.tngtech.archunit.core.importer.JavaClassProcessor - Processing class 'org/slf4j/Marker'
10:11:17.762 [Test worker] DEBUG com.tngtech.archunit.core.importer.JavaClassProcessor - Processing class 'org/slf4j/helpers/SubstituteLoggerFactory'
10:11:17.764 [Test worker] DEBUG com.tngtech.archunit.core.importer.JavaClassProcessor - Processing class 'org/slf4j/helpers/NOPLoggerFactory'
10:11:17.768 [Test worker] DEBUG com.tngtech.archunit.core.importer.JavaClassProcessor - Processing class 'org/slf4j/event/SubstituteLoggingEvent'
10:11:17.770 [Test worker] DEBUG com.tngtech.archunit.core.importer.JavaClassProcessor - Processing class 'org/slf4j/ILoggerFactory'
10:11:17.772 [Test worker] DEBUG com.tngtech.archunit.core.importer.JavaClassProcessor - Processing class 'org/aopalliance/aop/Advice'
10:11:17.773 [Test worker] DEBUG com.tngtech.archunit.core.importer.JavaClassProcessor - Processing class 'org/springframework/aop/ClassFilter'
10:11:17.774 [Test worker] DEBUG com.tngtech.archunit.core.importer.JavaClassProcessor - Processing class 'org/springframework/aop/Pointcut'
10:11:17.777 [Test worker] DEBUG com.tngtech.archunit.core.importer.JavaClassProcessor - Processing class 'org/springframework/beans/factory/NoSuchBeanDefinitionException'
10:11:17.779 [Test worker] DEBUG com.tngtech.archunit.core.importer.JavaClassProcessor - Processing class 'org/springframework/beans/BeansException'
10:11:17.786 [Test worker] DEBUG com.tngtech.archunit.core.importer.JavaClassProcessor - Processing class 'org/springframework/beans/factory/ObjectProvider'
10:11:17.790 [Test worker] DEBUG com.tngtech.archunit.core.importer.JavaClassProcessor - Processing class 'org/springframework/core/ResolvableType'
10:11:17.798 [Test worker] DEBUG com.tngtech.archunit.core.importer.JavaClassProcessor - Processing class 'org/springframework/beans/factory/config/BeanDefinition'
10:11:17.800 [Test worker] DEBUG com.tngtech.archunit.core.importer.JavaClassProcessor - Processing class 'org/springframework/beans/factory/support/BeanDefinitionRegistry'
10:11:17.802 [Test worker] DEBUG com.tngtech.archunit.core.importer.JavaClassProcessor - Processing class 'org/springframework/boot/BootstrapRegistry'
10:11:17.804 [Test worker] DEBUG com.tngtech.archunit.core.importer.JavaClassProcessor - Processing class 'org/springframework/boot/SpringApplicationShutdownHook'
10:11:17.809 [Test worker] DEBUG com.tngtech.archunit.core.importer.JavaClassProcessor - Processing class 'org/springframework/boot/Banner'
10:11:17.811 [Test worker] DEBUG com.tngtech.archunit.core.importer.JavaClassProcessor - Processing class 'org/springframework/core/metrics/ApplicationStartup'
10:11:17.812 [Test worker] DEBUG com.tngtech.archunit.core.importer.JavaClassProcessor - Processing class 'org/apache/commons/logging/Log'
10:11:17.813 [Test worker] DEBUG com.tngtech.archunit.core.importer.JavaClassProcessor - Processing class 'org/springframework/boot/WebApplicationType'
10:11:17.815 [Test worker] DEBUG com.tngtech.archunit.core.importer.JavaClassProcessor - Processing class 'org/springframework/boot/Banner$Mode'
10:11:17.817 [Test worker] DEBUG com.tngtech.archunit.core.importer.JavaClassProcessor - Processing class 'org/springframework/boot/ApplicationContextFactory'
10:11:17.819 [Test worker] DEBUG com.tngtech.archunit.core.importer.JavaClassProcessor - Processing class 'org/springframework/boot/ApplicationArguments'
10:11:17.821 [Test worker] DEBUG com.tngtech.archunit.core.importer.JavaClassProcessor - Processing class 'org/springframework/boot/CommandLineRunner'
10:11:17.823 [Test worker] DEBUG com.tngtech.archunit.core.importer.JavaClassProcessor - Processing class 'org/springframework/boot/ApplicationRunner'
10:11:17.825 [Test worker] DEBUG com.tngtech.archunit.core.importer.JavaClassProcessor - Processing class 'org/springframework/context/support/GenericApplicationContext'
10:11:17.828 [Test worker] DEBUG com.tngtech.archunit.core.importer.JavaClassProcessor - Processing class 'org/springframework/core/io/DefaultResourceLoader'
10:11:17.830 [Test worker] DEBUG com.tngtech.archunit.core.importer.JavaClassProcessor - Processing class 'org/springframework/boot/ExitCodeGenerator'
10:11:17.832 [Test worker] DEBUG com.tngtech.archunit.core.importer.JavaClassProcessor - Processing class 'org/springframework/boot/ApplicationEnvironment'
10:11:17.834 [Test worker] DEBUG com.tngtech.archunit.core.importer.JavaClassProcessor - Processing class 'org/springframework/boot/ApplicationReactiveWebEnvironment'
10:11:17.836 [Test worker] DEBUG com.tngtech.archunit.core.importer.JavaClassProcessor - Processing class 'org/springframework/boot/ApplicationServletEnvironment'
10:11:17.838 [Test worker] DEBUG com.tngtech.archunit.core.importer.JavaClassProcessor - Processing class 'org/springframework/boot/SpringApplicationRunListeners'
10:11:17.841 [Test worker] DEBUG com.tngtech.archunit.core.importer.JavaClassProcessor - Processing class 'org/springframework/boot/BeanDefinitionLoader'
10:11:17.845 [Test worker] DEBUG com.tngtech.archunit.core.importer.JavaClassProcessor - Processing class 'org/springframework/boot/ExitCodeExceptionMapper'
10:11:17.847 [Test worker] DEBUG com.tngtech.archunit.core.importer.JavaClassProcessor - Processing class 'org/springframework/boot/DefaultBootstrapContext'
10:11:17.852 [Test worker] DEBUG com.tngtech.archunit.core.importer.JavaClassProcessor - Processing class 'org/springframework/boot/SpringApplicationRunListener'
10:11:17.855 [Test worker] DEBUG com.tngtech.archunit.core.importer.JavaClassProcessor - Processing class 'org/springframework/boot/SpringBootExceptionHandler'
10:11:17.860 [Test worker] DEBUG com.tngtech.archunit.core.importer.JavaClassProcessor - Processing class 'org/springframework/context/support/AbstractApplicationContext'
10:11:17.867 [Test worker] DEBUG com.tngtech.archunit.core.importer.JavaClassProcessor - Processing class 'org/springframework/boot/SpringApplicationShutdownHandlers'
10:11:17.872 [Test worker] DEBUG com.tngtech.archunit.core.importer.JavaClassProcessor - Processing class 'org/springframework/beans/factory/support/AbstractAutowireCapableBeanFactory'
10:11:17.880 [Test worker] DEBUG com.tngtech.archunit.core.importer.JavaClassProcessor - Processing class 'org/springframework/beans/factory/support/DefaultListableBeanFactory'
10:11:17.890 [Test worker] DEBUG com.tngtech.archunit.core.importer.JavaClassProcessor - Processing class 'org/springframework/core/type/classreading/MetadataReader'
10:11:17.897 [Test worker] DEBUG com.tngtech.archunit.core.importer.JavaClassProcessor - Processing class 'org/springframework/core/type/classreading/MetadataReaderFactory'
10:11:17.900 [Test worker] DEBUG com.tngtech.archunit.core.importer.JavaClassProcessor - Processing class 'org/springframework/boot/autoconfigure/AutoConfigurationMetadata'
10:11:17.902 [Test worker] DEBUG com.tngtech.archunit.core.importer.JavaClassProcessor - Processing class 'org/springframework/boot/autoconfigure/AutoConfigurationImportEvent'
10:11:17.905 [Test worker] DEBUG com.tngtech.archunit.core.importer.JavaClassProcessor - Processing class 'org/springframework/boot/autoconfigure/AutoConfigurationImportSelector$AutoConfigurationEntry'
10:11:17.909 [Test worker] DEBUG com.tngtech.archunit.core.importer.JavaClassProcessor - Processing class 'org/springframework/beans/factory/config/ConfigurableListableBeanFactory'
10:11:17.911 [Test worker] DEBUG com.tngtech.archunit.core.importer.JavaClassProcessor - Processing class 'org/springframework/boot/autoconfigure/AutoConfigurationImportSelector$ConfigurationClassFilter'
10:11:17.915 [Test worker] DEBUG com.tngtech.archunit.core.importer.JavaClassProcessor - Processing class 'org/springframework/core/type/AnnotationMetadata'
10:11:17.918 [Test worker] DEBUG com.tngtech.archunit.core.importer.JavaClassProcessor - Processing class 'org/springframework/core/annotation/AnnotationAttributes'
10:11:17.924 [Test worker] DEBUG com.tngtech.archunit.core.importer.JavaClassProcessor - Processing class 'org/springframework/boot/autoconfigure/AutoConfigurationImportSelector$AutoConfigurationGroup'
10:11:17.933 [Test worker] DEBUG com.tngtech.archunit.core.importer.JavaClassProcessor - Processing class 'org/springframework/boot/autoconfigure/AutoConfigurationPackages$BasePackages'
10:11:17.935 [Test worker] DEBUG com.tngtech.archunit.core.importer.JavaClassProcessor - Processing class 'org/springframework/boot/web/client/BasicAuthentication'
10:11:17.937 [Test worker] DEBUG com.tngtech.archunit.core.importer.JavaClassProcessor - Processing class 'org/springframework/web/client/ResponseErrorHandler'
10:11:17.938 [Test worker] DEBUG com.tngtech.archunit.core.importer.JavaClassProcessor - Processing class 'org/springframework/web/util/UriTemplateHandler'
10:11:17.939 [Test worker] DEBUG com.tngtech.archunit.core.importer.JavaClassProcessor - Processing class 'org/springframework/boot/web/client/RestTemplateBuilder$RequestFactoryCustomizer'
10:11:17.953 [Test worker] DEBUG com.tngtech.archunit.core.importer.JavaClassProcessor - Processing class 'org/springframework/beans/factory/config/AutowireCapableBeanFactory'
10:11:17.956 [Test worker] DEBUG com.tngtech.archunit.core.importer.JavaClassProcessor - Processing class 'org/springframework/beans/factory/config/BeanFactoryPostProcessor'
10:11:17.958 [Test worker] DEBUG com.tngtech.archunit.core.importer.JavaClassProcessor - Processing class 'org/springframework/core/io/ProtocolResolver'
10:11:17.960 [Test worker] DEBUG com.tngtech.archunit.core.importer.JavaClassProcessor - Processing class 'org/springframework/context/NoSuchMessageException'
10:11:17.963 [Test worker] DEBUG com.tngtech.archunit.core.importer.JavaClassProcessor - Processing class 'org/springframework/context/MessageSourceResolvable'
10:11:17.965 [Test worker] DEBUG com.tngtech.archunit.core.importer.JavaClassProcessor - Processing class 'org/springframework/context/annotation/ScopeMetadata'
10:11:17.967 [Test worker] DEBUG com.tngtech.archunit.core.importer.JavaClassProcessor - Processing class 'org/springframework/beans/factory/annotation/AnnotatedBeanDefinition'
10:11:17.969 [Test worker] DEBUG com.tngtech.archunit.core.importer.JavaClassProcessor - Processing class 'org/springframework/context/annotation/Scope'
10:11:17.980 [Test worker] DEBUG com.tngtech.archunit.core.importer.JavaClassProcessor - Processing class 'org/springframework/core/env/MutablePropertySources'
10:11:17.986 [Test worker] DEBUG com.tngtech.archunit.core.importer.JavaClassProcessor - Processing class 'org/springframework/core/env/Profiles'
10:11:17.989 [Test worker] DEBUG com.tngtech.archunit.core.importer.JavaClassProcessor - Processing class 'org/springframework/core/env/MissingRequiredPropertiesException'
10:11:17.992 [Test worker] DEBUG com.tngtech.archunit.core.importer.JavaClassProcessor - Processing class 'org/springframework/core/convert/support/ConfigurableConversionService'
10:11:17.997 [Test worker] DEBUG com.tngtech.archunit.core.importer.JavaClassProcessor - Processing class 'org/springframework/core/io/Resource'
10:11:18.002 [Test worker] DEBUG com.tngtech.archunit.core.importer.JavaClassProcessor - Processing class 'org/springframework/data/domain/Sort'
10:11:18.028 [Test worker] DEBUG com.tngtech.archunit.core.importer.JavaClassProcessor - Processing class 'org/springframework/data/domain/Example'
10:11:18.031 [Test worker] DEBUG com.tngtech.archunit.core.importer.JavaClassProcessor - Processing class 'org/springframework/data/domain/Page'
10:11:18.032 [Test worker] DEBUG com.tngtech.archunit.core.importer.JavaClassProcessor - Processing class 'org/springframework/data/domain/Pageable'
10:11:18.034 [Test worker] DEBUG com.tngtech.archunit.core.importer.JavaClassProcessor - Processing class 'java/text/DecimalFormatSymbols'
10:11:18.034 [Test worker] DEBUG com.tngtech.archunit.core.importer.JavaClassProcessor - Processing class 'java/util/regex/Pattern'
10:11:18.038 [Test worker] DEBUG com.tngtech.archunit.core.importer.JavaClassProcessor - Processing class 'org/springframework/http/ReadOnlyHttpHeaders'
10:11:18.040 [Test worker] DEBUG com.tngtech.archunit.core.importer.JavaClassProcessor - Processing class 'org/springframework/http/ContentDisposition'
10:11:18.041 [Test worker] DEBUG com.tngtech.archunit.core.importer.JavaClassProcessor - Processing class 'java/net/InetSocketAddress'
10:11:18.043 [Test worker] DEBUG com.tngtech.archunit.core.importer.JavaClassProcessor - Processing class 'org/springframework/http/CacheControl'
10:11:18.045 [Test worker] DEBUG com.tngtech.archunit.core.importer.JavaClassProcessor - Processing class 'java/io/OutputStream'
10:11:18.046 [Test worker] DEBUG com.tngtech.archunit.core.importer.JavaClassProcessor - Processing class 'org/springframework/core/io/InputStreamResource'
10:11:18.047 [Test worker] DEBUG com.tngtech.archunit.core.importer.JavaClassProcessor - Processing class 'org/springframework/http/HttpStatus$Series'
10:11:18.050 [Test worker] DEBUG com.tngtech.archunit.core.importer.JavaClassProcessor - Processing class 'org/springframework/http/ResponseEntity$BodyBuilder'
10:11:18.051 [Test worker] DEBUG com.tngtech.archunit.core.importer.JavaClassProcessor - Processing class 'org/springframework/http/ResponseEntity$HeadersBuilder'
10:11:18.052 [Test worker] DEBUG com.tngtech.archunit.core.importer.JavaClassProcessor - Processing class 'org/springframework/http/ResponseEntity$1'
10:11:18.053 [Test worker] DEBUG com.tngtech.archunit.core.importer.JavaClassProcessor - Processing class 'org/springframework/http/client/ClientHttpResponse'
10:11:18.054 [Test worker] DEBUG com.tngtech.archunit.core.importer.JavaClassProcessor - Processing class 'org/springframework/http/client/ClientHttpRequestExecution'
10:11:18.056 [Test worker] DEBUG com.tngtech.archunit.core.importer.JavaClassProcessor - Processing class 'org/springframework/http/HttpInputMessage'
10:11:18.056 [Test worker] DEBUG com.tngtech.archunit.core.importer.JavaClassProcessor - Processing class 'org/springframework/http/converter/HttpMessageNotReadableException'
10:11:18.057 [Test worker] DEBUG com.tngtech.archunit.core.importer.JavaClassProcessor - Processing class 'org/springframework/http/converter/HttpMessageNotWritableException'
10:11:18.059 [Test worker] DEBUG com.tngtech.archunit.core.importer.JavaClassProcessor - Processing class 'org/springframework/retry/RetryContext'
10:11:18.059 [Test worker] DEBUG com.tngtech.archunit.core.importer.JavaClassProcessor - Processing class 'org/springframework/retry/RetryCallback'
10:11:18.071 [Test worker] DEBUG com.tngtech.archunit.core.importer.JavaClassProcessor - Processing class 'org/springframework/retry/backoff/Sleeper'
10:11:18.074 [Test worker] DEBUG com.tngtech.archunit.core.importer.JavaClassProcessor - Processing class 'org/springframework/retry/interceptor/NewMethodArgumentsIdentifier'
10:11:18.077 [Test worker] DEBUG com.tngtech.archunit.core.importer.JavaClassProcessor - Processing class 'org/springframework/retry/annotation/AnnotationAwareRetryOperationsInterceptor'
10:11:18.080 [Test worker] DEBUG com.tngtech.archunit.core.importer.JavaClassProcessor - Processing class 'org/springframework/retry/interceptor/MethodArgumentsKeyGenerator'
10:11:18.087 [Test worker] DEBUG com.tngtech.archunit.core.importer.JavaClassProcessor - Processing class 'org/springframework/retry/policy/RetryContextCache'
10:11:18.088 [Test worker] DEBUG com.tngtech.archunit.core.importer.JavaClassProcessor - Processing class 'org/springframework/retry/interceptor/Retryable'
10:11:18.091 [Test worker] DEBUG com.tngtech.archunit.core.importer.JavaClassProcessor - Processing class 'org/springframework/retry/annotation/Retryable'
10:11:18.094 [Test worker] DEBUG com.tngtech.archunit.core.importer.JavaClassProcessor - Processing class 'java/util/BitSet'
10:11:18.101 [Test worker] DEBUG com.tngtech.archunit.core.importer.JavaClassProcessor - Processing class 'org/springframework/web/client/RestClientException'
10:11:18.102 [Test worker] DEBUG com.tngtech.archunit.core.importer.JavaClassProcessor - Processing class 'org/springframework/web/client/RequestCallback'
10:11:18.103 [Test worker] DEBUG com.tngtech.archunit.core.importer.JavaClassProcessor - Processing class 'org/springframework/web/client/ResponseExtractor'
10:11:18.104 [Test worker] DEBUG com.tngtech.archunit.core.importer.JavaClassProcessor - Processing class 'org/springframework/core/ParameterizedTypeReference'
10:11:18.106 [Test worker] DEBUG com.tngtech.archunit.core.importer.JavaClassProcessor - Processing class 'org/springframework/http/RequestEntity'
10:11:18.108 [Test worker] DEBUG com.tngtech.archunit.core.importer.JavaClassProcessor - Processing class 'org/springframework/web/util/DefaultUriBuilderFactory'
10:11:18.109 [Test worker] DEBUG com.tngtech.archunit.core.importer.JavaClassProcessor - Processing class 'org/springframework/web/util/AbstractUriTemplateHandler'
10:11:18.111 [Test worker] DEBUG com.tngtech.archunit.core.importer.JavaClassProcessor - Processing class 'org/springframework/http/RequestEntity$UriTemplateRequestEntity'
10:11:18.115 [Test worker] DEBUG com.tngtech.archunit.core.importer.JavaClassProcessor - Processing class 'org/springframework/beans/BeanWrapper'
10:11:18.117 [Test worker] DEBUG com.tngtech.archunit.core.importer.JavaClassProcessor - Processing class 'sun/util/locale/UnicodeLocaleExtension'
10:11:18.119 [Test worker] DEBUG com.tngtech.archunit.core.importer.JavaClassProcessor - Processing class 'sun/util/locale/LocaleSyntaxException'
10:11:18.119 [Test worker] DEBUG com.tngtech.archunit.core.importer.JavaClassProcessor - Processing class 'sun/util/locale/LanguageTag'
10:11:18.318 [Test worker] DEBUG com.tngtech.archunit.core.importer.UrlSource$From - Found URLs on sun.boot.class.path: []
10:11:18.328 [Test worker] DEBUG com.tngtech.archunit.core.importer.UrlSource$From - Found URLs on java.class.path: [jar:file:/C:/Users/Usuario/.gradle/caches/7.6.1/workerMain/gradle-worker.jar!/, file:/C:/Users/Usuario/Desktop/TrafficAgent/build/classes/java/test/, file:/C:/Users/Usuario/Desktop/TrafficAgent/build/resources/test/, file:/C:/Users/Usuario/Desktop/TrafficAgent/build/classes/java/main/, file:/C:/Users/Usuario/Desktop/TrafficAgent/build/resources/main/, jar:file:/C:/Users/Usuario/.gradle/caches/modules-2/files-2.1/org.springframework.boot/spring-boot-starter-web/2.6.3/ceb6e909c144daf9e792069f5f0efd105c8712a/spring-boot-starter-web-2.6.3.jar!/, jar:file:/C:/Users/Usuario/.gradle/caches/modules-2/files-2.1/org.springframework.boot/spring-boot-starter-undertow/2.6.3/988095d74254727e400818c46de206242a427de5/spring-boot-starter-undertow-2.6.3.jar!/, jar:file:/C:/Users/Usuario/.gradle/caches/modules-2/files-2.1/org.springframework.boot/spring-boot-starter-data-jpa/2.6.3/74c60a724e4f81c7527b848ee24e91ba6facfe24/spring-boot-starter-data-jpa-2.6.3.jar!/, jar:file:/C:/Users/Usuario/.gradle/caches/modules-2/files-2.1/org.postgresql/postgresql/42.3.1/9ca7df660e875b91c78e3d1608d4d7469ad3470c/postgresql-42.3.1.jar!/, jar:file:/C:/Users/Usuario/.gradle/caches/modules-2/files-2.1/org.springframework.retry/spring-retry/2.0.0/6a7a653901b58eb741692417f33b5bebedbd01f7/spring-retry-2.0.0.jar!/, jar:file:/C:/Users/Usuario/.gradle/caches/modules-2/files-2.1/io.jsonwebtoken/jjwt/0.9.1/54d2abfc3e63a28824d35bf600d6a5d627da681a/jjwt-0.9.1.jar!/, jar:file:/C:/Users/Usuario/.gradle/caches/modules-2/files-2.1/com.auth0/java-jwt/4.2.1/904306772bb7d43750527f84d7b23589a1f9ab12/java-jwt-4.2.1.jar!/, jar:file:/C:/Users/Usuario/.gradle/caches/modules-2/files-2.1/commons-codec/commons-codec/1.15/49d94806b6e3dc933dacbd8acb0fdbab8ebd1e5d/commons-codec-1.15.jar!/, jar:file:/C:/Users/Usuario/.gradle/caches/modules-2/files-2.1/org.springframework.boot/spring-boot-starter-aop/2.6.3/338cbbfe2667aea23d95672093e05b5f54630c5a/spring-boot-starter-aop-2.6.3.jar!/, jar:file:/C:/Users/Usuario/.gradle/caches/modules-2/files-2.1/com.h2database/h2/2.1.214/d5c2005c9e3279201e12d4776c948578b16bf8b2/h2-2.1.214.jar!/, jar:file:/C:/Users/Usuario/.gradle/caches/modules-2/files-2.1/org.springframework.boot/spring-boot-starter-test/2.6.3/1ac659fc8c6d7285218b7ff79d67b87736f4ddf2/spring-boot-starter-test-2.6.3.jar!/, jar:file:/C:/Users/Usuario/.gradle/caches/modules-2/files-2.1/com.tngtech.archunit/archunit-junit5/1.0.0/d381ade9436d047877181fe50f508318e6a5a8/archunit-junit5-1.0.0.jar!/, jar:file:/C:/Users/Usuario/.gradle/caches/modules-2/files-2.1/org.springframework.boot/spring-boot-starter-json/2.6.3/b43885849bde2ad5d436c5acdd43b21730f9c676/spring-boot-starter-json-2.6.3.jar!/, jar:file:/C:/Users/Usuario/.gradle/caches/modules-2/files-2.1/org.springframework.boot/spring-boot-starter-jdbc/2.6.3/17871ef6920a3decad5f10181b2baf198ea2b787/spring-boot-starter-jdbc-2.6.3.jar!/, jar:file:/C:/Users/Usuario/.gradle/caches/modules-2/files-2.1/org.springframework.boot/spring-boot-starter/2.6.3/1211af6e300c0584e01c7a9a75e585ac0aec6ea6/spring-boot-starter-2.6.3.jar!/, jar:file:/C:/Users/Usuario/.gradle/caches/modules-2/files-2.1/org.springframework/spring-webmvc/5.3.15/28307dda4cb5fbeb6f7d7e7c846f464da0eba955/spring-webmvc-5.3.15.jar!/, jar:file:/C:/Users/Usuario/.gradle/caches/modules-2/files-2.1/org.springframework/spring-web/5.3.15/a228b373eff7fe34e868827ab02c91b8bf7a643e/spring-web-5.3.15.jar!/, jar:file:/C:/Users/Usuario/.gradle/caches/modules-2/files-2.1/io.undertow/undertow-websockets-jsr/2.2.14.Final/fffc3ffff1880fd695c22164d37bd16dc1dc4b7e/undertow-websockets-jsr-2.2.14.Final.jar!/, jar:file:/C:/Users/Usuario/.gradle/caches/modules-2/files-2.1/io.undertow/undertow-servlet/2.2.14.Final/8354ab1476d85dec5ee743a0f40b113cf29a55b8/undertow-servlet-2.2.14.Final.jar!/, jar:file:/C:/Users/Usuario/.gradle/caches/modules-2/files-2.1/io.undertow/undertow-core/2.2.14.Final/deb02123fba830230d1837a1e6b3731607196a41/undertow-core-2.2.14.Final.jar!/, jar:file:/C:/Users/Usuario/.gradle/caches/modules-2/files-2.1/jakarta.servlet/jakarta.servlet-api/4.0.4/b8a1142e04838fe54194049c6e7a18dae8f9b960/jakarta.servlet-api-4.0.4.jar!/, jar:file:/C:/Users/Usuario/.gradle/caches/modules-2/files-2.1/jakarta.websocket/jakarta.websocket-api/1.1.2/69c2fdfb75081cc935bc9d6c5616d12b0b73815f/jakarta.websocket-api-1.1.2.jar!/, jar:file:/C:/Users/Usuario/.gradle/caches/modules-2/files-2.1/org.apache.tomcat.embed/tomcat-embed-el/9.0.56/8e4f28f714693ad4e158e61f41371d4e4c6b4e23/tomcat-embed-el-9.0.56.jar!/, jar:file:/C:/Users/Usuario/.gradle/caches/modules-2/files-2.1/jakarta.transaction/jakarta.transaction-api/1.3.3/c4179d48720a1e87202115fbed6089bdc4195405/jakarta.transaction-api-1.3.3.jar!/, jar:file:/C:/Users/Usuario/.gradle/caches/modules-2/files-2.1/jakarta.persistence/jakarta.persistence-api/2.2.3/8f6ea5daedc614f07a3654a455660145286f024e/jakarta.persistence-api-2.2.3.jar!/, jar:file:/C:/Users/Usuario/.gradle/caches/modules-2/files-2.1/org.hibernate/hibernate-core/5.6.4.Final/a21d3a313d8fa4dbf2d05aa50ef3157a8081e83f/hibernate-core-5.6.4.Final.jar!/, jar:file:/C:/Users/Usuario/.gradle/caches/modules-2/files-2.1/org.springframework.data/spring-data-jpa/2.6.1/70eef23d3c1ba594749867edb9c89832da8f923c/spring-data-jpa-2.6.1.jar!/, jar:file:/C:/Users/Usuario/.gradle/caches/modules-2/files-2.1/org.springframework/spring-aspects/5.3.15/d1e42bac0f61ad50f633c13f8bcab905a66313af/spring-aspects-5.3.15.jar!/, jar:file:/C:/Users/Usuario/.gradle/caches/modules-2/files-2.1/org.checkerframework/checker-qual/3.5.0/2f50520c8abea66fbd8d26e481d3aef5c673b510/checker-qual-3.5.0.jar!/, jar:file:/C:/Users/Usuario/.gradle/caches/modules-2/files-2.1/com.fasterxml.jackson.datatype/jackson-datatype-jsr310/2.13.1/1ece5a87b59701328215e0083448b4d451857cbd/jackson-datatype-jsr310-2.13.1.jar!/, jar:file:/C:/Users/Usuario/.gradle/caches/modules-2/files-2.1/com.fasterxml.jackson.module/jackson-module-parameter-names/2.13.1/cbeec2259213c555ef451a2e05f35ed1dbfbf799/jackson-module-parameter-names-2.13.1.jar!/, jar:file:/C:/Users/Usuario/.gradle/caches/modules-2/files-2.1/com.fasterxml.jackson.core/jackson-annotations/2.13.1/1cbcbe4623113e6af92ccaa89884a345270f1a87/jackson-annotations-2.13.1.jar!/, jar:file:/C:/Users/Usuario/.gradle/caches/modules-2/files-2.1/com.fasterxml.jackson.core/jackson-core/2.13.1/51ae921a2ed1e06ca8876f12f32f265e83c0b2b8/jackson-core-2.13.1.jar!/, jar:file:/C:/Users/Usuario/.gradle/caches/modules-2/files-2.1/com.fasterxml.jackson.datatype/jackson-datatype-jdk8/2.13.1/8ecfa9bcd714269fdf22c33f9fd00d0643bd0e21/jackson-datatype-jdk8-2.13.1.jar!/, jar:file:/C:/Users/Usuario/.gradle/caches/modules-2/files-2.1/com.fasterxml.jackson.core/jackson-databind/2.13.1/698b2d2b15d9a1b7aae025f1d9f576842285e7f6/jackson-databind-2.13.1.jar!/, jar:file:/C:/Users/Usuario/.gradle/caches/modules-2/files-2.1/org.springframework.boot/spring-boot-test-autoconfigure/2.6.3/c903465682a6cd69adbc83feb8e8bfa26c51e6ae/spring-boot-test-autoconfigure-2.6.3.jar!/, jar:file:/C:/Users/Usuario/.gradle/caches/modules-2/files-2.1/org.springframework.boot/spring-boot-test/2.6.3/93b38ba8d4f027a7eda8c28dbe8f77b712de1142/spring-boot-test-2.6.3.jar!/, jar:file:/C:/Users/Usuario/.gradle/caches/modules-2/files-2.1/org.springframework.boot/spring-boot-autoconfigure/2.6.3/8bf96f63e9479b5a1c17d1fa05b149bb5ed050e2/spring-boot-autoconfigure-2.6.3.jar!/, jar:file:/C:/Users/Usuario/.gradle/caches/modules-2/files-2.1/org.springframework.boot/spring-boot/2.6.3/f1127e8a70ba7b9f12581e79ea963b739059bf55/spring-boot-2.6.3.jar!/, jar:file:/C:/Users/Usuario/.gradle/caches/modules-2/files-2.1/org.springframework/spring-context/5.3.15/80a12b7dcb3332fbd65c3649249fd35561ffc561/spring-context-5.3.15.jar!/, jar:file:/C:/Users/Usuario/.gradle/caches/modules-2/files-2.1/org.springframework/spring-aop/5.3.15/195966e1f4260f89696e668856ebfd9a1bc76404/spring-aop-5.3.15.jar!/, jar:file:/C:/Users/Usuario/.gradle/caches/modules-2/files-2.1/org.aspectj/aspectjweaver/1.9.7/158f5c255cd3e4408e795b79f7c3fbae9b53b7ca/aspectjweaver-1.9.7.jar!/, jar:file:/C:/Users/Usuario/.gradle/caches/modules-2/files-2.1/com.jayway.jsonpath/json-path/2.6.0/67f565b424f7903a12d4f5b9361b11462ecacdac/json-path-2.6.0.jar!/, jar:file:/C:/Users/Usuario/.gradle/caches/modules-2/files-2.1/org.glassfish.jaxb/jaxb-runtime/2.3.5/a169a961a2bb9ac69517ec1005e451becf5cdfab/jaxb-runtime-2.3.5.jar!/, jar:file:/C:/Users/Usuario/.gradle/caches/modules-2/files-2.1/jakarta.xml.bind/jakarta.xml.bind-api/2.3.3/48e3b9cfc10752fba3521d6511f4165bea951801/jakarta.xml.bind-api-2.3.3.jar!/, jar:file:/C:/Users/Usuario/.gradle/caches/modules-2/files-2.1/org.assertj/assertj-core/3.21.0/27a14d6d22c4e3d58f799fb2a5ca8eaf53e6942a/assertj-core-3.21.0.jar!/, jar:file:/C:/Users/Usuario/.gradle/caches/modules-2/files-2.1/org.hamcrest/hamcrest/2.2/1820c0968dba3a11a1b30669bb1f01978a91dedc/hamcrest-2.2.jar!/, jar:file:/C:/Users/Usuario/.gradle/caches/modules-2/files-2.1/org.mockito/mockito-junit-jupiter/4.0.0/b76de25bd6e5d8f7924d0536729c0076e37e9396/mockito-junit-jupiter-4.0.0.jar!/, jar:file:/C:/Users/Usuario/.gradle/caches/modules-2/files-2.1/org.junit.jupiter/junit-jupiter-params/5.8.2/ddeafe92fc263f895bfb73ffeca7fd56e23c2cce/junit-jupiter-params-5.8.2.jar!/, jar:file:/C:/Users/Usuario/.gradle/caches/modules-2/files-2.1/org.junit.jupiter/junit-jupiter-engine/5.8.2/c598b4328d2f397194d11df3b1648d68d7d990e3/junit-jupiter-engine-5.8.2.jar!/, jar:file:/C:/Users/Usuario/.gradle/caches/modules-2/files-2.1/org.junit.jupiter/junit-jupiter-api/5.8.2/4c21029217adf07e4c0d0c5e192b6bf610c94bdc/junit-jupiter-api-5.8.2.jar!/, jar:file:/C:/Users/Usuario/.gradle/caches/modules-2/files-2.1/com.tngtech.archunit/archunit-junit5-engine/1.0.0/c942ce334f410062298100f834a767f765ac7a8e/archunit-junit5-engine-1.0.0.jar!/, jar:file:/C:/Users/Usuario/.gradle/caches/modules-2/files-2.1/com.tngtech.archunit/archunit-junit5-engine-api/1.0.0/f2fcf7191e65bda73cb14b510e380d0c4e55c9c8/archunit-junit5-engine-api-1.0.0.jar!/, jar:file:/C:/Users/Usuario/.gradle/caches/modules-2/files-2.1/org.junit.platform/junit-platform-engine/1.8.2/b737de09f19864bd136805c84df7999a142fec29/junit-platform-engine-1.8.2.jar!/, jar:file:/C:/Users/Usuario/.gradle/caches/modules-2/files-2.1/org.junit.platform/junit-platform-commons/1.8.2/32c8b8617c1342376fd5af2053da6410d8866861/junit-platform-commons-1.8.2.jar!/, jar:file:/C:/Users/Usuario/.gradle/caches/modules-2/files-2.1/org.junit.jupiter/junit-jupiter/5.8.2/5a817b1e63f1217e5c586090c45e681281f097ad/junit-jupiter-5.8.2.jar!/, jar:file:/C:/Users/Usuario/.gradle/caches/modules-2/files-2.1/org.mockito/mockito-core/4.0.0/f5195e0c4a45716bbd2d1d29173adbd148acce3a/mockito-core-4.0.0.jar!/, jar:file:/C:/Users/Usuario/.gradle/caches/modules-2/files-2.1/org.skyscreamer/jsonassert/1.5.0/6c9d5fe2f59da598d9aefc1cfc6528ff3cf32df3/jsonassert-1.5.0.jar!/, jar:file:/C:/Users/Usuario/.gradle/caches/modules-2/files-2.1/org.springframework/spring-test/5.3.15/1efef59ebbf51bc072d08c5854b1d5cbb1c29b65/spring-test-5.3.15.jar!/, jar:file:/C:/Users/Usuario/.gradle/caches/modules-2/files-2.1/org.springframework/spring-orm/5.3.15/edddfcbf3bd2a3cc8b5316329f16dcf88cec33b5/spring-orm-5.3.15.jar!/, jar:file:/C:/Users/Usuario/.gradle/caches/modules-2/files-2.1/org.springframework/spring-jdbc/5.3.15/2c7883bb9a50e37f177cdc3e064e88325f97bd36/spring-jdbc-5.3.15.jar!/, jar:file:/C:/Users/Usuario/.gradle/caches/modules-2/files-2.1/org.springframework.data/spring-data-commons/2.6.1/ba24a3b88e26191b25031cefb8de458deed05551/spring-data-commons-2.6.1.jar!/, jar:file:/C:/Users/Usuario/.gradle/caches/modules-2/files-2.1/org.springframework/spring-tx/5.3.15/27b8c1f0a896dc2f7d1629556b06f55f2a07351d/spring-tx-5.3.15.jar!/, jar:file:/C:/Users/Usuario/.gradle/caches/modules-2/files-2.1/org.springframework/spring-beans/5.3.15/a88e2ccfe8b131bcff2e643b90d52f6d928e7369/spring-beans-5.3.15.jar!/, jar:file:/C:/Users/Usuario/.gradle/caches/modules-2/files-2.1/org.springframework/spring-expression/5.3.15/362f36bbc4c4b46cc2e4f219df22d08945000c2/spring-expression-5.3.15.jar!/, jar:file:/C:/Users/Usuario/.gradle/caches/modules-2/files-2.1/org.springframework/spring-core/5.3.15/e813c2311465672d3089fc7be8dbbadb04e64d6b/spring-core-5.3.15.jar!/, jar:file:/C:/Users/Usuario/.gradle/caches/modules-2/files-2.1/org.xmlunit/xmlunit-core/2.8.4/35be57989ca80eefa03161b211630e319a8f36c6/xmlunit-core-2.8.4.jar!/, jar:file:/C:/Users/Usuario/.gradle/caches/modules-2/files-2.1/com.tngtech.archunit/archunit-junit5-api/1.0.0/f537a0cb4156e374e436009cf7e8e07062929b32/archunit-junit5-api-1.0.0.jar!/, jar:file:/C:/Users/Usuario/.gradle/caches/modules-2/files-2.1/org.springframework.boot/spring-boot-starter-logging/2.6.3/86599127b1e69a6180014cbeed8297ba26e8c6aa/spring-boot-starter-logging-2.6.3.jar!/, jar:file:/C:/Users/Usuario/.gradle/caches/modules-2/files-2.1/jakarta.annotation/jakarta.annotation-api/1.3.5/59eb84ee0d616332ff44aba065f3888cf002cd2d/jakarta.annotation-api-1.3.5.jar!/, jar:file:/C:/Users/Usuario/.gradle/caches/modules-2/files-2.1/org.yaml/snakeyaml/1.29/6d0cdafb2010f1297e574656551d7145240f6e25/snakeyaml-1.29.jar!/, jar:file:/C:/Users/Usuario/.gradle/caches/modules-2/files-2.1/org.hibernate.common/hibernate-commons-annotations/5.1.2.Final/e59ffdbc6ad09eeb33507b39ffcf287679a498c8/hibernate-commons-annotations-5.1.2.Final.jar!/, jar:file:/C:/Users/Usuario/.gradle/caches/modules-2/files-2.1/org.jboss.xnio/xnio-nio/3.8.4.Final/109d7de9a4d995ed9f46e1409520ace346fe2fc4/xnio-nio-3.8.4.Final.jar!/, jar:file:/C:/Users/Usuario/.gradle/caches/modules-2/files-2.1/org.jboss.xnio/xnio-api/3.8.4.Final/8714f2bf19f6e5fa7e36e8516dcb4606ef152e4d/xnio-api-3.8.4.Final.jar!/, jar:file:/C:/Users/Usuario/.gradle/caches/modules-2/files-2.1/org.wildfly.client/wildfly-client-config/1.0.1.Final/2a803b23c40a0de0f03a90d1fd3755747bc05f4b/wildfly-client-config-1.0.1.Final.jar!/, jar:file:/C:/Users/Usuario/.gradle/caches/modules-2/files-2.1/org.jboss.threads/jboss-threads/3.1.0.Final/9b260c0302f637a84a52d3d118214a3c59217615/jboss-threads-3.1.0.Final.jar!/, jar:file:/C:/Users/Usuario/.gradle/caches/modules-2/files-2.1/org.jboss.logging/jboss-logging/3.4.3.Final/c4bd7e12a745c0e7f6cf98c45cdcdf482fd827ea/jboss-logging-3.4.3.Final.jar!/, jar:file:/C:/Users/Usuario/.gradle/caches/modules-2/files-2.1/com.zaxxer/HikariCP/4.0.3/107cbdf0db6780a065f895ae9d8fbf3bb0e1c21f/HikariCP-4.0.3.jar!/, jar:file:/C:/Users/Usuario/.gradle/caches/modules-2/files-2.1/net.bytebuddy/byte-buddy/1.11.22/8b4c7fa5562a09da1c2a9ab0873cb51f5034d83f/byte-buddy-1.11.22.jar!/, jar:file:/C:/Users/Usuario/.gradle/caches/modules-2/files-2.1/antlr/antlr/2.7.7/83cd2cd674a217ade95a4bb83a8a14f351f48bd0/antlr-2.7.7.jar!/, jar:file:/C:/Users/Usuario/.gradle/caches/modules-2/files-2.1/org.jboss/jandex/2.4.2.Final/1e1c385990b258ff1a24c801e84aebbacf70eb39/jandex-2.4.2.Final.jar!/, jar:file:/C:/Users/Usuario/.gradle/caches/modules-2/files-2.1/com.fasterxml/classmate/1.5.1/3fe0bed568c62df5e89f4f174c101eab25345b6c/classmate-1.5.1.jar!/, jar:file:/C:/Users/Usuario/.gradle/caches/modules-2/files-2.1/com.tngtech.archunit/archunit/1.0.0/27ab69819bc5bb588e9881144763b9a3b1ed15a2/archunit-1.0.0.jar!/, jar:file:/C:/Users/Usuario/.gradle/caches/modules-2/files-2.1/ch.qos.logback/logback-classic/1.2.10/f69d97ef3335c6ab82fc21dfb77ac613f90c1221/logback-classic-1.2.10.jar!/, jar:file:/C:/Users/Usuario/.gradle/caches/modules-2/files-2.1/org.apache.logging.log4j/log4j-to-slf4j/2.17.1/3619fd18278a1a895c1dca8c5be002768071a20e/log4j-to-slf4j-2.17.1.jar!/, jar:file:/C:/Users/Usuario/.gradle/caches/modules-2/files-2.1/org.slf4j/jul-to-slf4j/1.7.33/53fd89b530d41b8f6744c754de1c9b02e82f2d7/jul-to-slf4j-1.7.33.jar!/, jar:file:/C:/Users/Usuario/.gradle/caches/modules-2/files-2.1/org.slf4j/slf4j-api/1.7.33/d375aa1b98d34d5ddf73a3f19eaad66e98975b12/slf4j-api-1.7.33.jar!/, jar:file:/C:/Users/Usuario/.gradle/caches/modules-2/files-2.1/net.minidev/json-smart/2.4.7/8d7f4c1530c07c54930935f3da85f48b83b3c109/json-smart-2.4.7.jar!/, jar:file:/C:/Users/Usuario/.gradle/caches/modules-2/files-2.1/jakarta.activation/jakarta.activation-api/1.2.2/99f53adba383cb1bf7c3862844488574b559621f/jakarta.activation-api-1.2.2.jar!/, jar:file:/C:/Users/Usuario/.gradle/caches/modules-2/files-2.1/net.bytebuddy/byte-buddy-agent/1.11.22/2fbcf3210dfc09b42242e3b66a5281cc5b9adb80/byte-buddy-agent-1.11.22.jar!/, jar:file:/C:/Users/Usuario/.gradle/caches/modules-2/files-2.1/org.objenesis/objenesis/3.2/7fadf57620c8b8abdf7519533e5527367cb51f09/objenesis-3.2.jar!/, jar:file:/C:/Users/Usuario/.gradle/caches/modules-2/files-2.1/com.vaadin.external.google/android-json/0.0.20131108.vaadin1/fa26d351fe62a6a17f5cda1287c1c6110dec413f/android-json-0.0.20131108.vaadin1.jar!/, jar:file:/C:/Users/Usuario/.gradle/caches/modules-2/files-2.1/org.springframework/spring-jcl/5.3.15/88da960b4fcbd28621aea8b9911976adc06afce4/spring-jcl-5.3.15.jar!/, jar:file:/C:/Users/Usuario/.gradle/caches/modules-2/files-2.1/org.wildfly.common/wildfly-common/1.5.2.Final/8eba40cfe86bcfcc223551e75201e6e7574c7c36/wildfly-common-1.5.2.Final.jar!/, jar:file:/C:/Users/Usuario/.gradle/caches/modules-2/files-2.1/org.glassfish.jaxb/txw2/2.3.5/ec8930fa62e7b1758b1664d135f50c7abe86a4a3/txw2-2.3.5.jar!/, jar:file:/C:/Users/Usuario/.gradle/caches/modules-2/files-2.1/com.sun.istack/istack-commons-runtime/3.0.12/cbbe1a62b0cc6c85972e99d52aaee350153dc530/istack-commons-runtime-3.0.12.jar!/, jar:file:/C:/Users/Usuario/.gradle/caches/modules-2/files-2.1/com.sun.activation/jakarta.activation/1.2.2/74548703f9851017ce2f556066659438019e7eb5/jakarta.activation-1.2.2.jar!/, jar:file:/C:/Users/Usuario/.gradle/caches/modules-2/files-2.1/net.minidev/accessors-smart/2.4.7/3970cfc505e6657ca60f3aa57c849f6043000d7a/accessors-smart-2.4.7.jar!/, jar:file:/C:/Users/Usuario/.gradle/caches/modules-2/files-2.1/org.opentest4j/opentest4j/1.2.0/28c11eb91f9b6d8e200631d46e20a7f407f2a046/opentest4j-1.2.0.jar!/, jar:file:/C:/Users/Usuario/.gradle/caches/modules-2/files-2.1/ch.qos.logback/logback-core/1.2.10/5328406bfcae7bcdcc86810fcb2920d2c297170d/logback-core-1.2.10.jar!/, jar:file:/C:/Users/Usuario/.gradle/caches/modules-2/files-2.1/org.apache.logging.log4j/log4j-api/2.17.1/d771af8e336e372fb5399c99edabe0919aeaf5b2/log4j-api-2.17.1.jar!/, jar:file:/C:/Users/Usuario/.gradle/caches/modules-2/files-2.1/org.ow2.asm/asm/9.1/a99500cf6eea30535eeac6be73899d048f8d12a8/asm-9.1.jar!/]
10:11:18.478 [Test worker] DEBUG com.tngtech.archunit.core.importer.JavaClassProcessor - Processing class 'com/uco/TrafficAgent/domain/service/user/ServiceListAllUser'
10:11:18.479 [Test worker] DEBUG com.tngtech.archunit.core.importer.JavaClassProcessor - Processing class 'com/uco/TrafficAgent/application/service/user/consult/ServiceApplicationListAllUser'
10:11:18.485 [Test worker] DEBUG com.tngtech.archunit.core.importer.JavaClassProcessor - Processing class 'com/uco/TrafficAgent/domain/port/type/RepositoryTypeId'
10:11:18.486 [Test worker] DEBUG com.tngtech.archunit.core.importer.JavaClassProcessor - Processing class 'com/uco/TrafficAgent/infrastructure/repository/report/adapter/entity/EntityReport'
10:11:18.488 [Test worker] DEBUG com.tngtech.archunit.core.importer.JavaClassProcessor - Processing class 'com/uco/TrafficAgent/application/service/login/ServiceApplicationLogin'
10:11:18.489 [Test worker] DEBUG com.tngtech.archunit.core.importer.JavaClassProcessor - Processing class 'com/uco/TrafficAgent/application/service/user/comand/ServiceApplicationUpdateUser'
10:11:18.491 [Test worker] DEBUG com.tngtech.archunit.core.importer.JavaClassProcessor - Processing class 'com/uco/TrafficAgent/infrastructure/repository/contact/adapter/repository/jpa/RepositoryContactEmergencyJpa'
10:11:18.492 [Test worker] DEBUG com.tngtech.archunit.core.importer.JavaClassProcessor - Processing class 'com/uco/TrafficAgent/application/service/login/dto/DtoLogin'
10:11:18.493 [Test worker] DEBUG com.tngtech.archunit.core.importer.JavaClassProcessor - Processing class 'com/uco/TrafficAgent/application/service/DtoResponse'
10:11:18.494 [Test worker] DEBUG com.tngtech.archunit.core.importer.JavaClassProcessor - Processing class 'com/uco/TrafficAgent/application/encrypted/ServiceEncryptedPassword'
10:11:18.496 [Test worker] DEBUG com.tngtech.archunit.core.importer.JavaClassProcessor - Processing class 'com/uco/TrafficAgent/domain/dto/DtoContactSummary'
10:11:18.497 [Test worker] DEBUG com.tngtech.archunit.core.importer.JavaClassProcessor - Processing class 'com/uco/TrafficAgent/infrastructure/repository/contact/adapter/entity/EntityContactEmergency'
10:11:18.499 [Test worker] DEBUG com.tngtech.archunit.core.importer.JavaClassProcessor - Processing class 'com/uco/TrafficAgent/infrastructure/repository/report/adapter/repository/RepositoryReportDB'
10:11:18.500 [Test worker] DEBUG com.tngtech.archunit.core.importer.JavaClassProcessor - Processing class 'com/uco/TrafficAgent/infrastructure/repository/login/controller/ComandControllerLogin'
10:11:18.501 [Test worker] DEBUG com.tngtech.archunit.core.importer.JavaClassProcessor - Processing class 'com/uco/TrafficAgent/domain/validator/ValidatorObjects'
10:11:18.502 [Test worker] DEBUG com.tngtech.archunit.core.importer.JavaClassProcessor - Processing class 'com/uco/TrafficAgent/infrastructure/aspect/Secured'
10:11:18.504 [Test worker] DEBUG com.tngtech.archunit.core.importer.JavaClassProcessor - Processing class 'com/uco/TrafficAgent/infrastructure/service/token/ServiceGetCurrentUserJwt'
10:11:18.505 [Test worker] DEBUG com.tngtech.archunit.core.importer.JavaClassProcessor - Processing class 'com/uco/TrafficAgent/application/service/user/comand/ServiceApplicationSaveUser'
10:11:18.506 [Test worker] DEBUG com.tngtech.archunit.core.importer.JavaClassProcessor - Processing class 'com/uco/TrafficAgent/application/service/report/comand/dto/DtoSaveReport'
10:11:18.507 [Test worker] DEBUG com.tngtech.archunit.core.importer.JavaClassProcessor - Processing class 'com/uco/TrafficAgent/domain/service/report/ServiceListAllReportByUser'
10:11:18.508 [Test worker] DEBUG com.tngtech.archunit.core.importer.JavaClassProcessor - Processing class 'com/uco/TrafficAgent/infrastructure/aspect/LogExecutionAspect'
10:11:18.509 [Test worker] DEBUG com.tngtech.archunit.core.importer.JavaClassProcessor - Processing class 'com/uco/TrafficAgent/domain/service/report/ServiceListAllReportByDate'
10:11:18.511 [Test worker] DEBUG com.tngtech.archunit.core.importer.JavaClassProcessor - Processing class 'com/uco/TrafficAgent/infrastructure/repository/user/adapter/repository/jpa/RepositoryUserJpa'
10:11:18.512 [Test worker] DEBUG com.tngtech.archunit.core.importer.JavaClassProcessor - Processing class 'com/uco/TrafficAgent/infrastructure/repository/rol/adapter/entity/EntityRol'
10:11:18.513 [Test worker] DEBUG com.tngtech.archunit.core.importer.JavaClassProcessor - Processing class 'com/uco/TrafficAgent/TrafficAgentApplication'
10:11:18.514 [Test worker] DEBUG com.tngtech.archunit.core.importer.JavaClassProcessor - Processing class 'com/uco/TrafficAgent/domain/dto/DtoReportSummary'
10:11:18.515 [Test worker] DEBUG com.tngtech.archunit.core.importer.JavaClassProcessor - Processing class 'com/uco/TrafficAgent/infrastructure/repository/user/controller/ComandControllerUser'
10:11:18.516 [Test worker] DEBUG com.tngtech.archunit.core.importer.JavaClassProcessor - Processing class 'com/uco/TrafficAgent/infrastructure/service/token/ServiceValidateToken'
10:11:18.517 [Test worker] DEBUG com.tngtech.archunit.core.importer.JavaClassProcessor - Processing class 'com/uco/TrafficAgent/application/service/user/comand/dto/DtoUpdateUser'
10:11:18.548 [Test worker] DEBUG com.tngtech.archunit.core.importer.JavaClassProcessor - Processing class 'com/uco/TrafficAgent/application/service/user/comand/ServiceApplicationDeleteUser'
10:11:18.550 [Test worker] DEBUG com.tngtech.archunit.core.importer.JavaClassProcessor - Processing class 'com/uco/TrafficAgent/infrastructure/mapper/user/impl/MapperUserImpl'
10:11:18.558 [Test worker] DEBUG com.tngtech.archunit.core.importer.JavaClassProcessor - Processing class 'com/uco/TrafficAgent/application/encrypted/impl/ServiceEncryptedPasswordImpl'
10:11:18.560 [Test worker] DEBUG com.tngtech.archunit.core.importer.JavaClassProcessor - Processing class 'com/uco/TrafficAgent/infrastructure/error/ErrorHandler'
10:11:18.562 [Test worker] DEBUG com.tngtech.archunit.core.importer.JavaClassProcessor - Processing class 'com/uco/TrafficAgent/infrastructure/repository/contact/adapter/repository/jpa/RepositoryContactJpa'
10:11:18.565 [Test worker] DEBUG com.tngtech.archunit.core.importer.JavaClassProcessor - Processing class 'com/uco/TrafficAgent/infrastructure/configuration/model/BeanServiceUser'
10:11:18.567 [Test worker] DEBUG com.tngtech.archunit.core.importer.JavaClassProcessor - Processing class 'com/uco/TrafficAgent/application/mapper/user/impl/MapperApplicationUserImpl'
10:11:18.569 [Test worker] DEBUG com.tngtech.archunit.core.importer.JavaClassProcessor - Processing class 'com/uco/TrafficAgent/infrastructure/configuration/general/ConfigurationRestTemplate'
10:11:18.571 [Test worker] DEBUG com.tngtech.archunit.core.importer.JavaClassProcessor - Processing class 'com/uco/TrafficAgent/infrastructure/repository/contact/controller/ConsultControllerContact'
10:11:18.587 [Test worker] DEBUG com.tngtech.archunit.core.importer.JavaClassProcessor - Processing class 'com/uco/TrafficAgent/infrastructure/mapper/MapperInfrastructureObject'
10:11:18.590 [Test worker] DEBUG com.tngtech.archunit.core.importer.JavaClassProcessor - Processing class 'com/uco/TrafficAgent/infrastructure/repository/type/adapter/entity/EntityTypeId'
10:11:18.593 [Test worker] DEBUG com.tngtech.archunit.core.importer.JavaClassProcessor - Processing class 'com/uco/TrafficAgent/application/service/user/comand/dto/DtoRolUser'
10:11:18.597 [Test worker] DEBUG com.tngtech.archunit.core.importer.JavaClassProcessor - Processing class 'com/uco/TrafficAgent/infrastructure/repository/user/adapter/entity/EntityUser'
10:11:18.600 [Test worker] DEBUG com.tngtech.archunit.core.importer.JavaClassProcessor - Processing class 'com/uco/TrafficAgent/infrastructure/error/Error'
10:11:18.602 [Test worker] DEBUG com.tngtech.archunit.core.importer.JavaClassProcessor - Processing class 'com/uco/TrafficAgent/domain/model/Report'
10:11:18.604 [Test worker] DEBUG com.tngtech.archunit.core.importer.JavaClassProcessor - Processing class 'com/uco/TrafficAgent/domain/port/user/RepositoryUser'
10:11:18.606 [Test worker] DEBUG com.tngtech.archunit.core.importer.JavaClassProcessor - Processing class 'com/uco/TrafficAgent/application/service/contact/consult/ServiceApplicationListAllByProximityContact'
10:11:18.608 [Test worker] DEBUG com.tngtech.archunit.core.importer.JavaClassProcessor - Processing class 'com/uco/TrafficAgent/application/service/report/consult/ServiceApplicationListAllReportByUser'
10:11:18.611 [Test worker] DEBUG com.tngtech.archunit.core.importer.JavaClassProcessor - Processing class 'com/uco/TrafficAgent/domain/service/token/ServiceEncryptText'
10:11:18.613 [Test worker] DEBUG com.tngtech.archunit.core.importer.JavaClassProcessor - Processing class 'com/uco/TrafficAgent/infrastructure/configuration/general/ConfigurationSecurity'
10:11:18.615 [Test worker] DEBUG com.tngtech.archunit.core.importer.JavaClassProcessor - Processing class 'com/uco/TrafficAgent/domain/service/user/ServiceSaveUser'
10:11:18.621 [Test worker] DEBUG com.tngtech.archunit.core.importer.JavaClassProcessor - Processing class 'com/uco/TrafficAgent/domain/model/TypeIdentification'
10:11:18.623 [Test worker] DEBUG com.tngtech.archunit.core.importer.JavaClassProcessor - Processing class 'com/uco/TrafficAgent/domain/service/user/ServiceUpdateUser'
10:11:18.625 [Test worker] DEBUG com.tngtech.archunit.core.importer.JavaClassProcessor - Processing class 'com/uco/TrafficAgent/domain/port/report/RepositoryReport'
10:11:18.627 [Test worker] DEBUG com.tngtech.archunit.core.importer.JavaClassProcessor - Processing class 'com/uco/TrafficAgent/domain/service/report/ServiceSaveReport'
10:11:18.630 [Test worker] DEBUG com.tngtech.archunit.core.importer.JavaClassProcessor - Processing class 'com/uco/TrafficAgent/domain/service/token/ServiceGetCurrentUser'
10:11:18.631 [Test worker] DEBUG com.tngtech.archunit.core.importer.JavaClassProcessor - Processing class 'com/uco/TrafficAgent/infrastructure/aspect/service/AuthorizationService'
10:11:18.634 [Test worker] DEBUG com.tngtech.archunit.core.importer.JavaClassProcessor - Processing class 'com/uco/TrafficAgent/infrastructure/repository/user/controller/ConsultControllerUser'
10:11:18.636 [Test worker] DEBUG com.tngtech.archunit.core.importer.JavaClassProcessor - Processing class 'com/uco/TrafficAgent/domain/service/contact/ServiceListsAllByProximityContact'
10:11:18.638 [Test worker] DEBUG com.tngtech.archunit.core.importer.JavaClassProcessor - Processing class 'com/uco/TrafficAgent/infrastructure/repository/contact/controller/ComandControllerContact'
10:11:18.641 [Test worker] DEBUG com.tngtech.archunit.core.importer.JavaClassProcessor - Processing class 'com/uco/TrafficAgent/infrastructure/repository/type/adapter/repository/RepositoryTypeIdDB'
10:11:18.648 [Test worker] DEBUG com.tngtech.archunit.core.importer.JavaClassProcessor - Processing class 'com/uco/TrafficAgent/application/service/report/consult/ServiceApplicationListAllReportByDate'
10:11:18.650 [Test worker] DEBUG com.tngtech.archunit.core.importer.JavaClassProcessor - Processing class 'com/uco/TrafficAgent/infrastructure/repository/contact/adapter/repository/RepositoryContactDB'
10:11:18.654 [Test worker] DEBUG com.tngtech.archunit.core.importer.JavaClassProcessor - Processing class 'com/uco/TrafficAgent/infrastructure/repository/type/adapter/repository/jpa/RepositoryTypeIdJpa'
10:11:18.659 [Test worker] DEBUG com.tngtech.archunit.core.importer.JavaClassProcessor - Processing class 'com/uco/TrafficAgent/infrastructure/filter/FilterAuth'
10:11:18.662 [Test worker] DEBUG com.tngtech.archunit.core.importer.JavaClassProcessor - Processing class 'com/uco/TrafficAgent/domain/service/token/ServiceGenerateToken'
10:11:18.667 [Test worker] DEBUG com.tngtech.archunit.core.importer.JavaClassProcessor - Processing class 'com/uco/TrafficAgent/domain/model/RolUser'
10:11:18.670 [Test worker] DEBUG com.tngtech.archunit.core.importer.JavaClassProcessor - Processing class 'com/uco/TrafficAgent/infrastructure/aspect/SecuredAspect'
10:11:18.672 [Test worker] DEBUG com.tngtech.archunit.core.importer.JavaClassProcessor - Processing class 'com/uco/TrafficAgent/infrastructure/configuration/model/BeanServiceReport'
10:11:18.674 [Test worker] DEBUG com.tngtech.archunit.core.importer.JavaClassProcessor - Processing class 'com/uco/TrafficAgent/infrastructure/repository/report/controller/ConsultControllerReport'
10:11:18.676 [Test worker] DEBUG com.tngtech.archunit.core.importer.JavaClassProcessor - Processing class 'com/uco/TrafficAgent/infrastructure/service/token/ServiceValidateTokenJWT'
10:11:18.678 [Test worker] DEBUG com.tngtech.archunit.core.importer.JavaClassProcessor - Processing class 'com/uco/TrafficAgent/domain/service/contact/ServiceSaveContact'
10:11:18.687 [Test worker] DEBUG com.tngtech.archunit.core.importer.JavaClassProcessor - Processing class 'com/uco/TrafficAgent/application/service/report/comand/ServiceApplicationSaveReport'
10:11:18.689 [Test worker] DEBUG com.tngtech.archunit.core.importer.JavaClassProcessor - Processing class 'com/uco/TrafficAgent/application/mapper/report/impl/MapperApplicationReportImpl'
10:11:18.691 [Test worker] DEBUG com.tngtech.archunit.core.importer.JavaClassProcessor - Processing class 'com/uco/TrafficAgent/application/mapper/MapperApplicationObject'
10:11:18.694 [Test worker] DEBUG com.tngtech.archunit.core.importer.JavaClassProcessor - Processing class 'com/uco/TrafficAgent/infrastructure/aspect/exception/ExceptionUserUnauthorized'
10:11:18.696 [Test worker] DEBUG com.tngtech.archunit.core.importer.JavaClassProcessor - Processing class 'com/uco/TrafficAgent/infrastructure/aspect/LogExecutionTime'
10:11:18.698 [Test worker] DEBUG com.tngtech.archunit.core.importer.JavaClassProcessor - Processing class 'com/uco/TrafficAgent/infrastructure/repository/user/adapter/repository/RepositoryUserDB'
10:11:18.703 [Test worker] DEBUG com.tngtech.archunit.core.importer.JavaClassProcessor - Processing class 'com/uco/TrafficAgent/infrastructure/repository/report/adapter/repository/jpa/RepositoryReportJpa'
10:11:18.706 [Test worker] DEBUG com.tngtech.archunit.core.importer.JavaClassProcessor - Processing class 'com/uco/TrafficAgent/application/service/contact/comand/dto/DtoSaveContact'
10:11:18.709 [Test worker] DEBUG com.tngtech.archunit.core.importer.JavaClassProcessor - Processing class 'com/uco/TrafficAgent/domain/model/Contact'
10:11:18.711 [Test worker] DEBUG com.tngtech.archunit.core.importer.JavaClassProcessor - Processing class 'com/uco/TrafficAgent/domain/dto/DtoUserSummary'
10:11:18.714 [Test worker] DEBUG com.tngtech.archunit.core.importer.JavaClassProcessor - Processing class 'com/uco/TrafficAgent/domain/port/contact/RepositoryContact'
10:11:18.718 [Test worker] DEBUG com.tngtech.archunit.core.importer.JavaClassProcessor - Processing class 'com/uco/TrafficAgent/domain/validator/ValidatorAttributes'
10:11:18.720 [Test worker] DEBUG com.tngtech.archunit.core.importer.JavaClassProcessor - Processing class 'com/uco/TrafficAgent/infrastructure/repository/contact/adapter/entity/EntityContact'
10:11:18.723 [Test worker] DEBUG com.tngtech.archunit.core.importer.JavaClassProcessor - Processing class 'com/uco/TrafficAgent/domain/model/User'
10:11:18.725 [Test worker] DEBUG com.tngtech.archunit.core.importer.JavaClassProcessor - Processing class 'com/uco/TrafficAgent/infrastructure/configuration/general/ConfigurationRetry'
10:11:18.727 [Test worker] DEBUG com.tngtech.archunit.core.importer.JavaClassProcessor - Processing class 'com/uco/TrafficAgent/infrastructure/configuration/model/BeanServiceContact'
10:11:18.730 [Test worker] DEBUG com.tngtech.archunit.core.importer.JavaClassProcessor - Processing class 'com/uco/TrafficAgent/infrastructure/repository/report/controller/ComandControllerReport'
10:11:18.732 [Test worker] DEBUG com.tngtech.archunit.core.importer.JavaClassProcessor - Processing class 'com/uco/TrafficAgent/application/service/contact/comand/ServiceApplicationSaveContact'
10:11:18.739 [Test worker] DEBUG com.tngtech.archunit.core.importer.JavaClassProcessor - Processing class 'com/uco/TrafficAgent/domain/dto/DtoCurrentUser'
10:11:18.741 [Test worker] DEBUG com.tngtech.archunit.core.importer.JavaClassProcessor - Processing class 'com/uco/TrafficAgent/application/mapper/contact/impl/MapperApplicationContactImpl'
10:11:18.743 [Test worker] DEBUG com.tngtech.archunit.core.importer.JavaClassProcessor - Processing class 'com/uco/TrafficAgent/application/service/user/comand/dto/DtoSaveUser'
10:11:18.746 [Test worker] DEBUG com.tngtech.archunit.core.importer.JavaClassProcessor - Processing class 'com/uco/TrafficAgent/domain/service/user/ServiceDeleteUser'
10:11:18.748 [Test worker] DEBUG com.tngtech.archunit.core.importer.JavaClassProcessor - Processing class 'com/uco/TrafficAgent/infrastructure/service/token/ServiceGenerateTokenJWT'
10:11:18.750 [Test worker] DEBUG com.tngtech.archunit.core.importer.DependencyResolutionProcess - Automatically resolving transitive class dependencies with the following configuration:
import.dependencyResolutionProcess.maxIterationsForMemberTypes = 1
import.dependencyResolutionProcess.maxIterationsForAccessesToTypes = 1
import.dependencyResolutionProcess.maxIterationsForSupertypes = -1
import.dependencyResolutionProcess.maxIterationsForEnclosingTypes = -1
import.dependencyResolutionProcess.maxIterationsForAnnotationTypes = -1
import.dependencyResolutionProcess.maxIterationsForGenericSignatureTypes = -1
10:11:18.755 [Test worker] DEBUG com.tngtech.archunit.core.importer.JavaClassProcessor - Processing class 'org/springframework/data/repository/query/Param'
10:11:18.756 [Test worker] DEBUG com.tngtech.archunit.core.importer.JavaClassProcessor - Processing class 'io/jsonwebtoken/impl/TextCodec'
10:11:18.757 [Test worker] DEBUG com.tngtech.archunit.core.importer.JavaClassProcessor - Processing class 'org/springframework/web/bind/annotation/RequestParam'
10:11:18.759 [Test worker] DEBUG com.tngtech.archunit.core.importer.JavaClassProcessor - Processing class 'java/util/Arrays'
10:11:18.765 [Test worker] DEBUG com.tngtech.archunit.core.importer.JavaClassProcessor - Processing class 'java/lang/System'
10:11:18.767 [Test worker] DEBUG com.tngtech.archunit.core.importer.JavaClassProcessor - Processing class 'java/time/ZonedDateTime'
10:11:18.770 [Test worker] DEBUG com.tngtech.archunit.core.importer.JavaClassProcessor - Processing class 'org/springframework/beans/factory/annotation/Autowired'
10:11:18.772 [Test worker] DEBUG com.tngtech.archunit.core.importer.JavaClassProcessor - Processing class 'javax/crypto/spec/SecretKeySpec'
10:11:18.773 [Test worker] DEBUG com.tngtech.archunit.core.importer.JavaClassProcessor - Processing class 'java/lang/Record'
10:11:18.774 [Test worker] DEBUG com.tngtech.archunit.core.importer.JavaClassProcessor - Processing class 'java/lang/Integer'
10:11:18.778 [Test worker] DEBUG com.tngtech.archunit.core.importer.JavaClassProcessor - Processing class 'org/springframework/web/context/request/RequestContextHolder'
10:11:18.780 [Test worker] DEBUG com.tngtech.archunit.core.importer.JavaClassProcessor - Processing class 'java/lang/Long'
10:11:18.782 [Test worker] DEBUG com.tngtech.archunit.core.importer.JavaClassProcessor - Processing class 'java/time/Duration'
10:11:18.788 [Test worker] DEBUG com.tngtech.archunit.core.importer.JavaClassProcessor - Processing class 'io/jsonwebtoken/JwtBuilder'
10:11:18.790 [Test worker] DEBUG com.tngtech.archunit.core.importer.JavaClassProcessor - Processing class 'io/jsonwebtoken/SignatureAlgorithm'
10:11:18.792 [Test worker] DEBUG com.tngtech.archunit.core.importer.JavaClassProcessor - Processing class 'org/springframework/stereotype/Repository'
10:11:18.795 [Test worker] DEBUG com.tngtech.archunit.core.importer.JavaClassProcessor - Processing class 'com/auth0/jwt/interfaces/Claim'
10:11:18.797 [Test worker] DEBUG com.tngtech.archunit.core.importer.JavaClassProcessor - Processing class 'javax/persistence/Entity'
10:11:18.798 [Test worker] DEBUG com.tngtech.archunit.core.importer.JavaClassProcessor - Processing class 'org/springframework/web/bind/annotation/PostMapping'
10:11:18.800 [Test worker] DEBUG com.tngtech.archunit.core.importer.JavaClassProcessor - Processing class 'javax/persistence/ManyToOne'
10:11:18.801 [Test worker] DEBUG com.tngtech.archunit.core.importer.JavaClassProcessor - Processing class 'javax/persistence/CascadeType'
10:11:18.802 [Test worker] DEBUG com.tngtech.archunit.core.importer.JavaClassProcessor - Processing class 'org/springframework/web/bind/annotation/RestController'
10:11:18.803 [Test worker] DEBUG com.tngtech.archunit.core.importer.JavaClassProcessor - Processing class 'java/lang/String'
10:11:18.806 [Test worker] DEBUG com.tngtech.archunit.core.importer.JavaClassProcessor - Processing class 'org/aspectj/lang/annotation/Around'
10:11:18.806 [Test worker] DEBUG com.tngtech.archunit.core.importer.JavaClassProcessor - Processing class 'java/lang/Exception'
10:11:18.808 [Test worker] DEBUG com.tngtech.archunit.core.importer.JavaClassProcessor - Processing class 'java/time/ZoneId'
10:11:18.809 [Test worker] DEBUG com.tngtech.archunit.core.importer.JavaClassProcessor - Processing class 'java/util/stream/Stream'
10:11:18.812 [Test worker] DEBUG com.tngtech.archunit.core.importer.JavaClassProcessor - Processing class 'javax/persistence/GeneratedValue'
10:11:18.813 [Test worker] DEBUG com.tngtech.archunit.core.importer.JavaClassProcessor - Processing class 'java/lang/Throwable'
10:11:18.816 [Test worker] DEBUG com.tngtech.archunit.core.importer.JavaClassProcessor - Processing class 'org/springframework/data/jpa/repository/Query'
10:11:18.818 [Test worker] DEBUG com.tngtech.archunit.core.importer.JavaClassProcessor - Processing class 'com/auth0/jwt/JWT'
10:11:18.820 [Test worker] DEBUG com.tngtech.archunit.core.importer.JavaClassProcessor - Processing class 'com/auth0/jwt/interfaces/DecodedJWT'
10:11:18.821 [Test worker] DEBUG com.tngtech.archunit.core.importer.JavaClassProcessor - Processing class 'java/time/LocalDateTime'
10:11:18.823 [Test worker] DEBUG com.tngtech.archunit.core.importer.JavaClassProcessor - Processing class 'org/springframework/web/filter/OncePerRequestFilter'
10:11:18.827 [Test worker] DEBUG com.tngtech.archunit.core.importer.JavaClassProcessor - Processing class 'org/springframework/retry/annotation/EnableRetry'
10:11:18.829 [Test worker] DEBUG com.tngtech.archunit.core.importer.JavaClassProcessor - Processing class 'java/util/ArrayList'
10:11:18.832 [Test worker] DEBUG com.tngtech.archunit.core.importer.JavaClassProcessor - Processing class 'org/springframework/web/bind/annotation/RequestBody'
10:11:18.834 [Test worker] DEBUG com.tngtech.archunit.core.importer.JavaClassProcessor - Processing class 'javax/servlet/http/HttpServletRequest'
10:11:18.836 [Test worker] DEBUG com.tngtech.archunit.core.importer.JavaClassProcessor - Processing class 'javax/persistence/Table'
10:11:18.838 [Test worker] DEBUG com.tngtech.archunit.core.importer.JavaClassProcessor - Processing class 'org/springframework/web/bind/annotation/ExceptionHandler'
10:11:18.839 [Test worker] DEBUG com.tngtech.archunit.core.importer.JavaClassProcessor - Processing class 'org/springframework/web/bind/annotation/ControllerAdvice'
10:11:18.841 [Test worker] DEBUG com.tngtech.archunit.core.importer.JavaClassProcessor - Processing class 'org/springframework/boot/autoconfigure/SpringBootApplication'
10:11:18.843 [Test worker] DEBUG com.tngtech.archunit.core.importer.JavaClassProcessor - Processing class 'javax/persistence/OneToMany'
10:11:18.844 [Test worker] DEBUG com.tngtech.archunit.core.importer.JavaClassProcessor - Processing class 'java/lang/annotation/Target'
10:11:18.845 [Test worker] DEBUG com.tngtech.archunit.core.importer.JavaClassProcessor - Processing class 'java/io/IOException'
10:11:18.846 [Test worker] DEBUG com.tngtech.archunit.core.importer.JavaClassProcessor - Processing class 'java/lang/RuntimeException'
10:11:18.848 [Test worker] DEBUG com.tngtech.archunit.core.importer.JavaClassProcessor - Processing class 'org/springframework/boot/web/client/RestTemplateBuilder'
10:11:18.850 [Test worker] DEBUG com.tngtech.archunit.core.importer.JavaClassProcessor - Processing class 'org/springframework/http/HttpStatus'
10:11:18.853 [Test worker] DEBUG com.tngtech.archunit.core.importer.JavaClassProcessor - Processing class 'javax/persistence/FetchType'
10:11:18.853 [Test worker] DEBUG com.tngtech.archunit.core.importer.JavaClassProcessor - Processing class 'java/lang/IllegalStateException'
10:11:18.855 [Test worker] DEBUG com.tngtech.archunit.core.importer.JavaClassProcessor - Processing class 'org/springframework/web/bind/annotation/PathVariable'
10:11:18.857 [Test worker] DEBUG com.tngtech.archunit.core.importer.JavaClassProcessor - Processing class 'io/jsonwebtoken/impl/crypto/DefaultJwtSignatureValidator'
10:11:18.858 [Test worker] DEBUG com.tngtech.archunit.core.importer.JavaClassProcessor - Processing class 'javax/servlet/FilterChain'
10:11:18.859 [Test worker] DEBUG com.tngtech.archunit.core.importer.JavaClassProcessor - Processing class 'org/springframework/boot/web/servlet/FilterRegistrationBean'
10:11:18.861 [Test worker] DEBUG com.tngtech.archunit.core.importer.JavaClassProcessor - Processing class 'javax/servlet/ServletException'
10:11:18.862 [Test worker] DEBUG com.tngtech.archunit.core.importer.JavaClassProcessor - Processing class 'java/util/Date'
10:11:18.864 [Test worker] DEBUG com.tngtech.archunit.core.importer.JavaClassProcessor - Processing class 'org/slf4j/LoggerFactory'
10:11:18.890 [Test worker] DEBUG com.tngtech.archunit.core.importer.JavaClassProcessor - Processing class 'org/springframework/boot/SpringApplication'
10:11:18.892 [Test worker] DEBUG com.tngtech.archunit.core.importer.JavaClassProcessor - Processing class 'org/springframework/web/bind/annotation/PutMapping'
10:11:18.893 [Test worker] DEBUG com.tngtech.archunit.core.importer.JavaClassProcessor - Processing class 'org/aspectj/lang/annotation/Aspect'
10:11:18.894 [Test worker] DEBUG com.tngtech.archunit.core.importer.JavaClassProcessor - Processing class 'org/springframework/web/bind/annotation/DeleteMapping'
10:11:18.895 [Test worker] DEBUG com.tngtech.archunit.core.importer.JavaClassProcessor - Processing class 'java/lang/reflect/Method'
10:11:18.896 [Test worker] DEBUG com.tngtech.archunit.core.importer.JavaClassProcessor - Processing class 'org/springframework/web/client/RestTemplate'
10:11:18.898 [Test worker] DEBUG com.tngtech.archunit.core.importer.JavaClassProcessor - Processing class 'java/util/concurrent/ConcurrentHashMap'
10:11:18.901 [Test worker] DEBUG com.tngtech.archunit.core.importer.JavaClassProcessor - Processing class 'java/util/UUID'
10:11:18.901 [Test worker] DEBUG com.tngtech.archunit.core.importer.JavaClassProcessor - Processing class 'java/util/stream/Collectors'
10:11:18.904 [Test worker] DEBUG com.tngtech.archunit.core.importer.JavaClassProcessor - Processing class 'org/springframework/context/annotation/Configuration'
10:11:18.905 [Test worker] DEBUG com.tngtech.archunit.core.importer.JavaClassProcessor - Processing class 'javax/persistence/GenerationType'
10:11:18.906 [Test worker] DEBUG com.tngtech.archunit.core.importer.JavaClassProcessor - Processing class 'javax/persistence/Column'
10:11:18.906 [Test worker] DEBUG com.tngtech.archunit.core.importer.JavaClassProcessor - Processing class 'java/util/List'
10:11:18.907 [Test worker] DEBUG com.tngtech.archunit.core.importer.JavaClassProcessor - Processing class 'io/jsonwebtoken/Jwts'
10:11:18.908 [Test worker] DEBUG com.tngtech.archunit.core.importer.JavaClassProcessor - Processing class 'org/springframework/core/env/Environment'
10:11:18.908 [Test worker] DEBUG com.tngtech.archunit.core.importer.JavaClassProcessor - Processing class 'java/lang/annotation/Annotation'
10:11:18.908 [Test worker] DEBUG com.tngtech.archunit.core.importer.JavaClassProcessor - Processing class 'java/util/Optional'
10:11:18.909 [Test worker] DEBUG com.tngtech.archunit.core.importer.JavaClassProcessor - Processing class 'org/springframework/data/jpa/repository/JpaRepository'
10:11:18.910 [Test worker] DEBUG com.tngtech.archunit.core.importer.JavaClassProcessor - Processing class 'org/springframework/web/bind/annotation/RequestMapping'
10:11:18.911 [Test worker] DEBUG com.tngtech.archunit.core.importer.JavaClassProcessor - Processing class 'java/lang/annotation/Retention'
10:11:18.911 [Test worker] DEBUG com.tngtech.archunit.core.importer.JavaClassProcessor - Processing class 'org/springframework/web/bind/annotation/GetMapping'
10:11:18.912 [Test worker] DEBUG com.tngtech.archunit.core.importer.JavaClassProcessor - Processing class 'org/springframework/web/bind/annotation/ResponseStatus'
10:11:18.913 [Test worker] DEBUG com.tngtech.archunit.core.importer.JavaClassProcessor - Processing class 'org/aspectj/lang/JoinPoint'
10:11:18.914 [Test worker] DEBUG com.tngtech.archunit.core.importer.JavaClassProcessor - Processing class 'javax/persistence/Id'
10:11:18.915 [Test worker] DEBUG com.tngtech.archunit.core.importer.JavaClassProcessor - Processing class 'org/slf4j/Logger'
10:11:18.915 [Test worker] DEBUG com.tngtech.archunit.core.importer.JavaClassProcessor - Processing class 'java/util/Iterator'
10:11:18.916 [Test worker] DEBUG com.tngtech.archunit.core.importer.JavaClassProcessor - Processing class 'javax/persistence/JoinColumn'
10:11:18.917 [Test worker] DEBUG com.tngtech.archunit.core.importer.JavaClassProcessor - Processing class 'javax/servlet/http/HttpServletResponse'
10:11:18.918 [Test worker] DEBUG com.tngtech.archunit.core.importer.JavaClassProcessor - Processing class 'org/springframework/web/context/request/ServletRequestAttributes'
10:11:18.919 [Test worker] DEBUG com.tngtech.archunit.core.importer.JavaClassProcessor - Processing class 'java/lang/IllegalArgumentException'
10:11:18.919 [Test worker] DEBUG com.tngtech.archunit.core.importer.JavaClassProcessor - Processing class 'java/lang/annotation/ElementType'
10:11:18.920 [Test worker] DEBUG com.tngtech.archunit.core.importer.JavaClassProcessor - Processing class 'org/springframework/stereotype/Component'
10:11:18.921 [Test worker] DEBUG com.tngtech.archunit.core.importer.JavaClassProcessor - Processing class 'org/aspectj/lang/annotation/Before'
10:11:18.926 [Test worker] DEBUG com.tngtech.archunit.core.importer.JavaClassProcessor - Processing class 'java/lang/Object'
10:11:18.927 [Test worker] DEBUG com.tngtech.archunit.core.importer.JavaClassProcessor - Processing class 'java/lang/Class'
10:11:18.931 [Test worker] DEBUG com.tngtech.archunit.core.importer.JavaClassProcessor - Processing class 'org/springframework/http/ResponseEntity'
10:11:18.932 [Test worker] DEBUG com.tngtech.archunit.core.importer.JavaClassProcessor - Processing class 'org/aspectj/lang/reflect/MethodSignature'
10:11:18.933 [Test worker] DEBUG com.tngtech.archunit.core.importer.JavaClassProcessor - Processing class 'org/springframework/context/annotation/Bean'
10:11:18.934 [Test worker] DEBUG com.tngtech.archunit.core.importer.JavaClassProcessor - Processing class 'org/apache/commons/codec/digest/DigestUtils'
10:11:18.939 [Test worker] DEBUG com.tngtech.archunit.core.importer.JavaClassProcessor - Processing class 'java/util/Comparator'
10:11:18.941 [Test worker] DEBUG com.tngtech.archunit.core.importer.JavaClassProcessor - Processing class 'org/aspectj/lang/ProceedingJoinPoint'
10:11:18.942 [Test worker] DEBUG com.tngtech.archunit.core.importer.JavaClassProcessor - Processing class 'java/lang/annotation/RetentionPolicy'
10:11:18.943 [Test worker] DEBUG com.tngtech.archunit.core.importer.JavaClassProcessor - Processing class 'java/lang/annotation/Inherited'
10:11:18.945 [Test worker] DEBUG com.tngtech.archunit.core.importer.JavaClassProcessor - Processing class 'java/util/DoubleSummaryStatistics'
10:11:18.946 [Test worker] DEBUG com.tngtech.archunit.core.importer.JavaClassProcessor - Processing class 'java/util/function/DoubleConsumer'
10:11:18.947 [Test worker] DEBUG com.tngtech.archunit.core.importer.JavaClassProcessor - Processing class 'java/security/spec/KeySpec'
10:11:18.949 [Test worker] DEBUG com.tngtech.archunit.core.importer.JavaClassProcessor - Processing class 'javax/persistence/ConstraintMode'
10:11:18.950 [Test worker] DEBUG com.tngtech.archunit.core.importer.JavaClassProcessor - Processing class 'org/springframework/core/env/PropertyResolver'
10:11:18.952 [Test worker] DEBUG com.tngtech.archunit.core.importer.JavaClassProcessor - Processing class 'org/springframework/web/filter/GenericFilterBean'
10:11:18.954 [Test worker] DEBUG com.tngtech.archunit.core.importer.JavaClassProcessor - Processing class 'java/util/Map'
10:11:18.956 [Test worker] DEBUG com.tngtech.archunit.core.importer.JavaClassProcessor - Processing class 'java/lang/reflect/Executable'
10:11:18.959 [Test worker] DEBUG com.tngtech.archunit.core.importer.JavaClassProcessor - Processing class 'javax/servlet/Filter'
10:11:18.959 [Test worker] DEBUG com.tngtech.archunit.core.importer.JavaClassProcessor - Processing class 'java/lang/CharSequence'
10:11:18.961 [Test worker] DEBUG com.tngtech.archunit.core.importer.JavaClassProcessor - Processing class 'org/springframework/data/repository/PagingAndSortingRepository'
10:11:18.962 [Test worker] DEBUG com.tngtech.archunit.core.importer.JavaClassProcessor - Processing class 'java/time/chrono/ChronoLocalDateTime'
10:11:18.965 [Test worker] DEBUG com.tngtech.archunit.core.importer.JavaClassProcessor - Processing class 'java/util/Set'
10:11:18.966 [Test worker] DEBUG com.tngtech.archunit.core.importer.JavaClassProcessor - Processing class 'java/io/Serializable'
10:11:18.968 [Test worker] DEBUG com.tngtech.archunit.core.importer.JavaClassProcessor - Processing class 'org/springframework/http/client/ClientHttpRequestInterceptor'
10:11:18.969 [Test worker] DEBUG com.tngtech.archunit.core.importer.JavaClassProcessor - Processing class 'org/springframework/beans/factory/support/BeanNameGenerator'
10:11:18.969 [Test worker] DEBUG com.tngtech.archunit.core.importer.JavaClassProcessor - Processing class 'jdk/internal/ValueBased'
10:11:18.969 [Test worker] DEBUG com.tngtech.archunit.core.importer.JavaClassProcessor - Processing class 'javax/crypto/SecretKey'
10:11:18.971 [Test worker] DEBUG com.tngtech.archunit.core.importer.JavaClassProcessor - Processing class 'org/springframework/http/client/support/InterceptingHttpAccessor'
10:11:18.972 [Test worker] DEBUG com.tngtech.archunit.core.importer.JavaClassProcessor - Processing class 'java/lang/reflect/AnnotatedElement'
10:11:18.973 [Test worker] DEBUG com.tngtech.archunit.core.importer.JavaClassProcessor - Processing class 'java/lang/Double'
10:11:18.974 [Test worker] DEBUG com.tngtech.archunit.core.importer.JavaClassProcessor - Processing class 'org/springframework/http/client/ClientHttpRequestFactory'
10:11:18.975 [Test worker] DEBUG com.tngtech.archunit.core.importer.JavaClassProcessor - Processing class 'org/springframework/boot/web/client/RestTemplateCustomizer'
10:11:18.976 [Test worker] DEBUG com.tngtech.archunit.core.importer.JavaClassProcessor - Processing class 'java/lang/invoke/TypeDescriptor$OfField'
10:11:18.987 [Test worker] DEBUG com.tngtech.archunit.core.importer.JavaClassProcessor - Processing class 'org/springframework/boot/context/TypeExcludeFilter'
10:11:18.989 [Test worker] DEBUG com.tngtech.archunit.core.importer.JavaClassProcessor - Processing class 'org/springframework/boot/web/servlet/AbstractFilterRegistrationBean'
10:11:18.992 [Test worker] DEBUG com.tngtech.archunit.core.importer.JavaClassProcessor - Processing class 'org/springframework/data/repository/NoRepositoryBean'
10:11:18.993 [Test worker] DEBUG com.tngtech.archunit.core.importer.JavaClassProcessor - Processing class 'java/util/RandomAccess'
10:11:18.995 [Test worker] DEBUG com.tngtech.archunit.core.importer.JavaClassProcessor - Processing class 'org/springframework/boot/BootstrapRegistryInitializer'
10:11:18.996 [Test worker] DEBUG com.tngtech.archunit.core.importer.JavaClassProcessor - Processing class 'java/time/temporal/TemporalAmount'
10:11:18.998 [Test worker] DEBUG com.tngtech.archunit.core.importer.JavaClassProcessor - Processing class 'org/springframework/lang/Nullable'
10:11:19.000 [Test worker] DEBUG com.tngtech.archunit.core.importer.JavaClassProcessor - Processing class 'org/springframework/stereotype/Indexed'
10:11:19.002 [Test worker] DEBUG com.tngtech.archunit.core.importer.JavaClassProcessor - Processing class 'java/lang/Number'
10:11:19.003 [Test worker] DEBUG com.tngtech.archunit.core.importer.JavaClassProcessor - Processing class 'java/lang/SafeVarargs'
10:11:19.004 [Test worker] DEBUG com.tngtech.archunit.core.importer.JavaClassProcessor - Processing class 'java/util/Map$Entry'
10:11:19.005 [Test worker] DEBUG com.tngtech.archunit.core.importer.JavaClassProcessor - Processing class 'jdk/internal/vm/annotation/IntrinsicCandidate'
10:11:19.005 [Test worker] DEBUG com.tngtech.archunit.core.importer.JavaClassProcessor - Processing class 'java/util/stream/LongStream'
10:11:19.007 [Test worker] DEBUG com.tngtech.archunit.core.importer.JavaClassProcessor - Processing class 'org/springframework/boot/autoconfigure/EnableAutoConfiguration'
10:11:19.009 [Test worker] DEBUG com.tngtech.archunit.core.importer.JavaClassProcessor - Processing class 'java/lang/Deprecated'
10:11:19.010 [Test worker] DEBUG com.tngtech.archunit.core.importer.JavaClassProcessor - Processing class 'org/springframework/http/HttpMethod'
10:11:19.012 [Test worker] DEBUG com.tngtech.archunit.core.importer.JavaClassProcessor - Processing class 'org/springframework/context/annotation/Import'
10:11:19.013 [Test worker] DEBUG com.tngtech.archunit.core.importer.JavaClassProcessor - Processing class 'javax/persistence/JoinColumns'
10:11:19.014 [Test worker] DEBUG com.tngtech.archunit.core.importer.JavaClassProcessor - Processing class 'org/springframework/web/client/RestOperations'
10:11:19.016 [Test worker] DEBUG com.tngtech.archunit.core.importer.JavaClassProcessor - Processing class 'java/lang/reflect/Field'
10:11:19.018 [Test worker] DEBUG com.tngtech.archunit.core.importer.JavaClassProcessor - Processing class 'com/auth0/jwt/interfaces/Header'
10:11:19.018 [Test worker] DEBUG com.tngtech.archunit.core.importer.JavaClassProcessor - Processing class 'org/springframework/context/annotation/ComponentScan'
10:11:19.020 [Test worker] DEBUG com.tngtech.archunit.core.importer.JavaClassProcessor - Processing class 'java/util/stream/Collector$Characteristics'
10:11:19.021 [Test worker] DEBUG com.tngtech.archunit.core.importer.JavaClassProcessor - Processing class 'java/lang/constant/Constable'
10:11:19.024 [Test worker] DEBUG com.tngtech.archunit.core.importer.JavaClassProcessor - Processing class 'java/time/chrono/ChronoZonedDateTime'
10:11:19.027 [Test worker] DEBUG com.tngtech.archunit.core.importer.JavaClassProcessor - Processing class 'org/springframework/boot/SpringBootConfiguration'
10:11:19.028 [Test worker] DEBUG com.tngtech.archunit.core.importer.JavaClassProcessor - Processing class 'java/lang/Comparable'
10:11:19.029 [Test worker] DEBUG com.tngtech.archunit.core.importer.JavaClassProcessor - Processing class 'java/time/temporal/TemporalAdjuster'
10:11:19.030 [Test worker] DEBUG com.tngtech.archunit.core.importer.JavaClassProcessor - Processing class 'java/net/URL'
10:11:19.032 [Test worker] DEBUG com.tngtech.archunit.core.importer.JavaClassProcessor - Processing class 'java/util/function/IntConsumer'
10:11:19.033 [Test worker] DEBUG com.tngtech.archunit.core.importer.JavaClassProcessor - Processing class 'java/util/AbstractList'
10:11:19.036 [Test worker] DEBUG com.tngtech.archunit.core.importer.JavaClassProcessor - Processing class 'org/springframework/data/annotation/QueryAnnotation'
10:11:19.040 [Test worker] DEBUG com.tngtech.archunit.core.importer.JavaClassProcessor - Processing class 'org/springframework/context/annotation/ComponentScan$Filter'
10:11:19.042 [Test worker] DEBUG com.tngtech.archunit.core.importer.JavaClassProcessor - Processing class 'java/lang/Enum'
10:11:19.043 [Test worker] DEBUG com.tngtech.archunit.core.importer.JavaClassProcessor - Processing class 'io/jsonwebtoken/impl/crypto/JwtSignatureValidator'
10:11:19.044 [Test worker] DEBUG com.tngtech.archunit.core.importer.JavaClassProcessor - Processing class 'org/springframework/web/context/request/RequestAttributes'
10:11:19.045 [Test worker] DEBUG com.tngtech.archunit.core.importer.JavaClassProcessor - Processing class 'java/lang/annotation/Documented'
10:11:19.046 [Test worker] DEBUG com.tngtech.archunit.core.importer.JavaClassProcessor - Processing class 'org/springframework/boot/web/client/RestTemplateRequestCustomizer'
10:11:19.047 [Test worker] DEBUG com.tngtech.archunit.core.importer.JavaClassProcessor - Processing class 'java/lang/Cloneable'
10:11:19.048 [Test worker] DEBUG com.tngtech.archunit.core.importer.JavaClassProcessor - Processing class 'jdk/internal/vm/annotation/ForceInline'
10:11:19.049 [Test worker] DEBUG com.tngtech.archunit.core.importer.JavaClassProcessor - Processing class 'org/springframework/http/HttpHeaders'
10:11:19.054 [Test worker] DEBUG com.tngtech.archunit.core.importer.JavaClassProcessor - Processing class 'javax/persistence/ForeignKey'
10:11:19.055 [Test worker] DEBUG com.tngtech.archunit.core.importer.JavaClassProcessor - Processing class 'java/util/Collection'
10:11:19.056 [Test worker] DEBUG com.tngtech.archunit.core.importer.JavaClassProcessor - Processing class 'org/springframework/web/bind/annotation/RequestMethod'
10:11:19.057 [Test worker] DEBUG com.tngtech.archunit.core.importer.JavaClassProcessor - Processing class 'org/springframework/context/ApplicationListener'
10:11:19.067 [Test worker] DEBUG com.tngtech.archunit.core.importer.JavaClassProcessor - Processing class 'org/springframework/beans/factory/annotation/Autowire'
10:11:19.068 [Test worker] DEBUG com.tngtech.archunit.core.importer.JavaClassProcessor - Processing class 'java/util/stream/DoubleStream'
10:11:19.070 [Test worker] DEBUG com.tngtech.archunit.core.importer.JavaClassProcessor - Processing class 'org/springframework/http/HttpEntity'
10:11:19.072 [Test worker] DEBUG com.tngtech.archunit.core.importer.JavaClassProcessor - Processing class 'java/lang/Class$ReflectionData'
10:11:19.074 [Test worker] DEBUG com.tngtech.archunit.core.importer.JavaClassProcessor - Processing class 'javax/servlet/ServletResponse'
10:11:19.075 [Test worker] DEBUG com.tngtech.archunit.core.importer.JavaClassProcessor - Processing class 'java/lang/reflect/Type'
10:11:19.081 [Test worker] DEBUG com.tngtech.archunit.core.importer.JavaClassProcessor - Processing class 'jdk/internal/reflect/CallerSensitive'
10:11:19.091 [Test worker] DEBUG com.tngtech.archunit.core.importer.JavaClassProcessor - Processing class 'org/springframework/http/converter/HttpMessageConverter'
10:11:19.093 [Test worker] DEBUG com.tngtech.archunit.core.importer.JavaClassProcessor - Processing class 'java/time/LocalDate'
10:11:19.096 [Test worker] DEBUG com.tngtech.archunit.core.importer.JavaClassProcessor - Processing class 'org/springframework/boot/SpringBootExceptionReporter'
10:11:19.098 [Test worker] DEBUG com.tngtech.archunit.core.importer.JavaClassProcessor - Processing class 'java/time/temporal/Temporal'
10:11:19.098 [Test worker] DEBUG com.tngtech.archunit.core.importer.JavaClassProcessor - Processing class 'java/util/stream/IntStream'
10:11:19.100 [Test worker] DEBUG com.tngtech.archunit.core.importer.JavaClassProcessor - Processing class 'org/springframework/context/annotation/EnableAspectJAutoProxy'
10:11:19.101 [Test worker] DEBUG com.tngtech.archunit.core.importer.JavaClassProcessor - Processing class 'java/time/temporal/TemporalUnit'
10:11:19.102 [Test worker] DEBUG com.tngtech.archunit.core.importer.JavaClassProcessor - Processing class 'org/springframework/boot/autoconfigure/AutoConfigurationExcludeFilter'
10:11:19.104 [Test worker] DEBUG com.tngtech.archunit.core.importer.JavaClassProcessor - Processing class 'org/springframework/stereotype/Controller'
10:11:19.105 [Test worker] DEBUG com.tngtech.archunit.core.importer.JavaClassProcessor - Processing class 'org/springframework/web/context/request/AbstractRequestAttributes'
10:11:19.106 [Test worker] DEBUG com.tngtech.archunit.core.importer.JavaClassProcessor - Processing class 'org/springframework/retry/annotation/RetryConfiguration'
10:11:19.107 [Test worker] DEBUG com.tngtech.archunit.core.importer.JavaClassProcessor - Processing class 'java/util/concurrent/ConcurrentMap'
10:11:19.109 [Test worker] DEBUG com.tngtech.archunit.core.importer.JavaClassProcessor - Processing class 'javax/servlet/http/HttpUpgradeHandler'
10:11:19.109 [Test worker] DEBUG com.tngtech.archunit.core.importer.JavaClassProcessor - Processing class 'java/lang/FunctionalInterface'
10:11:19.110 [Test worker] DEBUG com.tngtech.archunit.core.importer.JavaClassProcessor - Processing class 'java/lang/constant/ConstantDesc'
10:11:19.111 [Test worker] DEBUG com.tngtech.archunit.core.importer.JavaClassProcessor - Processing class 'java/lang/annotation/Repeatable'
10:11:19.111 [Test worker] DEBUG com.tngtech.archunit.core.importer.JavaClassProcessor - Processing class 'java/lang/Boolean'
10:11:19.113 [Test worker] DEBUG com.tngtech.archunit.core.importer.JavaClassProcessor - Processing class 'org/aspectj/lang/reflect/CodeSignature'
10:11:19.115 [Test worker] DEBUG com.tngtech.archunit.core.importer.JavaClassProcessor - Processing class 'org/springframework/context/annotation/FilterType'
10:11:19.117 [Test worker] DEBUG com.tngtech.archunit.core.importer.JavaClassProcessor - Processing class 'java/util/LongSummaryStatistics'
10:11:19.118 [Test worker] DEBUG com.tngtech.archunit.core.importer.JavaClassProcessor - Processing class 'java/lang/reflect/GenericDeclaration'
10:11:19.119 [Test worker] DEBUG com.tngtech.archunit.core.importer.JavaClassProcessor - Processing class 'org/springframework/core/annotation/AliasFor'
10:11:19.122 [Test worker] DEBUG com.tngtech.archunit.core.importer.JavaClassProcessor - Processing class 'javax/servlet/ServletRequest'
10:11:19.124 [Test worker] DEBUG com.tngtech.archunit.core.importer.JavaClassProcessor - Processing class 'jdk/internal/vm/annotation/Stable'
10:11:19.126 [Test worker] DEBUG com.tngtech.archunit.core.importer.JavaClassProcessor - Processing class 'org/springframework/core/env/StandardEnvironment'
10:11:19.128 [Test worker] DEBUG com.tngtech.archunit.core.importer.JavaClassProcessor - Processing class 'org/springframework/web/bind/annotation/ResponseBody'
10:11:19.129 [Test worker] DEBUG com.tngtech.archunit.core.importer.JavaClassProcessor - Processing class 'java/util/function/LongConsumer'
10:11:19.130 [Test worker] DEBUG com.tngtech.archunit.core.importer.JavaClassProcessor - Processing class 'java/util/function/Consumer'
10:11:19.132 [Test worker] DEBUG com.tngtech.archunit.core.importer.JavaClassProcessor - Processing class 'io/jsonwebtoken/ClaimsMutator'
10:11:19.134 [Test worker] DEBUG com.tngtech.archunit.core.importer.JavaClassProcessor - Processing class 'org/springframework/data/repository/query/QueryByExampleExecutor'
10:11:19.136 [Test worker] DEBUG com.tngtech.archunit.core.importer.JavaClassProcessor - Processing class 'java/util/AbstractMap'
10:11:19.138 [Test worker] DEBUG com.tngtech.archunit.core.importer.JavaClassProcessor - Processing class 'javax/servlet/http/Part'
10:11:19.139 [Test worker] DEBUG com.tngtech.archunit.core.importer.JavaClassProcessor - Processing class 'java/lang/constant/ClassDesc'
10:11:19.142 [Test worker] DEBUG com.tngtech.archunit.core.importer.JavaClassProcessor - Processing class 'java/util/stream/BaseStream'
10:11:19.143 [Test worker] DEBUG com.tngtech.archunit.core.importer.JavaClassProcessor - Processing class 'java/util/IntSummaryStatistics'
10:11:19.145 [Test worker] DEBUG com.tngtech.archunit.core.importer.JavaClassProcessor - Processing class 'com/auth0/jwt/interfaces/Payload'
10:11:19.147 [Test worker] DEBUG com.tngtech.archunit.core.importer.JavaClassProcessor - Processing class 'org/springframework/context/ApplicationContextInitializer'
10:11:19.149 [Test worker] DEBUG com.tngtech.archunit.core.importer.JavaClassProcessor - Processing class 'org/springframework/web/bind/annotation/Mapping'
10:11:19.150 [Test worker] DEBUG com.tngtech.archunit.core.importer.JavaClassProcessor - Processing class 'org/springframework/data/repository/query/FluentQuery$FetchableFluentQuery'
10:11:19.151 [Test worker] DEBUG com.tngtech.archunit.core.importer.JavaClassProcessor - Processing class 'java/lang/Enum$EnumDesc'
10:11:19.152 [Test worker] DEBUG com.tngtech.archunit.core.importer.JavaClassProcessor - Processing class 'java/util/stream/Collector'
10:11:19.153 [Test worker] DEBUG com.tngtech.archunit.core.importer.JavaClassProcessor - Processing class 'java/lang/invoke/TypeDescriptor'
10:11:19.154 [Test worker] DEBUG com.tngtech.archunit.core.importer.JavaClassProcessor - Processing class 'org/springframework/context/PayloadApplicationEvent'
10:11:19.156 [Test worker] DEBUG com.tngtech.archunit.core.importer.JavaClassProcessor - Processing class 'org/springframework/boot/autoconfigure/AutoConfigurationImportSelector'
10:11:19.158 [Test worker] DEBUG com.tngtech.archunit.core.importer.JavaClassProcessor - Processing class 'org/springframework/aop/IntroductionAdvisor'
10:11:19.159 [Test worker] DEBUG com.tngtech.archunit.core.importer.JavaClassProcessor - Processing class 'java/lang/reflect/Member'
10:11:19.161 [Test worker] DEBUG com.tngtech.archunit.core.importer.JavaClassProcessor - Processing class 'java/util/EventListener'
10:11:19.162 [Test worker] DEBUG com.tngtech.archunit.core.importer.JavaClassProcessor - Processing class 'org/springframework/context/annotation/Role'
10:11:19.164 [Test worker] DEBUG com.tngtech.archunit.core.importer.JavaClassProcessor - Processing class 'org/springframework/beans/factory/DisposableBean'
10:11:19.165 [Test worker] DEBUG com.tngtech.archunit.core.importer.JavaClassProcessor - Processing class 'org/springframework/boot/autoconfigure/AutoConfigurationPackage'
10:11:19.165 [Test worker] DEBUG com.tngtech.archunit.core.importer.JavaClassProcessor - Processing class 'java/time/temporal/TemporalAccessor'
10:11:19.166 [Test worker] DEBUG com.tngtech.archunit.core.importer.JavaClassProcessor - Processing class 'org/springframework/http/client/ClientHttpRequest'
10:11:19.168 [Test worker] DEBUG com.tngtech.archunit.core.importer.JavaClassProcessor - Processing class 'org/springframework/beans/factory/BeanFactoryAware'
10:11:19.175 [Test worker] DEBUG com.tngtech.archunit.core.importer.JavaClassProcessor - Processing class 'org/springframework/core/env/EnvironmentCapable'
10:11:19.178 [Test worker] DEBUG com.tngtech.archunit.core.importer.JavaClassProcessor - Processing class 'org/springframework/boot/web/servlet/DynamicRegistrationBean'
10:11:19.179 [Test worker] DEBUG com.tngtech.archunit.core.importer.JavaClassProcessor - Processing class 'java/net/spi/URLStreamHandlerProvider'
10:11:19.180 [Test worker] DEBUG com.tngtech.archunit.core.importer.JavaClassProcessor - Processing class 'org/springframework/util/MultiValueMap'
10:11:19.182 [Test worker] DEBUG com.tngtech.archunit.core.importer.JavaClassProcessor - Processing class 'org/springframework/context/ApplicationEvent'
10:11:19.184 [Test worker] DEBUG com.tngtech.archunit.core.importer.JavaClassProcessor - Processing class 'javax/servlet/FilterRegistration$Dynamic'
10:11:19.185 [Test worker] DEBUG com.tngtech.archunit.core.importer.JavaClassProcessor - Processing class 'org/springframework/web/context/ServletContextAware'
10:11:19.186 [Test worker] DEBUG com.tngtech.archunit.core.importer.JavaClassProcessor - Processing class 'org/springframework/core/type/filter/TypeFilter'
10:11:19.188 [Test worker] DEBUG com.tngtech.archunit.core.importer.JavaClassProcessor - Processing class 'java/lang/Runnable'
10:11:19.188 [Test worker] DEBUG com.tngtech.archunit.core.importer.JavaClassProcessor - Processing class 'java/lang/AutoCloseable'
10:11:19.189 [Test worker] DEBUG com.tngtech.archunit.core.importer.JavaClassProcessor - Processing class 'java/util/AbstractCollection'
10:11:19.190 [Test worker] DEBUG com.tngtech.archunit.core.importer.JavaClassProcessor - Processing class 'java/util/Locale'
10:11:19.192 [Test worker] DEBUG com.tngtech.archunit.core.importer.JavaClassProcessor - Processing class 'org/springframework/context/ConfigurableApplicationContext'
10:11:19.192 [Test worker] DEBUG com.tngtech.archunit.core.importer.JavaClassProcessor - Processing class 'javax/security/auth/Destroyable'
10:11:19.193 [Test worker] DEBUG com.tngtech.archunit.core.importer.JavaClassProcessor - Processing class 'org/springframework/http/MediaType'
10:11:19.194 [Test worker] DEBUG com.tngtech.archunit.core.importer.JavaClassProcessor - Processing class 'java/util/Locale$LanguageRange'
10:11:19.196 [Test worker] DEBUG com.tngtech.archunit.core.importer.JavaClassProcessor - Processing class 'org/springframework/aop/support/AbstractPointcutAdvisor'
10:11:19.196 [Test worker] DEBUG com.tngtech.archunit.core.importer.JavaClassProcessor - Processing class 'java/security/Key'
10:11:19.197 [Test worker] DEBUG com.tngtech.archunit.core.importer.JavaClassProcessor - Processing class 'java/lang/constant/DynamicConstantDesc'
10:11:19.199 [Test worker] DEBUG com.tngtech.archunit.core.importer.JavaClassProcessor - Processing class 'java/net/URLStreamHandler'
10:11:19.200 [Test worker] DEBUG com.tngtech.archunit.core.importer.JavaClassProcessor - Processing class 'org/springframework/http/client/support/HttpAccessor'
10:11:19.203 [Test worker] DEBUG com.tngtech.archunit.core.importer.JavaClassProcessor - Processing class 'org/springframework/context/annotation/AnnotationScopeMetadataResolver'
10:11:19.205 [Test worker] DEBUG com.tngtech.archunit.core.importer.JavaClassProcessor - Processing class 'org/springframework/beans/factory/BeanClassLoaderAware'
10:11:19.211 [Test worker] DEBUG com.tngtech.archunit.core.importer.JavaClassProcessor - Processing class 'org/aspectj/lang/reflect/MemberSignature'
10:11:19.241 [Test worker] DEBUG com.tngtech.archunit.core.importer.JavaClassProcessor - Processing class 'org/springframework/context/annotation/AspectJAutoProxyRegistrar'
10:11:19.242 [Test worker] DEBUG com.tngtech.archunit.core.importer.JavaClassProcessor - Processing class 'org/springframework/data/repository/CrudRepository'
10:11:19.244 [Test worker] DEBUG com.tngtech.archunit.core.importer.JavaClassProcessor - Processing class 'org/springframework/beans/factory/InitializingBean'
10:11:19.245 [Test worker] DEBUG com.tngtech.archunit.core.importer.JavaClassProcessor - Processing class 'java/lang/Iterable'
10:11:19.246 [Test worker] DEBUG com.tngtech.archunit.core.importer.JavaClassProcessor - Processing class 'java/nio/charset/Charset'
10:11:19.249 [Test worker] DEBUG com.tngtech.archunit.core.importer.JavaClassProcessor - Processing class 'org/springframework/context/annotation/ComponentScans'
10:11:19.250 [Test worker] DEBUG com.tngtech.archunit.core.importer.JavaClassProcessor - Processing class 'org/springframework/boot/web/servlet/ServletRegistrationBean'
10:11:19.252 [Test worker] DEBUG com.tngtech.archunit.core.importer.JavaClassProcessor - Processing class 'org/springframework/retry/RetryListener'
10:11:19.297 [Test worker] DEBUG com.tngtech.archunit.core.importer.JavaClassProcessor - Processing class 'org/springframework/beans/factory/BeanNameAware'
10:11:19.298 [Test worker] DEBUG com.tngtech.archunit.core.importer.JavaClassProcessor - Processing class 'java/time/chrono/ChronoLocalDate'
10:11:19.300 [Test worker] DEBUG com.tngtech.archunit.core.importer.JavaClassProcessor - Processing class 'java/lang/reflect/AccessibleObject'
10:11:19.302 [Test worker] DEBUG com.tngtech.archunit.core.importer.JavaClassProcessor - Processing class 'org/springframework/context/annotation/ScopedProxyMode'
10:11:19.304 [Test worker] DEBUG com.tngtech.archunit.core.importer.JavaClassProcessor - Processing class 'org/springframework/http/HttpRange'
10:11:19.305 [Test worker] DEBUG com.tngtech.archunit.core.importer.JavaClassProcessor - Processing class 'org/springframework/beans/factory/SmartInitializingSingleton'
10:11:19.306 [Test worker] DEBUG com.tngtech.archunit.core.importer.JavaClassProcessor - Processing class 'org/springframework/context/EnvironmentAware'
10:11:19.308 [Test worker] DEBUG com.tngtech.archunit.core.importer.JavaClassProcessor - Processing class 'org/springframework/context/annotation/ScopeMetadataResolver'
10:11:19.309 [Test worker] DEBUG com.tngtech.archunit.core.importer.JavaClassProcessor - Processing class 'javax/servlet/DispatcherType'
10:11:19.311 [Test worker] DEBUG com.tngtech.archunit.core.importer.JavaClassProcessor - Processing class 'org/springframework/core/env/AbstractEnvironment'
10:11:19.313 [Test worker] DEBUG com.tngtech.archunit.core.importer.JavaClassProcessor - Processing class 'org/springframework/boot/autoconfigure/AutoConfigurationImportListener'
10:11:19.313 [Test worker] DEBUG com.tngtech.archunit.core.importer.JavaClassProcessor - Processing class 'java/nio/charset/spi/CharsetProvider'
10:11:19.314 [Test worker] DEBUG com.tngtech.archunit.core.importer.JavaClassProcessor - Processing class 'org/springframework/data/repository/query/FluentQuery'
10:11:19.317 [Test worker] DEBUG com.tngtech.archunit.core.importer.JavaClassProcessor - Processing class 'org/springframework/http/HttpRequest'
10:11:19.319 [Test worker] DEBUG com.tngtech.archunit.core.importer.JavaClassProcessor - Processing class 'org/springframework/boot/web/servlet/RegistrationBean'
10:11:19.321 [Test worker] DEBUG com.tngtech.archunit.core.importer.JavaClassProcessor - Processing class 'javax/servlet/Registration$Dynamic'
10:11:19.322 [Test worker] DEBUG com.tngtech.archunit.core.importer.JavaClassProcessor - Processing class 'java/util/EventObject'
10:11:19.324 [Test worker] DEBUG com.tngtech.archunit.core.importer.JavaClassProcessor - Processing class 'org/springframework/util/MimeType'
10:11:19.326 [Test worker] DEBUG com.tngtech.archunit.core.importer.JavaClassProcessor - Processing class 'java/lang/Character'
10:11:19.329 [Test worker] DEBUG com.tngtech.archunit.core.importer.JavaClassProcessor - Processing class 'org/springframework/data/repository/Repository'
10:11:19.331 [Test worker] DEBUG com.tngtech.archunit.core.importer.JavaClassProcessor - Processing class 'org/springframework/boot/autoconfigure/AutoConfigurationPackages$Registrar'
10:11:19.333 [Test worker] DEBUG com.tngtech.archunit.core.importer.JavaClassProcessor - Processing class 'javax/servlet/ServletRegistration$Dynamic'
10:11:19.335 [Test worker] DEBUG com.tngtech.archunit.core.importer.JavaClassProcessor - Processing class 'java/lang/ThreadLocal'
10:11:19.337 [Test worker] DEBUG com.tngtech.archunit.core.importer.JavaClassProcessor - Processing class 'javax/servlet/Servlet'
10:11:19.338 [Test worker] DEBUG com.tngtech.archunit.core.importer.JavaClassProcessor - Processing class 'org/aspectj/lang/Signature'
10:11:19.340 [Test worker] DEBUG com.tngtech.archunit.core.importer.JavaClassProcessor - Processing class 'javax/servlet/FilterRegistration'
10:11:19.341 [Test worker] DEBUG com.tngtech.archunit.core.importer.JavaClassProcessor - Processing class 'java/net/URLStreamHandlerFactory'
10:11:19.342 [Test worker] DEBUG com.tngtech.archunit.core.importer.JavaClassProcessor - Processing class 'sun/util/locale/LocaleExtensions'
10:11:19.346 [Test worker] DEBUG com.tngtech.archunit.core.importer.JavaClassProcessor - Processing class 'org/springframework/core/Ordered'
10:11:19.348 [Test worker] DEBUG com.tngtech.archunit.core.importer.JavaClassProcessor - Processing class 'org/springframework/aop/PointcutAdvisor'
10:11:19.350 [Test worker] DEBUG com.tngtech.archunit.core.importer.JavaClassProcessor - Processing class 'org/springframework/context/annotation/DeferredImportSelector'
10:11:19.352 [Test worker] DEBUG com.tngtech.archunit.core.importer.JavaClassProcessor - Processing class 'org/springframework/beans/factory/Aware'
10:11:19.353 [Test worker] DEBUG com.tngtech.archunit.core.importer.JavaClassProcessor - Processing class 'org/springframework/core/ResolvableTypeProvider'
10:11:19.354 [Test worker] DEBUG com.tngtech.archunit.core.importer.JavaClassProcessor - Processing class 'org/springframework/core/io/support/ResourceRegion'
10:11:19.356 [Test worker] DEBUG com.tngtech.archunit.core.importer.JavaClassProcessor - Processing class 'org/springframework/aop/IntroductionInfo'
10:11:19.358 [Test worker] DEBUG com.tngtech.archunit.core.importer.JavaClassProcessor - Processing class 'org/springframework/boot/autoconfigure/AutoConfigurationImportFilter'
10:11:19.360 [Test worker] DEBUG com.tngtech.archunit.core.importer.JavaClassProcessor - Processing class 'org/springframework/core/env/ConfigurableEnvironment'
10:11:19.364 [Test worker] DEBUG com.tngtech.archunit.core.importer.JavaClassProcessor - Processing class 'org/springframework/context/annotation/ImportBeanDefinitionRegistrar'
10:11:19.366 [Test worker] DEBUG com.tngtech.archunit.core.importer.JavaClassProcessor - Processing class 'org/springframework/http/client/ClientHttpRequestInitializer'
10:11:19.368 [Test worker] DEBUG com.tngtech.archunit.core.importer.JavaClassProcessor - Processing class 'org/springframework/aop/Advisor'
10:11:19.371 [Test worker] DEBUG com.tngtech.archunit.core.importer.JavaClassProcessor - Processing class 'org/springframework/context/ResourceLoaderAware'
10:11:19.373 [Test worker] DEBUG com.tngtech.archunit.core.importer.JavaClassProcessor - Processing class 'org/springframework/context/ApplicationContext'
10:11:19.374 [Test worker] DEBUG com.tngtech.archunit.core.importer.JavaClassProcessor - Processing class 'org/springframework/context/Lifecycle'
10:11:19.375 [Test worker] DEBUG com.tngtech.archunit.core.importer.JavaClassProcessor - Processing class 'sun/util/locale/BaseLocale'
10:11:19.380 [Test worker] DEBUG com.tngtech.archunit.core.importer.JavaClassProcessor - Processing class 'org/springframework/context/annotation/DeferredImportSelector$Group'
10:11:19.384 [Test worker] DEBUG com.tngtech.archunit.core.importer.JavaClassProcessor - Processing class 'java/io/Closeable'
10:11:19.386 [Test worker] DEBUG com.tngtech.archunit.core.importer.JavaClassProcessor - Processing class 'org/springframework/http/HttpOutputMessage'
10:11:19.388 [Test worker] DEBUG com.tngtech.archunit.core.importer.JavaClassProcessor - Processing class 'sun/util/locale/Extension'
10:11:19.390 [Test worker] DEBUG com.tngtech.archunit.core.importer.JavaClassProcessor - Processing class 'org/springframework/beans/factory/HierarchicalBeanFactory'
10:11:19.391 [Test worker] DEBUG com.tngtech.archunit.core.importer.JavaClassProcessor - Processing class 'javax/servlet/ServletRegistration'
10:11:19.392 [Test worker] DEBUG com.tngtech.archunit.core.importer.JavaClassProcessor - Processing class 'org/springframework/core/env/ConfigurablePropertyResolver'
10:11:19.394 [Test worker] DEBUG com.tngtech.archunit.core.importer.JavaClassProcessor - Processing class 'org/springframework/context/annotation/DeferredImportSelector$Group$Entry'
10:11:19.396 [Test worker] DEBUG com.tngtech.archunit.core.importer.JavaClassProcessor - Processing class 'org/springframework/context/ApplicationEventPublisher'
10:11:19.398 [Test worker] DEBUG com.tngtech.archunit.core.importer.JavaClassProcessor - Processing class 'org/springframework/http/HttpMessage'
10:11:19.400 [Test worker] DEBUG com.tngtech.archunit.core.importer.JavaClassProcessor - Processing class 'org/springframework/context/annotation/ImportSelector'
10:11:19.402 [Test worker] DEBUG com.tngtech.archunit.core.importer.JavaClassProcessor - Processing class 'org/springframework/boot/web/servlet/ServletContextInitializer'
10:11:19.403 [Test worker] DEBUG com.tngtech.archunit.core.importer.JavaClassProcessor - Processing class 'org/springframework/context/MessageSource'
10:11:19.405 [Test worker] DEBUG com.tngtech.archunit.core.importer.JavaClassProcessor - Processing class 'javax/servlet/Registration'
10:11:19.407 [Test worker] DEBUG com.tngtech.archunit.core.importer.JavaClassProcessor - Processing class 'org/springframework/boot/autoconfigure/AutoConfigurationPackages'
10:11:19.410 [Test worker] DEBUG com.tngtech.archunit.core.importer.JavaClassProcessor - Processing class 'org/springframework/boot/context/annotation/DeterminableImports'
10:11:19.411 [Test worker] DEBUG com.tngtech.archunit.core.importer.JavaClassProcessor - Processing class 'sun/util/locale/InternalLocaleBuilder$CaseInsensitiveString'
10:11:19.416 [Test worker] DEBUG com.tngtech.archunit.core.importer.JavaClassProcessor - Processing class 'org/springframework/core/io/support/ResourcePatternResolver'
10:11:19.417 [Test worker] DEBUG com.tngtech.archunit.core.importer.JavaClassProcessor - Processing class 'sun/util/locale/InternalLocaleBuilder$CaseInsensitiveChar'
10:11:19.419 [Test worker] DEBUG com.tngtech.archunit.core.importer.JavaClassProcessor - Processing class 'org/springframework/beans/factory/ListableBeanFactory'
10:11:19.421 [Test worker] DEBUG com.tngtech.archunit.core.importer.JavaClassProcessor - Processing class 'org/springframework/core/io/ResourceLoader'
10:11:19.423 [Test worker] DEBUG com.tngtech.archunit.core.importer.JavaClassProcessor - Processing class 'org/springframework/beans/factory/BeanFactory'
10:11:19.425 [Test worker] DEBUG com.tngtech.archunit.core.importer.JavaClassProcessor - Processing class 'sun/util/locale/InternalLocaleBuilder'
10:11:19.430 [Test worker] DEBUG com.tngtech.archunit.core.importer.JavaClassProcessor - Processing class 'com/auth0/jwt/impl/JWTParser'
10:11:19.432 [Test worker] DEBUG com.tngtech.archunit.core.importer.JavaClassProcessor - Processing class 'com/auth0/jwt/exceptions/JWTDecodeException'
10:11:19.434 [Test worker] DEBUG com.tngtech.archunit.core.importer.JavaClassProcessor - Processing class 'com/auth0/jwt/interfaces/Verification'
10:11:19.436 [Test worker] DEBUG com.tngtech.archunit.core.importer.JavaClassProcessor - Processing class 'com/auth0/jwt/algorithms/Algorithm'
10:11:19.439 [Test worker] DEBUG com.tngtech.archunit.core.importer.JavaClassProcessor - Processing class 'com/auth0/jwt/JWTCreator$Builder'
10:11:19.441 [Test worker] DEBUG com.tngtech.archunit.core.importer.JavaClassProcessor - Processing class 'java/time/Instant'
10:11:19.466 [Test worker] DEBUG com.tngtech.archunit.core.importer.JavaClassProcessor - Processing class 'io/jsonwebtoken/CompressionCodec'
10:11:19.468 [Test worker] DEBUG com.tngtech.archunit.core.importer.JavaClassProcessor - Processing class 'io/jsonwebtoken/Claims'
10:11:19.474 [Test worker] DEBUG com.tngtech.archunit.core.importer.JavaClassProcessor - Processing class 'io/jsonwebtoken/Header'
10:11:19.492 [Test worker] DEBUG com.tngtech.archunit.core.importer.JavaClassProcessor - Processing class 'io/jsonwebtoken/JwsHeader'
10:11:19.494 [Test worker] DEBUG com.tngtech.archunit.core.importer.JavaClassProcessor - Processing class 'io/jsonwebtoken/JwtParser'
10:11:19.497 [Test worker] DEBUG com.tngtech.archunit.core.importer.JavaClassProcessor - Processing class 'io/jsonwebtoken/SignatureException'
10:11:19.499 [Test worker] DEBUG com.tngtech.archunit.core.importer.JavaClassProcessor - Processing class 'io/jsonwebtoken/impl/crypto/SignatureValidator'
10:11:19.500 [Test worker] DEBUG com.tngtech.archunit.core.importer.JavaClassProcessor - Processing class 'io/jsonwebtoken/impl/crypto/SignatureValidatorFactory'
10:11:19.507 [Test worker] DEBUG com.tngtech.archunit.core.importer.JavaClassProcessor - Processing class 'java/lang/Class$AnnotationData'
10:11:19.508 [Test worker] DEBUG com.tngtech.archunit.core.importer.JavaClassProcessor - Processing class 'sun/reflect/generics/repository/ClassRepository'
10:11:19.508 [Test worker] DEBUG com.tngtech.archunit.core.importer.JavaClassProcessor - Processing class 'sun/reflect/annotation/AnnotationType'
10:11:19.510 [Test worker] DEBUG com.tngtech.archunit.core.importer.JavaClassProcessor - Processing class 'java/lang/reflect/Constructor'
10:11:19.512 [Test worker] DEBUG com.tngtech.archunit.core.importer.JavaClassProcessor - Processing class 'java/lang/ref/SoftReference'
10:11:19.514 [Test worker] DEBUG com.tngtech.archunit.core.importer.JavaClassProcessor - Processing class 'java/security/ProtectionDomain'
10:11:19.516 [Test worker] DEBUG com.tngtech.archunit.core.importer.JavaClassProcessor - Processing class 'java/lang/ClassLoader'
10:11:19.519 [Test worker] DEBUG com.tngtech.archunit.core.importer.JavaClassProcessor - Processing class 'java/lang/ClassValue$ClassValueMap'
10:11:19.522 [Test worker] DEBUG com.tngtech.archunit.core.importer.JavaClassProcessor - Processing class 'java/io/ObjectStreamField'
10:11:19.523 [Test worker] DEBUG com.tngtech.archunit.core.importer.JavaClassProcessor - Processing class 'java/lang/Module'
10:11:19.527 [Test worker] DEBUG com.tngtech.archunit.core.importer.JavaClassProcessor - Processing class 'jdk/internal/reflect/ReflectionFactory'
10:11:19.530 [Test worker] DEBUG com.tngtech.archunit.core.importer.JavaClassProcessor - Processing class 'jdk/internal/reflect/ConstantPool'
10:11:19.535 [Test worker] DEBUG com.tngtech.archunit.core.importer.JavaClassProcessor - Processing class 'java/lang/reflect/AnnotatedType'
10:11:19.536 [Test worker] DEBUG com.tngtech.archunit.core.importer.JavaClassProcessor - Processing class 'java/lang/Package'
10:11:19.541 [Test worker] DEBUG com.tngtech.archunit.core.importer.JavaClassProcessor - Processing class 'java/lang/NoSuchMethodException'
10:11:19.542 [Test worker] DEBUG com.tngtech.archunit.core.importer.JavaClassProcessor - Processing class 'java/lang/SecurityException'
10:11:19.543 [Test worker] DEBUG com.tngtech.archunit.core.importer.JavaClassProcessor - Processing class 'java/lang/reflect/GenericArrayType'
10:11:19.545 [Test worker] DEBUG com.tngtech.archunit.core.importer.JavaClassProcessor - Processing class 'java/lang/ClassNotFoundException'
10:11:19.547 [Test worker] DEBUG com.tngtech.archunit.core.importer.JavaClassProcessor - Processing class 'java/lang/reflect/TypeVariable'
10:11:19.549 [Test worker] DEBUG com.tngtech.archunit.core.importer.JavaClassProcessor - Processing class 'java/lang/reflect/RecordComponent'
10:11:19.550 [Test worker] DEBUG com.tngtech.archunit.core.importer.JavaClassProcessor - Processing class 'java/lang/NoSuchFieldException'
10:11:19.551 [Test worker] DEBUG com.tngtech.archunit.core.importer.JavaClassProcessor - Processing class 'java/lang/SecurityManager'
10:11:19.553 [Test worker] DEBUG com.tngtech.archunit.core.importer.JavaClassProcessor - Processing class 'java/lang/PublicMethods$MethodList'
10:11:19.554 [Test worker] DEBUG com.tngtech.archunit.core.importer.JavaClassProcessor - Processing class 'sun/reflect/generics/factory/GenericsFactory'
10:11:19.556 [Test worker] DEBUG com.tngtech.archunit.core.importer.JavaClassProcessor - Processing class 'java/io/InputStream'
10:11:19.557 [Test worker] DEBUG com.tngtech.archunit.core.importer.JavaClassProcessor - Processing class 'jdk/internal/loader/BuiltinClassLoader'
10:11:19.559 [Test worker] DEBUG com.tngtech.archunit.core.importer.JavaClassProcessor - Processing class 'java/lang/Class$EnclosingMethodInfo'
10:11:19.562 [Test worker] DEBUG com.tngtech.archunit.core.importer.JavaClassProcessor - Processing class 'java/lang/InstantiationException'
10:11:19.563 [Test worker] DEBUG com.tngtech.archunit.core.importer.JavaClassProcessor - Processing class 'java/lang/IllegalAccessException'
10:11:19.567 [Test worker] DEBUG com.tngtech.archunit.core.importer.JavaClassProcessor - Processing class 'java/lang/NumberFormatException'
10:11:19.569 [Test worker] DEBUG com.tngtech.archunit.core.importer.JavaClassProcessor - Processing class 'java/lang/invoke/MethodHandles$Lookup'
10:11:19.574 [Test worker] DEBUG com.tngtech.archunit.core.importer.JavaClassProcessor - Processing class 'java/lang/ReflectiveOperationException'
10:11:19.576 [Test worker] DEBUG com.tngtech.archunit.core.importer.JavaClassProcessor - Processing class 'java/io/ObjectStreamException'
10:11:19.577 [Test worker] DEBUG com.tngtech.archunit.core.importer.JavaClassProcessor - Processing class 'java/io/ObjectInputStream'
10:11:19.580 [Test worker] DEBUG com.tngtech.archunit.core.importer.JavaClassProcessor - Processing class 'java/lang/CloneNotSupportedException'
10:11:19.591 [Test worker] DEBUG com.tngtech.archunit.core.importer.JavaClassProcessor - Processing class 'java/util/Spliterator'
10:11:19.592 [Test worker] DEBUG com.tngtech.archunit.core.importer.JavaClassProcessor - Processing class 'java/math/BigInteger'
10:11:19.597 [Test worker] DEBUG com.tngtech.archunit.core.importer.JavaClassProcessor - Processing class 'java/lang/InterruptedException'
10:11:19.599 [Test worker] DEBUG com.tngtech.archunit.core.importer.JavaClassProcessor - Processing class 'java/lang/StringBuffer'
10:11:19.615 [Test worker] DEBUG com.tngtech.archunit.core.importer.JavaClassProcessor - Processing class 'java/nio/charset/CharsetDecoder'
10:11:19.616 [Test worker] DEBUG com.tngtech.archunit.core.importer.JavaClassProcessor - Processing class 'java/lang/AbstractStringBuilder'
10:11:19.617 [Test worker] DEBUG com.tngtech.archunit.core.importer.JavaClassProcessor - Processing class 'java/util/function/Function'
10:11:19.619 [Test worker] DEBUG com.tngtech.archunit.core.importer.JavaClassProcessor - Processing class 'java/lang/Void'
10:11:19.619 [Test worker] DEBUG com.tngtech.archunit.core.importer.JavaClassProcessor - Processing class 'sun/nio/cs/ArrayEncoder'
10:11:19.619 [Test worker] DEBUG com.tngtech.archunit.core.importer.JavaClassProcessor - Processing class 'java/nio/charset/UnmappableCharacterException'
10:11:19.620 [Test worker] DEBUG com.tngtech.archunit.core.importer.JavaClassProcessor - Processing class 'java/nio/charset/CharacterCodingException'
10:11:19.620 [Test worker] DEBUG com.tngtech.archunit.core.importer.JavaClassProcessor - Processing class 'java/io/UnsupportedEncodingException'
10:11:19.620 [Test worker] DEBUG com.tngtech.archunit.core.importer.JavaClassProcessor - Processing class 'java/nio/charset/MalformedInputException'
10:11:19.620 [Test worker] DEBUG com.tngtech.archunit.core.importer.JavaClassProcessor - Processing class 'sun/nio/cs/ArrayDecoder'
10:11:19.621 [Test worker] DEBUG com.tngtech.archunit.core.importer.JavaClassProcessor - Processing class 'java/lang/StringBuilder'
10:11:19.622 [Test worker] DEBUG com.tngtech.archunit.core.importer.JavaClassProcessor - Processing class 'java/io/PrintStream'
10:11:19.623 [Test worker] DEBUG com.tngtech.archunit.core.importer.JavaClassProcessor - Processing class 'java/util/Properties'
10:11:19.624 [Test worker] DEBUG com.tngtech.archunit.core.importer.JavaClassProcessor - Processing class 'java/io/Console'
10:11:19.625 [Test worker] DEBUG com.tngtech.archunit.core.importer.JavaClassProcessor - Processing class 'java/lang/ModuleLayer'
10:11:19.625 [Test worker] DEBUG com.tngtech.archunit.core.importer.JavaClassProcessor - Processing class 'java/lang/System$Logger'
10:11:19.626 [Test worker] DEBUG com.tngtech.archunit.core.importer.JavaClassProcessor - Processing class 'java/util/ResourceBundle'
10:11:19.627 [Test worker] DEBUG com.tngtech.archunit.core.importer.JavaClassProcessor - Processing class 'java/nio/channels/Channel'
10:11:19.627 [Test worker] DEBUG com.tngtech.archunit.core.importer.JavaClassProcessor - Processing class 'java/lang/invoke/StringConcatFactory'
10:11:19.628 [Test worker] DEBUG com.tngtech.archunit.core.importer.JavaClassProcessor - Processing class 'java/io/FileOutputStream'
10:11:19.629 [Test worker] DEBUG com.tngtech.archunit.core.importer.JavaClassProcessor - Processing class 'java/util/concurrent/atomic/AtomicInteger'
10:11:19.629 [Test worker] DEBUG com.tngtech.archunit.core.importer.JavaClassProcessor - Processing class 'java/util/function/Supplier'
10:11:19.630 [Test worker] DEBUG com.tngtech.archunit.core.importer.JavaClassProcessor - Processing class 'java/lang/ThreadLocal$ThreadLocalMap'
10:11:19.630 [Test worker] DEBUG com.tngtech.archunit.core.importer.JavaClassProcessor - Processing class 'java/lang/Thread'
10:11:19.631 [Test worker] DEBUG com.tngtech.archunit.core.importer.JavaClassProcessor - Processing class 'jdk/internal/misc/TerminatingThreadLocal'
10:11:19.632 [Test worker] DEBUG com.tngtech.archunit.core.importer.JavaClassProcessor - Processing class 'java/lang/StackTraceElement'
10:11:19.633 [Test worker] DEBUG com.tngtech.archunit.core.importer.JavaClassProcessor - Processing class 'java/io/PrintWriter'
10:11:19.634 [Test worker] DEBUG com.tngtech.archunit.core.importer.JavaClassProcessor - Processing class 'java/io/ObjectOutputStream'
10:11:19.635 [Test worker] DEBUG com.tngtech.archunit.core.importer.JavaClassProcessor - Processing class 'java/lang/Throwable$PrintStreamOrWriter'
10:11:19.638 [Test worker] DEBUG com.tngtech.archunit.core.importer.JavaClassProcessor - Processing class 'java/lang/constant/DirectMethodHandleDesc'
10:11:19.639 [Test worker] DEBUG com.tngtech.archunit.core.importer.JavaClassProcessor - Processing class 'java/lang/reflect/AccessibleObject$Cache'
10:11:19.701 [Test worker] DEBUG com.tngtech.archunit.core.importer.JavaClassProcessor - Processing class 'java/lang/invoke/MethodHandle'
10:11:19.703 [Test worker] DEBUG com.tngtech.archunit.core.importer.JavaClassProcessor - Processing class 'java/lang/ref/WeakReference'
10:11:19.705 [Test worker] DEBUG com.tngtech.archunit.core.importer.JavaClassProcessor - Processing class 'java/lang/reflect/Parameter'
10:11:19.706 [Test worker] DEBUG com.tngtech.archunit.core.importer.JavaClassProcessor - Processing class 'sun/reflect/generics/repository/ConstructorRepository'
10:11:19.708 [Test worker] DEBUG com.tngtech.archunit.core.importer.JavaClassProcessor - Processing class 'sun/reflect/generics/repository/FieldRepository'
10:11:19.710 [Test worker] DEBUG com.tngtech.archunit.core.importer.JavaClassProcessor - Processing class 'jdk/internal/reflect/FieldAccessor'
10:11:19.712 [Test worker] DEBUG com.tngtech.archunit.core.importer.JavaClassProcessor - Processing class 'jdk/internal/reflect/MethodAccessor'
10:11:19.713 [Test worker] DEBUG com.tngtech.archunit.core.importer.JavaClassProcessor - Processing class 'sun/reflect/generics/repository/MethodRepository'
10:11:19.714 [Test worker] DEBUG com.tngtech.archunit.core.importer.JavaClassProcessor - Processing class 'sun/reflect/annotation/ExceptionProxy'
10:11:19.715 [Test worker] DEBUG com.tngtech.archunit.core.importer.JavaClassProcessor - Processing class 'sun/reflect/annotation/TypeNotPresentExceptionProxy'
10:11:19.716 [Test worker] DEBUG com.tngtech.archunit.core.importer.JavaClassProcessor - Processing class 'java/lang/reflect/InvocationTargetException'
10:11:19.717 [Test worker] DEBUG com.tngtech.archunit.core.importer.JavaClassProcessor - Processing class 'java/util/Hashtable'
10:11:19.719 [Test worker] DEBUG com.tngtech.archunit.core.importer.JavaClassProcessor - Processing class 'java/net/InetAddress'
10:11:19.720 [Test worker] DEBUG com.tngtech.archunit.core.importer.JavaClassProcessor - Processing class 'java/net/UrlDeserializedState'
10:11:19.722 [Test worker] DEBUG com.tngtech.archunit.core.importer.JavaClassProcessor - Processing class 'java/net/URLConnection'
10:11:19.723 [Test worker] DEBUG com.tngtech.archunit.core.importer.JavaClassProcessor - Processing class 'java/net/URI'
10:11:19.725 [Test worker] DEBUG com.tngtech.archunit.core.importer.JavaClassProcessor - Processing class 'java/net/URISyntaxException'
10:11:19.726 [Test worker] DEBUG com.tngtech.archunit.core.importer.JavaClassProcessor - Processing class 'java/net/Proxy'
10:11:19.728 [Test worker] DEBUG com.tngtech.archunit.core.importer.JavaClassProcessor - Processing class 'java/io/InvalidObjectException'
10:11:19.729 [Test worker] DEBUG com.tngtech.archunit.core.importer.JavaClassProcessor - Processing class 'java/net/MalformedURLException'
10:11:19.729 [Test worker] DEBUG com.tngtech.archunit.core.importer.JavaClassProcessor - Processing class 'sun/net/www/protocol/jar/Handler'
10:11:19.731 [Test worker] DEBUG com.tngtech.archunit.core.importer.JavaClassProcessor - Processing class 'java/nio/charset/CharsetEncoder'
10:11:19.732 [Test worker] DEBUG com.tngtech.archunit.core.importer.JavaClassProcessor - Processing class 'java/nio/CharBuffer'
10:11:19.734 [Test worker] DEBUG com.tngtech.archunit.core.importer.JavaClassProcessor - Processing class 'java/nio/ByteBuffer'
10:11:19.736 [Test worker] DEBUG com.tngtech.archunit.core.importer.JavaClassProcessor - Processing class 'java/util/SortedMap'
10:11:19.737 [Test worker] DEBUG com.tngtech.archunit.core.importer.JavaClassProcessor - Processing class 'java/io/DataOutput'
10:11:19.743 [Test worker] DEBUG com.tngtech.archunit.core.importer.JavaClassProcessor - Processing class 'java/math/BigDecimal'
10:11:19.746 [Test worker] DEBUG com.tngtech.archunit.core.importer.JavaClassProcessor - Processing class 'java/time/temporal/ChronoUnit'
10:11:19.747 [Test worker] DEBUG com.tngtech.archunit.core.importer.JavaClassProcessor - Processing class 'java/io/DataInput'
10:11:19.748 [Test worker] DEBUG com.tngtech.archunit.core.importer.JavaClassProcessor - Processing class 'java/time/temporal/TemporalField'
10:11:19.748 [Test worker] DEBUG com.tngtech.archunit.core.importer.JavaClassProcessor - Processing class 'java/time/temporal/ChronoField'
10:11:19.749 [Test worker] DEBUG com.tngtech.archunit.core.importer.JavaClassProcessor - Processing class 'java/time/DayOfWeek'
10:11:19.761 [Test worker] DEBUG com.tngtech.archunit.core.importer.JavaClassProcessor - Processing class 'java/time/chrono/IsoEra'
10:11:19.761 [Test worker] DEBUG com.tngtech.archunit.core.importer.JavaClassProcessor - Processing class 'java/time/chrono/IsoChronology'
10:11:19.762 [Test worker] DEBUG com.tngtech.archunit.core.importer.JavaClassProcessor - Processing class 'java/time/Clock'
10:11:19.763 [Test worker] DEBUG com.tngtech.archunit.core.importer.JavaClassProcessor - Processing class 'java/time/chrono/Chronology'
10:11:19.763 [Test worker] DEBUG com.tngtech.archunit.core.importer.JavaClassProcessor - Processing class 'java/time/Period'
10:11:19.823 [Test worker] DEBUG com.tngtech.archunit.core.importer.JavaClassProcessor - Processing class 'java/time/Month'
10:11:19.824 [Test worker] DEBUG com.tngtech.archunit.core.importer.JavaClassProcessor - Processing class 'java/time/temporal/ValueRange'
10:11:19.825 [Test worker] DEBUG com.tngtech.archunit.core.importer.JavaClassProcessor - Processing class 'java/time/chrono/ChronoPeriod'
10:11:19.825 [Test worker] DEBUG com.tngtech.archunit.core.importer.JavaClassProcessor - Processing class 'java/time/chrono/Era'
10:11:19.826 [Test worker] DEBUG com.tngtech.archunit.core.importer.JavaClassProcessor - Processing class 'java/time/temporal/TemporalQuery'
10:11:19.826 [Test worker] DEBUG com.tngtech.archunit.core.importer.JavaClassProcessor - Processing class 'java/time/OffsetDateTime'
10:11:19.827 [Test worker] DEBUG com.tngtech.archunit.core.importer.JavaClassProcessor - Processing class 'java/time/OffsetTime'
10:11:19.828 [Test worker] DEBUG com.tngtech.archunit.core.importer.JavaClassProcessor - Processing class 'java/time/ZoneOffset'
10:11:19.829 [Test worker] DEBUG com.tngtech.archunit.core.importer.JavaClassProcessor - Processing class 'java/time/format/DateTimeFormatter'
10:11:19.830 [Test worker] DEBUG com.tngtech.archunit.core.importer.JavaClassProcessor - Processing class 'java/time/LocalTime'
10:11:19.832 [Test worker] DEBUG com.tngtech.archunit.core.importer.JavaClassProcessor - Processing class 'java/time/format/TextStyle'
10:11:19.833 [Test worker] DEBUG com.tngtech.archunit.core.importer.JavaClassProcessor - Processing class 'java/time/zone/ZoneRules'
10:11:19.834 [Test worker] DEBUG com.tngtech.archunit.core.importer.JavaClassProcessor - Processing class 'java/time/ZoneRegion'
10:11:19.835 [Test worker] DEBUG com.tngtech.archunit.core.importer.JavaClassProcessor - Processing class 'java/io/ObjectInput'
10:11:19.836 [Test worker] DEBUG com.tngtech.archunit.core.importer.JavaClassProcessor - Processing class 'java/lang/invoke/SerializedLambda'
10:11:19.838 [Test worker] DEBUG com.tngtech.archunit.core.importer.JavaClassProcessor - Processing class 'java/util/ListIterator'
10:11:19.839 [Test worker] DEBUG com.tngtech.archunit.core.importer.JavaClassProcessor - Processing class 'java/util/function/UnaryOperator'
10:11:19.840 [Test worker] DEBUG com.tngtech.archunit.core.importer.JavaClassProcessor - Processing class 'java/util/function/Predicate'
10:11:19.843 [Test worker] DEBUG com.tngtech.archunit.core.importer.JavaClassProcessor - Processing class 'java/util/function/BinaryOperator'
10:11:19.844 [Test worker] DEBUG com.tngtech.archunit.core.importer.JavaClassProcessor - Processing class 'java/util/function/DoubleBinaryOperator'
10:11:19.845 [Test worker] DEBUG com.tngtech.archunit.core.importer.JavaClassProcessor - Processing class 'java/util/function/LongBinaryOperator'
10:11:19.845 [Test worker] DEBUG com.tngtech.archunit.core.importer.JavaClassProcessor - Processing class 'java/util/function/IntFunction'
10:11:19.846 [Test worker] DEBUG com.tngtech.archunit.core.importer.JavaClassProcessor - Processing class 'java/util/function/IntUnaryOperator'
10:11:19.846 [Test worker] DEBUG com.tngtech.archunit.core.importer.JavaClassProcessor - Processing class 'java/util/function/IntToDoubleFunction'
10:11:19.847 [Test worker] DEBUG com.tngtech.archunit.core.importer.JavaClassProcessor - Processing class 'java/util/Spliterator$OfLong'
10:11:19.847 [Test worker] DEBUG com.tngtech.archunit.core.importer.JavaClassProcessor - Processing class 'java/util/Spliterator$OfInt'
10:11:19.848 [Test worker] DEBUG com.tngtech.archunit.core.importer.JavaClassProcessor - Processing class 'java/util/function/IntToLongFunction'
10:11:19.849 [Test worker] DEBUG com.tngtech.archunit.core.importer.JavaClassProcessor - Processing class 'java/util/Spliterator$OfDouble'
10:11:19.850 [Test worker] DEBUG com.tngtech.archunit.core.importer.JavaClassProcessor - Processing class 'java/util/function/IntBinaryOperator'
10:11:19.851 [Test worker] DEBUG com.tngtech.archunit.core.importer.JavaClassProcessor - Processing class 'java/util/function/ToIntFunction'
10:11:19.852 [Test worker] DEBUG com.tngtech.archunit.core.importer.JavaClassProcessor - Processing class 'java/util/function/ToDoubleFunction'
10:11:19.852 [Test worker] DEBUG com.tngtech.archunit.core.importer.JavaClassProcessor - Processing class 'java/util/function/ToLongFunction'
10:11:19.853 [Test worker] DEBUG com.tngtech.archunit.core.importer.JavaClassProcessor - Processing class 'sun/util/calendar/BaseCalendar$Date'
10:11:19.853 [Test worker] DEBUG com.tngtech.archunit.core.importer.JavaClassProcessor - Processing class 'sun/util/calendar/BaseCalendar'
10:11:19.878 [Test worker] DEBUG com.tngtech.archunit.core.importer.JavaClassProcessor - Processing class 'sun/util/calendar/ZoneInfo'
10:11:19.881 [Test worker] DEBUG com.tngtech.archunit.core.importer.JavaClassProcessor - Processing class 'java/util/Locale$IsoCountryCode'
10:11:19.881 [Test worker] DEBUG com.tngtech.archunit.core.importer.JavaClassProcessor - Processing class 'java/util/MissingResourceException'
10:11:19.882 [Test worker] DEBUG com.tngtech.archunit.core.importer.JavaClassProcessor - Processing class 'sun/util/locale/provider/LocaleResources'
10:11:19.884 [Test worker] DEBUG com.tngtech.archunit.core.importer.JavaClassProcessor - Processing class 'java/util/Locale$Category'
10:11:19.885 [Test worker] DEBUG com.tngtech.archunit.core.importer.JavaClassProcessor - Processing class 'java/util/spi/LocaleNameProvider'
10:11:19.887 [Test worker] DEBUG com.tngtech.archunit.core.importer.JavaClassProcessor - Processing class 'java/util/Locale$FilteringMode'
10:11:19.889 [Test worker] DEBUG com.tngtech.archunit.core.importer.JavaClassProcessor - Processing class 'java/util/function/BiConsumer'
10:11:19.891 [Test worker] DEBUG com.tngtech.archunit.core.importer.JavaClassProcessor - Processing class 'java/util/function/BiFunction'
10:11:19.894 [Test worker] DEBUG com.tngtech.archunit.core.importer.JavaClassProcessor - Processing class 'java/util/ImmutableCollections$AbstractImmutableMap'
10:11:19.896 [Test worker] DEBUG com.tngtech.archunit.core.importer.JavaClassProcessor - Processing class 'java/util/KeyValueHolder'
10:11:19.899 [Test worker] DEBUG com.tngtech.archunit.core.importer.JavaClassProcessor - Processing class 'java/util/ImmutableCollections$AbstractImmutableSet'
10:11:19.901 [Test worker] DEBUG com.tngtech.archunit.core.importer.JavaClassProcessor - Processing class 'jdk/internal/access/JavaLangAccess'
10:11:19.903 [Test worker] DEBUG com.tngtech.archunit.core.importer.JavaClassProcessor - Processing class 'java/util/concurrent/ConcurrentHashMap$Node'
10:11:19.907 [Test worker] DEBUG com.tngtech.archunit.core.importer.JavaClassProcessor - Processing class 'java/util/concurrent/ConcurrentHashMap$CounterCell'
10:11:19.908 [Test worker] DEBUG com.tngtech.archunit.core.importer.JavaClassProcessor - Processing class 'jdk/internal/misc/Unsafe'
10:11:19.916 [Test worker] DEBUG com.tngtech.archunit.core.importer.JavaClassProcessor - Processing class 'java/util/concurrent/ConcurrentHashMap$EntrySetView'
10:11:19.917 [Test worker] DEBUG com.tngtech.archunit.core.importer.JavaClassProcessor - Processing class 'java/util/concurrent/ConcurrentHashMap$ValuesView'
10:11:19.920 [Test worker] DEBUG com.tngtech.archunit.core.importer.JavaClassProcessor - Processing class 'java/util/concurrent/ConcurrentHashMap$KeySetView'
10:11:19.923 [Test worker] DEBUG com.tngtech.archunit.core.importer.JavaClassProcessor - Processing class 'java/util/concurrent/ConcurrentHashMap$ForwardingNode'
10:11:19.925 [Test worker] DEBUG com.tngtech.archunit.core.importer.JavaClassProcessor - Processing class 'java/util/function/ToLongBiFunction'
10:11:19.926 [Test worker] DEBUG com.tngtech.archunit.core.importer.JavaClassProcessor - Processing class 'java/util/concurrent/ConcurrentHashMap$TreeBin'
10:11:19.927 [Test worker] DEBUG com.tngtech.archunit.core.importer.JavaClassProcessor - Processing class 'java/util/concurrent/ConcurrentHashMap$ReservationNode'
10:11:19.928 [Test worker] DEBUG com.tngtech.archunit.core.importer.JavaClassProcessor - Processing class 'java/util/function/ToDoubleBiFunction'
10:11:19.929 [Test worker] DEBUG com.tngtech.archunit.core.importer.JavaClassProcessor - Processing class 'java/util/function/ToIntBiFunction'
10:11:19.930 [Test worker] DEBUG com.tngtech.archunit.core.importer.JavaClassProcessor - Processing class 'java/util/Enumeration'
10:11:19.931 [Test worker] DEBUG com.tngtech.archunit.core.importer.JavaClassProcessor - Processing class 'java/lang/reflect/ParameterizedType'
10:11:19.932 [Test worker] DEBUG com.tngtech.archunit.core.importer.JavaClassProcessor - Processing class 'java/util/concurrent/locks/LockSupport'
10:11:19.933 [Test worker] DEBUG com.tngtech.archunit.core.importer.JavaClassProcessor - Processing class 'java/util/concurrent/ConcurrentHashMap$Segment'
10:11:19.939 [Test worker] DEBUG com.tngtech.archunit.core.importer.JavaClassProcessor - Processing class 'java/util/stream/DoubleStream$Builder'
10:11:19.941 [Test worker] DEBUG com.tngtech.archunit.core.importer.JavaClassProcessor - Processing class 'java/util/OptionalDouble'
10:11:19.942 [Test worker] DEBUG com.tngtech.archunit.core.importer.JavaClassProcessor - Processing class 'java/util/function/DoublePredicate'
10:11:19.943 [Test worker] DEBUG com.tngtech.archunit.core.importer.JavaClassProcessor - Processing class 'java/util/function/DoubleUnaryOperator'
10:11:19.944 [Test worker] DEBUG com.tngtech.archunit.core.importer.JavaClassProcessor - Processing class 'java/util/stream/DoubleStream$DoubleMapMultiConsumer'
10:11:19.945 [Test worker] DEBUG com.tngtech.archunit.core.importer.JavaClassProcessor - Processing class 'java/util/function/DoubleToIntFunction'
10:11:19.946 [Test worker] DEBUG com.tngtech.archunit.core.importer.JavaClassProcessor - Processing class 'java/util/function/DoubleSupplier'
10:11:19.947 [Test worker] DEBUG com.tngtech.archunit.core.importer.JavaClassProcessor - Processing class 'java/util/function/DoubleFunction'
10:11:19.949 [Test worker] DEBUG com.tngtech.archunit.core.importer.JavaClassProcessor - Processing class 'java/util/PrimitiveIterator$OfDouble'
10:11:19.950 [Test worker] DEBUG com.tngtech.archunit.core.importer.JavaClassProcessor - Processing class 'java/util/function/DoubleToLongFunction'
10:11:19.951 [Test worker] DEBUG com.tngtech.archunit.core.importer.JavaClassProcessor - Processing class 'java/util/function/ObjDoubleConsumer'
10:11:19.952 [Test worker] DEBUG com.tngtech.archunit.core.importer.JavaClassProcessor - Processing class 'java/util/OptionalInt'
10:11:19.954 [Test worker] DEBUG com.tngtech.archunit.core.importer.JavaClassProcessor - Processing class 'java/util/function/IntSupplier'
10:11:19.956 [Test worker] DEBUG com.tngtech.archunit.core.importer.JavaClassProcessor - Processing class 'java/util/function/IntPredicate'
10:11:19.958 [Test worker] DEBUG com.tngtech.archunit.core.importer.JavaClassProcessor - Processing class 'java/util/function/ObjIntConsumer'
10:11:19.959 [Test worker] DEBUG com.tngtech.archunit.core.importer.JavaClassProcessor - Processing class 'java/util/PrimitiveIterator$OfInt'
10:11:19.960 [Test worker] DEBUG com.tngtech.archunit.core.importer.JavaClassProcessor - Processing class 'java/util/stream/IntStream$Builder'
10:11:19.962 [Test worker] DEBUG com.tngtech.archunit.core.importer.JavaClassProcessor - Processing class 'java/util/stream/IntStream$IntMapMultiConsumer'
10:11:19.963 [Test worker] DEBUG com.tngtech.archunit.core.importer.JavaClassProcessor - Processing class 'java/util/function/LongPredicate'
10:11:19.965 [Test worker] DEBUG com.tngtech.archunit.core.importer.JavaClassProcessor - Processing class 'java/util/PrimitiveIterator$OfLong'
10:11:19.967 [Test worker] DEBUG com.tngtech.archunit.core.importer.JavaClassProcessor - Processing class 'java/util/OptionalLong'
10:11:19.968 [Test worker] DEBUG com.tngtech.archunit.core.importer.JavaClassProcessor - Processing class 'java/util/function/LongUnaryOperator'
10:11:19.969 [Test worker] DEBUG com.tngtech.archunit.core.importer.JavaClassProcessor - Processing class 'java/util/stream/LongStream$LongMapMultiConsumer'
10:11:19.970 [Test worker] DEBUG com.tngtech.archunit.core.importer.JavaClassProcessor - Processing class 'java/util/function/LongToIntFunction'
10:11:19.971 [Test worker] DEBUG com.tngtech.archunit.core.importer.JavaClassProcessor - Processing class 'java/util/function/LongFunction'
10:11:19.972 [Test worker] DEBUG com.tngtech.archunit.core.importer.JavaClassProcessor - Processing class 'java/util/stream/LongStream$Builder'
10:11:19.973 [Test worker] DEBUG com.tngtech.archunit.core.importer.JavaClassProcessor - Processing class 'java/util/function/LongToDoubleFunction'
10:11:19.973 [Test worker] DEBUG com.tngtech.archunit.core.importer.JavaClassProcessor - Processing class 'java/util/function/ObjLongConsumer'
10:11:19.974 [Test worker] DEBUG com.tngtech.archunit.core.importer.JavaClassProcessor - Processing class 'java/util/function/LongSupplier'
10:11:19.976 [Test worker] DEBUG com.tngtech.archunit.core.importer.JavaClassProcessor - Processing class 'java/util/stream/Stream$Builder'
10:11:19.987 [Test worker] DEBUG com.tngtech.archunit.core.importer.JavaClassProcessor - Processing class 'javax/persistence/Index'
10:11:19.989 [Test worker] DEBUG com.tngtech.archunit.core.importer.JavaClassProcessor - Processing class 'javax/persistence/UniqueConstraint'
10:11:19.991 [Test worker] DEBUG com.tngtech.archunit.core.importer.JavaClassProcessor - Processing class 'javax/security/auth/DestroyFailedException'
10:11:19.994 [Test worker] DEBUG com.tngtech.archunit.core.importer.JavaClassProcessor - Processing class 'javax/servlet/FilterConfig'
10:11:19.995 [Test worker] DEBUG com.tngtech.archunit.core.importer.JavaClassProcessor - Processing class 'java/util/EnumSet'
10:11:20.001 [Test worker] DEBUG com.tngtech.archunit.core.importer.JavaClassProcessor - Processing class 'javax/servlet/ServletConfig'
10:11:20.003 [Test worker] DEBUG com.tngtech.archunit.core.importer.JavaClassProcessor - Processing class 'javax/servlet/MultipartConfigElement'
10:11:20.006 [Test worker] DEBUG com.tngtech.archunit.core.importer.JavaClassProcessor - Processing class 'javax/servlet/ServletSecurityElement'
10:11:20.008 [Test worker] DEBUG com.tngtech.archunit.core.importer.JavaClassProcessor - Processing class 'javax/servlet/AsyncContext'
10:11:20.010 [Test worker] DEBUG com.tngtech.archunit.core.importer.JavaClassProcessor - Processing class 'javax/servlet/ServletInputStream'
10:11:20.012 [Test worker] DEBUG com.tngtech.archunit.core.importer.JavaClassProcessor - Processing class 'java/io/BufferedReader'
10:11:20.015 [Test worker] DEBUG com.tngtech.archunit.core.importer.JavaClassProcessor - Processing class 'javax/servlet/ServletContext'
10:11:20.016 [Test worker] DEBUG com.tngtech.archunit.core.importer.JavaClassProcessor - Processing class 'javax/servlet/RequestDispatcher'
10:11:20.018 [Test worker] DEBUG com.tngtech.archunit.core.importer.JavaClassProcessor - Processing class 'javax/servlet/ServletOutputStream'
10:11:20.019 [Test worker] DEBUG com.tngtech.archunit.core.importer.JavaClassProcessor - Processing class 'javax/servlet/http/HttpSession'
10:11:20.021 [Test worker] DEBUG com.tngtech.archunit.core.importer.JavaClassProcessor - Processing class 'javax/servlet/http/HttpServletMapping'
10:11:20.022 [Test worker] DEBUG com.tngtech.archunit.core.importer.JavaClassProcessor - Processing class 'java/security/Principal'
10:11:20.025 [Test worker] DEBUG com.tngtech.archunit.core.importer.JavaClassProcessor - Processing class 'javax/servlet/http/Cookie'
10:11:20.027 [Test worker] DEBUG com.tngtech.archunit.core.importer.JavaClassProcessor - Processing class 'javax/servlet/http/PushBuilder'
10:11:20.030 [Test worker] DEBUG com.tngtech.archunit.core.importer.JavaClassProcessor - Processing class 'javax/servlet/http/WebConnection'
10:11:20.032 [Test worker] DEBUG com.tngtech.archunit.core.importer.JavaClassProcessor - Processing class 'java/security/MessageDigest'
10:11:20.036 [Test worker] DEBUG com.tngtech.archunit.core.importer.JavaClassProcessor - Processing class 'java/io/RandomAccessFile'
10:11:20.038 [Test worker] DEBUG com.tngtech.archunit.core.importer.JavaClassProcessor - Processing class 'java/io/File'
10:11:20.041 [Test worker] DEBUG com.tngtech.archunit.core.importer.JavaClassProcessor - Processing class 'java/nio/file/Path'
10:11:20.043 [Test worker] DEBUG com.tngtech.archunit.core.importer.JavaClassProcessor - Processing class 'java/nio/file/OpenOption'
10:11:20.045 [Test worker] DEBUG com.tngtech.archunit.core.importer.JavaClassProcessor - Processing class 'java/nio/channels/FileChannel'
10:11:20.047 [Test worker] DEBUG com.tngtech.archunit.core.importer.JavaClassProcessor - Processing class 'org/aspectj/lang/reflect/SourceLocation'
10:11:20.051 [Test worker] DEBUG com.tngtech.archunit.core.importer.JavaClassProcessor - Processing class 'org/aspectj/lang/JoinPoint$StaticPart'
10:11:20.053 [Test worker] DEBUG com.tngtech.archunit.core.importer.JavaClassProcessor - Processing class 'org/aspectj/runtime/internal/AroundClosure'
10:11:20.056 [Test worker] DEBUG com.tngtech.archunit.core.importer.JavaClassProcessor - Processing class 'org/slf4j/Marker'
10:11:20.059 [Test worker] DEBUG com.tngtech.archunit.core.importer.JavaClassProcessor - Processing class 'org/slf4j/helpers/NOPLoggerFactory'
10:11:20.061 [Test worker] DEBUG com.tngtech.archunit.core.importer.JavaClassProcessor - Processing class 'org/slf4j/helpers/SubstituteLoggerFactory'
10:11:20.063 [Test worker] DEBUG com.tngtech.archunit.core.importer.JavaClassProcessor - Processing class 'org/slf4j/event/SubstituteLoggingEvent'
10:11:20.065 [Test worker] DEBUG com.tngtech.archunit.core.importer.JavaClassProcessor - Processing class 'org/slf4j/ILoggerFactory'
10:11:20.067 [Test worker] DEBUG com.tngtech.archunit.core.importer.JavaClassProcessor - Processing class 'org/aopalliance/aop/Advice'
10:11:20.069 [Test worker] DEBUG com.tngtech.archunit.core.importer.JavaClassProcessor - Processing class 'org/springframework/aop/ClassFilter'
10:11:20.071 [Test worker] DEBUG com.tngtech.archunit.core.importer.JavaClassProcessor - Processing class 'org/springframework/aop/Pointcut'
10:11:20.073 [Test worker] DEBUG com.tngtech.archunit.core.importer.JavaClassProcessor - Processing class 'org/springframework/beans/factory/ObjectProvider'
10:11:20.102 [Test worker] DEBUG com.tngtech.archunit.core.importer.JavaClassProcessor - Processing class 'org/springframework/beans/BeansException'
10:11:20.104 [Test worker] DEBUG com.tngtech.archunit.core.importer.JavaClassProcessor - Processing class 'org/springframework/core/ResolvableType'
10:11:20.106 [Test worker] DEBUG com.tngtech.archunit.core.importer.JavaClassProcessor - Processing class 'org/springframework/beans/factory/NoSuchBeanDefinitionException'
10:11:20.110 [Test worker] DEBUG com.tngtech.archunit.core.importer.JavaClassProcessor - Processing class 'org/springframework/beans/factory/config/BeanDefinition'
10:11:20.112 [Test worker] DEBUG com.tngtech.archunit.core.importer.JavaClassProcessor - Processing class 'org/springframework/beans/factory/support/BeanDefinitionRegistry'
10:11:20.114 [Test worker] DEBUG com.tngtech.archunit.core.importer.JavaClassProcessor - Processing class 'org/springframework/boot/BootstrapRegistry'
10:11:20.116 [Test worker] DEBUG com.tngtech.archunit.core.importer.JavaClassProcessor - Processing class 'org/springframework/boot/Banner'
10:11:20.136 [Test worker] DEBUG com.tngtech.archunit.core.importer.JavaClassProcessor - Processing class 'org/springframework/boot/SpringApplicationShutdownHook'
10:11:20.137 [Test worker] DEBUG com.tngtech.archunit.core.importer.JavaClassProcessor - Processing class 'org/apache/commons/logging/Log'
10:11:20.138 [Test worker] DEBUG com.tngtech.archunit.core.importer.JavaClassProcessor - Processing class 'org/springframework/boot/ApplicationContextFactory'
10:11:20.138 [Test worker] DEBUG com.tngtech.archunit.core.importer.JavaClassProcessor - Processing class 'org/springframework/boot/Banner$Mode'
10:11:20.139 [Test worker] DEBUG com.tngtech.archunit.core.importer.JavaClassProcessor - Processing class 'org/springframework/boot/WebApplicationType'
10:11:20.140 [Test worker] DEBUG com.tngtech.archunit.core.importer.JavaClassProcessor - Processing class 'org/springframework/core/metrics/ApplicationStartup'
10:11:20.141 [Test worker] DEBUG com.tngtech.archunit.core.importer.JavaClassProcessor - Processing class 'org/springframework/boot/DefaultBootstrapContext'
10:11:20.143 [Test worker] DEBUG com.tngtech.archunit.core.importer.JavaClassProcessor - Processing class 'org/springframework/boot/SpringApplicationRunListeners'
10:11:20.144 [Test worker] DEBUG com.tngtech.archunit.core.importer.JavaClassProcessor - Processing class 'org/springframework/boot/ApplicationArguments'
10:11:20.163 [Test worker] DEBUG com.tngtech.archunit.core.importer.JavaClassProcessor - Processing class 'org/springframework/beans/factory/support/AbstractAutowireCapableBeanFactory'
10:11:20.166 [Test worker] DEBUG com.tngtech.archunit.core.importer.JavaClassProcessor - Processing class 'org/springframework/beans/factory/support/DefaultListableBeanFactory'
10:11:20.170 [Test worker] DEBUG com.tngtech.archunit.core.importer.JavaClassProcessor - Processing class 'org/springframework/boot/SpringApplicationShutdownHandlers'
10:11:20.171 [Test worker] DEBUG com.tngtech.archunit.core.importer.JavaClassProcessor - Processing class 'org/springframework/boot/CommandLineRunner'
10:11:20.172 [Test worker] DEBUG com.tngtech.archunit.core.importer.JavaClassProcessor - Processing class 'org/springframework/boot/ApplicationRunner'
10:11:20.173 [Test worker] DEBUG com.tngtech.archunit.core.importer.JavaClassProcessor - Processing class 'org/springframework/boot/BeanDefinitionLoader'
10:11:20.174 [Test worker] DEBUG com.tngtech.archunit.core.importer.JavaClassProcessor - Processing class 'org/springframework/boot/ExitCodeGenerator'
10:11:20.175 [Test worker] DEBUG com.tngtech.archunit.core.importer.JavaClassProcessor - Processing class 'org/springframework/boot/SpringBootExceptionHandler'
10:11:20.176 [Test worker] DEBUG com.tngtech.archunit.core.importer.JavaClassProcessor - Processing class 'org/springframework/boot/SpringApplicationRunListener'
10:11:20.177 [Test worker] DEBUG com.tngtech.archunit.core.importer.JavaClassProcessor - Processing class 'org/springframework/boot/ApplicationServletEnvironment'
10:11:20.178 [Test worker] DEBUG com.tngtech.archunit.core.importer.JavaClassProcessor - Processing class 'org/springframework/boot/ApplicationEnvironment'
10:11:20.179 [Test worker] DEBUG com.tngtech.archunit.core.importer.JavaClassProcessor - Processing class 'org/springframework/boot/ApplicationReactiveWebEnvironment'
10:11:20.180 [Test worker] DEBUG com.tngtech.archunit.core.importer.JavaClassProcessor - Processing class 'org/springframework/context/support/GenericApplicationContext'
10:11:20.181 [Test worker] DEBUG com.tngtech.archunit.core.importer.JavaClassProcessor - Processing class 'org/springframework/core/io/DefaultResourceLoader'
10:11:20.183 [Test worker] DEBUG com.tngtech.archunit.core.importer.JavaClassProcessor - Processing class 'org/springframework/context/support/AbstractApplicationContext'
10:11:20.186 [Test worker] DEBUG com.tngtech.archunit.core.importer.JavaClassProcessor - Processing class 'org/springframework/boot/ExitCodeExceptionMapper'
10:11:20.188 [Test worker] DEBUG com.tngtech.archunit.core.importer.JavaClassProcessor - Processing class 'org/springframework/core/type/classreading/MetadataReader'
10:11:20.189 [Test worker] DEBUG com.tngtech.archunit.core.importer.JavaClassProcessor - Processing class 'org/springframework/core/type/classreading/MetadataReaderFactory'
10:11:20.189 [Test worker] DEBUG com.tngtech.archunit.core.importer.JavaClassProcessor - Processing class 'org/springframework/boot/autoconfigure/AutoConfigurationMetadata'
10:11:20.190 [Test worker] DEBUG com.tngtech.archunit.core.importer.JavaClassProcessor - Processing class 'org/springframework/boot/autoconfigure/AutoConfigurationImportEvent'
10:11:20.191 [Test worker] DEBUG com.tngtech.archunit.core.importer.JavaClassProcessor - Processing class 'org/springframework/beans/factory/config/ConfigurableListableBeanFactory'
10:11:20.192 [Test worker] DEBUG com.tngtech.archunit.core.importer.JavaClassProcessor - Processing class 'org/springframework/boot/autoconfigure/AutoConfigurationImportSelector$ConfigurationClassFilter'
10:11:20.193 [Test worker] DEBUG com.tngtech.archunit.core.importer.JavaClassProcessor - Processing class 'org/springframework/boot/autoconfigure/AutoConfigurationImportSelector$AutoConfigurationEntry'
10:11:20.194 [Test worker] DEBUG com.tngtech.archunit.core.importer.JavaClassProcessor - Processing class 'org/springframework/core/type/AnnotationMetadata'
10:11:20.195 [Test worker] DEBUG com.tngtech.archunit.core.importer.JavaClassProcessor - Processing class 'org/springframework/core/annotation/AnnotationAttributes'
10:11:20.211 [Test worker] DEBUG com.tngtech.archunit.core.importer.JavaClassProcessor - Processing class 'org/springframework/boot/autoconfigure/AutoConfigurationImportSelector$AutoConfigurationGroup'
10:11:20.215 [Test worker] DEBUG com.tngtech.archunit.core.importer.JavaClassProcessor - Processing class 'org/springframework/boot/autoconfigure/AutoConfigurationPackages$BasePackages'
10:11:20.217 [Test worker] DEBUG com.tngtech.archunit.core.importer.JavaClassProcessor - Processing class 'org/springframework/boot/web/client/RestTemplateBuilder$RequestFactoryCustomizer'
10:11:20.219 [Test worker] DEBUG com.tngtech.archunit.core.importer.JavaClassProcessor - Processing class 'org/springframework/web/client/ResponseErrorHandler'
10:11:20.221 [Test worker] DEBUG com.tngtech.archunit.core.importer.JavaClassProcessor - Processing class 'org/springframework/boot/web/client/BasicAuthentication'
10:11:20.223 [Test worker] DEBUG com.tngtech.archunit.core.importer.JavaClassProcessor - Processing class 'org/springframework/web/util/UriTemplateHandler'
10:11:20.237 [Test worker] DEBUG com.tngtech.archunit.core.importer.JavaClassProcessor - Processing class 'org/springframework/beans/factory/config/AutowireCapableBeanFactory'
10:11:20.238 [Test worker] DEBUG com.tngtech.archunit.core.importer.JavaClassProcessor - Processing class 'org/springframework/core/io/ProtocolResolver'
10:11:20.239 [Test worker] DEBUG com.tngtech.archunit.core.importer.JavaClassProcessor - Processing class 'org/springframework/beans/factory/config/BeanFactoryPostProcessor'
10:11:20.240 [Test worker] DEBUG com.tngtech.archunit.core.importer.JavaClassProcessor - Processing class 'org/springframework/context/NoSuchMessageException'
10:11:20.241 [Test worker] DEBUG com.tngtech.archunit.core.importer.JavaClassProcessor - Processing class 'org/springframework/context/MessageSourceResolvable'
10:11:20.242 [Test worker] DEBUG com.tngtech.archunit.core.importer.JavaClassProcessor - Processing class 'org/springframework/context/annotation/ScopeMetadata'
10:11:20.243 [Test worker] DEBUG com.tngtech.archunit.core.importer.JavaClassProcessor - Processing class 'org/springframework/beans/factory/annotation/AnnotatedBeanDefinition'
10:11:20.244 [Test worker] DEBUG com.tngtech.archunit.core.importer.JavaClassProcessor - Processing class 'org/springframework/context/annotation/Scope'
10:11:20.250 [Test worker] DEBUG com.tngtech.archunit.core.importer.JavaClassProcessor - Processing class 'org/springframework/core/env/MutablePropertySources'
10:11:20.251 [Test worker] DEBUG com.tngtech.archunit.core.importer.JavaClassProcessor - Processing class 'org/springframework/core/env/Profiles'
10:11:20.252 [Test worker] DEBUG com.tngtech.archunit.core.importer.JavaClassProcessor - Processing class 'org/springframework/core/convert/support/ConfigurableConversionService'
10:11:20.256 [Test worker] DEBUG com.tngtech.archunit.core.importer.JavaClassProcessor - Processing class 'org/springframework/core/env/MissingRequiredPropertiesException'
10:11:20.259 [Test worker] DEBUG com.tngtech.archunit.core.importer.JavaClassProcessor - Processing class 'org/springframework/core/io/Resource'
10:11:20.262 [Test worker] DEBUG com.tngtech.archunit.core.importer.JavaClassProcessor - Processing class 'org/springframework/data/domain/Sort'
10:11:20.265 [Test worker] DEBUG com.tngtech.archunit.core.importer.JavaClassProcessor - Processing class 'org/springframework/data/domain/Example'
10:11:20.268 [Test worker] DEBUG com.tngtech.archunit.core.importer.JavaClassProcessor - Processing class 'org/springframework/data/domain/Page'
10:11:20.270 [Test worker] DEBUG com.tngtech.archunit.core.importer.JavaClassProcessor - Processing class 'org/springframework/data/domain/Pageable'
10:11:20.272 [Test worker] DEBUG com.tngtech.archunit.core.importer.JavaClassProcessor - Processing class 'java/util/regex/Pattern'
10:11:20.277 [Test worker] DEBUG com.tngtech.archunit.core.importer.JavaClassProcessor - Processing class 'java/text/DecimalFormatSymbols'
10:11:20.280 [Test worker] DEBUG com.tngtech.archunit.core.importer.JavaClassProcessor - Processing class 'org/springframework/http/ContentDisposition'
10:11:20.294 [Test worker] DEBUG com.tngtech.archunit.core.importer.JavaClassProcessor - Processing class 'org/springframework/http/CacheControl'
10:11:20.296 [Test worker] DEBUG com.tngtech.archunit.core.importer.JavaClassProcessor - Processing class 'java/net/InetSocketAddress'
10:11:20.298 [Test worker] DEBUG com.tngtech.archunit.core.importer.JavaClassProcessor - Processing class 'org/springframework/http/ReadOnlyHttpHeaders'
10:11:20.304 [Test worker] DEBUG com.tngtech.archunit.core.importer.JavaClassProcessor - Processing class 'java/io/OutputStream'
10:11:20.306 [Test worker] DEBUG com.tngtech.archunit.core.importer.JavaClassProcessor - Processing class 'org/springframework/core/io/InputStreamResource'
10:11:20.309 [Test worker] DEBUG com.tngtech.archunit.core.importer.JavaClassProcessor - Processing class 'org/springframework/http/HttpStatus$Series'
10:11:20.313 [Test worker] DEBUG com.tngtech.archunit.core.importer.JavaClassProcessor - Processing class 'org/springframework/http/ResponseEntity$HeadersBuilder'
10:11:20.316 [Test worker] DEBUG com.tngtech.archunit.core.importer.JavaClassProcessor - Processing class 'org/springframework/http/ResponseEntity$BodyBuilder'
10:11:20.318 [Test worker] DEBUG com.tngtech.archunit.core.importer.JavaClassProcessor - Processing class 'org/springframework/http/ResponseEntity$1'
10:11:20.320 [Test worker] DEBUG com.tngtech.archunit.core.importer.JavaClassProcessor - Processing class 'org/springframework/http/client/ClientHttpResponse'
10:11:20.322 [Test worker] DEBUG com.tngtech.archunit.core.importer.JavaClassProcessor - Processing class 'org/springframework/http/client/ClientHttpRequestExecution'
10:11:20.325 [Test worker] DEBUG com.tngtech.archunit.core.importer.JavaClassProcessor - Processing class 'org/springframework/http/HttpInputMessage'
10:11:20.327 [Test worker] DEBUG com.tngtech.archunit.core.importer.JavaClassProcessor - Processing class 'org/springframework/http/converter/HttpMessageNotReadableException'
10:11:20.329 [Test worker] DEBUG com.tngtech.archunit.core.importer.JavaClassProcessor - Processing class 'org/springframework/http/converter/HttpMessageNotWritableException'
10:11:20.331 [Test worker] DEBUG com.tngtech.archunit.core.importer.JavaClassProcessor - Processing class 'org/springframework/retry/RetryContext'
10:11:20.333 [Test worker] DEBUG com.tngtech.archunit.core.importer.JavaClassProcessor - Processing class 'org/springframework/retry/RetryCallback'
10:11:20.335 [Test worker] DEBUG com.tngtech.archunit.core.importer.JavaClassProcessor - Processing class 'org/springframework/retry/backoff/Sleeper'
10:11:20.339 [Test worker] DEBUG com.tngtech.archunit.core.importer.JavaClassProcessor - Processing class 'org/springframework/retry/annotation/AnnotationAwareRetryOperationsInterceptor'
10:11:20.342 [Test worker] DEBUG com.tngtech.archunit.core.importer.JavaClassProcessor - Processing class 'org/springframework/retry/interceptor/MethodArgumentsKeyGenerator'
10:11:20.344 [Test worker] DEBUG com.tngtech.archunit.core.importer.JavaClassProcessor - Processing class 'org/springframework/retry/policy/RetryContextCache'
10:11:20.345 [Test worker] DEBUG com.tngtech.archunit.core.importer.JavaClassProcessor - Processing class 'org/springframework/retry/interceptor/NewMethodArgumentsIdentifier'
10:11:20.346 [Test worker] DEBUG com.tngtech.archunit.core.importer.JavaClassProcessor - Processing class 'org/springframework/retry/annotation/Retryable'
10:11:20.349 [Test worker] DEBUG com.tngtech.archunit.core.importer.JavaClassProcessor - Processing class 'org/springframework/retry/interceptor/Retryable'
10:11:20.351 [Test worker] DEBUG com.tngtech.archunit.core.importer.JavaClassProcessor - Processing class 'java/util/BitSet'
10:11:20.360 [Test worker] DEBUG com.tngtech.archunit.core.importer.JavaClassProcessor - Processing class 'org/springframework/web/client/RestClientException'
10:11:20.365 [Test worker] DEBUG com.tngtech.archunit.core.importer.JavaClassProcessor - Processing class 'org/springframework/http/RequestEntity'
10:11:20.368 [Test worker] DEBUG com.tngtech.archunit.core.importer.JavaClassProcessor - Processing class 'org/springframework/core/ParameterizedTypeReference'
10:11:20.370 [Test worker] DEBUG com.tngtech.archunit.core.importer.JavaClassProcessor - Processing class 'org/springframework/web/client/RequestCallback'
10:11:20.371 [Test worker] DEBUG com.tngtech.archunit.core.importer.JavaClassProcessor - Processing class 'org/springframework/web/client/ResponseExtractor'
10:11:20.380 [Test worker] DEBUG com.tngtech.archunit.core.importer.JavaClassProcessor - Processing class 'org/springframework/web/util/DefaultUriBuilderFactory'
10:11:20.402 [Test worker] DEBUG com.tngtech.archunit.core.importer.JavaClassProcessor - Processing class 'org/springframework/web/util/AbstractUriTemplateHandler'
10:11:20.404 [Test worker] DEBUG com.tngtech.archunit.core.importer.JavaClassProcessor - Processing class 'org/springframework/http/RequestEntity$UriTemplateRequestEntity'
10:11:20.407 [Test worker] DEBUG com.tngtech.archunit.core.importer.JavaClassProcessor - Processing class 'org/springframework/beans/BeanWrapper'
10:11:20.409 [Test worker] DEBUG com.tngtech.archunit.core.importer.JavaClassProcessor - Processing class 'sun/util/locale/LocaleSyntaxException'
10:11:20.410 [Test worker] DEBUG com.tngtech.archunit.core.importer.JavaClassProcessor - Processing class 'sun/util/locale/LanguageTag'
10:11:20.412 [Test worker] DEBUG com.tngtech.archunit.core.importer.JavaClassProcessor - Processing class 'sun/util/locale/UnicodeLocaleExtension'
10:11:20.684 [Test worker] DEBUG com.tngtech.archunit.core.importer.UrlSource$From - Found URLs on sun.boot.class.path: []
10:11:20.738 [Test worker] DEBUG com.tngtech.archunit.core.importer.UrlSource$From - Found URLs on java.class.path: [jar:file:/C:/Users/Usuario/.gradle/caches/7.6.1/workerMain/gradle-worker.jar!/, file:/C:/Users/Usuario/Desktop/TrafficAgent/build/classes/java/test/, file:/C:/Users/Usuario/Desktop/TrafficAgent/build/resources/test/, file:/C:/Users/Usuario/Desktop/TrafficAgent/build/classes/java/main/, file:/C:/Users/Usuario/Desktop/TrafficAgent/build/resources/main/, jar:file:/C:/Users/Usuario/.gradle/caches/modules-2/files-2.1/org.springframework.boot/spring-boot-starter-web/2.6.3/ceb6e909c144daf9e792069f5f0efd105c8712a/spring-boot-starter-web-2.6.3.jar!/, jar:file:/C:/Users/Usuario/.gradle/caches/modules-2/files-2.1/org.springframework.boot/spring-boot-starter-undertow/2.6.3/988095d74254727e400818c46de206242a427de5/spring-boot-starter-undertow-2.6.3.jar!/, jar:file:/C:/Users/Usuario/.gradle/caches/modules-2/files-2.1/org.springframework.boot/spring-boot-starter-data-jpa/2.6.3/74c60a724e4f81c7527b848ee24e91ba6facfe24/spring-boot-starter-data-jpa-2.6.3.jar!/, jar:file:/C:/Users/Usuario/.gradle/caches/modules-2/files-2.1/org.postgresql/postgresql/42.3.1/9ca7df660e875b91c78e3d1608d4d7469ad3470c/postgresql-42.3.1.jar!/, jar:file:/C:/Users/Usuario/.gradle/caches/modules-2/files-2.1/org.springframework.retry/spring-retry/2.0.0/6a7a653901b58eb741692417f33b5bebedbd01f7/spring-retry-2.0.0.jar!/, jar:file:/C:/Users/Usuario/.gradle/caches/modules-2/files-2.1/io.jsonwebtoken/jjwt/0.9.1/54d2abfc3e63a28824d35bf600d6a5d627da681a/jjwt-0.9.1.jar!/, jar:file:/C:/Users/Usuario/.gradle/caches/modules-2/files-2.1/com.auth0/java-jwt/4.2.1/904306772bb7d43750527f84d7b23589a1f9ab12/java-jwt-4.2.1.jar!/, jar:file:/C:/Users/Usuario/.gradle/caches/modules-2/files-2.1/commons-codec/commons-codec/1.15/49d94806b6e3dc933dacbd8acb0fdbab8ebd1e5d/commons-codec-1.15.jar!/, jar:file:/C:/Users/Usuario/.gradle/caches/modules-2/files-2.1/org.springframework.boot/spring-boot-starter-aop/2.6.3/338cbbfe2667aea23d95672093e05b5f54630c5a/spring-boot-starter-aop-2.6.3.jar!/, jar:file:/C:/Users/Usuario/.gradle/caches/modules-2/files-2.1/com.h2database/h2/2.1.214/d5c2005c9e3279201e12d4776c948578b16bf8b2/h2-2.1.214.jar!/, jar:file:/C:/Users/Usuario/.gradle/caches/modules-2/files-2.1/org.springframework.boot/spring-boot-starter-test/2.6.3/1ac659fc8c6d7285218b7ff79d67b87736f4ddf2/spring-boot-starter-test-2.6.3.jar!/, jar:file:/C:/Users/Usuario/.gradle/caches/modules-2/files-2.1/com.tngtech.archunit/archunit-junit5/1.0.0/d381ade9436d047877181fe50f508318e6a5a8/archunit-junit5-1.0.0.jar!/, jar:file:/C:/Users/Usuario/.gradle/caches/modules-2/files-2.1/org.springframework.boot/spring-boot-starter-json/2.6.3/b43885849bde2ad5d436c5acdd43b21730f9c676/spring-boot-starter-json-2.6.3.jar!/, jar:file:/C:/Users/Usuario/.gradle/caches/modules-2/files-2.1/org.springframework.boot/spring-boot-starter-jdbc/2.6.3/17871ef6920a3decad5f10181b2baf198ea2b787/spring-boot-starter-jdbc-2.6.3.jar!/, jar:file:/C:/Users/Usuario/.gradle/caches/modules-2/files-2.1/org.springframework.boot/spring-boot-starter/2.6.3/1211af6e300c0584e01c7a9a75e585ac0aec6ea6/spring-boot-starter-2.6.3.jar!/, jar:file:/C:/Users/Usuario/.gradle/caches/modules-2/files-2.1/org.springframework/spring-webmvc/5.3.15/28307dda4cb5fbeb6f7d7e7c846f464da0eba955/spring-webmvc-5.3.15.jar!/, jar:file:/C:/Users/Usuario/.gradle/caches/modules-2/files-2.1/org.springframework/spring-web/5.3.15/a228b373eff7fe34e868827ab02c91b8bf7a643e/spring-web-5.3.15.jar!/, jar:file:/C:/Users/Usuario/.gradle/caches/modules-2/files-2.1/io.undertow/undertow-websockets-jsr/2.2.14.Final/fffc3ffff1880fd695c22164d37bd16dc1dc4b7e/undertow-websockets-jsr-2.2.14.Final.jar!/, jar:file:/C:/Users/Usuario/.gradle/caches/modules-2/files-2.1/io.undertow/undertow-servlet/2.2.14.Final/8354ab1476d85dec5ee743a0f40b113cf29a55b8/undertow-servlet-2.2.14.Final.jar!/, jar:file:/C:/Users/Usuario/.gradle/caches/modules-2/files-2.1/io.undertow/undertow-core/2.2.14.Final/deb02123fba830230d1837a1e6b3731607196a41/undertow-core-2.2.14.Final.jar!/, jar:file:/C:/Users/Usuario/.gradle/caches/modules-2/files-2.1/jakarta.servlet/jakarta.servlet-api/4.0.4/b8a1142e04838fe54194049c6e7a18dae8f9b960/jakarta.servlet-api-4.0.4.jar!/, jar:file:/C:/Users/Usuario/.gradle/caches/modules-2/files-2.1/jakarta.websocket/jakarta.websocket-api/1.1.2/69c2fdfb75081cc935bc9d6c5616d12b0b73815f/jakarta.websocket-api-1.1.2.jar!/, jar:file:/C:/Users/Usuario/.gradle/caches/modules-2/files-2.1/org.apache.tomcat.embed/tomcat-embed-el/9.0.56/8e4f28f714693ad4e158e61f41371d4e4c6b4e23/tomcat-embed-el-9.0.56.jar!/, jar:file:/C:/Users/Usuario/.gradle/caches/modules-2/files-2.1/jakarta.transaction/jakarta.transaction-api/1.3.3/c4179d48720a1e87202115fbed6089bdc4195405/jakarta.transaction-api-1.3.3.jar!/, jar:file:/C:/Users/Usuario/.gradle/caches/modules-2/files-2.1/jakarta.persistence/jakarta.persistence-api/2.2.3/8f6ea5daedc614f07a3654a455660145286f024e/jakarta.persistence-api-2.2.3.jar!/, jar:file:/C:/Users/Usuario/.gradle/caches/modules-2/files-2.1/org.hibernate/hibernate-core/5.6.4.Final/a21d3a313d8fa4dbf2d05aa50ef3157a8081e83f/hibernate-core-5.6.4.Final.jar!/, jar:file:/C:/Users/Usuario/.gradle/caches/modules-2/files-2.1/org.springframework.data/spring-data-jpa/2.6.1/70eef23d3c1ba594749867edb9c89832da8f923c/spring-data-jpa-2.6.1.jar!/, jar:file:/C:/Users/Usuario/.gradle/caches/modules-2/files-2.1/org.springframework/spring-aspects/5.3.15/d1e42bac0f61ad50f633c13f8bcab905a66313af/spring-aspects-5.3.15.jar!/, jar:file:/C:/Users/Usuario/.gradle/caches/modules-2/files-2.1/org.checkerframework/checker-qual/3.5.0/2f50520c8abea66fbd8d26e481d3aef5c673b510/checker-qual-3.5.0.jar!/, jar:file:/C:/Users/Usuario/.gradle/caches/modules-2/files-2.1/com.fasterxml.jackson.datatype/jackson-datatype-jsr310/2.13.1/1ece5a87b59701328215e0083448b4d451857cbd/jackson-datatype-jsr310-2.13.1.jar!/, jar:file:/C:/Users/Usuario/.gradle/caches/modules-2/files-2.1/com.fasterxml.jackson.module/jackson-module-parameter-names/2.13.1/cbeec2259213c555ef451a2e05f35ed1dbfbf799/jackson-module-parameter-names-2.13.1.jar!/, jar:file:/C:/Users/Usuario/.gradle/caches/modules-2/files-2.1/com.fasterxml.jackson.core/jackson-annotations/2.13.1/1cbcbe4623113e6af92ccaa89884a345270f1a87/jackson-annotations-2.13.1.jar!/, jar:file:/C:/Users/Usuario/.gradle/caches/modules-2/files-2.1/com.fasterxml.jackson.core/jackson-core/2.13.1/51ae921a2ed1e06ca8876f12f32f265e83c0b2b8/jackson-core-2.13.1.jar!/, jar:file:/C:/Users/Usuario/.gradle/caches/modules-2/files-2.1/com.fasterxml.jackson.datatype/jackson-datatype-jdk8/2.13.1/8ecfa9bcd714269fdf22c33f9fd00d0643bd0e21/jackson-datatype-jdk8-2.13.1.jar!/, jar:file:/C:/Users/Usuario/.gradle/caches/modules-2/files-2.1/com.fasterxml.jackson.core/jackson-databind/2.13.1/698b2d2b15d9a1b7aae025f1d9f576842285e7f6/jackson-databind-2.13.1.jar!/, jar:file:/C:/Users/Usuario/.gradle/caches/modules-2/files-2.1/org.springframework.boot/spring-boot-test-autoconfigure/2.6.3/c903465682a6cd69adbc83feb8e8bfa26c51e6ae/spring-boot-test-autoconfigure-2.6.3.jar!/, jar:file:/C:/Users/Usuario/.gradle/caches/modules-2/files-2.1/org.springframework.boot/spring-boot-test/2.6.3/93b38ba8d4f027a7eda8c28dbe8f77b712de1142/spring-boot-test-2.6.3.jar!/, jar:file:/C:/Users/Usuario/.gradle/caches/modules-2/files-2.1/org.springframework.boot/spring-boot-autoconfigure/2.6.3/8bf96f63e9479b5a1c17d1fa05b149bb5ed050e2/spring-boot-autoconfigure-2.6.3.jar!/, jar:file:/C:/Users/Usuario/.gradle/caches/modules-2/files-2.1/org.springframework.boot/spring-boot/2.6.3/f1127e8a70ba7b9f12581e79ea963b739059bf55/spring-boot-2.6.3.jar!/, jar:file:/C:/Users/Usuario/.gradle/caches/modules-2/files-2.1/org.springframework/spring-context/5.3.15/80a12b7dcb3332fbd65c3649249fd35561ffc561/spring-context-5.3.15.jar!/, jar:file:/C:/Users/Usuario/.gradle/caches/modules-2/files-2.1/org.springframework/spring-aop/5.3.15/195966e1f4260f89696e668856ebfd9a1bc76404/spring-aop-5.3.15.jar!/, jar:file:/C:/Users/Usuario/.gradle/caches/modules-2/files-2.1/org.aspectj/aspectjweaver/1.9.7/158f5c255cd3e4408e795b79f7c3fbae9b53b7ca/aspectjweaver-1.9.7.jar!/, jar:file:/C:/Users/Usuario/.gradle/caches/modules-2/files-2.1/com.jayway.jsonpath/json-path/2.6.0/67f565b424f7903a12d4f5b9361b11462ecacdac/json-path-2.6.0.jar!/, jar:file:/C:/Users/Usuario/.gradle/caches/modules-2/files-2.1/org.glassfish.jaxb/jaxb-runtime/2.3.5/a169a961a2bb9ac69517ec1005e451becf5cdfab/jaxb-runtime-2.3.5.jar!/, jar:file:/C:/Users/Usuario/.gradle/caches/modules-2/files-2.1/jakarta.xml.bind/jakarta.xml.bind-api/2.3.3/48e3b9cfc10752fba3521d6511f4165bea951801/jakarta.xml.bind-api-2.3.3.jar!/, jar:file:/C:/Users/Usuario/.gradle/caches/modules-2/files-2.1/org.assertj/assertj-core/3.21.0/27a14d6d22c4e3d58f799fb2a5ca8eaf53e6942a/assertj-core-3.21.0.jar!/, jar:file:/C:/Users/Usuario/.gradle/caches/modules-2/files-2.1/org.hamcrest/hamcrest/2.2/1820c0968dba3a11a1b30669bb1f01978a91dedc/hamcrest-2.2.jar!/, jar:file:/C:/Users/Usuario/.gradle/caches/modules-2/files-2.1/org.mockito/mockito-junit-jupiter/4.0.0/b76de25bd6e5d8f7924d0536729c0076e37e9396/mockito-junit-jupiter-4.0.0.jar!/, jar:file:/C:/Users/Usuario/.gradle/caches/modules-2/files-2.1/org.junit.jupiter/junit-jupiter-params/5.8.2/ddeafe92fc263f895bfb73ffeca7fd56e23c2cce/junit-jupiter-params-5.8.2.jar!/, jar:file:/C:/Users/Usuario/.gradle/caches/modules-2/files-2.1/org.junit.jupiter/junit-jupiter-engine/5.8.2/c598b4328d2f397194d11df3b1648d68d7d990e3/junit-jupiter-engine-5.8.2.jar!/, jar:file:/C:/Users/Usuario/.gradle/caches/modules-2/files-2.1/org.junit.jupiter/junit-jupiter-api/5.8.2/4c21029217adf07e4c0d0c5e192b6bf610c94bdc/junit-jupiter-api-5.8.2.jar!/, jar:file:/C:/Users/Usuario/.gradle/caches/modules-2/files-2.1/com.tngtech.archunit/archunit-junit5-engine/1.0.0/c942ce334f410062298100f834a767f765ac7a8e/archunit-junit5-engine-1.0.0.jar!/, jar:file:/C:/Users/Usuario/.gradle/caches/modules-2/files-2.1/com.tngtech.archunit/archunit-junit5-engine-api/1.0.0/f2fcf7191e65bda73cb14b510e380d0c4e55c9c8/archunit-junit5-engine-api-1.0.0.jar!/, jar:file:/C:/Users/Usuario/.gradle/caches/modules-2/files-2.1/org.junit.platform/junit-platform-engine/1.8.2/b737de09f19864bd136805c84df7999a142fec29/junit-platform-engine-1.8.2.jar!/, jar:file:/C:/Users/Usuario/.gradle/caches/modules-2/files-2.1/org.junit.platform/junit-platform-commons/1.8.2/32c8b8617c1342376fd5af2053da6410d8866861/junit-platform-commons-1.8.2.jar!/, jar:file:/C:/Users/Usuario/.gradle/caches/modules-2/files-2.1/org.junit.jupiter/junit-jupiter/5.8.2/5a817b1e63f1217e5c586090c45e681281f097ad/junit-jupiter-5.8.2.jar!/, jar:file:/C:/Users/Usuario/.gradle/caches/modules-2/files-2.1/org.mockito/mockito-core/4.0.0/f5195e0c4a45716bbd2d1d29173adbd148acce3a/mockito-core-4.0.0.jar!/, jar:file:/C:/Users/Usuario/.gradle/caches/modules-2/files-2.1/org.skyscreamer/jsonassert/1.5.0/6c9d5fe2f59da598d9aefc1cfc6528ff3cf32df3/jsonassert-1.5.0.jar!/, jar:file:/C:/Users/Usuario/.gradle/caches/modules-2/files-2.1/org.springframework/spring-test/5.3.15/1efef59ebbf51bc072d08c5854b1d5cbb1c29b65/spring-test-5.3.15.jar!/, jar:file:/C:/Users/Usuario/.gradle/caches/modules-2/files-2.1/org.springframework/spring-orm/5.3.15/edddfcbf3bd2a3cc8b5316329f16dcf88cec33b5/spring-orm-5.3.15.jar!/, jar:file:/C:/Users/Usuario/.gradle/caches/modules-2/files-2.1/org.springframework/spring-jdbc/5.3.15/2c7883bb9a50e37f177cdc3e064e88325f97bd36/spring-jdbc-5.3.15.jar!/, jar:file:/C:/Users/Usuario/.gradle/caches/modules-2/files-2.1/org.springframework.data/spring-data-commons/2.6.1/ba24a3b88e26191b25031cefb8de458deed05551/spring-data-commons-2.6.1.jar!/, jar:file:/C:/Users/Usuario/.gradle/caches/modules-2/files-2.1/org.springframework/spring-tx/5.3.15/27b8c1f0a896dc2f7d1629556b06f55f2a07351d/spring-tx-5.3.15.jar!/, jar:file:/C:/Users/Usuario/.gradle/caches/modules-2/files-2.1/org.springframework/spring-beans/5.3.15/a88e2ccfe8b131bcff2e643b90d52f6d928e7369/spring-beans-5.3.15.jar!/, jar:file:/C:/Users/Usuario/.gradle/caches/modules-2/files-2.1/org.springframework/spring-expression/5.3.15/362f36bbc4c4b46cc2e4f219df22d08945000c2/spring-expression-5.3.15.jar!/, jar:file:/C:/Users/Usuario/.gradle/caches/modules-2/files-2.1/org.springframework/spring-core/5.3.15/e813c2311465672d3089fc7be8dbbadb04e64d6b/spring-core-5.3.15.jar!/, jar:file:/C:/Users/Usuario/.gradle/caches/modules-2/files-2.1/org.xmlunit/xmlunit-core/2.8.4/35be57989ca80eefa03161b211630e319a8f36c6/xmlunit-core-2.8.4.jar!/, jar:file:/C:/Users/Usuario/.gradle/caches/modules-2/files-2.1/com.tngtech.archunit/archunit-junit5-api/1.0.0/f537a0cb4156e374e436009cf7e8e07062929b32/archunit-junit5-api-1.0.0.jar!/, jar:file:/C:/Users/Usuario/.gradle/caches/modules-2/files-2.1/org.springframework.boot/spring-boot-starter-logging/2.6.3/86599127b1e69a6180014cbeed8297ba26e8c6aa/spring-boot-starter-logging-2.6.3.jar!/, jar:file:/C:/Users/Usuario/.gradle/caches/modules-2/files-2.1/jakarta.annotation/jakarta.annotation-api/1.3.5/59eb84ee0d616332ff44aba065f3888cf002cd2d/jakarta.annotation-api-1.3.5.jar!/, jar:file:/C:/Users/Usuario/.gradle/caches/modules-2/files-2.1/org.yaml/snakeyaml/1.29/6d0cdafb2010f1297e574656551d7145240f6e25/snakeyaml-1.29.jar!/, jar:file:/C:/Users/Usuario/.gradle/caches/modules-2/files-2.1/org.hibernate.common/hibernate-commons-annotations/5.1.2.Final/e59ffdbc6ad09eeb33507b39ffcf287679a498c8/hibernate-commons-annotations-5.1.2.Final.jar!/, jar:file:/C:/Users/Usuario/.gradle/caches/modules-2/files-2.1/org.jboss.xnio/xnio-nio/3.8.4.Final/109d7de9a4d995ed9f46e1409520ace346fe2fc4/xnio-nio-3.8.4.Final.jar!/, jar:file:/C:/Users/Usuario/.gradle/caches/modules-2/files-2.1/org.jboss.xnio/xnio-api/3.8.4.Final/8714f2bf19f6e5fa7e36e8516dcb4606ef152e4d/xnio-api-3.8.4.Final.jar!/, jar:file:/C:/Users/Usuario/.gradle/caches/modules-2/files-2.1/org.wildfly.client/wildfly-client-config/1.0.1.Final/2a803b23c40a0de0f03a90d1fd3755747bc05f4b/wildfly-client-config-1.0.1.Final.jar!/, jar:file:/C:/Users/Usuario/.gradle/caches/modules-2/files-2.1/org.jboss.threads/jboss-threads/3.1.0.Final/9b260c0302f637a84a52d3d118214a3c59217615/jboss-threads-3.1.0.Final.jar!/, jar:file:/C:/Users/Usuario/.gradle/caches/modules-2/files-2.1/org.jboss.logging/jboss-logging/3.4.3.Final/c4bd7e12a745c0e7f6cf98c45cdcdf482fd827ea/jboss-logging-3.4.3.Final.jar!/, jar:file:/C:/Users/Usuario/.gradle/caches/modules-2/files-2.1/com.zaxxer/HikariCP/4.0.3/107cbdf0db6780a065f895ae9d8fbf3bb0e1c21f/HikariCP-4.0.3.jar!/, jar:file:/C:/Users/Usuario/.gradle/caches/modules-2/files-2.1/net.bytebuddy/byte-buddy/1.11.22/8b4c7fa5562a09da1c2a9ab0873cb51f5034d83f/byte-buddy-1.11.22.jar!/, jar:file:/C:/Users/Usuario/.gradle/caches/modules-2/files-2.1/antlr/antlr/2.7.7/83cd2cd674a217ade95a4bb83a8a14f351f48bd0/antlr-2.7.7.jar!/, jar:file:/C:/Users/Usuario/.gradle/caches/modules-2/files-2.1/org.jboss/jandex/2.4.2.Final/1e1c385990b258ff1a24c801e84aebbacf70eb39/jandex-2.4.2.Final.jar!/, jar:file:/C:/Users/Usuario/.gradle/caches/modules-2/files-2.1/com.fasterxml/classmate/1.5.1/3fe0bed568c62df5e89f4f174c101eab25345b6c/classmate-1.5.1.jar!/, jar:file:/C:/Users/Usuario/.gradle/caches/modules-2/files-2.1/com.tngtech.archunit/archunit/1.0.0/27ab69819bc5bb588e9881144763b9a3b1ed15a2/archunit-1.0.0.jar!/, jar:file:/C:/Users/Usuario/.gradle/caches/modules-2/files-2.1/ch.qos.logback/logback-classic/1.2.10/f69d97ef3335c6ab82fc21dfb77ac613f90c1221/logback-classic-1.2.10.jar!/, jar:file:/C:/Users/Usuario/.gradle/caches/modules-2/files-2.1/org.apache.logging.log4j/log4j-to-slf4j/2.17.1/3619fd18278a1a895c1dca8c5be002768071a20e/log4j-to-slf4j-2.17.1.jar!/, jar:file:/C:/Users/Usuario/.gradle/caches/modules-2/files-2.1/org.slf4j/jul-to-slf4j/1.7.33/53fd89b530d41b8f6744c754de1c9b02e82f2d7/jul-to-slf4j-1.7.33.jar!/, jar:file:/C:/Users/Usuario/.gradle/caches/modules-2/files-2.1/org.slf4j/slf4j-api/1.7.33/d375aa1b98d34d5ddf73a3f19eaad66e98975b12/slf4j-api-1.7.33.jar!/, jar:file:/C:/Users/Usuario/.gradle/caches/modules-2/files-2.1/net.minidev/json-smart/2.4.7/8d7f4c1530c07c54930935f3da85f48b83b3c109/json-smart-2.4.7.jar!/, jar:file:/C:/Users/Usuario/.gradle/caches/modules-2/files-2.1/jakarta.activation/jakarta.activation-api/1.2.2/99f53adba383cb1bf7c3862844488574b559621f/jakarta.activation-api-1.2.2.jar!/, jar:file:/C:/Users/Usuario/.gradle/caches/modules-2/files-2.1/net.bytebuddy/byte-buddy-agent/1.11.22/2fbcf3210dfc09b42242e3b66a5281cc5b9adb80/byte-buddy-agent-1.11.22.jar!/, jar:file:/C:/Users/Usuario/.gradle/caches/modules-2/files-2.1/org.objenesis/objenesis/3.2/7fadf57620c8b8abdf7519533e5527367cb51f09/objenesis-3.2.jar!/, jar:file:/C:/Users/Usuario/.gradle/caches/modules-2/files-2.1/com.vaadin.external.google/android-json/0.0.20131108.vaadin1/fa26d351fe62a6a17f5cda1287c1c6110dec413f/android-json-0.0.20131108.vaadin1.jar!/, jar:file:/C:/Users/Usuario/.gradle/caches/modules-2/files-2.1/org.springframework/spring-jcl/5.3.15/88da960b4fcbd28621aea8b9911976adc06afce4/spring-jcl-5.3.15.jar!/, jar:file:/C:/Users/Usuario/.gradle/caches/modules-2/files-2.1/org.wildfly.common/wildfly-common/1.5.2.Final/8eba40cfe86bcfcc223551e75201e6e7574c7c36/wildfly-common-1.5.2.Final.jar!/, jar:file:/C:/Users/Usuario/.gradle/caches/modules-2/files-2.1/org.glassfish.jaxb/txw2/2.3.5/ec8930fa62e7b1758b1664d135f50c7abe86a4a3/txw2-2.3.5.jar!/, jar:file:/C:/Users/Usuario/.gradle/caches/modules-2/files-2.1/com.sun.istack/istack-commons-runtime/3.0.12/cbbe1a62b0cc6c85972e99d52aaee350153dc530/istack-commons-runtime-3.0.12.jar!/, jar:file:/C:/Users/Usuario/.gradle/caches/modules-2/files-2.1/com.sun.activation/jakarta.activation/1.2.2/74548703f9851017ce2f556066659438019e7eb5/jakarta.activation-1.2.2.jar!/, jar:file:/C:/Users/Usuario/.gradle/caches/modules-2/files-2.1/net.minidev/accessors-smart/2.4.7/3970cfc505e6657ca60f3aa57c849f6043000d7a/accessors-smart-2.4.7.jar!/, jar:file:/C:/Users/Usuario/.gradle/caches/modules-2/files-2.1/org.opentest4j/opentest4j/1.2.0/28c11eb91f9b6d8e200631d46e20a7f407f2a046/opentest4j-1.2.0.jar!/, jar:file:/C:/Users/Usuario/.gradle/caches/modules-2/files-2.1/ch.qos.logback/logback-core/1.2.10/5328406bfcae7bcdcc86810fcb2920d2c297170d/logback-core-1.2.10.jar!/, jar:file:/C:/Users/Usuario/.gradle/caches/modules-2/files-2.1/org.apache.logging.log4j/log4j-api/2.17.1/d771af8e336e372fb5399c99edabe0919aeaf5b2/log4j-api-2.17.1.jar!/, jar:file:/C:/Users/Usuario/.gradle/caches/modules-2/files-2.1/org.ow2.asm/asm/9.1/a99500cf6eea30535eeac6be73899d048f8d12a8/asm-9.1.jar!/]
10:11:20.886 [Test worker] DEBUG com.tngtech.archunit.core.importer.JavaClassProcessor - Processing class 'com/uco/TrafficAgent/infrastructure/configuration/model/BeanServiceContact'
10:11:20.923 [Test worker] DEBUG com.tngtech.archunit.core.importer.JavaClassProcessor - Processing class 'com/uco/TrafficAgent/application/service/report/consult/ServiceApplicationListAllReportByUser'
10:11:20.924 [Test worker] DEBUG com.tngtech.archunit.core.importer.JavaClassProcessor - Processing class 'com/uco/TrafficAgent/application/service/contact/comand/ServiceApplicationSaveContact'
10:11:20.926 [Test worker] DEBUG com.tngtech.archunit.core.importer.JavaClassProcessor - Processing class 'com/uco/TrafficAgent/domain/service/contact/ServiceListsAllByProximityContact'
10:11:20.927 [Test worker] DEBUG com.tngtech.archunit.core.importer.JavaClassProcessor - Processing class 'com/uco/TrafficAgent/application/service/user/comand/dto/DtoUpdateUser'
10:11:20.928 [Test worker] DEBUG com.tngtech.archunit.core.importer.JavaClassProcessor - Processing class 'com/uco/TrafficAgent/domain/service/user/ServiceListAllUser'
10:11:20.929 [Test worker] DEBUG com.tngtech.archunit.core.importer.JavaClassProcessor - Processing class 'com/uco/TrafficAgent/infrastructure/repository/rol/adapter/entity/EntityRol'
10:11:20.963 [Test worker] DEBUG com.tngtech.archunit.core.importer.JavaClassProcessor - Processing class 'com/uco/TrafficAgent/application/service/report/comand/ServiceApplicationSaveReport'
10:11:20.972 [Test worker] DEBUG com.tngtech.archunit.core.importer.JavaClassProcessor - Processing class 'com/uco/TrafficAgent/application/service/user/comand/dto/DtoSaveUser'
10:11:20.997 [Test worker] DEBUG com.tngtech.archunit.core.importer.JavaClassProcessor - Processing class 'com/uco/TrafficAgent/infrastructure/mapper/user/impl/MapperUserImpl'
10:11:20.999 [Test worker] DEBUG com.tngtech.archunit.core.importer.JavaClassProcessor - Processing class 'com/uco/TrafficAgent/infrastructure/repository/contact/adapter/repository/jpa/RepositoryContactJpa'
10:11:21.001 [Test worker] DEBUG com.tngtech.archunit.core.importer.JavaClassProcessor - Processing class 'com/uco/TrafficAgent/application/mapper/user/impl/MapperApplicationUserImpl'
10:11:21.003 [Test worker] DEBUG com.tngtech.archunit.core.importer.JavaClassProcessor - Processing class 'com/uco/TrafficAgent/infrastructure/service/token/ServiceGetCurrentUserJwt'
10:11:21.025 [Test worker] DEBUG com.tngtech.archunit.core.importer.JavaClassProcessor - Processing class 'com/uco/TrafficAgent/infrastructure/repository/type/adapter/entity/EntityTypeId'
10:11:21.028 [Test worker] DEBUG com.tngtech.archunit.core.importer.JavaClassProcessor - Processing class 'com/uco/TrafficAgent/infrastructure/aspect/service/AuthorizationService'
10:11:21.030 [Test worker] DEBUG com.tngtech.archunit.core.importer.JavaClassProcessor - Processing class 'com/uco/TrafficAgent/infrastructure/configuration/model/BeanServiceUser'
10:11:21.032 [Test worker] DEBUG com.tngtech.archunit.core.importer.JavaClassProcessor - Processing class 'com/uco/TrafficAgent/domain/service/token/ServiceGenerateToken'
10:11:21.034 [Test worker] DEBUG com.tngtech.archunit.core.importer.JavaClassProcessor - Processing class 'com/uco/TrafficAgent/infrastructure/aspect/SecuredAspect'
10:11:21.045 [Test worker] DEBUG com.tngtech.archunit.core.importer.JavaClassProcessor - Processing class 'com/uco/TrafficAgent/infrastructure/configuration/general/ConfigurationRestTemplate'
10:11:21.053 [Test worker] DEBUG com.tngtech.archunit.core.importer.JavaClassProcessor - Processing class 'com/uco/TrafficAgent/infrastructure/repository/report/controller/ConsultControllerReport'
10:11:21.062 [Test worker] DEBUG com.tngtech.archunit.core.importer.JavaClassProcessor - Processing class 'com/uco/TrafficAgent/domain/model/RolUser'
10:11:21.063 [Test worker] DEBUG com.tngtech.archunit.core.importer.JavaClassProcessor - Processing class 'com/uco/TrafficAgent/infrastructure/repository/contact/controller/ComandControllerContact'
10:11:21.066 [Test worker] DEBUG com.tngtech.archunit.core.importer.JavaClassProcessor - Processing class 'com/uco/TrafficAgent/infrastructure/repository/login/controller/ComandControllerLogin'
10:11:21.068 [Test worker] DEBUG com.tngtech.archunit.core.importer.JavaClassProcessor - Processing class 'com/uco/TrafficAgent/application/service/user/consult/ServiceApplicationListAllUser'
10:11:21.069 [Test worker] DEBUG com.tngtech.archunit.core.importer.JavaClassProcessor - Processing class 'com/uco/TrafficAgent/application/encrypted/ServiceEncryptedPassword'
10:11:21.070 [Test worker] DEBUG com.tngtech.archunit.core.importer.JavaClassProcessor - Processing class 'com/uco/TrafficAgent/infrastructure/repository/report/adapter/repository/RepositoryReportDB'
10:11:21.072 [Test worker] DEBUG com.tngtech.archunit.core.importer.JavaClassProcessor - Processing class 'com/uco/TrafficAgent/domain/service/contact/ServiceSaveContact'
10:11:21.074 [Test worker] DEBUG com.tngtech.archunit.core.importer.JavaClassProcessor - Processing class 'com/uco/TrafficAgent/infrastructure/repository/contact/adapter/repository/jpa/RepositoryContactEmergencyJpa'
10:11:21.076 [Test worker] DEBUG com.tngtech.archunit.core.importer.JavaClassProcessor - Processing class 'com/uco/TrafficAgent/infrastructure/repository/user/adapter/repository/RepositoryUserDB'
10:11:21.081 [Test worker] DEBUG com.tngtech.archunit.core.importer.JavaClassProcessor - Processing class 'com/uco/TrafficAgent/application/service/DtoResponse'
10:11:21.083 [Test worker] DEBUG com.tngtech.archunit.core.importer.JavaClassProcessor - Processing class 'com/uco/TrafficAgent/domain/service/token/ServiceGetCurrentUser'
10:11:21.086 [Test worker] DEBUG com.tngtech.archunit.core.importer.JavaClassProcessor - Processing class 'com/uco/TrafficAgent/infrastructure/aspect/Secured'
10:11:21.089 [Test worker] DEBUG com.tngtech.archunit.core.importer.JavaClassProcessor - Processing class 'com/uco/TrafficAgent/infrastructure/repository/report/controller/ComandControllerReport'
10:11:21.098 [Test worker] DEBUG com.tngtech.archunit.core.importer.JavaClassProcessor - Processing class 'com/uco/TrafficAgent/infrastructure/repository/user/adapter/entity/EntityUser'
10:11:21.102 [Test worker] DEBUG com.tngtech.archunit.core.importer.JavaClassProcessor - Processing class 'com/uco/TrafficAgent/infrastructure/repository/user/controller/ComandControllerUser'
10:11:21.105 [Test worker] DEBUG com.tngtech.archunit.core.importer.JavaClassProcessor - Processing class 'com/uco/TrafficAgent/infrastructure/repository/type/adapter/repository/RepositoryTypeIdDB'
10:11:21.106 [Test worker] DEBUG com.tngtech.archunit.core.importer.JavaClassProcessor - Processing class 'com/uco/TrafficAgent/application/service/login/ServiceApplicationLogin'
10:11:21.109 [Test worker] DEBUG com.tngtech.archunit.core.importer.JavaClassProcessor - Processing class 'com/uco/TrafficAgent/infrastructure/filter/FilterAuth'
10:11:21.111 [Test worker] DEBUG com.tngtech.archunit.core.importer.JavaClassProcessor - Processing class 'com/uco/TrafficAgent/application/service/user/comand/ServiceApplicationSaveUser'
10:11:21.115 [Test worker] DEBUG com.tngtech.archunit.core.importer.JavaClassProcessor - Processing class 'com/uco/TrafficAgent/application/encrypted/impl/ServiceEncryptedPasswordImpl'
10:11:21.117 [Test worker] DEBUG com.tngtech.archunit.core.importer.JavaClassProcessor - Processing class 'com/uco/TrafficAgent/infrastructure/repository/report/adapter/entity/EntityReport'
10:11:21.119 [Test worker] DEBUG com.tngtech.archunit.core.importer.JavaClassProcessor - Processing class 'com/uco/TrafficAgent/infrastructure/error/Error'
10:11:21.121 [Test worker] DEBUG com.tngtech.archunit.core.importer.JavaClassProcessor - Processing class 'com/uco/TrafficAgent/infrastructure/repository/contact/controller/ConsultControllerContact'
10:11:21.124 [Test worker] DEBUG com.tngtech.archunit.core.importer.JavaClassProcessor - Processing class 'com/uco/TrafficAgent/application/service/user/comand/ServiceApplicationDeleteUser'
10:11:21.126 [Test worker] DEBUG com.tngtech.archunit.core.importer.JavaClassProcessor - Processing class 'com/uco/TrafficAgent/infrastructure/service/token/ServiceValidateTokenJWT'
10:11:21.128 [Test worker] DEBUG com.tngtech.archunit.core.importer.JavaClassProcessor - Processing class 'com/uco/TrafficAgent/domain/model/Report'
10:11:21.129 [Test worker] DEBUG com.tngtech.archunit.core.importer.JavaClassProcessor - Processing class 'com/uco/TrafficAgent/domain/service/user/ServiceDeleteUser'
10:11:21.130 [Test worker] DEBUG com.tngtech.archunit.core.importer.JavaClassProcessor - Processing class 'com/uco/TrafficAgent/application/service/user/comand/ServiceApplicationUpdateUser'
10:11:21.132 [Test worker] DEBUG com.tngtech.archunit.core.importer.JavaClassProcessor - Processing class 'com/uco/TrafficAgent/domain/service/user/ServiceUpdateUser'
10:11:21.133 [Test worker] DEBUG com.tngtech.archunit.core.importer.JavaClassProcessor - Processing class 'com/uco/TrafficAgent/application/mapper/report/impl/MapperApplicationReportImpl'
10:11:21.134 [Test worker] DEBUG com.tngtech.archunit.core.importer.JavaClassProcessor - Processing class 'com/uco/TrafficAgent/application/service/report/comand/dto/DtoSaveReport'
10:11:21.136 [Test worker] DEBUG com.tngtech.archunit.core.importer.JavaClassProcessor - Processing class 'com/uco/TrafficAgent/domain/validator/ValidatorAttributes'
10:11:21.137 [Test worker] DEBUG com.tngtech.archunit.core.importer.JavaClassProcessor - Processing class 'com/uco/TrafficAgent/infrastructure/aspect/exception/ExceptionUserUnauthorized'
10:11:21.139 [Test worker] DEBUG com.tngtech.archunit.core.importer.JavaClassProcessor - Processing class 'com/uco/TrafficAgent/domain/validator/ValidatorObjects'
10:11:21.142 [Test worker] DEBUG com.tngtech.archunit.core.importer.JavaClassProcessor - Processing class 'com/uco/TrafficAgent/domain/model/Contact'
10:11:21.143 [Test worker] DEBUG com.tngtech.archunit.core.importer.JavaClassProcessor - Processing class 'com/uco/TrafficAgent/domain/service/user/ServiceSaveUser'
10:11:21.144 [Test worker] DEBUG com.tngtech.archunit.core.importer.JavaClassProcessor - Processing class 'com/uco/TrafficAgent/infrastructure/repository/user/controller/ConsultControllerUser'
10:11:21.149 [Test worker] DEBUG com.tngtech.archunit.core.importer.JavaClassProcessor - Processing class 'com/uco/TrafficAgent/infrastructure/aspect/LogExecutionTime'
10:11:21.151 [Test worker] DEBUG com.tngtech.archunit.core.importer.JavaClassProcessor - Processing class 'com/uco/TrafficAgent/infrastructure/configuration/model/BeanServiceReport'
10:11:21.152 [Test worker] DEBUG com.tngtech.archunit.core.importer.JavaClassProcessor - Processing class 'com/uco/TrafficAgent/infrastructure/configuration/general/ConfigurationSecurity'
10:11:21.153 [Test worker] DEBUG com.tngtech.archunit.core.importer.JavaClassProcessor - Processing class 'com/uco/TrafficAgent/infrastructure/configuration/general/ConfigurationRetry'
10:11:21.154 [Test worker] DEBUG com.tngtech.archunit.core.importer.JavaClassProcessor - Processing class 'com/uco/TrafficAgent/infrastructure/service/token/ServiceValidateToken'
10:11:21.156 [Test worker] DEBUG com.tngtech.archunit.core.importer.JavaClassProcessor - Processing class 'com/uco/TrafficAgent/application/mapper/MapperApplicationObject'
10:11:21.157 [Test worker] DEBUG com.tngtech.archunit.core.importer.JavaClassProcessor - Processing class 'com/uco/TrafficAgent/domain/dto/DtoContactSummary'
10:11:21.158 [Test worker] DEBUG com.tngtech.archunit.core.importer.JavaClassProcessor - Processing class 'com/uco/TrafficAgent/domain/model/TypeIdentification'
10:11:21.159 [Test worker] DEBUG com.tngtech.archunit.core.importer.JavaClassProcessor - Processing class 'com/uco/TrafficAgent/infrastructure/repository/type/adapter/repository/jpa/RepositoryTypeIdJpa'
10:11:21.161 [Test worker] DEBUG com.tngtech.archunit.core.importer.JavaClassProcessor - Processing class 'com/uco/TrafficAgent/domain/service/token/ServiceEncryptText'
10:11:21.162 [Test worker] DEBUG com.tngtech.archunit.core.importer.JavaClassProcessor - Processing class 'com/uco/TrafficAgent/application/service/user/comand/dto/DtoRolUser'
10:11:21.164 [Test worker] DEBUG com.tngtech.archunit.core.importer.JavaClassProcessor - Processing class 'com/uco/TrafficAgent/infrastructure/repository/contact/adapter/entity/EntityContact'
10:11:21.165 [Test worker] DEBUG com.tngtech.archunit.core.importer.JavaClassProcessor - Processing class 'com/uco/TrafficAgent/TrafficAgentApplication'
10:11:21.166 [Test worker] DEBUG com.tngtech.archunit.core.importer.JavaClassProcessor - Processing class 'com/uco/TrafficAgent/infrastructure/mapper/MapperInfrastructureObject'
10:11:21.168 [Test worker] DEBUG com.tngtech.archunit.core.importer.JavaClassProcessor - Processing class 'com/uco/TrafficAgent/application/mapper/contact/impl/MapperApplicationContactImpl'
10:11:21.169 [Test worker] DEBUG com.tngtech.archunit.core.importer.JavaClassProcessor - Processing class 'com/uco/TrafficAgent/domain/port/contact/RepositoryContact'
10:11:21.170 [Test worker] DEBUG com.tngtech.archunit.core.importer.JavaClassProcessor - Processing class 'com/uco/TrafficAgent/infrastructure/aspect/LogExecutionAspect'
10:11:21.172 [Test worker] DEBUG com.tngtech.archunit.core.importer.JavaClassProcessor - Processing class 'com/uco/TrafficAgent/domain/model/User'
10:11:21.175 [Test worker] DEBUG com.tngtech.archunit.core.importer.JavaClassProcessor - Processing class 'com/uco/TrafficAgent/infrastructure/repository/contact/adapter/repository/RepositoryContactDB'
10:11:21.178 [Test worker] DEBUG com.tngtech.archunit.core.importer.JavaClassProcessor - Processing class 'com/uco/TrafficAgent/domain/port/report/RepositoryReport'
10:11:21.179 [Test worker] DEBUG com.tngtech.archunit.core.importer.JavaClassProcessor - Processing class 'com/uco/TrafficAgent/domain/service/report/ServiceListAllReportByDate'
10:11:21.180 [Test worker] DEBUG com.tngtech.archunit.core.importer.JavaClassProcessor - Processing class 'com/uco/TrafficAgent/infrastructure/service/token/ServiceGenerateTokenJWT'
10:11:21.182 [Test worker] DEBUG com.tngtech.archunit.core.importer.JavaClassProcessor - Processing class 'com/uco/TrafficAgent/domain/port/user/RepositoryUser'
10:11:21.184 [Test worker] DEBUG com.tngtech.archunit.core.importer.JavaClassProcessor - Processing class 'com/uco/TrafficAgent/infrastructure/repository/user/adapter/repository/jpa/RepositoryUserJpa'
10:11:21.186 [Test worker] DEBUG com.tngtech.archunit.core.importer.JavaClassProcessor - Processing class 'com/uco/TrafficAgent/infrastructure/repository/report/adapter/repository/jpa/RepositoryReportJpa'
10:11:21.191 [Test worker] DEBUG com.tngtech.archunit.core.importer.JavaClassProcessor - Processing class 'com/uco/TrafficAgent/domain/dto/DtoReportSummary'
10:11:21.193 [Test worker] DEBUG com.tngtech.archunit.core.importer.JavaClassProcessor - Processing class 'com/uco/TrafficAgent/domain/port/type/RepositoryTypeId'
10:11:21.196 [Test worker] DEBUG com.tngtech.archunit.core.importer.JavaClassProcessor - Processing class 'com/uco/TrafficAgent/application/service/report/consult/ServiceApplicationListAllReportByDate'
10:11:21.199 [Test worker] DEBUG com.tngtech.archunit.core.importer.JavaClassProcessor - Processing class 'com/uco/TrafficAgent/domain/service/report/ServiceListAllReportByUser'
10:11:21.201 [Test worker] DEBUG com.tngtech.archunit.core.importer.JavaClassProcessor - Processing class 'com/uco/TrafficAgent/domain/service/report/ServiceSaveReport'
10:11:21.202 [Test worker] DEBUG com.tngtech.archunit.core.importer.JavaClassProcessor - Processing class 'com/uco/TrafficAgent/application/service/contact/consult/ServiceApplicationListAllByProximityContact'
10:11:21.204 [Test worker] DEBUG com.tngtech.archunit.core.importer.JavaClassProcessor - Processing class 'com/uco/TrafficAgent/domain/dto/DtoCurrentUser'
10:11:21.216 [Test worker] DEBUG com.tngtech.archunit.core.importer.JavaClassProcessor - Processing class 'com/uco/TrafficAgent/application/service/login/dto/DtoLogin'
10:11:21.218 [Test worker] DEBUG com.tngtech.archunit.core.importer.JavaClassProcessor - Processing class 'com/uco/TrafficAgent/domain/dto/DtoUserSummary'
10:11:21.221 [Test worker] DEBUG com.tngtech.archunit.core.importer.JavaClassProcessor - Processing class 'com/uco/TrafficAgent/infrastructure/repository/contact/adapter/entity/EntityContactEmergency'
10:11:21.223 [Test worker] DEBUG com.tngtech.archunit.core.importer.JavaClassProcessor - Processing class 'com/uco/TrafficAgent/application/service/contact/comand/dto/DtoSaveContact'
10:11:21.224 [Test worker] DEBUG com.tngtech.archunit.core.importer.JavaClassProcessor - Processing class 'com/uco/TrafficAgent/infrastructure/error/ErrorHandler'
10:11:21.225 [Test worker] DEBUG com.tngtech.archunit.core.importer.DependencyResolutionProcess - Automatically resolving transitive class dependencies with the following configuration:
import.dependencyResolutionProcess.maxIterationsForMemberTypes = 1
import.dependencyResolutionProcess.maxIterationsForAccessesToTypes = 1
import.dependencyResolutionProcess.maxIterationsForSupertypes = -1
import.dependencyResolutionProcess.maxIterationsForEnclosingTypes = -1
import.dependencyResolutionProcess.maxIterationsForAnnotationTypes = -1
import.dependencyResolutionProcess.maxIterationsForGenericSignatureTypes = -1
10:11:21.227 [Test worker] DEBUG com.tngtech.archunit.core.importer.JavaClassProcessor - Processing class 'org/springframework/data/repository/query/Param'
10:11:21.228 [Test worker] DEBUG com.tngtech.archunit.core.importer.JavaClassProcessor - Processing class 'io/jsonwebtoken/impl/TextCodec'
10:11:21.228 [Test worker] DEBUG com.tngtech.archunit.core.importer.JavaClassProcessor - Processing class 'java/util/Arrays'
10:11:21.243 [Test worker] DEBUG com.tngtech.archunit.core.importer.JavaClassProcessor - Processing class 'org/springframework/web/bind/annotation/RequestParam'
10:11:21.244 [Test worker] DEBUG com.tngtech.archunit.core.importer.JavaClassProcessor - Processing class 'java/lang/System'
10:11:21.246 [Test worker] DEBUG com.tngtech.archunit.core.importer.JavaClassProcessor - Processing class 'java/time/ZonedDateTime'
10:11:21.250 [Test worker] DEBUG com.tngtech.archunit.core.importer.JavaClassProcessor - Processing class 'org/springframework/beans/factory/annotation/Autowired'
10:11:21.252 [Test worker] DEBUG com.tngtech.archunit.core.importer.JavaClassProcessor - Processing class 'javax/crypto/spec/SecretKeySpec'
10:11:21.252 [Test worker] DEBUG com.tngtech.archunit.core.importer.JavaClassProcessor - Processing class 'java/lang/Record'
10:11:21.261 [Test worker] DEBUG com.tngtech.archunit.core.importer.JavaClassProcessor - Processing class 'java/lang/Integer'
10:11:21.263 [Test worker] DEBUG com.tngtech.archunit.core.importer.JavaClassProcessor - Processing class 'org/springframework/web/context/request/RequestContextHolder'
10:11:21.263 [Test worker] DEBUG com.tngtech.archunit.core.importer.JavaClassProcessor - Processing class 'java/lang/Long'
10:11:21.265 [Test worker] DEBUG com.tngtech.archunit.core.importer.JavaClassProcessor - Processing class 'java/time/Duration'
10:11:21.266 [Test worker] DEBUG com.tngtech.archunit.core.importer.JavaClassProcessor - Processing class 'io/jsonwebtoken/JwtBuilder'
10:11:21.267 [Test worker] DEBUG com.tngtech.archunit.core.importer.JavaClassProcessor - Processing class 'io/jsonwebtoken/SignatureAlgorithm'
10:11:21.268 [Test worker] DEBUG com.tngtech.archunit.core.importer.JavaClassProcessor - Processing class 'org/springframework/stereotype/Repository'
10:11:21.269 [Test worker] DEBUG com.tngtech.archunit.core.importer.JavaClassProcessor - Processing class 'com/auth0/jwt/interfaces/Claim'
10:11:21.270 [Test worker] DEBUG com.tngtech.archunit.core.importer.JavaClassProcessor - Processing class 'javax/persistence/Entity'
10:11:21.271 [Test worker] DEBUG com.tngtech.archunit.core.importer.JavaClassProcessor - Processing class 'org/springframework/web/bind/annotation/PostMapping'
10:11:21.271 [Test worker] DEBUG com.tngtech.archunit.core.importer.JavaClassProcessor - Processing class 'javax/persistence/ManyToOne'
10:11:21.272 [Test worker] DEBUG com.tngtech.archunit.core.importer.JavaClassProcessor - Processing class 'javax/persistence/CascadeType'
10:11:21.273 [Test worker] DEBUG com.tngtech.archunit.core.importer.JavaClassProcessor - Processing class 'org/springframework/web/bind/annotation/RestController'
10:11:21.274 [Test worker] DEBUG com.tngtech.archunit.core.importer.JavaClassProcessor - Processing class 'java/lang/String'
10:11:21.291 [Test worker] DEBUG com.tngtech.archunit.core.importer.JavaClassProcessor - Processing class 'org/aspectj/lang/annotation/Around'
10:11:21.292 [Test worker] DEBUG com.tngtech.archunit.core.importer.JavaClassProcessor - Processing class 'java/time/ZoneId'
10:11:21.292 [Test worker] DEBUG com.tngtech.archunit.core.importer.JavaClassProcessor - Processing class 'java/lang/Exception'
10:11:21.292 [Test worker] DEBUG com.tngtech.archunit.core.importer.JavaClassProcessor - Processing class 'java/util/stream/Stream'
10:11:21.304 [Test worker] DEBUG com.tngtech.archunit.core.importer.JavaClassProcessor - Processing class 'javax/persistence/GeneratedValue'
10:11:21.305 [Test worker] DEBUG com.tngtech.archunit.core.importer.JavaClassProcessor - Processing class 'java/lang/Throwable'
10:11:21.307 [Test worker] DEBUG com.tngtech.archunit.core.importer.JavaClassProcessor - Processing class 'org/springframework/data/jpa/repository/Query'
10:11:21.309 [Test worker] DEBUG com.tngtech.archunit.core.importer.JavaClassProcessor - Processing class 'com/auth0/jwt/JWT'
10:11:21.310 [Test worker] DEBUG com.tngtech.archunit.core.importer.JavaClassProcessor - Processing class 'com/auth0/jwt/interfaces/DecodedJWT'
10:11:21.311 [Test worker] DEBUG com.tngtech.archunit.core.importer.JavaClassProcessor - Processing class 'java/time/LocalDateTime'
10:11:21.316 [Test worker] DEBUG com.tngtech.archunit.core.importer.JavaClassProcessor - Processing class 'org/springframework/web/filter/OncePerRequestFilter'
10:11:21.318 [Test worker] DEBUG com.tngtech.archunit.core.importer.JavaClassProcessor - Processing class 'org/springframework/retry/annotation/EnableRetry'
10:11:21.320 [Test worker] DEBUG com.tngtech.archunit.core.importer.JavaClassProcessor - Processing class 'java/util/ArrayList'
10:11:21.322 [Test worker] DEBUG com.tngtech.archunit.core.importer.JavaClassProcessor - Processing class 'org/springframework/web/bind/annotation/RequestBody'
10:11:21.324 [Test worker] DEBUG com.tngtech.archunit.core.importer.JavaClassProcessor - Processing class 'javax/servlet/http/HttpServletRequest'
10:11:21.326 [Test worker] DEBUG com.tngtech.archunit.core.importer.JavaClassProcessor - Processing class 'javax/persistence/Table'
10:11:21.327 [Test worker] DEBUG com.tngtech.archunit.core.importer.JavaClassProcessor - Processing class 'org/springframework/web/bind/annotation/ExceptionHandler'
10:11:21.329 [Test worker] DEBUG com.tngtech.archunit.core.importer.JavaClassProcessor - Processing class 'org/springframework/web/bind/annotation/ControllerAdvice'
10:11:21.339 [Test worker] DEBUG com.tngtech.archunit.core.importer.JavaClassProcessor - Processing class 'org/springframework/boot/autoconfigure/SpringBootApplication'
10:11:21.341 [Test worker] DEBUG com.tngtech.archunit.core.importer.JavaClassProcessor - Processing class 'javax/persistence/OneToMany'
10:11:21.341 [Test worker] DEBUG com.tngtech.archunit.core.importer.JavaClassProcessor - Processing class 'java/lang/annotation/Target'
10:11:21.342 [Test worker] DEBUG com.tngtech.archunit.core.importer.JavaClassProcessor - Processing class 'java/io/IOException'
10:11:21.343 [Test worker] DEBUG com.tngtech.archunit.core.importer.JavaClassProcessor - Processing class 'java/lang/RuntimeException'
10:11:21.344 [Test worker] DEBUG com.tngtech.archunit.core.importer.JavaClassProcessor - Processing class 'org/springframework/boot/web/client/RestTemplateBuilder'
10:11:21.347 [Test worker] DEBUG com.tngtech.archunit.core.importer.JavaClassProcessor - Processing class 'org/springframework/http/HttpStatus'
10:11:21.365 [Test worker] DEBUG com.tngtech.archunit.core.importer.JavaClassProcessor - Processing class 'javax/persistence/FetchType'
10:11:21.366 [Test worker] DEBUG com.tngtech.archunit.core.importer.JavaClassProcessor - Processing class 'java/lang/IllegalStateException'
10:11:21.369 [Test worker] DEBUG com.tngtech.archunit.core.importer.JavaClassProcessor - Processing class 'org/springframework/web/bind/annotation/PathVariable'
10:11:21.370 [Test worker] DEBUG com.tngtech.archunit.core.importer.JavaClassProcessor - Processing class 'io/jsonwebtoken/impl/crypto/DefaultJwtSignatureValidator'
10:11:21.372 [Test worker] DEBUG com.tngtech.archunit.core.importer.JavaClassProcessor - Processing class 'javax/servlet/FilterChain'
10:11:21.373 [Test worker] DEBUG com.tngtech.archunit.core.importer.JavaClassProcessor - Processing class 'org/springframework/boot/web/servlet/FilterRegistrationBean'
10:11:21.375 [Test worker] DEBUG com.tngtech.archunit.core.importer.JavaClassProcessor - Processing class 'javax/servlet/ServletException'
10:11:21.376 [Test worker] DEBUG com.tngtech.archunit.core.importer.JavaClassProcessor - Processing class 'java/util/Date'
10:11:21.383 [Test worker] DEBUG com.tngtech.archunit.core.importer.JavaClassProcessor - Processing class 'org/slf4j/LoggerFactory'
10:11:21.385 [Test worker] DEBUG com.tngtech.archunit.core.importer.JavaClassProcessor - Processing class 'org/springframework/boot/SpringApplication'
10:11:21.415 [Test worker] DEBUG com.tngtech.archunit.core.importer.JavaClassProcessor - Processing class 'org/springframework/web/bind/annotation/PutMapping'
10:11:21.416 [Test worker] DEBUG com.tngtech.archunit.core.importer.JavaClassProcessor - Processing class 'org/aspectj/lang/annotation/Aspect'
10:11:21.417 [Test worker] DEBUG com.tngtech.archunit.core.importer.JavaClassProcessor - Processing class 'java/lang/reflect/Method'
10:11:21.418 [Test worker] DEBUG com.tngtech.archunit.core.importer.JavaClassProcessor - Processing class 'org/springframework/web/bind/annotation/DeleteMapping'
10:11:21.419 [Test worker] DEBUG com.tngtech.archunit.core.importer.JavaClassProcessor - Processing class 'org/springframework/web/client/RestTemplate'
10:11:21.436 [Test worker] DEBUG com.tngtech.archunit.core.importer.JavaClassProcessor - Processing class 'java/util/concurrent/ConcurrentHashMap'
10:11:21.458 [Test worker] DEBUG com.tngtech.archunit.core.importer.JavaClassProcessor - Processing class 'java/util/UUID'
10:11:21.458 [Test worker] DEBUG com.tngtech.archunit.core.importer.JavaClassProcessor - Processing class 'java/util/stream/Collectors'
10:11:21.461 [Test worker] DEBUG com.tngtech.archunit.core.importer.JavaClassProcessor - Processing class 'org/springframework/context/annotation/Configuration'
10:11:21.462 [Test worker] DEBUG com.tngtech.archunit.core.importer.JavaClassProcessor - Processing class 'javax/persistence/GenerationType'
10:11:21.462 [Test worker] DEBUG com.tngtech.archunit.core.importer.JavaClassProcessor - Processing class 'javax/persistence/Column'
10:11:21.463 [Test worker] DEBUG com.tngtech.archunit.core.importer.JavaClassProcessor - Processing class 'java/util/List'
10:11:21.464 [Test worker] DEBUG com.tngtech.archunit.core.importer.JavaClassProcessor - Processing class 'io/jsonwebtoken/Jwts'
10:11:21.464 [Test worker] DEBUG com.tngtech.archunit.core.importer.JavaClassProcessor - Processing class 'org/springframework/core/env/Environment'
10:11:21.465 [Test worker] DEBUG com.tngtech.archunit.core.importer.JavaClassProcessor - Processing class 'java/lang/annotation/Annotation'
10:11:21.465 [Test worker] DEBUG com.tngtech.archunit.core.importer.JavaClassProcessor - Processing class 'java/util/Optional'
10:11:21.466 [Test worker] DEBUG com.tngtech.archunit.core.importer.JavaClassProcessor - Processing class 'org/springframework/data/jpa/repository/JpaRepository'
10:11:21.467 [Test worker] DEBUG com.tngtech.archunit.core.importer.JavaClassProcessor - Processing class 'org/springframework/web/bind/annotation/RequestMapping'
10:11:21.467 [Test worker] DEBUG com.tngtech.archunit.core.importer.JavaClassProcessor - Processing class 'java/lang/annotation/Retention'
10:11:21.467 [Test worker] DEBUG com.tngtech.archunit.core.importer.JavaClassProcessor - Processing class 'org/springframework/web/bind/annotation/GetMapping'
10:11:21.468 [Test worker] DEBUG com.tngtech.archunit.core.importer.JavaClassProcessor - Processing class 'org/aspectj/lang/JoinPoint'
10:11:21.469 [Test worker] DEBUG com.tngtech.archunit.core.importer.JavaClassProcessor - Processing class 'org/springframework/web/bind/annotation/ResponseStatus'
10:11:21.469 [Test worker] DEBUG com.tngtech.archunit.core.importer.JavaClassProcessor - Processing class 'javax/persistence/Id'
10:11:21.470 [Test worker] DEBUG com.tngtech.archunit.core.importer.JavaClassProcessor - Processing class 'org/slf4j/Logger'
10:11:21.470 [Test worker] DEBUG com.tngtech.archunit.core.importer.JavaClassProcessor - Processing class 'java/util/Iterator'
10:11:21.471 [Test worker] DEBUG com.tngtech.archunit.core.importer.JavaClassProcessor - Processing class 'javax/persistence/JoinColumn'
10:11:21.472 [Test worker] DEBUG com.tngtech.archunit.core.importer.JavaClassProcessor - Processing class 'javax/servlet/http/HttpServletResponse'
10:11:21.473 [Test worker] DEBUG com.tngtech.archunit.core.importer.JavaClassProcessor - Processing class 'org/springframework/web/context/request/ServletRequestAttributes'
10:11:21.473 [Test worker] DEBUG com.tngtech.archunit.core.importer.JavaClassProcessor - Processing class 'java/lang/IllegalArgumentException'
10:11:21.474 [Test worker] DEBUG com.tngtech.archunit.core.importer.JavaClassProcessor - Processing class 'java/lang/annotation/ElementType'
10:11:21.475 [Test worker] DEBUG com.tngtech.archunit.core.importer.JavaClassProcessor - Processing class 'org/springframework/stereotype/Component'
10:11:21.475 [Test worker] DEBUG com.tngtech.archunit.core.importer.JavaClassProcessor - Processing class 'org/aspectj/lang/annotation/Before'
10:11:21.689 [Test worker] DEBUG com.tngtech.archunit.core.importer.JavaClassProcessor - Processing class 'java/lang/Object'
10:11:21.690 [Test worker] DEBUG com.tngtech.archunit.core.importer.JavaClassProcessor - Processing class 'org/aspectj/lang/reflect/MethodSignature'
10:11:21.691 [Test worker] DEBUG com.tngtech.archunit.core.importer.JavaClassProcessor - Processing class 'java/lang/Class'
10:11:21.695 [Test worker] DEBUG com.tngtech.archunit.core.importer.JavaClassProcessor - Processing class 'org/springframework/http/ResponseEntity'
10:11:21.696 [Test worker] DEBUG com.tngtech.archunit.core.importer.JavaClassProcessor - Processing class 'org/springframework/context/annotation/Bean'
10:11:21.699 [Test worker] DEBUG com.tngtech.archunit.core.importer.JavaClassProcessor - Processing class 'org/apache/commons/codec/digest/DigestUtils'
10:11:21.704 [Test worker] DEBUG com.tngtech.archunit.core.importer.JavaClassProcessor - Processing class 'java/util/Comparator'
10:11:21.705 [Test worker] DEBUG com.tngtech.archunit.core.importer.JavaClassProcessor - Processing class 'org/aspectj/lang/ProceedingJoinPoint'
10:11:21.706 [Test worker] DEBUG com.tngtech.archunit.core.importer.JavaClassProcessor - Processing class 'java/lang/annotation/RetentionPolicy'
10:11:21.707 [Test worker] DEBUG com.tngtech.archunit.core.importer.JavaClassProcessor - Processing class 'java/lang/annotation/Inherited'
10:11:21.708 [Test worker] DEBUG com.tngtech.archunit.core.importer.JavaClassProcessor - Processing class 'java/util/DoubleSummaryStatistics'
10:11:21.709 [Test worker] DEBUG com.tngtech.archunit.core.importer.JavaClassProcessor - Processing class 'java/util/function/DoubleConsumer'
10:11:21.709 [Test worker] DEBUG com.tngtech.archunit.core.importer.JavaClassProcessor - Processing class 'java/security/spec/KeySpec'
10:11:21.711 [Test worker] DEBUG com.tngtech.archunit.core.importer.JavaClassProcessor - Processing class 'javax/persistence/ConstraintMode'
10:11:21.712 [Test worker] DEBUG com.tngtech.archunit.core.importer.JavaClassProcessor - Processing class 'org/springframework/core/env/PropertyResolver'
10:11:21.714 [Test worker] DEBUG com.tngtech.archunit.core.importer.JavaClassProcessor - Processing class 'org/springframework/web/filter/GenericFilterBean'
10:11:21.715 [Test worker] DEBUG com.tngtech.archunit.core.importer.JavaClassProcessor - Processing class 'java/util/Map'
10:11:21.716 [Test worker] DEBUG com.tngtech.archunit.core.importer.JavaClassProcessor - Processing class 'java/lang/reflect/Executable'
10:11:21.718 [Test worker] DEBUG com.tngtech.archunit.core.importer.JavaClassProcessor - Processing class 'javax/servlet/Filter'
10:11:21.719 [Test worker] DEBUG com.tngtech.archunit.core.importer.JavaClassProcessor - Processing class 'java/lang/CharSequence'
10:11:21.720 [Test worker] DEBUG com.tngtech.archunit.core.importer.JavaClassProcessor - Processing class 'org/springframework/data/repository/PagingAndSortingRepository'
10:11:21.721 [Test worker] DEBUG com.tngtech.archunit.core.importer.JavaClassProcessor - Processing class 'java/time/chrono/ChronoLocalDateTime'
10:11:21.722 [Test worker] DEBUG com.tngtech.archunit.core.importer.JavaClassProcessor - Processing class 'java/util/Set'
10:11:21.724 [Test worker] DEBUG com.tngtech.archunit.core.importer.JavaClassProcessor - Processing class 'java/io/Serializable'
10:11:21.725 [Test worker] DEBUG com.tngtech.archunit.core.importer.JavaClassProcessor - Processing class 'org/springframework/http/client/ClientHttpRequestInterceptor'
10:11:21.726 [Test worker] DEBUG com.tngtech.archunit.core.importer.JavaClassProcessor - Processing class 'org/springframework/beans/factory/support/BeanNameGenerator'
10:11:21.727 [Test worker] DEBUG com.tngtech.archunit.core.importer.JavaClassProcessor - Processing class 'jdk/internal/ValueBased'
10:11:21.728 [Test worker] DEBUG com.tngtech.archunit.core.importer.JavaClassProcessor - Processing class 'javax/crypto/SecretKey'
10:11:21.729 [Test worker] DEBUG com.tngtech.archunit.core.importer.JavaClassProcessor - Processing class 'org/springframework/http/client/support/InterceptingHttpAccessor'
10:11:21.730 [Test worker] DEBUG com.tngtech.archunit.core.importer.JavaClassProcessor - Processing class 'java/lang/reflect/AnnotatedElement'
10:11:21.731 [Test worker] DEBUG com.tngtech.archunit.core.importer.JavaClassProcessor - Processing class 'java/lang/Double'
10:11:21.733 [Test worker] DEBUG com.tngtech.archunit.core.importer.JavaClassProcessor - Processing class 'org/springframework/http/client/ClientHttpRequestFactory'
10:11:21.734 [Test worker] DEBUG com.tngtech.archunit.core.importer.JavaClassProcessor - Processing class 'org/springframework/boot/web/client/RestTemplateCustomizer'
10:11:21.735 [Test worker] DEBUG com.tngtech.archunit.core.importer.JavaClassProcessor - Processing class 'java/lang/invoke/TypeDescriptor$OfField'
10:11:21.736 [Test worker] DEBUG com.tngtech.archunit.core.importer.JavaClassProcessor - Processing class 'org/springframework/boot/context/TypeExcludeFilter'
10:11:21.738 [Test worker] DEBUG com.tngtech.archunit.core.importer.JavaClassProcessor - Processing class 'org/springframework/boot/web/servlet/AbstractFilterRegistrationBean'
10:11:21.739 [Test worker] DEBUG com.tngtech.archunit.core.importer.JavaClassProcessor - Processing class 'org/springframework/data/repository/NoRepositoryBean'
10:11:21.740 [Test worker] DEBUG com.tngtech.archunit.core.importer.JavaClassProcessor - Processing class 'java/util/RandomAccess'
10:11:21.741 [Test worker] DEBUG com.tngtech.archunit.core.importer.JavaClassProcessor - Processing class 'org/springframework/boot/BootstrapRegistryInitializer'
10:11:21.742 [Test worker] DEBUG com.tngtech.archunit.core.importer.JavaClassProcessor - Processing class 'java/time/temporal/TemporalAmount'
10:11:21.744 [Test worker] DEBUG com.tngtech.archunit.core.importer.JavaClassProcessor - Processing class 'org/springframework/lang/Nullable'
10:11:21.900 [Test worker] DEBUG com.tngtech.archunit.core.importer.JavaClassProcessor - Processing class 'org/springframework/stereotype/Indexed'
10:11:21.901 [Test worker] DEBUG com.tngtech.archunit.core.importer.JavaClassProcessor - Processing class 'java/lang/Number'
10:11:21.901 [Test worker] DEBUG com.tngtech.archunit.core.importer.JavaClassProcessor - Processing class 'java/lang/SafeVarargs'
10:11:21.940 [Test worker] DEBUG com.tngtech.archunit.core.importer.JavaClassProcessor - Processing class 'java/util/Map$Entry'
10:11:21.941 [Test worker] DEBUG com.tngtech.archunit.core.importer.JavaClassProcessor - Processing class 'jdk/internal/vm/annotation/IntrinsicCandidate'
10:11:21.942 [Test worker] DEBUG com.tngtech.archunit.core.importer.JavaClassProcessor - Processing class 'java/util/stream/LongStream'
10:11:21.943 [Test worker] DEBUG com.tngtech.archunit.core.importer.JavaClassProcessor - Processing class 'org/springframework/boot/autoconfigure/EnableAutoConfiguration'
10:11:21.944 [Test worker] DEBUG com.tngtech.archunit.core.importer.JavaClassProcessor - Processing class 'java/lang/Deprecated'
10:11:21.945 [Test worker] DEBUG com.tngtech.archunit.core.importer.JavaClassProcessor - Processing class 'org/springframework/http/HttpMethod'
10:11:21.947 [Test worker] DEBUG com.tngtech.archunit.core.importer.JavaClassProcessor - Processing class 'org/springframework/context/annotation/Import'
10:11:21.950 [Test worker] DEBUG com.tngtech.archunit.core.importer.JavaClassProcessor - Processing class 'javax/persistence/JoinColumns'
10:11:21.955 [Test worker] DEBUG com.tngtech.archunit.core.importer.JavaClassProcessor - Processing class 'org/springframework/web/client/RestOperations'
10:11:21.958 [Test worker] DEBUG com.tngtech.archunit.core.importer.JavaClassProcessor - Processing class 'java/lang/reflect/Field'
10:11:21.960 [Test worker] DEBUG com.tngtech.archunit.core.importer.JavaClassProcessor - Processing class 'com/auth0/jwt/interfaces/Header'
10:11:21.961 [Test worker] DEBUG com.tngtech.archunit.core.importer.JavaClassProcessor - Processing class 'org/springframework/context/annotation/ComponentScan'
10:11:21.962 [Test worker] DEBUG com.tngtech.archunit.core.importer.JavaClassProcessor - Processing class 'java/util/stream/Collector$Characteristics'
10:11:21.963 [Test worker] DEBUG com.tngtech.archunit.core.importer.JavaClassProcessor - Processing class 'java/lang/constant/Constable'
10:11:21.964 [Test worker] DEBUG com.tngtech.archunit.core.importer.JavaClassProcessor - Processing class 'java/time/chrono/ChronoZonedDateTime'
10:11:21.966 [Test worker] DEBUG com.tngtech.archunit.core.importer.JavaClassProcessor - Processing class 'org/springframework/boot/SpringBootConfiguration'
10:11:21.967 [Test worker] DEBUG com.tngtech.archunit.core.importer.JavaClassProcessor - Processing class 'java/lang/Comparable'
10:11:21.968 [Test worker] DEBUG com.tngtech.archunit.core.importer.JavaClassProcessor - Processing class 'java/time/temporal/TemporalAdjuster'
10:11:21.970 [Test worker] DEBUG com.tngtech.archunit.core.importer.JavaClassProcessor - Processing class 'java/net/URL'
10:11:21.972 [Test worker] DEBUG com.tngtech.archunit.core.importer.JavaClassProcessor - Processing class 'java/util/function/IntConsumer'
10:11:21.972 [Test worker] DEBUG com.tngtech.archunit.core.importer.JavaClassProcessor - Processing class 'java/util/AbstractList'
10:11:21.974 [Test worker] DEBUG com.tngtech.archunit.core.importer.JavaClassProcessor - Processing class 'org/springframework/data/annotation/QueryAnnotation'
10:11:21.975 [Test worker] DEBUG com.tngtech.archunit.core.importer.JavaClassProcessor - Processing class 'org/springframework/context/annotation/ComponentScan$Filter'
10:11:21.976 [Test worker] DEBUG com.tngtech.archunit.core.importer.JavaClassProcessor - Processing class 'java/lang/Enum'
10:11:21.977 [Test worker] DEBUG com.tngtech.archunit.core.importer.JavaClassProcessor - Processing class 'io/jsonwebtoken/impl/crypto/JwtSignatureValidator'
10:11:21.980 [Test worker] DEBUG com.tngtech.archunit.core.importer.JavaClassProcessor - Processing class 'org/springframework/web/context/request/RequestAttributes'
10:11:21.981 [Test worker] DEBUG com.tngtech.archunit.core.importer.JavaClassProcessor - Processing class 'java/lang/annotation/Documented'
10:11:21.982 [Test worker] DEBUG com.tngtech.archunit.core.importer.JavaClassProcessor - Processing class 'org/springframework/boot/web/client/RestTemplateRequestCustomizer'
10:11:21.983 [Test worker] DEBUG com.tngtech.archunit.core.importer.JavaClassProcessor - Processing class 'java/lang/Cloneable'
10:11:21.984 [Test worker] DEBUG com.tngtech.archunit.core.importer.JavaClassProcessor - Processing class 'jdk/internal/vm/annotation/ForceInline'
10:11:21.986 [Test worker] DEBUG com.tngtech.archunit.core.importer.JavaClassProcessor - Processing class 'org/springframework/http/HttpHeaders'
10:11:21.988 [Test worker] DEBUG com.tngtech.archunit.core.importer.JavaClassProcessor - Processing class 'javax/persistence/ForeignKey'
10:11:21.989 [Test worker] DEBUG com.tngtech.archunit.core.importer.JavaClassProcessor - Processing class 'java/util/Collection'
10:11:21.990 [Test worker] DEBUG com.tngtech.archunit.core.importer.JavaClassProcessor - Processing class 'org/springframework/web/bind/annotation/RequestMethod'
10:11:21.992 [Test worker] DEBUG com.tngtech.archunit.core.importer.JavaClassProcessor - Processing class 'org/springframework/context/ApplicationListener'
10:11:21.994 [Test worker] DEBUG com.tngtech.archunit.core.importer.JavaClassProcessor - Processing class 'org/springframework/beans/factory/annotation/Autowire'
10:11:21.995 [Test worker] DEBUG com.tngtech.archunit.core.importer.JavaClassProcessor - Processing class 'java/util/stream/DoubleStream'
10:11:22.011 [Test worker] DEBUG com.tngtech.archunit.core.importer.JavaClassProcessor - Processing class 'org/springframework/http/HttpEntity'
10:11:22.013 [Test worker] DEBUG com.tngtech.archunit.core.importer.JavaClassProcessor - Processing class 'java/lang/Class$ReflectionData'
10:11:22.014 [Test worker] DEBUG com.tngtech.archunit.core.importer.JavaClassProcessor - Processing class 'javax/servlet/ServletResponse'
10:11:22.020 [Test worker] DEBUG com.tngtech.archunit.core.importer.JavaClassProcessor - Processing class 'java/lang/reflect/Type'
10:11:22.021 [Test worker] DEBUG com.tngtech.archunit.core.importer.JavaClassProcessor - Processing class 'jdk/internal/reflect/CallerSensitive'
10:11:22.023 [Test worker] DEBUG com.tngtech.archunit.core.importer.JavaClassProcessor - Processing class 'org/springframework/http/converter/HttpMessageConverter'
10:11:22.024 [Test worker] DEBUG com.tngtech.archunit.core.importer.JavaClassProcessor - Processing class 'java/time/LocalDate'
10:11:22.029 [Test worker] DEBUG com.tngtech.archunit.core.importer.JavaClassProcessor - Processing class 'org/springframework/boot/SpringBootExceptionReporter'
10:11:22.030 [Test worker] DEBUG com.tngtech.archunit.core.importer.JavaClassProcessor - Processing class 'java/time/temporal/Temporal'
10:11:22.031 [Test worker] DEBUG com.tngtech.archunit.core.importer.JavaClassProcessor - Processing class 'java/util/stream/IntStream'
10:11:22.033 [Test worker] DEBUG com.tngtech.archunit.core.importer.JavaClassProcessor - Processing class 'org/springframework/context/annotation/EnableAspectJAutoProxy'
10:11:22.033 [Test worker] DEBUG com.tngtech.archunit.core.importer.JavaClassProcessor - Processing class 'java/time/temporal/TemporalUnit'
10:11:22.034 [Test worker] DEBUG com.tngtech.archunit.core.importer.JavaClassProcessor - Processing class 'org/springframework/boot/autoconfigure/AutoConfigurationExcludeFilter'
10:11:22.036 [Test worker] DEBUG com.tngtech.archunit.core.importer.JavaClassProcessor - Processing class 'org/springframework/stereotype/Controller'
10:11:22.038 [Test worker] DEBUG com.tngtech.archunit.core.importer.JavaClassProcessor - Processing class 'org/springframework/web/context/request/AbstractRequestAttributes'
10:11:22.040 [Test worker] DEBUG com.tngtech.archunit.core.importer.JavaClassProcessor - Processing class 'org/springframework/retry/annotation/RetryConfiguration'
10:11:22.041 [Test worker] DEBUG com.tngtech.archunit.core.importer.JavaClassProcessor - Processing class 'java/util/concurrent/ConcurrentMap'
10:11:22.043 [Test worker] DEBUG com.tngtech.archunit.core.importer.JavaClassProcessor - Processing class 'javax/servlet/http/HttpUpgradeHandler'
10:11:22.044 [Test worker] DEBUG com.tngtech.archunit.core.importer.JavaClassProcessor - Processing class 'java/lang/FunctionalInterface'
10:11:22.045 [Test worker] DEBUG com.tngtech.archunit.core.importer.JavaClassProcessor - Processing class 'java/lang/constant/ConstantDesc'
10:11:22.046 [Test worker] DEBUG com.tngtech.archunit.core.importer.JavaClassProcessor - Processing class 'java/lang/annotation/Repeatable'
10:11:22.047 [Test worker] DEBUG com.tngtech.archunit.core.importer.JavaClassProcessor - Processing class 'java/lang/Boolean'
10:11:22.049 [Test worker] DEBUG com.tngtech.archunit.core.importer.JavaClassProcessor - Processing class 'org/aspectj/lang/reflect/CodeSignature'
10:11:22.051 [Test worker] DEBUG com.tngtech.archunit.core.importer.JavaClassProcessor - Processing class 'org/springframework/context/annotation/FilterType'
10:11:22.052 [Test worker] DEBUG com.tngtech.archunit.core.importer.JavaClassProcessor - Processing class 'java/util/LongSummaryStatistics'
10:11:22.053 [Test worker] DEBUG com.tngtech.archunit.core.importer.JavaClassProcessor - Processing class 'java/lang/reflect/GenericDeclaration'
10:11:22.055 [Test worker] DEBUG com.tngtech.archunit.core.importer.JavaClassProcessor - Processing class 'org/springframework/core/annotation/AliasFor'
10:11:22.057 [Test worker] DEBUG com.tngtech.archunit.core.importer.JavaClassProcessor - Processing class 'javax/servlet/ServletRequest'
10:11:22.059 [Test worker] DEBUG com.tngtech.archunit.core.importer.JavaClassProcessor - Processing class 'jdk/internal/vm/annotation/Stable'
10:11:22.060 [Test worker] DEBUG com.tngtech.archunit.core.importer.JavaClassProcessor - Processing class 'org/springframework/core/env/StandardEnvironment'
10:11:22.064 [Test worker] DEBUG com.tngtech.archunit.core.importer.JavaClassProcessor - Processing class 'org/springframework/web/bind/annotation/ResponseBody'
10:11:22.065 [Test worker] DEBUG com.tngtech.archunit.core.importer.JavaClassProcessor - Processing class 'java/util/function/LongConsumer'
10:11:22.066 [Test worker] DEBUG com.tngtech.archunit.core.importer.JavaClassProcessor - Processing class 'java/util/function/Consumer'
10:11:22.068 [Test worker] DEBUG com.tngtech.archunit.core.importer.JavaClassProcessor - Processing class 'io/jsonwebtoken/ClaimsMutator'
10:11:22.070 [Test worker] DEBUG com.tngtech.archunit.core.importer.JavaClassProcessor - Processing class 'org/springframework/data/repository/query/QueryByExampleExecutor'
10:11:22.071 [Test worker] DEBUG com.tngtech.archunit.core.importer.JavaClassProcessor - Processing class 'java/util/AbstractMap'
10:11:22.074 [Test worker] DEBUG com.tngtech.archunit.core.importer.JavaClassProcessor - Processing class 'javax/servlet/http/Part'
10:11:22.074 [Test worker] DEBUG com.tngtech.archunit.core.importer.JavaClassProcessor - Processing class 'java/lang/constant/ClassDesc'
10:11:22.075 [Test worker] DEBUG com.tngtech.archunit.core.importer.JavaClassProcessor - Processing class 'java/util/stream/BaseStream'
10:11:22.076 [Test worker] DEBUG com.tngtech.archunit.core.importer.JavaClassProcessor - Processing class 'java/util/IntSummaryStatistics'
10:11:22.077 [Test worker] DEBUG com.tngtech.archunit.core.importer.JavaClassProcessor - Processing class 'com/auth0/jwt/interfaces/Payload'
10:11:22.083 [Test worker] DEBUG com.tngtech.archunit.core.importer.JavaClassProcessor - Processing class 'org/springframework/context/ApplicationContextInitializer'
10:11:22.097 [Test worker] DEBUG com.tngtech.archunit.core.importer.JavaClassProcessor - Processing class 'org/springframework/web/bind/annotation/Mapping'
10:11:22.099 [Test worker] DEBUG com.tngtech.archunit.core.importer.JavaClassProcessor - Processing class 'org/springframework/data/repository/query/FluentQuery$FetchableFluentQuery'
10:11:22.101 [Test worker] DEBUG com.tngtech.archunit.core.importer.JavaClassProcessor - Processing class 'java/lang/Enum$EnumDesc'
10:11:22.102 [Test worker] DEBUG com.tngtech.archunit.core.importer.JavaClassProcessor - Processing class 'java/util/stream/Collector'
10:11:22.103 [Test worker] DEBUG com.tngtech.archunit.core.importer.JavaClassProcessor - Processing class 'java/lang/invoke/TypeDescriptor'
10:11:22.104 [Test worker] DEBUG com.tngtech.archunit.core.importer.JavaClassProcessor - Processing class 'org/springframework/context/PayloadApplicationEvent'
10:11:22.107 [Test worker] DEBUG com.tngtech.archunit.core.importer.JavaClassProcessor - Processing class 'org/springframework/boot/autoconfigure/AutoConfigurationImportSelector'
10:11:22.109 [Test worker] DEBUG com.tngtech.archunit.core.importer.JavaClassProcessor - Processing class 'org/springframework/aop/IntroductionAdvisor'
10:11:22.110 [Test worker] DEBUG com.tngtech.archunit.core.importer.JavaClassProcessor - Processing class 'java/lang/reflect/Member'
10:11:22.119 [Test worker] DEBUG com.tngtech.archunit.core.importer.JavaClassProcessor - Processing class 'java/util/EventListener'
10:11:22.122 [Test worker] DEBUG com.tngtech.archunit.core.importer.JavaClassProcessor - Processing class 'org/springframework/context/annotation/Role'
10:11:22.124 [Test worker] DEBUG com.tngtech.archunit.core.importer.JavaClassProcessor - Processing class 'org/springframework/beans/factory/DisposableBean'
10:11:22.126 [Test worker] DEBUG com.tngtech.archunit.core.importer.JavaClassProcessor - Processing class 'org/springframework/boot/autoconfigure/AutoConfigurationPackage'
10:11:22.128 [Test worker] DEBUG com.tngtech.archunit.core.importer.JavaClassProcessor - Processing class 'java/time/temporal/TemporalAccessor'
10:11:22.130 [Test worker] DEBUG com.tngtech.archunit.core.importer.JavaClassProcessor - Processing class 'org/springframework/http/client/ClientHttpRequest'
10:11:22.133 [Test worker] DEBUG com.tngtech.archunit.core.importer.JavaClassProcessor - Processing class 'org/springframework/beans/factory/BeanFactoryAware'
10:11:22.146 [Test worker] DEBUG com.tngtech.archunit.core.importer.JavaClassProcessor - Processing class 'org/springframework/core/env/EnvironmentCapable'
10:11:22.147 [Test worker] DEBUG com.tngtech.archunit.core.importer.JavaClassProcessor - Processing class 'org/springframework/boot/web/servlet/DynamicRegistrationBean'
10:11:22.148 [Test worker] DEBUG com.tngtech.archunit.core.importer.JavaClassProcessor - Processing class 'java/net/spi/URLStreamHandlerProvider'
10:11:22.153 [Test worker] DEBUG com.tngtech.archunit.core.importer.JavaClassProcessor - Processing class 'org/springframework/util/MultiValueMap'
10:11:22.161 [Test worker] DEBUG com.tngtech.archunit.core.importer.JavaClassProcessor - Processing class 'org/springframework/context/ApplicationEvent'
10:11:22.175 [Test worker] DEBUG com.tngtech.archunit.core.importer.JavaClassProcessor - Processing class 'javax/servlet/FilterRegistration$Dynamic'
10:11:22.176 [Test worker] DEBUG com.tngtech.archunit.core.importer.JavaClassProcessor - Processing class 'org/springframework/web/context/ServletContextAware'
10:11:22.177 [Test worker] DEBUG com.tngtech.archunit.core.importer.JavaClassProcessor - Processing class 'org/springframework/core/type/filter/TypeFilter'
10:11:22.178 [Test worker] DEBUG com.tngtech.archunit.core.importer.JavaClassProcessor - Processing class 'java/lang/Runnable'
10:11:22.178 [Test worker] DEBUG com.tngtech.archunit.core.importer.JavaClassProcessor - Processing class 'java/lang/AutoCloseable'
10:11:22.179 [Test worker] DEBUG com.tngtech.archunit.core.importer.JavaClassProcessor - Processing class 'java/util/AbstractCollection'
10:11:22.186 [Test worker] DEBUG com.tngtech.archunit.core.importer.JavaClassProcessor - Processing class 'java/util/Locale'
10:11:22.190 [Test worker] DEBUG com.tngtech.archunit.core.importer.JavaClassProcessor - Processing class 'org/springframework/context/ConfigurableApplicationContext'
10:11:22.190 [Test worker] DEBUG com.tngtech.archunit.core.importer.JavaClassProcessor - Processing class 'javax/security/auth/Destroyable'
10:11:22.194 [Test worker] DEBUG com.tngtech.archunit.core.importer.JavaClassProcessor - Processing class 'org/springframework/http/MediaType'
10:11:22.197 [Test worker] DEBUG com.tngtech.archunit.core.importer.JavaClassProcessor - Processing class 'java/util/Locale$LanguageRange'
10:11:22.200 [Test worker] DEBUG com.tngtech.archunit.core.importer.JavaClassProcessor - Processing class 'org/springframework/aop/support/AbstractPointcutAdvisor'
10:11:22.215 [Test worker] DEBUG com.tngtech.archunit.core.importer.JavaClassProcessor - Processing class 'java/security/Key'
10:11:22.217 [Test worker] DEBUG com.tngtech.archunit.core.importer.JavaClassProcessor - Processing class 'java/lang/constant/DynamicConstantDesc'
10:11:22.219 [Test worker] DEBUG com.tngtech.archunit.core.importer.JavaClassProcessor - Processing class 'java/net/URLStreamHandler'
10:11:22.220 [Test worker] DEBUG com.tngtech.archunit.core.importer.JavaClassProcessor - Processing class 'org/springframework/http/client/support/HttpAccessor'
10:11:22.222 [Test worker] DEBUG com.tngtech.archunit.core.importer.JavaClassProcessor - Processing class 'org/springframework/context/annotation/AnnotationScopeMetadataResolver'
10:11:22.224 [Test worker] DEBUG com.tngtech.archunit.core.importer.JavaClassProcessor - Processing class 'org/springframework/beans/factory/BeanClassLoaderAware'
10:11:22.244 [Test worker] DEBUG com.tngtech.archunit.core.importer.JavaClassProcessor - Processing class 'org/aspectj/lang/reflect/MemberSignature'
10:11:22.246 [Test worker] DEBUG com.tngtech.archunit.core.importer.JavaClassProcessor - Processing class 'org/springframework/context/annotation/AspectJAutoProxyRegistrar'
10:11:22.247 [Test worker] DEBUG com.tngtech.archunit.core.importer.JavaClassProcessor - Processing class 'org/springframework/data/repository/CrudRepository'
10:11:22.249 [Test worker] DEBUG com.tngtech.archunit.core.importer.JavaClassProcessor - Processing class 'org/springframework/beans/factory/InitializingBean'
10:11:22.249 [Test worker] DEBUG com.tngtech.archunit.core.importer.JavaClassProcessor - Processing class 'java/lang/Iterable'
10:11:22.250 [Test worker] DEBUG com.tngtech.archunit.core.importer.JavaClassProcessor - Processing class 'java/nio/charset/Charset'
10:11:22.252 [Test worker] DEBUG com.tngtech.archunit.core.importer.JavaClassProcessor - Processing class 'org/springframework/context/annotation/ComponentScans'
10:11:22.253 [Test worker] DEBUG com.tngtech.archunit.core.importer.JavaClassProcessor - Processing class 'org/springframework/boot/web/servlet/ServletRegistrationBean'
10:11:22.255 [Test worker] DEBUG com.tngtech.archunit.core.importer.JavaClassProcessor - Processing class 'org/springframework/retry/RetryListener'
10:11:22.258 [Test worker] DEBUG com.tngtech.archunit.core.importer.JavaClassProcessor - Processing class 'org/springframework/beans/factory/BeanNameAware'
10:11:22.260 [Test worker] DEBUG com.tngtech.archunit.core.importer.JavaClassProcessor - Processing class 'java/time/chrono/ChronoLocalDate'
10:11:22.261 [Test worker] DEBUG com.tngtech.archunit.core.importer.JavaClassProcessor - Processing class 'java/lang/reflect/AccessibleObject'
10:11:22.264 [Test worker] DEBUG com.tngtech.archunit.core.importer.JavaClassProcessor - Processing class 'org/springframework/context/annotation/ScopedProxyMode'
10:11:22.265 [Test worker] DEBUG com.tngtech.archunit.core.importer.JavaClassProcessor - Processing class 'org/springframework/http/HttpRange'
10:11:22.267 [Test worker] DEBUG com.tngtech.archunit.core.importer.JavaClassProcessor - Processing class 'org/springframework/beans/factory/SmartInitializingSingleton'
10:11:22.270 [Test worker] DEBUG com.tngtech.archunit.core.importer.JavaClassProcessor - Processing class 'org/springframework/context/EnvironmentAware'
10:11:22.272 [Test worker] DEBUG com.tngtech.archunit.core.importer.JavaClassProcessor - Processing class 'org/springframework/context/annotation/ScopeMetadataResolver'
10:11:22.273 [Test worker] DEBUG com.tngtech.archunit.core.importer.JavaClassProcessor - Processing class 'javax/servlet/DispatcherType'
10:11:22.275 [Test worker] DEBUG com.tngtech.archunit.core.importer.JavaClassProcessor - Processing class 'org/springframework/core/env/AbstractEnvironment'
10:11:22.289 [Test worker] DEBUG com.tngtech.archunit.core.importer.JavaClassProcessor - Processing class 'org/springframework/boot/autoconfigure/AutoConfigurationImportListener'
10:11:22.290 [Test worker] DEBUG com.tngtech.archunit.core.importer.JavaClassProcessor - Processing class 'java/nio/charset/spi/CharsetProvider'
10:11:22.292 [Test worker] DEBUG com.tngtech.archunit.core.importer.JavaClassProcessor - Processing class 'org/springframework/data/repository/query/FluentQuery'
10:11:22.293 [Test worker] DEBUG com.tngtech.archunit.core.importer.JavaClassProcessor - Processing class 'org/springframework/http/HttpRequest'
10:11:22.294 [Test worker] DEBUG com.tngtech.archunit.core.importer.JavaClassProcessor - Processing class 'org/springframework/boot/web/servlet/RegistrationBean'
10:11:22.296 [Test worker] DEBUG com.tngtech.archunit.core.importer.JavaClassProcessor - Processing class 'javax/servlet/Registration$Dynamic'
10:11:22.297 [Test worker] DEBUG com.tngtech.archunit.core.importer.JavaClassProcessor - Processing class 'java/util/EventObject'
10:11:22.314 [Test worker] DEBUG com.tngtech.archunit.core.importer.JavaClassProcessor - Processing class 'org/springframework/util/MimeType'
10:11:22.316 [Test worker] DEBUG com.tngtech.archunit.core.importer.JavaClassProcessor - Processing class 'java/lang/Character'
10:11:22.320 [Test worker] DEBUG com.tngtech.archunit.core.importer.JavaClassProcessor - Processing class 'org/springframework/data/repository/Repository'
10:11:22.321 [Test worker] DEBUG com.tngtech.archunit.core.importer.JavaClassProcessor - Processing class 'org/springframework/boot/autoconfigure/AutoConfigurationPackages$Registrar'
10:11:22.323 [Test worker] DEBUG com.tngtech.archunit.core.importer.JavaClassProcessor - Processing class 'javax/servlet/ServletRegistration$Dynamic'
10:11:22.324 [Test worker] DEBUG com.tngtech.archunit.core.importer.JavaClassProcessor - Processing class 'java/lang/ThreadLocal'
10:11:22.326 [Test worker] DEBUG com.tngtech.archunit.core.importer.JavaClassProcessor - Processing class 'javax/servlet/Servlet'
10:11:22.328 [Test worker] DEBUG com.tngtech.archunit.core.importer.JavaClassProcessor - Processing class 'org/aspectj/lang/Signature'
10:11:22.329 [Test worker] DEBUG com.tngtech.archunit.core.importer.JavaClassProcessor - Processing class 'javax/servlet/FilterRegistration'
10:11:22.330 [Test worker] DEBUG com.tngtech.archunit.core.importer.JavaClassProcessor - Processing class 'java/net/URLStreamHandlerFactory'
10:11:22.331 [Test worker] DEBUG com.tngtech.archunit.core.importer.JavaClassProcessor - Processing class 'sun/util/locale/LocaleExtensions'
10:11:22.333 [Test worker] DEBUG com.tngtech.archunit.core.importer.JavaClassProcessor - Processing class 'org/springframework/core/Ordered'
10:11:22.336 [Test worker] DEBUG com.tngtech.archunit.core.importer.JavaClassProcessor - Processing class 'org/springframework/aop/PointcutAdvisor'
10:11:22.338 [Test worker] DEBUG com.tngtech.archunit.core.importer.JavaClassProcessor - Processing class 'org/springframework/context/annotation/DeferredImportSelector'
10:11:22.339 [Test worker] DEBUG com.tngtech.archunit.core.importer.JavaClassProcessor - Processing class 'org/springframework/beans/factory/Aware'
10:11:22.340 [Test worker] DEBUG com.tngtech.archunit.core.importer.JavaClassProcessor - Processing class 'org/springframework/core/ResolvableTypeProvider'
10:11:22.342 [Test worker] DEBUG com.tngtech.archunit.core.importer.JavaClassProcessor - Processing class 'org/springframework/core/io/support/ResourceRegion'
10:11:22.344 [Test worker] DEBUG com.tngtech.archunit.core.importer.JavaClassProcessor - Processing class 'org/springframework/aop/IntroductionInfo'
10:11:22.345 [Test worker] DEBUG com.tngtech.archunit.core.importer.JavaClassProcessor - Processing class 'org/springframework/boot/autoconfigure/AutoConfigurationImportFilter'
10:11:22.348 [Test worker] DEBUG com.tngtech.archunit.core.importer.JavaClassProcessor - Processing class 'org/springframework/core/env/ConfigurableEnvironment'
10:11:22.349 [Test worker] DEBUG com.tngtech.archunit.core.importer.JavaClassProcessor - Processing class 'org/springframework/context/annotation/ImportBeanDefinitionRegistrar'
10:11:22.350 [Test worker] DEBUG com.tngtech.archunit.core.importer.JavaClassProcessor - Processing class 'org/springframework/http/client/ClientHttpRequestInitializer'
10:11:22.351 [Test worker] DEBUG com.tngtech.archunit.core.importer.JavaClassProcessor - Processing class 'org/springframework/aop/Advisor'
10:11:22.352 [Test worker] DEBUG com.tngtech.archunit.core.importer.JavaClassProcessor - Processing class 'org/springframework/context/ResourceLoaderAware'
10:11:22.353 [Test worker] DEBUG com.tngtech.archunit.core.importer.JavaClassProcessor - Processing class 'org/springframework/context/ApplicationContext'
10:11:22.353 [Test worker] DEBUG com.tngtech.archunit.core.importer.JavaClassProcessor - Processing class 'org/springframework/context/Lifecycle'
10:11:22.354 [Test worker] DEBUG com.tngtech.archunit.core.importer.JavaClassProcessor - Processing class 'sun/util/locale/BaseLocale'
10:11:22.355 [Test worker] DEBUG com.tngtech.archunit.core.importer.JavaClassProcessor - Processing class 'org/springframework/context/annotation/DeferredImportSelector$Group'
10:11:22.355 [Test worker] DEBUG com.tngtech.archunit.core.importer.JavaClassProcessor - Processing class 'java/io/Closeable'
10:11:22.356 [Test worker] DEBUG com.tngtech.archunit.core.importer.JavaClassProcessor - Processing class 'org/springframework/http/HttpOutputMessage'
10:11:22.357 [Test worker] DEBUG com.tngtech.archunit.core.importer.JavaClassProcessor - Processing class 'sun/util/locale/Extension'
10:11:22.358 [Test worker] DEBUG com.tngtech.archunit.core.importer.JavaClassProcessor - Processing class 'org/springframework/beans/factory/HierarchicalBeanFactory'
10:11:22.359 [Test worker] DEBUG com.tngtech.archunit.core.importer.JavaClassProcessor - Processing class 'javax/servlet/ServletRegistration'
10:11:22.360 [Test worker] DEBUG com.tngtech.archunit.core.importer.JavaClassProcessor - Processing class 'org/springframework/core/env/ConfigurablePropertyResolver'
10:11:22.362 [Test worker] DEBUG com.tngtech.archunit.core.importer.JavaClassProcessor - Processing class 'org/springframework/context/annotation/DeferredImportSelector$Group$Entry'
10:11:22.364 [Test worker] DEBUG com.tngtech.archunit.core.importer.JavaClassProcessor - Processing class 'org/springframework/context/ApplicationEventPublisher'
10:11:22.366 [Test worker] DEBUG com.tngtech.archunit.core.importer.JavaClassProcessor - Processing class 'org/springframework/http/HttpMessage'
10:11:22.368 [Test worker] DEBUG com.tngtech.archunit.core.importer.JavaClassProcessor - Processing class 'org/springframework/context/annotation/ImportSelector'
10:11:22.369 [Test worker] DEBUG com.tngtech.archunit.core.importer.JavaClassProcessor - Processing class 'org/springframework/boot/web/servlet/ServletContextInitializer'
10:11:22.369 [Test worker] DEBUG com.tngtech.archunit.core.importer.JavaClassProcessor - Processing class 'org/springframework/context/MessageSource'
10:11:22.371 [Test worker] DEBUG com.tngtech.archunit.core.importer.JavaClassProcessor - Processing class 'javax/servlet/Registration'
10:11:22.372 [Test worker] DEBUG com.tngtech.archunit.core.importer.JavaClassProcessor - Processing class 'org/springframework/boot/autoconfigure/AutoConfigurationPackages'
10:11:22.373 [Test worker] DEBUG com.tngtech.archunit.core.importer.JavaClassProcessor - Processing class 'org/springframework/boot/context/annotation/DeterminableImports'
10:11:22.373 [Test worker] DEBUG com.tngtech.archunit.core.importer.JavaClassProcessor - Processing class 'sun/util/locale/InternalLocaleBuilder$CaseInsensitiveString'
10:11:22.374 [Test worker] DEBUG com.tngtech.archunit.core.importer.JavaClassProcessor - Processing class 'org/springframework/core/io/support/ResourcePatternResolver'
10:11:22.375 [Test worker] DEBUG com.tngtech.archunit.core.importer.JavaClassProcessor - Processing class 'sun/util/locale/InternalLocaleBuilder$CaseInsensitiveChar'
10:11:22.377 [Test worker] DEBUG com.tngtech.archunit.core.importer.JavaClassProcessor - Processing class 'org/springframework/beans/factory/ListableBeanFactory'
10:11:22.382 [Test worker] DEBUG com.tngtech.archunit.core.importer.JavaClassProcessor - Processing class 'org/springframework/core/io/ResourceLoader'
10:11:22.385 [Test worker] DEBUG com.tngtech.archunit.core.importer.JavaClassProcessor - Processing class 'org/springframework/beans/factory/BeanFactory'
10:11:22.387 [Test worker] DEBUG com.tngtech.archunit.core.importer.JavaClassProcessor - Processing class 'sun/util/locale/InternalLocaleBuilder'
10:11:22.392 [Test worker] DEBUG com.tngtech.archunit.core.importer.JavaClassProcessor - Processing class 'com/auth0/jwt/impl/JWTParser'
10:11:22.394 [Test worker] DEBUG com.tngtech.archunit.core.importer.JavaClassProcessor - Processing class 'com/auth0/jwt/exceptions/JWTDecodeException'
10:11:22.396 [Test worker] DEBUG com.tngtech.archunit.core.importer.JavaClassProcessor - Processing class 'com/auth0/jwt/JWTCreator$Builder'
10:11:22.398 [Test worker] DEBUG com.tngtech.archunit.core.importer.JavaClassProcessor - Processing class 'com/auth0/jwt/interfaces/Verification'
10:11:22.400 [Test worker] DEBUG com.tngtech.archunit.core.importer.JavaClassProcessor - Processing class 'com/auth0/jwt/algorithms/Algorithm'
10:11:22.403 [Test worker] DEBUG com.tngtech.archunit.core.importer.JavaClassProcessor - Processing class 'java/time/Instant'
10:11:22.422 [Test worker] DEBUG com.tngtech.archunit.core.importer.JavaClassProcessor - Processing class 'io/jsonwebtoken/Header'
10:11:22.425 [Test worker] DEBUG com.tngtech.archunit.core.importer.JavaClassProcessor - Processing class 'io/jsonwebtoken/CompressionCodec'
10:11:22.427 [Test worker] DEBUG com.tngtech.archunit.core.importer.JavaClassProcessor - Processing class 'io/jsonwebtoken/Claims'
10:11:22.429 [Test worker] DEBUG com.tngtech.archunit.core.importer.JavaClassProcessor - Processing class 'io/jsonwebtoken/JwsHeader'
10:11:22.431 [Test worker] DEBUG com.tngtech.archunit.core.importer.JavaClassProcessor - Processing class 'io/jsonwebtoken/JwtParser'
10:11:22.435 [Test worker] DEBUG com.tngtech.archunit.core.importer.JavaClassProcessor - Processing class 'io/jsonwebtoken/SignatureException'
10:11:22.437 [Test worker] DEBUG com.tngtech.archunit.core.importer.JavaClassProcessor - Processing class 'io/jsonwebtoken/impl/crypto/SignatureValidator'
10:11:22.439 [Test worker] DEBUG com.tngtech.archunit.core.importer.JavaClassProcessor - Processing class 'io/jsonwebtoken/impl/crypto/SignatureValidatorFactory'
10:11:22.445 [Test worker] DEBUG com.tngtech.archunit.core.importer.JavaClassProcessor - Processing class 'java/lang/ClassLoader'
10:11:22.448 [Test worker] DEBUG com.tngtech.archunit.core.importer.JavaClassProcessor - Processing class 'java/lang/Class$AnnotationData'
10:11:22.449 [Test worker] DEBUG com.tngtech.archunit.core.importer.JavaClassProcessor - Processing class 'jdk/internal/reflect/ReflectionFactory'
10:11:22.452 [Test worker] DEBUG com.tngtech.archunit.core.importer.JavaClassProcessor - Processing class 'java/security/ProtectionDomain'
10:11:22.453 [Test worker] DEBUG com.tngtech.archunit.core.importer.JavaClassProcessor - Processing class 'java/lang/Module'
10:11:22.456 [Test worker] DEBUG com.tngtech.archunit.core.importer.JavaClassProcessor - Processing class 'java/lang/ref/SoftReference'
10:11:22.457 [Test worker] DEBUG com.tngtech.archunit.core.importer.JavaClassProcessor - Processing class 'java/lang/ClassValue$ClassValueMap'
10:11:22.458 [Test worker] DEBUG com.tngtech.archunit.core.importer.JavaClassProcessor - Processing class 'sun/reflect/generics/repository/ClassRepository'
10:11:22.459 [Test worker] DEBUG com.tngtech.archunit.core.importer.JavaClassProcessor - Processing class 'sun/reflect/annotation/AnnotationType'
10:11:22.460 [Test worker] DEBUG com.tngtech.archunit.core.importer.JavaClassProcessor - Processing class 'java/io/ObjectStreamField'
10:11:22.461 [Test worker] DEBUG com.tngtech.archunit.core.importer.JavaClassProcessor - Processing class 'java/lang/reflect/Constructor'
10:11:22.463 [Test worker] DEBUG com.tngtech.archunit.core.importer.JavaClassProcessor - Processing class 'java/lang/ClassNotFoundException'
10:11:22.463 [Test worker] DEBUG com.tngtech.archunit.core.importer.JavaClassProcessor - Processing class 'java/lang/SecurityException'
10:11:22.463 [Test worker] DEBUG com.tngtech.archunit.core.importer.JavaClassProcessor - Processing class 'java/lang/Package'
10:11:22.465 [Test worker] DEBUG com.tngtech.archunit.core.importer.JavaClassProcessor - Processing class 'java/lang/reflect/GenericArrayType'
10:11:22.466 [Test worker] DEBUG com.tngtech.archunit.core.importer.JavaClassProcessor - Processing class 'java/lang/reflect/RecordComponent'
10:11:22.467 [Test worker] DEBUG com.tngtech.archunit.core.importer.JavaClassProcessor - Processing class 'java/lang/reflect/AnnotatedType'
10:11:22.468 [Test worker] DEBUG com.tngtech.archunit.core.importer.JavaClassProcessor - Processing class 'java/lang/SecurityManager'
10:11:22.469 [Test worker] DEBUG com.tngtech.archunit.core.importer.JavaClassProcessor - Processing class 'java/lang/Class$EnclosingMethodInfo'
10:11:22.469 [Test worker] DEBUG com.tngtech.archunit.core.importer.JavaClassProcessor - Processing class 'java/lang/NoSuchMethodException'
10:11:22.470 [Test worker] DEBUG com.tngtech.archunit.core.importer.JavaClassProcessor - Processing class 'java/lang/reflect/TypeVariable'
10:11:22.470 [Test worker] DEBUG com.tngtech.archunit.core.importer.JavaClassProcessor - Processing class 'java/lang/InstantiationException'
10:11:22.471 [Test worker] DEBUG com.tngtech.archunit.core.importer.JavaClassProcessor - Processing class 'java/lang/IllegalAccessException'
10:11:22.471 [Test worker] DEBUG com.tngtech.archunit.core.importer.JavaClassProcessor - Processing class 'jdk/internal/reflect/ConstantPool'
10:11:22.472 [Test worker] DEBUG com.tngtech.archunit.core.importer.JavaClassProcessor - Processing class 'java/lang/NoSuchFieldException'
10:11:22.472 [Test worker] DEBUG com.tngtech.archunit.core.importer.JavaClassProcessor - Processing class 'sun/reflect/generics/factory/GenericsFactory'
10:11:22.473 [Test worker] DEBUG com.tngtech.archunit.core.importer.JavaClassProcessor - Processing class 'java/lang/PublicMethods$MethodList'
10:11:22.474 [Test worker] DEBUG com.tngtech.archunit.core.importer.JavaClassProcessor - Processing class 'java/io/InputStream'
10:11:22.474 [Test worker] DEBUG com.tngtech.archunit.core.importer.JavaClassProcessor - Processing class 'jdk/internal/loader/BuiltinClassLoader'
10:11:22.476 [Test worker] DEBUG com.tngtech.archunit.core.importer.JavaClassProcessor - Processing class 'java/lang/invoke/MethodHandles$Lookup'
10:11:22.500 [Test worker] DEBUG com.tngtech.archunit.core.importer.JavaClassProcessor - Processing class 'java/lang/NumberFormatException'
10:11:22.500 [Test worker] DEBUG com.tngtech.archunit.core.importer.JavaClassProcessor - Processing class 'java/lang/ReflectiveOperationException'
10:11:22.501 [Test worker] DEBUG com.tngtech.archunit.core.importer.JavaClassProcessor - Processing class 'java/io/ObjectInputStream'
10:11:22.502 [Test worker] DEBUG com.tngtech.archunit.core.importer.JavaClassProcessor - Processing class 'java/lang/CloneNotSupportedException'
10:11:22.503 [Test worker] DEBUG com.tngtech.archunit.core.importer.JavaClassProcessor - Processing class 'java/io/ObjectStreamException'
10:11:22.513 [Test worker] DEBUG com.tngtech.archunit.core.importer.JavaClassProcessor - Processing class 'java/util/Spliterator'
10:11:22.513 [Test worker] DEBUG com.tngtech.archunit.core.importer.JavaClassProcessor - Processing class 'java/math/BigInteger'
10:11:22.518 [Test worker] DEBUG com.tngtech.archunit.core.importer.JavaClassProcessor - Processing class 'java/lang/InterruptedException'
10:11:22.519 [Test worker] DEBUG com.tngtech.archunit.core.importer.JavaClassProcessor - Processing class 'java/io/UnsupportedEncodingException'
10:11:22.519 [Test worker] DEBUG com.tngtech.archunit.core.importer.JavaClassProcessor - Processing class 'sun/nio/cs/ArrayDecoder'
10:11:22.519 [Test worker] DEBUG com.tngtech.archunit.core.importer.JavaClassProcessor - Processing class 'sun/nio/cs/ArrayEncoder'
10:11:22.527 [Test worker] DEBUG com.tngtech.archunit.core.importer.JavaClassProcessor - Processing class 'java/lang/Void'
10:11:22.528 [Test worker] DEBUG com.tngtech.archunit.core.importer.JavaClassProcessor - Processing class 'java/nio/charset/UnmappableCharacterException'
10:11:22.529 [Test worker] DEBUG com.tngtech.archunit.core.importer.JavaClassProcessor - Processing class 'java/nio/charset/CharacterCodingException'
10:11:22.530 [Test worker] DEBUG com.tngtech.archunit.core.importer.JavaClassProcessor - Processing class 'java/nio/charset/CharsetDecoder'
10:11:22.535 [Test worker] DEBUG com.tngtech.archunit.core.importer.JavaClassProcessor - Processing class 'java/util/function/Function'
10:11:22.536 [Test worker] DEBUG com.tngtech.archunit.core.importer.JavaClassProcessor - Processing class 'java/lang/AbstractStringBuilder'
10:11:22.539 [Test worker] DEBUG com.tngtech.archunit.core.importer.JavaClassProcessor - Processing class 'java/nio/charset/MalformedInputException'
10:11:22.540 [Test worker] DEBUG com.tngtech.archunit.core.importer.JavaClassProcessor - Processing class 'java/lang/StringBuffer'
10:11:22.542 [Test worker] DEBUG com.tngtech.archunit.core.importer.JavaClassProcessor - Processing class 'java/lang/StringBuilder'
10:11:22.545 [Test worker] DEBUG com.tngtech.archunit.core.importer.JavaClassProcessor - Processing class 'java/lang/ModuleLayer'
10:11:22.546 [Test worker] DEBUG com.tngtech.archunit.core.importer.JavaClassProcessor - Processing class 'java/io/PrintStream'
10:11:22.548 [Test worker] DEBUG com.tngtech.archunit.core.importer.JavaClassProcessor - Processing class 'java/util/Properties'
10:11:22.550 [Test worker] DEBUG com.tngtech.archunit.core.importer.JavaClassProcessor - Processing class 'java/io/Console'
10:11:22.552 [Test worker] DEBUG com.tngtech.archunit.core.importer.JavaClassProcessor - Processing class 'java/io/FileOutputStream'
10:11:22.586 [Test worker] DEBUG com.tngtech.archunit.core.importer.JavaClassProcessor - Processing class 'java/lang/System$Logger'
10:11:22.587 [Test worker] DEBUG com.tngtech.archunit.core.importer.JavaClassProcessor - Processing class 'java/lang/invoke/StringConcatFactory'
10:11:22.588 [Test worker] DEBUG com.tngtech.archunit.core.importer.JavaClassProcessor - Processing class 'java/util/ResourceBundle'
10:11:22.590 [Test worker] DEBUG com.tngtech.archunit.core.importer.JavaClassProcessor - Processing class 'java/nio/channels/Channel'
10:11:22.591 [Test worker] DEBUG com.tngtech.archunit.core.importer.JavaClassProcessor - Processing class 'java/util/concurrent/atomic/AtomicInteger'
10:11:22.592 [Test worker] DEBUG com.tngtech.archunit.core.importer.JavaClassProcessor - Processing class 'jdk/internal/misc/TerminatingThreadLocal'
10:11:22.593 [Test worker] DEBUG com.tngtech.archunit.core.importer.JavaClassProcessor - Processing class 'java/lang/ThreadLocal$ThreadLocalMap'
10:11:22.595 [Test worker] DEBUG com.tngtech.archunit.core.importer.JavaClassProcessor - Processing class 'java/lang/Thread'
10:11:22.596 [Test worker] DEBUG com.tngtech.archunit.core.importer.JavaClassProcessor - Processing class 'java/util/function/Supplier'
10:11:22.598 [Test worker] DEBUG com.tngtech.archunit.core.importer.JavaClassProcessor - Processing class 'java/lang/StackTraceElement'
10:11:22.601 [Test worker] DEBUG com.tngtech.archunit.core.importer.JavaClassProcessor - Processing class 'java/lang/Throwable$PrintStreamOrWriter'
10:11:22.602 [Test worker] DEBUG com.tngtech.archunit.core.importer.JavaClassProcessor - Processing class 'java/io/PrintWriter'
10:11:22.603 [Test worker] DEBUG com.tngtech.archunit.core.importer.JavaClassProcessor - Processing class 'java/io/ObjectOutputStream'
10:11:22.610 [Test worker] DEBUG com.tngtech.archunit.core.importer.JavaClassProcessor - Processing class 'java/lang/constant/DirectMethodHandleDesc'
10:11:22.612 [Test worker] DEBUG com.tngtech.archunit.core.importer.JavaClassProcessor - Processing class 'java/lang/invoke/MethodHandle'
10:11:22.615 [Test worker] DEBUG com.tngtech.archunit.core.importer.JavaClassProcessor - Processing class 'java/lang/reflect/AccessibleObject$Cache'
10:11:22.618 [Test worker] DEBUG com.tngtech.archunit.core.importer.JavaClassProcessor - Processing class 'java/lang/ref/WeakReference'
10:11:22.620 [Test worker] DEBUG com.tngtech.archunit.core.importer.JavaClassProcessor - Processing class 'java/lang/reflect/Parameter'
10:11:22.623 [Test worker] DEBUG com.tngtech.archunit.core.importer.JavaClassProcessor - Processing class 'sun/reflect/generics/repository/ConstructorRepository'
10:11:22.625 [Test worker] DEBUG com.tngtech.archunit.core.importer.JavaClassProcessor - Processing class 'jdk/internal/reflect/FieldAccessor'
10:11:22.626 [Test worker] DEBUG com.tngtech.archunit.core.importer.JavaClassProcessor - Processing class 'sun/reflect/generics/repository/FieldRepository'
10:11:22.631 [Test worker] DEBUG com.tngtech.archunit.core.importer.JavaClassProcessor - Processing class 'jdk/internal/reflect/MethodAccessor'
10:11:22.633 [Test worker] DEBUG com.tngtech.archunit.core.importer.JavaClassProcessor - Processing class 'sun/reflect/generics/repository/MethodRepository'
10:11:22.659 [Test worker] DEBUG com.tngtech.archunit.core.importer.JavaClassProcessor - Processing class 'sun/reflect/annotation/ExceptionProxy'
10:11:22.660 [Test worker] DEBUG com.tngtech.archunit.core.importer.JavaClassProcessor - Processing class 'sun/reflect/annotation/TypeNotPresentExceptionProxy'
10:11:22.661 [Test worker] DEBUG com.tngtech.archunit.core.importer.JavaClassProcessor - Processing class 'java/lang/reflect/InvocationTargetException'
10:11:22.662 [Test worker] DEBUG com.tngtech.archunit.core.importer.JavaClassProcessor - Processing class 'java/net/InetAddress'
10:11:22.663 [Test worker] DEBUG com.tngtech.archunit.core.importer.JavaClassProcessor - Processing class 'java/util/Hashtable'
10:11:22.666 [Test worker] DEBUG com.tngtech.archunit.core.importer.JavaClassProcessor - Processing class 'java/net/UrlDeserializedState'
10:11:22.667 [Test worker] DEBUG com.tngtech.archunit.core.importer.JavaClassProcessor - Processing class 'java/net/URLConnection'
10:11:22.668 [Test worker] DEBUG com.tngtech.archunit.core.importer.JavaClassProcessor - Processing class 'java/net/Proxy'
10:11:22.669 [Test worker] DEBUG com.tngtech.archunit.core.importer.JavaClassProcessor - Processing class 'java/net/URI'
10:11:22.671 [Test worker] DEBUG com.tngtech.archunit.core.importer.JavaClassProcessor - Processing class 'java/net/URISyntaxException'
10:11:22.672 [Test worker] DEBUG com.tngtech.archunit.core.importer.JavaClassProcessor - Processing class 'java/io/InvalidObjectException'
10:11:22.673 [Test worker] DEBUG com.tngtech.archunit.core.importer.JavaClassProcessor - Processing class 'java/net/MalformedURLException'
10:11:22.674 [Test worker] DEBUG com.tngtech.archunit.core.importer.JavaClassProcessor - Processing class 'sun/net/www/protocol/jar/Handler'
10:11:22.675 [Test worker] DEBUG com.tngtech.archunit.core.importer.JavaClassProcessor - Processing class 'java/nio/CharBuffer'
10:11:22.676 [Test worker] DEBUG com.tngtech.archunit.core.importer.JavaClassProcessor - Processing class 'java/nio/ByteBuffer'
10:11:22.678 [Test worker] DEBUG com.tngtech.archunit.core.importer.JavaClassProcessor - Processing class 'java/util/SortedMap'
10:11:22.679 [Test worker] DEBUG com.tngtech.archunit.core.importer.JavaClassProcessor - Processing class 'java/nio/charset/CharsetEncoder'
10:11:22.682 [Test worker] DEBUG com.tngtech.archunit.core.importer.JavaClassProcessor - Processing class 'java/math/BigDecimal'
10:11:22.686 [Test worker] DEBUG com.tngtech.archunit.core.importer.JavaClassProcessor - Processing class 'java/time/temporal/ChronoUnit'
10:11:22.687 [Test worker] DEBUG com.tngtech.archunit.core.importer.JavaClassProcessor - Processing class 'java/io/DataInput'
10:11:22.688 [Test worker] DEBUG com.tngtech.archunit.core.importer.JavaClassProcessor - Processing class 'java/io/DataOutput'
10:11:22.691 [Test worker] DEBUG com.tngtech.archunit.core.importer.JavaClassProcessor - Processing class 'java/time/Month'
10:11:22.692 [Test worker] DEBUG com.tngtech.archunit.core.importer.JavaClassProcessor - Processing class 'java/time/temporal/TemporalField'
10:11:22.693 [Test worker] DEBUG com.tngtech.archunit.core.importer.JavaClassProcessor - Processing class 'java/time/OffsetDateTime'
10:11:22.694 [Test worker] DEBUG com.tngtech.archunit.core.importer.JavaClassProcessor - Processing class 'java/time/OffsetTime'
10:11:22.703 [Test worker] DEBUG com.tngtech.archunit.core.importer.JavaClassProcessor - Processing class 'java/time/temporal/TemporalQuery'
10:11:22.704 [Test worker] DEBUG com.tngtech.archunit.core.importer.JavaClassProcessor - Processing class 'java/time/temporal/ChronoField'
10:11:22.705 [Test worker] DEBUG com.tngtech.archunit.core.importer.JavaClassProcessor - Processing class 'java/time/DayOfWeek'
10:11:22.706 [Test worker] DEBUG com.tngtech.archunit.core.importer.JavaClassProcessor - Processing class 'java/time/chrono/IsoEra'
10:11:22.708 [Test worker] DEBUG com.tngtech.archunit.core.importer.JavaClassProcessor - Processing class 'java/time/Period'
10:11:22.710 [Test worker] DEBUG com.tngtech.archunit.core.importer.JavaClassProcessor - Processing class 'java/time/LocalTime'
10:11:22.719 [Test worker] DEBUG com.tngtech.archunit.core.importer.JavaClassProcessor - Processing class 'java/time/Clock'
10:11:22.720 [Test worker] DEBUG com.tngtech.archunit.core.importer.JavaClassProcessor - Processing class 'java/time/ZoneOffset'
10:11:22.721 [Test worker] DEBUG com.tngtech.archunit.core.importer.JavaClassProcessor - Processing class 'java/time/format/DateTimeFormatter'
10:11:22.723 [Test worker] DEBUG com.tngtech.archunit.core.importer.JavaClassProcessor - Processing class 'java/time/temporal/ValueRange'
10:11:22.723 [Test worker] DEBUG com.tngtech.archunit.core.importer.JavaClassProcessor - Processing class 'java/time/chrono/ChronoPeriod'
10:11:22.724 [Test worker] DEBUG com.tngtech.archunit.core.importer.JavaClassProcessor - Processing class 'java/time/chrono/Era'
10:11:22.725 [Test worker] DEBUG com.tngtech.archunit.core.importer.JavaClassProcessor - Processing class 'java/time/chrono/IsoChronology'
10:11:22.726 [Test worker] DEBUG com.tngtech.archunit.core.importer.JavaClassProcessor - Processing class 'java/time/chrono/Chronology'
10:11:22.729 [Test worker] DEBUG com.tngtech.archunit.core.importer.JavaClassProcessor - Processing class 'java/time/zone/ZoneRules'
10:11:22.731 [Test worker] DEBUG com.tngtech.archunit.core.importer.JavaClassProcessor - Processing class 'java/time/format/TextStyle'
10:11:22.732 [Test worker] DEBUG com.tngtech.archunit.core.importer.JavaClassProcessor - Processing class 'java/time/ZoneRegion'
10:11:22.734 [Test worker] DEBUG com.tngtech.archunit.core.importer.JavaClassProcessor - Processing class 'java/io/ObjectInput'
10:11:22.736 [Test worker] DEBUG com.tngtech.archunit.core.importer.JavaClassProcessor - Processing class 'java/lang/invoke/SerializedLambda'
10:11:22.740 [Test worker] DEBUG com.tngtech.archunit.core.importer.JavaClassProcessor - Processing class 'java/util/ListIterator'
10:11:22.742 [Test worker] DEBUG com.tngtech.archunit.core.importer.JavaClassProcessor - Processing class 'java/util/function/UnaryOperator'
10:11:22.744 [Test worker] DEBUG com.tngtech.archunit.core.importer.JavaClassProcessor - Processing class 'java/util/function/Predicate'
10:11:22.747 [Test worker] DEBUG com.tngtech.archunit.core.importer.JavaClassProcessor - Processing class 'java/util/function/IntUnaryOperator'
10:11:22.751 [Test worker] DEBUG com.tngtech.archunit.core.importer.JavaClassProcessor - Processing class 'java/util/function/IntFunction'
10:11:22.752 [Test worker] DEBUG com.tngtech.archunit.core.importer.JavaClassProcessor - Processing class 'java/util/function/LongBinaryOperator'
10:11:22.754 [Test worker] DEBUG com.tngtech.archunit.core.importer.JavaClassProcessor - Processing class 'java/util/Spliterator$OfDouble'
10:11:22.755 [Test worker] DEBUG com.tngtech.archunit.core.importer.JavaClassProcessor - Processing class 'java/util/Spliterator$OfLong'
10:11:22.757 [Test worker] DEBUG com.tngtech.archunit.core.importer.JavaClassProcessor - Processing class 'java/util/function/IntToDoubleFunction'
10:11:22.758 [Test worker] DEBUG com.tngtech.archunit.core.importer.JavaClassProcessor - Processing class 'java/util/Spliterator$OfInt'
10:11:22.758 [Test worker] DEBUG com.tngtech.archunit.core.importer.JavaClassProcessor - Processing class 'java/util/function/BinaryOperator'
10:11:22.761 [Test worker] DEBUG com.tngtech.archunit.core.importer.JavaClassProcessor - Processing class 'java/util/function/IntToLongFunction'
10:11:22.762 [Test worker] DEBUG com.tngtech.archunit.core.importer.JavaClassProcessor - Processing class 'java/util/function/IntBinaryOperator'
10:11:22.763 [Test worker] DEBUG com.tngtech.archunit.core.importer.JavaClassProcessor - Processing class 'java/util/function/DoubleBinaryOperator'
10:11:22.768 [Test worker] DEBUG com.tngtech.archunit.core.importer.JavaClassProcessor - Processing class 'java/util/function/ToIntFunction'
10:11:22.769 [Test worker] DEBUG com.tngtech.archunit.core.importer.JavaClassProcessor - Processing class 'java/util/function/ToDoubleFunction'
10:11:22.771 [Test worker] DEBUG com.tngtech.archunit.core.importer.JavaClassProcessor - Processing class 'java/util/function/ToLongFunction'
10:11:22.772 [Test worker] DEBUG com.tngtech.archunit.core.importer.JavaClassProcessor - Processing class 'sun/util/calendar/BaseCalendar'
10:11:22.773 [Test worker] DEBUG com.tngtech.archunit.core.importer.JavaClassProcessor - Processing class 'sun/util/calendar/BaseCalendar$Date'
10:11:22.774 [Test worker] DEBUG com.tngtech.archunit.core.importer.JavaClassProcessor - Processing class 'sun/util/calendar/ZoneInfo'
10:11:22.784 [Test worker] DEBUG com.tngtech.archunit.core.importer.JavaClassProcessor - Processing class 'sun/util/locale/provider/LocaleResources'
10:11:22.787 [Test worker] DEBUG com.tngtech.archunit.core.importer.JavaClassProcessor - Processing class 'java/util/Locale$Category'
10:11:22.788 [Test worker] DEBUG com.tngtech.archunit.core.importer.JavaClassProcessor - Processing class 'java/util/Locale$IsoCountryCode'
10:11:22.790 [Test worker] DEBUG com.tngtech.archunit.core.importer.JavaClassProcessor - Processing class 'java/util/Locale$FilteringMode'
10:11:22.791 [Test worker] DEBUG com.tngtech.archunit.core.importer.JavaClassProcessor - Processing class 'java/util/MissingResourceException'
10:11:22.792 [Test worker] DEBUG com.tngtech.archunit.core.importer.JavaClassProcessor - Processing class 'java/util/spi/LocaleNameProvider'
10:11:22.798 [Test worker] DEBUG com.tngtech.archunit.core.importer.JavaClassProcessor - Processing class 'java/util/function/BiFunction'
10:11:22.799 [Test worker] DEBUG com.tngtech.archunit.core.importer.JavaClassProcessor - Processing class 'java/util/function/BiConsumer'
10:11:22.803 [Test worker] DEBUG com.tngtech.archunit.core.importer.JavaClassProcessor - Processing class 'java/util/ImmutableCollections$AbstractImmutableMap'
10:11:22.806 [Test worker] DEBUG com.tngtech.archunit.core.importer.JavaClassProcessor - Processing class 'java/util/KeyValueHolder'
10:11:22.807 [Test worker] DEBUG com.tngtech.archunit.core.importer.JavaClassProcessor - Processing class 'java/util/ImmutableCollections$AbstractImmutableSet'
10:11:22.808 [Test worker] DEBUG com.tngtech.archunit.core.importer.JavaClassProcessor - Processing class 'jdk/internal/access/JavaLangAccess'
10:11:22.810 [Test worker] DEBUG com.tngtech.archunit.core.importer.JavaClassProcessor - Processing class 'java/util/concurrent/ConcurrentHashMap$ValuesView'
10:11:22.810 [Test worker] DEBUG com.tngtech.archunit.core.importer.JavaClassProcessor - Processing class 'java/util/concurrent/ConcurrentHashMap$Node'
10:11:22.812 [Test worker] DEBUG com.tngtech.archunit.core.importer.JavaClassProcessor - Processing class 'java/util/concurrent/ConcurrentHashMap$KeySetView'
10:11:22.812 [Test worker] DEBUG com.tngtech.archunit.core.importer.JavaClassProcessor - Processing class 'java/util/concurrent/ConcurrentHashMap$EntrySetView'
10:11:22.815 [Test worker] DEBUG com.tngtech.archunit.core.importer.JavaClassProcessor - Processing class 'java/util/concurrent/ConcurrentHashMap$CounterCell'
10:11:22.816 [Test worker] DEBUG com.tngtech.archunit.core.importer.JavaClassProcessor - Processing class 'jdk/internal/misc/Unsafe'
10:11:22.821 [Test worker] DEBUG com.tngtech.archunit.core.importer.JavaClassProcessor - Processing class 'java/util/concurrent/ConcurrentHashMap$TreeBin'
10:11:22.822 [Test worker] DEBUG com.tngtech.archunit.core.importer.JavaClassProcessor - Processing class 'java/util/concurrent/ConcurrentHashMap$ReservationNode'
10:11:22.823 [Test worker] DEBUG com.tngtech.archunit.core.importer.JavaClassProcessor - Processing class 'java/util/Enumeration'
10:11:22.824 [Test worker] DEBUG com.tngtech.archunit.core.importer.JavaClassProcessor - Processing class 'java/util/function/ToIntBiFunction'
10:11:22.825 [Test worker] DEBUG com.tngtech.archunit.core.importer.JavaClassProcessor - Processing class 'java/util/function/ToLongBiFunction'
10:11:22.825 [Test worker] DEBUG com.tngtech.archunit.core.importer.JavaClassProcessor - Processing class 'java/util/concurrent/ConcurrentHashMap$ForwardingNode'
10:11:22.826 [Test worker] DEBUG com.tngtech.archunit.core.importer.JavaClassProcessor - Processing class 'java/util/function/ToDoubleBiFunction'
10:11:22.827 [Test worker] DEBUG com.tngtech.archunit.core.importer.JavaClassProcessor - Processing class 'java/lang/reflect/ParameterizedType'
10:11:22.828 [Test worker] DEBUG com.tngtech.archunit.core.importer.JavaClassProcessor - Processing class 'java/util/concurrent/locks/LockSupport'
10:11:22.830 [Test worker] DEBUG com.tngtech.archunit.core.importer.JavaClassProcessor - Processing class 'java/util/concurrent/ConcurrentHashMap$Segment'
10:11:22.837 [Test worker] DEBUG com.tngtech.archunit.core.importer.JavaClassProcessor - Processing class 'java/util/function/DoubleToLongFunction'
10:11:22.837 [Test worker] DEBUG com.tngtech.archunit.core.importer.JavaClassProcessor - Processing class 'java/util/function/DoublePredicate'
10:11:22.838 [Test worker] DEBUG com.tngtech.archunit.core.importer.JavaClassProcessor - Processing class 'java/util/OptionalDouble'
10:11:22.839 [Test worker] DEBUG com.tngtech.archunit.core.importer.JavaClassProcessor - Processing class 'java/util/function/DoubleToIntFunction'
10:11:22.839 [Test worker] DEBUG com.tngtech.archunit.core.importer.JavaClassProcessor - Processing class 'java/util/stream/DoubleStream$DoubleMapMultiConsumer'
10:11:22.840 [Test worker] DEBUG com.tngtech.archunit.core.importer.JavaClassProcessor - Processing class 'java/util/function/ObjDoubleConsumer'
10:11:22.840 [Test worker] DEBUG com.tngtech.archunit.core.importer.JavaClassProcessor - Processing class 'java/util/function/DoubleFunction'
10:11:22.841 [Test worker] DEBUG com.tngtech.archunit.core.importer.JavaClassProcessor - Processing class 'java/util/function/DoubleUnaryOperator'
10:11:22.842 [Test worker] DEBUG com.tngtech.archunit.core.importer.JavaClassProcessor - Processing class 'java/util/stream/DoubleStream$Builder'
10:11:22.842 [Test worker] DEBUG com.tngtech.archunit.core.importer.JavaClassProcessor - Processing class 'java/util/function/DoubleSupplier'
10:11:22.843 [Test worker] DEBUG com.tngtech.archunit.core.importer.JavaClassProcessor - Processing class 'java/util/PrimitiveIterator$OfDouble'
10:11:22.844 [Test worker] DEBUG com.tngtech.archunit.core.importer.JavaClassProcessor - Processing class 'java/util/function/IntPredicate'
10:11:22.844 [Test worker] DEBUG com.tngtech.archunit.core.importer.JavaClassProcessor - Processing class 'java/util/function/ObjIntConsumer'
10:11:22.845 [Test worker] DEBUG com.tngtech.archunit.core.importer.JavaClassProcessor - Processing class 'java/util/OptionalInt'
10:11:22.845 [Test worker] DEBUG com.tngtech.archunit.core.importer.JavaClassProcessor - Processing class 'java/util/PrimitiveIterator$OfInt'
10:11:22.846 [Test worker] DEBUG com.tngtech.archunit.core.importer.JavaClassProcessor - Processing class 'java/util/function/IntSupplier'
10:11:22.846 [Test worker] DEBUG com.tngtech.archunit.core.importer.JavaClassProcessor - Processing class 'java/util/stream/IntStream$Builder'
10:11:22.847 [Test worker] DEBUG com.tngtech.archunit.core.importer.JavaClassProcessor - Processing class 'java/util/stream/IntStream$IntMapMultiConsumer'
10:11:22.848 [Test worker] DEBUG com.tngtech.archunit.core.importer.JavaClassProcessor - Processing class 'java/util/function/LongPredicate'
10:11:22.848 [Test worker] DEBUG com.tngtech.archunit.core.importer.JavaClassProcessor - Processing class 'java/util/function/LongFunction'
10:11:22.849 [Test worker] DEBUG com.tngtech.archunit.core.importer.JavaClassProcessor - Processing class 'java/util/function/LongUnaryOperator'
10:11:22.849 [Test worker] DEBUG com.tngtech.archunit.core.importer.JavaClassProcessor - Processing class 'java/util/OptionalLong'
10:11:22.850 [Test worker] DEBUG com.tngtech.archunit.core.importer.JavaClassProcessor - Processing class 'java/util/function/ObjLongConsumer'
10:11:22.851 [Test worker] DEBUG com.tngtech.archunit.core.importer.JavaClassProcessor - Processing class 'java/util/PrimitiveIterator$OfLong'
10:11:22.851 [Test worker] DEBUG com.tngtech.archunit.core.importer.JavaClassProcessor - Processing class 'java/util/stream/LongStream$Builder'
10:11:22.852 [Test worker] DEBUG com.tngtech.archunit.core.importer.JavaClassProcessor - Processing class 'java/util/function/LongToDoubleFunction'
10:11:22.852 [Test worker] DEBUG com.tngtech.archunit.core.importer.JavaClassProcessor - Processing class 'java/util/function/LongToIntFunction'
10:11:22.853 [Test worker] DEBUG com.tngtech.archunit.core.importer.JavaClassProcessor - Processing class 'java/util/function/LongSupplier'
10:11:22.853 [Test worker] DEBUG com.tngtech.archunit.core.importer.JavaClassProcessor - Processing class 'java/util/stream/LongStream$LongMapMultiConsumer'
10:11:22.854 [Test worker] DEBUG com.tngtech.archunit.core.importer.JavaClassProcessor - Processing class 'java/util/stream/Stream$Builder'
10:11:22.923 [Test worker] DEBUG com.tngtech.archunit.core.importer.JavaClassProcessor - Processing class 'javax/persistence/Index'
10:11:22.925 [Test worker] DEBUG com.tngtech.archunit.core.importer.JavaClassProcessor - Processing class 'javax/persistence/UniqueConstraint'
10:11:22.929 [Test worker] DEBUG com.tngtech.archunit.core.importer.JavaClassProcessor - Processing class 'javax/security/auth/DestroyFailedException'
10:11:22.934 [Test worker] DEBUG com.tngtech.archunit.core.importer.JavaClassProcessor - Processing class 'javax/servlet/FilterConfig'
10:11:22.935 [Test worker] DEBUG com.tngtech.archunit.core.importer.JavaClassProcessor - Processing class 'java/util/EnumSet'
10:11:22.939 [Test worker] DEBUG com.tngtech.archunit.core.importer.JavaClassProcessor - Processing class 'javax/servlet/ServletConfig'
10:11:22.941 [Test worker] DEBUG com.tngtech.archunit.core.importer.JavaClassProcessor - Processing class 'javax/servlet/MultipartConfigElement'
10:11:22.943 [Test worker] DEBUG com.tngtech.archunit.core.importer.JavaClassProcessor - Processing class 'javax/servlet/ServletSecurityElement'
10:11:22.946 [Test worker] DEBUG com.tngtech.archunit.core.importer.JavaClassProcessor - Processing class 'javax/servlet/AsyncContext'
10:11:22.948 [Test worker] DEBUG com.tngtech.archunit.core.importer.JavaClassProcessor - Processing class 'java/io/BufferedReader'
10:11:22.950 [Test worker] DEBUG com.tngtech.archunit.core.importer.JavaClassProcessor - Processing class 'javax/servlet/ServletInputStream'
10:11:22.952 [Test worker] DEBUG com.tngtech.archunit.core.importer.JavaClassProcessor - Processing class 'javax/servlet/RequestDispatcher'
10:11:22.953 [Test worker] DEBUG com.tngtech.archunit.core.importer.JavaClassProcessor - Processing class 'javax/servlet/ServletContext'
10:11:22.955 [Test worker] DEBUG com.tngtech.archunit.core.importer.JavaClassProcessor - Processing class 'javax/servlet/ServletOutputStream'
10:11:22.963 [Test worker] DEBUG com.tngtech.archunit.core.importer.JavaClassProcessor - Processing class 'javax/servlet/http/Cookie'
10:11:22.966 [Test worker] DEBUG com.tngtech.archunit.core.importer.JavaClassProcessor - Processing class 'javax/servlet/http/PushBuilder'
10:11:22.969 [Test worker] DEBUG com.tngtech.archunit.core.importer.JavaClassProcessor - Processing class 'java/security/Principal'
10:11:22.970 [Test worker] DEBUG com.tngtech.archunit.core.importer.JavaClassProcessor - Processing class 'javax/servlet/http/HttpServletMapping'
10:11:22.972 [Test worker] DEBUG com.tngtech.archunit.core.importer.JavaClassProcessor - Processing class 'javax/servlet/http/HttpSession'
10:11:22.975 [Test worker] DEBUG com.tngtech.archunit.core.importer.JavaClassProcessor - Processing class 'javax/servlet/http/WebConnection'
10:11:22.976 [Test worker] DEBUG com.tngtech.archunit.core.importer.JavaClassProcessor - Processing class 'java/security/MessageDigest'
10:11:22.978 [Test worker] DEBUG com.tngtech.archunit.core.importer.JavaClassProcessor - Processing class 'java/io/RandomAccessFile'
10:11:22.980 [Test worker] DEBUG com.tngtech.archunit.core.importer.JavaClassProcessor - Processing class 'java/io/File'
10:11:22.987 [Test worker] DEBUG com.tngtech.archunit.core.importer.JavaClassProcessor - Processing class 'java/nio/channels/FileChannel'
10:11:22.989 [Test worker] DEBUG com.tngtech.archunit.core.importer.JavaClassProcessor - Processing class 'java/nio/file/Path'
10:11:23.000 [Test worker] DEBUG com.tngtech.archunit.core.importer.JavaClassProcessor - Processing class 'java/nio/file/OpenOption'
10:11:23.002 [Test worker] DEBUG com.tngtech.archunit.core.importer.JavaClassProcessor - Processing class 'org/aspectj/lang/reflect/SourceLocation'
10:11:23.003 [Test worker] DEBUG com.tngtech.archunit.core.importer.JavaClassProcessor - Processing class 'org/aspectj/lang/JoinPoint$StaticPart'
10:11:23.004 [Test worker] DEBUG com.tngtech.archunit.core.importer.JavaClassProcessor - Processing class 'org/aspectj/runtime/internal/AroundClosure'
10:11:23.007 [Test worker] DEBUG com.tngtech.archunit.core.importer.JavaClassProcessor - Processing class 'org/slf4j/Marker'
10:11:23.010 [Test worker] DEBUG com.tngtech.archunit.core.importer.JavaClassProcessor - Processing class 'org/slf4j/helpers/NOPLoggerFactory'
10:11:23.014 [Test worker] DEBUG com.tngtech.archunit.core.importer.JavaClassProcessor - Processing class 'org/slf4j/helpers/SubstituteLoggerFactory'
10:11:23.016 [Test worker] DEBUG com.tngtech.archunit.core.importer.JavaClassProcessor - Processing class 'org/slf4j/event/SubstituteLoggingEvent'
10:11:23.018 [Test worker] DEBUG com.tngtech.archunit.core.importer.JavaClassProcessor - Processing class 'org/slf4j/ILoggerFactory'
10:11:23.020 [Test worker] DEBUG com.tngtech.archunit.core.importer.JavaClassProcessor - Processing class 'org/aopalliance/aop/Advice'
10:11:23.022 [Test worker] DEBUG com.tngtech.archunit.core.importer.JavaClassProcessor - Processing class 'org/springframework/aop/ClassFilter'
10:11:23.024 [Test worker] DEBUG com.tngtech.archunit.core.importer.JavaClassProcessor - Processing class 'org/springframework/aop/Pointcut'
10:11:23.026 [Test worker] DEBUG com.tngtech.archunit.core.importer.JavaClassProcessor - Processing class 'org/springframework/beans/BeansException'
10:11:23.028 [Test worker] DEBUG com.tngtech.archunit.core.importer.JavaClassProcessor - Processing class 'org/springframework/beans/factory/NoSuchBeanDefinitionException'
10:11:23.030 [Test worker] DEBUG com.tngtech.archunit.core.importer.JavaClassProcessor - Processing class 'org/springframework/beans/factory/ObjectProvider'
10:11:23.032 [Test worker] DEBUG com.tngtech.archunit.core.importer.JavaClassProcessor - Processing class 'org/springframework/core/ResolvableType'
10:11:23.038 [Test worker] DEBUG com.tngtech.archunit.core.importer.JavaClassProcessor - Processing class 'org/springframework/beans/factory/config/BeanDefinition'
10:11:23.040 [Test worker] DEBUG com.tngtech.archunit.core.importer.JavaClassProcessor - Processing class 'org/springframework/beans/factory/support/BeanDefinitionRegistry'
10:11:23.041 [Test worker] DEBUG com.tngtech.archunit.core.importer.JavaClassProcessor - Processing class 'org/springframework/boot/BootstrapRegistry'
10:11:23.042 [Test worker] DEBUG com.tngtech.archunit.core.importer.JavaClassProcessor - Processing class 'org/springframework/core/metrics/ApplicationStartup'
10:11:23.043 [Test worker] DEBUG com.tngtech.archunit.core.importer.JavaClassProcessor - Processing class 'org/springframework/boot/WebApplicationType'
10:11:23.044 [Test worker] DEBUG com.tngtech.archunit.core.importer.JavaClassProcessor - Processing class 'org/springframework/boot/SpringApplicationShutdownHook'
10:11:23.045 [Test worker] DEBUG com.tngtech.archunit.core.importer.JavaClassProcessor - Processing class 'org/apache/commons/logging/Log'
10:11:23.047 [Test worker] DEBUG com.tngtech.archunit.core.importer.JavaClassProcessor - Processing class 'org/springframework/boot/ApplicationContextFactory'
10:11:23.048 [Test worker] DEBUG com.tngtech.archunit.core.importer.JavaClassProcessor - Processing class 'org/springframework/boot/Banner$Mode'
10:11:23.050 [Test worker] DEBUG com.tngtech.archunit.core.importer.JavaClassProcessor - Processing class 'org/springframework/boot/Banner'
10:11:23.052 [Test worker] DEBUG com.tngtech.archunit.core.importer.JavaClassProcessor - Processing class 'org/springframework/boot/BeanDefinitionLoader'
10:11:23.054 [Test worker] DEBUG com.tngtech.archunit.core.importer.JavaClassProcessor - Processing class 'org/springframework/boot/ApplicationRunner'
10:11:23.055 [Test worker] DEBUG com.tngtech.archunit.core.importer.JavaClassProcessor - Processing class 'org/springframework/boot/ApplicationArguments'
10:11:23.057 [Test worker] DEBUG com.tngtech.archunit.core.importer.JavaClassProcessor - Processing class 'org/springframework/boot/SpringApplicationRunListeners'
10:11:23.060 [Test worker] DEBUG com.tngtech.archunit.core.importer.JavaClassProcessor - Processing class 'org/springframework/boot/ExitCodeGenerator'
10:11:23.064 [Test worker] DEBUG com.tngtech.archunit.core.importer.JavaClassProcessor - Processing class 'org/springframework/boot/ExitCodeExceptionMapper'
10:11:23.066 [Test worker] DEBUG com.tngtech.archunit.core.importer.JavaClassProcessor - Processing class 'org/springframework/boot/CommandLineRunner'
10:11:23.069 [Test worker] DEBUG com.tngtech.archunit.core.importer.JavaClassProcessor - Processing class 'org/springframework/boot/SpringBootExceptionHandler'
10:11:23.072 [Test worker] DEBUG com.tngtech.archunit.core.importer.JavaClassProcessor - Processing class 'org/springframework/context/support/AbstractApplicationContext'
10:11:23.080 [Test worker] DEBUG com.tngtech.archunit.core.importer.JavaClassProcessor - Processing class 'org/springframework/context/support/GenericApplicationContext'
10:11:23.083 [Test worker] DEBUG com.tngtech.archunit.core.importer.JavaClassProcessor - Processing class 'org/springframework/core/io/DefaultResourceLoader'
10:11:23.084 [Test worker] DEBUG com.tngtech.archunit.core.importer.JavaClassProcessor - Processing class 'org/springframework/boot/ApplicationServletEnvironment'
10:11:23.085 [Test worker] DEBUG com.tngtech.archunit.core.importer.JavaClassProcessor - Processing class 'org/springframework/boot/ApplicationEnvironment'
10:11:23.086 [Test worker] DEBUG com.tngtech.archunit.core.importer.JavaClassProcessor - Processing class 'org/springframework/boot/ApplicationReactiveWebEnvironment'
10:11:23.087 [Test worker] DEBUG com.tngtech.archunit.core.importer.JavaClassProcessor - Processing class 'org/springframework/boot/DefaultBootstrapContext'
10:11:23.089 [Test worker] DEBUG com.tngtech.archunit.core.importer.JavaClassProcessor - Processing class 'org/springframework/boot/SpringApplicationRunListener'
10:11:23.092 [Test worker] DEBUG com.tngtech.archunit.core.importer.JavaClassProcessor - Processing class 'org/springframework/boot/SpringApplicationShutdownHandlers'
10:11:23.094 [Test worker] DEBUG com.tngtech.archunit.core.importer.JavaClassProcessor - Processing class 'org/springframework/beans/factory/support/AbstractAutowireCapableBeanFactory'
10:11:23.100 [Test worker] DEBUG com.tngtech.archunit.core.importer.JavaClassProcessor - Processing class 'org/springframework/beans/factory/support/DefaultListableBeanFactory'
10:11:23.106 [Test worker] DEBUG com.tngtech.archunit.core.importer.JavaClassProcessor - Processing class 'org/springframework/core/type/classreading/MetadataReader'
10:11:23.107 [Test worker] DEBUG com.tngtech.archunit.core.importer.JavaClassProcessor - Processing class 'org/springframework/core/type/classreading/MetadataReaderFactory'
10:11:23.109 [Test worker] DEBUG com.tngtech.archunit.core.importer.JavaClassProcessor - Processing class 'org/springframework/boot/autoconfigure/AutoConfigurationMetadata'
10:11:23.111 [Test worker] DEBUG com.tngtech.archunit.core.importer.JavaClassProcessor - Processing class 'org/springframework/boot/autoconfigure/AutoConfigurationImportEvent'
10:11:23.114 [Test worker] DEBUG com.tngtech.archunit.core.importer.JavaClassProcessor - Processing class 'org/springframework/boot/autoconfigure/AutoConfigurationImportSelector$ConfigurationClassFilter'
10:11:23.116 [Test worker] DEBUG com.tngtech.archunit.core.importer.JavaClassProcessor - Processing class 'org/springframework/boot/autoconfigure/AutoConfigurationImportSelector$AutoConfigurationEntry'
10:11:23.120 [Test worker] DEBUG com.tngtech.archunit.core.importer.JavaClassProcessor - Processing class 'org/springframework/beans/factory/config/ConfigurableListableBeanFactory'
10:11:23.122 [Test worker] DEBUG com.tngtech.archunit.core.importer.JavaClassProcessor - Processing class 'org/springframework/core/type/AnnotationMetadata'
10:11:23.124 [Test worker] DEBUG com.tngtech.archunit.core.importer.JavaClassProcessor - Processing class 'org/springframework/core/annotation/AnnotationAttributes'
10:11:23.126 [Test worker] DEBUG com.tngtech.archunit.core.importer.JavaClassProcessor - Processing class 'org/springframework/boot/autoconfigure/AutoConfigurationImportSelector$AutoConfigurationGroup'
10:11:23.128 [Test worker] DEBUG com.tngtech.archunit.core.importer.JavaClassProcessor - Processing class 'org/springframework/boot/autoconfigure/AutoConfigurationPackages$BasePackages'
10:11:23.130 [Test worker] DEBUG com.tngtech.archunit.core.importer.JavaClassProcessor - Processing class 'org/springframework/web/client/ResponseErrorHandler'
10:11:23.131 [Test worker] DEBUG com.tngtech.archunit.core.importer.JavaClassProcessor - Processing class 'org/springframework/boot/web/client/RestTemplateBuilder$RequestFactoryCustomizer'
10:11:23.133 [Test worker] DEBUG com.tngtech.archunit.core.importer.JavaClassProcessor - Processing class 'org/springframework/boot/web/client/BasicAuthentication'
10:11:23.135 [Test worker] DEBUG com.tngtech.archunit.core.importer.JavaClassProcessor - Processing class 'org/springframework/web/util/UriTemplateHandler'
10:11:23.145 [Test worker] DEBUG com.tngtech.archunit.core.importer.JavaClassProcessor - Processing class 'org/springframework/beans/factory/config/AutowireCapableBeanFactory'
10:11:23.149 [Test worker] DEBUG com.tngtech.archunit.core.importer.JavaClassProcessor - Processing class 'org/springframework/beans/factory/config/BeanFactoryPostProcessor'
10:11:23.151 [Test worker] DEBUG com.tngtech.archunit.core.importer.JavaClassProcessor - Processing class 'org/springframework/core/io/ProtocolResolver'
10:11:23.153 [Test worker] DEBUG com.tngtech.archunit.core.importer.JavaClassProcessor - Processing class 'org/springframework/context/NoSuchMessageException'
10:11:23.155 [Test worker] DEBUG com.tngtech.archunit.core.importer.JavaClassProcessor - Processing class 'org/springframework/context/MessageSourceResolvable'
10:11:23.157 [Test worker] DEBUG com.tngtech.archunit.core.importer.JavaClassProcessor - Processing class 'org/springframework/context/annotation/ScopeMetadata'
10:11:23.159 [Test worker] DEBUG com.tngtech.archunit.core.importer.JavaClassProcessor - Processing class 'org/springframework/beans/factory/annotation/AnnotatedBeanDefinition'
10:11:23.161 [Test worker] DEBUG com.tngtech.archunit.core.importer.JavaClassProcessor - Processing class 'org/springframework/context/annotation/Scope'
10:11:23.168 [Test worker] DEBUG com.tngtech.archunit.core.importer.JavaClassProcessor - Processing class 'org/springframework/core/env/MutablePropertySources'
10:11:23.169 [Test worker] DEBUG com.tngtech.archunit.core.importer.JavaClassProcessor - Processing class 'org/springframework/core/env/MissingRequiredPropertiesException'
10:11:23.171 [Test worker] DEBUG com.tngtech.archunit.core.importer.JavaClassProcessor - Processing class 'org/springframework/core/convert/support/ConfigurableConversionService'
10:11:23.172 [Test worker] DEBUG com.tngtech.archunit.core.importer.JavaClassProcessor - Processing class 'org/springframework/core/env/Profiles'
10:11:23.178 [Test worker] DEBUG com.tngtech.archunit.core.importer.JavaClassProcessor - Processing class 'org/springframework/core/io/Resource'
10:11:23.181 [Test worker] DEBUG com.tngtech.archunit.core.importer.JavaClassProcessor - Processing class 'org/springframework/data/domain/Sort'
10:11:23.183 [Test worker] DEBUG com.tngtech.archunit.core.importer.JavaClassProcessor - Processing class 'org/springframework/data/domain/Example'
10:11:23.186 [Test worker] DEBUG com.tngtech.archunit.core.importer.JavaClassProcessor - Processing class 'org/springframework/data/domain/Page'
10:11:23.187 [Test worker] DEBUG com.tngtech.archunit.core.importer.JavaClassProcessor - Processing class 'org/springframework/data/domain/Pageable'
10:11:23.193 [Test worker] DEBUG com.tngtech.archunit.core.importer.JavaClassProcessor - Processing class 'java/util/regex/Pattern'
10:11:23.201 [Test worker] DEBUG com.tngtech.archunit.core.importer.JavaClassProcessor - Processing class 'java/text/DecimalFormatSymbols'
10:11:23.204 [Test worker] DEBUG com.tngtech.archunit.core.importer.JavaClassProcessor - Processing class 'java/net/InetSocketAddress'
10:11:23.207 [Test worker] DEBUG com.tngtech.archunit.core.importer.JavaClassProcessor - Processing class 'org/springframework/http/ReadOnlyHttpHeaders'
10:11:23.209 [Test worker] DEBUG com.tngtech.archunit.core.importer.JavaClassProcessor - Processing class 'org/springframework/http/CacheControl'
10:11:23.211 [Test worker] DEBUG com.tngtech.archunit.core.importer.JavaClassProcessor - Processing class 'org/springframework/http/ContentDisposition'
10:11:23.214 [Test worker] DEBUG com.tngtech.archunit.core.importer.JavaClassProcessor - Processing class 'java/io/OutputStream'
10:11:23.216 [Test worker] DEBUG com.tngtech.archunit.core.importer.JavaClassProcessor - Processing class 'org/springframework/core/io/InputStreamResource'
10:11:23.218 [Test worker] DEBUG com.tngtech.archunit.core.importer.JavaClassProcessor - Processing class 'org/springframework/http/HttpStatus$Series'
10:11:23.221 [Test worker] DEBUG com.tngtech.archunit.core.importer.JavaClassProcessor - Processing class 'org/springframework/http/ResponseEntity$BodyBuilder'
10:11:23.223 [Test worker] DEBUG com.tngtech.archunit.core.importer.JavaClassProcessor - Processing class 'org/springframework/http/ResponseEntity$HeadersBuilder'
10:11:23.224 [Test worker] DEBUG com.tngtech.archunit.core.importer.JavaClassProcessor - Processing class 'org/springframework/http/ResponseEntity$1'
10:11:23.235 [Test worker] DEBUG com.tngtech.archunit.core.importer.JavaClassProcessor - Processing class 'org/springframework/http/client/ClientHttpResponse'
10:11:23.237 [Test worker] DEBUG com.tngtech.archunit.core.importer.JavaClassProcessor - Processing class 'org/springframework/http/client/ClientHttpRequestExecution'
10:11:23.240 [Test worker] DEBUG com.tngtech.archunit.core.importer.JavaClassProcessor - Processing class 'org/springframework/http/HttpInputMessage'
10:11:23.241 [Test worker] DEBUG com.tngtech.archunit.core.importer.JavaClassProcessor - Processing class 'org/springframework/http/converter/HttpMessageNotReadableException'
10:11:23.245 [Test worker] DEBUG com.tngtech.archunit.core.importer.JavaClassProcessor - Processing class 'org/springframework/http/converter/HttpMessageNotWritableException'
10:11:23.248 [Test worker] DEBUG com.tngtech.archunit.core.importer.JavaClassProcessor - Processing class 'org/springframework/retry/RetryContext'
10:11:23.250 [Test worker] DEBUG com.tngtech.archunit.core.importer.JavaClassProcessor - Processing class 'org/springframework/retry/RetryCallback'
10:11:23.252 [Test worker] DEBUG com.tngtech.archunit.core.importer.JavaClassProcessor - Processing class 'org/springframework/retry/interceptor/MethodArgumentsKeyGenerator'
10:11:23.253 [Test worker] DEBUG com.tngtech.archunit.core.importer.JavaClassProcessor - Processing class 'org/springframework/retry/interceptor/NewMethodArgumentsIdentifier'
10:11:23.255 [Test worker] DEBUG com.tngtech.archunit.core.importer.JavaClassProcessor - Processing class 'org/springframework/retry/policy/RetryContextCache'
10:11:23.257 [Test worker] DEBUG com.tngtech.archunit.core.importer.JavaClassProcessor - Processing class 'org/springframework/retry/backoff/Sleeper'
10:11:23.259 [Test worker] DEBUG com.tngtech.archunit.core.importer.JavaClassProcessor - Processing class 'org/springframework/retry/annotation/AnnotationAwareRetryOperationsInterceptor'
10:11:23.319 [Test worker] DEBUG com.tngtech.archunit.core.importer.JavaClassProcessor - Processing class 'org/springframework/retry/annotation/Retryable'
10:11:23.320 [Test worker] DEBUG com.tngtech.archunit.core.importer.JavaClassProcessor - Processing class 'org/springframework/retry/interceptor/Retryable'
10:11:23.321 [Test worker] DEBUG com.tngtech.archunit.core.importer.JavaClassProcessor - Processing class 'java/util/BitSet'
10:11:23.327 [Test worker] DEBUG com.tngtech.archunit.core.importer.JavaClassProcessor - Processing class 'org/springframework/web/client/RequestCallback'
10:11:23.328 [Test worker] DEBUG com.tngtech.archunit.core.importer.JavaClassProcessor - Processing class 'org/springframework/web/client/ResponseExtractor'
10:11:23.328 [Test worker] DEBUG com.tngtech.archunit.core.importer.JavaClassProcessor - Processing class 'org/springframework/web/client/RestClientException'
10:11:23.330 [Test worker] DEBUG com.tngtech.archunit.core.importer.JavaClassProcessor - Processing class 'org/springframework/core/ParameterizedTypeReference'
10:11:23.331 [Test worker] DEBUG com.tngtech.archunit.core.importer.JavaClassProcessor - Processing class 'org/springframework/http/RequestEntity'
10:11:23.334 [Test worker] DEBUG com.tngtech.archunit.core.importer.JavaClassProcessor - Processing class 'org/springframework/http/RequestEntity$UriTemplateRequestEntity'
10:11:23.335 [Test worker] DEBUG com.tngtech.archunit.core.importer.JavaClassProcessor - Processing class 'org/springframework/web/util/DefaultUriBuilderFactory'
10:11:23.337 [Test worker] DEBUG com.tngtech.archunit.core.importer.JavaClassProcessor - Processing class 'org/springframework/web/util/AbstractUriTemplateHandler'
10:11:23.340 [Test worker] DEBUG com.tngtech.archunit.core.importer.JavaClassProcessor - Processing class 'org/springframework/beans/BeanWrapper'
10:11:23.342 [Test worker] DEBUG com.tngtech.archunit.core.importer.JavaClassProcessor - Processing class 'sun/util/locale/LocaleSyntaxException'
10:11:23.343 [Test worker] DEBUG com.tngtech.archunit.core.importer.JavaClassProcessor - Processing class 'sun/util/locale/UnicodeLocaleExtension'
10:11:23.343 [Test worker] DEBUG com.tngtech.archunit.core.importer.JavaClassProcessor - Processing class 'sun/util/locale/LanguageTag'
]]></system-out>
  <system-err><![CDATA[]]></system-err>
</testsuite>
