<?xml version="1.0" encoding="UTF-8"?>
<testsuite name="com.uco.TrafficAgent.domain.dto.DtoUserSummaryTest" tests="1" skipped="0" failures="0" errors="0" timestamp="2023-05-24T02:07:41" hostname="DESKTOP-7IOCUQU" time="0.005">
  <properties/>
  <testcase name="validateCreationSuccessful()" classname="com.uco.TrafficAgent.domain.dto.DtoUserSummaryTest" time="0.005"/>
  <system-out><![CDATA[]]></system-out>
  <system-err><![CDATA[]]></system-err>
</testsuite>
