<?xml version="1.0" encoding="UTF-8"?>
<testsuite name="com.uco.TrafficAgent.infrastructure.controller.contact.consult.ConsultContactByProximityTests" tests="2" skipped="0" failures="0" errors="0" timestamp="2023-06-02T20:51:56" hostname="DESKTOP-7IOCUQU" time="2.947">
  <properties/>
  <testcase name="consultAllContact()" classname="com.uco.TrafficAgent.infrastructure.controller.contact.consult.ConsultContactByProximityTests" time="0.165"/>
  <testcase name="consultAllEmpty()" classname="com.uco.TrafficAgent.infrastructure.controller.contact.consult.ConsultContactByProximityTests" time="0.062"/>
  <system-out><![CDATA[2023-06-02 15:51:53.456  INFO 8552 --- [    Test worker] o.s.t.c.support.AbstractContextLoader    : Could not detect default resource locations for test class [com.uco.TrafficAgent.infrastructure.controller.contact.consult.ConsultContactByProximityTests]: no resource found for suffixes {-context.xml, Context.groovy}.
2023-06-02 15:51:53.463  INFO 8552 --- [    Test worker] .b.t.c.SpringBootTestContextBootstrapper : Loaded default TestExecutionListener class names from location [META-INF/spring.factories]: [org.springframework.boot.test.autoconfigure.restdocs.RestDocsTestExecutionListener, org.springframework.boot.test.autoconfigure.web.client.MockRestServiceServerResetTestExecutionListener, org.springframework.boot.test.autoconfigure.web.servlet.MockMvcPrintOnlyOnFailureTestExecutionListener, org.springframework.boot.test.autoconfigure.web.servlet.WebDriverTestExecutionListener, org.springframework.boot.test.autoconfigure.webservices.client.MockWebServiceServerTestExecutionListener, org.springframework.boot.test.mock.mockito.MockitoTestExecutionListener, org.springframework.boot.test.mock.mockito.ResetMocksTestExecutionListener, org.springframework.test.context.web.ServletTestExecutionListener, org.springframework.test.context.support.DirtiesContextBeforeModesTestExecutionListener, org.springframework.test.context.event.ApplicationEventsTestExecutionListener, org.springframework.test.context.support.DependencyInjectionTestExecutionListener, org.springframework.test.context.support.DirtiesContextTestExecutionListener, org.springframework.test.context.transaction.TransactionalTestExecutionListener, org.springframework.test.context.jdbc.SqlScriptsTestExecutionListener, org.springframework.test.context.event.EventPublishingTestExecutionListener]
2023-06-02 15:51:53.463  INFO 8552 --- [    Test worker] .b.t.c.SpringBootTestContextBootstrapper : Using TestExecutionListeners: [org.springframework.test.context.web.ServletTestExecutionListener@180aa626, org.springframework.test.context.support.DirtiesContextBeforeModesTestExecutionListener@1732dc19, org.springframework.test.context.event.ApplicationEventsTestExecutionListener@388df2e3, org.springframework.boot.test.mock.mockito.MockitoTestExecutionListener@5d7ba5ce, org.springframework.boot.test.autoconfigure.SpringBootDependencyInjectionTestExecutionListener@100d13d1, org.springframework.test.context.support.DirtiesContextTestExecutionListener@11dec7dd, org.springframework.test.context.transaction.TransactionalTestExecutionListener@469325ef, org.springframework.test.context.jdbc.SqlScriptsTestExecutionListener@46c6bd26, org.springframework.test.context.event.EventPublishingTestExecutionListener@3eadadb4, org.springframework.boot.test.autoconfigure.restdocs.RestDocsTestExecutionListener@592a6593, org.springframework.boot.test.autoconfigure.web.client.MockRestServiceServerResetTestExecutionListener@6c98f04, org.springframework.boot.test.autoconfigure.web.servlet.MockMvcPrintOnlyOnFailureTestExecutionListener@75152d76, org.springframework.boot.test.autoconfigure.web.servlet.WebDriverTestExecutionListener@2686fe6d, org.springframework.boot.test.autoconfigure.webservices.client.MockWebServiceServerTestExecutionListener@2c8a11d3, org.springframework.boot.test.mock.mockito.ResetMocksTestExecutionListener@66711ae9]

  .   ____          _            __ _ _
 /\\ / ___'_ __ _ _(_)_ __  __ _ \ \ \ \
( ( )\___ | '_ | '_| | '_ \/ _` | \ \ \ \
 \\/  ___)| |_)| | | | | || (_| |  ) ) ) )
  '  |____| .__|_| |_|_| |_\__, | / / / /
 =========|_|==============|___/=/_/_/_/
 :: Spring Boot ::                (v2.6.3)

2023-06-02 15:51:53.523  INFO 8552 --- [    Test worker] T.i.c.c.c.ConsultContactByProximityTests : Starting ConsultContactByProximityTests using Java 17.0.7 on DESKTOP-7IOCUQU with PID 8552 (started by Usuario in C:\Users\Usuario\Desktop\TrafficAgent)
2023-06-02 15:51:53.523  INFO 8552 --- [    Test worker] T.i.c.c.c.ConsultContactByProximityTests : The following profiles are active: test
2023-06-02 15:51:54.026  INFO 8552 --- [    Test worker] .s.d.r.c.RepositoryConfigurationDelegate : Bootstrapping Spring Data JPA repositories in DEFAULT mode.
2023-06-02 15:51:54.196  INFO 8552 --- [    Test worker] .s.d.r.c.RepositoryConfigurationDelegate : Finished Spring Data repository scanning in 169 ms. Found 5 JPA repository interfaces.
2023-06-02 15:51:54.576  INFO 8552 --- [    Test worker] o.hibernate.jpa.internal.util.LogHelper  : HHH000204: Processing PersistenceUnitInfo [name: default]
2023-06-02 15:51:54.589  INFO 8552 --- [    Test worker] com.zaxxer.hikari.HikariDataSource       : HikariPool-3 - Starting...
2023-06-02 15:51:54.591  INFO 8552 --- [    Test worker] com.zaxxer.hikari.HikariDataSource       : HikariPool-3 - Start completed.
2023-06-02 15:51:54.592  INFO 8552 --- [    Test worker] org.hibernate.dialect.Dialect            : HHH000400: Using dialect: org.hibernate.dialect.H2Dialect
2023-06-02 15:51:54.806  INFO 8552 --- [    Test worker] o.h.e.t.j.p.i.JtaPlatformInitiator       : HHH000490: Using JtaPlatform implementation: [org.hibernate.engine.transaction.jta.platform.internal.NoJtaPlatform]
2023-06-02 15:51:54.806  INFO 8552 --- [    Test worker] j.LocalContainerEntityManagerFactoryBean : Initialized JPA EntityManagerFactory for persistence unit 'default'
2023-06-02 15:51:55.742  WARN 8552 --- [    Test worker] JpaBaseConfiguration$JpaWebConfiguration : spring.jpa.open-in-view is enabled by default. Therefore, database queries may be performed during view rendering. Explicitly configure spring.jpa.open-in-view to disable this warning
2023-06-02 15:51:55.946  INFO 8552 --- [    Test worker] o.s.b.a.w.s.WelcomePageHandlerMapping    : Adding welcome page template: index
2023-06-02 15:51:56.405  INFO 8552 --- [    Test worker] o.s.b.t.m.w.SpringBootMockServletContext : Initializing Spring TestDispatcherServlet ''
2023-06-02 15:51:56.405  INFO 8552 --- [    Test worker] o.s.t.web.servlet.TestDispatcherServlet  : Initializing Servlet ''
2023-06-02 15:51:56.407  INFO 8552 --- [    Test worker] o.s.t.web.servlet.TestDispatcherServlet  : Completed initialization in 2 ms
2023-06-02 15:51:56.422  INFO 8552 --- [    Test worker] T.i.c.c.c.ConsultContactByProximityTests : Started ConsultContactByProximityTests in 2.956 seconds (JVM running for 41.757)
2023-06-02 15:51:56.451  INFO 8552 --- [    Test worker] c.u.T.i.aspect.LogExecutionAspect        : DtoResponse com.uco.TrafficAgent.infrastructure.repository.login.controller.ComandControllerLogin.login(DtoLogin) executed in 14ms
2023-06-02 15:51:56.590  INFO 8552 --- [    Test worker] j.LocalContainerEntityManagerFactoryBean : Closing JPA EntityManagerFactory for persistence unit 'default'
2023-06-02 15:51:56.591  INFO 8552 --- [    Test worker] com.zaxxer.hikari.HikariDataSource       : HikariPool-3 - Shutdown initiated...
2023-06-02 15:51:56.594  INFO 8552 --- [    Test worker] com.zaxxer.hikari.HikariDataSource       : HikariPool-3 - Shutdown completed.

  .   ____          _            __ _ _
 /\\ / ___'_ __ _ _(_)_ __  __ _ \ \ \ \
( ( )\___ | '_ | '_| | '_ \/ _` | \ \ \ \
 \\/  ___)| |_)| | | | | || (_| |  ) ) ) )
  '  |____| .__|_| |_|_| |_\__, | / / / /
 =========|_|==============|___/=/_/_/_/
 :: Spring Boot ::                (v2.6.3)

2023-06-02 15:51:56.659  INFO 8552 --- [    Test worker] T.i.c.c.c.ConsultContactByProximityTests : Starting ConsultContactByProximityTests using Java 17.0.7 on DESKTOP-7IOCUQU with PID 8552 (started by Usuario in C:\Users\Usuario\Desktop\TrafficAgent)
2023-06-02 15:51:56.659  INFO 8552 --- [    Test worker] T.i.c.c.c.ConsultContactByProximityTests : The following profiles are active: test
2023-06-02 15:51:57.059  INFO 8552 --- [    Test worker] .s.d.r.c.RepositoryConfigurationDelegate : Bootstrapping Spring Data JPA repositories in DEFAULT mode.
2023-06-02 15:51:57.169  INFO 8552 --- [    Test worker] .s.d.r.c.RepositoryConfigurationDelegate : Finished Spring Data repository scanning in 109 ms. Found 5 JPA repository interfaces.
2023-06-02 15:51:57.547  INFO 8552 --- [    Test worker] o.hibernate.jpa.internal.util.LogHelper  : HHH000204: Processing PersistenceUnitInfo [name: default]
2023-06-02 15:51:57.559  INFO 8552 --- [    Test worker] com.zaxxer.hikari.HikariDataSource       : HikariPool-4 - Starting...
2023-06-02 15:51:57.561  INFO 8552 --- [    Test worker] com.zaxxer.hikari.HikariDataSource       : HikariPool-4 - Start completed.
2023-06-02 15:51:57.562  INFO 8552 --- [    Test worker] org.hibernate.dialect.Dialect            : HHH000400: Using dialect: org.hibernate.dialect.H2Dialect
2023-06-02 15:51:57.752  INFO 8552 --- [    Test worker] o.h.e.t.j.p.i.JtaPlatformInitiator       : HHH000490: Using JtaPlatform implementation: [org.hibernate.engine.transaction.jta.platform.internal.NoJtaPlatform]
2023-06-02 15:51:57.753  INFO 8552 --- [    Test worker] j.LocalContainerEntityManagerFactoryBean : Initialized JPA EntityManagerFactory for persistence unit 'default'
2023-06-02 15:51:58.693  WARN 8552 --- [    Test worker] JpaBaseConfiguration$JpaWebConfiguration : spring.jpa.open-in-view is enabled by default. Therefore, database queries may be performed during view rendering. Explicitly configure spring.jpa.open-in-view to disable this warning
2023-06-02 15:51:58.894  INFO 8552 --- [    Test worker] o.s.b.a.w.s.WelcomePageHandlerMapping    : Adding welcome page template: index
2023-06-02 15:51:59.296  INFO 8552 --- [    Test worker] o.s.b.t.m.w.SpringBootMockServletContext : Initializing Spring TestDispatcherServlet ''
2023-06-02 15:51:59.296  INFO 8552 --- [    Test worker] o.s.t.web.servlet.TestDispatcherServlet  : Initializing Servlet ''
2023-06-02 15:51:59.298  INFO 8552 --- [    Test worker] o.s.t.web.servlet.TestDispatcherServlet  : Completed initialization in 1 ms
2023-06-02 15:51:59.309  INFO 8552 --- [    Test worker] T.i.c.c.c.ConsultContactByProximityTests : Started ConsultContactByProximityTests in 2.712 seconds (JVM running for 44.644)
2023-06-02 15:51:59.337  INFO 8552 --- [    Test worker] c.u.T.i.aspect.LogExecutionAspect        : DtoResponse com.uco.TrafficAgent.infrastructure.repository.login.controller.ComandControllerLogin.login(DtoLogin) executed in 13ms
2023-06-02 15:51:59.372  INFO 8552 --- [    Test worker] j.LocalContainerEntityManagerFactoryBean : Closing JPA EntityManagerFactory for persistence unit 'default'
2023-06-02 15:51:59.373  INFO 8552 --- [    Test worker] com.zaxxer.hikari.HikariDataSource       : HikariPool-4 - Shutdown initiated...
2023-06-02 15:51:59.375  INFO 8552 --- [    Test worker] com.zaxxer.hikari.HikariDataSource       : HikariPool-4 - Shutdown completed.
]]></system-out>
  <system-err><![CDATA[]]></system-err>
</testsuite>
