<?xml version="1.0" encoding="UTF-8"?>
<testsuite name="com.uco.TrafficAgent.domain.service.user.ServiceFindListUserTest" tests="2" skipped="0" failures="0" errors="0" timestamp="2023-06-02T15:41:50" hostname="SANTIAGOP-CARDE" time="0.003">
  <properties/>
  <testcase name="noFindUser()" classname="com.uco.TrafficAgent.domain.service.user.ServiceFindListUserTest" time="0.002"/>
  <testcase name="findUserSuccessful()" classname="com.uco.TrafficAgent.domain.service.user.ServiceFindListUserTest" time="0.001"/>
  <system-out><![CDATA[]]></system-out>
  <system-err><![CDATA[]]></system-err>
</testsuite>
