<?xml version="1.0" encoding="UTF-8"?>
<testsuite name="com.uco.TrafficAgent.infrastructure.controller.report.comand.ComandReportTest" tests="1" skipped="0" failures="0" errors="0" timestamp="2023-06-02T15:42:01" hostname="SANTIAGOP-CARDE" time="0.051">
  <properties/>
  <testcase name="createReportSuccessful()" classname="com.uco.TrafficAgent.infrastructure.controller.report.comand.ComandReportTest" time="0.051"/>
  <system-out><![CDATA[2023-06-02 10:42:00.691  INFO 19400 --- [    Test worker] o.s.t.c.support.AbstractContextLoader    : Could not detect default resource locations for test class [com.uco.TrafficAgent.infrastructure.controller.report.comand.ComandReportTest]: no resource found for suffixes {-context.xml, Context.groovy}.
2023-06-02 10:42:00.694  INFO 19400 --- [    Test worker] .b.t.c.SpringBootTestContextBootstrapper : Loaded default TestExecutionListener class names from location [META-INF/spring.factories]: [org.springframework.boot.test.autoconfigure.restdocs.RestDocsTestExecutionListener, org.springframework.boot.test.autoconfigure.web.client.MockRestServiceServerResetTestExecutionListener, org.springframework.boot.test.autoconfigure.web.servlet.MockMvcPrintOnlyOnFailureTestExecutionListener, org.springframework.boot.test.autoconfigure.web.servlet.WebDriverTestExecutionListener, org.springframework.boot.test.autoconfigure.webservices.client.MockWebServiceServerTestExecutionListener, org.springframework.boot.test.mock.mockito.MockitoTestExecutionListener, org.springframework.boot.test.mock.mockito.ResetMocksTestExecutionListener, org.springframework.test.context.web.ServletTestExecutionListener, org.springframework.test.context.support.DirtiesContextBeforeModesTestExecutionListener, org.springframework.test.context.event.ApplicationEventsTestExecutionListener, org.springframework.test.context.support.DependencyInjectionTestExecutionListener, org.springframework.test.context.support.DirtiesContextTestExecutionListener, org.springframework.test.context.transaction.TransactionalTestExecutionListener, org.springframework.test.context.jdbc.SqlScriptsTestExecutionListener, org.springframework.test.context.event.EventPublishingTestExecutionListener]
2023-06-02 10:42:00.694  INFO 19400 --- [    Test worker] .b.t.c.SpringBootTestContextBootstrapper : Using TestExecutionListeners: [org.springframework.test.context.web.ServletTestExecutionListener@851fb4f, org.springframework.test.context.support.DirtiesContextBeforeModesTestExecutionListener@7f59df6, org.springframework.test.context.event.ApplicationEventsTestExecutionListener@77ca1338, org.springframework.boot.test.mock.mockito.MockitoTestExecutionListener@28602dc9, org.springframework.boot.test.autoconfigure.SpringBootDependencyInjectionTestExecutionListener@2f6c3009, org.springframework.test.context.support.DirtiesContextTestExecutionListener@4dd023f, org.springframework.test.context.transaction.TransactionalTestExecutionListener@2329924f, org.springframework.test.context.jdbc.SqlScriptsTestExecutionListener@a8efd86, org.springframework.test.context.event.EventPublishingTestExecutionListener@442c78a6, org.springframework.boot.test.autoconfigure.restdocs.RestDocsTestExecutionListener@288c56e6, org.springframework.boot.test.autoconfigure.web.client.MockRestServiceServerResetTestExecutionListener@47581252, org.springframework.boot.test.autoconfigure.web.servlet.MockMvcPrintOnlyOnFailureTestExecutionListener@3ac7a5f2, org.springframework.boot.test.autoconfigure.web.servlet.WebDriverTestExecutionListener@1d890344, org.springframework.boot.test.autoconfigure.webservices.client.MockWebServiceServerTestExecutionListener@57784d75, org.springframework.boot.test.mock.mockito.ResetMocksTestExecutionListener@50b50f4a]

  .   ____          _            __ _ _
 /\\ / ___'_ __ _ _(_)_ __  __ _ \ \ \ \
( ( )\___ | '_ | '_| | '_ \/ _` | \ \ \ \
 \\/  ___)| |_)| | | | | || (_| |  ) ) ) )
  '  |____| .__|_| |_|_| |_\__, | / / / /
 =========|_|==============|___/=/_/_/_/
 :: Spring Boot ::                (v2.6.3)

2023-06-02 10:42:00.712  INFO 19400 --- [    Test worker] c.u.T.i.c.r.comand.ComandReportTest      : Starting ComandReportTest using Java 18.0.2 on SANTIAGOP-CARDENAS with PID 19400 (started by santiago.cardenas in C:\Users\santiago.cardenas\Desktop\TrafficAgent\TrafficAgent)
2023-06-02 10:42:00.712  INFO 19400 --- [    Test worker] c.u.T.i.c.r.comand.ComandReportTest      : The following profiles are active: test
2023-06-02 10:42:00.903  INFO 19400 --- [    Test worker] .s.d.r.c.RepositoryConfigurationDelegate : Bootstrapping Spring Data JPA repositories in DEFAULT mode.
2023-06-02 10:42:00.961  INFO 19400 --- [    Test worker] .s.d.r.c.RepositoryConfigurationDelegate : Finished Spring Data repository scanning in 57 ms. Found 5 JPA repository interfaces.
2023-06-02 10:42:01.128  INFO 19400 --- [    Test worker] o.hibernate.jpa.internal.util.LogHelper  : HHH000204: Processing PersistenceUnitInfo [name: default]
2023-06-02 10:42:01.132  INFO 19400 --- [    Test worker] com.zaxxer.hikari.HikariDataSource       : HikariPool-5 - Starting...
2023-06-02 10:42:01.133  INFO 19400 --- [    Test worker] com.zaxxer.hikari.HikariDataSource       : HikariPool-5 - Start completed.
2023-06-02 10:42:01.133  INFO 19400 --- [    Test worker] org.hibernate.dialect.Dialect            : HHH000400: Using dialect: org.hibernate.dialect.H2Dialect
2023-06-02 10:42:01.208  INFO 19400 --- [    Test worker] o.h.e.t.j.p.i.JtaPlatformInitiator       : HHH000490: Using JtaPlatform implementation: [org.hibernate.engine.transaction.jta.platform.internal.NoJtaPlatform]
2023-06-02 10:42:01.208  INFO 19400 --- [    Test worker] j.LocalContainerEntityManagerFactoryBean : Initialized JPA EntityManagerFactory for persistence unit 'default'
2023-06-02 10:42:01.480  WARN 19400 --- [    Test worker] JpaBaseConfiguration$JpaWebConfiguration : spring.jpa.open-in-view is enabled by default. Therefore, database queries may be performed during view rendering. Explicitly configure spring.jpa.open-in-view to disable this warning
2023-06-02 10:42:01.639  INFO 19400 --- [    Test worker] o.s.b.t.m.w.SpringBootMockServletContext : Initializing Spring TestDispatcherServlet ''
2023-06-02 10:42:01.639  INFO 19400 --- [    Test worker] o.s.t.web.servlet.TestDispatcherServlet  : Initializing Servlet ''
2023-06-02 10:42:01.639  INFO 19400 --- [    Test worker] o.s.t.web.servlet.TestDispatcherServlet  : Completed initialization in 0 ms
2023-06-02 10:42:01.645  INFO 19400 --- [    Test worker] c.u.T.i.c.r.comand.ComandReportTest      : Started ComandReportTest in 0.948 seconds (JVM running for 16.734)
2023-06-02 10:42:01.657  INFO 19400 --- [    Test worker] c.u.T.i.aspect.LogExecutionAspect        : DtoResponse com.uco.TrafficAgent.infrastructure.repository.login.controller.ComandControllerLogin.login(DtoLogin) executed in 6ms
2023-06-02 10:42:01.696  INFO 19400 --- [    Test worker] j.LocalContainerEntityManagerFactoryBean : Closing JPA EntityManagerFactory for persistence unit 'default'
2023-06-02 10:42:01.697  INFO 19400 --- [    Test worker] com.zaxxer.hikari.HikariDataSource       : HikariPool-5 - Shutdown initiated...
2023-06-02 10:42:01.697  INFO 19400 --- [    Test worker] com.zaxxer.hikari.HikariDataSource       : HikariPool-5 - Shutdown completed.
]]></system-out>
  <system-err><![CDATA[]]></system-err>
</testsuite>
